{
    "arrivalrate": 10.0,
    "ins_name": 160,
    "ins_path": "/home/tusan/projects/def-roussea5/tusan/exp/2021_Oct/8linacs/lambda10.0/data",
    "lNoNewPatients": [
        296,
        1,
        110,
        110,
        75
    ],
    "lNoPatients": [
        509,
        1,
        123,
        232,
        153
    ],
    "lNoSections": [
        4026,
        2,
        331,
        2249,
        1444
    ],
    "mipgap": 1.0,
    "noLinacs": 8,
    "noSlotsPerDay": 120,
    "planningHorizon": 80,
    "runresult": {
        "feasibility": true,
        "lAvgLateDayByPriority": [
            1.2972972972972974,
            7.0,
            2.6545454545454548,
            0.7727272727272727,
            0.0
        ],
        "lAvgWaitDayByPriority": [
            10.337837837837839,
            7.0,
            4.890909090909091,
            13.536363636363637,
            13.68
        ],
        "lLateDayByPriority": [
            384,
            7,
            292,
            85,
            0
        ],
        "lWaitDayByPriority": [
            3060,
            7,
            538,
            1489,
            1026
        ],
        "objval": 20356.55272727273
    },
    "runtime": 20.45792245864868,
    "simdays": 30,
    "solver": "daily"
}