{
    "arrivalrate": 10.0,
    "ins_name": 194,
    "ins_path": "/home/tusan/projects/def-roussea5/tusan/exp/2021_Oct/8linacs/lambda10.0/data",
    "lNoNewPatients": [
        277,
        1,
        103,
        108,
        65
    ],
    "lNoPatients": [
        472,
        1,
        116,
        214,
        141
    ],
    "lNoSections": [
        3740,
        2,
        307,
        2188,
        1243
    ],
    "mipgap": 0.013697350585546513,
    "noLinacs": 8,
    "noSlotsPerDay": 120,
    "planningHorizon": 80,
    "runresult": {
        "feasibility": true,
        "lAvgLateDayByPriority": [
            0.0,
            0.0,
            0.0,
            0.0,
            0.0
        ],
        "lAvgWaitDayByPriority": [
            6.425992779783393,
            0.0,
            1.4951456310679612,
            9.231481481481481,
            9.676923076923076
        ],
        "lLateDayByPriority": [
            0,
            0,
            0,
            0,
            0
        ],
        "lWaitDayByPriority": [
            1780,
            0,
            154,
            997,
            629
        ],
        "objval": 20233.859860869085
    },
    "runtime": 30.144471883773804,
    "simdays": 30,
    "solver": "static"
}