{
    "arrivalrate": 10.0,
    "ins_name": 250,
    "ins_path": "/home/tusan/projects/def-roussea5/tusan/exp/2021_Oct/8linacs/lambda10.0/data",
    "lNoNewPatients": [
        347,
        1,
        129,
        132,
        85
    ],
    "lNoPatients": [
        535,
        1,
        143,
        233,
        158
    ],
    "lNoSections": [
        4705,
        2,
        375,
        2674,
        1654
    ],
    "mipgap": 0.0035494769401765987,
    "noLinacs": 8,
    "noSlotsPerDay": 120,
    "planningHorizon": 80,
    "runresult": {
        "feasibility": true,
        "lAvgLateDayByPriority": [
            0.04610951008645533,
            0.0,
            0.0,
            0.12121212121212122,
            0.0
        ],
        "lAvgWaitDayByPriority": [
            9.279538904899136,
            0.0,
            1.3643410852713178,
            12.098484848484848,
            17.023529411764706
        ],
        "lLateDayByPriority": [
            16,
            0,
            0,
            16,
            0
        ],
        "lWaitDayByPriority": [
            3220,
            0,
            176,
            1597,
            1447
        ],
        "objval": 20242.886637234176
    },
    "runtime": 220.9054970741272,
    "simdays": 30,
    "solver": "static"
}