{
    "arrivalrate": 6.0,
    "ins_name": 50,
    "ins_path": null,
    "lNoNewPatients": [
        163,
        2,
        67,
        55,
        39
    ],
    "lNoPatients": [
        330,
        2,
        77,
        158,
        93
    ],
    "lNoSections": [
        2232,
        11,
        203,
        1252,
        766
    ],
    "mipgap": 1.0,
    "noLinacs": 4,
    "noSlotsPerDay": 120,
    "planningHorizon": 80,
    "runresult": {
        "avg_occupancy": 47.27083333333334,
        "feasibility": true,
        "lAvgLateDayByPriority": [
            20.552147239263803,
            21.0,
            23.73134328358209,
            22.545454545454547,
            12.256410256410257
        ],
        "lAvgWaitDayByPriority": [
            32.515337423312886,
            21.0,
            26.35820895522388,
            35.63636363636363,
            39.282051282051285
        ],
        "lLateDayByPriority": [
            3350,
            42,
            1590,
            1240,
            478
        ],
        "lOccupancy": {
            "0": [
                0.0,
                0.0,
                0.0,
                0.0,
                0.0,
                0.0,
                0.0,
                0.0,
                0.0,
                1.25,
                0.0,
                0.0,
                0.0,
                0.0,
                0.0,
                0.0,
                0.0,
                0.0,
                0.0,
                0.0,
                0.0,
                0.0,
                0.0,
                0.0,
                0.0,
                0.0,
                0.0,
                0.0,
                0.0,
                0.0,
                0.0,
                0.0,
                0.0,
                0.0,
                0.0,
                0.0,
                0.0,
                0.0,
                0.0,
                0.0,
                0.0,
                0.0,
                0.0,
                0.0,
                0.0,
                0.0,
                0.0,
                0.0,
                0.0,
                0.0,
                0.0,
                1.0416666666666665,
                1.0416666666666665,
                1.0416666666666665,
                1.0416666666666665,
                1.0416666666666665,
                1.0416666666666665,
                1.0416666666666665,
                1.0416666666666665,
                1.0416666666666665,
                1.0416666666666665,
                0.0,
                0.0,
                0.0,
                0.0,
                0.0,
                0.0,
                0.0,
                0.0,
                0.0,
                0.0,
                0.0,
                0.0,
                0.0,
                0.0,
                0.0,
                0.0,
                0.0,
                0.0,
                0.0,
                0.0,
                0.0,
                0.0,
                0.0,
                0.0,
                0.0,
                0.0,
                0.0,
                0.0,
                0.0,
                0.0,
                0.0,
                0.0,
                0.0,
                0.0,
                0.0,
                0.0,
                0.0,
                0.0,
                0.0,
                0.0,
                0.0,
                0.0,
                0.0,
                0.0,
                0.0,
                0.0,
                0.0,
                0.0,
                0.0,
                0.0,
                0.0,
                0.0,
                0.0,
                0.0,
                0.0,
                0.0,
                0.0,
                0.0,
                0.0,
                0.0,
                0.0,
                0.0,
                0.0,
                0.0,
                0.0,
                0.0,
                0.0,
                0.0,
                0.0,
                0.0,
                0.0,
                0.0,
                0.0,
                0.0,
                0.0,
                0.0,
                0.0,
                0.0,
                0.0,
                0.0,
                0.0,
                0.0,
                0.0,
                0.0,
                0.0,
                0.0,
                0.0,
                0.0,
                0.0
            ],
            "1": [
                8.958333333333334,
                14.374999999999998,
                6.875000000000001,
                8.333333333333332,
                7.291666666666667,
                8.333333333333332,
                6.041666666666667,
                7.291666666666667,
                7.708333333333334,
                4.791666666666667,
                5.208333333333334,
                0.0,
                0.0,
                0.0,
                0.0,
                0.0,
                0.0,
                1.875,
                0.0,
                1.25,
                0.0,
                1.25,
                0.0,
                0.0,
                1.0416666666666665,
                1.0416666666666665,
                1.0416666666666665,
                2.2916666666666665,
                2.2916666666666665,
                1.0416666666666665,
                1.25,
                1.875,
                0.0,
                3.125,
                7.291666666666667,
                10.416666666666668,
                7.5,
                3.125,
                3.125,
                1.6666666666666667,
                9.791666666666666,
                12.916666666666668,
                7.916666666666666,
                10.0,
                13.333333333333334,
                13.958333333333334,
                10.208333333333334,
                10.208333333333334,
                11.875,
                14.166666666666666,
                16.875,
                18.541666666666668,
                16.041666666666668,
                14.374999999999998,
                12.5,
                13.958333333333334,
                6.875000000000001,
                3.958333333333333,
                3.958333333333333,
                2.9166666666666665,
                0.0,
                0.0,
                0.0,
                0.0,
                0.0,
                0.0,
                0.0,
                0.0,
                0.0,
                0.0,
                0.0,
                0.0,
                0.0,
                0.0,
                0.0,
                0.0,
                0.0,
                0.0,
                0.0,
                0.0,
                0.0,
                0.0,
                0.0,
                0.0,
                0.0,
                0.0,
                0.0,
                0.0,
                0.0,
                0.0,
                0.0,
                0.0,
                0.0,
                0.0,
                0.0,
                0.0,
                0.0,
                0.0,
                0.0,
                0.0,
                0.0,
                0.0,
                0.0,
                0.0,
                0.0,
                0.0,
                0.0,
                0.0,
                0.0,
                0.0,
                0.0,
                0.0,
                0.0,
                0.0,
                0.0,
                0.0,
                0.0,
                0.0,
                0.0,
                0.0,
                0.0,
                0.0,
                0.0,
                0.0,
                0.0,
                0.0,
                0.0,
                0.0,
                0.0,
                0.0,
                0.0,
                0.0,
                0.0,
                0.0,
                0.0,
                0.0,
                0.0,
                0.0,
                0.0,
                0.0,
                0.0,
                0.0,
                0.0,
                0.0,
                0.0,
                0.0,
                0.0,
                0.0,
                0.0,
                0.0
            ],
            "2": [
                68.33333333333333,
                69.16666666666667,
                68.54166666666667,
                68.125,
                66.25,
                65.625,
                64.16666666666667,
                60.416666666666664,
                58.333333333333336,
                59.791666666666664,
                57.70833333333333,
                62.291666666666664,
                60.83333333333333,
                61.875,
                61.458333333333336,
                61.66666666666667,
                60.83333333333333,
                57.91666666666667,
                56.041666666666664,
                56.458333333333336,
                57.91666666666667,
                61.04166666666667,
                61.04166666666667,
                60.0,
                57.91666666666667,
                57.91666666666667,
                57.291666666666664,
                57.291666666666664,
                57.291666666666664,
                59.166666666666664,
                58.75,
                62.291666666666664,
                65.83333333333333,
                57.70833333333333,
                52.916666666666664,
                51.45833333333333,
                56.458333333333336,
                61.875,
                63.541666666666664,
                64.58333333333334,
                58.75,
                57.49999999999999,
                61.04166666666667,
                60.83333333333333,
                60.83333333333333,
                61.04166666666667,
                62.5,
                57.291666666666664,
                59.166666666666664,
                58.12500000000001,
                54.79166666666667,
                52.916666666666664,
                53.75,
                53.541666666666664,
                56.458333333333336,
                53.541666666666664,
                57.70833333333333,
                56.25,
                56.25,
                57.08333333333333,
                55.625,
                49.166666666666664,
                47.5,
                47.5,
                42.70833333333333,
                39.58333333333333,
                36.45833333333333,
                33.33333333333333,
                33.33333333333333,
                33.33333333333333,
                28.333333333333332,
                21.875,
                21.875,
                21.875,
                18.541666666666668,
                18.541666666666668,
                16.875,
                16.875,
                15.625,
                13.958333333333334,
                13.958333333333334,
                13.958333333333334,
                13.958333333333334,
                13.958333333333334,
                13.958333333333334,
                11.458333333333332,
                7.708333333333334,
                3.5416666666666665,
                3.5416666666666665,
                2.2916666666666665,
                2.2916666666666665,
                2.2916666666666665,
                0.0,
                0.0,
                0.0,
                0.0,
                0.0,
                0.0,
                0.0,
                0.0,
                0.0,
                0.0,
                0.0,
                0.0,
                0.0,
                0.0,
                0.0,
                0.0,
                0.0,
                0.0,
                0.0,
                0.0,
                0.0,
                0.0,
                0.0,
                0.0,
                0.0,
                0.0,
                0.0,
                0.0,
                0.0,
                0.0,
                0.0,
                0.0,
                0.0,
                0.0,
                0.0,
                0.0,
                0.0,
                0.0,
                0.0,
                0.0,
                0.0,
                0.0,
                0.0,
                0.0,
                0.0,
                0.0,
                0.0,
                0.0,
                0.0,
                0.0,
                0.0,
                0.0,
                0.0,
                0.0,
                0.0,
                0.0,
                0.0,
                0.0
            ],
            "3": [
                15.416666666666668,
                15.416666666666668,
                15.416666666666668,
                15.416666666666668,
                16.875,
                18.333333333333332,
                24.166666666666668,
                31.458333333333332,
                32.916666666666664,
                32.916666666666664,
                36.25,
                36.25,
                36.875,
                36.25,
                36.25,
                36.25,
                37.291666666666664,
                38.75,
                42.083333333333336,
                40.625,
                40.208333333333336,
                36.875,
                37.291666666666664,
                38.958333333333336,
                40.208333333333336,
                40.208333333333336,
                39.791666666666664,
                39.791666666666664,
                39.791666666666664,
                38.333333333333336,
                38.333333333333336,
                34.375,
                31.458333333333332,
                36.875,
                38.958333333333336,
                37.083333333333336,
                35.41666666666667,
                32.916666666666664,
                31.666666666666664,
                30.833333333333336,
                29.375,
                27.916666666666668,
                29.375,
                28.333333333333332,
                24.791666666666668,
                24.791666666666668,
                25.624999999999996,
                30.833333333333336,
                27.708333333333336,
                26.666666666666668,
                26.666666666666668,
                25.833333333333336,
                27.291666666666664,
                30.833333333333336,
                29.791666666666668,
                30.833333333333336,
                32.708333333333336,
                38.125,
                37.708333333333336,
                37.708333333333336,
                37.708333333333336,
                33.541666666666664,
                31.458333333333332,
                31.458333333333332,
                31.458333333333332,
                31.458333333333332,
                26.041666666666668,
                26.041666666666668,
                26.041666666666668,
                24.375,
                24.375,
                21.875,
                18.75,
                18.75,
                18.75,
                17.5,
                14.374999999999998,
                11.041666666666666,
                8.541666666666666,
                6.458333333333334,
                6.458333333333334,
                6.458333333333334,
                6.458333333333334,
                4.166666666666666,
                4.166666666666666,
                2.083333333333333,
                2.083333333333333,
                2.083333333333333,
                1.0416666666666665,
                1.0416666666666665,
                0.0,
                0.0,
                0.0,
                0.0,
                0.0,
                0.0,
                0.0,
                0.0,
                0.0,
                0.0,
                0.0,
                0.0,
                0.0,
                0.0,
                0.0,
                0.0,
                0.0,
                0.0,
                0.0,
                0.0,
                0.0,
                0.0,
                0.0,
                0.0,
                0.0,
                0.0,
                0.0,
                0.0,
                0.0,
                0.0,
                0.0,
                0.0,
                0.0,
                0.0,
                0.0,
                0.0,
                0.0,
                0.0,
                0.0,
                0.0,
                0.0,
                0.0,
                0.0,
                0.0,
                0.0,
                0.0,
                0.0,
                0.0,
                0.0,
                0.0,
                0.0,
                0.0,
                0.0,
                0.0,
                0.0,
                0.0,
                0.0,
                0.0,
                0.0,
                0.0
            ],
            "overall": [
                92.70833333333333,
                98.95833333333334,
                90.83333333333334,
                91.875,
                90.41666666666667,
                92.29166666666666,
                94.37500000000001,
                99.16666666666666,
                98.95833333333334,
                98.75,
                99.16666666666666,
                98.54166666666666,
                97.70833333333333,
                98.125,
                97.70833333333334,
                97.91666666666667,
                98.125,
                98.54166666666667,
                98.125,
                98.33333333333334,
                98.125,
                99.16666666666667,
                98.33333333333334,
                98.95833333333334,
                99.16666666666667,
                99.16666666666667,
                98.125,
                99.375,
                99.375,
                98.54166666666666,
                98.33333333333334,
                98.54166666666666,
                97.29166666666666,
                97.70833333333333,
                99.16666666666666,
                98.95833333333334,
                99.375,
                97.91666666666666,
                98.33333333333331,
                97.08333333333334,
                97.91666666666667,
                98.33333333333333,
                98.33333333333334,
                99.16666666666666,
                98.95833333333333,
                99.79166666666667,
                98.33333333333333,
                98.33333333333334,
                98.75,
                98.95833333333334,
                98.33333333333334,
                98.33333333333334,
                98.125,
                99.79166666666666,
                99.79166666666667,
                99.375,
                98.33333333333334,
                99.375,
                98.95833333333334,
                98.75,
                94.375,
                82.70833333333333,
                78.95833333333333,
                78.95833333333333,
                74.16666666666666,
                71.04166666666666,
                62.5,
                59.375,
                59.375,
                57.70833333333333,
                52.70833333333333,
                43.75,
                40.625,
                40.625,
                37.29166666666667,
                36.04166666666667,
                31.25,
                27.916666666666664,
                24.166666666666664,
                20.416666666666668,
                20.416666666666668,
                20.416666666666668,
                20.416666666666668,
                18.125,
                18.125,
                13.541666666666664,
                9.791666666666668,
                5.625,
                4.583333333333333,
                3.333333333333333,
                2.2916666666666665,
                2.2916666666666665,
                0.0,
                0.0,
                0.0,
                0.0,
                0.0,
                0.0,
                0.0,
                0.0,
                0.0,
                0.0,
                0.0,
                0.0,
                0.0,
                0.0,
                0.0,
                0.0,
                0.0,
                0.0,
                0.0,
                0.0,
                0.0,
                0.0,
                0.0,
                0.0,
                0.0,
                0.0,
                0.0,
                0.0,
                0.0,
                0.0,
                0.0,
                0.0,
                0.0,
                0.0,
                0.0,
                0.0,
                0.0,
                0.0,
                0.0,
                0.0,
                0.0,
                0.0,
                0.0,
                0.0,
                0.0,
                0.0,
                0.0,
                0.0,
                0.0,
                0.0,
                0.0,
                0.0,
                0.0,
                0.0,
                0.0,
                0.0,
                0.0,
                0.0
            ]
        },
        "lWaitAndOverdue": [
            [
                0,
                4,
                31,
                3
            ],
            [
                0,
                3,
                7,
                0
            ],
            [
                1,
                3,
                8,
                0
            ],
            [
                1,
                3,
                7,
                0
            ],
            [
                1,
                2,
                2,
                0
            ],
            [
                1,
                3,
                7,
                0
            ],
            [
                1,
                3,
                8,
                0
            ],
            [
                1,
                2,
                0,
                0
            ],
            [
                1,
                2,
                0,
                0
            ],
            [
                1,
                3,
                17,
                3
            ],
            [
                1,
                3,
                17,
                3
            ],
            [
                1,
                3,
                7,
                0
            ],
            [
                2,
                3,
                20,
                6
            ],
            [
                2,
                2,
                2,
                0
            ],
            [
                3,
                2,
                0,
                0
            ],
            [
                3,
                2,
                1,
                0
            ],
            [
                4,
                4,
                41,
                13
            ],
            [
                4,
                2,
                3,
                0
            ],
            [
                4,
                3,
                11,
                0
            ],
            [
                4,
                4,
                12,
                0
            ],
            [
                4,
                2,
                4,
                0
            ],
            [
                4,
                3,
                7,
                0
            ],
            [
                4,
                2,
                3,
                0
            ],
            [
                5,
                3,
                46,
                32
            ],
            [
                5,
                3,
                46,
                32
            ],
            [
                5,
                2,
                2,
                0
            ],
            [
                5,
                4,
                17,
                0
            ],
            [
                5,
                3,
                43,
                29
            ],
            [
                5,
                2,
                1,
                0
            ],
            [
                6,
                4,
                45,
                17
            ],
            [
                6,
                3,
                43,
                29
            ],
            [
                6,
                3,
                43,
                29
            ],
            [
                6,
                3,
                43,
                29
            ],
            [
                6,
                3,
                42,
                28
            ],
            [
                6,
                3,
                44,
                30
            ],
            [
                6,
                3,
                41,
                27
            ],
            [
                6,
                2,
                2,
                0
            ],
            [
                6,
                2,
                37,
                35
            ],
            [
                7,
                2,
                36,
                34
            ],
            [
                7,
                2,
                37,
                35
            ],
            [
                7,
                2,
                1,
                0
            ],
            [
                7,
                1,
                2,
                2
            ],
            [
                7,
                4,
                41,
                13
            ],
            [
                7,
                3,
                42,
                28
            ],
            [
                7,
                3,
                41,
                27
            ],
            [
                7,
                2,
                5,
                3
            ],
            [
                7,
                4,
                37,
                9
            ],
            [
                8,
                3,
                41,
                27
            ],
            [
                8,
                3,
                41,
                27
            ],
            [
                8,
                2,
                4,
                0
            ],
            [
                8,
                3,
                40,
                26
            ],
            [
                8,
                2,
                36,
                32
            ],
            [
                8,
                2,
                4,
                0
            ],
            [
                9,
                2,
                3,
                0
            ],
            [
                9,
                3,
                41,
                27
            ],
            [
                9,
                4,
                35,
                7
            ],
            [
                9,
                3,
                38,
                24
            ],
            [
                9,
                2,
                38,
                34
            ],
            [
                9,
                2,
                12,
                8
            ],
            [
                9,
                3,
                39,
                25
            ],
            [
                9,
                4,
                17,
                0
            ],
            [
                10,
                2,
                29,
                27
            ],
            [
                10,
                3,
                43,
                29
            ],
            [
                10,
                2,
                18,
                16
            ],
            [
                10,
                2,
                39,
                37
            ],
            [
                11,
                2,
                42,
                40
            ],
            [
                11,
                2,
                41,
                39
            ],
            [
                11,
                2,
                41,
                39
            ],
            [
                12,
                2,
                40,
                38
            ],
            [
                12,
                2,
                21,
                19
            ],
            [
                13,
                4,
                41,
                13
            ],
            [
                13,
                2,
                8,
                4
            ],
            [
                13,
                4,
                41,
                13
            ],
            [
                13,
                3,
                41,
                27
            ],
            [
                13,
                4,
                41,
                13
            ],
            [
                13,
                2,
                39,
                35
            ],
            [
                14,
                2,
                11,
                7
            ],
            [
                14,
                2,
                39,
                35
            ],
            [
                14,
                4,
                40,
                12
            ],
            [
                14,
                3,
                40,
                26
            ],
            [
                14,
                2,
                24,
                20
            ],
            [
                14,
                3,
                40,
                26
            ],
            [
                14,
                3,
                41,
                27
            ],
            [
                15,
                3,
                43,
                29
            ],
            [
                15,
                4,
                44,
                16
            ],
            [
                15,
                3,
                43,
                29
            ],
            [
                15,
                4,
                44,
                16
            ],
            [
                16,
                3,
                41,
                27
            ],
            [
                16,
                2,
                37,
                35
            ],
            [
                16,
                2,
                37,
                35
            ],
            [
                16,
                4,
                43,
                15
            ],
            [
                16,
                3,
                44,
                30
            ],
            [
                16,
                2,
                38,
                36
            ],
            [
                16,
                2,
                38,
                36
            ],
            [
                16,
                2,
                38,
                36
            ],
            [
                16,
                3,
                41,
                27
            ],
            [
                17,
                4,
                41,
                13
            ],
            [
                17,
                2,
                40,
                38
            ],
            [
                17,
                2,
                40,
                38
            ],
            [
                17,
                3,
                40,
                26
            ],
            [
                17,
                2,
                40,
                38
            ],
            [
                19,
                2,
                35,
                31
            ],
            [
                19,
                3,
                39,
                25
            ],
            [
                19,
                3,
                40,
                26
            ],
            [
                19,
                4,
                39,
                11
            ],
            [
                19,
                4,
                39,
                11
            ],
            [
                19,
                3,
                39,
                25
            ],
            [
                20,
                3,
                44,
                30
            ],
            [
                20,
                2,
                38,
                36
            ],
            [
                20,
                3,
                44,
                30
            ],
            [
                21,
                2,
                38,
                36
            ],
            [
                21,
                4,
                44,
                16
            ],
            [
                21,
                2,
                38,
                36
            ],
            [
                21,
                2,
                41,
                39
            ],
            [
                21,
                2,
                41,
                39
            ],
            [
                21,
                2,
                21,
                19
            ],
            [
                21,
                4,
                43,
                15
            ],
            [
                21,
                4,
                43,
                15
            ],
            [
                22,
                4,
                43,
                15
            ],
            [
                22,
                4,
                42,
                14
            ],
            [
                22,
                3,
                42,
                28
            ],
            [
                22,
                2,
                34,
                32
            ],
            [
                22,
                3,
                43,
                29
            ],
            [
                22,
                2,
                37,
                35
            ],
            [
                23,
                2,
                39,
                35
            ],
            [
                23,
                3,
                41,
                27
            ],
            [
                23,
                2,
                40,
                36
            ],
            [
                23,
                2,
                39,
                35
            ],
            [
                23,
                2,
                40,
                36
            ],
            [
                23,
                1,
                40,
                40
            ],
            [
                23,
                2,
                41,
                37
            ],
            [
                23,
                2,
                41,
                37
            ],
            [
                24,
                3,
                42,
                28
            ],
            [
                24,
                3,
                45,
                31
            ],
            [
                24,
                4,
                39,
                11
            ],
            [
                24,
                3,
                42,
                28
            ],
            [
                24,
                2,
                7,
                3
            ],
            [
                24,
                4,
                41,
                13
            ],
            [
                25,
                4,
                43,
                15
            ],
            [
                25,
                2,
                35,
                33
            ],
            [
                25,
                4,
                43,
                15
            ],
            [
                25,
                4,
                44,
                16
            ],
            [
                25,
                4,
                43,
                15
            ],
            [
                25,
                3,
                43,
                29
            ],
            [
                25,
                4,
                42,
                14
            ],
            [
                26,
                3,
                42,
                28
            ],
            [
                26,
                3,
                42,
                28
            ],
            [
                26,
                4,
                42,
                14
            ],
            [
                26,
                4,
                43,
                15
            ],
            [
                26,
                3,
                45,
                31
            ],
            [
                27,
                2,
                40,
                38
            ],
            [
                28,
                2,
                39,
                35
            ],
            [
                28,
                3,
                40,
                26
            ],
            [
                28,
                4,
                41,
                13
            ],
            [
                28,
                4,
                41,
                13
            ],
            [
                28,
                4,
                43,
                15
            ],
            [
                28,
                4,
                41,
                13
            ],
            [
                29,
                2,
                38,
                34
            ],
            [
                29,
                2,
                35,
                31
            ],
            [
                29,
                4,
                41,
                13
            ],
            [
                29,
                2,
                38,
                34
            ],
            [
                29,
                4,
                41,
                13
            ],
            [
                29,
                2,
                38,
                34
            ]
        ],
        "lWaitDayByPriority": [
            5300,
            42,
            1766,
            1960,
            1532
        ],
        "objval": 2828.0337125561005,
        "std_occupancy": 45.432997509865906
    },
    "runtime": 4.359426498413086,
    "simdays": 150,
    "solver": "weekly"
}