{
    "arrivalrate": 6.0,
    "ins_name": 60,
    "ins_path": null,
    "lNoNewPatients": [
        184,
        2,
        77,
        60,
        45
    ],
    "lNoPatients": [
        355,
        2,
        84,
        169,
        100
    ],
    "lNoSections": [
        2415,
        11,
        241,
        1329,
        834
    ],
    "mipgap": 1.0,
    "noLinacs": 4,
    "noSlotsPerDay": 120,
    "planningHorizon": 80,
    "runresult": {
        "avg_occupancy": 50.31944444444445,
        "feasibility": true,
        "lAvgLateDayByPriority": [
            26.494565217391305,
            24.0,
            30.571428571428573,
            27.716666666666665,
            18.0
        ],
        "lAvgWaitDayByPriority": [
            38.51086956521739,
            24.0,
            33.285714285714285,
            41.0,
            44.77777777777778
        ],
        "lLateDayByPriority": [
            4875,
            48,
            2354,
            1663,
            810
        ],
        "lOccupancy": {
            "0": [
                0.0,
                0.0,
                0.0,
                0.0,
                1.25,
                0.0,
                0.0,
                0.0,
                0.0,
                0.0,
                0.0,
                0.0,
                0.0,
                0.0,
                0.0,
                0.0,
                0.0,
                0.0,
                0.0,
                0.0,
                0.0,
                0.0,
                0.0,
                0.0,
                0.0,
                0.0,
                0.0,
                0.0,
                0.0,
                0.0,
                0.0,
                0.0,
                0.0,
                0.0,
                0.0,
                0.0,
                0.0,
                0.0,
                0.0,
                0.0,
                0.0,
                0.0,
                0.0,
                0.0,
                0.0,
                0.0,
                0.0,
                0.0,
                0.0,
                0.0,
                0.0,
                0.0,
                0.0,
                1.0416666666666665,
                1.0416666666666665,
                1.0416666666666665,
                1.0416666666666665,
                1.0416666666666665,
                1.0416666666666665,
                1.0416666666666665,
                1.0416666666666665,
                1.0416666666666665,
                1.0416666666666665,
                0.0,
                0.0,
                0.0,
                0.0,
                0.0,
                0.0,
                0.0,
                0.0,
                0.0,
                0.0,
                0.0,
                0.0,
                0.0,
                0.0,
                0.0,
                0.0,
                0.0,
                0.0,
                0.0,
                0.0,
                0.0,
                0.0,
                0.0,
                0.0,
                0.0,
                0.0,
                0.0,
                0.0,
                0.0,
                0.0,
                0.0,
                0.0,
                0.0,
                0.0,
                0.0,
                0.0,
                0.0,
                0.0,
                0.0,
                0.0,
                0.0,
                0.0,
                0.0,
                0.0,
                0.0,
                0.0,
                0.0,
                0.0,
                0.0,
                0.0,
                0.0,
                0.0,
                0.0,
                0.0,
                0.0,
                0.0,
                0.0,
                0.0,
                0.0,
                0.0,
                0.0,
                0.0,
                0.0,
                0.0,
                0.0,
                0.0,
                0.0,
                0.0,
                0.0,
                0.0,
                0.0,
                0.0,
                0.0,
                0.0,
                0.0,
                0.0,
                0.0,
                0.0,
                0.0,
                0.0,
                0.0,
                0.0,
                0.0,
                0.0,
                0.0,
                0.0,
                0.0
            ],
            "1": [
                6.875000000000001,
                9.791666666666666,
                14.791666666666666,
                11.25,
                8.75,
                10.833333333333334,
                10.208333333333334,
                9.583333333333334,
                1.4583333333333333,
                1.4583333333333333,
                0.0,
                1.875,
                0.0,
                0.0,
                0.0,
                1.875,
                1.25,
                1.25,
                1.25,
                0.0,
                0.0,
                0.0,
                1.0416666666666665,
                0.0,
                0.0,
                1.25,
                1.25,
                3.125,
                0.0,
                0.0,
                0.0,
                1.25,
                1.25,
                0.0,
                0.0,
                0.0,
                0.0,
                1.4583333333333333,
                3.125,
                6.25,
                12.291666666666666,
                14.166666666666666,
                12.083333333333334,
                7.708333333333334,
                7.708333333333334,
                6.666666666666667,
                15.208333333333332,
                10.833333333333334,
                10.833333333333334,
                10.833333333333334,
                10.833333333333334,
                15.833333333333332,
                12.291666666666666,
                12.291666666666666,
                13.750000000000002,
                13.750000000000002,
                14.791666666666666,
                7.916666666666666,
                4.583333333333333,
                4.583333333333333,
                4.166666666666666,
                5.208333333333334,
                5.208333333333334,
                5.0,
                4.791666666666667,
                12.083333333333334,
                11.875,
                6.875000000000001,
                6.875000000000001,
                6.875000000000001,
                2.7083333333333335,
                1.0416666666666665,
                1.0416666666666665,
                1.0416666666666665,
                1.0416666666666665,
                0.0,
                0.0,
                0.0,
                0.0,
                0.0,
                0.0,
                0.0,
                0.0,
                0.0,
                0.0,
                0.0,
                0.0,
                0.0,
                0.0,
                0.0,
                0.0,
                0.0,
                0.0,
                0.0,
                0.0,
                0.0,
                0.0,
                0.0,
                0.0,
                0.0,
                0.0,
                0.0,
                0.0,
                0.0,
                0.0,
                0.0,
                0.0,
                0.0,
                0.0,
                0.0,
                0.0,
                0.0,
                0.0,
                0.0,
                0.0,
                0.0,
                0.0,
                0.0,
                0.0,
                0.0,
                0.0,
                0.0,
                0.0,
                0.0,
                0.0,
                0.0,
                0.0,
                0.0,
                0.0,
                0.0,
                0.0,
                0.0,
                0.0,
                0.0,
                0.0,
                0.0,
                0.0,
                0.0,
                0.0,
                0.0,
                0.0,
                0.0,
                0.0,
                0.0,
                0.0,
                0.0,
                0.0,
                0.0,
                0.0,
                0.0
            ],
            "2": [
                67.08333333333333,
                66.25,
                66.45833333333333,
                66.66666666666666,
                68.125,
                68.33333333333333,
                69.16666666666667,
                64.16666666666667,
                65.83333333333333,
                63.541666666666664,
                63.95833333333333,
                59.166666666666664,
                59.166666666666664,
                57.70833333333333,
                57.291666666666664,
                58.12500000000001,
                59.166666666666664,
                59.166666666666664,
                59.375,
                55.41666666666667,
                55.00000000000001,
                56.875,
                59.583333333333336,
                57.91666666666667,
                60.62499999999999,
                58.75,
                56.875,
                56.041666666666664,
                61.66666666666667,
                61.66666666666667,
                59.583333333333336,
                56.041666666666664,
                59.166666666666664,
                60.0,
                57.49999999999999,
                59.166666666666664,
                61.25000000000001,
                58.54166666666667,
                61.875,
                63.541666666666664,
                56.666666666666664,
                53.75,
                59.166666666666664,
                62.916666666666664,
                63.125,
                64.16666666666667,
                55.833333333333336,
                59.375,
                62.291666666666664,
                62.291666666666664,
                60.416666666666664,
                55.41666666666667,
                57.91666666666667,
                56.041666666666664,
                56.041666666666664,
                54.58333333333333,
                54.79166666666667,
                56.041666666666664,
                58.54166666666667,
                59.791666666666664,
                56.875,
                55.208333333333336,
                58.958333333333336,
                58.333333333333336,
                59.583333333333336,
                50.416666666666664,
                47.5,
                45.83333333333333,
                41.041666666666664,
                38.125,
                38.125,
                31.458333333333332,
                26.458333333333332,
                25.0,
                25.0,
                23.333333333333332,
                23.333333333333332,
                23.333333333333332,
                22.083333333333332,
                22.083333333333332,
                22.083333333333332,
                19.166666666666668,
                19.166666666666668,
                18.125,
                18.125,
                15.625,
                15.625,
                14.374999999999998,
                11.875,
                7.708333333333334,
                6.458333333333334,
                4.166666666666666,
                4.166666666666666,
                4.166666666666666,
                2.9166666666666665,
                2.9166666666666665,
                1.25,
                1.25,
                0.0,
                0.0,
                0.0,
                0.0,
                0.0,
                0.0,
                0.0,
                0.0,
                0.0,
                0.0,
                0.0,
                0.0,
                0.0,
                0.0,
                0.0,
                0.0,
                0.0,
                0.0,
                0.0,
                0.0,
                0.0,
                0.0,
                0.0,
                0.0,
                0.0,
                0.0,
                0.0,
                0.0,
                0.0,
                0.0,
                0.0,
                0.0,
                0.0,
                0.0,
                0.0,
                0.0,
                0.0,
                0.0,
                0.0,
                0.0,
                0.0,
                0.0,
                0.0,
                0.0,
                0.0,
                0.0,
                0.0,
                0.0,
                0.0,
                0.0,
                0.0,
                0.0
            ],
            "3": [
                15.416666666666668,
                15.416666666666668,
                15.416666666666668,
                16.666666666666664,
                15.625,
                18.541666666666668,
                18.541666666666668,
                24.166666666666668,
                30.0,
                32.916666666666664,
                34.375,
                37.5,
                40.416666666666664,
                40.416666666666664,
                40.208333333333336,
                38.333333333333336,
                38.333333333333336,
                38.333333333333336,
                38.333333333333336,
                43.125,
                42.70833333333333,
                41.458333333333336,
                38.54166666666667,
                40.625,
                38.75,
                38.75,
                40.208333333333336,
                39.375,
                36.666666666666664,
                36.666666666666664,
                38.125,
                41.25,
                37.5,
                38.958333333333336,
                40.0,
                38.54166666666667,
                37.708333333333336,
                38.75,
                33.958333333333336,
                29.166666666666668,
                28.749999999999996,
                30.833333333333336,
                27.708333333333336,
                27.708333333333336,
                27.708333333333336,
                28.125,
                27.916666666666668,
                27.916666666666668,
                25.624999999999996,
                25.624999999999996,
                27.916666666666668,
                26.875,
                27.708333333333336,
                28.749999999999996,
                27.083333333333332,
                28.958333333333336,
                28.125,
                33.541666666666664,
                33.75,
                32.29166666666667,
                36.45833333333333,
                36.45833333333333,
                34.375,
                35.833333333333336,
                34.375,
                36.041666666666664,
                37.083333333333336,
                32.29166666666667,
                28.958333333333336,
                28.958333333333336,
                27.708333333333336,
                26.25,
                26.25,
                25.0,
                25.0,
                23.75,
                21.458333333333332,
                18.125,
                16.458333333333332,
                15.416666666666668,
                9.791666666666666,
                8.75,
                8.75,
                6.666666666666667,
                6.666666666666667,
                5.625,
                4.375,
                4.375,
                4.375,
                4.375,
                0.0,
                0.0,
                0.0,
                0.0,
                0.0,
                0.0,
                0.0,
                0.0,
                0.0,
                0.0,
                0.0,
                0.0,
                0.0,
                0.0,
                0.0,
                0.0,
                0.0,
                0.0,
                0.0,
                0.0,
                0.0,
                0.0,
                0.0,
                0.0,
                0.0,
                0.0,
                0.0,
                0.0,
                0.0,
                0.0,
                0.0,
                0.0,
                0.0,
                0.0,
                0.0,
                0.0,
                0.0,
                0.0,
                0.0,
                0.0,
                0.0,
                0.0,
                0.0,
                0.0,
                0.0,
                0.0,
                0.0,
                0.0,
                0.0,
                0.0,
                0.0,
                0.0,
                0.0,
                0.0,
                0.0,
                0.0,
                0.0,
                0.0,
                0.0,
                0.0
            ],
            "overall": [
                89.375,
                91.45833333333334,
                96.66666666666667,
                94.58333333333331,
                93.75,
                97.70833333333333,
                97.91666666666667,
                97.91666666666667,
                97.29166666666666,
                97.91666666666666,
                98.33333333333333,
                98.54166666666666,
                99.58333333333333,
                98.125,
                97.5,
                98.33333333333334,
                98.75,
                98.75,
                98.95833333333334,
                98.54166666666667,
                97.70833333333334,
                98.33333333333334,
                99.16666666666667,
                98.54166666666667,
                99.375,
                98.75,
                98.33333333333334,
                98.54166666666666,
                98.33333333333334,
                98.33333333333334,
                97.70833333333334,
                98.54166666666666,
                97.91666666666666,
                98.95833333333334,
                97.5,
                97.70833333333334,
                98.95833333333334,
                98.75,
                98.95833333333334,
                98.95833333333333,
                97.70833333333333,
                98.75,
                98.95833333333334,
                98.33333333333334,
                98.54166666666666,
                98.95833333333334,
                98.95833333333334,
                98.125,
                98.75,
                98.75,
                99.16666666666667,
                98.125,
                97.91666666666669,
                98.125,
                97.91666666666666,
                98.33333333333334,
                98.75,
                98.54166666666666,
                97.91666666666667,
                97.70833333333333,
                98.54166666666666,
                97.91666666666666,
                99.58333333333334,
                99.16666666666667,
                98.75,
                98.54166666666666,
                96.45833333333334,
                85.0,
                76.875,
                73.95833333333334,
                68.54166666666667,
                58.75,
                53.75,
                51.04166666666667,
                51.04166666666667,
                47.08333333333333,
                44.791666666666664,
                41.45833333333333,
                38.541666666666664,
                37.5,
                31.875,
                27.916666666666668,
                27.916666666666668,
                24.791666666666668,
                24.791666666666668,
                21.25,
                20.0,
                18.75,
                16.25,
                12.083333333333334,
                6.458333333333334,
                4.166666666666666,
                4.166666666666666,
                4.166666666666666,
                2.9166666666666665,
                2.9166666666666665,
                1.25,
                1.25,
                0.0,
                0.0,
                0.0,
                0.0,
                0.0,
                0.0,
                0.0,
                0.0,
                0.0,
                0.0,
                0.0,
                0.0,
                0.0,
                0.0,
                0.0,
                0.0,
                0.0,
                0.0,
                0.0,
                0.0,
                0.0,
                0.0,
                0.0,
                0.0,
                0.0,
                0.0,
                0.0,
                0.0,
                0.0,
                0.0,
                0.0,
                0.0,
                0.0,
                0.0,
                0.0,
                0.0,
                0.0,
                0.0,
                0.0,
                0.0,
                0.0,
                0.0,
                0.0,
                0.0,
                0.0,
                0.0,
                0.0,
                0.0,
                0.0,
                0.0,
                0.0,
                0.0
            ]
        },
        "lWaitAndOverdue": [
            [
                0,
                3,
                7,
                0
            ],
            [
                0,
                3,
                8,
                0
            ],
            [
                0,
                2,
                2,
                0
            ],
            [
                0,
                2,
                1,
                0
            ],
            [
                0,
                3,
                10,
                0
            ],
            [
                0,
                3,
                7,
                0
            ],
            [
                1,
                3,
                9,
                0
            ],
            [
                1,
                3,
                8,
                0
            ],
            [
                1,
                2,
                2,
                0
            ],
            [
                1,
                2,
                0,
                0
            ],
            [
                1,
                2,
                1,
                0
            ],
            [
                1,
                4,
                14,
                0
            ],
            [
                1,
                2,
                1,
                0
            ],
            [
                2,
                3,
                8,
                0
            ],
            [
                2,
                4,
                14,
                0
            ],
            [
                2,
                2,
                0,
                0
            ],
            [
                2,
                3,
                12,
                0
            ],
            [
                2,
                2,
                0,
                0
            ],
            [
                2,
                3,
                36,
                22
            ],
            [
                2,
                3,
                27,
                13
            ],
            [
                2,
                2,
                1,
                0
            ],
            [
                2,
                4,
                14,
                0
            ],
            [
                3,
                3,
                40,
                26
            ],
            [
                3,
                2,
                0,
                0
            ],
            [
                3,
                4,
                40,
                12
            ],
            [
                3,
                3,
                46,
                32
            ],
            [
                3,
                3,
                47,
                33
            ],
            [
                3,
                3,
                47,
                33
            ],
            [
                3,
                3,
                47,
                33
            ],
            [
                3,
                3,
                47,
                33
            ],
            [
                4,
                3,
                46,
                32
            ],
            [
                4,
                2,
                3,
                0
            ],
            [
                4,
                2,
                47,
                43
            ],
            [
                4,
                2,
                3,
                0
            ],
            [
                4,
                2,
                4,
                0
            ],
            [
                4,
                2,
                3,
                0
            ],
            [
                4,
                1,
                0,
                0
            ],
            [
                4,
                4,
                46,
                18
            ],
            [
                4,
                3,
                47,
                33
            ],
            [
                4,
                3,
                48,
                34
            ],
            [
                4,
                2,
                4,
                0
            ],
            [
                4,
                4,
                47,
                19
            ],
            [
                5,
                3,
                45,
                31
            ],
            [
                5,
                3,
                45,
                31
            ],
            [
                5,
                2,
                2,
                0
            ],
            [
                5,
                3,
                45,
                31
            ],
            [
                5,
                2,
                45,
                43
            ],
            [
                6,
                2,
                1,
                0
            ],
            [
                6,
                2,
                1,
                0
            ],
            [
                6,
                3,
                44,
                30
            ],
            [
                6,
                4,
                44,
                16
            ],
            [
                7,
                3,
                23,
                9
            ],
            [
                7,
                2,
                44,
                42
            ],
            [
                7,
                2,
                6,
                4
            ],
            [
                7,
                3,
                44,
                30
            ],
            [
                8,
                4,
                15,
                0
            ],
            [
                8,
                2,
                11,
                7
            ],
            [
                8,
                3,
                43,
                29
            ],
            [
                9,
                2,
                45,
                41
            ],
            [
                9,
                2,
                45,
                41
            ],
            [
                9,
                2,
                46,
                42
            ],
            [
                9,
                2,
                45,
                41
            ],
            [
                9,
                2,
                45,
                41
            ],
            [
                9,
                2,
                26,
                22
            ],
            [
                10,
                2,
                8,
                6
            ],
            [
                10,
                4,
                43,
                15
            ],
            [
                10,
                2,
                10,
                8
            ],
            [
                10,
                4,
                43,
                15
            ],
            [
                11,
                3,
                42,
                28
            ],
            [
                11,
                4,
                43,
                15
            ],
            [
                11,
                2,
                43,
                41
            ],
            [
                11,
                2,
                20,
                18
            ],
            [
                11,
                2,
                28,
                26
            ],
            [
                11,
                4,
                41,
                13
            ],
            [
                11,
                3,
                43,
                29
            ],
            [
                11,
                2,
                21,
                19
            ],
            [
                11,
                3,
                43,
                29
            ],
            [
                11,
                3,
                44,
                30
            ],
            [
                12,
                3,
                44,
                30
            ],
            [
                12,
                4,
                47,
                19
            ],
            [
                12,
                3,
                47,
                33
            ],
            [
                12,
                4,
                29,
                1
            ],
            [
                12,
                3,
                47,
                33
            ],
            [
                13,
                2,
                46,
                42
            ],
            [
                13,
                2,
                46,
                42
            ],
            [
                13,
                4,
                46,
                18
            ],
            [
                13,
                3,
                46,
                32
            ],
            [
                14,
                2,
                46,
                42
            ],
            [
                14,
                2,
                46,
                42
            ],
            [
                14,
                2,
                46,
                42
            ],
            [
                14,
                3,
                46,
                32
            ],
            [
                14,
                4,
                46,
                18
            ],
            [
                14,
                2,
                46,
                42
            ],
            [
                14,
                2,
                46,
                42
            ],
            [
                15,
                3,
                44,
                30
            ],
            [
                15,
                2,
                44,
                42
            ],
            [
                15,
                2,
                44,
                42
            ],
            [
                15,
                3,
                44,
                30
            ],
            [
                15,
                3,
                44,
                30
            ],
            [
                16,
                4,
                43,
                15
            ],
            [
                16,
                4,
                43,
                15
            ],
            [
                16,
                3,
                44,
                30
            ],
            [
                16,
                3,
                44,
                30
            ],
            [
                16,
                2,
                44,
                42
            ],
            [
                16,
                3,
                44,
                30
            ],
            [
                17,
                2,
                47,
                45
            ],
            [
                17,
                4,
                47,
                19
            ],
            [
                17,
                2,
                48,
                46
            ],
            [
                17,
                2,
                48,
                46
            ],
            [
                17,
                2,
                48,
                46
            ],
            [
                17,
                2,
                35,
                33
            ],
            [
                17,
                4,
                48,
                20
            ],
            [
                17,
                4,
                47,
                19
            ],
            [
                18,
                4,
                48,
                20
            ],
            [
                18,
                4,
                48,
                20
            ],
            [
                18,
                3,
                48,
                34
            ],
            [
                18,
                2,
                48,
                44
            ],
            [
                18,
                3,
                48,
                34
            ],
            [
                18,
                2,
                48,
                44
            ],
            [
                19,
                2,
                47,
                43
            ],
            [
                19,
                3,
                48,
                34
            ],
            [
                19,
                2,
                53,
                49
            ],
            [
                19,
                2,
                48,
                44
            ],
            [
                19,
                2,
                48,
                44
            ],
            [
                19,
                1,
                48,
                48
            ],
            [
                19,
                2,
                52,
                48
            ],
            [
                19,
                2,
                49,
                45
            ],
            [
                19,
                3,
                53,
                39
            ],
            [
                19,
                3,
                53,
                39
            ],
            [
                19,
                4,
                52,
                24
            ],
            [
                19,
                3,
                53,
                39
            ],
            [
                20,
                2,
                2,
                0
            ],
            [
                20,
                4,
                45,
                17
            ],
            [
                20,
                4,
                50,
                22
            ],
            [
                20,
                2,
                51,
                49
            ],
            [
                21,
                4,
                50,
                22
            ],
            [
                21,
                4,
                50,
                22
            ],
            [
                21,
                4,
                50,
                22
            ],
            [
                21,
                3,
                50,
                36
            ],
            [
                21,
                4,
                50,
                22
            ],
            [
                22,
                3,
                50,
                36
            ],
            [
                22,
                3,
                50,
                36
            ],
            [
                22,
                4,
                50,
                22
            ],
            [
                22,
                4,
                49,
                21
            ],
            [
                22,
                3,
                50,
                36
            ],
            [
                22,
                2,
                50,
                48
            ],
            [
                22,
                2,
                50,
                48
            ],
            [
                23,
                3,
                50,
                36
            ],
            [
                23,
                4,
                53,
                25
            ],
            [
                23,
                4,
                53,
                25
            ],
            [
                24,
                4,
                52,
                24
            ],
            [
                24,
                4,
                52,
                24
            ],
            [
                24,
                2,
                52,
                48
            ],
            [
                25,
                2,
                49,
                47
            ],
            [
                25,
                4,
                49,
                21
            ],
            [
                25,
                2,
                50,
                48
            ],
            [
                25,
                4,
                50,
                22
            ],
            [
                25,
                2,
                51,
                49
            ],
            [
                25,
                3,
                51,
                37
            ],
            [
                26,
                3,
                50,
                36
            ],
            [
                26,
                3,
                50,
                36
            ],
            [
                26,
                3,
                50,
                36
            ],
            [
                26,
                2,
                50,
                48
            ],
            [
                26,
                4,
                51,
                23
            ],
            [
                26,
                4,
                51,
                23
            ],
            [
                26,
                3,
                51,
                37
            ],
            [
                27,
                2,
                50,
                48
            ],
            [
                27,
                4,
                51,
                23
            ],
            [
                27,
                3,
                50,
                36
            ],
            [
                27,
                2,
                51,
                49
            ],
            [
                27,
                3,
                51,
                37
            ],
            [
                27,
                2,
                54,
                52
            ],
            [
                28,
                2,
                53,
                49
            ],
            [
                28,
                2,
                53,
                49
            ],
            [
                28,
                2,
                53,
                49
            ],
            [
                28,
                2,
                49,
                45
            ],
            [
                28,
                2,
                53,
                49
            ],
            [
                28,
                4,
                53,
                25
            ],
            [
                28,
                4,
                53,
                25
            ],
            [
                29,
                4,
                52,
                24
            ],
            [
                29,
                3,
                52,
                38
            ],
            [
                29,
                2,
                53,
                49
            ],
            [
                29,
                2,
                52,
                48
            ],
            [
                29,
                4,
                53,
                25
            ]
        ],
        "lWaitDayByPriority": [
            7086,
            48,
            2563,
            2460,
            2015
        ],
        "objval": 2958.923015873016,
        "std_occupancy": 45.69388930767141
    },
    "runtime": 0.7895865440368652,
    "simdays": 150,
    "solver": "greedy"
}