{
    "arrivalrate": 6.0,
    "ins_name": 70,
    "ins_path": null,
    "lNoNewPatients": [
        183,
        2,
        76,
        62,
        43
    ],
    "lNoPatients": [
        343,
        2,
        83,
        161,
        97
    ],
    "lNoSections": [
        2424,
        11,
        232,
        1369,
        812
    ],
    "mipgap": 1.0,
    "noLinacs": 4,
    "noSlotsPerDay": 120,
    "planningHorizon": 80,
    "runresult": {
        "avg_occupancy": 48.461111111111116,
        "feasibility": true,
        "lAvgLateDayByPriority": [
            24.80327868852459,
            22.0,
            31.43421052631579,
            23.741935483870968,
            14.744186046511627
        ],
        "lAvgWaitDayByPriority": [
            36.60655737704918,
            22.0,
            33.86842105263158,
            36.806451612903224,
            41.83720930232558
        ],
        "lLateDayByPriority": [
            4539,
            44,
            2389,
            1472,
            634
        ],
        "lOccupancy": {
            "0": [
                0.0,
                0.0,
                0.0,
                0.0,
                0.0,
                0.0,
                0.0,
                0.0,
                0.0,
                1.25,
                0.0,
                0.0,
                0.0,
                0.0,
                0.0,
                0.0,
                0.0,
                0.0,
                0.0,
                0.0,
                0.0,
                0.0,
                0.0,
                0.0,
                0.0,
                0.0,
                0.0,
                0.0,
                0.0,
                0.0,
                0.0,
                0.0,
                0.0,
                0.0,
                0.0,
                0.0,
                0.0,
                0.0,
                0.0,
                0.0,
                0.0,
                0.0,
                0.0,
                0.0,
                0.0,
                0.0,
                0.0,
                0.0,
                0.0,
                0.0,
                0.0,
                0.0,
                1.0416666666666665,
                1.0416666666666665,
                1.0416666666666665,
                1.0416666666666665,
                1.0416666666666665,
                1.0416666666666665,
                1.0416666666666665,
                1.0416666666666665,
                1.0416666666666665,
                1.0416666666666665,
                0.0,
                0.0,
                0.0,
                0.0,
                0.0,
                0.0,
                0.0,
                0.0,
                0.0,
                0.0,
                0.0,
                0.0,
                0.0,
                0.0,
                0.0,
                0.0,
                0.0,
                0.0,
                0.0,
                0.0,
                0.0,
                0.0,
                0.0,
                0.0,
                0.0,
                0.0,
                0.0,
                0.0,
                0.0,
                0.0,
                0.0,
                0.0,
                0.0,
                0.0,
                0.0,
                0.0,
                0.0,
                0.0,
                0.0,
                0.0,
                0.0,
                0.0,
                0.0,
                0.0,
                0.0,
                0.0,
                0.0,
                0.0,
                0.0,
                0.0,
                0.0,
                0.0,
                0.0,
                0.0,
                0.0,
                0.0,
                0.0,
                0.0,
                0.0,
                0.0,
                0.0,
                0.0,
                0.0,
                0.0,
                0.0,
                0.0,
                0.0,
                0.0,
                0.0,
                0.0,
                0.0,
                0.0,
                0.0,
                0.0,
                0.0,
                0.0,
                0.0,
                0.0,
                0.0,
                0.0,
                0.0,
                0.0,
                0.0,
                0.0,
                0.0,
                0.0,
                0.0,
                0.0
            ],
            "1": [
                10.208333333333334,
                4.166666666666666,
                7.916666666666666,
                7.708333333333334,
                2.7083333333333335,
                2.7083333333333335,
                4.375,
                5.625,
                3.125,
                2.7083333333333335,
                1.4583333333333333,
                1.4583333333333333,
                1.4583333333333333,
                1.6666666666666667,
                1.6666666666666667,
                1.6666666666666667,
                1.6666666666666667,
                1.6666666666666667,
                0.8333333333333334,
                0.0,
                1.25,
                0.0,
                1.6666666666666667,
                2.9166666666666665,
                0.0,
                0.0,
                1.25,
                1.0416666666666665,
                0.0,
                0.0,
                0.0,
                0.0,
                0.0,
                0.0,
                1.25,
                0.0,
                5.625,
                9.166666666666666,
                11.666666666666666,
                7.291666666666667,
                13.750000000000002,
                13.541666666666666,
                10.208333333333334,
                10.208333333333334,
                11.25,
                10.416666666666668,
                15.625,
                14.374999999999998,
                15.625,
                12.5,
                14.166666666666666,
                12.291666666666666,
                16.25,
                13.750000000000002,
                12.5,
                12.291666666666666,
                6.041666666666667,
                6.041666666666667,
                6.458333333333334,
                5.208333333333334,
                5.208333333333334,
                9.791666666666666,
                7.083333333333333,
                7.708333333333334,
                3.958333333333333,
                3.958333333333333,
                3.958333333333333,
                3.958333333333333,
                1.0416666666666665,
                1.0416666666666665,
                1.0416666666666665,
                1.0416666666666665,
                0.0,
                0.0,
                0.0,
                0.0,
                0.0,
                0.0,
                0.0,
                0.0,
                0.0,
                0.0,
                0.0,
                0.0,
                0.0,
                0.0,
                0.0,
                0.0,
                0.0,
                0.0,
                0.0,
                0.0,
                0.0,
                0.0,
                0.0,
                0.0,
                0.0,
                0.0,
                0.0,
                0.0,
                0.0,
                0.0,
                0.0,
                0.0,
                0.0,
                0.0,
                0.0,
                0.0,
                0.0,
                0.0,
                0.0,
                0.0,
                0.0,
                0.0,
                0.0,
                0.0,
                0.0,
                0.0,
                0.0,
                0.0,
                0.0,
                0.0,
                0.0,
                0.0,
                0.0,
                0.0,
                0.0,
                0.0,
                0.0,
                0.0,
                0.0,
                0.0,
                0.0,
                0.0,
                0.0,
                0.0,
                0.0,
                0.0,
                0.0,
                0.0,
                0.0,
                0.0,
                0.0,
                0.0,
                0.0,
                0.0,
                0.0,
                0.0,
                0.0,
                0.0
            ],
            "2": [
                66.45833333333333,
                65.20833333333333,
                65.20833333333333,
                67.5,
                63.541666666666664,
                63.541666666666664,
                60.83333333333333,
                58.958333333333336,
                60.416666666666664,
                59.166666666666664,
                59.166666666666664,
                57.291666666666664,
                57.70833333333333,
                59.166666666666664,
                59.166666666666664,
                59.166666666666664,
                58.958333333333336,
                59.791666666666664,
                56.875,
                59.166666666666664,
                61.04166666666667,
                60.416666666666664,
                59.791666666666664,
                61.25000000000001,
                59.583333333333336,
                60.83333333333333,
                60.83333333333333,
                61.04166666666667,
                61.04166666666667,
                61.66666666666667,
                61.66666666666667,
                63.125,
                59.166666666666664,
                61.458333333333336,
                60.20833333333333,
                58.333333333333336,
                53.541666666666664,
                57.08333333333333,
                55.625,
                59.166666666666664,
                56.041666666666664,
                56.875,
                58.75,
                60.416666666666664,
                62.291666666666664,
                60.416666666666664,
                56.666666666666664,
                57.91666666666667,
                57.291666666666664,
                59.375,
                56.041666666666664,
                55.41666666666667,
                51.66666666666667,
                55.00000000000001,
                56.041666666666664,
                56.041666666666664,
                57.291666666666664,
                58.54166666666667,
                57.08333333333333,
                54.166666666666664,
                54.58333333333333,
                52.708333333333336,
                53.333333333333336,
                49.583333333333336,
                46.458333333333336,
                44.79166666666667,
                41.66666666666667,
                40.0,
                36.666666666666664,
                35.208333333333336,
                33.541666666666664,
                31.874999999999996,
                23.75,
                22.083333333333332,
                22.083333333333332,
                22.083333333333332,
                22.083333333333332,
                22.083333333333332,
                20.833333333333336,
                20.833333333333336,
                20.833333333333336,
                19.583333333333332,
                16.875,
                16.875,
                13.125,
                11.875,
                10.208333333333334,
                5.208333333333334,
                5.208333333333334,
                2.9166666666666665,
                2.9166666666666665,
                2.9166666666666665,
                1.6666666666666667,
                1.6666666666666667,
                1.6666666666666667,
                0.0,
                0.0,
                0.0,
                0.0,
                0.0,
                0.0,
                0.0,
                0.0,
                0.0,
                0.0,
                0.0,
                0.0,
                0.0,
                0.0,
                0.0,
                0.0,
                0.0,
                0.0,
                0.0,
                0.0,
                0.0,
                0.0,
                0.0,
                0.0,
                0.0,
                0.0,
                0.0,
                0.0,
                0.0,
                0.0,
                0.0,
                0.0,
                0.0,
                0.0,
                0.0,
                0.0,
                0.0,
                0.0,
                0.0,
                0.0,
                0.0,
                0.0,
                0.0,
                0.0,
                0.0,
                0.0,
                0.0,
                0.0,
                0.0,
                0.0,
                0.0,
                0.0,
                0.0,
                0.0,
                0.0
            ],
            "3": [
                15.416666666666668,
                15.416666666666668,
                15.416666666666668,
                15.833333333333332,
                22.916666666666664,
                24.166666666666668,
                30.0,
                34.375,
                35.41666666666667,
                36.45833333333333,
                38.333333333333336,
                39.375,
                39.166666666666664,
                37.291666666666664,
                37.291666666666664,
                37.291666666666664,
                37.291666666666664,
                37.291666666666664,
                40.625,
                38.125,
                35.41666666666667,
                37.083333333333336,
                36.666666666666664,
                35.208333333333336,
                39.166666666666664,
                37.291666666666664,
                37.291666666666664,
                37.291666666666664,
                37.291666666666664,
                36.041666666666664,
                36.875,
                35.0,
                39.375,
                37.916666666666664,
                37.916666666666664,
                39.58333333333333,
                40.0,
                31.874999999999996,
                31.874999999999996,
                32.708333333333336,
                29.375,
                27.500000000000004,
                30.208333333333332,
                28.333333333333332,
                25.0,
                27.916666666666668,
                25.833333333333336,
                26.875,
                26.666666666666668,
                27.916666666666668,
                28.749999999999996,
                30.625000000000004,
                30.833333333333336,
                29.166666666666668,
                29.166666666666668,
                29.166666666666668,
                33.75,
                33.33333333333333,
                34.583333333333336,
                37.708333333333336,
                37.708333333333336,
                35.41666666666667,
                37.708333333333336,
                36.041666666666664,
                34.375,
                30.625000000000004,
                30.625000000000004,
                28.958333333333336,
                25.624999999999996,
                24.375,
                22.916666666666664,
                21.666666666666668,
                20.625,
                20.625,
                19.375,
                15.833333333333332,
                13.750000000000002,
                12.083333333333334,
                8.75,
                8.75,
                7.708333333333334,
                7.708333333333334,
                6.666666666666667,
                5.625,
                3.3333333333333335,
                3.3333333333333335,
                3.3333333333333335,
                3.3333333333333335,
                1.0416666666666665,
                0.0,
                0.0,
                0.0,
                0.0,
                0.0,
                0.0,
                0.0,
                0.0,
                0.0,
                0.0,
                0.0,
                0.0,
                0.0,
                0.0,
                0.0,
                0.0,
                0.0,
                0.0,
                0.0,
                0.0,
                0.0,
                0.0,
                0.0,
                0.0,
                0.0,
                0.0,
                0.0,
                0.0,
                0.0,
                0.0,
                0.0,
                0.0,
                0.0,
                0.0,
                0.0,
                0.0,
                0.0,
                0.0,
                0.0,
                0.0,
                0.0,
                0.0,
                0.0,
                0.0,
                0.0,
                0.0,
                0.0,
                0.0,
                0.0,
                0.0,
                0.0,
                0.0,
                0.0,
                0.0,
                0.0,
                0.0,
                0.0,
                0.0,
                0.0,
                0.0,
                0.0
            ],
            "overall": [
                92.08333333333333,
                84.79166666666667,
                88.54166666666667,
                91.04166666666666,
                89.16666666666666,
                90.41666666666667,
                95.20833333333333,
                98.95833333333334,
                98.95833333333334,
                99.58333333333333,
                98.95833333333334,
                98.125,
                98.33333333333333,
                98.125,
                98.125,
                98.125,
                97.91666666666666,
                98.75,
                98.33333333333334,
                97.29166666666666,
                97.70833333333334,
                97.5,
                98.125,
                99.375,
                98.75,
                98.125,
                99.375,
                99.375,
                98.33333333333334,
                97.70833333333334,
                98.54166666666667,
                98.125,
                98.54166666666666,
                99.375,
                99.375,
                97.91666666666666,
                99.16666666666666,
                98.125,
                99.16666666666667,
                99.16666666666666,
                99.16666666666667,
                97.91666666666667,
                99.16666666666666,
                98.95833333333333,
                98.54166666666666,
                98.75,
                98.125,
                99.16666666666667,
                99.58333333333333,
                99.79166666666667,
                98.95833333333333,
                98.33333333333334,
                99.79166666666669,
                98.95833333333334,
                98.75,
                98.54166666666667,
                98.125,
                98.95833333333333,
                99.16666666666666,
                98.125,
                98.54166666666666,
                98.95833333333334,
                98.125,
                93.33333333333334,
                84.79166666666667,
                79.37500000000001,
                76.25000000000001,
                72.91666666666667,
                63.33333333333333,
                60.625,
                57.49999999999999,
                54.58333333333333,
                44.375,
                42.70833333333333,
                41.45833333333333,
                37.916666666666664,
                35.833333333333336,
                34.166666666666664,
                29.583333333333336,
                29.583333333333336,
                28.54166666666667,
                27.291666666666664,
                23.541666666666668,
                22.5,
                16.458333333333332,
                15.208333333333334,
                13.541666666666668,
                8.541666666666668,
                6.25,
                2.9166666666666665,
                2.9166666666666665,
                2.9166666666666665,
                1.6666666666666667,
                1.6666666666666667,
                1.6666666666666667,
                0.0,
                0.0,
                0.0,
                0.0,
                0.0,
                0.0,
                0.0,
                0.0,
                0.0,
                0.0,
                0.0,
                0.0,
                0.0,
                0.0,
                0.0,
                0.0,
                0.0,
                0.0,
                0.0,
                0.0,
                0.0,
                0.0,
                0.0,
                0.0,
                0.0,
                0.0,
                0.0,
                0.0,
                0.0,
                0.0,
                0.0,
                0.0,
                0.0,
                0.0,
                0.0,
                0.0,
                0.0,
                0.0,
                0.0,
                0.0,
                0.0,
                0.0,
                0.0,
                0.0,
                0.0,
                0.0,
                0.0,
                0.0,
                0.0,
                0.0,
                0.0,
                0.0,
                0.0,
                0.0,
                0.0
            ]
        },
        "lWaitAndOverdue": [
            [
                0,
                4,
                10,
                0
            ],
            [
                0,
                3,
                7,
                0
            ],
            [
                0,
                3,
                4,
                0
            ],
            [
                0,
                3,
                4,
                0
            ],
            [
                0,
                2,
                0,
                0
            ],
            [
                0,
                3,
                8,
                0
            ],
            [
                1,
                3,
                9,
                0
            ],
            [
                2,
                2,
                1,
                0
            ],
            [
                2,
                2,
                2,
                0
            ],
            [
                2,
                3,
                7,
                0
            ],
            [
                2,
                3,
                9,
                0
            ],
            [
                2,
                3,
                6,
                0
            ],
            [
                2,
                3,
                14,
                0
            ],
            [
                2,
                2,
                2,
                0
            ],
            [
                2,
                2,
                0,
                0
            ],
            [
                3,
                2,
                0,
                0
            ],
            [
                3,
                4,
                39,
                11
            ],
            [
                3,
                2,
                0,
                0
            ],
            [
                4,
                3,
                40,
                26
            ],
            [
                4,
                4,
                39,
                11
            ],
            [
                5,
                2,
                1,
                0
            ],
            [
                5,
                3,
                39,
                25
            ],
            [
                5,
                2,
                10,
                8
            ],
            [
                5,
                3,
                38,
                24
            ],
            [
                5,
                3,
                16,
                2
            ],
            [
                5,
                2,
                2,
                0
            ],
            [
                5,
                4,
                7,
                0
            ],
            [
                5,
                3,
                39,
                25
            ],
            [
                6,
                2,
                0,
                0
            ],
            [
                6,
                4,
                41,
                13
            ],
            [
                6,
                3,
                41,
                27
            ],
            [
                6,
                3,
                41,
                27
            ],
            [
                7,
                3,
                41,
                27
            ],
            [
                7,
                3,
                41,
                27
            ],
            [
                7,
                3,
                23,
                9
            ],
            [
                7,
                3,
                41,
                27
            ],
            [
                7,
                2,
                21,
                19
            ],
            [
                8,
                2,
                40,
                36
            ],
            [
                8,
                2,
                40,
                36
            ],
            [
                8,
                2,
                40,
                36
            ],
            [
                8,
                2,
                1,
                0
            ],
            [
                8,
                1,
                1,
                1
            ],
            [
                8,
                4,
                40,
                12
            ],
            [
                8,
                3,
                40,
                26
            ],
            [
                8,
                3,
                41,
                27
            ],
            [
                8,
                2,
                18,
                14
            ],
            [
                8,
                4,
                40,
                12
            ],
            [
                9,
                3,
                40,
                26
            ],
            [
                9,
                3,
                40,
                26
            ],
            [
                9,
                2,
                13,
                9
            ],
            [
                9,
                3,
                40,
                26
            ],
            [
                9,
                2,
                40,
                36
            ],
            [
                9,
                2,
                40,
                36
            ],
            [
                9,
                2,
                20,
                16
            ],
            [
                10,
                3,
                39,
                25
            ],
            [
                10,
                4,
                38,
                10
            ],
            [
                10,
                3,
                39,
                25
            ],
            [
                10,
                2,
                38,
                36
            ],
            [
                10,
                2,
                38,
                36
            ],
            [
                10,
                3,
                39,
                25
            ],
            [
                10,
                4,
                39,
                11
            ],
            [
                10,
                2,
                38,
                36
            ],
            [
                10,
                3,
                39,
                25
            ],
            [
                11,
                2,
                38,
                36
            ],
            [
                11,
                2,
                41,
                39
            ],
            [
                11,
                2,
                41,
                39
            ],
            [
                11,
                2,
                41,
                39
            ],
            [
                11,
                2,
                42,
                40
            ],
            [
                11,
                2,
                42,
                40
            ],
            [
                11,
                2,
                41,
                39
            ],
            [
                11,
                4,
                42,
                14
            ],
            [
                11,
                2,
                21,
                19
            ],
            [
                11,
                4,
                41,
                13
            ],
            [
                11,
                3,
                42,
                28
            ],
            [
                11,
                4,
                43,
                15
            ],
            [
                12,
                2,
                42,
                40
            ],
            [
                12,
                2,
                30,
                28
            ],
            [
                12,
                2,
                42,
                40
            ],
            [
                12,
                4,
                42,
                14
            ],
            [
                12,
                3,
                42,
                28
            ],
            [
                12,
                2,
                42,
                40
            ],
            [
                12,
                3,
                42,
                28
            ],
            [
                12,
                3,
                44,
                30
            ],
            [
                13,
                3,
                43,
                29
            ],
            [
                13,
                4,
                43,
                15
            ],
            [
                13,
                3,
                42,
                28
            ],
            [
                13,
                4,
                41,
                13
            ],
            [
                14,
                3,
                45,
                31
            ],
            [
                14,
                2,
                42,
                38
            ],
            [
                14,
                2,
                42,
                38
            ],
            [
                14,
                4,
                45,
                17
            ],
            [
                14,
                3,
                45,
                31
            ],
            [
                14,
                2,
                42,
                38
            ],
            [
                14,
                2,
                45,
                41
            ],
            [
                15,
                2,
                42,
                40
            ],
            [
                15,
                3,
                42,
                28
            ],
            [
                15,
                4,
                42,
                14
            ],
            [
                15,
                2,
                43,
                41
            ],
            [
                16,
                2,
                42,
                40
            ],
            [
                16,
                3,
                43,
                29
            ],
            [
                16,
                2,
                42,
                40
            ],
            [
                16,
                2,
                42,
                40
            ],
            [
                16,
                3,
                43,
                29
            ],
            [
                16,
                3,
                43,
                29
            ],
            [
                17,
                4,
                42,
                14
            ],
            [
                17,
                4,
                43,
                15
            ],
            [
                17,
                3,
                44,
                30
            ],
            [
                17,
                3,
                44,
                30
            ],
            [
                17,
                2,
                42,
                40
            ],
            [
                17,
                3,
                43,
                29
            ],
            [
                17,
                2,
                42,
                40
            ],
            [
                17,
                4,
                44,
                16
            ],
            [
                17,
                2,
                42,
                40
            ],
            [
                17,
                2,
                43,
                41
            ],
            [
                18,
                2,
                46,
                42
            ],
            [
                19,
                2,
                34,
                30
            ],
            [
                19,
                4,
                45,
                17
            ],
            [
                19,
                4,
                45,
                17
            ],
            [
                19,
                4,
                45,
                17
            ],
            [
                20,
                4,
                43,
                15
            ],
            [
                20,
                3,
                43,
                29
            ],
            [
                20,
                2,
                43,
                41
            ],
            [
                20,
                3,
                43,
                29
            ],
            [
                20,
                2,
                42,
                40
            ],
            [
                21,
                2,
                42,
                40
            ],
            [
                21,
                3,
                43,
                29
            ],
            [
                21,
                2,
                43,
                41
            ],
            [
                21,
                2,
                42,
                40
            ],
            [
                21,
                2,
                43,
                41
            ],
            [
                21,
                1,
                43,
                43
            ],
            [
                22,
                2,
                43,
                41
            ],
            [
                22,
                2,
                43,
                41
            ],
            [
                22,
                3,
                43,
                29
            ],
            [
                22,
                3,
                43,
                29
            ],
            [
                22,
                4,
                41,
                13
            ],
            [
                22,
                3,
                44,
                30
            ],
            [
                22,
                2,
                7,
                5
            ],
            [
                22,
                4,
                42,
                14
            ],
            [
                22,
                4,
                42,
                14
            ],
            [
                23,
                2,
                46,
                42
            ],
            [
                23,
                4,
                46,
                18
            ],
            [
                23,
                4,
                47,
                19
            ],
            [
                23,
                4,
                47,
                19
            ],
            [
                23,
                3,
                43,
                29
            ],
            [
                23,
                4,
                46,
                18
            ],
            [
                23,
                3,
                46,
                32
            ],
            [
                24,
                3,
                46,
                32
            ],
            [
                24,
                4,
                46,
                18
            ],
            [
                24,
                4,
                46,
                18
            ],
            [
                24,
                3,
                46,
                32
            ],
            [
                25,
                2,
                43,
                41
            ],
            [
                25,
                2,
                44,
                42
            ],
            [
                25,
                3,
                44,
                30
            ],
            [
                25,
                4,
                44,
                16
            ],
            [
                26,
                4,
                44,
                16
            ],
            [
                26,
                4,
                44,
                16
            ],
            [
                26,
                4,
                44,
                16
            ],
            [
                26,
                2,
                43,
                41
            ],
            [
                26,
                2,
                44,
                42
            ],
            [
                26,
                4,
                45,
                17
            ],
            [
                26,
                2,
                44,
                42
            ],
            [
                27,
                4,
                44,
                16
            ],
            [
                27,
                2,
                43,
                41
            ],
            [
                27,
                3,
                44,
                30
            ],
            [
                27,
                3,
                47,
                33
            ],
            [
                27,
                3,
                47,
                33
            ],
            [
                27,
                3,
                44,
                30
            ],
            [
                27,
                2,
                44,
                42
            ],
            [
                28,
                4,
                48,
                20
            ],
            [
                28,
                4,
                48,
                20
            ],
            [
                28,
                3,
                48,
                34
            ],
            [
                28,
                2,
                47,
                43
            ],
            [
                28,
                4,
                48,
                20
            ],
            [
                28,
                3,
                48,
                34
            ],
            [
                28,
                2,
                47,
                43
            ],
            [
                28,
                3,
                48,
                34
            ],
            [
                28,
                2,
                47,
                43
            ],
            [
                29,
                2,
                47,
                43
            ],
            [
                29,
                2,
                47,
                43
            ],
            [
                29,
                2,
                48,
                44
            ],
            [
                29,
                2,
                45,
                41
            ],
            [
                29,
                2,
                48,
                44
            ],
            [
                29,
                4,
                48,
                20
            ]
        ],
        "lWaitDayByPriority": [
            6699,
            44,
            2574,
            2282,
            1799
        ],
        "objval": 2929.248203498243,
        "std_occupancy": 45.573199835099096
    },
    "runtime": 5.4360668659210205,
    "simdays": 150,
    "solver": "daily"
}