{
    "arrivalrate": 6.0,
    "ins_name": 80,
    "ins_path": null,
    "lNoNewPatients": [
        190,
        2,
        74,
        68,
        46
    ],
    "lNoPatients": [
        344,
        2,
        81,
        164,
        97
    ],
    "lNoSections": [
        2612,
        11,
        219,
        1513,
        869
    ],
    "mipgap": 1.0,
    "noLinacs": 4,
    "noSlotsPerDay": 120,
    "planningHorizon": 80,
    "runresult": {
        "avg_occupancy": 48.515277777777776,
        "feasibility": true,
        "lAvgLateDayByPriority": [
            23.189473684210526,
            25.0,
            29.62162162162162,
            23.073529411764707,
            12.934782608695652
        ],
        "lAvgWaitDayByPriority": [
            35.6,
            25.0,
            32.24324324324324,
            36.36764705882353,
            40.32608695652174
        ],
        "lLateDayByPriority": [
            4406,
            50,
            2192,
            1569,
            595
        ],
        "lOccupancy": {
            "0": [
                0.0,
                0.0,
                0.0,
                0.0,
                0.0,
                0.0,
                0.0,
                0.0,
                0.0,
                0.0,
                0.0,
                0.0,
                0.0,
                0.0,
                1.25,
                0.0,
                0.0,
                0.0,
                0.0,
                0.0,
                0.0,
                0.0,
                0.0,
                0.0,
                0.0,
                0.0,
                0.0,
                0.0,
                0.0,
                0.0,
                0.0,
                0.0,
                0.0,
                0.0,
                0.0,
                0.0,
                0.0,
                0.0,
                0.0,
                0.0,
                0.0,
                0.0,
                0.0,
                0.0,
                0.0,
                0.0,
                0.0,
                0.0,
                0.0,
                0.0,
                0.0,
                0.0,
                0.0,
                0.0,
                1.0416666666666665,
                1.0416666666666665,
                1.0416666666666665,
                1.0416666666666665,
                1.0416666666666665,
                1.0416666666666665,
                1.0416666666666665,
                1.0416666666666665,
                1.0416666666666665,
                1.0416666666666665,
                0.0,
                0.0,
                0.0,
                0.0,
                0.0,
                0.0,
                0.0,
                0.0,
                0.0,
                0.0,
                0.0,
                0.0,
                0.0,
                0.0,
                0.0,
                0.0,
                0.0,
                0.0,
                0.0,
                0.0,
                0.0,
                0.0,
                0.0,
                0.0,
                0.0,
                0.0,
                0.0,
                0.0,
                0.0,
                0.0,
                0.0,
                0.0,
                0.0,
                0.0,
                0.0,
                0.0,
                0.0,
                0.0,
                0.0,
                0.0,
                0.0,
                0.0,
                0.0,
                0.0,
                0.0,
                0.0,
                0.0,
                0.0,
                0.0,
                0.0,
                0.0,
                0.0,
                0.0,
                0.0,
                0.0,
                0.0,
                0.0,
                0.0,
                0.0,
                0.0,
                0.0,
                0.0,
                0.0,
                0.0,
                0.0,
                0.0,
                0.0,
                0.0,
                0.0,
                0.0,
                0.0,
                0.0,
                0.0,
                0.0,
                0.0,
                0.0,
                0.0,
                0.0,
                0.0,
                0.0,
                0.0,
                0.0,
                0.0,
                0.0,
                0.0,
                0.0
            ],
            "1": [
                6.875000000000001,
                10.0,
                8.958333333333334,
                7.083333333333333,
                8.541666666666666,
                5.416666666666667,
                5.833333333333333,
                3.958333333333333,
                2.5,
                1.875,
                1.25,
                2.5,
                0.8333333333333334,
                0.0,
                0.0,
                0.0,
                0.0,
                0.0,
                0.0,
                0.0,
                0.0,
                0.0,
                0.0,
                1.25,
                0.0,
                0.0,
                0.0,
                0.0,
                1.25,
                2.2916666666666665,
                2.5,
                1.4583333333333333,
                1.4583333333333333,
                1.4583333333333333,
                3.125,
                4.791666666666667,
                4.791666666666667,
                12.083333333333334,
                12.083333333333334,
                11.25,
                11.041666666666666,
                14.166666666666666,
                17.708333333333336,
                11.458333333333332,
                8.958333333333334,
                7.916666666666666,
                7.916666666666666,
                10.0,
                13.958333333333334,
                12.5,
                12.5,
                14.374999999999998,
                15.416666666666668,
                19.583333333333332,
                13.750000000000002,
                12.5,
                12.291666666666666,
                9.791666666666666,
                4.583333333333333,
                5.416666666666667,
                3.958333333333333,
                6.458333333333334,
                3.958333333333333,
                3.75,
                1.25,
                1.25,
                0.0,
                0.0,
                0.0,
                0.0,
                0.0,
                0.0,
                0.0,
                0.0,
                0.0,
                0.0,
                0.0,
                0.0,
                0.0,
                0.0,
                0.0,
                0.0,
                0.0,
                0.0,
                0.0,
                0.0,
                0.0,
                0.0,
                0.0,
                0.0,
                0.0,
                0.0,
                0.0,
                0.0,
                0.0,
                0.0,
                0.0,
                0.0,
                0.0,
                0.0,
                0.0,
                0.0,
                0.0,
                0.0,
                0.0,
                0.0,
                0.0,
                0.0,
                0.0,
                0.0,
                0.0,
                0.0,
                0.0,
                0.0,
                0.0,
                0.0,
                0.0,
                0.0,
                0.0,
                0.0,
                0.0,
                0.0,
                0.0,
                0.0,
                0.0,
                0.0,
                0.0,
                0.0,
                0.0,
                0.0,
                0.0,
                0.0,
                0.0,
                0.0,
                0.0,
                0.0,
                0.0,
                0.0,
                0.0,
                0.0,
                0.0,
                0.0,
                0.0,
                0.0,
                0.0,
                0.0,
                0.0,
                0.0,
                0.0,
                0.0
            ],
            "2": [
                67.08333333333333,
                67.70833333333334,
                68.125,
                68.125,
                66.66666666666666,
                69.375,
                68.125,
                68.54166666666667,
                63.74999999999999,
                61.875,
                61.25000000000001,
                60.62499999999999,
                56.875,
                61.458333333333336,
                56.666666666666664,
                57.70833333333333,
                56.666666666666664,
                58.75,
                53.125,
                53.541666666666664,
                55.00000000000001,
                57.70833333333333,
                57.49999999999999,
                55.41666666666667,
                56.875,
                55.00000000000001,
                54.37499999999999,
                54.37499999999999,
                56.041666666666664,
                52.5,
                53.541666666666664,
                57.291666666666664,
                58.958333333333336,
                62.708333333333336,
                60.20833333333333,
                57.70833333333333,
                57.49999999999999,
                54.166666666666664,
                56.041666666666664,
                57.91666666666667,
                56.666666666666664,
                56.666666666666664,
                51.45833333333333,
                58.54166666666667,
                62.083333333333336,
                65.41666666666667,
                65.83333333333333,
                63.33333333333333,
                58.958333333333336,
                62.291666666666664,
                62.291666666666664,
                59.166666666666664,
                56.458333333333336,
                54.58333333333333,
                59.166666666666664,
                57.70833333333333,
                57.70833333333333,
                59.375,
                62.916666666666664,
                61.458333333333336,
                59.791666666666664,
                58.54166666666667,
                61.66666666666667,
                58.75,
                56.875,
                45.416666666666664,
                41.041666666666664,
                37.708333333333336,
                36.041666666666664,
                34.375,
                32.916666666666664,
                27.916666666666668,
                26.25,
                21.458333333333332,
                21.458333333333332,
                19.791666666666664,
                19.791666666666664,
                18.541666666666668,
                18.541666666666668,
                18.541666666666668,
                18.541666666666668,
                18.541666666666668,
                15.625,
                15.625,
                15.625,
                13.125,
                13.125,
                7.708333333333334,
                5.208333333333334,
                5.208333333333334,
                3.958333333333333,
                1.6666666666666667,
                1.6666666666666667,
                1.6666666666666667,
                1.6666666666666667,
                1.6666666666666667,
                0.0,
                0.0,
                0.0,
                0.0,
                0.0,
                0.0,
                0.0,
                0.0,
                0.0,
                0.0,
                0.0,
                0.0,
                0.0,
                0.0,
                0.0,
                0.0,
                0.0,
                0.0,
                0.0,
                0.0,
                0.0,
                0.0,
                0.0,
                0.0,
                0.0,
                0.0,
                0.0,
                0.0,
                0.0,
                0.0,
                0.0,
                0.0,
                0.0,
                0.0,
                0.0,
                0.0,
                0.0,
                0.0,
                0.0,
                0.0,
                0.0,
                0.0,
                0.0,
                0.0,
                0.0,
                0.0,
                0.0,
                0.0,
                0.0,
                0.0,
                0.0,
                0.0,
                0.0,
                0.0
            ],
            "3": [
                16.666666666666664,
                15.416666666666668,
                15.416666666666668,
                15.416666666666668,
                16.875,
                18.333333333333332,
                23.958333333333336,
                25.624999999999996,
                31.458333333333332,
                34.375,
                35.833333333333336,
                35.833333333333336,
                41.458333333333336,
                36.45833333333333,
                40.416666666666664,
                40.416666666666664,
                41.458333333333336,
                40.0,
                44.375,
                44.79166666666667,
                43.541666666666664,
                40.625,
                40.625,
                42.70833333333333,
                42.291666666666664,
                44.375,
                45.0,
                43.541666666666664,
                42.083333333333336,
                44.583333333333336,
                42.083333333333336,
                39.375,
                38.125,
                34.375,
                35.833333333333336,
                35.625,
                35.625,
                32.083333333333336,
                30.833333333333336,
                30.416666666666664,
                31.25,
                27.916666666666668,
                29.375,
                29.375,
                28.125,
                25.208333333333332,
                25.0,
                25.208333333333332,
                25.208333333333332,
                23.958333333333336,
                23.958333333333336,
                26.041666666666668,
                27.083333333333332,
                25.416666666666664,
                24.375,
                27.291666666666664,
                27.500000000000004,
                28.333333333333332,
                30.833333333333336,
                30.833333333333336,
                33.958333333333336,
                32.708333333333336,
                31.666666666666664,
                33.958333333333336,
                31.041666666666668,
                29.375,
                29.375,
                29.375,
                26.041666666666668,
                24.375,
                23.125,
                23.125,
                21.666666666666668,
                20.416666666666668,
                20.416666666666668,
                19.375,
                14.791666666666666,
                12.5,
                9.583333333333334,
                7.5,
                7.5,
                6.458333333333334,
                6.458333333333334,
                6.458333333333334,
                5.416666666666667,
                2.083333333333333,
                2.083333333333333,
                2.083333333333333,
                2.083333333333333,
                2.083333333333333,
                1.0416666666666665,
                0.0,
                0.0,
                0.0,
                0.0,
                0.0,
                0.0,
                0.0,
                0.0,
                0.0,
                0.0,
                0.0,
                0.0,
                0.0,
                0.0,
                0.0,
                0.0,
                0.0,
                0.0,
                0.0,
                0.0,
                0.0,
                0.0,
                0.0,
                0.0,
                0.0,
                0.0,
                0.0,
                0.0,
                0.0,
                0.0,
                0.0,
                0.0,
                0.0,
                0.0,
                0.0,
                0.0,
                0.0,
                0.0,
                0.0,
                0.0,
                0.0,
                0.0,
                0.0,
                0.0,
                0.0,
                0.0,
                0.0,
                0.0,
                0.0,
                0.0,
                0.0,
                0.0,
                0.0,
                0.0,
                0.0,
                0.0,
                0.0,
                0.0,
                0.0
            ],
            "overall": [
                90.625,
                93.12500000000001,
                92.5,
                90.625,
                92.08333333333333,
                93.125,
                97.91666666666666,
                98.125,
                97.70833333333333,
                98.125,
                98.33333333333334,
                98.95833333333333,
                99.16666666666667,
                97.91666666666666,
                98.33333333333333,
                98.125,
                98.125,
                98.75,
                97.5,
                98.33333333333334,
                98.54166666666667,
                98.33333333333333,
                98.125,
                99.375,
                99.16666666666666,
                99.375,
                99.375,
                97.91666666666666,
                99.375,
                99.375,
                98.125,
                98.125,
                98.54166666666667,
                98.54166666666667,
                99.16666666666666,
                98.125,
                97.91666666666666,
                98.33333333333334,
                98.95833333333334,
                99.58333333333334,
                98.95833333333333,
                98.75,
                98.54166666666666,
                99.375,
                99.16666666666667,
                98.54166666666667,
                98.75,
                98.54166666666666,
                98.125,
                98.75,
                98.75,
                99.58333333333333,
                98.95833333333333,
                99.58333333333331,
                98.33333333333333,
                98.54166666666666,
                98.54166666666666,
                98.54166666666666,
                99.375,
                98.75,
                98.75,
                98.75,
                98.33333333333334,
                97.5,
                89.16666666666667,
                76.04166666666666,
                70.41666666666666,
                67.08333333333334,
                62.08333333333333,
                58.75,
                56.041666666666664,
                51.04166666666667,
                47.91666666666667,
                41.875,
                41.875,
                39.166666666666664,
                34.58333333333333,
                31.041666666666668,
                28.125,
                26.041666666666668,
                26.041666666666668,
                25.0,
                22.083333333333336,
                22.083333333333336,
                21.041666666666668,
                15.208333333333332,
                15.208333333333332,
                9.791666666666668,
                7.291666666666667,
                7.291666666666667,
                5.0,
                1.6666666666666667,
                1.6666666666666667,
                1.6666666666666667,
                1.6666666666666667,
                1.6666666666666667,
                0.0,
                0.0,
                0.0,
                0.0,
                0.0,
                0.0,
                0.0,
                0.0,
                0.0,
                0.0,
                0.0,
                0.0,
                0.0,
                0.0,
                0.0,
                0.0,
                0.0,
                0.0,
                0.0,
                0.0,
                0.0,
                0.0,
                0.0,
                0.0,
                0.0,
                0.0,
                0.0,
                0.0,
                0.0,
                0.0,
                0.0,
                0.0,
                0.0,
                0.0,
                0.0,
                0.0,
                0.0,
                0.0,
                0.0,
                0.0,
                0.0,
                0.0,
                0.0,
                0.0,
                0.0,
                0.0,
                0.0,
                0.0,
                0.0,
                0.0,
                0.0,
                0.0,
                0.0,
                0.0
            ]
        },
        "lWaitAndOverdue": [
            [
                0,
                3,
                7,
                0
            ],
            [
                0,
                4,
                14,
                0
            ],
            [
                0,
                3,
                9,
                0
            ],
            [
                0,
                3,
                7,
                0
            ],
            [
                0,
                3,
                7,
                0
            ],
            [
                0,
                2,
                2,
                0
            ],
            [
                0,
                3,
                8,
                0
            ],
            [
                1,
                3,
                9,
                0
            ],
            [
                1,
                2,
                0,
                0
            ],
            [
                1,
                3,
                10,
                0
            ],
            [
                1,
                3,
                7,
                0
            ],
            [
                2,
                2,
                1,
                0
            ],
            [
                2,
                2,
                1,
                0
            ],
            [
                2,
                4,
                14,
                0
            ],
            [
                2,
                2,
                2,
                0
            ],
            [
                3,
                4,
                32,
                4
            ],
            [
                3,
                4,
                33,
                5
            ],
            [
                3,
                4,
                36,
                8
            ],
            [
                3,
                3,
                39,
                25
            ],
            [
                3,
                3,
                25,
                11
            ],
            [
                3,
                3,
                39,
                25
            ],
            [
                4,
                2,
                0,
                0
            ],
            [
                4,
                3,
                38,
                24
            ],
            [
                4,
                3,
                38,
                24
            ],
            [
                4,
                2,
                4,
                0
            ],
            [
                4,
                2,
                39,
                35
            ],
            [
                4,
                3,
                40,
                26
            ],
            [
                5,
                3,
                38,
                24
            ],
            [
                5,
                3,
                38,
                24
            ],
            [
                5,
                3,
                38,
                24
            ],
            [
                5,
                2,
                0,
                0
            ],
            [
                5,
                2,
                3,
                1
            ],
            [
                5,
                2,
                4,
                2
            ],
            [
                5,
                4,
                38,
                10
            ],
            [
                6,
                2,
                7,
                5
            ],
            [
                6,
                3,
                37,
                23
            ],
            [
                6,
                4,
                38,
                10
            ],
            [
                6,
                2,
                1,
                0
            ],
            [
                6,
                3,
                38,
                24
            ],
            [
                6,
                2,
                38,
                36
            ],
            [
                7,
                3,
                37,
                23
            ],
            [
                7,
                3,
                37,
                23
            ],
            [
                7,
                2,
                33,
                31
            ],
            [
                7,
                4,
                37,
                9
            ],
            [
                7,
                3,
                40,
                26
            ],
            [
                7,
                2,
                40,
                38
            ],
            [
                8,
                4,
                39,
                11
            ],
            [
                8,
                3,
                39,
                25
            ],
            [
                8,
                3,
                40,
                26
            ],
            [
                8,
                3,
                40,
                26
            ],
            [
                8,
                3,
                40,
                26
            ],
            [
                8,
                3,
                41,
                27
            ],
            [
                9,
                3,
                38,
                24
            ],
            [
                9,
                2,
                40,
                36
            ],
            [
                9,
                2,
                40,
                36
            ],
            [
                9,
                2,
                40,
                36
            ],
            [
                9,
                2,
                40,
                36
            ],
            [
                9,
                2,
                3,
                0
            ],
            [
                9,
                1,
                7,
                7
            ],
            [
                9,
                4,
                40,
                12
            ],
            [
                10,
                3,
                37,
                23
            ],
            [
                10,
                3,
                37,
                23
            ],
            [
                10,
                2,
                17,
                15
            ],
            [
                10,
                4,
                38,
                10
            ],
            [
                10,
                3,
                38,
                24
            ],
            [
                10,
                3,
                38,
                24
            ],
            [
                10,
                2,
                2,
                0
            ],
            [
                10,
                3,
                38,
                24
            ],
            [
                11,
                2,
                37,
                35
            ],
            [
                11,
                2,
                38,
                36
            ],
            [
                11,
                2,
                23,
                21
            ],
            [
                12,
                3,
                36,
                22
            ],
            [
                12,
                4,
                37,
                9
            ],
            [
                12,
                3,
                37,
                23
            ],
            [
                12,
                2,
                37,
                35
            ],
            [
                12,
                2,
                40,
                38
            ],
            [
                13,
                3,
                36,
                22
            ],
            [
                14,
                4,
                38,
                10
            ],
            [
                14,
                2,
                38,
                34
            ],
            [
                14,
                3,
                38,
                24
            ],
            [
                14,
                2,
                38,
                34
            ],
            [
                14,
                2,
                39,
                35
            ],
            [
                14,
                2,
                39,
                35
            ],
            [
                14,
                2,
                39,
                35
            ],
            [
                14,
                2,
                39,
                35
            ],
            [
                14,
                2,
                40,
                36
            ],
            [
                14,
                2,
                40,
                36
            ],
            [
                15,
                4,
                37,
                9
            ],
            [
                15,
                2,
                18,
                16
            ],
            [
                15,
                4,
                37,
                9
            ],
            [
                15,
                3,
                38,
                24
            ],
            [
                15,
                4,
                37,
                9
            ],
            [
                15,
                2,
                37,
                35
            ],
            [
                15,
                2,
                37,
                35
            ],
            [
                15,
                2,
                37,
                35
            ],
            [
                16,
                4,
                37,
                9
            ],
            [
                16,
                3,
                37,
                23
            ],
            [
                16,
                2,
                37,
                35
            ],
            [
                16,
                3,
                38,
                24
            ],
            [
                16,
                3,
                41,
                27
            ],
            [
                16,
                3,
                37,
                23
            ],
            [
                16,
                4,
                38,
                10
            ],
            [
                17,
                3,
                40,
                26
            ],
            [
                17,
                4,
                40,
                12
            ],
            [
                17,
                3,
                37,
                23
            ],
            [
                17,
                2,
                41,
                39
            ],
            [
                17,
                2,
                41,
                39
            ],
            [
                17,
                4,
                41,
                13
            ],
            [
                17,
                3,
                41,
                27
            ],
            [
                17,
                2,
                40,
                38
            ],
            [
                17,
                2,
                42,
                40
            ],
            [
                17,
                2,
                42,
                40
            ],
            [
                17,
                3,
                42,
                28
            ],
            [
                17,
                4,
                42,
                14
            ],
            [
                18,
                2,
                42,
                38
            ],
            [
                18,
                2,
                42,
                38
            ],
            [
                18,
                3,
                42,
                28
            ],
            [
                18,
                2,
                42,
                38
            ],
            [
                18,
                2,
                41,
                37
            ],
            [
                18,
                3,
                42,
                28
            ],
            [
                19,
                3,
                42,
                28
            ],
            [
                19,
                4,
                41,
                13
            ],
            [
                19,
                4,
                42,
                14
            ],
            [
                19,
                3,
                42,
                28
            ],
            [
                19,
                3,
                42,
                28
            ],
            [
                19,
                2,
                42,
                38
            ],
            [
                20,
                3,
                39,
                25
            ],
            [
                20,
                2,
                39,
                37
            ],
            [
                20,
                4,
                43,
                15
            ],
            [
                20,
                2,
                43,
                41
            ],
            [
                20,
                2,
                44,
                42
            ],
            [
                20,
                2,
                43,
                41
            ],
            [
                20,
                2,
                32,
                30
            ],
            [
                20,
                4,
                43,
                15
            ],
            [
                20,
                4,
                43,
                15
            ],
            [
                21,
                4,
                43,
                15
            ],
            [
                21,
                4,
                43,
                15
            ],
            [
                21,
                3,
                43,
                29
            ],
            [
                21,
                2,
                43,
                41
            ],
            [
                22,
                3,
                42,
                28
            ],
            [
                22,
                2,
                42,
                40
            ],
            [
                22,
                2,
                43,
                41
            ],
            [
                22,
                3,
                43,
                29
            ],
            [
                22,
                2,
                43,
                41
            ],
            [
                22,
                2,
                43,
                41
            ],
            [
                23,
                2,
                42,
                38
            ],
            [
                23,
                1,
                43,
                43
            ],
            [
                23,
                2,
                43,
                39
            ],
            [
                23,
                2,
                43,
                39
            ],
            [
                23,
                3,
                43,
                29
            ],
            [
                23,
                3,
                43,
                29
            ],
            [
                23,
                4,
                46,
                18
            ],
            [
                24,
                3,
                42,
                28
            ],
            [
                24,
                2,
                7,
                3
            ],
            [
                24,
                4,
                45,
                17
            ],
            [
                24,
                4,
                45,
                17
            ],
            [
                24,
                2,
                46,
                42
            ],
            [
                25,
                4,
                43,
                15
            ],
            [
                25,
                4,
                43,
                15
            ],
            [
                25,
                4,
                44,
                16
            ],
            [
                25,
                3,
                44,
                30
            ],
            [
                25,
                4,
                44,
                16
            ],
            [
                25,
                3,
                44,
                30
            ],
            [
                25,
                3,
                44,
                30
            ],
            [
                26,
                4,
                44,
                16
            ],
            [
                26,
                4,
                44,
                16
            ],
            [
                26,
                3,
                44,
                30
            ],
            [
                26,
                2,
                44,
                42
            ],
            [
                26,
                2,
                44,
                42
            ],
            [
                26,
                3,
                44,
                30
            ],
            [
                26,
                4,
                44,
                16
            ],
            [
                26,
                4,
                44,
                16
            ],
            [
                26,
                4,
                45,
                17
            ],
            [
                26,
                4,
                45,
                17
            ],
            [
                26,
                2,
                45,
                43
            ],
            [
                27,
                2,
                44,
                42
            ],
            [
                27,
                4,
                47,
                19
            ],
            [
                27,
                2,
                48,
                46
            ],
            [
                27,
                4,
                47,
                19
            ],
            [
                28,
                2,
                47,
                43
            ],
            [
                28,
                3,
                47,
                33
            ],
            [
                28,
                3,
                48,
                34
            ],
            [
                28,
                3,
                48,
                34
            ],
            [
                29,
                3,
                47,
                33
            ],
            [
                29,
                2,
                45,
                41
            ],
            [
                29,
                4,
                48,
                20
            ],
            [
                29,
                4,
                48,
                20
            ],
            [
                29,
                3,
                48,
                34
            ],
            [
                29,
                2,
                48,
                44
            ],
            [
                29,
                4,
                48,
                20
            ]
        ],
        "lWaitDayByPriority": [
            6764,
            50,
            2386,
            2473,
            1855
        ],
        "objval": 2939.7561000898595,
        "std_occupancy": 45.63808980584687
    },
    "runtime": 0.7539620399475098,
    "simdays": 150,
    "solver": "greedy"
}