{
    "arrivalrate": 6.0,
    "ins_name": 90,
    "ins_path": null,
    "lNoNewPatients": [
        180,
        2,
        72,
        63,
        43
    ],
    "lNoPatients": [
        341,
        2,
        80,
        165,
        94
    ],
    "lNoSections": [
        2415,
        11,
        217,
        1349,
        838
    ],
    "mipgap": 1.0,
    "noLinacs": 4,
    "noSlotsPerDay": 120,
    "planningHorizon": 80,
    "runresult": {
        "avg_occupancy": 48.44722222222222,
        "feasibility": true,
        "lAvgLateDayByPriority": [
            21.961111111111112,
            21.5,
            25.51388888888889,
            24.317460317460316,
            12.581395348837209
        ],
        "lAvgWaitDayByPriority": [
            34.05,
            21.5,
            28.319444444444443,
            37.53968253968254,
            39.116279069767444
        ],
        "lLateDayByPriority": [
            3953,
            43,
            1837,
            1532,
            541
        ],
        "lOccupancy": {
            "0": [
                0.0,
                0.0,
                0.0,
                0.0,
                0.0,
                0.0,
                0.0,
                0.0,
                0.0,
                1.25,
                0.0,
                0.0,
                0.0,
                0.0,
                0.0,
                0.0,
                0.0,
                0.0,
                0.0,
                0.0,
                0.0,
                0.0,
                0.0,
                0.0,
                0.0,
                0.0,
                0.0,
                0.0,
                0.0,
                0.0,
                0.0,
                0.0,
                0.0,
                0.0,
                0.0,
                0.0,
                0.0,
                0.0,
                0.0,
                0.0,
                0.0,
                0.0,
                0.0,
                0.0,
                0.0,
                0.0,
                0.0,
                0.0,
                0.0,
                0.0,
                0.0,
                0.0,
                0.0,
                0.0,
                1.0416666666666665,
                1.0416666666666665,
                1.0416666666666665,
                1.0416666666666665,
                1.0416666666666665,
                1.0416666666666665,
                1.0416666666666665,
                1.0416666666666665,
                1.0416666666666665,
                1.0416666666666665,
                0.0,
                0.0,
                0.0,
                0.0,
                0.0,
                0.0,
                0.0,
                0.0,
                0.0,
                0.0,
                0.0,
                0.0,
                0.0,
                0.0,
                0.0,
                0.0,
                0.0,
                0.0,
                0.0,
                0.0,
                0.0,
                0.0,
                0.0,
                0.0,
                0.0,
                0.0,
                0.0,
                0.0,
                0.0,
                0.0,
                0.0,
                0.0,
                0.0,
                0.0,
                0.0,
                0.0,
                0.0,
                0.0,
                0.0,
                0.0,
                0.0,
                0.0,
                0.0,
                0.0,
                0.0,
                0.0,
                0.0,
                0.0,
                0.0,
                0.0,
                0.0,
                0.0,
                0.0,
                0.0,
                0.0,
                0.0,
                0.0,
                0.0,
                0.0,
                0.0,
                0.0,
                0.0,
                0.0,
                0.0,
                0.0,
                0.0,
                0.0,
                0.0,
                0.0,
                0.0,
                0.0,
                0.0,
                0.0,
                0.0,
                0.0,
                0.0,
                0.0,
                0.0,
                0.0,
                0.0,
                0.0,
                0.0,
                0.0,
                0.0,
                0.0,
                0.0
            ],
            "1": [
                12.916666666666668,
                10.208333333333334,
                11.875,
                6.875000000000001,
                4.166666666666666,
                4.791666666666667,
                5.416666666666667,
                2.7083333333333335,
                6.458333333333334,
                5.625,
                5.208333333333334,
                1.4583333333333333,
                3.958333333333333,
                0.0,
                0.0,
                0.0,
                1.6666666666666667,
                1.6666666666666667,
                1.6666666666666667,
                1.6666666666666667,
                1.6666666666666667,
                0.0,
                1.25,
                1.25,
                1.25,
                0.0,
                1.25,
                1.875,
                1.25,
                1.25,
                1.0416666666666665,
                0.0,
                0.0,
                1.25,
                0.0,
                1.6666666666666667,
                2.9166666666666665,
                3.125,
                7.291666666666667,
                7.291666666666667,
                12.083333333333334,
                9.166666666666666,
                12.291666666666666,
                12.708333333333332,
                11.041666666666666,
                8.333333333333332,
                8.333333333333332,
                5.0,
                13.541666666666666,
                12.5,
                9.166666666666666,
                12.708333333333332,
                16.666666666666664,
                13.541666666666666,
                17.916666666666668,
                15.416666666666668,
                13.750000000000002,
                12.5,
                6.458333333333334,
                7.083333333333333,
                7.708333333333334,
                3.958333333333333,
                3.958333333333333,
                3.958333333333333,
                1.25,
                0.0,
                0.0,
                0.0,
                0.0,
                0.0,
                0.0,
                0.0,
                0.0,
                0.0,
                0.0,
                0.0,
                0.0,
                0.0,
                0.0,
                0.0,
                0.0,
                0.0,
                0.0,
                0.0,
                0.0,
                0.0,
                0.0,
                0.0,
                0.0,
                0.0,
                0.0,
                0.0,
                0.0,
                0.0,
                0.0,
                0.0,
                0.0,
                0.0,
                0.0,
                0.0,
                0.0,
                0.0,
                0.0,
                0.0,
                0.0,
                0.0,
                0.0,
                0.0,
                0.0,
                0.0,
                0.0,
                0.0,
                0.0,
                0.0,
                0.0,
                0.0,
                0.0,
                0.0,
                0.0,
                0.0,
                0.0,
                0.0,
                0.0,
                0.0,
                0.0,
                0.0,
                0.0,
                0.0,
                0.0,
                0.0,
                0.0,
                0.0,
                0.0,
                0.0,
                0.0,
                0.0,
                0.0,
                0.0,
                0.0,
                0.0,
                0.0,
                0.0,
                0.0,
                0.0,
                0.0,
                0.0,
                0.0,
                0.0,
                0.0,
                0.0
            ],
            "2": [
                68.33333333333333,
                68.125,
                68.75,
                67.08333333333333,
                68.125,
                73.75,
                71.45833333333333,
                71.04166666666667,
                60.83333333333333,
                57.291666666666664,
                56.041666666666664,
                52.29166666666667,
                49.375,
                52.5,
                52.5,
                57.291666666666664,
                56.041666666666664,
                56.041666666666664,
                55.833333333333336,
                54.79166666666667,
                51.87500000000001,
                53.333333333333336,
                56.666666666666664,
                56.875,
                56.875,
                58.54166666666667,
                54.79166666666667,
                56.041666666666664,
                55.833333333333336,
                55.833333333333336,
                56.25,
                55.833333333333336,
                57.291666666666664,
                61.875,
                58.958333333333336,
                61.875,
                58.958333333333336,
                59.375,
                55.625,
                58.958333333333336,
                56.25,
                56.666666666666664,
                56.458333333333336,
                60.20833333333333,
                60.0,
                65.41666666666667,
                67.29166666666667,
                68.54166666666667,
                62.708333333333336,
                62.5,
                65.83333333333333,
                62.5,
                57.49999999999999,
                58.12500000000001,
                56.25,
                59.375,
                59.375,
                57.91666666666667,
                61.04166666666667,
                61.875,
                61.458333333333336,
                60.416666666666664,
                60.416666666666664,
                57.08333333333333,
                55.208333333333336,
                50.416666666666664,
                39.375,
                39.375,
                36.041666666666664,
                36.041666666666664,
                32.708333333333336,
                31.25,
                29.583333333333332,
                24.583333333333332,
                22.916666666666664,
                19.791666666666664,
                18.125,
                18.125,
                18.125,
                18.125,
                16.875,
                16.875,
                16.875,
                13.958333333333334,
                13.958333333333334,
                13.958333333333334,
                11.458333333333332,
                10.208333333333334,
                6.041666666666667,
                4.791666666666667,
                3.5416666666666665,
                2.2916666666666665,
                0.0,
                0.0,
                0.0,
                0.0,
                0.0,
                0.0,
                0.0,
                0.0,
                0.0,
                0.0,
                0.0,
                0.0,
                0.0,
                0.0,
                0.0,
                0.0,
                0.0,
                0.0,
                0.0,
                0.0,
                0.0,
                0.0,
                0.0,
                0.0,
                0.0,
                0.0,
                0.0,
                0.0,
                0.0,
                0.0,
                0.0,
                0.0,
                0.0,
                0.0,
                0.0,
                0.0,
                0.0,
                0.0,
                0.0,
                0.0,
                0.0,
                0.0,
                0.0,
                0.0,
                0.0,
                0.0,
                0.0,
                0.0,
                0.0,
                0.0,
                0.0,
                0.0,
                0.0,
                0.0,
                0.0,
                0.0,
                0.0,
                0.0
            ],
            "3": [
                15.416666666666668,
                15.416666666666668,
                13.958333333333334,
                14.374999999999998,
                14.374999999999998,
                15.833333333333332,
                21.666666666666668,
                22.916666666666664,
                31.458333333333332,
                34.375,
                38.125,
                45.625,
                44.79166666666667,
                45.208333333333336,
                45.208333333333336,
                40.625,
                41.041666666666664,
                41.041666666666664,
                41.458333333333336,
                41.458333333333336,
                44.375,
                44.79166666666667,
                40.208333333333336,
                41.25,
                41.25,
                40.0,
                42.916666666666664,
                41.041666666666664,
                42.083333333333336,
                42.083333333333336,
                42.083333333333336,
                42.083333333333336,
                40.833333333333336,
                36.666666666666664,
                39.791666666666664,
                35.41666666666667,
                37.083333333333336,
                35.625,
                36.041666666666664,
                32.083333333333336,
                30.833333333333336,
                31.666666666666664,
                29.583333333333332,
                24.791666666666668,
                25.0,
                24.166666666666668,
                21.25,
                23.75,
                23.125,
                24.166666666666668,
                24.166666666666668,
                24.375,
                25.208333333333332,
                26.875,
                22.291666666666668,
                22.291666666666668,
                24.375,
                26.458333333333332,
                28.749999999999996,
                28.541666666666664,
                28.541666666666664,
                32.916666666666664,
                31.874999999999996,
                32.29166666666667,
                29.375,
                29.375,
                27.708333333333336,
                27.708333333333336,
                26.041666666666668,
                22.708333333333332,
                21.458333333333332,
                21.458333333333332,
                21.458333333333332,
                20.0,
                18.75,
                17.5,
                16.458333333333332,
                11.875,
                10.833333333333334,
                10.833333333333334,
                9.791666666666666,
                6.458333333333334,
                6.458333333333334,
                6.458333333333334,
                6.458333333333334,
                5.416666666666667,
                2.083333333333333,
                2.083333333333333,
                2.083333333333333,
                2.083333333333333,
                2.083333333333333,
                1.0416666666666665,
                0.0,
                0.0,
                0.0,
                0.0,
                0.0,
                0.0,
                0.0,
                0.0,
                0.0,
                0.0,
                0.0,
                0.0,
                0.0,
                0.0,
                0.0,
                0.0,
                0.0,
                0.0,
                0.0,
                0.0,
                0.0,
                0.0,
                0.0,
                0.0,
                0.0,
                0.0,
                0.0,
                0.0,
                0.0,
                0.0,
                0.0,
                0.0,
                0.0,
                0.0,
                0.0,
                0.0,
                0.0,
                0.0,
                0.0,
                0.0,
                0.0,
                0.0,
                0.0,
                0.0,
                0.0,
                0.0,
                0.0,
                0.0,
                0.0,
                0.0,
                0.0,
                0.0,
                0.0,
                0.0,
                0.0,
                0.0,
                0.0,
                0.0
            ],
            "overall": [
                96.66666666666667,
                93.75,
                94.58333333333333,
                88.33333333333333,
                86.66666666666667,
                94.375,
                98.54166666666667,
                96.66666666666666,
                98.74999999999999,
                98.54166666666666,
                99.375,
                99.375,
                98.125,
                97.70833333333334,
                97.70833333333334,
                97.91666666666666,
                98.75,
                98.75,
                98.95833333333334,
                97.91666666666667,
                97.91666666666667,
                98.125,
                98.125,
                99.375,
                99.375,
                98.54166666666667,
                98.95833333333334,
                98.95833333333333,
                99.16666666666667,
                99.16666666666667,
                99.375,
                97.91666666666667,
                98.125,
                99.79166666666666,
                98.75,
                98.95833333333334,
                98.95833333333334,
                98.125,
                98.95833333333333,
                98.33333333333334,
                99.16666666666666,
                97.5,
                98.33333333333333,
                97.70833333333333,
                96.04166666666667,
                97.91666666666667,
                96.875,
                97.29166666666667,
                99.375,
                99.16666666666667,
                99.16666666666667,
                99.58333333333333,
                99.37499999999999,
                98.54166666666667,
                97.50000000000001,
                98.12500000000001,
                98.54166666666667,
                97.91666666666667,
                97.29166666666667,
                98.54166666666666,
                98.75,
                98.33333333333331,
                97.29166666666666,
                94.375,
                85.83333333333334,
                79.79166666666666,
                67.08333333333334,
                67.08333333333334,
                62.08333333333333,
                58.75,
                54.16666666666667,
                52.70833333333333,
                51.041666666666664,
                44.58333333333333,
                41.666666666666664,
                37.291666666666664,
                34.58333333333333,
                30.0,
                28.958333333333336,
                28.958333333333336,
                26.666666666666664,
                23.333333333333336,
                23.333333333333336,
                20.416666666666668,
                20.416666666666668,
                19.375,
                13.541666666666664,
                12.291666666666668,
                8.125,
                6.875,
                5.625,
                3.333333333333333,
                0.0,
                0.0,
                0.0,
                0.0,
                0.0,
                0.0,
                0.0,
                0.0,
                0.0,
                0.0,
                0.0,
                0.0,
                0.0,
                0.0,
                0.0,
                0.0,
                0.0,
                0.0,
                0.0,
                0.0,
                0.0,
                0.0,
                0.0,
                0.0,
                0.0,
                0.0,
                0.0,
                0.0,
                0.0,
                0.0,
                0.0,
                0.0,
                0.0,
                0.0,
                0.0,
                0.0,
                0.0,
                0.0,
                0.0,
                0.0,
                0.0,
                0.0,
                0.0,
                0.0,
                0.0,
                0.0,
                0.0,
                0.0,
                0.0,
                0.0,
                0.0,
                0.0,
                0.0,
                0.0,
                0.0,
                0.0,
                0.0,
                0.0
            ]
        },
        "lWaitAndOverdue": [
            [
                0,
                3,
                7,
                0
            ],
            [
                0,
                3,
                7,
                0
            ],
            [
                0,
                2,
                1,
                0
            ],
            [
                0,
                3,
                7,
                0
            ],
            [
                0,
                3,
                7,
                0
            ],
            [
                0,
                2,
                0,
                0
            ],
            [
                0,
                2,
                2,
                0
            ],
            [
                0,
                4,
                14,
                0
            ],
            [
                1,
                2,
                2,
                0
            ],
            [
                1,
                4,
                14,
                0
            ],
            [
                1,
                4,
                14,
                0
            ],
            [
                1,
                4,
                14,
                0
            ],
            [
                1,
                3,
                7,
                0
            ],
            [
                1,
                3,
                7,
                0
            ],
            [
                2,
                3,
                7,
                0
            ],
            [
                2,
                2,
                0,
                0
            ],
            [
                2,
                3,
                20,
                6
            ],
            [
                2,
                3,
                20,
                6
            ],
            [
                2,
                2,
                0,
                0
            ],
            [
                3,
                2,
                1,
                0
            ],
            [
                3,
                3,
                39,
                25
            ],
            [
                3,
                3,
                42,
                28
            ],
            [
                3,
                3,
                42,
                28
            ],
            [
                4,
                3,
                41,
                27
            ],
            [
                4,
                2,
                4,
                0
            ],
            [
                4,
                2,
                6,
                2
            ],
            [
                4,
                2,
                3,
                0
            ],
            [
                4,
                4,
                42,
                14
            ],
            [
                4,
                2,
                6,
                2
            ],
            [
                5,
                3,
                39,
                25
            ],
            [
                5,
                4,
                39,
                11
            ],
            [
                5,
                2,
                1,
                0
            ],
            [
                5,
                3,
                42,
                28
            ],
            [
                5,
                2,
                15,
                13
            ],
            [
                5,
                3,
                42,
                28
            ],
            [
                5,
                3,
                42,
                28
            ],
            [
                6,
                2,
                3,
                1
            ],
            [
                6,
                4,
                21,
                0
            ],
            [
                6,
                3,
                41,
                27
            ],
            [
                6,
                2,
                41,
                39
            ],
            [
                6,
                4,
                42,
                14
            ],
            [
                6,
                3,
                43,
                29
            ],
            [
                7,
                3,
                42,
                28
            ],
            [
                7,
                3,
                42,
                28
            ],
            [
                7,
                3,
                42,
                28
            ],
            [
                7,
                3,
                42,
                28
            ],
            [
                7,
                3,
                40,
                26
            ],
            [
                8,
                2,
                1,
                0
            ],
            [
                8,
                2,
                41,
                37
            ],
            [
                8,
                2,
                42,
                38
            ],
            [
                8,
                2,
                42,
                38
            ],
            [
                8,
                2,
                4,
                0
            ],
            [
                8,
                1,
                1,
                1
            ],
            [
                9,
                4,
                41,
                13
            ],
            [
                9,
                3,
                41,
                27
            ],
            [
                9,
                3,
                41,
                27
            ],
            [
                9,
                2,
                5,
                1
            ],
            [
                10,
                4,
                38,
                10
            ],
            [
                10,
                3,
                39,
                25
            ],
            [
                10,
                3,
                39,
                25
            ],
            [
                10,
                2,
                0,
                0
            ],
            [
                10,
                3,
                42,
                28
            ],
            [
                10,
                2,
                38,
                36
            ],
            [
                11,
                2,
                22,
                20
            ],
            [
                11,
                2,
                1,
                0
            ],
            [
                11,
                3,
                41,
                27
            ],
            [
                11,
                4,
                41,
                13
            ],
            [
                11,
                3,
                42,
                28
            ],
            [
                11,
                2,
                41,
                39
            ],
            [
                11,
                2,
                41,
                39
            ],
            [
                12,
                3,
                41,
                27
            ],
            [
                12,
                4,
                41,
                13
            ],
            [
                12,
                2,
                41,
                39
            ],
            [
                12,
                3,
                42,
                28
            ],
            [
                12,
                2,
                40,
                38
            ],
            [
                13,
                2,
                41,
                37
            ],
            [
                13,
                2,
                42,
                38
            ],
            [
                13,
                2,
                41,
                37
            ],
            [
                13,
                2,
                41,
                37
            ],
            [
                13,
                2,
                41,
                37
            ],
            [
                13,
                2,
                13,
                9
            ],
            [
                14,
                4,
                40,
                12
            ],
            [
                14,
                2,
                14,
                10
            ],
            [
                14,
                4,
                41,
                13
            ],
            [
                14,
                3,
                41,
                27
            ],
            [
                15,
                4,
                39,
                11
            ],
            [
                15,
                2,
                38,
                36
            ],
            [
                15,
                2,
                15,
                13
            ],
            [
                15,
                2,
                17,
                15
            ],
            [
                16,
                4,
                36,
                8
            ],
            [
                16,
                3,
                38,
                24
            ],
            [
                16,
                2,
                23,
                21
            ],
            [
                17,
                3,
                40,
                26
            ],
            [
                17,
                3,
                41,
                27
            ],
            [
                17,
                3,
                40,
                26
            ],
            [
                17,
                4,
                40,
                12
            ],
            [
                17,
                3,
                41,
                27
            ],
            [
                17,
                4,
                42,
                14
            ],
            [
                17,
                3,
                42,
                28
            ],
            [
                17,
                2,
                37,
                35
            ],
            [
                17,
                2,
                37,
                35
            ],
            [
                17,
                4,
                42,
                14
            ],
            [
                17,
                3,
                43,
                29
            ],
            [
                18,
                2,
                42,
                38
            ],
            [
                18,
                2,
                42,
                38
            ],
            [
                18,
                2,
                42,
                38
            ],
            [
                18,
                3,
                42,
                28
            ],
            [
                18,
                4,
                42,
                14
            ],
            [
                18,
                2,
                42,
                38
            ],
            [
                19,
                2,
                41,
                37
            ],
            [
                19,
                3,
                42,
                28
            ],
            [
                19,
                2,
                42,
                38
            ],
            [
                19,
                2,
                42,
                38
            ],
            [
                19,
                3,
                42,
                28
            ],
            [
                19,
                3,
                42,
                28
            ],
            [
                19,
                4,
                41,
                13
            ],
            [
                20,
                4,
                39,
                11
            ],
            [
                20,
                3,
                42,
                28
            ],
            [
                20,
                3,
                42,
                28
            ],
            [
                20,
                2,
                39,
                37
            ],
            [
                20,
                3,
                42,
                28
            ],
            [
                21,
                2,
                42,
                40
            ],
            [
                21,
                4,
                41,
                13
            ],
            [
                21,
                2,
                42,
                40
            ],
            [
                21,
                2,
                43,
                41
            ],
            [
                22,
                2,
                42,
                40
            ],
            [
                22,
                2,
                20,
                18
            ],
            [
                22,
                4,
                41,
                13
            ],
            [
                22,
                4,
                42,
                14
            ],
            [
                22,
                4,
                42,
                14
            ],
            [
                23,
                4,
                42,
                14
            ],
            [
                23,
                3,
                42,
                28
            ],
            [
                23,
                2,
                41,
                37
            ],
            [
                23,
                3,
                42,
                28
            ],
            [
                23,
                2,
                41,
                37
            ],
            [
                23,
                2,
                42,
                38
            ],
            [
                23,
                3,
                43,
                29
            ],
            [
                23,
                2,
                43,
                39
            ],
            [
                24,
                2,
                42,
                38
            ],
            [
                24,
                2,
                42,
                38
            ],
            [
                24,
                1,
                42,
                42
            ],
            [
                24,
                2,
                45,
                41
            ],
            [
                24,
                2,
                45,
                41
            ],
            [
                24,
                3,
                45,
                31
            ],
            [
                25,
                3,
                42,
                28
            ],
            [
                25,
                4,
                38,
                10
            ],
            [
                25,
                3,
                42,
                28
            ],
            [
                25,
                2,
                7,
                5
            ],
            [
                25,
                4,
                43,
                15
            ],
            [
                25,
                4,
                43,
                15
            ],
            [
                26,
                2,
                43,
                41
            ],
            [
                26,
                4,
                43,
                15
            ],
            [
                26,
                4,
                43,
                15
            ],
            [
                26,
                4,
                44,
                16
            ],
            [
                26,
                3,
                44,
                30
            ],
            [
                26,
                4,
                44,
                16
            ],
            [
                26,
                3,
                44,
                30
            ],
            [
                26,
                3,
                44,
                30
            ],
            [
                27,
                4,
                44,
                16
            ],
            [
                27,
                4,
                44,
                16
            ],
            [
                27,
                3,
                44,
                30
            ],
            [
                27,
                2,
                44,
                42
            ],
            [
                27,
                2,
                44,
                42
            ],
            [
                28,
                3,
                46,
                32
            ],
            [
                28,
                4,
                43,
                15
            ],
            [
                28,
                4,
                47,
                19
            ],
            [
                28,
                4,
                46,
                18
            ],
            [
                28,
                4,
                47,
                19
            ],
            [
                28,
                2,
                43,
                39
            ],
            [
                28,
                2,
                43,
                39
            ],
            [
                28,
                4,
                47,
                19
            ],
            [
                28,
                2,
                46,
                42
            ],
            [
                28,
                4,
                47,
                19
            ],
            [
                28,
                2,
                46,
                42
            ],
            [
                28,
                3,
                47,
                33
            ],
            [
                29,
                3,
                47,
                33
            ],
            [
                29,
                3,
                48,
                34
            ],
            [
                29,
                3,
                47,
                33
            ],
            [
                29,
                2,
                17,
                13
            ],
            [
                29,
                4,
                48,
                20
            ]
        ],
        "lWaitDayByPriority": [
            6129,
            43,
            2039,
            2365,
            1682
        ],
        "objval": 2858.7631506090806,
        "std_occupancy": 45.54417362894193
    },
    "runtime": 0.7448365688323975,
    "simdays": 150,
    "solver": "daily_greedy"
}