{
    "arrivalrate": 6.0,
    "ins_name": 125,
    "ins_path": null,
    "lNoNewPatients": [
        199,
        2,
        86,
        63,
        48
    ],
    "lNoPatients": [
        363,
        2,
        91,
        169,
        101
    ],
    "lNoSections": [
        2492,
        11,
        257,
        1366,
        858
    ],
    "mipgap": 1.0,
    "noLinacs": 4,
    "noSlotsPerDay": 120,
    "planningHorizon": 80,
    "runresult": {
        "avg_occupancy": 51.138888888888886,
        "feasibility": true,
        "lAvgLateDayByPriority": [
            28.105527638190956,
            23.5,
            33.94186046511628,
            27.253968253968253,
            18.958333333333332
        ],
        "lAvgWaitDayByPriority": [
            40.005025125628144,
            23.5,
            36.66279069767442,
            40.666666666666664,
            45.8125
        ],
        "lLateDayByPriority": [
            5593,
            47,
            2919,
            1717,
            910
        ],
        "lOccupancy": {
            "0": [
                0.0,
                0.0,
                0.0,
                0.0,
                1.25,
                0.0,
                0.0,
                0.0,
                0.0,
                0.0,
                0.0,
                0.0,
                0.0,
                0.0,
                0.0,
                0.0,
                0.0,
                0.0,
                0.0,
                0.0,
                0.0,
                0.0,
                0.0,
                0.0,
                0.0,
                0.0,
                0.0,
                0.0,
                0.0,
                0.0,
                0.0,
                0.0,
                0.0,
                0.0,
                0.0,
                0.0,
                0.0,
                0.0,
                0.0,
                0.0,
                0.0,
                0.0,
                0.0,
                0.0,
                0.0,
                0.0,
                0.0,
                0.0,
                0.0,
                0.0,
                0.0,
                1.0416666666666665,
                1.0416666666666665,
                1.0416666666666665,
                1.0416666666666665,
                1.0416666666666665,
                1.0416666666666665,
                1.0416666666666665,
                1.0416666666666665,
                1.0416666666666665,
                1.0416666666666665,
                0.0,
                0.0,
                0.0,
                0.0,
                0.0,
                0.0,
                0.0,
                0.0,
                0.0,
                0.0,
                0.0,
                0.0,
                0.0,
                0.0,
                0.0,
                0.0,
                0.0,
                0.0,
                0.0,
                0.0,
                0.0,
                0.0,
                0.0,
                0.0,
                0.0,
                0.0,
                0.0,
                0.0,
                0.0,
                0.0,
                0.0,
                0.0,
                0.0,
                0.0,
                0.0,
                0.0,
                0.0,
                0.0,
                0.0,
                0.0,
                0.0,
                0.0,
                0.0,
                0.0,
                0.0,
                0.0,
                0.0,
                0.0,
                0.0,
                0.0,
                0.0,
                0.0,
                0.0,
                0.0,
                0.0,
                0.0,
                0.0,
                0.0,
                0.0,
                0.0,
                0.0,
                0.0,
                0.0,
                0.0,
                0.0,
                0.0,
                0.0,
                0.0,
                0.0,
                0.0,
                0.0,
                0.0,
                0.0,
                0.0,
                0.0,
                0.0,
                0.0,
                0.0,
                0.0,
                0.0,
                0.0,
                0.0,
                0.0,
                0.0,
                0.0,
                0.0,
                0.0,
                0.0,
                0.0
            ],
            "1": [
                8.75,
                8.75,
                6.875000000000001,
                8.125,
                7.291666666666667,
                11.458333333333332,
                6.458333333333334,
                4.791666666666667,
                4.166666666666666,
                0.0,
                0.0,
                0.0,
                0.0,
                0.0,
                1.25,
                1.25,
                0.0,
                0.0,
                0.0,
                1.0416666666666665,
                0.0,
                0.0,
                0.0,
                0.0,
                0.0,
                1.25,
                1.25,
                1.25,
                1.25,
                0.0,
                0.0,
                1.25,
                0.0,
                1.4583333333333333,
                4.375,
                3.125,
                3.125,
                11.041666666666666,
                12.5,
                17.083333333333332,
                10.625,
                7.708333333333334,
                6.666666666666667,
                5.0,
                15.208333333333332,
                12.083333333333334,
                12.5,
                12.5,
                12.5,
                11.875,
                15.625,
                10.625,
                16.25,
                13.750000000000002,
                9.583333333333334,
                6.458333333333334,
                6.041666666666667,
                5.833333333333333,
                4.166666666666666,
                3.958333333333333,
                7.916666666666666,
                2.2916666666666665,
                2.2916666666666665,
                9.583333333333334,
                10.625,
                10.625,
                14.374999999999998,
                20.416666666666668,
                11.25,
                2.083333333333333,
                2.083333333333333,
                2.083333333333333,
                2.083333333333333,
                1.0416666666666665,
                1.0416666666666665,
                1.0416666666666665,
                1.0416666666666665,
                0.0,
                0.0,
                0.0,
                0.0,
                0.0,
                0.0,
                0.0,
                0.0,
                0.0,
                0.0,
                0.0,
                0.0,
                0.0,
                0.0,
                0.0,
                0.0,
                0.0,
                0.0,
                0.0,
                0.0,
                0.0,
                0.0,
                0.0,
                0.0,
                0.0,
                0.0,
                0.0,
                0.0,
                0.0,
                0.0,
                0.0,
                0.0,
                0.0,
                0.0,
                0.0,
                0.0,
                0.0,
                0.0,
                0.0,
                0.0,
                0.0,
                0.0,
                0.0,
                0.0,
                0.0,
                0.0,
                0.0,
                0.0,
                0.0,
                0.0,
                0.0,
                0.0,
                0.0,
                0.0,
                0.0,
                0.0,
                0.0,
                0.0,
                0.0,
                0.0,
                0.0,
                0.0,
                0.0,
                0.0,
                0.0,
                0.0,
                0.0,
                0.0,
                0.0,
                0.0,
                0.0,
                0.0,
                0.0
            ],
            "2": [
                68.75,
                68.125,
                68.125,
                66.25,
                60.83333333333333,
                57.49999999999999,
                50.83333333333333,
                51.45833333333333,
                58.333333333333336,
                56.041666666666664,
                57.49999999999999,
                59.166666666666664,
                58.54166666666667,
                58.54166666666667,
                60.20833333333333,
                59.791666666666664,
                59.583333333333336,
                58.54166666666667,
                56.666666666666664,
                58.12500000000001,
                58.54166666666667,
                61.04166666666667,
                61.25000000000001,
                60.62499999999999,
                58.333333333333336,
                58.12500000000001,
                59.791666666666664,
                59.791666666666664,
                57.70833333333333,
                57.70833333333333,
                60.83333333333333,
                60.20833333333333,
                58.75,
                58.75,
                59.583333333333336,
                60.0,
                58.333333333333336,
                58.75,
                55.00000000000001,
                55.00000000000001,
                56.875,
                62.708333333333336,
                62.291666666666664,
                63.74999999999999,
                58.12500000000001,
                59.166666666666664,
                60.416666666666664,
                60.416666666666664,
                60.20833333333333,
                60.20833333333333,
                56.041666666666664,
                57.291666666666664,
                54.37499999999999,
                57.291666666666664,
                57.49999999999999,
                58.75,
                59.166666666666664,
                60.0,
                58.333333333333336,
                57.91666666666667,
                55.00000000000001,
                58.75,
                58.75,
                56.666666666666664,
                50.416666666666664,
                50.416666666666664,
                51.87500000000001,
                48.333333333333336,
                47.91666666666667,
                43.125,
                36.666666666666664,
                35.0,
                33.125,
                31.458333333333332,
                31.458333333333332,
                31.458333333333332,
                30.208333333333332,
                30.208333333333332,
                30.208333333333332,
                28.958333333333336,
                28.958333333333336,
                27.291666666666664,
                27.291666666666664,
                23.75,
                20.833333333333336,
                19.583333333333332,
                15.416666666666668,
                15.416666666666668,
                12.916666666666668,
                12.916666666666668,
                10.625,
                10.625,
                9.375,
                9.375,
                6.458333333333334,
                6.458333333333334,
                3.958333333333333,
                1.6666666666666667,
                1.6666666666666667,
                0.0,
                0.0,
                0.0,
                0.0,
                0.0,
                0.0,
                0.0,
                0.0,
                0.0,
                0.0,
                0.0,
                0.0,
                0.0,
                0.0,
                0.0,
                0.0,
                0.0,
                0.0,
                0.0,
                0.0,
                0.0,
                0.0,
                0.0,
                0.0,
                0.0,
                0.0,
                0.0,
                0.0,
                0.0,
                0.0,
                0.0,
                0.0,
                0.0,
                0.0,
                0.0,
                0.0,
                0.0,
                0.0,
                0.0,
                0.0,
                0.0,
                0.0,
                0.0,
                0.0,
                0.0,
                0.0,
                0.0,
                0.0,
                0.0,
                0.0,
                0.0
            ],
            "3": [
                12.916666666666668,
                14.374999999999998,
                14.374999999999998,
                15.833333333333332,
                21.666666666666668,
                25.624999999999996,
                31.458333333333332,
                34.375,
                36.45833333333333,
                42.291666666666664,
                40.416666666666664,
                38.958333333333336,
                40.208333333333336,
                40.208333333333336,
                37.291666666666664,
                37.291666666666664,
                38.333333333333336,
                39.375,
                40.833333333333336,
                38.958333333333336,
                38.958333333333336,
                38.54166666666667,
                37.708333333333336,
                38.333333333333336,
                40.833333333333336,
                39.375,
                37.916666666666664,
                37.916666666666664,
                39.375,
                40.0,
                37.5,
                38.125,
                39.166666666666664,
                37.916666666666664,
                35.833333333333336,
                35.833333333333336,
                37.916666666666664,
                29.791666666666668,
                32.083333333333336,
                27.708333333333336,
                31.666666666666664,
                27.708333333333336,
                27.708333333333336,
                28.749999999999996,
                25.624999999999996,
                27.916666666666668,
                25.624999999999996,
                25.624999999999996,
                26.666666666666668,
                26.875,
                26.875,
                27.708333333333336,
                26.041666666666668,
                26.041666666666668,
                30.0,
                33.541666666666664,
                33.541666666666664,
                32.29166666666667,
                35.625,
                35.625,
                35.41666666666667,
                37.083333333333336,
                37.083333333333336,
                32.5,
                37.916666666666664,
                37.916666666666664,
                32.29166666666667,
                28.958333333333336,
                30.208333333333332,
                28.958333333333336,
                28.958333333333336,
                28.958333333333336,
                26.25,
                26.25,
                22.708333333333332,
                19.583333333333332,
                16.666666666666664,
                16.666666666666664,
                12.291666666666666,
                10.0,
                10.0,
                10.0,
                10.0,
                8.958333333333334,
                5.625,
                5.625,
                5.625,
                4.375,
                2.2916666666666665,
                0.0,
                0.0,
                0.0,
                0.0,
                0.0,
                0.0,
                0.0,
                0.0,
                0.0,
                0.0,
                0.0,
                0.0,
                0.0,
                0.0,
                0.0,
                0.0,
                0.0,
                0.0,
                0.0,
                0.0,
                0.0,
                0.0,
                0.0,
                0.0,
                0.0,
                0.0,
                0.0,
                0.0,
                0.0,
                0.0,
                0.0,
                0.0,
                0.0,
                0.0,
                0.0,
                0.0,
                0.0,
                0.0,
                0.0,
                0.0,
                0.0,
                0.0,
                0.0,
                0.0,
                0.0,
                0.0,
                0.0,
                0.0,
                0.0,
                0.0,
                0.0,
                0.0,
                0.0,
                0.0,
                0.0,
                0.0,
                0.0,
                0.0,
                0.0,
                0.0,
                0.0
            ],
            "overall": [
                90.41666666666667,
                91.25,
                89.375,
                90.20833333333333,
                91.04166666666667,
                94.58333333333333,
                88.75,
                90.625,
                98.95833333333333,
                98.33333333333333,
                97.91666666666666,
                98.125,
                98.75,
                98.75,
                98.75,
                98.33333333333333,
                97.91666666666667,
                97.91666666666667,
                97.5,
                98.125,
                97.5,
                99.58333333333334,
                98.95833333333334,
                98.95833333333333,
                99.16666666666667,
                98.75,
                98.95833333333333,
                98.95833333333333,
                98.33333333333333,
                97.70833333333333,
                98.33333333333333,
                99.58333333333333,
                97.91666666666666,
                98.125,
                99.79166666666667,
                98.95833333333334,
                99.375,
                99.58333333333334,
                99.58333333333334,
                99.79166666666669,
                99.16666666666666,
                98.125,
                96.66666666666666,
                97.5,
                98.95833333333334,
                99.16666666666667,
                98.54166666666666,
                98.54166666666666,
                99.375,
                98.95833333333333,
                98.54166666666666,
                96.66666666666666,
                97.70833333333333,
                98.125,
                98.125,
                99.79166666666666,
                99.79166666666666,
                99.16666666666667,
                99.16666666666667,
                98.54166666666667,
                99.37500000000001,
                98.125,
                98.125,
                98.75,
                98.95833333333333,
                98.95833333333333,
                98.54166666666667,
                97.70833333333334,
                89.375,
                74.16666666666667,
                67.70833333333334,
                66.04166666666667,
                61.458333333333336,
                58.75,
                55.20833333333333,
                52.08333333333333,
                47.916666666666664,
                46.875,
                42.5,
                38.958333333333336,
                38.958333333333336,
                37.291666666666664,
                37.291666666666664,
                32.708333333333336,
                26.458333333333336,
                25.208333333333332,
                21.041666666666668,
                19.791666666666668,
                15.208333333333334,
                12.916666666666668,
                10.625,
                10.625,
                9.375,
                9.375,
                6.458333333333334,
                6.458333333333334,
                3.958333333333333,
                1.6666666666666667,
                1.6666666666666667,
                0.0,
                0.0,
                0.0,
                0.0,
                0.0,
                0.0,
                0.0,
                0.0,
                0.0,
                0.0,
                0.0,
                0.0,
                0.0,
                0.0,
                0.0,
                0.0,
                0.0,
                0.0,
                0.0,
                0.0,
                0.0,
                0.0,
                0.0,
                0.0,
                0.0,
                0.0,
                0.0,
                0.0,
                0.0,
                0.0,
                0.0,
                0.0,
                0.0,
                0.0,
                0.0,
                0.0,
                0.0,
                0.0,
                0.0,
                0.0,
                0.0,
                0.0,
                0.0,
                0.0,
                0.0,
                0.0,
                0.0,
                0.0,
                0.0,
                0.0,
                0.0
            ]
        },
        "lWaitAndOverdue": [
            [
                0,
                3,
                9,
                0
            ],
            [
                0,
                3,
                7,
                0
            ],
            [
                0,
                2,
                0,
                0
            ],
            [
                0,
                2,
                2,
                0
            ],
            [
                0,
                2,
                1,
                0
            ],
            [
                0,
                4,
                10,
                0
            ],
            [
                1,
                2,
                2,
                0
            ],
            [
                1,
                3,
                9,
                0
            ],
            [
                1,
                4,
                10,
                0
            ],
            [
                1,
                2,
                0,
                0
            ],
            [
                2,
                3,
                12,
                0
            ],
            [
                2,
                2,
                2,
                0
            ],
            [
                2,
                3,
                13,
                0
            ],
            [
                2,
                3,
                8,
                0
            ],
            [
                2,
                2,
                1,
                0
            ],
            [
                2,
                4,
                9,
                0
            ],
            [
                3,
                3,
                13,
                0
            ],
            [
                3,
                2,
                0,
                0
            ],
            [
                3,
                4,
                36,
                8
            ],
            [
                3,
                3,
                33,
                19
            ],
            [
                3,
                3,
                19,
                5
            ],
            [
                3,
                3,
                12,
                0
            ],
            [
                3,
                3,
                26,
                12
            ],
            [
                3,
                3,
                15,
                1
            ],
            [
                3,
                3,
                6,
                0
            ],
            [
                4,
                2,
                3,
                0
            ],
            [
                4,
                2,
                41,
                37
            ],
            [
                4,
                2,
                4,
                0
            ],
            [
                4,
                2,
                0,
                0
            ],
            [
                4,
                2,
                3,
                0
            ],
            [
                4,
                1,
                0,
                0
            ],
            [
                5,
                4,
                39,
                11
            ],
            [
                5,
                3,
                39,
                25
            ],
            [
                5,
                3,
                39,
                25
            ],
            [
                5,
                2,
                0,
                0
            ],
            [
                6,
                4,
                42,
                14
            ],
            [
                6,
                3,
                41,
                27
            ],
            [
                6,
                3,
                41,
                27
            ],
            [
                6,
                2,
                2,
                0
            ],
            [
                6,
                3,
                41,
                27
            ],
            [
                6,
                2,
                38,
                36
            ],
            [
                7,
                2,
                42,
                40
            ],
            [
                7,
                2,
                9,
                7
            ],
            [
                7,
                3,
                42,
                28
            ],
            [
                7,
                4,
                41,
                13
            ],
            [
                7,
                3,
                42,
                28
            ],
            [
                8,
                2,
                41,
                37
            ],
            [
                8,
                2,
                41,
                37
            ],
            [
                8,
                3,
                42,
                28
            ],
            [
                8,
                4,
                42,
                14
            ],
            [
                8,
                2,
                42,
                38
            ],
            [
                8,
                3,
                42,
                28
            ],
            [
                8,
                2,
                41,
                37
            ],
            [
                9,
                2,
                41,
                37
            ],
            [
                9,
                2,
                42,
                38
            ],
            [
                9,
                2,
                41,
                37
            ],
            [
                9,
                2,
                42,
                38
            ],
            [
                9,
                2,
                42,
                38
            ],
            [
                9,
                2,
                25,
                21
            ],
            [
                9,
                4,
                45,
                17
            ],
            [
                9,
                2,
                10,
                6
            ],
            [
                9,
                4,
                41,
                13
            ],
            [
                9,
                3,
                45,
                31
            ],
            [
                9,
                4,
                45,
                17
            ],
            [
                9,
                2,
                42,
                38
            ],
            [
                10,
                2,
                21,
                19
            ],
            [
                10,
                2,
                39,
                37
            ],
            [
                10,
                4,
                42,
                14
            ],
            [
                10,
                3,
                42,
                28
            ],
            [
                10,
                2,
                24,
                22
            ],
            [
                10,
                3,
                43,
                29
            ],
            [
                10,
                3,
                43,
                29
            ],
            [
                11,
                3,
                43,
                29
            ],
            [
                11,
                4,
                44,
                16
            ],
            [
                11,
                3,
                44,
                30
            ],
            [
                11,
                4,
                44,
                16
            ],
            [
                11,
                3,
                44,
                30
            ],
            [
                11,
                2,
                41,
                39
            ],
            [
                12,
                2,
                43,
                41
            ],
            [
                12,
                4,
                44,
                16
            ],
            [
                12,
                3,
                44,
                30
            ],
            [
                12,
                2,
                44,
                42
            ],
            [
                12,
                2,
                44,
                42
            ],
            [
                12,
                2,
                44,
                42
            ],
            [
                13,
                3,
                46,
                32
            ],
            [
                13,
                4,
                46,
                18
            ],
            [
                13,
                2,
                43,
                39
            ],
            [
                13,
                2,
                43,
                39
            ],
            [
                13,
                3,
                46,
                32
            ],
            [
                13,
                2,
                43,
                39
            ],
            [
                13,
                2,
                46,
                42
            ],
            [
                13,
                3,
                46,
                32
            ],
            [
                13,
                3,
                46,
                32
            ],
            [
                13,
                4,
                46,
                18
            ],
            [
                14,
                4,
                48,
                20
            ],
            [
                14,
                3,
                48,
                34
            ],
            [
                14,
                3,
                47,
                33
            ],
            [
                14,
                2,
                45,
                41
            ],
            [
                14,
                3,
                46,
                32
            ],
            [
                14,
                2,
                46,
                42
            ],
            [
                15,
                4,
                46,
                18
            ],
            [
                15,
                2,
                49,
                47
            ],
            [
                15,
                2,
                49,
                47
            ],
            [
                15,
                2,
                46,
                44
            ],
            [
                15,
                2,
                22,
                20
            ],
            [
                16,
                4,
                48,
                20
            ],
            [
                16,
                4,
                48,
                20
            ],
            [
                16,
                4,
                49,
                21
            ],
            [
                16,
                4,
                49,
                21
            ],
            [
                16,
                3,
                48,
                34
            ],
            [
                16,
                2,
                45,
                43
            ],
            [
                16,
                3,
                48,
                34
            ],
            [
                16,
                2,
                48,
                46
            ],
            [
                16,
                2,
                48,
                46
            ],
            [
                17,
                3,
                48,
                34
            ],
            [
                17,
                2,
                49,
                47
            ],
            [
                17,
                2,
                48,
                46
            ],
            [
                17,
                2,
                48,
                46
            ],
            [
                18,
                1,
                47,
                47
            ],
            [
                18,
                2,
                49,
                45
            ],
            [
                18,
                2,
                49,
                45
            ],
            [
                18,
                3,
                49,
                35
            ],
            [
                18,
                3,
                50,
                36
            ],
            [
                18,
                4,
                50,
                22
            ],
            [
                18,
                3,
                49,
                35
            ],
            [
                19,
                2,
                0,
                0
            ],
            [
                19,
                4,
                49,
                21
            ],
            [
                19,
                4,
                49,
                21
            ],
            [
                19,
                2,
                49,
                45
            ],
            [
                19,
                4,
                52,
                24
            ],
            [
                19,
                4,
                52,
                24
            ],
            [
                20,
                4,
                49,
                21
            ],
            [
                20,
                3,
                49,
                35
            ],
            [
                20,
                4,
                49,
                21
            ],
            [
                20,
                3,
                49,
                35
            ],
            [
                21,
                3,
                49,
                35
            ],
            [
                21,
                4,
                50,
                22
            ],
            [
                21,
                4,
                48,
                20
            ],
            [
                21,
                3,
                50,
                36
            ],
            [
                21,
                2,
                49,
                47
            ],
            [
                21,
                2,
                49,
                47
            ],
            [
                21,
                3,
                51,
                37
            ],
            [
                21,
                4,
                49,
                21
            ],
            [
                21,
                4,
                51,
                23
            ],
            [
                21,
                4,
                51,
                23
            ],
            [
                21,
                4,
                51,
                23
            ],
            [
                22,
                2,
                50,
                48
            ],
            [
                22,
                2,
                50,
                48
            ],
            [
                22,
                4,
                54,
                26
            ],
            [
                22,
                2,
                54,
                52
            ],
            [
                22,
                4,
                51,
                23
            ],
            [
                23,
                2,
                50,
                46
            ],
            [
                23,
                3,
                54,
                40
            ],
            [
                23,
                3,
                54,
                40
            ],
            [
                23,
                3,
                54,
                40
            ],
            [
                23,
                3,
                50,
                36
            ],
            [
                24,
                2,
                14,
                10
            ],
            [
                24,
                4,
                54,
                26
            ],
            [
                24,
                4,
                53,
                25
            ],
            [
                24,
                3,
                53,
                39
            ],
            [
                24,
                2,
                52,
                48
            ],
            [
                25,
                4,
                53,
                25
            ],
            [
                25,
                3,
                52,
                38
            ],
            [
                25,
                2,
                52,
                50
            ],
            [
                25,
                3,
                53,
                39
            ],
            [
                25,
                2,
                52,
                50
            ],
            [
                25,
                2,
                52,
                50
            ],
            [
                25,
                2,
                52,
                50
            ],
            [
                25,
                2,
                52,
                50
            ],
            [
                26,
                2,
                27,
                25
            ],
            [
                26,
                2,
                52,
                50
            ],
            [
                26,
                4,
                52,
                24
            ],
            [
                26,
                4,
                52,
                24
            ],
            [
                27,
                4,
                51,
                23
            ],
            [
                27,
                3,
                51,
                37
            ],
            [
                27,
                2,
                51,
                49
            ],
            [
                27,
                2,
                51,
                49
            ],
            [
                27,
                4,
                51,
                23
            ],
            [
                27,
                3,
                51,
                37
            ],
            [
                27,
                4,
                54,
                26
            ],
            [
                28,
                3,
                54,
                40
            ],
            [
                28,
                2,
                41,
                37
            ],
            [
                28,
                3,
                54,
                40
            ],
            [
                28,
                3,
                55,
                41
            ],
            [
                28,
                2,
                54,
                50
            ],
            [
                28,
                2,
                54,
                50
            ],
            [
                28,
                2,
                53,
                49
            ],
            [
                28,
                2,
                54,
                50
            ],
            [
                28,
                2,
                54,
                50
            ],
            [
                29,
                2,
                53,
                49
            ],
            [
                29,
                3,
                55,
                41
            ],
            [
                29,
                4,
                55,
                27
            ],
            [
                29,
                2,
                54,
                50
            ],
            [
                29,
                2,
                54,
                50
            ],
            [
                29,
                2,
                54,
                50
            ],
            [
                29,
                2,
                54,
                50
            ],
            [
                29,
                3,
                54,
                40
            ],
            [
                29,
                4,
                55,
                27
            ],
            [
                29,
                3,
                54,
                40
            ]
        ],
        "lWaitDayByPriority": [
            7961,
            47,
            3153,
            2562,
            2199
        ],
        "objval": 2991.761235695829,
        "std_occupancy": 45.37234500616013
    },
    "runtime": 5.557789325714111,
    "simdays": 150,
    "solver": "daily"
}