{
    "arrivalrate": 6.0,
    "ins_name": 190,
    "ins_path": null,
    "lNoNewPatients": [
        176,
        2,
        73,
        56,
        45
    ],
    "lNoPatients": [
        366,
        2,
        82,
        179,
        103
    ],
    "lNoSections": [
        2331,
        11,
        228,
        1280,
        812
    ],
    "mipgap": 1.0,
    "noLinacs": 4,
    "noSlotsPerDay": 120,
    "planningHorizon": 80,
    "runresult": {
        "avg_occupancy": 53.09305555555556,
        "feasibility": true,
        "lAvgLateDayByPriority": [
            29.647727272727273,
            26.5,
            33.205479452054796,
            32.17857142857143,
            20.866666666666667
        ],
        "lAvgWaitDayByPriority": [
            41.8125,
            26.5,
            35.75342465753425,
            45.589285714285715,
            47.62222222222222
        ],
        "lLateDayByPriority": [
            5218,
            53,
            2424,
            1802,
            939
        ],
        "lOccupancy": {
            "0": [
                1.25,
                0.0,
                0.0,
                0.0,
                0.0,
                0.0,
                0.0,
                0.0,
                0.0,
                0.0,
                0.0,
                0.0,
                0.0,
                0.0,
                0.0,
                0.0,
                0.0,
                0.0,
                0.0,
                0.0,
                0.0,
                0.0,
                0.0,
                0.0,
                0.0,
                0.0,
                0.0,
                0.0,
                0.0,
                0.0,
                0.0,
                0.0,
                0.0,
                0.0,
                0.0,
                0.0,
                0.0,
                0.0,
                0.0,
                0.0,
                0.0,
                0.0,
                0.0,
                0.0,
                0.0,
                0.0,
                0.0,
                0.0,
                0.0,
                0.0,
                0.0,
                0.0,
                0.0,
                0.0,
                1.0416666666666665,
                1.0416666666666665,
                1.0416666666666665,
                1.0416666666666665,
                1.0416666666666665,
                1.0416666666666665,
                1.0416666666666665,
                1.0416666666666665,
                1.0416666666666665,
                1.0416666666666665,
                0.0,
                0.0,
                0.0,
                0.0,
                0.0,
                0.0,
                0.0,
                0.0,
                0.0,
                0.0,
                0.0,
                0.0,
                0.0,
                0.0,
                0.0,
                0.0,
                0.0,
                0.0,
                0.0,
                0.0,
                0.0,
                0.0,
                0.0,
                0.0,
                0.0,
                0.0,
                0.0,
                0.0,
                0.0,
                0.0,
                0.0,
                0.0,
                0.0,
                0.0,
                0.0,
                0.0,
                0.0,
                0.0,
                0.0,
                0.0,
                0.0,
                0.0,
                0.0,
                0.0,
                0.0,
                0.0,
                0.0,
                0.0,
                0.0,
                0.0,
                0.0,
                0.0,
                0.0,
                0.0,
                0.0,
                0.0,
                0.0,
                0.0,
                0.0,
                0.0,
                0.0,
                0.0,
                0.0,
                0.0,
                0.0,
                0.0,
                0.0,
                0.0,
                0.0,
                0.0,
                0.0,
                0.0,
                0.0,
                0.0,
                0.0,
                0.0,
                0.0,
                0.0,
                0.0,
                0.0,
                0.0,
                0.0,
                0.0,
                0.0,
                0.0,
                0.0
            ],
            "1": [
                13.333333333333334,
                10.0,
                10.0,
                10.625,
                9.375,
                12.708333333333332,
                11.875,
                7.5,
                6.458333333333334,
                5.208333333333334,
                0.0,
                0.0,
                0.0,
                0.0,
                0.0,
                0.0,
                0.0,
                0.0,
                0.0,
                1.0416666666666665,
                1.6666666666666667,
                0.0,
                3.3333333333333335,
                4.583333333333333,
                3.3333333333333335,
                3.3333333333333335,
                3.3333333333333335,
                2.9166666666666665,
                2.9166666666666665,
                2.9166666666666665,
                1.6666666666666667,
                1.6666666666666667,
                0.0,
                0.0,
                0.0,
                2.5,
                0.0,
                1.4583333333333333,
                1.4583333333333333,
                1.6666666666666667,
                1.6666666666666667,
                1.6666666666666667,
                1.6666666666666667,
                4.583333333333333,
                9.375,
                10.416666666666668,
                8.75,
                9.166666666666666,
                10.833333333333334,
                12.708333333333332,
                11.041666666666666,
                10.625,
                11.458333333333332,
                15.0,
                9.166666666666666,
                9.166666666666666,
                8.125,
                7.916666666666666,
                3.3333333333333335,
                3.958333333333333,
                3.958333333333333,
                3.958333333333333,
                3.958333333333333,
                11.875,
                9.375,
                9.375,
                15.625,
                18.541666666666668,
                13.125,
                2.083333333333333,
                2.083333333333333,
                2.083333333333333,
                2.083333333333333,
                1.0416666666666665,
                1.0416666666666665,
                1.0416666666666665,
                1.0416666666666665,
                0.0,
                0.0,
                0.0,
                0.0,
                0.0,
                0.0,
                0.0,
                0.0,
                0.0,
                0.0,
                0.0,
                0.0,
                0.0,
                0.0,
                0.0,
                0.0,
                0.0,
                0.0,
                0.0,
                0.0,
                0.0,
                0.0,
                0.0,
                0.0,
                0.0,
                0.0,
                0.0,
                0.0,
                0.0,
                0.0,
                0.0,
                0.0,
                0.0,
                0.0,
                0.0,
                0.0,
                0.0,
                0.0,
                0.0,
                0.0,
                0.0,
                0.0,
                0.0,
                0.0,
                0.0,
                0.0,
                0.0,
                0.0,
                0.0,
                0.0,
                0.0,
                0.0,
                0.0,
                0.0,
                0.0,
                0.0,
                0.0,
                0.0,
                0.0,
                0.0,
                0.0,
                0.0,
                0.0,
                0.0,
                0.0,
                0.0,
                0.0,
                0.0,
                0.0,
                0.0,
                0.0,
                0.0,
                0.0
            ],
            "2": [
                68.75,
                70.83333333333334,
                68.54166666666667,
                68.125,
                66.66666666666666,
                61.875,
                57.291666666666664,
                57.91666666666667,
                56.458333333333336,
                60.0,
                60.83333333333333,
                60.83333333333333,
                57.49999999999999,
                57.08333333333333,
                58.54166666666667,
                58.54166666666667,
                58.54166666666667,
                56.875,
                54.37499999999999,
                55.41666666666667,
                55.41666666666667,
                58.75,
                58.54166666666667,
                57.291666666666664,
                59.583333333333336,
                57.70833333333333,
                57.08333333333333,
                56.875,
                56.875,
                57.08333333333333,
                56.666666666666664,
                61.25000000000001,
                62.916666666666664,
                60.0,
                61.25000000000001,
                56.458333333333336,
                57.08333333333333,
                61.25000000000001,
                63.33333333333333,
                65.625,
                65.20833333333333,
                65.0,
                66.25,
                62.5,
                60.0,
                61.04166666666667,
                62.916666666666664,
                62.916666666666664,
                61.04166666666667,
                57.70833333333333,
                57.70833333333333,
                58.75,
                57.08333333333333,
                57.08333333333333,
                58.75,
                56.875,
                56.666666666666664,
                57.08333333333333,
                60.62499999999999,
                57.70833333333333,
                63.33333333333333,
                61.66666666666667,
                60.83333333333333,
                53.333333333333336,
                54.166666666666664,
                52.708333333333336,
                54.79166666666667,
                50.416666666666664,
                53.75,
                47.291666666666664,
                44.166666666666664,
                42.291666666666664,
                38.958333333333336,
                38.958333333333336,
                38.958333333333336,
                37.708333333333336,
                37.708333333333336,
                37.708333333333336,
                34.791666666666664,
                34.791666666666664,
                34.791666666666664,
                34.791666666666664,
                33.75,
                32.5,
                28.333333333333332,
                28.333333333333332,
                25.833333333333336,
                21.666666666666668,
                19.166666666666668,
                19.166666666666668,
                19.166666666666668,
                16.875,
                16.875,
                11.875,
                10.625,
                7.708333333333334,
                7.708333333333334,
                6.458333333333334,
                5.416666666666667,
                3.75,
                3.75,
                1.25,
                1.25,
                0.0,
                0.0,
                0.0,
                0.0,
                0.0,
                0.0,
                0.0,
                0.0,
                0.0,
                0.0,
                0.0,
                0.0,
                0.0,
                0.0,
                0.0,
                0.0,
                0.0,
                0.0,
                0.0,
                0.0,
                0.0,
                0.0,
                0.0,
                0.0,
                0.0,
                0.0,
                0.0,
                0.0,
                0.0,
                0.0,
                0.0,
                0.0,
                0.0,
                0.0,
                0.0,
                0.0,
                0.0,
                0.0,
                0.0,
                0.0,
                0.0,
                0.0,
                0.0,
                0.0,
                0.0,
                0.0,
                0.0
            ],
            "3": [
                14.374999999999998,
                12.916666666666668,
                14.374999999999998,
                14.374999999999998,
                17.083333333333332,
                22.708333333333332,
                28.541666666666664,
                32.916666666666664,
                34.375,
                34.375,
                37.708333333333336,
                37.708333333333336,
                41.458333333333336,
                41.458333333333336,
                39.58333333333333,
                39.58333333333333,
                39.58333333333333,
                41.041666666666664,
                44.375,
                41.875,
                40.833333333333336,
                37.916666666666664,
                37.291666666666664,
                37.291666666666664,
                36.25,
                37.708333333333336,
                38.958333333333336,
                38.958333333333336,
                38.958333333333336,
                39.166666666666664,
                40.416666666666664,
                36.041666666666664,
                35.0,
                37.916666666666664,
                37.916666666666664,
                40.0,
                41.458333333333336,
                36.25,
                33.958333333333336,
                31.458333333333332,
                31.458333333333332,
                31.666666666666664,
                30.208333333333332,
                31.874999999999996,
                28.125,
                27.708333333333336,
                27.708333333333336,
                26.666666666666668,
                26.666666666666668,
                27.916666666666668,
                28.541666666666664,
                28.125,
                30.0,
                26.458333333333332,
                30.625000000000004,
                31.874999999999996,
                32.916666666666664,
                32.916666666666664,
                33.75,
                36.875,
                31.25,
                32.916666666666664,
                32.916666666666664,
                32.29166666666667,
                35.625,
                37.5,
                29.166666666666668,
                30.416666666666664,
                31.874999999999996,
                31.874999999999996,
                31.874999999999996,
                28.958333333333336,
                27.500000000000004,
                27.500000000000004,
                21.875,
                20.625,
                20.625,
                17.916666666666668,
                15.625,
                11.25,
                11.25,
                11.25,
                11.25,
                10.208333333333334,
                6.875000000000001,
                6.875000000000001,
                5.625,
                5.625,
                4.375,
                1.25,
                1.25,
                1.25,
                1.25,
                1.25,
                1.25,
                1.25,
                1.25,
                1.25,
                1.25,
                1.25,
                1.25,
                0.0,
                0.0,
                0.0,
                0.0,
                0.0,
                0.0,
                0.0,
                0.0,
                0.0,
                0.0,
                0.0,
                0.0,
                0.0,
                0.0,
                0.0,
                0.0,
                0.0,
                0.0,
                0.0,
                0.0,
                0.0,
                0.0,
                0.0,
                0.0,
                0.0,
                0.0,
                0.0,
                0.0,
                0.0,
                0.0,
                0.0,
                0.0,
                0.0,
                0.0,
                0.0,
                0.0,
                0.0,
                0.0,
                0.0,
                0.0,
                0.0,
                0.0,
                0.0,
                0.0,
                0.0,
                0.0,
                0.0,
                0.0,
                0.0
            ],
            "overall": [
                97.70833333333333,
                93.75000000000001,
                92.91666666666667,
                93.125,
                93.12499999999999,
                97.29166666666666,
                97.70833333333331,
                98.33333333333334,
                97.29166666666667,
                99.58333333333333,
                98.54166666666666,
                98.54166666666666,
                98.95833333333333,
                98.54166666666666,
                98.125,
                98.125,
                98.125,
                97.91666666666666,
                98.75,
                98.33333333333334,
                97.91666666666667,
                96.66666666666666,
                99.16666666666667,
                99.16666666666666,
                99.16666666666667,
                98.75,
                99.375,
                98.75,
                98.75,
                99.16666666666666,
                98.75,
                98.95833333333334,
                97.91666666666666,
                97.91666666666666,
                99.16666666666667,
                98.95833333333334,
                98.54166666666666,
                98.95833333333334,
                98.75,
                98.75,
                98.33333333333333,
                98.33333333333334,
                98.125,
                98.95833333333333,
                97.5,
                99.16666666666669,
                99.375,
                98.75,
                98.54166666666667,
                98.33333333333333,
                97.29166666666666,
                97.5,
                98.54166666666666,
                98.54166666666666,
                99.58333333333333,
                98.95833333333333,
                98.75,
                98.95833333333331,
                98.75,
                99.58333333333333,
                99.58333333333333,
                99.58333333333334,
                98.75,
                98.54166666666667,
                99.16666666666666,
                99.58333333333334,
                99.58333333333334,
                99.375,
                98.75,
                81.25,
                78.125,
                73.33333333333334,
                68.54166666666667,
                67.5,
                61.875,
                59.375,
                59.375,
                55.625,
                50.416666666666664,
                46.041666666666664,
                46.041666666666664,
                46.041666666666664,
                45.0,
                42.708333333333336,
                35.208333333333336,
                35.208333333333336,
                31.458333333333336,
                27.291666666666668,
                23.541666666666668,
                20.416666666666668,
                20.416666666666668,
                18.125,
                18.125,
                13.125,
                11.875,
                8.958333333333334,
                8.958333333333334,
                7.708333333333334,
                6.666666666666667,
                5.0,
                5.0,
                1.25,
                1.25,
                0.0,
                0.0,
                0.0,
                0.0,
                0.0,
                0.0,
                0.0,
                0.0,
                0.0,
                0.0,
                0.0,
                0.0,
                0.0,
                0.0,
                0.0,
                0.0,
                0.0,
                0.0,
                0.0,
                0.0,
                0.0,
                0.0,
                0.0,
                0.0,
                0.0,
                0.0,
                0.0,
                0.0,
                0.0,
                0.0,
                0.0,
                0.0,
                0.0,
                0.0,
                0.0,
                0.0,
                0.0,
                0.0,
                0.0,
                0.0,
                0.0,
                0.0,
                0.0,
                0.0,
                0.0,
                0.0,
                0.0
            ]
        },
        "lWaitAndOverdue": [
            [
                0,
                1,
                0,
                0
            ],
            [
                0,
                4,
                14,
                0
            ],
            [
                0,
                3,
                8,
                0
            ],
            [
                0,
                3,
                9,
                0
            ],
            [
                0,
                2,
                0,
                0
            ],
            [
                0,
                4,
                14,
                0
            ],
            [
                1,
                3,
                8,
                0
            ],
            [
                1,
                3,
                10,
                0
            ],
            [
                1,
                2,
                0,
                0
            ],
            [
                1,
                3,
                10,
                0
            ],
            [
                1,
                2,
                2,
                0
            ],
            [
                1,
                2,
                2,
                0
            ],
            [
                1,
                2,
                1,
                0
            ],
            [
                1,
                3,
                8,
                0
            ],
            [
                2,
                4,
                14,
                0
            ],
            [
                2,
                3,
                12,
                0
            ],
            [
                3,
                2,
                1,
                0
            ],
            [
                3,
                2,
                4,
                0
            ],
            [
                3,
                3,
                14,
                0
            ],
            [
                3,
                4,
                21,
                0
            ],
            [
                4,
                2,
                3,
                0
            ],
            [
                4,
                3,
                26,
                12
            ],
            [
                4,
                2,
                3,
                0
            ],
            [
                4,
                2,
                3,
                0
            ],
            [
                4,
                2,
                4,
                0
            ],
            [
                5,
                2,
                23,
                21
            ],
            [
                5,
                2,
                23,
                21
            ],
            [
                5,
                2,
                2,
                0
            ],
            [
                5,
                2,
                3,
                1
            ],
            [
                5,
                4,
                29,
                1
            ],
            [
                5,
                2,
                1,
                0
            ],
            [
                5,
                4,
                35,
                7
            ],
            [
                6,
                3,
                42,
                28
            ],
            [
                6,
                4,
                43,
                15
            ],
            [
                6,
                2,
                45,
                43
            ],
            [
                6,
                2,
                2,
                0
            ],
            [
                6,
                2,
                2,
                0
            ],
            [
                6,
                4,
                48,
                20
            ],
            [
                6,
                3,
                48,
                34
            ],
            [
                6,
                2,
                0,
                0
            ],
            [
                6,
                3,
                48,
                34
            ],
            [
                7,
                3,
                48,
                34
            ],
            [
                7,
                3,
                48,
                34
            ],
            [
                7,
                4,
                48,
                20
            ],
            [
                7,
                3,
                49,
                35
            ],
            [
                7,
                4,
                21,
                0
            ],
            [
                8,
                3,
                48,
                34
            ],
            [
                8,
                2,
                18,
                14
            ],
            [
                8,
                2,
                49,
                45
            ],
            [
                8,
                4,
                49,
                21
            ],
            [
                8,
                3,
                34,
                20
            ],
            [
                9,
                2,
                48,
                44
            ],
            [
                9,
                2,
                38,
                34
            ],
            [
                9,
                2,
                49,
                45
            ],
            [
                9,
                3,
                49,
                35
            ],
            [
                9,
                4,
                49,
                21
            ],
            [
                9,
                2,
                49,
                45
            ],
            [
                10,
                2,
                46,
                44
            ],
            [
                10,
                3,
                46,
                32
            ],
            [
                10,
                2,
                49,
                47
            ],
            [
                10,
                2,
                49,
                47
            ],
            [
                10,
                3,
                49,
                35
            ],
            [
                11,
                3,
                48,
                34
            ],
            [
                11,
                4,
                48,
                20
            ],
            [
                11,
                4,
                48,
                20
            ],
            [
                11,
                3,
                48,
                34
            ],
            [
                11,
                3,
                49,
                35
            ],
            [
                12,
                2,
                49,
                47
            ],
            [
                12,
                3,
                47,
                33
            ],
            [
                12,
                2,
                50,
                48
            ],
            [
                12,
                4,
                51,
                23
            ],
            [
                12,
                2,
                51,
                49
            ],
            [
                12,
                2,
                54,
                52
            ],
            [
                13,
                2,
                50,
                46
            ],
            [
                13,
                2,
                14,
                10
            ],
            [
                13,
                4,
                50,
                22
            ],
            [
                13,
                4,
                53,
                25
            ],
            [
                13,
                4,
                53,
                25
            ],
            [
                13,
                4,
                54,
                26
            ],
            [
                14,
                3,
                53,
                39
            ],
            [
                14,
                2,
                53,
                49
            ],
            [
                14,
                3,
                53,
                39
            ],
            [
                15,
                2,
                50,
                48
            ],
            [
                15,
                2,
                51,
                49
            ],
            [
                15,
                3,
                51,
                37
            ],
            [
                15,
                2,
                52,
                50
            ],
            [
                15,
                2,
                52,
                50
            ],
            [
                15,
                2,
                52,
                50
            ],
            [
                15,
                1,
                53,
                53
            ],
            [
                16,
                2,
                52,
                50
            ],
            [
                16,
                2,
                52,
                50
            ],
            [
                16,
                3,
                52,
                38
            ],
            [
                16,
                3,
                52,
                38
            ],
            [
                16,
                4,
                50,
                22
            ],
            [
                16,
                3,
                52,
                38
            ],
            [
                16,
                2,
                3,
                1
            ],
            [
                17,
                4,
                51,
                23
            ],
            [
                17,
                4,
                51,
                23
            ],
            [
                17,
                2,
                28,
                26
            ],
            [
                17,
                4,
                51,
                23
            ],
            [
                17,
                4,
                51,
                23
            ],
            [
                17,
                4,
                54,
                26
            ],
            [
                17,
                3,
                54,
                40
            ],
            [
                17,
                4,
                55,
                27
            ],
            [
                17,
                3,
                55,
                41
            ],
            [
                18,
                3,
                55,
                41
            ],
            [
                18,
                4,
                54,
                26
            ],
            [
                18,
                4,
                54,
                26
            ],
            [
                18,
                3,
                56,
                42
            ],
            [
                19,
                2,
                12,
                8
            ],
            [
                19,
                2,
                55,
                51
            ],
            [
                19,
                3,
                55,
                41
            ],
            [
                19,
                4,
                55,
                27
            ],
            [
                19,
                4,
                55,
                27
            ],
            [
                20,
                4,
                53,
                25
            ],
            [
                20,
                4,
                53,
                25
            ],
            [
                20,
                2,
                24,
                22
            ],
            [
                20,
                2,
                53,
                51
            ],
            [
                20,
                4,
                53,
                25
            ],
            [
                21,
                2,
                43,
                41
            ],
            [
                21,
                4,
                52,
                24
            ],
            [
                21,
                2,
                52,
                50
            ],
            [
                21,
                3,
                55,
                41
            ],
            [
                21,
                3,
                55,
                41
            ],
            [
                21,
                3,
                55,
                41
            ],
            [
                21,
                3,
                56,
                42
            ],
            [
                22,
                2,
                9,
                7
            ],
            [
                22,
                4,
                55,
                27
            ],
            [
                22,
                4,
                56,
                28
            ],
            [
                22,
                3,
                56,
                42
            ],
            [
                22,
                2,
                49,
                47
            ],
            [
                22,
                4,
                56,
                28
            ],
            [
                23,
                3,
                55,
                41
            ],
            [
                23,
                2,
                56,
                52
            ],
            [
                23,
                3,
                56,
                42
            ],
            [
                23,
                2,
                56,
                52
            ],
            [
                24,
                2,
                31,
                27
            ],
            [
                24,
                2,
                55,
                51
            ],
            [
                24,
                2,
                55,
                51
            ],
            [
                24,
                2,
                55,
                51
            ],
            [
                24,
                2,
                55,
                51
            ],
            [
                24,
                4,
                55,
                27
            ],
            [
                24,
                4,
                56,
                28
            ],
            [
                24,
                4,
                56,
                28
            ],
            [
                24,
                3,
                56,
                42
            ],
            [
                25,
                2,
                53,
                51
            ],
            [
                25,
                2,
                53,
                51
            ],
            [
                25,
                4,
                53,
                25
            ],
            [
                25,
                3,
                53,
                39
            ],
            [
                26,
                4,
                55,
                27
            ],
            [
                26,
                3,
                52,
                38
            ],
            [
                26,
                2,
                56,
                54
            ],
            [
                26,
                3,
                56,
                42
            ],
            [
                26,
                3,
                56,
                42
            ],
            [
                26,
                2,
                56,
                54
            ],
            [
                26,
                2,
                56,
                54
            ],
            [
                27,
                2,
                55,
                53
            ],
            [
                27,
                2,
                55,
                53
            ],
            [
                27,
                2,
                55,
                53
            ],
            [
                27,
                2,
                56,
                54
            ],
            [
                27,
                3,
                56,
                42
            ],
            [
                27,
                4,
                56,
                28
            ],
            [
                27,
                2,
                56,
                54
            ],
            [
                28,
                2,
                55,
                51
            ],
            [
                28,
                2,
                56,
                52
            ],
            [
                28,
                2,
                56,
                52
            ],
            [
                28,
                3,
                56,
                42
            ],
            [
                28,
                4,
                56,
                28
            ],
            [
                28,
                3,
                56,
                42
            ],
            [
                29,
                3,
                55,
                41
            ],
            [
                29,
                3,
                55,
                41
            ],
            [
                29,
                4,
                55,
                27
            ],
            [
                29,
                3,
                55,
                41
            ],
            [
                29,
                3,
                55,
                41
            ],
            [
                29,
                3,
                55,
                41
            ],
            [
                29,
                3,
                55,
                41
            ]
        ],
        "lWaitDayByPriority": [
            7359,
            53,
            2610,
            2553,
            2143
        ],
        "objval": 3028.496472059144,
        "std_occupancy": 45.09842461953167
    },
    "runtime": 0.8082637786865234,
    "simdays": 150,
    "solver": "greedy"
}