{
    "arrivalrate": 6.0,
    "ins_name": 225,
    "ins_path": null,
    "lNoNewPatients": [
        164,
        2,
        69,
        52,
        41
    ],
    "lNoPatients": [
        339,
        2,
        78,
        163,
        96
    ],
    "lNoSections": [
        2074,
        11,
        216,
        1093,
        754
    ],
    "mipgap": 1.0,
    "noLinacs": 4,
    "noSlotsPerDay": 120,
    "planningHorizon": 80,
    "runresult": {
        "avg_occupancy": 48.729166666666664,
        "feasibility": true,
        "lAvgLateDayByPriority": [
            23.98780487804878,
            22.0,
            28.014492753623188,
            24.923076923076923,
            16.121951219512194
        ],
        "lAvgWaitDayByPriority": [
            35.83536585365854,
            22.0,
            30.63768115942029,
            37.59615384615385,
            43.02439024390244
        ],
        "lLateDayByPriority": [
            3934,
            44,
            1933,
            1296,
            661
        ],
        "lOccupancy": {
            "0": [
                0.0,
                0.0,
                0.0,
                1.25,
                0.0,
                0.0,
                0.0,
                0.0,
                0.0,
                0.0,
                0.0,
                0.0,
                0.0,
                0.0,
                0.0,
                0.0,
                0.0,
                0.0,
                0.0,
                0.0,
                0.0,
                0.0,
                0.0,
                0.0,
                0.0,
                0.0,
                0.0,
                0.0,
                0.0,
                0.0,
                0.0,
                0.0,
                0.0,
                0.0,
                0.0,
                0.0,
                0.0,
                0.0,
                0.0,
                0.0,
                0.0,
                0.0,
                0.0,
                0.0,
                0.0,
                0.0,
                0.0,
                0.0,
                0.0,
                0.0,
                0.0,
                0.0,
                1.0416666666666665,
                1.0416666666666665,
                1.0416666666666665,
                1.0416666666666665,
                1.0416666666666665,
                1.0416666666666665,
                1.0416666666666665,
                1.0416666666666665,
                1.0416666666666665,
                1.0416666666666665,
                0.0,
                0.0,
                0.0,
                0.0,
                0.0,
                0.0,
                0.0,
                0.0,
                0.0,
                0.0,
                0.0,
                0.0,
                0.0,
                0.0,
                0.0,
                0.0,
                0.0,
                0.0,
                0.0,
                0.0,
                0.0,
                0.0,
                0.0,
                0.0,
                0.0,
                0.0,
                0.0,
                0.0,
                0.0,
                0.0,
                0.0,
                0.0,
                0.0,
                0.0,
                0.0,
                0.0,
                0.0,
                0.0,
                0.0,
                0.0,
                0.0,
                0.0,
                0.0,
                0.0,
                0.0,
                0.0,
                0.0,
                0.0,
                0.0,
                0.0,
                0.0,
                0.0,
                0.0,
                0.0,
                0.0,
                0.0,
                0.0,
                0.0,
                0.0,
                0.0,
                0.0,
                0.0,
                0.0,
                0.0,
                0.0,
                0.0,
                0.0,
                0.0,
                0.0,
                0.0,
                0.0,
                0.0,
                0.0,
                0.0,
                0.0,
                0.0,
                0.0,
                0.0,
                0.0,
                0.0,
                0.0,
                0.0,
                0.0,
                0.0,
                0.0,
                0.0,
                0.0,
                0.0
            ],
            "1": [
                14.791666666666666,
                8.958333333333334,
                4.375,
                11.666666666666666,
                12.083333333333334,
                10.0,
                5.416666666666667,
                2.9166666666666665,
                2.9166666666666665,
                3.125,
                0.0,
                1.25,
                1.25,
                0.0,
                0.0,
                0.0,
                0.0,
                1.25,
                0.0,
                1.25,
                0.0,
                2.2916666666666665,
                0.0,
                0.0,
                1.875,
                1.25,
                3.125,
                3.125,
                1.875,
                1.0416666666666665,
                1.0416666666666665,
                2.7083333333333335,
                4.375,
                5.625,
                4.583333333333333,
                3.3333333333333335,
                6.666666666666667,
                8.125,
                5.0,
                5.0,
                5.0,
                9.375,
                10.416666666666668,
                9.583333333333334,
                12.291666666666666,
                9.166666666666666,
                9.166666666666666,
                10.833333333333334,
                15.208333333333332,
                15.0,
                17.916666666666668,
                12.708333333333332,
                12.083333333333334,
                12.083333333333334,
                9.166666666666666,
                7.5,
                4.375,
                2.7083333333333335,
                2.5,
                4.583333333333333,
                7.291666666666667,
                8.958333333333334,
                7.708333333333334,
                5.208333333333334,
                3.958333333333333,
                3.958333333333333,
                1.0416666666666665,
                1.0416666666666665,
                1.0416666666666665,
                1.0416666666666665,
                0.0,
                0.0,
                0.0,
                0.0,
                0.0,
                0.0,
                0.0,
                0.0,
                0.0,
                0.0,
                0.0,
                0.0,
                0.0,
                0.0,
                0.0,
                0.0,
                0.0,
                0.0,
                0.0,
                0.0,
                0.0,
                0.0,
                0.0,
                0.0,
                0.0,
                0.0,
                0.0,
                0.0,
                0.0,
                0.0,
                0.0,
                0.0,
                0.0,
                0.0,
                0.0,
                0.0,
                0.0,
                0.0,
                0.0,
                0.0,
                0.0,
                0.0,
                0.0,
                0.0,
                0.0,
                0.0,
                0.0,
                0.0,
                0.0,
                0.0,
                0.0,
                0.0,
                0.0,
                0.0,
                0.0,
                0.0,
                0.0,
                0.0,
                0.0,
                0.0,
                0.0,
                0.0,
                0.0,
                0.0,
                0.0,
                0.0,
                0.0,
                0.0,
                0.0,
                0.0,
                0.0,
                0.0,
                0.0,
                0.0,
                0.0,
                0.0,
                0.0,
                0.0,
                0.0,
                0.0
            ],
            "2": [
                68.125,
                67.08333333333333,
                68.125,
                66.45833333333333,
                66.66666666666666,
                67.08333333333333,
                67.29166666666667,
                65.41666666666667,
                60.62499999999999,
                58.12500000000001,
                62.083333333333336,
                61.66666666666667,
                58.75,
                62.083333333333336,
                61.875,
                61.875,
                61.875,
                60.416666666666664,
                58.75,
                57.291666666666664,
                61.458333333333336,
                60.0,
                59.583333333333336,
                59.375,
                59.791666666666664,
                55.41666666666667,
                54.79166666666667,
                56.666666666666664,
                58.75,
                56.875,
                56.875,
                58.75,
                61.875,
                55.41666666666667,
                57.70833333333333,
                56.25,
                53.333333333333336,
                54.79166666666667,
                62.083333333333336,
                61.25000000000001,
                61.458333333333336,
                60.0,
                60.62499999999999,
                60.62499999999999,
                58.12500000000001,
                58.75,
                58.75,
                58.75,
                55.00000000000001,
                53.125,
                54.166666666666664,
                56.666666666666664,
                56.666666666666664,
                53.333333333333336,
                54.58333333333333,
                54.37499999999999,
                56.041666666666664,
                58.12500000000001,
                58.958333333333336,
                56.041666666666664,
                54.58333333333333,
                57.08333333333333,
                58.75,
                58.75,
                55.41666666666667,
                51.66666666666667,
                49.166666666666664,
                41.458333333333336,
                36.45833333333333,
                33.541666666666664,
                31.874999999999996,
                28.541666666666664,
                23.75,
                23.75,
                22.083333333333332,
                22.083333333333332,
                22.083333333333332,
                20.833333333333336,
                20.833333333333336,
                19.166666666666668,
                19.166666666666668,
                18.125,
                18.125,
                14.374999999999998,
                11.875,
                11.875,
                9.375,
                9.375,
                6.875000000000001,
                5.208333333333334,
                5.208333333333334,
                2.9166666666666665,
                1.6666666666666667,
                1.6666666666666667,
                1.6666666666666667,
                1.6666666666666667,
                1.6666666666666667,
                0.0,
                0.0,
                0.0,
                0.0,
                0.0,
                0.0,
                0.0,
                0.0,
                0.0,
                0.0,
                0.0,
                0.0,
                0.0,
                0.0,
                0.0,
                0.0,
                0.0,
                0.0,
                0.0,
                0.0,
                0.0,
                0.0,
                0.0,
                0.0,
                0.0,
                0.0,
                0.0,
                0.0,
                0.0,
                0.0,
                0.0,
                0.0,
                0.0,
                0.0,
                0.0,
                0.0,
                0.0,
                0.0,
                0.0,
                0.0,
                0.0,
                0.0,
                0.0,
                0.0,
                0.0,
                0.0,
                0.0,
                0.0,
                0.0,
                0.0,
                0.0,
                0.0,
                0.0
            ],
            "3": [
                14.374999999999998,
                15.833333333333332,
                14.374999999999998,
                15.833333333333332,
                17.291666666666668,
                20.208333333333332,
                25.624999999999996,
                31.041666666666668,
                35.833333333333336,
                38.333333333333336,
                36.45833333333333,
                36.45833333333333,
                38.333333333333336,
                35.208333333333336,
                36.25,
                36.25,
                36.25,
                37.291666666666664,
                38.75,
                40.416666666666664,
                36.666666666666664,
                36.666666666666664,
                38.333333333333336,
                39.58333333333333,
                38.125,
                41.66666666666667,
                40.208333333333336,
                37.708333333333336,
                37.708333333333336,
                40.625,
                40.625,
                35.41666666666667,
                32.083333333333336,
                37.916666666666664,
                36.45833333333333,
                38.333333333333336,
                38.54166666666667,
                37.083333333333336,
                32.5,
                32.916666666666664,
                32.916666666666664,
                30.0,
                28.541666666666664,
                27.500000000000004,
                29.166666666666668,
                29.791666666666668,
                29.791666666666668,
                27.708333333333336,
                27.708333333333336,
                29.583333333333332,
                25.416666666666664,
                29.791666666666668,
                29.791666666666668,
                32.5,
                34.583333333333336,
                36.041666666666664,
                37.083333333333336,
                37.291666666666664,
                36.666666666666664,
                36.666666666666664,
                35.625,
                31.874999999999996,
                33.125,
                34.791666666666664,
                35.625,
                32.083333333333336,
                27.291666666666664,
                27.291666666666664,
                24.375,
                22.916666666666664,
                21.666666666666668,
                21.666666666666668,
                21.666666666666668,
                18.541666666666668,
                18.541666666666668,
                15.208333333333332,
                11.666666666666666,
                10.416666666666668,
                9.375,
                7.708333333333334,
                7.708333333333334,
                7.708333333333334,
                7.708333333333334,
                7.708333333333334,
                4.583333333333333,
                4.583333333333333,
                2.2916666666666665,
                1.0416666666666665,
                0.0,
                0.0,
                0.0,
                0.0,
                0.0,
                0.0,
                0.0,
                0.0,
                0.0,
                0.0,
                0.0,
                0.0,
                0.0,
                0.0,
                0.0,
                0.0,
                0.0,
                0.0,
                0.0,
                0.0,
                0.0,
                0.0,
                0.0,
                0.0,
                0.0,
                0.0,
                0.0,
                0.0,
                0.0,
                0.0,
                0.0,
                0.0,
                0.0,
                0.0,
                0.0,
                0.0,
                0.0,
                0.0,
                0.0,
                0.0,
                0.0,
                0.0,
                0.0,
                0.0,
                0.0,
                0.0,
                0.0,
                0.0,
                0.0,
                0.0,
                0.0,
                0.0,
                0.0,
                0.0,
                0.0,
                0.0,
                0.0,
                0.0,
                0.0,
                0.0,
                0.0,
                0.0
            ],
            "overall": [
                97.29166666666667,
                91.87499999999999,
                86.875,
                95.20833333333333,
                96.04166666666666,
                97.29166666666666,
                98.33333333333334,
                99.37500000000001,
                99.375,
                99.58333333333334,
                98.54166666666666,
                99.375,
                98.33333333333334,
                97.29166666666667,
                98.125,
                98.125,
                98.125,
                98.95833333333333,
                97.5,
                98.95833333333333,
                98.125,
                98.95833333333333,
                97.91666666666667,
                98.95833333333333,
                99.79166666666666,
                98.33333333333334,
                98.125,
                97.5,
                98.33333333333334,
                98.54166666666666,
                98.54166666666666,
                96.875,
                98.33333333333334,
                98.95833333333334,
                98.75,
                97.91666666666667,
                98.54166666666667,
                100.0,
                99.58333333333334,
                99.16666666666666,
                99.375,
                99.375,
                99.58333333333331,
                97.70833333333333,
                99.58333333333334,
                97.70833333333334,
                97.70833333333334,
                97.29166666666666,
                97.91666666666669,
                97.70833333333333,
                97.5,
                99.16666666666667,
                99.58333333333333,
                98.95833333333334,
                99.375,
                98.95833333333331,
                98.54166666666666,
                99.16666666666667,
                99.16666666666666,
                98.33333333333333,
                98.54166666666666,
                98.95833333333333,
                99.58333333333333,
                98.75,
                95.0,
                87.70833333333334,
                77.5,
                69.79166666666666,
                61.87499999999999,
                57.49999999999999,
                53.541666666666664,
                50.20833333333333,
                45.41666666666667,
                42.29166666666667,
                40.625,
                37.291666666666664,
                33.75,
                31.250000000000004,
                30.208333333333336,
                26.875,
                26.875,
                25.833333333333336,
                25.833333333333336,
                22.083333333333332,
                16.458333333333332,
                16.458333333333332,
                11.666666666666666,
                10.416666666666666,
                6.875000000000001,
                5.208333333333334,
                5.208333333333334,
                2.9166666666666665,
                1.6666666666666667,
                1.6666666666666667,
                1.6666666666666667,
                1.6666666666666667,
                1.6666666666666667,
                0.0,
                0.0,
                0.0,
                0.0,
                0.0,
                0.0,
                0.0,
                0.0,
                0.0,
                0.0,
                0.0,
                0.0,
                0.0,
                0.0,
                0.0,
                0.0,
                0.0,
                0.0,
                0.0,
                0.0,
                0.0,
                0.0,
                0.0,
                0.0,
                0.0,
                0.0,
                0.0,
                0.0,
                0.0,
                0.0,
                0.0,
                0.0,
                0.0,
                0.0,
                0.0,
                0.0,
                0.0,
                0.0,
                0.0,
                0.0,
                0.0,
                0.0,
                0.0,
                0.0,
                0.0,
                0.0,
                0.0,
                0.0,
                0.0,
                0.0,
                0.0,
                0.0,
                0.0
            ]
        },
        "lWaitAndOverdue": [
            [
                0,
                4,
                9,
                0
            ],
            [
                0,
                2,
                0,
                0
            ],
            [
                0,
                3,
                4,
                0
            ],
            [
                0,
                2,
                0,
                0
            ],
            [
                0,
                3,
                7,
                0
            ],
            [
                0,
                3,
                8,
                0
            ],
            [
                1,
                2,
                2,
                0
            ],
            [
                1,
                4,
                9,
                0
            ],
            [
                2,
                3,
                8,
                0
            ],
            [
                2,
                2,
                2,
                0
            ],
            [
                2,
                4,
                28,
                0
            ],
            [
                2,
                3,
                9,
                0
            ],
            [
                2,
                3,
                6,
                0
            ],
            [
                2,
                3,
                7,
                0
            ],
            [
                2,
                3,
                8,
                0
            ],
            [
                2,
                3,
                6,
                0
            ],
            [
                3,
                3,
                12,
                0
            ],
            [
                3,
                2,
                0,
                0
            ],
            [
                3,
                2,
                0,
                0
            ],
            [
                3,
                2,
                0,
                0
            ],
            [
                3,
                2,
                1,
                0
            ],
            [
                3,
                2,
                0,
                0
            ],
            [
                3,
                1,
                0,
                0
            ],
            [
                4,
                4,
                21,
                0
            ],
            [
                4,
                3,
                10,
                0
            ],
            [
                4,
                3,
                14,
                0
            ],
            [
                4,
                2,
                3,
                0
            ],
            [
                5,
                4,
                44,
                16
            ],
            [
                5,
                3,
                45,
                31
            ],
            [
                5,
                3,
                45,
                31
            ],
            [
                5,
                2,
                1,
                0
            ],
            [
                5,
                3,
                44,
                30
            ],
            [
                5,
                2,
                36,
                34
            ],
            [
                6,
                2,
                3,
                1
            ],
            [
                6,
                2,
                3,
                1
            ],
            [
                6,
                3,
                44,
                30
            ],
            [
                6,
                4,
                52,
                24
            ],
            [
                6,
                3,
                43,
                29
            ],
            [
                6,
                2,
                28,
                26
            ],
            [
                6,
                2,
                24,
                22
            ],
            [
                7,
                3,
                42,
                28
            ],
            [
                7,
                4,
                40,
                12
            ],
            [
                7,
                2,
                29,
                27
            ],
            [
                7,
                3,
                44,
                30
            ],
            [
                7,
                2,
                30,
                28
            ],
            [
                8,
                2,
                34,
                30
            ],
            [
                8,
                2,
                40,
                36
            ],
            [
                8,
                2,
                41,
                37
            ],
            [
                8,
                2,
                41,
                37
            ],
            [
                8,
                2,
                41,
                37
            ],
            [
                8,
                2,
                5,
                1
            ],
            [
                8,
                4,
                42,
                14
            ],
            [
                8,
                2,
                13,
                9
            ],
            [
                8,
                4,
                43,
                15
            ],
            [
                8,
                3,
                46,
                32
            ],
            [
                9,
                4,
                40,
                12
            ],
            [
                9,
                2,
                40,
                36
            ],
            [
                9,
                2,
                14,
                10
            ],
            [
                9,
                2,
                34,
                30
            ],
            [
                9,
                4,
                40,
                12
            ],
            [
                9,
                3,
                42,
                28
            ],
            [
                9,
                2,
                18,
                14
            ],
            [
                9,
                3,
                47,
                33
            ],
            [
                9,
                3,
                46,
                32
            ],
            [
                9,
                3,
                42,
                28
            ],
            [
                10,
                4,
                46,
                18
            ],
            [
                10,
                3,
                46,
                32
            ],
            [
                10,
                4,
                46,
                18
            ],
            [
                10,
                3,
                46,
                32
            ],
            [
                11,
                2,
                42,
                40
            ],
            [
                11,
                2,
                43,
                41
            ],
            [
                11,
                4,
                48,
                20
            ],
            [
                11,
                3,
                48,
                34
            ],
            [
                12,
                2,
                41,
                39
            ],
            [
                12,
                2,
                42,
                40
            ],
            [
                12,
                2,
                42,
                40
            ],
            [
                12,
                3,
                47,
                33
            ],
            [
                12,
                4,
                47,
                19
            ],
            [
                13,
                2,
                41,
                37
            ],
            [
                13,
                2,
                43,
                39
            ],
            [
                13,
                3,
                46,
                32
            ],
            [
                14,
                2,
                41,
                37
            ],
            [
                14,
                2,
                42,
                38
            ],
            [
                14,
                3,
                45,
                31
            ],
            [
                14,
                3,
                45,
                31
            ],
            [
                14,
                4,
                45,
                17
            ],
            [
                14,
                4,
                45,
                17
            ],
            [
                14,
                3,
                46,
                32
            ],
            [
                14,
                3,
                46,
                32
            ],
            [
                15,
                2,
                44,
                42
            ],
            [
                15,
                3,
                49,
                35
            ],
            [
                15,
                2,
                44,
                42
            ],
            [
                15,
                4,
                50,
                22
            ],
            [
                15,
                2,
                45,
                43
            ],
            [
                15,
                2,
                45,
                43
            ],
            [
                15,
                2,
                45,
                43
            ],
            [
                16,
                2,
                13,
                11
            ],
            [
                16,
                4,
                49,
                21
            ],
            [
                16,
                4,
                49,
                21
            ],
            [
                16,
                4,
                49,
                21
            ],
            [
                17,
                4,
                48,
                20
            ],
            [
                17,
                3,
                47,
                33
            ],
            [
                17,
                2,
                43,
                41
            ],
            [
                18,
                3,
                47,
                33
            ],
            [
                19,
                2,
                42,
                38
            ],
            [
                19,
                2,
                42,
                38
            ],
            [
                19,
                3,
                46,
                32
            ],
            [
                19,
                2,
                45,
                41
            ],
            [
                19,
                2,
                45,
                41
            ],
            [
                20,
                2,
                43,
                41
            ],
            [
                20,
                1,
                44,
                44
            ],
            [
                20,
                2,
                44,
                42
            ],
            [
                20,
                2,
                44,
                42
            ],
            [
                21,
                3,
                49,
                35
            ],
            [
                21,
                3,
                50,
                36
            ],
            [
                21,
                4,
                38,
                10
            ],
            [
                21,
                3,
                48,
                34
            ],
            [
                21,
                2,
                0,
                0
            ],
            [
                21,
                4,
                45,
                17
            ],
            [
                21,
                4,
                48,
                20
            ],
            [
                22,
                2,
                27,
                25
            ],
            [
                22,
                4,
                43,
                15
            ],
            [
                22,
                4,
                43,
                15
            ],
            [
                22,
                4,
                48,
                20
            ],
            [
                22,
                3,
                47,
                33
            ],
            [
                22,
                4,
                43,
                15
            ],
            [
                23,
                3,
                43,
                29
            ],
            [
                23,
                3,
                48,
                34
            ],
            [
                23,
                4,
                42,
                14
            ],
            [
                23,
                4,
                46,
                18
            ],
            [
                23,
                3,
                49,
                35
            ],
            [
                23,
                2,
                41,
                37
            ],
            [
                23,
                2,
                42,
                38
            ],
            [
                23,
                3,
                42,
                28
            ],
            [
                23,
                4,
                43,
                15
            ],
            [
                24,
                4,
                47,
                19
            ],
            [
                24,
                4,
                45,
                17
            ],
            [
                24,
                4,
                46,
                18
            ],
            [
                24,
                2,
                35,
                31
            ],
            [
                24,
                2,
                41,
                37
            ],
            [
                24,
                4,
                48,
                20
            ],
            [
                25,
                2,
                45,
                43
            ],
            [
                25,
                4,
                50,
                22
            ],
            [
                25,
                2,
                46,
                44
            ],
            [
                25,
                3,
                50,
                36
            ],
            [
                25,
                3,
                51,
                37
            ],
            [
                26,
                3,
                50,
                36
            ],
            [
                27,
                3,
                48,
                34
            ],
            [
                27,
                2,
                30,
                28
            ],
            [
                27,
                4,
                50,
                22
            ],
            [
                27,
                4,
                51,
                23
            ],
            [
                27,
                3,
                51,
                37
            ],
            [
                27,
                2,
                44,
                42
            ],
            [
                27,
                4,
                51,
                23
            ],
            [
                27,
                3,
                48,
                34
            ],
            [
                27,
                2,
                47,
                45
            ],
            [
                28,
                3,
                48,
                34
            ],
            [
                28,
                2,
                43,
                39
            ],
            [
                28,
                2,
                46,
                42
            ],
            [
                28,
                2,
                46,
                42
            ],
            [
                29,
                2,
                46,
                42
            ],
            [
                29,
                2,
                45,
                41
            ],
            [
                29,
                2,
                46,
                42
            ],
            [
                29,
                4,
                47,
                19
            ]
        ],
        "lWaitDayByPriority": [
            5877,
            44,
            2114,
            1955,
            1764
        ],
        "objval": 2898.0568765804715,
        "std_occupancy": 45.85077161948152
    },
    "runtime": 4.477617979049683,
    "simdays": 150,
    "solver": "weekly"
}