{
    "arrivalrate": 6.0,
    "ins_name": 275,
    "ins_path": null,
    "lNoNewPatients": [
        161,
        2,
        68,
        49,
        42
    ],
    "lNoPatients": [
        348,
        2,
        77,
        169,
        100
    ],
    "lNoSections": [
        2074,
        11,
        217,
        1090,
        756
    ],
    "mipgap": 1.0,
    "noLinacs": 4,
    "noSlotsPerDay": 120,
    "planningHorizon": 80,
    "runresult": {
        "avg_occupancy": 50.475,
        "feasibility": true,
        "lAvgLateDayByPriority": [
            26.850931677018632,
            23.5,
            30.33823529411765,
            28.122448979591837,
            19.88095238095238
        ],
        "lAvgWaitDayByPriority": [
            38.88198757763975,
            23.5,
            32.720588235294116,
            40.89795918367347,
            47.23809523809524
        ],
        "lLateDayByPriority": [
            4323,
            47,
            2063,
            1378,
            835
        ],
        "lOccupancy": {
            "0": [
                0.0,
                1.25,
                0.0,
                0.0,
                0.0,
                0.0,
                0.0,
                0.0,
                0.0,
                0.0,
                0.0,
                0.0,
                0.0,
                0.0,
                0.0,
                0.0,
                0.0,
                0.0,
                0.0,
                0.0,
                0.0,
                0.0,
                0.0,
                0.0,
                0.0,
                0.0,
                0.0,
                0.0,
                0.0,
                0.0,
                0.0,
                0.0,
                0.0,
                0.0,
                0.0,
                0.0,
                0.0,
                0.0,
                0.0,
                0.0,
                0.0,
                0.0,
                0.0,
                0.0,
                0.0,
                0.0,
                0.0,
                0.0,
                0.0,
                0.0,
                1.0416666666666665,
                1.0416666666666665,
                1.0416666666666665,
                1.0416666666666665,
                1.0416666666666665,
                1.0416666666666665,
                1.0416666666666665,
                1.0416666666666665,
                1.0416666666666665,
                1.0416666666666665,
                0.0,
                0.0,
                0.0,
                0.0,
                0.0,
                0.0,
                0.0,
                0.0,
                0.0,
                0.0,
                0.0,
                0.0,
                0.0,
                0.0,
                0.0,
                0.0,
                0.0,
                0.0,
                0.0,
                0.0,
                0.0,
                0.0,
                0.0,
                0.0,
                0.0,
                0.0,
                0.0,
                0.0,
                0.0,
                0.0,
                0.0,
                0.0,
                0.0,
                0.0,
                0.0,
                0.0,
                0.0,
                0.0,
                0.0,
                0.0,
                0.0,
                0.0,
                0.0,
                0.0,
                0.0,
                0.0,
                0.0,
                0.0,
                0.0,
                0.0,
                0.0,
                0.0,
                0.0,
                0.0,
                0.0,
                0.0,
                0.0,
                0.0,
                0.0,
                0.0,
                0.0,
                0.0,
                0.0,
                0.0,
                0.0,
                0.0,
                0.0,
                0.0,
                0.0,
                0.0,
                0.0,
                0.0,
                0.0,
                0.0,
                0.0,
                0.0,
                0.0,
                0.0,
                0.0,
                0.0,
                0.0,
                0.0,
                0.0,
                0.0,
                0.0,
                0.0,
                0.0,
                0.0,
                0.0,
                0.0
            ],
            "1": [
                14.374999999999998,
                10.208333333333334,
                11.666666666666666,
                12.708333333333332,
                13.750000000000002,
                11.458333333333332,
                4.583333333333333,
                4.583333333333333,
                3.125,
                0.0,
                0.0,
                1.25,
                0.0,
                1.875,
                1.25,
                0.0,
                0.0,
                0.0,
                0.0,
                1.25,
                1.0416666666666665,
                0.0,
                0.0,
                1.0416666666666665,
                2.2916666666666665,
                1.0416666666666665,
                2.7083333333333335,
                1.0416666666666665,
                1.6666666666666667,
                1.6666666666666667,
                1.6666666666666667,
                1.6666666666666667,
                1.6666666666666667,
                3.3333333333333335,
                3.3333333333333335,
                6.458333333333334,
                6.25,
                6.25,
                4.583333333333333,
                4.583333333333333,
                4.583333333333333,
                3.3333333333333335,
                4.583333333333333,
                8.75,
                17.5,
                10.833333333333334,
                10.833333333333334,
                9.166666666666666,
                10.208333333333334,
                13.750000000000002,
                16.25,
                15.208333333333332,
                12.5,
                9.791666666666666,
                4.791666666666667,
                8.333333333333332,
                7.708333333333334,
                3.958333333333333,
                3.958333333333333,
                3.958333333333333,
                0.0,
                1.4583333333333333,
                3.5416666666666665,
                9.583333333333334,
                11.875,
                6.875000000000001,
                6.875000000000001,
                6.875000000000001,
                5.208333333333334,
                1.0416666666666665,
                1.0416666666666665,
                1.0416666666666665,
                0.0,
                0.0,
                0.0,
                0.0,
                0.0,
                0.0,
                0.0,
                0.0,
                0.0,
                0.0,
                0.0,
                0.0,
                0.0,
                0.0,
                0.0,
                0.0,
                0.0,
                0.0,
                0.0,
                0.0,
                0.0,
                0.0,
                0.0,
                0.0,
                0.0,
                0.0,
                0.0,
                0.0,
                0.0,
                0.0,
                0.0,
                0.0,
                0.0,
                0.0,
                0.0,
                0.0,
                0.0,
                0.0,
                0.0,
                0.0,
                0.0,
                0.0,
                0.0,
                0.0,
                0.0,
                0.0,
                0.0,
                0.0,
                0.0,
                0.0,
                0.0,
                0.0,
                0.0,
                0.0,
                0.0,
                0.0,
                0.0,
                0.0,
                0.0,
                0.0,
                0.0,
                0.0,
                0.0,
                0.0,
                0.0,
                0.0,
                0.0,
                0.0,
                0.0,
                0.0,
                0.0,
                0.0,
                0.0,
                0.0,
                0.0,
                0.0,
                0.0,
                0.0
            ],
            "2": [
                69.16666666666667,
                69.58333333333333,
                68.125,
                67.70833333333334,
                66.875,
                69.16666666666667,
                65.41666666666667,
                65.625,
                62.291666666666664,
                64.375,
                63.33333333333333,
                61.66666666666667,
                58.333333333333336,
                60.62499999999999,
                60.62499999999999,
                61.66666666666667,
                61.66666666666667,
                61.66666666666667,
                57.08333333333333,
                57.08333333333333,
                59.375,
                61.04166666666667,
                57.91666666666667,
                59.791666666666664,
                55.833333333333336,
                57.08333333333333,
                56.666666666666664,
                58.333333333333336,
                58.54166666666667,
                58.12500000000001,
                56.666666666666664,
                60.20833333333333,
                60.20833333333333,
                58.958333333333336,
                58.958333333333336,
                56.458333333333336,
                51.66666666666667,
                58.75,
                61.04166666666667,
                59.583333333333336,
                61.458333333333336,
                65.20833333333333,
                65.20833333333333,
                63.74999999999999,
                55.625,
                60.20833333333333,
                60.416666666666664,
                60.416666666666664,
                59.791666666666664,
                56.041666666666664,
                54.58333333333333,
                54.58333333333333,
                54.37499999999999,
                56.875,
                58.12500000000001,
                56.666666666666664,
                57.91666666666667,
                59.583333333333336,
                58.12500000000001,
                58.75,
                59.166666666666664,
                60.0,
                58.333333333333336,
                52.916666666666664,
                48.95833333333333,
                51.24999999999999,
                50.416666666666664,
                48.95833333333333,
                41.041666666666664,
                36.25,
                32.916666666666664,
                32.916666666666664,
                29.583333333333332,
                29.583333333333332,
                29.583333333333332,
                27.916666666666668,
                27.916666666666668,
                25.416666666666664,
                23.75,
                23.75,
                23.75,
                23.75,
                23.75,
                22.5,
                21.458333333333332,
                18.541666666666668,
                13.125,
                10.625,
                9.375,
                9.375,
                9.375,
                9.375,
                7.708333333333334,
                7.708333333333334,
                5.416666666666667,
                2.9166666666666665,
                2.9166666666666665,
                2.9166666666666665,
                1.6666666666666667,
                0.0,
                0.0,
                0.0,
                0.0,
                0.0,
                0.0,
                0.0,
                0.0,
                0.0,
                0.0,
                0.0,
                0.0,
                0.0,
                0.0,
                0.0,
                0.0,
                0.0,
                0.0,
                0.0,
                0.0,
                0.0,
                0.0,
                0.0,
                0.0,
                0.0,
                0.0,
                0.0,
                0.0,
                0.0,
                0.0,
                0.0,
                0.0,
                0.0,
                0.0,
                0.0,
                0.0,
                0.0,
                0.0,
                0.0,
                0.0,
                0.0,
                0.0,
                0.0,
                0.0,
                0.0,
                0.0,
                0.0,
                0.0,
                0.0,
                0.0,
                0.0
            ],
            "3": [
                14.374999999999998,
                14.374999999999998,
                14.374999999999998,
                14.374999999999998,
                17.291666666666668,
                17.291666666666668,
                26.875,
                28.333333333333332,
                32.708333333333336,
                34.166666666666664,
                35.625,
                36.666666666666664,
                39.791666666666664,
                36.45833333333333,
                36.45833333333333,
                36.45833333333333,
                36.45833333333333,
                36.45833333333333,
                40.208333333333336,
                40.625,
                38.333333333333336,
                36.875,
                40.0,
                37.708333333333336,
                40.625,
                39.791666666666664,
                39.791666666666664,
                38.333333333333336,
                37.291666666666664,
                38.333333333333336,
                39.791666666666664,
                35.833333333333336,
                35.833333333333336,
                35.833333333333336,
                35.833333333333336,
                35.833333333333336,
                40.833333333333336,
                32.916666666666664,
                32.29166666666667,
                33.958333333333336,
                33.541666666666664,
                29.583333333333332,
                28.541666666666664,
                26.041666666666668,
                25.833333333333336,
                27.291666666666664,
                27.291666666666664,
                28.958333333333336,
                28.958333333333336,
                28.958333333333336,
                27.500000000000004,
                28.125,
                30.416666666666664,
                31.458333333333332,
                35.208333333333336,
                33.541666666666664,
                32.5,
                35.208333333333336,
                35.625,
                35.625,
                39.791666666666664,
                37.708333333333336,
                37.708333333333336,
                35.833333333333336,
                37.708333333333336,
                40.625,
                30.625000000000004,
                30.625000000000004,
                30.625000000000004,
                27.916666666666668,
                27.916666666666668,
                27.916666666666668,
                24.166666666666668,
                19.375,
                19.375,
                17.708333333333336,
                16.666666666666664,
                14.583333333333334,
                12.291666666666666,
                11.041666666666666,
                8.75,
                8.75,
                7.708333333333334,
                6.458333333333334,
                5.416666666666667,
                4.375,
                4.375,
                4.375,
                4.375,
                4.375,
                1.0416666666666665,
                1.0416666666666665,
                1.0416666666666665,
                0.0,
                0.0,
                0.0,
                0.0,
                0.0,
                0.0,
                0.0,
                0.0,
                0.0,
                0.0,
                0.0,
                0.0,
                0.0,
                0.0,
                0.0,
                0.0,
                0.0,
                0.0,
                0.0,
                0.0,
                0.0,
                0.0,
                0.0,
                0.0,
                0.0,
                0.0,
                0.0,
                0.0,
                0.0,
                0.0,
                0.0,
                0.0,
                0.0,
                0.0,
                0.0,
                0.0,
                0.0,
                0.0,
                0.0,
                0.0,
                0.0,
                0.0,
                0.0,
                0.0,
                0.0,
                0.0,
                0.0,
                0.0,
                0.0,
                0.0,
                0.0,
                0.0,
                0.0,
                0.0,
                0.0,
                0.0,
                0.0
            ],
            "overall": [
                97.91666666666667,
                95.41666666666666,
                94.16666666666667,
                94.79166666666667,
                97.91666666666667,
                97.91666666666667,
                96.875,
                98.54166666666666,
                98.125,
                98.54166666666666,
                98.95833333333333,
                99.58333333333334,
                98.125,
                98.95833333333331,
                98.33333333333331,
                98.125,
                98.125,
                98.125,
                97.29166666666666,
                98.95833333333333,
                98.75,
                97.91666666666667,
                97.91666666666667,
                98.54166666666666,
                98.75,
                97.91666666666666,
                99.16666666666666,
                97.70833333333334,
                97.5,
                98.125,
                98.125,
                97.70833333333333,
                97.70833333333333,
                98.125,
                98.125,
                98.75,
                98.75,
                97.91666666666666,
                97.91666666666667,
                98.125,
                99.58333333333334,
                98.12499999999999,
                98.33333333333331,
                98.54166666666667,
                98.95833333333334,
                98.33333333333331,
                98.54166666666666,
                98.54166666666666,
                98.95833333333334,
                98.75,
                99.375,
                98.95833333333333,
                98.33333333333331,
                99.16666666666666,
                99.16666666666669,
                99.58333333333331,
                99.16666666666667,
                99.79166666666669,
                98.75,
                99.375,
                98.95833333333333,
                99.16666666666667,
                99.58333333333334,
                98.33333333333334,
                98.54166666666666,
                98.75,
                87.91666666666667,
                86.45833333333333,
                76.875,
                65.20833333333333,
                61.875,
                61.875,
                53.75,
                48.95833333333333,
                48.95833333333333,
                45.625,
                44.58333333333333,
                40.0,
                36.041666666666664,
                34.791666666666664,
                32.5,
                32.5,
                31.458333333333336,
                28.958333333333336,
                26.875,
                22.916666666666668,
                17.5,
                15.0,
                13.75,
                13.75,
                10.416666666666666,
                10.416666666666666,
                8.75,
                7.708333333333334,
                5.416666666666667,
                2.9166666666666665,
                2.9166666666666665,
                2.9166666666666665,
                1.6666666666666667,
                0.0,
                0.0,
                0.0,
                0.0,
                0.0,
                0.0,
                0.0,
                0.0,
                0.0,
                0.0,
                0.0,
                0.0,
                0.0,
                0.0,
                0.0,
                0.0,
                0.0,
                0.0,
                0.0,
                0.0,
                0.0,
                0.0,
                0.0,
                0.0,
                0.0,
                0.0,
                0.0,
                0.0,
                0.0,
                0.0,
                0.0,
                0.0,
                0.0,
                0.0,
                0.0,
                0.0,
                0.0,
                0.0,
                0.0,
                0.0,
                0.0,
                0.0,
                0.0,
                0.0,
                0.0,
                0.0,
                0.0,
                0.0,
                0.0,
                0.0,
                0.0
            ]
        },
        "lWaitAndOverdue": [
            [
                0,
                3,
                4,
                0
            ],
            [
                0,
                3,
                7,
                0
            ],
            [
                0,
                3,
                11,
                0
            ],
            [
                0,
                2,
                0,
                0
            ],
            [
                0,
                2,
                2,
                0
            ],
            [
                0,
                2,
                2,
                0
            ],
            [
                1,
                2,
                2,
                0
            ],
            [
                1,
                2,
                1,
                0
            ],
            [
                1,
                1,
                0,
                0
            ],
            [
                1,
                4,
                7,
                0
            ],
            [
                1,
                3,
                7,
                0
            ],
            [
                1,
                3,
                10,
                0
            ],
            [
                1,
                2,
                1,
                0
            ],
            [
                1,
                4,
                23,
                0
            ],
            [
                2,
                3,
                7,
                0
            ],
            [
                2,
                3,
                6,
                0
            ],
            [
                2,
                2,
                1,
                0
            ],
            [
                2,
                3,
                9,
                0
            ],
            [
                2,
                2,
                2,
                0
            ],
            [
                2,
                2,
                2,
                0
            ],
            [
                2,
                2,
                0,
                0
            ],
            [
                3,
                3,
                12,
                0
            ],
            [
                3,
                4,
                27,
                0
            ],
            [
                3,
                3,
                7,
                0
            ],
            [
                3,
                2,
                0,
                0
            ],
            [
                4,
                2,
                3,
                0
            ],
            [
                5,
                3,
                45,
                31
            ],
            [
                5,
                4,
                43,
                15
            ],
            [
                5,
                2,
                10,
                8
            ],
            [
                5,
                3,
                46,
                32
            ],
            [
                5,
                2,
                24,
                22
            ],
            [
                5,
                2,
                31,
                29
            ],
            [
                5,
                2,
                0,
                0
            ],
            [
                6,
                2,
                37,
                35
            ],
            [
                6,
                2,
                37,
                35
            ],
            [
                7,
                2,
                40,
                38
            ],
            [
                7,
                2,
                41,
                39
            ],
            [
                7,
                4,
                44,
                16
            ],
            [
                7,
                2,
                6,
                4
            ],
            [
                7,
                4,
                44,
                16
            ],
            [
                7,
                3,
                47,
                33
            ],
            [
                7,
                4,
                44,
                16
            ],
            [
                7,
                2,
                41,
                39
            ],
            [
                8,
                2,
                8,
                4
            ],
            [
                8,
                2,
                42,
                38
            ],
            [
                8,
                4,
                46,
                18
            ],
            [
                9,
                3,
                45,
                31
            ],
            [
                9,
                2,
                14,
                10
            ],
            [
                9,
                3,
                46,
                32
            ],
            [
                9,
                3,
                46,
                32
            ],
            [
                9,
                3,
                45,
                31
            ],
            [
                10,
                4,
                50,
                22
            ],
            [
                10,
                3,
                49,
                35
            ],
            [
                10,
                4,
                49,
                21
            ],
            [
                10,
                3,
                46,
                32
            ],
            [
                10,
                2,
                22,
                20
            ],
            [
                10,
                2,
                43,
                41
            ],
            [
                10,
                4,
                51,
                23
            ],
            [
                10,
                3,
                49,
                35
            ],
            [
                11,
                2,
                43,
                41
            ],
            [
                11,
                2,
                44,
                42
            ],
            [
                11,
                2,
                44,
                42
            ],
            [
                11,
                3,
                51,
                37
            ],
            [
                11,
                4,
                49,
                21
            ],
            [
                11,
                2,
                44,
                42
            ],
            [
                12,
                2,
                44,
                42
            ],
            [
                12,
                3,
                47,
                33
            ],
            [
                13,
                2,
                43,
                39
            ],
            [
                13,
                2,
                43,
                39
            ],
            [
                13,
                3,
                46,
                32
            ],
            [
                13,
                3,
                47,
                33
            ],
            [
                13,
                4,
                46,
                18
            ],
            [
                13,
                4,
                46,
                18
            ],
            [
                13,
                3,
                46,
                32
            ],
            [
                13,
                3,
                47,
                33
            ],
            [
                14,
                2,
                42,
                38
            ],
            [
                14,
                3,
                42,
                28
            ],
            [
                14,
                2,
                42,
                38
            ],
            [
                14,
                4,
                42,
                14
            ],
            [
                14,
                2,
                42,
                38
            ],
            [
                15,
                2,
                46,
                44
            ],
            [
                15,
                2,
                46,
                44
            ],
            [
                15,
                2,
                11,
                9
            ],
            [
                15,
                4,
                53,
                25
            ],
            [
                15,
                4,
                50,
                22
            ],
            [
                16,
                4,
                52,
                24
            ],
            [
                16,
                4,
                50,
                22
            ],
            [
                16,
                3,
                50,
                36
            ],
            [
                16,
                2,
                44,
                42
            ],
            [
                16,
                3,
                51,
                37
            ],
            [
                16,
                2,
                45,
                43
            ],
            [
                16,
                2,
                45,
                43
            ],
            [
                16,
                3,
                51,
                37
            ],
            [
                16,
                2,
                48,
                46
            ],
            [
                17,
                2,
                44,
                42
            ],
            [
                17,
                2,
                47,
                45
            ],
            [
                17,
                1,
                47,
                47
            ],
            [
                17,
                2,
                48,
                46
            ],
            [
                18,
                2,
                47,
                43
            ],
            [
                18,
                3,
                49,
                35
            ],
            [
                18,
                3,
                53,
                39
            ],
            [
                18,
                4,
                47,
                19
            ],
            [
                18,
                3,
                49,
                35
            ],
            [
                18,
                2,
                4,
                0
            ],
            [
                18,
                4,
                48,
                20
            ],
            [
                19,
                4,
                48,
                20
            ],
            [
                19,
                2,
                46,
                42
            ],
            [
                19,
                4,
                47,
                19
            ],
            [
                19,
                4,
                47,
                19
            ],
            [
                19,
                4,
                49,
                21
            ],
            [
                19,
                3,
                49,
                35
            ],
            [
                20,
                4,
                51,
                23
            ],
            [
                20,
                3,
                50,
                36
            ],
            [
                20,
                3,
                53,
                39
            ],
            [
                20,
                4,
                52,
                24
            ],
            [
                21,
                4,
                55,
                27
            ],
            [
                21,
                3,
                56,
                42
            ],
            [
                21,
                2,
                48,
                46
            ],
            [
                21,
                2,
                48,
                46
            ],
            [
                21,
                3,
                50,
                36
            ],
            [
                21,
                4,
                50,
                22
            ],
            [
                22,
                4,
                50,
                22
            ],
            [
                22,
                4,
                49,
                21
            ],
            [
                22,
                4,
                49,
                21
            ],
            [
                22,
                2,
                47,
                45
            ],
            [
                23,
                2,
                46,
                42
            ],
            [
                23,
                4,
                53,
                25
            ],
            [
                23,
                2,
                47,
                43
            ],
            [
                23,
                4,
                49,
                21
            ],
            [
                23,
                2,
                46,
                42
            ],
            [
                23,
                3,
                53,
                39
            ],
            [
                23,
                3,
                53,
                39
            ],
            [
                23,
                3,
                48,
                34
            ],
            [
                23,
                3,
                49,
                35
            ],
            [
                24,
                2,
                24,
                20
            ],
            [
                24,
                4,
                52,
                24
            ],
            [
                24,
                4,
                52,
                24
            ],
            [
                24,
                3,
                49,
                35
            ],
            [
                25,
                2,
                50,
                48
            ],
            [
                25,
                4,
                53,
                25
            ],
            [
                25,
                3,
                53,
                39
            ],
            [
                25,
                2,
                51,
                49
            ],
            [
                25,
                3,
                56,
                42
            ],
            [
                26,
                2,
                51,
                49
            ],
            [
                26,
                2,
                51,
                49
            ],
            [
                26,
                2,
                50,
                48
            ],
            [
                26,
                2,
                51,
                49
            ],
            [
                26,
                2,
                51,
                49
            ],
            [
                27,
                2,
                51,
                49
            ],
            [
                27,
                4,
                54,
                26
            ],
            [
                27,
                4,
                54,
                26
            ],
            [
                27,
                4,
                54,
                26
            ],
            [
                27,
                3,
                54,
                40
            ],
            [
                28,
                2,
                50,
                46
            ],
            [
                28,
                2,
                50,
                46
            ],
            [
                28,
                4,
                53,
                25
            ],
            [
                28,
                3,
                53,
                39
            ],
            [
                29,
                4,
                52,
                24
            ],
            [
                29,
                3,
                52,
                38
            ],
            [
                29,
                2,
                49,
                45
            ],
            [
                29,
                3,
                53,
                39
            ]
        ],
        "lWaitDayByPriority": [
            6260,
            47,
            2225,
            2004,
            1984
        ],
        "objval": 2952.1835734293713,
        "std_occupancy": 45.569087505798386
    },
    "runtime": 4.157257318496704,
    "simdays": 150,
    "solver": "weekly"
}