{
    "arrivalrate": 6.0,
    "ins_name": 315,
    "ins_path": null,
    "lNoNewPatients": [
        184,
        2,
        76,
        62,
        44
    ],
    "lNoPatients": [
        349,
        2,
        83,
        166,
        98
    ],
    "lNoSections": [
        2431,
        11,
        232,
        1369,
        819
    ],
    "mipgap": 1.0,
    "noLinacs": 4,
    "noSlotsPerDay": 120,
    "planningHorizon": 80,
    "runresult": {
        "avg_occupancy": 49.62361111111111,
        "feasibility": true,
        "lAvgLateDayByPriority": [
            24.597826086956523,
            22.0,
            28.88157894736842,
            24.870967741935484,
            16.931818181818183
        ],
        "lAvgWaitDayByPriority": [
            36.77173913043478,
            22.0,
            31.5,
            38.145161290322584,
            44.61363636363637
        ],
        "lLateDayByPriority": [
            4526,
            44,
            2195,
            1542,
            745
        ],
        "lOccupancy": {
            "0": [
                0.0,
                0.0,
                0.0,
                0.0,
                0.0,
                0.0,
                1.25,
                0.0,
                0.0,
                0.0,
                0.0,
                0.0,
                0.0,
                0.0,
                0.0,
                0.0,
                0.0,
                0.0,
                0.0,
                0.0,
                0.0,
                0.0,
                0.0,
                0.0,
                0.0,
                0.0,
                0.0,
                0.0,
                0.0,
                0.0,
                0.0,
                0.0,
                0.0,
                0.0,
                0.0,
                0.0,
                0.0,
                0.0,
                0.0,
                0.0,
                0.0,
                0.0,
                0.0,
                0.0,
                0.0,
                0.0,
                0.0,
                0.0,
                0.0,
                0.0,
                0.0,
                0.0,
                0.0,
                0.0,
                1.0416666666666665,
                1.0416666666666665,
                1.0416666666666665,
                1.0416666666666665,
                1.0416666666666665,
                1.0416666666666665,
                1.0416666666666665,
                1.0416666666666665,
                1.0416666666666665,
                1.0416666666666665,
                0.0,
                0.0,
                0.0,
                0.0,
                0.0,
                0.0,
                0.0,
                0.0,
                0.0,
                0.0,
                0.0,
                0.0,
                0.0,
                0.0,
                0.0,
                0.0,
                0.0,
                0.0,
                0.0,
                0.0,
                0.0,
                0.0,
                0.0,
                0.0,
                0.0,
                0.0,
                0.0,
                0.0,
                0.0,
                0.0,
                0.0,
                0.0,
                0.0,
                0.0,
                0.0,
                0.0,
                0.0,
                0.0,
                0.0,
                0.0,
                0.0,
                0.0,
                0.0,
                0.0,
                0.0,
                0.0,
                0.0,
                0.0,
                0.0,
                0.0,
                0.0,
                0.0,
                0.0,
                0.0,
                0.0,
                0.0,
                0.0,
                0.0,
                0.0,
                0.0,
                0.0,
                0.0,
                0.0,
                0.0,
                0.0,
                0.0,
                0.0,
                0.0,
                0.0,
                0.0,
                0.0,
                0.0,
                0.0,
                0.0,
                0.0,
                0.0,
                0.0,
                0.0,
                0.0,
                0.0,
                0.0,
                0.0,
                0.0,
                0.0,
                0.0,
                0.0
            ],
            "1": [
                11.666666666666666,
                8.541666666666666,
                15.208333333333332,
                7.291666666666667,
                7.5,
                8.958333333333334,
                6.458333333333334,
                3.125,
                3.958333333333333,
                1.4583333333333333,
                1.4583333333333333,
                2.083333333333333,
                0.0,
                0.0,
                1.25,
                2.9166666666666665,
                2.9166666666666665,
                2.9166666666666665,
                0.0,
                0.0,
                0.0,
                0.0,
                0.0,
                1.875,
                1.875,
                1.25,
                1.25,
                1.875,
                1.25,
                1.0416666666666665,
                0.0,
                0.0,
                0.0,
                0.0,
                1.4583333333333333,
                1.4583333333333333,
                1.4583333333333333,
                3.958333333333333,
                5.625,
                3.125,
                7.5,
                13.958333333333334,
                14.374999999999998,
                7.708333333333334,
                10.625,
                10.416666666666668,
                7.916666666666666,
                12.708333333333332,
                10.833333333333334,
                12.5,
                12.5,
                15.833333333333332,
                15.208333333333332,
                17.916666666666668,
                13.750000000000002,
                13.958333333333334,
                10.833333333333334,
                8.958333333333334,
                6.041666666666667,
                5.208333333333334,
                3.958333333333333,
                3.958333333333333,
                2.2916666666666665,
                10.416666666666668,
                10.208333333333334,
                6.458333333333334,
                3.958333333333333,
                3.958333333333333,
                3.958333333333333,
                1.0416666666666665,
                1.0416666666666665,
                1.0416666666666665,
                1.0416666666666665,
                0.0,
                0.0,
                0.0,
                0.0,
                0.0,
                0.0,
                0.0,
                0.0,
                0.0,
                0.0,
                0.0,
                0.0,
                0.0,
                0.0,
                0.0,
                0.0,
                0.0,
                0.0,
                0.0,
                0.0,
                0.0,
                0.0,
                0.0,
                0.0,
                0.0,
                0.0,
                0.0,
                0.0,
                0.0,
                0.0,
                0.0,
                0.0,
                0.0,
                0.0,
                0.0,
                0.0,
                0.0,
                0.0,
                0.0,
                0.0,
                0.0,
                0.0,
                0.0,
                0.0,
                0.0,
                0.0,
                0.0,
                0.0,
                0.0,
                0.0,
                0.0,
                0.0,
                0.0,
                0.0,
                0.0,
                0.0,
                0.0,
                0.0,
                0.0,
                0.0,
                0.0,
                0.0,
                0.0,
                0.0,
                0.0,
                0.0,
                0.0,
                0.0,
                0.0,
                0.0,
                0.0,
                0.0,
                0.0,
                0.0,
                0.0,
                0.0,
                0.0
            ],
            "2": [
                69.375,
                71.04166666666667,
                70.625,
                68.125,
                66.25,
                65.20833333333333,
                63.33333333333333,
                65.0,
                61.04166666666667,
                62.708333333333336,
                63.74999999999999,
                60.20833333333333,
                60.0,
                59.583333333333336,
                62.916666666666664,
                61.25000000000001,
                61.25000000000001,
                60.83333333333333,
                62.708333333333336,
                59.791666666666664,
                61.25000000000001,
                59.375,
                58.12500000000001,
                60.0,
                60.416666666666664,
                57.91666666666667,
                57.70833333333333,
                58.958333333333336,
                58.958333333333336,
                59.166666666666664,
                57.291666666666664,
                60.20833333333333,
                60.416666666666664,
                63.95833333333333,
                58.75,
                57.70833333333333,
                60.0,
                57.08333333333333,
                61.875,
                63.33333333333333,
                59.583333333333336,
                53.125,
                53.125,
                58.958333333333336,
                57.49999999999999,
                61.25000000000001,
                59.166666666666664,
                59.166666666666664,
                59.583333333333336,
                58.12500000000001,
                59.375,
                54.37499999999999,
                53.75,
                53.125,
                56.25,
                56.041666666666664,
                56.041666666666664,
                56.041666666666664,
                57.291666666666664,
                56.875,
                55.833333333333336,
                57.70833333333333,
                56.041666666666664,
                51.87500000000001,
                49.583333333333336,
                46.25,
                41.66666666666667,
                40.0,
                38.333333333333336,
                36.666666666666664,
                35.208333333333336,
                31.874999999999996,
                30.208333333333332,
                23.75,
                23.75,
                22.083333333333332,
                22.083333333333332,
                22.083333333333332,
                22.083333333333332,
                20.833333333333336,
                20.833333333333336,
                19.166666666666668,
                19.166666666666668,
                16.875,
                16.875,
                15.625,
                13.125,
                10.208333333333334,
                6.458333333333334,
                5.208333333333334,
                5.208333333333334,
                2.9166666666666665,
                2.9166666666666665,
                2.9166666666666665,
                1.6666666666666667,
                1.6666666666666667,
                1.6666666666666667,
                0.0,
                0.0,
                0.0,
                0.0,
                0.0,
                0.0,
                0.0,
                0.0,
                0.0,
                0.0,
                0.0,
                0.0,
                0.0,
                0.0,
                0.0,
                0.0,
                0.0,
                0.0,
                0.0,
                0.0,
                0.0,
                0.0,
                0.0,
                0.0,
                0.0,
                0.0,
                0.0,
                0.0,
                0.0,
                0.0,
                0.0,
                0.0,
                0.0,
                0.0,
                0.0,
                0.0,
                0.0,
                0.0,
                0.0,
                0.0,
                0.0,
                0.0,
                0.0,
                0.0,
                0.0,
                0.0,
                0.0,
                0.0,
                0.0,
                0.0,
                0.0,
                0.0,
                0.0
            ],
            "3": [
                14.374999999999998,
                12.916666666666668,
                12.916666666666668,
                14.374999999999998,
                17.291666666666668,
                20.208333333333332,
                24.166666666666668,
                25.624999999999996,
                31.458333333333332,
                34.375,
                34.375,
                37.291666666666664,
                37.291666666666664,
                38.958333333333336,
                34.166666666666664,
                34.166666666666664,
                34.166666666666664,
                34.166666666666664,
                34.791666666666664,
                39.58333333333333,
                38.125,
                37.291666666666664,
                39.791666666666664,
                37.5,
                37.5,
                40.208333333333336,
                39.791666666666664,
                38.333333333333336,
                38.333333333333336,
                38.333333333333336,
                40.833333333333336,
                37.916666666666664,
                37.916666666666664,
                34.583333333333336,
                39.58333333333333,
                39.58333333333333,
                37.708333333333336,
                37.708333333333336,
                31.874999999999996,
                31.874999999999996,
                32.29166666666667,
                31.041666666666668,
                30.833333333333336,
                32.5,
                31.041666666666668,
                27.083333333333332,
                30.625000000000004,
                26.666666666666668,
                28.958333333333336,
                28.958333333333336,
                27.708333333333336,
                27.708333333333336,
                28.333333333333332,
                27.083333333333332,
                27.916666666666668,
                27.083333333333332,
                30.416666666666664,
                32.5,
                33.33333333333333,
                34.583333333333336,
                36.45833333333333,
                36.45833333333333,
                39.791666666666664,
                35.833333333333336,
                38.958333333333336,
                36.666666666666664,
                36.666666666666664,
                29.583333333333332,
                27.916666666666668,
                27.916666666666668,
                26.666666666666668,
                25.208333333333332,
                25.208333333333332,
                23.958333333333336,
                23.958333333333336,
                22.708333333333332,
                19.375,
                15.416666666666668,
                14.374999999999998,
                11.041666666666666,
                9.791666666666666,
                8.75,
                8.75,
                8.75,
                7.708333333333334,
                5.625,
                4.375,
                4.375,
                4.375,
                2.083333333333333,
                1.0416666666666665,
                0.0,
                0.0,
                0.0,
                0.0,
                0.0,
                0.0,
                0.0,
                0.0,
                0.0,
                0.0,
                0.0,
                0.0,
                0.0,
                0.0,
                0.0,
                0.0,
                0.0,
                0.0,
                0.0,
                0.0,
                0.0,
                0.0,
                0.0,
                0.0,
                0.0,
                0.0,
                0.0,
                0.0,
                0.0,
                0.0,
                0.0,
                0.0,
                0.0,
                0.0,
                0.0,
                0.0,
                0.0,
                0.0,
                0.0,
                0.0,
                0.0,
                0.0,
                0.0,
                0.0,
                0.0,
                0.0,
                0.0,
                0.0,
                0.0,
                0.0,
                0.0,
                0.0,
                0.0,
                0.0,
                0.0,
                0.0,
                0.0,
                0.0,
                0.0
            ],
            "overall": [
                95.41666666666667,
                92.50000000000001,
                98.75,
                89.79166666666667,
                91.04166666666667,
                94.37499999999999,
                95.20833333333333,
                93.75,
                96.45833333333333,
                98.54166666666667,
                99.58333333333333,
                99.58333333333333,
                97.29166666666666,
                98.54166666666667,
                98.33333333333331,
                98.33333333333334,
                98.33333333333334,
                97.91666666666666,
                97.5,
                99.375,
                99.375,
                96.66666666666666,
                97.91666666666667,
                99.375,
                99.79166666666666,
                99.375,
                98.75,
                99.16666666666667,
                98.54166666666667,
                98.54166666666666,
                98.125,
                98.125,
                98.33333333333333,
                98.54166666666666,
                99.79166666666666,
                98.75,
                99.16666666666667,
                98.75,
                99.375,
                98.33333333333333,
                99.37500000000001,
                98.125,
                98.33333333333334,
                99.16666666666667,
                99.16666666666667,
                98.75,
                97.70833333333333,
                98.54166666666667,
                99.375,
                99.58333333333334,
                99.58333333333334,
                97.91666666666666,
                97.29166666666666,
                98.125,
                98.95833333333334,
                98.12499999999999,
                98.33333333333331,
                98.54166666666666,
                97.70833333333333,
                97.70833333333334,
                97.29166666666666,
                99.16666666666666,
                99.16666666666666,
                99.16666666666669,
                98.75,
                89.375,
                82.29166666666667,
                73.54166666666667,
                70.20833333333334,
                65.625,
                62.91666666666667,
                58.125,
                56.45833333333333,
                47.708333333333336,
                47.708333333333336,
                44.791666666666664,
                41.45833333333333,
                37.5,
                36.45833333333333,
                31.875,
                30.625,
                27.916666666666668,
                27.916666666666668,
                25.625,
                24.583333333333336,
                21.25,
                17.5,
                14.583333333333334,
                10.833333333333334,
                7.291666666666667,
                6.25,
                2.9166666666666665,
                2.9166666666666665,
                2.9166666666666665,
                1.6666666666666667,
                1.6666666666666667,
                1.6666666666666667,
                0.0,
                0.0,
                0.0,
                0.0,
                0.0,
                0.0,
                0.0,
                0.0,
                0.0,
                0.0,
                0.0,
                0.0,
                0.0,
                0.0,
                0.0,
                0.0,
                0.0,
                0.0,
                0.0,
                0.0,
                0.0,
                0.0,
                0.0,
                0.0,
                0.0,
                0.0,
                0.0,
                0.0,
                0.0,
                0.0,
                0.0,
                0.0,
                0.0,
                0.0,
                0.0,
                0.0,
                0.0,
                0.0,
                0.0,
                0.0,
                0.0,
                0.0,
                0.0,
                0.0,
                0.0,
                0.0,
                0.0,
                0.0,
                0.0,
                0.0,
                0.0,
                0.0,
                0.0
            ]
        },
        "lWaitAndOverdue": [
            [
                0,
                3,
                8,
                0
            ],
            [
                0,
                3,
                8,
                0
            ],
            [
                0,
                3,
                10,
                0
            ],
            [
                0,
                2,
                1,
                0
            ],
            [
                0,
                3,
                7,
                0
            ],
            [
                0,
                3,
                9,
                0
            ],
            [
                0,
                2,
                0,
                0
            ],
            [
                0,
                2,
                2,
                0
            ],
            [
                1,
                3,
                8,
                0
            ],
            [
                1,
                3,
                9,
                0
            ],
            [
                1,
                3,
                15,
                1
            ],
            [
                1,
                3,
                13,
                0
            ],
            [
                1,
                2,
                0,
                0
            ],
            [
                1,
                2,
                1,
                0
            ],
            [
                1,
                2,
                1,
                0
            ],
            [
                1,
                4,
                29,
                1
            ],
            [
                1,
                2,
                1,
                0
            ],
            [
                1,
                3,
                10,
                0
            ],
            [
                2,
                4,
                44,
                16
            ],
            [
                2,
                2,
                2,
                0
            ],
            [
                2,
                3,
                44,
                30
            ],
            [
                2,
                2,
                1,
                0
            ],
            [
                2,
                3,
                22,
                8
            ],
            [
                3,
                3,
                13,
                0
            ],
            [
                3,
                2,
                4,
                0
            ],
            [
                3,
                4,
                14,
                0
            ],
            [
                3,
                3,
                43,
                29
            ],
            [
                3,
                2,
                1,
                0
            ],
            [
                4,
                4,
                42,
                14
            ],
            [
                5,
                3,
                39,
                25
            ],
            [
                5,
                3,
                43,
                29
            ],
            [
                5,
                3,
                43,
                29
            ],
            [
                5,
                3,
                43,
                29
            ],
            [
                5,
                3,
                43,
                29
            ],
            [
                5,
                3,
                43,
                29
            ],
            [
                5,
                2,
                0,
                0
            ],
            [
                5,
                2,
                39,
                37
            ],
            [
                6,
                2,
                13,
                11
            ],
            [
                6,
                2,
                43,
                41
            ],
            [
                6,
                2,
                2,
                0
            ],
            [
                6,
                1,
                0,
                0
            ],
            [
                6,
                4,
                44,
                16
            ],
            [
                6,
                3,
                42,
                28
            ],
            [
                7,
                3,
                43,
                29
            ],
            [
                7,
                2,
                1,
                0
            ],
            [
                7,
                4,
                43,
                15
            ],
            [
                7,
                3,
                43,
                29
            ],
            [
                7,
                3,
                43,
                29
            ],
            [
                7,
                2,
                6,
                4
            ],
            [
                7,
                3,
                43,
                29
            ],
            [
                8,
                2,
                42,
                38
            ],
            [
                8,
                2,
                21,
                17
            ],
            [
                9,
                2,
                4,
                0
            ],
            [
                9,
                3,
                45,
                31
            ],
            [
                9,
                4,
                42,
                14
            ],
            [
                9,
                3,
                45,
                31
            ],
            [
                9,
                2,
                45,
                41
            ],
            [
                9,
                2,
                21,
                17
            ],
            [
                9,
                3,
                42,
                28
            ],
            [
                10,
                4,
                42,
                14
            ],
            [
                10,
                2,
                23,
                21
            ],
            [
                10,
                3,
                42,
                28
            ],
            [
                11,
                2,
                41,
                39
            ],
            [
                11,
                2,
                41,
                39
            ],
            [
                11,
                2,
                43,
                41
            ],
            [
                11,
                2,
                42,
                40
            ],
            [
                11,
                2,
                42,
                40
            ],
            [
                11,
                2,
                42,
                40
            ],
            [
                11,
                2,
                3,
                1
            ],
            [
                12,
                4,
                41,
                13
            ],
            [
                12,
                2,
                6,
                4
            ],
            [
                12,
                4,
                41,
                13
            ],
            [
                12,
                3,
                43,
                29
            ],
            [
                12,
                4,
                42,
                14
            ],
            [
                13,
                2,
                41,
                37
            ],
            [
                13,
                2,
                6,
                2
            ],
            [
                13,
                2,
                18,
                14
            ],
            [
                13,
                4,
                42,
                14
            ],
            [
                13,
                3,
                42,
                28
            ],
            [
                13,
                2,
                21,
                17
            ],
            [
                13,
                3,
                42,
                28
            ],
            [
                13,
                3,
                46,
                32
            ],
            [
                13,
                3,
                42,
                28
            ],
            [
                13,
                4,
                42,
                14
            ],
            [
                14,
                3,
                45,
                31
            ],
            [
                14,
                4,
                46,
                18
            ],
            [
                14,
                3,
                46,
                32
            ],
            [
                14,
                2,
                42,
                38
            ],
            [
                14,
                2,
                45,
                41
            ],
            [
                14,
                4,
                46,
                18
            ],
            [
                14,
                3,
                46,
                32
            ],
            [
                14,
                2,
                45,
                41
            ],
            [
                14,
                2,
                45,
                41
            ],
            [
                15,
                2,
                43,
                41
            ],
            [
                15,
                3,
                45,
                31
            ],
            [
                15,
                4,
                45,
                17
            ],
            [
                15,
                2,
                44,
                42
            ],
            [
                15,
                2,
                44,
                42
            ],
            [
                15,
                3,
                45,
                31
            ],
            [
                15,
                2,
                44,
                42
            ],
            [
                16,
                2,
                44,
                42
            ],
            [
                16,
                3,
                44,
                30
            ],
            [
                16,
                3,
                44,
                30
            ],
            [
                16,
                4,
                44,
                16
            ],
            [
                16,
                4,
                44,
                16
            ],
            [
                17,
                3,
                43,
                29
            ],
            [
                17,
                3,
                44,
                30
            ],
            [
                17,
                2,
                43,
                41
            ],
            [
                18,
                3,
                46,
                32
            ],
            [
                18,
                2,
                43,
                39
            ],
            [
                18,
                4,
                47,
                19
            ],
            [
                18,
                2,
                47,
                43
            ],
            [
                18,
                2,
                47,
                43
            ],
            [
                19,
                2,
                46,
                42
            ],
            [
                19,
                2,
                35,
                31
            ],
            [
                19,
                4,
                46,
                18
            ],
            [
                19,
                4,
                46,
                18
            ],
            [
                20,
                4,
                44,
                16
            ],
            [
                20,
                4,
                44,
                16
            ],
            [
                20,
                3,
                44,
                30
            ],
            [
                20,
                2,
                44,
                42
            ],
            [
                21,
                3,
                44,
                30
            ],
            [
                21,
                2,
                43,
                41
            ],
            [
                21,
                2,
                43,
                41
            ],
            [
                21,
                3,
                44,
                30
            ],
            [
                21,
                2,
                44,
                42
            ],
            [
                21,
                2,
                43,
                41
            ],
            [
                21,
                2,
                44,
                42
            ],
            [
                22,
                1,
                44,
                44
            ],
            [
                22,
                2,
                44,
                42
            ],
            [
                22,
                2,
                44,
                42
            ],
            [
                22,
                3,
                44,
                30
            ],
            [
                22,
                3,
                44,
                30
            ],
            [
                22,
                4,
                44,
                16
            ],
            [
                22,
                3,
                44,
                30
            ],
            [
                22,
                2,
                9,
                7
            ],
            [
                22,
                4,
                47,
                19
            ],
            [
                23,
                4,
                48,
                20
            ],
            [
                23,
                2,
                46,
                42
            ],
            [
                23,
                4,
                47,
                19
            ],
            [
                23,
                4,
                47,
                19
            ],
            [
                23,
                4,
                47,
                19
            ],
            [
                23,
                3,
                46,
                32
            ],
            [
                24,
                4,
                47,
                19
            ],
            [
                24,
                3,
                48,
                34
            ],
            [
                24,
                3,
                48,
                34
            ],
            [
                24,
                4,
                48,
                20
            ],
            [
                24,
                4,
                48,
                20
            ],
            [
                24,
                3,
                48,
                34
            ],
            [
                24,
                2,
                47,
                43
            ],
            [
                24,
                2,
                47,
                43
            ],
            [
                25,
                3,
                46,
                32
            ],
            [
                25,
                4,
                46,
                18
            ],
            [
                25,
                4,
                46,
                18
            ],
            [
                25,
                4,
                46,
                18
            ],
            [
                25,
                4,
                46,
                18
            ],
            [
                25,
                2,
                45,
                43
            ],
            [
                25,
                2,
                46,
                44
            ],
            [
                25,
                4,
                49,
                21
            ],
            [
                25,
                2,
                46,
                44
            ],
            [
                26,
                4,
                49,
                21
            ],
            [
                26,
                2,
                48,
                46
            ],
            [
                26,
                3,
                48,
                34
            ],
            [
                27,
                3,
                48,
                34
            ],
            [
                27,
                3,
                48,
                34
            ],
            [
                27,
                3,
                48,
                34
            ],
            [
                27,
                2,
                42,
                40
            ],
            [
                27,
                4,
                49,
                21
            ],
            [
                27,
                4,
                49,
                21
            ],
            [
                28,
                3,
                50,
                36
            ],
            [
                28,
                2,
                49,
                45
            ],
            [
                28,
                4,
                50,
                22
            ],
            [
                28,
                3,
                49,
                35
            ],
            [
                28,
                2,
                49,
                45
            ],
            [
                28,
                3,
                50,
                36
            ],
            [
                28,
                2,
                49,
                45
            ],
            [
                28,
                2,
                49,
                45
            ],
            [
                28,
                2,
                49,
                45
            ],
            [
                29,
                2,
                49,
                45
            ],
            [
                29,
                2,
                49,
                45
            ],
            [
                29,
                2,
                49,
                45
            ],
            [
                29,
                4,
                49,
                21
            ],
            [
                29,
                4,
                52,
                24
            ],
            [
                29,
                4,
                49,
                21
            ]
        ],
        "lWaitDayByPriority": [
            6766,
            44,
            2394,
            2365,
            1963
        ],
        "objval": 2910.443162525081,
        "std_occupancy": 45.60228186721487
    },
    "runtime": 5.368819236755371,
    "simdays": 150,
    "solver": "daily"
}