{
    "arrivalrate": 6.0,
    "ins_name": 395,
    "ins_path": null,
    "lNoNewPatients": [
        173,
        2,
        69,
        63,
        39
    ],
    "lNoPatients": [
        323,
        2,
        75,
        157,
        89
    ],
    "lNoSections": [
        2448,
        11,
        211,
        1446,
        780
    ],
    "mipgap": 1.0,
    "noLinacs": 4,
    "noSlotsPerDay": 120,
    "planningHorizon": 80,
    "runresult": {
        "avg_occupancy": 46.65138888888889,
        "feasibility": true,
        "lAvgLateDayByPriority": [
            18.936416184971097,
            25.5,
            23.63768115942029,
            19.936507936507937,
            8.666666666666666
        ],
        "lAvgWaitDayByPriority": [
            30.728323699421967,
            25.5,
            26.014492753623188,
            33.01587301587302,
            35.64102564102564
        ],
        "lLateDayByPriority": [
            3276,
            51,
            1631,
            1256,
            338
        ],
        "lOccupancy": {
            "0": [
                0.0,
                0.0,
                0.0,
                0.0,
                0.0,
                0.0,
                0.0,
                0.0,
                0.0,
                0.0,
                0.0,
                0.0,
                0.0,
                0.0,
                0.0,
                0.0,
                0.0,
                0.0,
                0.0,
                1.25,
                0.0,
                0.0,
                0.0,
                0.0,
                0.0,
                0.0,
                0.0,
                0.0,
                0.0,
                0.0,
                0.0,
                0.0,
                0.0,
                0.0,
                0.0,
                0.0,
                0.0,
                0.0,
                0.0,
                0.0,
                0.0,
                0.0,
                0.0,
                0.0,
                0.0,
                0.0,
                0.0,
                0.0,
                0.0,
                0.0,
                0.0,
                0.0,
                0.0,
                1.0416666666666665,
                1.0416666666666665,
                1.0416666666666665,
                1.0416666666666665,
                1.0416666666666665,
                1.0416666666666665,
                1.0416666666666665,
                1.0416666666666665,
                1.0416666666666665,
                1.0416666666666665,
                0.0,
                0.0,
                0.0,
                0.0,
                0.0,
                0.0,
                0.0,
                0.0,
                0.0,
                0.0,
                0.0,
                0.0,
                0.0,
                0.0,
                0.0,
                0.0,
                0.0,
                0.0,
                0.0,
                0.0,
                0.0,
                0.0,
                0.0,
                0.0,
                0.0,
                0.0,
                0.0,
                0.0,
                0.0,
                0.0,
                0.0,
                0.0,
                0.0,
                0.0,
                0.0,
                0.0,
                0.0,
                0.0,
                0.0,
                0.0,
                0.0,
                0.0,
                0.0,
                0.0,
                0.0,
                0.0,
                0.0,
                0.0,
                0.0,
                0.0,
                0.0,
                0.0,
                0.0,
                0.0,
                0.0,
                0.0,
                0.0,
                0.0,
                0.0,
                0.0,
                0.0,
                0.0,
                0.0,
                0.0,
                0.0,
                0.0,
                0.0,
                0.0,
                0.0,
                0.0,
                0.0,
                0.0,
                0.0,
                0.0,
                0.0,
                0.0,
                0.0,
                0.0,
                0.0,
                0.0,
                0.0,
                0.0,
                0.0,
                0.0,
                0.0,
                0.0,
                0.0
            ],
            "1": [
                10.208333333333334,
                10.0,
                11.041666666666666,
                8.541666666666666,
                7.083333333333333,
                4.166666666666666,
                7.708333333333334,
                3.958333333333333,
                1.25,
                3.125,
                3.75,
                2.5,
                2.083333333333333,
                0.0,
                0.0,
                0.0,
                0.0,
                0.0,
                0.0,
                0.0,
                0.0,
                0.0,
                0.0,
                1.25,
                0.0,
                1.25,
                1.25,
                2.2916666666666665,
                0.0,
                0.0,
                0.0,
                1.4583333333333333,
                1.4583333333333333,
                5.625,
                6.041666666666667,
                7.5,
                9.583333333333334,
                10.416666666666668,
                10.625,
                11.458333333333332,
                12.291666666666666,
                17.083333333333332,
                12.708333333333332,
                11.458333333333332,
                7.708333333333334,
                6.25,
                7.916666666666666,
                12.291666666666666,
                12.5,
                14.374999999999998,
                13.958333333333334,
                13.541666666666666,
                13.958333333333334,
                13.750000000000002,
                19.375,
                13.958333333333334,
                9.791666666666666,
                4.583333333333333,
                2.9166666666666665,
                1.6666666666666667,
                1.6666666666666667,
                1.6666666666666667,
                0.0,
                0.0,
                0.0,
                0.0,
                0.0,
                0.0,
                0.0,
                0.0,
                0.0,
                0.0,
                0.0,
                0.0,
                0.0,
                0.0,
                0.0,
                0.0,
                0.0,
                0.0,
                0.0,
                0.0,
                0.0,
                0.0,
                0.0,
                0.0,
                0.0,
                0.0,
                0.0,
                0.0,
                0.0,
                0.0,
                0.0,
                0.0,
                0.0,
                0.0,
                0.0,
                0.0,
                0.0,
                0.0,
                0.0,
                0.0,
                0.0,
                0.0,
                0.0,
                0.0,
                0.0,
                0.0,
                0.0,
                0.0,
                0.0,
                0.0,
                0.0,
                0.0,
                0.0,
                0.0,
                0.0,
                0.0,
                0.0,
                0.0,
                0.0,
                0.0,
                0.0,
                0.0,
                0.0,
                0.0,
                0.0,
                0.0,
                0.0,
                0.0,
                0.0,
                0.0,
                0.0,
                0.0,
                0.0,
                0.0,
                0.0,
                0.0,
                0.0,
                0.0,
                0.0,
                0.0,
                0.0,
                0.0,
                0.0,
                0.0,
                0.0,
                0.0,
                0.0,
                0.0
            ],
            "2": [
                67.29166666666667,
                67.5,
                66.66666666666666,
                66.25,
                62.291666666666664,
                63.125,
                63.95833333333333,
                58.75,
                61.875,
                59.583333333333336,
                57.08333333333333,
                58.958333333333336,
                59.791666666666664,
                61.875,
                58.333333333333336,
                58.333333333333336,
                58.333333333333336,
                57.91666666666667,
                53.125,
                53.125,
                54.58333333333333,
                59.166666666666664,
                58.12500000000001,
                60.20833333333333,
                57.91666666666667,
                56.666666666666664,
                56.041666666666664,
                56.041666666666664,
                54.37499999999999,
                54.37499999999999,
                57.291666666666664,
                57.291666666666664,
                58.12500000000001,
                59.791666666666664,
                58.958333333333336,
                59.583333333333336,
                56.041666666666664,
                55.625,
                56.458333333333336,
                55.00000000000001,
                55.208333333333336,
                51.45833333333333,
                56.041666666666664,
                57.70833333333333,
                63.74999999999999,
                65.41666666666667,
                65.83333333333333,
                58.958333333333336,
                59.375,
                57.49999999999999,
                60.416666666666664,
                58.54166666666667,
                59.791666666666664,
                58.12500000000001,
                54.79166666666667,
                58.958333333333336,
                58.958333333333336,
                60.62499999999999,
                62.916666666666664,
                61.458333333333336,
                56.666666666666664,
                55.00000000000001,
                53.125,
                50.208333333333336,
                48.541666666666664,
                39.58333333333333,
                38.125,
                33.125,
                33.125,
                31.666666666666664,
                30.0,
                23.333333333333332,
                20.208333333333332,
                18.541666666666668,
                18.541666666666668,
                15.625,
                15.625,
                15.625,
                15.625,
                15.625,
                15.625,
                15.625,
                15.625,
                12.708333333333332,
                11.458333333333332,
                10.208333333333334,
                8.541666666666666,
                6.041666666666667,
                2.2916666666666665,
                2.2916666666666665,
                2.2916666666666665,
                0.0,
                0.0,
                0.0,
                0.0,
                0.0,
                0.0,
                0.0,
                0.0,
                0.0,
                0.0,
                0.0,
                0.0,
                0.0,
                0.0,
                0.0,
                0.0,
                0.0,
                0.0,
                0.0,
                0.0,
                0.0,
                0.0,
                0.0,
                0.0,
                0.0,
                0.0,
                0.0,
                0.0,
                0.0,
                0.0,
                0.0,
                0.0,
                0.0,
                0.0,
                0.0,
                0.0,
                0.0,
                0.0,
                0.0,
                0.0,
                0.0,
                0.0,
                0.0,
                0.0,
                0.0,
                0.0,
                0.0,
                0.0,
                0.0,
                0.0,
                0.0,
                0.0,
                0.0,
                0.0,
                0.0,
                0.0,
                0.0,
                0.0,
                0.0
            ],
            "3": [
                15.416666666666668,
                15.416666666666668,
                15.416666666666668,
                15.416666666666668,
                18.333333333333332,
                25.624999999999996,
                27.083333333333332,
                34.375,
                35.833333333333336,
                35.833333333333336,
                37.708333333333336,
                37.708333333333336,
                37.291666666666664,
                36.45833333333333,
                39.375,
                39.375,
                39.375,
                40.0,
                44.375,
                44.79166666666667,
                42.916666666666664,
                38.125,
                40.0,
                37.5,
                40.416666666666664,
                41.458333333333336,
                41.041666666666664,
                41.041666666666664,
                45.0,
                44.583333333333336,
                40.625,
                39.166666666666664,
                38.75,
                33.958333333333336,
                33.958333333333336,
                32.083333333333336,
                33.75,
                33.125,
                31.458333333333332,
                32.29166666666667,
                30.416666666666664,
                30.625000000000004,
                30.416666666666664,
                29.791666666666668,
                27.500000000000004,
                28.125,
                26.041666666666668,
                26.25,
                26.25,
                26.041666666666668,
                23.958333333333336,
                27.291666666666664,
                25.0,
                25.0,
                23.333333333333332,
                25.208333333333332,
                28.749999999999996,
                31.874999999999996,
                29.791666666666668,
                28.749999999999996,
                28.749999999999996,
                27.500000000000004,
                25.416666666666664,
                25.416666666666664,
                24.375,
                22.708333333333332,
                22.708333333333332,
                22.708333333333332,
                21.041666666666668,
                19.375,
                18.125,
                16.666666666666664,
                15.416666666666668,
                15.416666666666668,
                15.416666666666668,
                14.166666666666666,
                8.541666666666666,
                5.208333333333334,
                5.208333333333334,
                5.208333333333334,
                5.208333333333334,
                5.208333333333334,
                5.208333333333334,
                5.208333333333334,
                4.166666666666666,
                3.125,
                2.083333333333333,
                2.083333333333333,
                2.083333333333333,
                2.083333333333333,
                0.0,
                0.0,
                0.0,
                0.0,
                0.0,
                0.0,
                0.0,
                0.0,
                0.0,
                0.0,
                0.0,
                0.0,
                0.0,
                0.0,
                0.0,
                0.0,
                0.0,
                0.0,
                0.0,
                0.0,
                0.0,
                0.0,
                0.0,
                0.0,
                0.0,
                0.0,
                0.0,
                0.0,
                0.0,
                0.0,
                0.0,
                0.0,
                0.0,
                0.0,
                0.0,
                0.0,
                0.0,
                0.0,
                0.0,
                0.0,
                0.0,
                0.0,
                0.0,
                0.0,
                0.0,
                0.0,
                0.0,
                0.0,
                0.0,
                0.0,
                0.0,
                0.0,
                0.0,
                0.0,
                0.0,
                0.0,
                0.0,
                0.0,
                0.0,
                0.0
            ],
            "overall": [
                92.91666666666667,
                92.91666666666667,
                93.125,
                90.20833333333334,
                87.70833333333333,
                92.91666666666667,
                98.74999999999999,
                97.08333333333334,
                98.95833333333334,
                98.54166666666667,
                98.54166666666666,
                99.16666666666667,
                99.16666666666666,
                98.33333333333333,
                97.70833333333334,
                97.70833333333334,
                97.70833333333334,
                97.91666666666667,
                97.5,
                99.16666666666667,
                97.5,
                97.29166666666666,
                98.125,
                98.95833333333333,
                98.33333333333334,
                99.375,
                98.33333333333333,
                99.375,
                99.375,
                98.95833333333333,
                97.91666666666666,
                97.91666666666666,
                98.33333333333334,
                99.375,
                98.95833333333334,
                99.16666666666669,
                99.375,
                99.16666666666667,
                98.54166666666667,
                98.75000000000001,
                97.91666666666666,
                99.16666666666666,
                99.16666666666666,
                98.95833333333333,
                98.95833333333333,
                99.79166666666667,
                99.79166666666667,
                97.5,
                98.125,
                97.91666666666666,
                98.33333333333334,
                99.375,
                98.75,
                97.91666666666667,
                98.54166666666667,
                99.16666666666667,
                98.54166666666667,
                98.125,
                96.66666666666667,
                92.91666666666667,
                88.125,
                85.20833333333334,
                79.58333333333333,
                75.625,
                72.91666666666666,
                62.29166666666666,
                60.83333333333333,
                55.83333333333333,
                54.16666666666667,
                51.041666666666664,
                48.125,
                40.0,
                35.625,
                33.958333333333336,
                33.958333333333336,
                29.791666666666664,
                24.166666666666664,
                20.833333333333336,
                20.833333333333336,
                20.833333333333336,
                20.833333333333336,
                20.833333333333336,
                20.833333333333336,
                17.916666666666664,
                15.624999999999998,
                13.333333333333334,
                10.625,
                8.125,
                4.375,
                4.375,
                2.2916666666666665,
                0.0,
                0.0,
                0.0,
                0.0,
                0.0,
                0.0,
                0.0,
                0.0,
                0.0,
                0.0,
                0.0,
                0.0,
                0.0,
                0.0,
                0.0,
                0.0,
                0.0,
                0.0,
                0.0,
                0.0,
                0.0,
                0.0,
                0.0,
                0.0,
                0.0,
                0.0,
                0.0,
                0.0,
                0.0,
                0.0,
                0.0,
                0.0,
                0.0,
                0.0,
                0.0,
                0.0,
                0.0,
                0.0,
                0.0,
                0.0,
                0.0,
                0.0,
                0.0,
                0.0,
                0.0,
                0.0,
                0.0,
                0.0,
                0.0,
                0.0,
                0.0,
                0.0,
                0.0,
                0.0,
                0.0,
                0.0,
                0.0,
                0.0,
                0.0
            ]
        },
        "lWaitAndOverdue": [
            [
                0,
                2,
                2,
                0
            ],
            [
                0,
                3,
                10,
                0
            ],
            [
                0,
                4,
                10,
                0
            ],
            [
                0,
                3,
                7,
                0
            ],
            [
                0,
                3,
                7,
                0
            ],
            [
                0,
                3,
                7,
                0
            ],
            [
                0,
                2,
                0,
                0
            ],
            [
                1,
                3,
                8,
                0
            ],
            [
                1,
                3,
                6,
                0
            ],
            [
                1,
                2,
                0,
                0
            ],
            [
                1,
                3,
                7,
                0
            ],
            [
                1,
                3,
                9,
                0
            ],
            [
                2,
                2,
                0,
                0
            ],
            [
                2,
                2,
                0,
                0
            ],
            [
                2,
                4,
                15,
                0
            ],
            [
                2,
                2,
                0,
                0
            ],
            [
                3,
                4,
                35,
                7
            ],
            [
                3,
                4,
                28,
                0
            ],
            [
                3,
                4,
                36,
                8
            ],
            [
                4,
                3,
                38,
                24
            ],
            [
                4,
                3,
                7,
                0
            ],
            [
                4,
                3,
                38,
                24
            ],
            [
                4,
                2,
                4,
                0
            ],
            [
                4,
                3,
                38,
                24
            ],
            [
                4,
                3,
                38,
                24
            ],
            [
                5,
                2,
                1,
                0
            ],
            [
                5,
                2,
                36,
                34
            ],
            [
                5,
                3,
                37,
                23
            ],
            [
                5,
                3,
                37,
                23
            ],
            [
                5,
                3,
                37,
                23
            ],
            [
                5,
                3,
                37,
                23
            ],
            [
                6,
                2,
                2,
                0
            ],
            [
                6,
                2,
                1,
                0
            ],
            [
                6,
                2,
                3,
                1
            ],
            [
                6,
                4,
                37,
                9
            ],
            [
                6,
                2,
                6,
                4
            ],
            [
                6,
                3,
                37,
                23
            ],
            [
                6,
                4,
                36,
                8
            ],
            [
                7,
                2,
                5,
                3
            ],
            [
                7,
                3,
                36,
                22
            ],
            [
                7,
                2,
                36,
                34
            ],
            [
                7,
                3,
                37,
                23
            ],
            [
                7,
                3,
                36,
                22
            ],
            [
                7,
                2,
                6,
                4
            ],
            [
                7,
                4,
                19,
                0
            ],
            [
                8,
                3,
                39,
                25
            ],
            [
                8,
                2,
                36,
                32
            ],
            [
                8,
                4,
                40,
                12
            ],
            [
                8,
                3,
                36,
                22
            ],
            [
                8,
                3,
                39,
                25
            ],
            [
                8,
                3,
                40,
                26
            ],
            [
                8,
                3,
                39,
                25
            ],
            [
                9,
                3,
                39,
                25
            ],
            [
                9,
                3,
                39,
                25
            ],
            [
                9,
                2,
                39,
                35
            ],
            [
                9,
                2,
                38,
                34
            ],
            [
                9,
                2,
                39,
                35
            ],
            [
                9,
                2,
                40,
                36
            ],
            [
                9,
                2,
                5,
                1
            ],
            [
                9,
                1,
                14,
                14
            ],
            [
                10,
                4,
                37,
                9
            ],
            [
                10,
                3,
                37,
                23
            ],
            [
                10,
                3,
                37,
                23
            ],
            [
                11,
                2,
                16,
                14
            ],
            [
                11,
                4,
                36,
                8
            ],
            [
                12,
                3,
                36,
                22
            ],
            [
                12,
                3,
                36,
                22
            ],
            [
                12,
                2,
                0,
                0
            ],
            [
                12,
                3,
                35,
                21
            ],
            [
                12,
                2,
                36,
                34
            ],
            [
                13,
                2,
                35,
                31
            ],
            [
                13,
                2,
                18,
                14
            ],
            [
                13,
                3,
                35,
                21
            ],
            [
                13,
                4,
                35,
                7
            ],
            [
                13,
                3,
                35,
                21
            ],
            [
                14,
                2,
                35,
                31
            ],
            [
                14,
                2,
                35,
                31
            ],
            [
                14,
                3,
                35,
                21
            ],
            [
                14,
                4,
                35,
                7
            ],
            [
                14,
                2,
                35,
                31
            ],
            [
                15,
                3,
                35,
                21
            ],
            [
                15,
                2,
                35,
                33
            ],
            [
                15,
                2,
                35,
                33
            ],
            [
                15,
                2,
                36,
                34
            ],
            [
                15,
                2,
                35,
                33
            ],
            [
                16,
                2,
                34,
                32
            ],
            [
                16,
                2,
                35,
                33
            ],
            [
                16,
                2,
                14,
                12
            ],
            [
                16,
                4,
                35,
                7
            ],
            [
                16,
                2,
                23,
                21
            ],
            [
                16,
                4,
                35,
                7
            ],
            [
                17,
                3,
                35,
                21
            ],
            [
                17,
                4,
                35,
                7
            ],
            [
                17,
                2,
                35,
                33
            ],
            [
                17,
                2,
                22,
                20
            ],
            [
                17,
                2,
                23,
                21
            ],
            [
                17,
                4,
                35,
                7
            ],
            [
                17,
                3,
                35,
                21
            ],
            [
                17,
                2,
                34,
                32
            ],
            [
                18,
                3,
                36,
                22
            ],
            [
                18,
                3,
                36,
                22
            ],
            [
                19,
                3,
                34,
                20
            ],
            [
                19,
                4,
                38,
                10
            ],
            [
                19,
                3,
                38,
                24
            ],
            [
                19,
                4,
                34,
                6
            ],
            [
                19,
                3,
                33,
                19
            ],
            [
                19,
                2,
                33,
                29
            ],
            [
                20,
                2,
                35,
                33
            ],
            [
                20,
                4,
                36,
                8
            ],
            [
                20,
                3,
                36,
                22
            ],
            [
                20,
                2,
                35,
                33
            ],
            [
                21,
                2,
                30,
                28
            ],
            [
                21,
                2,
                35,
                33
            ],
            [
                21,
                3,
                36,
                22
            ],
            [
                21,
                4,
                36,
                8
            ],
            [
                22,
                2,
                35,
                33
            ],
            [
                22,
                2,
                35,
                33
            ],
            [
                22,
                3,
                35,
                21
            ],
            [
                22,
                2,
                28,
                26
            ],
            [
                22,
                2,
                35,
                33
            ],
            [
                22,
                3,
                35,
                21
            ],
            [
                22,
                3,
                36,
                22
            ],
            [
                22,
                4,
                30,
                2
            ],
            [
                23,
                4,
                36,
                8
            ],
            [
                23,
                3,
                39,
                25
            ],
            [
                23,
                3,
                40,
                26
            ],
            [
                23,
                2,
                35,
                31
            ],
            [
                23,
                3,
                39,
                25
            ],
            [
                23,
                2,
                35,
                31
            ],
            [
                23,
                4,
                40,
                12
            ],
            [
                23,
                2,
                36,
                32
            ],
            [
                23,
                2,
                39,
                35
            ],
            [
                24,
                2,
                39,
                35
            ],
            [
                24,
                2,
                27,
                23
            ],
            [
                24,
                4,
                39,
                11
            ],
            [
                24,
                4,
                39,
                11
            ],
            [
                24,
                4,
                39,
                11
            ],
            [
                25,
                4,
                37,
                9
            ],
            [
                25,
                3,
                36,
                22
            ],
            [
                25,
                2,
                36,
                34
            ],
            [
                25,
                3,
                37,
                23
            ],
            [
                25,
                2,
                36,
                34
            ],
            [
                25,
                2,
                37,
                35
            ],
            [
                26,
                3,
                37,
                23
            ],
            [
                26,
                2,
                38,
                36
            ],
            [
                26,
                2,
                36,
                34
            ],
            [
                26,
                2,
                36,
                34
            ],
            [
                26,
                1,
                37,
                37
            ],
            [
                26,
                2,
                37,
                35
            ],
            [
                26,
                2,
                37,
                35
            ],
            [
                26,
                3,
                37,
                23
            ],
            [
                26,
                3,
                41,
                27
            ],
            [
                27,
                4,
                40,
                12
            ],
            [
                27,
                3,
                40,
                26
            ],
            [
                27,
                2,
                0,
                0
            ],
            [
                27,
                4,
                41,
                13
            ],
            [
                27,
                4,
                41,
                13
            ],
            [
                27,
                2,
                40,
                38
            ],
            [
                27,
                4,
                41,
                13
            ],
            [
                27,
                4,
                41,
                13
            ],
            [
                27,
                4,
                41,
                13
            ],
            [
                27,
                3,
                40,
                26
            ],
            [
                28,
                4,
                41,
                13
            ],
            [
                28,
                3,
                41,
                27
            ],
            [
                28,
                3,
                41,
                27
            ],
            [
                29,
                4,
                40,
                12
            ],
            [
                29,
                4,
                40,
                12
            ],
            [
                29,
                3,
                41,
                27
            ],
            [
                29,
                2,
                40,
                36
            ],
            [
                29,
                2,
                40,
                36
            ],
            [
                29,
                3,
                40,
                26
            ],
            [
                29,
                4,
                41,
                13
            ],
            [
                29,
                4,
                40,
                12
            ]
        ],
        "lWaitDayByPriority": [
            5316,
            51,
            1795,
            2080,
            1390
        ],
        "objval": 2861.5426819557256,
        "std_occupancy": 45.33639757226247
    },
    "runtime": 5.3064680099487305,
    "simdays": 150,
    "solver": "daily"
}