{
    "arrivalrate": 6.0,
    "ins_name": 495,
    "ins_path": null,
    "lNoNewPatients": [
        183,
        2,
        72,
        66,
        43
    ],
    "lNoPatients": [
        331,
        2,
        79,
        159,
        91
    ],
    "lNoSections": [
        2531,
        11,
        217,
        1455,
        848
    ],
    "mipgap": 1.0,
    "noLinacs": 4,
    "noSlotsPerDay": 120,
    "planningHorizon": 80,
    "runresult": {
        "avg_occupancy": 47.00555555555556,
        "feasibility": true,
        "lAvgLateDayByPriority": [
            20.398907103825138,
            30.5,
            26.125,
            20.78787878787879,
            9.744186046511627
        ],
        "lAvgWaitDayByPriority": [
            32.6448087431694,
            30.5,
            28.86111111111111,
            34.03030303030303,
            36.95348837209303
        ],
        "lLateDayByPriority": [
            3733,
            61,
            1881,
            1372,
            419
        ],
        "lOccupancy": {
            "0": [
                0.0,
                0.0,
                0.0,
                0.0,
                0.0,
                0.0,
                0.0,
                0.0,
                0.0,
                0.0,
                0.0,
                0.0,
                0.0,
                0.0,
                0.0,
                0.0,
                0.0,
                0.0,
                0.0,
                0.0,
                0.0,
                0.0,
                0.0,
                0.0,
                0.0,
                1.25,
                0.0,
                0.0,
                0.0,
                0.0,
                0.0,
                0.0,
                0.0,
                0.0,
                0.0,
                0.0,
                0.0,
                0.0,
                0.0,
                0.0,
                0.0,
                0.0,
                0.0,
                0.0,
                0.0,
                0.0,
                0.0,
                0.0,
                0.0,
                0.0,
                0.0,
                0.0,
                1.0416666666666665,
                1.0416666666666665,
                1.0416666666666665,
                1.0416666666666665,
                1.0416666666666665,
                1.0416666666666665,
                1.0416666666666665,
                1.0416666666666665,
                1.0416666666666665,
                1.0416666666666665,
                0.0,
                0.0,
                0.0,
                0.0,
                0.0,
                0.0,
                0.0,
                0.0,
                0.0,
                0.0,
                0.0,
                0.0,
                0.0,
                0.0,
                0.0,
                0.0,
                0.0,
                0.0,
                0.0,
                0.0,
                0.0,
                0.0,
                0.0,
                0.0,
                0.0,
                0.0,
                0.0,
                0.0,
                0.0,
                0.0,
                0.0,
                0.0,
                0.0,
                0.0,
                0.0,
                0.0,
                0.0,
                0.0,
                0.0,
                0.0,
                0.0,
                0.0,
                0.0,
                0.0,
                0.0,
                0.0,
                0.0,
                0.0,
                0.0,
                0.0,
                0.0,
                0.0,
                0.0,
                0.0,
                0.0,
                0.0,
                0.0,
                0.0,
                0.0,
                0.0,
                0.0,
                0.0,
                0.0,
                0.0,
                0.0,
                0.0,
                0.0,
                0.0,
                0.0,
                0.0,
                0.0,
                0.0,
                0.0,
                0.0,
                0.0,
                0.0,
                0.0,
                0.0,
                0.0,
                0.0,
                0.0,
                0.0,
                0.0,
                0.0,
                0.0,
                0.0,
                0.0,
                0.0
            ],
            "1": [
                7.291666666666667,
                7.5,
                5.625,
                5.416666666666667,
                9.791666666666666,
                8.125,
                7.916666666666666,
                6.458333333333334,
                3.958333333333333,
                2.5,
                2.5,
                0.8333333333333334,
                1.6666666666666667,
                2.9166666666666665,
                0.0,
                0.0,
                0.0,
                0.0,
                0.0,
                0.0,
                0.0,
                0.0,
                0.0,
                0.0,
                0.0,
                0.0,
                1.25,
                1.0416666666666665,
                1.25,
                0.0,
                0.0,
                1.4583333333333333,
                2.7083333333333335,
                4.791666666666667,
                4.791666666666667,
                7.916666666666666,
                6.25,
                7.916666666666666,
                9.375,
                10.625,
                13.958333333333334,
                12.083333333333334,
                12.708333333333332,
                9.166666666666666,
                8.333333333333332,
                6.666666666666667,
                10.416666666666668,
                12.291666666666666,
                10.833333333333334,
                10.833333333333334,
                16.041666666666668,
                15.0,
                18.75,
                17.083333333333332,
                21.041666666666668,
                13.541666666666666,
                8.333333333333332,
                2.9166666666666665,
                5.416666666666667,
                5.208333333333334,
                3.958333333333333,
                3.958333333333333,
                2.2916666666666665,
                1.25,
                1.25,
                0.0,
                0.0,
                0.0,
                0.0,
                0.0,
                0.0,
                0.0,
                0.0,
                0.0,
                0.0,
                0.0,
                0.0,
                0.0,
                0.0,
                0.0,
                0.0,
                0.0,
                0.0,
                0.0,
                0.0,
                0.0,
                0.0,
                0.0,
                0.0,
                0.0,
                0.0,
                0.0,
                0.0,
                0.0,
                0.0,
                0.0,
                0.0,
                0.0,
                0.0,
                0.0,
                0.0,
                0.0,
                0.0,
                0.0,
                0.0,
                0.0,
                0.0,
                0.0,
                0.0,
                0.0,
                0.0,
                0.0,
                0.0,
                0.0,
                0.0,
                0.0,
                0.0,
                0.0,
                0.0,
                0.0,
                0.0,
                0.0,
                0.0,
                0.0,
                0.0,
                0.0,
                0.0,
                0.0,
                0.0,
                0.0,
                0.0,
                0.0,
                0.0,
                0.0,
                0.0,
                0.0,
                0.0,
                0.0,
                0.0,
                0.0,
                0.0,
                0.0,
                0.0,
                0.0,
                0.0,
                0.0,
                0.0,
                0.0,
                0.0,
                0.0
            ],
            "2": [
                70.625,
                68.125,
                68.125,
                66.66666666666666,
                65.0,
                60.416666666666664,
                57.70833333333333,
                58.54166666666667,
                60.62499999999999,
                60.0,
                59.375,
                59.791666666666664,
                61.66666666666667,
                59.791666666666664,
                58.333333333333336,
                58.333333333333336,
                56.041666666666664,
                56.875,
                55.00000000000001,
                55.00000000000001,
                58.12500000000001,
                57.08333333333333,
                53.125,
                55.00000000000001,
                56.666666666666664,
                56.25,
                56.041666666666664,
                56.25,
                54.37499999999999,
                52.916666666666664,
                57.291666666666664,
                58.958333333333336,
                57.49999999999999,
                58.54166666666667,
                57.49999999999999,
                56.041666666666664,
                57.49999999999999,
                59.166666666666664,
                59.583333333333336,
                56.666666666666664,
                56.458333333333336,
                56.666666666666664,
                56.25,
                61.875,
                61.66666666666667,
                63.95833333333333,
                59.583333333333336,
                61.04166666666667,
                61.04166666666667,
                62.291666666666664,
                59.166666666666664,
                58.12500000000001,
                55.833333333333336,
                55.833333333333336,
                54.37499999999999,
                57.70833333333333,
                59.375,
                62.916666666666664,
                59.791666666666664,
                58.12500000000001,
                58.54166666666667,
                58.75,
                58.75,
                55.41666666666667,
                46.875,
                38.125,
                34.791666666666664,
                33.125,
                33.125,
                30.0,
                26.666666666666668,
                23.333333333333332,
                21.875,
                16.875,
                16.875,
                16.875,
                16.875,
                15.625,
                15.625,
                15.625,
                15.625,
                13.958333333333334,
                12.708333333333332,
                12.708333333333332,
                10.208333333333334,
                8.958333333333334,
                7.708333333333334,
                5.208333333333334,
                3.5416666666666665,
                2.2916666666666665,
                0.0,
                0.0,
                0.0,
                0.0,
                0.0,
                0.0,
                0.0,
                0.0,
                0.0,
                0.0,
                0.0,
                0.0,
                0.0,
                0.0,
                0.0,
                0.0,
                0.0,
                0.0,
                0.0,
                0.0,
                0.0,
                0.0,
                0.0,
                0.0,
                0.0,
                0.0,
                0.0,
                0.0,
                0.0,
                0.0,
                0.0,
                0.0,
                0.0,
                0.0,
                0.0,
                0.0,
                0.0,
                0.0,
                0.0,
                0.0,
                0.0,
                0.0,
                0.0,
                0.0,
                0.0,
                0.0,
                0.0,
                0.0,
                0.0,
                0.0,
                0.0,
                0.0,
                0.0,
                0.0,
                0.0,
                0.0,
                0.0,
                0.0,
                0.0,
                0.0
            ],
            "3": [
                12.916666666666668,
                14.374999999999998,
                14.374999999999998,
                15.833333333333332,
                17.291666666666668,
                25.624999999999996,
                30.0,
                31.458333333333332,
                34.375,
                36.25,
                37.708333333333336,
                37.708333333333336,
                35.625,
                35.625,
                39.375,
                39.375,
                41.458333333333336,
                41.458333333333336,
                43.333333333333336,
                42.5,
                39.58333333333333,
                41.66666666666667,
                45.208333333333336,
                43.333333333333336,
                41.875,
                41.041666666666664,
                41.041666666666664,
                41.041666666666664,
                43.541666666666664,
                44.583333333333336,
                40.625,
                39.166666666666664,
                37.916666666666664,
                33.958333333333336,
                35.625,
                33.75,
                34.583333333333336,
                31.874999999999996,
                30.416666666666664,
                32.29166666666667,
                28.958333333333336,
                29.375,
                29.791666666666668,
                28.125,
                28.125,
                28.749999999999996,
                28.958333333333336,
                25.208333333333332,
                26.041666666666668,
                23.958333333333336,
                22.708333333333332,
                26.041666666666668,
                23.333333333333332,
                25.208333333333332,
                23.333333333333332,
                26.458333333333332,
                30.625000000000004,
                31.874999999999996,
                32.083333333333336,
                33.958333333333336,
                32.708333333333336,
                32.708333333333336,
                28.749999999999996,
                27.708333333333336,
                26.041666666666668,
                26.041666666666668,
                26.041666666666668,
                24.375,
                22.708333333333332,
                22.708333333333332,
                21.458333333333332,
                18.75,
                18.75,
                18.75,
                18.75,
                14.166666666666666,
                10.833333333333334,
                8.541666666666666,
                7.5,
                7.5,
                7.5,
                6.458333333333334,
                6.458333333333334,
                5.208333333333334,
                3.125,
                2.083333333333333,
                2.083333333333333,
                2.083333333333333,
                2.083333333333333,
                0.0,
                0.0,
                0.0,
                0.0,
                0.0,
                0.0,
                0.0,
                0.0,
                0.0,
                0.0,
                0.0,
                0.0,
                0.0,
                0.0,
                0.0,
                0.0,
                0.0,
                0.0,
                0.0,
                0.0,
                0.0,
                0.0,
                0.0,
                0.0,
                0.0,
                0.0,
                0.0,
                0.0,
                0.0,
                0.0,
                0.0,
                0.0,
                0.0,
                0.0,
                0.0,
                0.0,
                0.0,
                0.0,
                0.0,
                0.0,
                0.0,
                0.0,
                0.0,
                0.0,
                0.0,
                0.0,
                0.0,
                0.0,
                0.0,
                0.0,
                0.0,
                0.0,
                0.0,
                0.0,
                0.0,
                0.0,
                0.0,
                0.0,
                0.0,
                0.0,
                0.0
            ],
            "overall": [
                90.83333333333334,
                90.0,
                88.125,
                87.91666666666666,
                92.08333333333334,
                94.16666666666666,
                95.625,
                96.45833333333333,
                98.95833333333333,
                98.75,
                99.58333333333334,
                98.33333333333334,
                98.95833333333334,
                98.33333333333333,
                97.70833333333334,
                97.70833333333334,
                97.5,
                98.33333333333334,
                98.33333333333334,
                97.5,
                97.70833333333334,
                98.75,
                98.33333333333334,
                98.33333333333334,
                98.54166666666666,
                98.54166666666666,
                98.33333333333333,
                98.33333333333333,
                99.16666666666666,
                97.5,
                97.91666666666666,
                99.58333333333334,
                98.125,
                97.29166666666667,
                97.91666666666666,
                97.70833333333333,
                98.33333333333333,
                98.95833333333333,
                99.375,
                99.58333333333333,
                99.375,
                98.125,
                98.75,
                99.16666666666667,
                98.125,
                99.375,
                98.95833333333334,
                98.54166666666667,
                97.91666666666667,
                97.08333333333334,
                97.91666666666666,
                99.16666666666667,
                98.95833333333333,
                99.16666666666667,
                99.79166666666666,
                98.74999999999999,
                99.375,
                98.75,
                98.33333333333334,
                98.33333333333334,
                96.25,
                96.45833333333334,
                89.79166666666666,
                84.375,
                74.16666666666667,
                64.16666666666667,
                60.83333333333333,
                57.5,
                55.83333333333333,
                52.70833333333333,
                48.125,
                42.08333333333333,
                40.625,
                35.625,
                35.625,
                31.041666666666664,
                27.708333333333336,
                24.166666666666664,
                23.125,
                23.125,
                23.125,
                20.416666666666668,
                19.166666666666664,
                17.916666666666664,
                13.333333333333334,
                11.041666666666668,
                9.791666666666668,
                7.291666666666667,
                5.625,
                2.2916666666666665,
                0.0,
                0.0,
                0.0,
                0.0,
                0.0,
                0.0,
                0.0,
                0.0,
                0.0,
                0.0,
                0.0,
                0.0,
                0.0,
                0.0,
                0.0,
                0.0,
                0.0,
                0.0,
                0.0,
                0.0,
                0.0,
                0.0,
                0.0,
                0.0,
                0.0,
                0.0,
                0.0,
                0.0,
                0.0,
                0.0,
                0.0,
                0.0,
                0.0,
                0.0,
                0.0,
                0.0,
                0.0,
                0.0,
                0.0,
                0.0,
                0.0,
                0.0,
                0.0,
                0.0,
                0.0,
                0.0,
                0.0,
                0.0,
                0.0,
                0.0,
                0.0,
                0.0,
                0.0,
                0.0,
                0.0,
                0.0,
                0.0,
                0.0,
                0.0,
                0.0
            ]
        },
        "lWaitAndOverdue": [
            [
                0,
                3,
                7,
                0
            ],
            [
                0,
                4,
                14,
                0
            ],
            [
                0,
                3,
                10,
                0
            ],
            [
                0,
                3,
                8,
                0
            ],
            [
                0,
                3,
                10,
                0
            ],
            [
                0,
                2,
                2,
                0
            ],
            [
                0,
                3,
                7,
                0
            ],
            [
                1,
                3,
                9,
                0
            ],
            [
                1,
                2,
                2,
                0
            ],
            [
                1,
                3,
                8,
                0
            ],
            [
                1,
                3,
                10,
                0
            ],
            [
                1,
                2,
                0,
                0
            ],
            [
                2,
                2,
                2,
                0
            ],
            [
                2,
                4,
                16,
                0
            ],
            [
                2,
                2,
                2,
                0
            ],
            [
                2,
                4,
                36,
                8
            ],
            [
                2,
                4,
                27,
                0
            ],
            [
                2,
                4,
                37,
                9
            ],
            [
                3,
                3,
                39,
                25
            ],
            [
                3,
                3,
                7,
                0
            ],
            [
                3,
                3,
                39,
                25
            ],
            [
                3,
                2,
                1,
                0
            ],
            [
                3,
                3,
                39,
                25
            ],
            [
                3,
                3,
                40,
                26
            ],
            [
                4,
                2,
                4,
                0
            ],
            [
                4,
                2,
                39,
                35
            ],
            [
                4,
                3,
                39,
                25
            ],
            [
                5,
                3,
                37,
                23
            ],
            [
                5,
                3,
                37,
                23
            ],
            [
                5,
                3,
                37,
                23
            ],
            [
                5,
                2,
                1,
                0
            ],
            [
                5,
                2,
                0,
                0
            ],
            [
                5,
                2,
                1,
                0
            ],
            [
                6,
                4,
                36,
                8
            ],
            [
                6,
                2,
                2,
                0
            ],
            [
                6,
                3,
                36,
                22
            ],
            [
                6,
                4,
                36,
                8
            ],
            [
                6,
                2,
                1,
                0
            ],
            [
                7,
                3,
                36,
                22
            ],
            [
                7,
                2,
                36,
                34
            ],
            [
                7,
                3,
                36,
                22
            ],
            [
                7,
                3,
                14,
                0
            ],
            [
                7,
                2,
                0,
                0
            ],
            [
                7,
                4,
                21,
                0
            ],
            [
                7,
                3,
                36,
                22
            ],
            [
                8,
                2,
                35,
                31
            ],
            [
                8,
                4,
                36,
                8
            ],
            [
                8,
                3,
                36,
                22
            ],
            [
                8,
                3,
                36,
                22
            ],
            [
                8,
                3,
                39,
                25
            ],
            [
                8,
                3,
                39,
                25
            ],
            [
                9,
                3,
                38,
                24
            ],
            [
                9,
                3,
                38,
                24
            ],
            [
                9,
                2,
                5,
                1
            ],
            [
                9,
                2,
                38,
                34
            ],
            [
                9,
                2,
                38,
                34
            ],
            [
                9,
                2,
                0,
                0
            ],
            [
                9,
                2,
                6,
                2
            ],
            [
                10,
                1,
                21,
                21
            ],
            [
                10,
                4,
                36,
                8
            ],
            [
                10,
                3,
                36,
                22
            ],
            [
                10,
                3,
                36,
                22
            ],
            [
                10,
                2,
                22,
                20
            ],
            [
                10,
                4,
                36,
                8
            ],
            [
                10,
                3,
                36,
                22
            ],
            [
                10,
                3,
                36,
                22
            ],
            [
                10,
                2,
                1,
                0
            ],
            [
                10,
                3,
                37,
                23
            ],
            [
                10,
                2,
                37,
                35
            ],
            [
                11,
                2,
                37,
                35
            ],
            [
                11,
                2,
                23,
                21
            ],
            [
                11,
                3,
                36,
                22
            ],
            [
                12,
                4,
                36,
                8
            ],
            [
                12,
                3,
                36,
                22
            ],
            [
                12,
                2,
                37,
                35
            ],
            [
                12,
                2,
                36,
                34
            ],
            [
                13,
                3,
                36,
                22
            ],
            [
                13,
                4,
                36,
                8
            ],
            [
                13,
                2,
                36,
                32
            ],
            [
                13,
                3,
                39,
                25
            ],
            [
                13,
                2,
                35,
                31
            ],
            [
                14,
                2,
                38,
                34
            ],
            [
                14,
                2,
                38,
                34
            ],
            [
                14,
                2,
                39,
                35
            ],
            [
                14,
                2,
                39,
                35
            ],
            [
                15,
                2,
                36,
                34
            ],
            [
                15,
                2,
                36,
                34
            ],
            [
                15,
                4,
                36,
                8
            ],
            [
                15,
                2,
                23,
                21
            ],
            [
                16,
                4,
                35,
                7
            ],
            [
                16,
                3,
                35,
                21
            ],
            [
                16,
                4,
                35,
                7
            ],
            [
                16,
                2,
                36,
                34
            ],
            [
                16,
                2,
                36,
                34
            ],
            [
                16,
                2,
                36,
                34
            ],
            [
                16,
                4,
                36,
                8
            ],
            [
                16,
                3,
                36,
                22
            ],
            [
                17,
                2,
                35,
                33
            ],
            [
                17,
                3,
                36,
                22
            ],
            [
                17,
                3,
                40,
                26
            ],
            [
                17,
                3,
                36,
                22
            ],
            [
                17,
                4,
                36,
                8
            ],
            [
                17,
                3,
                36,
                22
            ],
            [
                17,
                4,
                35,
                7
            ],
            [
                17,
                3,
                37,
                23
            ],
            [
                17,
                2,
                37,
                35
            ],
            [
                17,
                2,
                40,
                38
            ],
            [
                18,
                4,
                39,
                11
            ],
            [
                18,
                3,
                40,
                26
            ],
            [
                18,
                2,
                40,
                36
            ],
            [
                18,
                2,
                40,
                36
            ],
            [
                18,
                2,
                40,
                36
            ],
            [
                19,
                3,
                39,
                25
            ],
            [
                19,
                4,
                39,
                11
            ],
            [
                19,
                2,
                40,
                36
            ],
            [
                19,
                2,
                40,
                36
            ],
            [
                19,
                3,
                40,
                26
            ],
            [
                19,
                2,
                41,
                37
            ],
            [
                20,
                2,
                37,
                35
            ],
            [
                20,
                3,
                38,
                24
            ],
            [
                20,
                3,
                38,
                24
            ],
            [
                20,
                4,
                38,
                10
            ],
            [
                20,
                4,
                38,
                10
            ],
            [
                20,
                3,
                38,
                24
            ],
            [
                20,
                3,
                39,
                25
            ],
            [
                21,
                2,
                38,
                36
            ],
            [
                21,
                3,
                38,
                24
            ],
            [
                21,
                2,
                41,
                39
            ],
            [
                21,
                4,
                41,
                13
            ],
            [
                21,
                2,
                41,
                39
            ],
            [
                21,
                2,
                42,
                40
            ],
            [
                22,
                2,
                40,
                38
            ],
            [
                22,
                2,
                29,
                27
            ],
            [
                22,
                4,
                41,
                13
            ],
            [
                22,
                4,
                41,
                13
            ],
            [
                22,
                4,
                41,
                13
            ],
            [
                22,
                4,
                41,
                13
            ],
            [
                23,
                3,
                40,
                26
            ],
            [
                23,
                2,
                40,
                36
            ],
            [
                23,
                3,
                40,
                26
            ],
            [
                23,
                2,
                41,
                37
            ],
            [
                23,
                2,
                41,
                37
            ],
            [
                23,
                3,
                41,
                27
            ],
            [
                23,
                2,
                43,
                39
            ],
            [
                23,
                2,
                41,
                37
            ],
            [
                23,
                2,
                41,
                37
            ],
            [
                24,
                1,
                40,
                40
            ],
            [
                24,
                2,
                40,
                36
            ],
            [
                24,
                2,
                40,
                36
            ],
            [
                25,
                3,
                42,
                28
            ],
            [
                25,
                3,
                42,
                28
            ],
            [
                25,
                4,
                38,
                10
            ],
            [
                25,
                3,
                37,
                23
            ],
            [
                25,
                2,
                2,
                0
            ],
            [
                25,
                4,
                42,
                14
            ],
            [
                26,
                4,
                41,
                13
            ],
            [
                26,
                2,
                41,
                39
            ],
            [
                26,
                4,
                41,
                13
            ],
            [
                27,
                4,
                41,
                13
            ],
            [
                27,
                4,
                41,
                13
            ],
            [
                27,
                3,
                41,
                27
            ],
            [
                27,
                4,
                41,
                13
            ],
            [
                27,
                3,
                41,
                27
            ],
            [
                27,
                3,
                41,
                27
            ],
            [
                27,
                4,
                41,
                13
            ],
            [
                27,
                4,
                41,
                13
            ],
            [
                27,
                3,
                42,
                28
            ],
            [
                28,
                2,
                41,
                37
            ],
            [
                28,
                2,
                41,
                37
            ],
            [
                28,
                3,
                41,
                27
            ],
            [
                28,
                4,
                41,
                13
            ],
            [
                28,
                4,
                41,
                13
            ],
            [
                28,
                4,
                41,
                13
            ],
            [
                29,
                4,
                41,
                13
            ],
            [
                29,
                2,
                41,
                37
            ],
            [
                29,
                2,
                41,
                37
            ],
            [
                29,
                4,
                42,
                14
            ],
            [
                29,
                2,
                42,
                38
            ],
            [
                29,
                4,
                41,
                13
            ],
            [
                29,
                2,
                45,
                41
            ],
            [
                29,
                3,
                45,
                31
            ],
            [
                29,
                3,
                46,
                32
            ],
            [
                29,
                3,
                46,
                32
            ]
        ],
        "lWaitDayByPriority": [
            5974,
            61,
            2078,
            2246,
            1589
        ],
        "objval": 2951.751967347898,
        "std_occupancy": 45.52408643770519
    },
    "runtime": 0.7061278820037842,
    "simdays": 150,
    "solver": "greedy"
}