{
    "arrivalrate": 10.1,
    "ins_name": 29,
    "ins_path": "/home/tusan/projects/def-roussea5/tusan/software/RTSP-scheduling/data/7linacs_10.1_fluctuate/instances",
    "lNoNewPatients": [
        311,
        1,
        113,
        117,
        80
    ],
    "lNoPatients": [
        520,
        1,
        124,
        239,
        156
    ],
    "lNoSections": [
        4341,
        2,
        333,
        2437,
        1569
    ],
    "mipgap": 0.03770620191054789,
    "noLinacs": 7,
    "noSlotsPerDay": 120,
    "planningHorizon": 80,
    "runresult": {
        "avg_occupancy": 96.4484126984127,
        "feasibility": true,
        "lAvgLateDayByPriority": [
            3.5884244372990355,
            0.0,
            0.0,
            6.632478632478633,
            4.25
        ],
        "lAvgWaitDayByPriority": [
            16.012861736334404,
            0.0,
            1.5221238938053097,
            19.931623931623932,
            30.95
        ],
        "lLateDayByPriority": [
            1116,
            0,
            0,
            776,
            340
        ],
        "lOccupancy": {
            "0": [
                0.0,
                0.0,
                0.0,
                0.0,
                0.0,
                0.0,
                0.0,
                0.0,
                0.0,
                0.0,
                0.0,
                0.0,
                0.0,
                0.0,
                0.0,
                0.0,
                0.0,
                0.0,
                0.0,
                0.0,
                0.0,
                0.0,
                0.0,
                0.0,
                0.0,
                0.7142857142857143,
                0.7142857142857143,
                0.0,
                0.0,
                0.0
            ],
            "1": [
                4.285714285714286,
                8.928571428571429,
                5.357142857142857,
                8.571428571428571,
                5.0,
                8.571428571428571,
                11.071428571428571,
                8.452380952380953,
                10.952380952380953,
                9.880952380952381,
                14.166666666666666,
                15.595238095238095,
                14.642857142857144,
                15.476190476190476,
                6.904761904761905,
                10.119047619047619,
                7.380952380952381,
                10.476190476190476,
                6.785714285714286,
                9.642857142857144,
                11.190476190476192,
                13.690476190476192,
                15.833333333333332,
                9.523809523809524,
                8.571428571428571,
                8.095238095238095,
                6.309523809523809,
                9.285714285714286,
                9.642857142857144,
                11.428571428571429
            ],
            "2": [
                53.92857142857142,
                53.92857142857142,
                51.66666666666667,
                52.023809523809526,
                53.80952380952381,
                54.4047619047619,
                55.47619047619048,
                55.35714285714286,
                57.14285714285714,
                57.85714285714286,
                57.61904761904761,
                56.07142857142857,
                57.38095238095238,
                53.333333333333336,
                59.04761904761905,
                60.59523809523809,
                64.52380952380953,
                62.26190476190476,
                63.57142857142857,
                61.66666666666667,
                62.5,
                60.0,
                58.57142857142858,
                60.71428571428571,
                59.404761904761905,
                61.54761904761905,
                64.64285714285715,
                63.45238095238095,
                65.35714285714286,
                64.52380952380953
            ],
            "3": [
                29.04761904761905,
                29.404761904761905,
                32.5,
                32.38095238095238,
                30.714285714285715,
                30.119047619047617,
                30.119047619047617,
                30.119047619047617,
                30.119047619047617,
                28.214285714285715,
                27.142857142857142,
                26.190476190476193,
                26.071428571428573,
                29.404761904761905,
                31.547619047619047,
                28.214285714285715,
                26.547619047619047,
                25.833333333333336,
                25.833333333333336,
                26.190476190476193,
                24.642857142857146,
                24.523809523809522,
                23.809523809523807,
                28.452380952380953,
                28.809523809523807,
                28.452380952380953,
                27.857142857142858,
                26.547619047619047,
                21.785714285714285,
                23.214285714285715
            ],
            "overall": [
                87.26190476190476,
                92.26190476190476,
                89.52380952380952,
                92.97619047619048,
                89.52380952380952,
                93.09523809523809,
                96.66666666666667,
                93.92857142857143,
                98.21428571428571,
                95.95238095238096,
                98.92857142857142,
                97.85714285714285,
                98.09523809523809,
                98.21428571428572,
                97.50000000000001,
                98.92857142857142,
                98.45238095238096,
                98.57142857142858,
                96.1904761904762,
                97.5,
                98.33333333333334,
                98.21428571428571,
                98.21428571428572,
                98.69047619047618,
                96.78571428571429,
                98.80952380952381,
                99.52380952380953,
                99.28571428571429,
                96.78571428571428,
                99.16666666666669
            ]
        },
        "lWaitAndOverdue": [
            [
                0,
                4,
                31,
                3
            ],
            [
                0,
                2,
                1,
                0
            ],
            [
                0,
                4,
                31,
                3
            ],
            [
                0,
                2,
                1,
                0
            ],
            [
                0,
                4,
                31,
                3
            ],
            [
                0,
                3,
                4,
                0
            ],
            [
                1,
                4,
                38,
                10
            ],
            [
                1,
                2,
                2,
                0
            ],
            [
                1,
                3,
                30,
                16
            ],
            [
                2,
                3,
                30,
                16
            ],
            [
                2,
                3,
                7,
                0
            ],
            [
                2,
                4,
                27,
                0
            ],
            [
                2,
                4,
                29,
                1
            ],
            [
                2,
                2,
                0,
                0
            ],
            [
                2,
                3,
                16,
                2
            ],
            [
                2,
                2,
                2,
                0
            ],
            [
                2,
                3,
                28,
                14
            ],
            [
                2,
                3,
                16,
                2
            ],
            [
                2,
                3,
                16,
                2
            ],
            [
                2,
                3,
                6,
                0
            ],
            [
                2,
                4,
                29,
                1
            ],
            [
                2,
                3,
                30,
                16
            ],
            [
                3,
                3,
                29,
                15
            ],
            [
                3,
                2,
                0,
                0
            ],
            [
                3,
                2,
                0,
                0
            ],
            [
                3,
                3,
                29,
                15
            ],
            [
                3,
                3,
                27,
                13
            ],
            [
                3,
                2,
                0,
                0
            ],
            [
                3,
                2,
                1,
                0
            ],
            [
                3,
                2,
                1,
                0
            ],
            [
                4,
                2,
                3,
                0
            ],
            [
                4,
                4,
                35,
                7
            ],
            [
                4,
                3,
                6,
                0
            ],
            [
                4,
                2,
                3,
                0
            ],
            [
                4,
                2,
                3,
                0
            ],
            [
                4,
                3,
                14,
                0
            ],
            [
                4,
                2,
                4,
                0
            ],
            [
                5,
                2,
                0,
                0
            ],
            [
                5,
                3,
                15,
                1
            ],
            [
                5,
                3,
                25,
                11
            ],
            [
                5,
                2,
                0,
                0
            ],
            [
                5,
                2,
                0,
                0
            ],
            [
                5,
                4,
                28,
                0
            ],
            [
                5,
                2,
                2,
                0
            ],
            [
                5,
                2,
                1,
                0
            ],
            [
                5,
                3,
                31,
                17
            ],
            [
                5,
                3,
                23,
                9
            ],
            [
                5,
                2,
                1,
                0
            ],
            [
                5,
                2,
                0,
                0
            ],
            [
                6,
                3,
                10,
                0
            ],
            [
                6,
                3,
                30,
                16
            ],
            [
                6,
                3,
                31,
                17
            ],
            [
                6,
                3,
                16,
                2
            ],
            [
                6,
                4,
                29,
                1
            ],
            [
                6,
                4,
                29,
                1
            ],
            [
                6,
                2,
                2,
                0
            ],
            [
                6,
                3,
                30,
                16
            ],
            [
                6,
                2,
                0,
                0
            ],
            [
                6,
                4,
                10,
                0
            ],
            [
                6,
                2,
                0,
                0
            ],
            [
                6,
                2,
                0,
                0
            ],
            [
                6,
                3,
                16,
                2
            ],
            [
                6,
                2,
                1,
                0
            ],
            [
                6,
                2,
                2,
                0
            ],
            [
                6,
                2,
                1,
                0
            ],
            [
                7,
                2,
                2,
                0
            ],
            [
                7,
                2,
                1,
                0
            ],
            [
                7,
                3,
                21,
                7
            ],
            [
                7,
                4,
                35,
                7
            ],
            [
                7,
                2,
                2,
                0
            ],
            [
                7,
                4,
                9,
                0
            ],
            [
                7,
                4,
                30,
                2
            ],
            [
                8,
                3,
                12,
                0
            ],
            [
                8,
                3,
                29,
                15
            ],
            [
                8,
                2,
                0,
                0
            ],
            [
                8,
                2,
                4,
                0
            ],
            [
                8,
                3,
                21,
                7
            ],
            [
                8,
                3,
                29,
                15
            ],
            [
                8,
                2,
                1,
                0
            ],
            [
                8,
                2,
                0,
                0
            ],
            [
                8,
                2,
                4,
                0
            ],
            [
                8,
                4,
                36,
                8
            ],
            [
                8,
                3,
                21,
                7
            ],
            [
                8,
                4,
                35,
                7
            ],
            [
                8,
                3,
                29,
                15
            ],
            [
                8,
                4,
                35,
                7
            ],
            [
                8,
                4,
                32,
                4
            ],
            [
                8,
                3,
                22,
                8
            ],
            [
                8,
                2,
                4,
                0
            ],
            [
                9,
                3,
                19,
                5
            ],
            [
                9,
                3,
                20,
                6
            ],
            [
                9,
                2,
                4,
                0
            ],
            [
                9,
                2,
                3,
                0
            ],
            [
                9,
                3,
                19,
                5
            ],
            [
                9,
                2,
                3,
                0
            ],
            [
                9,
                2,
                4,
                0
            ],
            [
                9,
                3,
                28,
                14
            ],
            [
                9,
                2,
                0,
                0
            ],
            [
                9,
                4,
                35,
                7
            ],
            [
                9,
                4,
                28,
                0
            ],
            [
                9,
                4,
                34,
                6
            ],
            [
                9,
                2,
                4,
                0
            ],
            [
                9,
                3,
                28,
                14
            ],
            [
                9,
                2,
                3,
                0
            ],
            [
                9,
                3,
                28,
                14
            ],
            [
                9,
                3,
                26,
                12
            ],
            [
                9,
                3,
                28,
                14
            ],
            [
                9,
                3,
                28,
                14
            ],
            [
                10,
                4,
                30,
                2
            ],
            [
                10,
                3,
                25,
                11
            ],
            [
                10,
                2,
                2,
                0
            ],
            [
                10,
                2,
                1,
                0
            ],
            [
                10,
                3,
                25,
                11
            ],
            [
                10,
                3,
                8,
                0
            ],
            [
                10,
                4,
                30,
                2
            ],
            [
                10,
                2,
                2,
                0
            ],
            [
                10,
                2,
                1,
                0
            ],
            [
                10,
                3,
                18,
                4
            ],
            [
                11,
                3,
                16,
                2
            ],
            [
                11,
                4,
                37,
                9
            ],
            [
                11,
                4,
                37,
                9
            ],
            [
                11,
                2,
                1,
                0
            ],
            [
                11,
                2,
                1,
                0
            ],
            [
                11,
                2,
                1,
                0
            ],
            [
                11,
                2,
                1,
                0
            ],
            [
                12,
                2,
                1,
                0
            ],
            [
                12,
                2,
                1,
                0
            ],
            [
                12,
                3,
                14,
                0
            ],
            [
                12,
                2,
                1,
                0
            ],
            [
                12,
                2,
                1,
                0
            ],
            [
                12,
                3,
                6,
                0
            ],
            [
                12,
                3,
                15,
                1
            ],
            [
                12,
                3,
                15,
                1
            ],
            [
                12,
                2,
                2,
                0
            ],
            [
                13,
                3,
                22,
                8
            ],
            [
                13,
                3,
                19,
                5
            ],
            [
                13,
                4,
                25,
                0
            ],
            [
                13,
                4,
                35,
                7
            ],
            [
                13,
                3,
                20,
                6
            ],
            [
                13,
                2,
                4,
                0
            ],
            [
                14,
                3,
                27,
                13
            ],
            [
                14,
                3,
                14,
                0
            ],
            [
                14,
                3,
                19,
                5
            ],
            [
                14,
                2,
                3,
                0
            ],
            [
                14,
                4,
                38,
                10
            ],
            [
                14,
                2,
                4,
                0
            ],
            [
                14,
                3,
                27,
                13
            ],
            [
                14,
                2,
                3,
                0
            ],
            [
                15,
                2,
                0,
                0
            ],
            [
                15,
                4,
                29,
                1
            ],
            [
                15,
                3,
                17,
                3
            ],
            [
                15,
                4,
                35,
                7
            ],
            [
                15,
                4,
                36,
                8
            ],
            [
                15,
                4,
                36,
                8
            ],
            [
                15,
                4,
                35,
                7
            ],
            [
                15,
                2,
                2,
                0
            ],
            [
                15,
                2,
                2,
                0
            ],
            [
                15,
                4,
                36,
                8
            ],
            [
                15,
                3,
                15,
                1
            ],
            [
                15,
                4,
                11,
                0
            ],
            [
                16,
                2,
                0,
                0
            ],
            [
                16,
                4,
                35,
                7
            ],
            [
                16,
                4,
                35,
                7
            ],
            [
                16,
                2,
                2,
                0
            ],
            [
                16,
                3,
                13,
                0
            ],
            [
                16,
                3,
                24,
                10
            ],
            [
                16,
                3,
                23,
                9
            ],
            [
                16,
                3,
                24,
                10
            ],
            [
                16,
                3,
                23,
                9
            ],
            [
                16,
                2,
                1,
                0
            ],
            [
                16,
                3,
                14,
                0
            ],
            [
                16,
                4,
                35,
                7
            ],
            [
                17,
                4,
                36,
                8
            ],
            [
                17,
                2,
                2,
                0
            ],
            [
                17,
                2,
                0,
                0
            ],
            [
                17,
                3,
                22,
                8
            ],
            [
                17,
                2,
                2,
                0
            ],
            [
                17,
                3,
                13,
                0
            ],
            [
                17,
                4,
                36,
                8
            ],
            [
                17,
                4,
                40,
                12
            ],
            [
                17,
                3,
                15,
                1
            ],
            [
                17,
                2,
                2,
                0
            ],
            [
                17,
                4,
                36,
                8
            ],
            [
                17,
                4,
                36,
                8
            ],
            [
                17,
                4,
                28,
                0
            ],
            [
                17,
                2,
                0,
                0
            ],
            [
                17,
                4,
                36,
                8
            ],
            [
                18,
                4,
                35,
                7
            ],
            [
                18,
                2,
                1,
                0
            ],
            [
                18,
                3,
                14,
                0
            ],
            [
                18,
                2,
                4,
                0
            ],
            [
                18,
                2,
                0,
                0
            ],
            [
                18,
                4,
                35,
                7
            ],
            [
                19,
                4,
                35,
                7
            ],
            [
                19,
                4,
                35,
                7
            ],
            [
                19,
                4,
                35,
                7
            ],
            [
                19,
                4,
                38,
                10
            ],
            [
                19,
                4,
                35,
                7
            ],
            [
                19,
                4,
                27,
                0
            ],
            [
                19,
                2,
                3,
                0
            ],
            [
                19,
                4,
                35,
                7
            ],
            [
                19,
                2,
                3,
                0
            ],
            [
                19,
                2,
                4,
                0
            ],
            [
                19,
                2,
                0,
                0
            ],
            [
                19,
                3,
                21,
                7
            ],
            [
                19,
                3,
                21,
                7
            ],
            [
                19,
                3,
                21,
                7
            ],
            [
                19,
                3,
                25,
                11
            ],
            [
                19,
                3,
                24,
                10
            ],
            [
                20,
                2,
                1,
                0
            ],
            [
                20,
                2,
                1,
                0
            ],
            [
                20,
                2,
                0,
                0
            ],
            [
                20,
                2,
                1,
                0
            ],
            [
                20,
                2,
                2,
                0
            ],
            [
                20,
                2,
                2,
                0
            ],
            [
                20,
                2,
                0,
                0
            ],
            [
                20,
                2,
                2,
                0
            ],
            [
                20,
                3,
                22,
                8
            ],
            [
                20,
                3,
                9,
                0
            ],
            [
                20,
                4,
                35,
                7
            ],
            [
                21,
                2,
                1,
                0
            ],
            [
                21,
                2,
                2,
                0
            ],
            [
                21,
                3,
                14,
                0
            ],
            [
                21,
                3,
                23,
                9
            ],
            [
                21,
                2,
                0,
                0
            ],
            [
                21,
                2,
                1,
                0
            ],
            [
                21,
                3,
                13,
                0
            ],
            [
                21,
                3,
                13,
                0
            ],
            [
                21,
                3,
                23,
                9
            ],
            [
                21,
                4,
                34,
                6
            ],
            [
                21,
                3,
                14,
                0
            ],
            [
                22,
                4,
                30,
                2
            ],
            [
                22,
                2,
                0,
                0
            ],
            [
                22,
                3,
                22,
                8
            ],
            [
                22,
                2,
                1,
                0
            ],
            [
                22,
                3,
                22,
                8
            ],
            [
                22,
                2,
                0,
                0
            ],
            [
                22,
                3,
                13,
                0
            ],
            [
                23,
                4,
                13,
                0
            ],
            [
                23,
                2,
                0,
                0
            ],
            [
                23,
                2,
                1,
                0
            ],
            [
                23,
                4,
                28,
                0
            ],
            [
                23,
                3,
                22,
                8
            ],
            [
                23,
                3,
                22,
                8
            ],
            [
                23,
                3,
                21,
                7
            ],
            [
                23,
                3,
                22,
                8
            ],
            [
                23,
                3,
                15,
                1
            ],
            [
                23,
                3,
                22,
                8
            ],
            [
                24,
                3,
                24,
                10
            ],
            [
                24,
                2,
                3,
                0
            ],
            [
                24,
                3,
                12,
                0
            ],
            [
                24,
                3,
                21,
                7
            ],
            [
                24,
                2,
                3,
                0
            ],
            [
                24,
                3,
                21,
                7
            ],
            [
                24,
                3,
                14,
                0
            ],
            [
                24,
                4,
                12,
                0
            ],
            [
                24,
                2,
                3,
                0
            ],
            [
                24,
                4,
                28,
                0
            ],
            [
                24,
                4,
                31,
                3
            ],
            [
                25,
                3,
                22,
                8
            ],
            [
                25,
                2,
                0,
                0
            ],
            [
                25,
                4,
                29,
                1
            ],
            [
                25,
                2,
                0,
                0
            ],
            [
                25,
                4,
                28,
                0
            ],
            [
                25,
                3,
                15,
                1
            ],
            [
                25,
                1,
                0,
                0
            ],
            [
                25,
                3,
                8,
                0
            ],
            [
                25,
                3,
                10,
                0
            ],
            [
                26,
                3,
                21,
                7
            ],
            [
                26,
                2,
                1,
                0
            ],
            [
                26,
                2,
                0,
                0
            ],
            [
                26,
                2,
                2,
                0
            ],
            [
                26,
                3,
                22,
                8
            ],
            [
                26,
                3,
                15,
                1
            ],
            [
                26,
                3,
                22,
                8
            ],
            [
                26,
                3,
                22,
                8
            ],
            [
                26,
                4,
                30,
                2
            ],
            [
                26,
                4,
                30,
                2
            ],
            [
                26,
                3,
                22,
                8
            ],
            [
                26,
                2,
                1,
                0
            ],
            [
                26,
                3,
                20,
                6
            ],
            [
                26,
                3,
                23,
                9
            ],
            [
                26,
                4,
                30,
                2
            ],
            [
                27,
                2,
                1,
                0
            ],
            [
                27,
                3,
                22,
                8
            ],
            [
                27,
                4,
                30,
                2
            ],
            [
                27,
                4,
                30,
                2
            ],
            [
                27,
                2,
                2,
                0
            ],
            [
                27,
                4,
                29,
                1
            ],
            [
                27,
                2,
                2,
                0
            ],
            [
                27,
                4,
                30,
                2
            ],
            [
                27,
                4,
                30,
                2
            ],
            [
                27,
                4,
                30,
                2
            ],
            [
                27,
                4,
                30,
                2
            ],
            [
                28,
                4,
                32,
                4
            ],
            [
                28,
                4,
                33,
                5
            ],
            [
                28,
                4,
                29,
                1
            ],
            [
                28,
                3,
                22,
                8
            ],
            [
                28,
                2,
                1,
                0
            ],
            [
                28,
                2,
                4,
                0
            ],
            [
                28,
                3,
                7,
                0
            ],
            [
                28,
                4,
                14,
                0
            ],
            [
                28,
                3,
                22,
                8
            ],
            [
                28,
                3,
                22,
                8
            ],
            [
                29,
                3,
                24,
                10
            ],
            [
                29,
                4,
                32,
                4
            ],
            [
                29,
                3,
                21,
                7
            ],
            [
                29,
                3,
                24,
                10
            ],
            [
                29,
                2,
                3,
                0
            ],
            [
                29,
                2,
                0,
                0
            ],
            [
                29,
                2,
                3,
                0
            ]
        ],
        "lWaitDayByPriority": [
            4980,
            0,
            172,
            2332,
            2476
        ],
        "objval": 2276.9853415021557,
        "std_occupancy": 3.2006003979774476
    },
    "runtime": 54022.1684653759,
    "simdays": 30,
    "solver": "static"
}