{
    "arrivalrate": 10.1,
    "ins_name": 45,
    "ins_path": "/home/tusan/projects/def-roussea5/tusan/software/RTSP-scheduling/data/7linacs_10.1_fluctuate/instances",
    "lNoNewPatients": [
        312,
        2,
        113,
        113,
        84
    ],
    "lNoPatients": [
        577,
        2,
        133,
        266,
        176
    ],
    "lNoSections": [
        4326,
        3,
        339,
        2345,
        1639
    ],
    "mipgap": 0.014361582843988802,
    "noLinacs": 7,
    "noSlotsPerDay": 120,
    "planningHorizon": 80,
    "runresult": {
        "avg_occupancy": 97.57539682539681,
        "feasibility": true,
        "lAvgLateDayByPriority": [
            9.195512820512821,
            0.0,
            0.0,
            17.088495575221238,
            11.166666666666666
        ],
        "lAvgWaitDayByPriority": [
            21.91025641025641,
            0.0,
            1.345132743362832,
            30.663716814159294,
            38.32142857142857
        ],
        "lLateDayByPriority": [
            2869,
            0,
            0,
            1931,
            938
        ],
        "lOccupancy": {
            "0": [
                0.0,
                0.0,
                0.0,
                0.0,
                0.0,
                0.0,
                0.0,
                0.0,
                0.0,
                0.0,
                0.0,
                0.0,
                0.0,
                0.0,
                0.0,
                0.0,
                0.7142857142857143,
                0.7142857142857143,
                0.0,
                0.0,
                0.0,
                0.0,
                0.0,
                0.0,
                0.0,
                0.7142857142857143,
                0.0,
                0.0,
                0.0,
                0.0
            ],
            "1": [
                12.380952380952381,
                13.928571428571429,
                11.071428571428571,
                13.571428571428571,
                14.285714285714285,
                11.547619047619047,
                13.80952380952381,
                10.238095238095237,
                7.261904761904763,
                8.214285714285714,
                5.476190476190476,
                5.0,
                6.428571428571428,
                12.142857142857142,
                12.5,
                11.190476190476192,
                11.428571428571429,
                13.214285714285715,
                9.880952380952381,
                14.166666666666666,
                12.857142857142856,
                13.095238095238097,
                8.928571428571429,
                14.166666666666666,
                11.904761904761903,
                8.80952380952381,
                11.190476190476192,
                7.6190476190476195,
                7.142857142857142,
                7.857142857142857
            ],
            "2": [
                53.45238095238095,
                51.78571428571429,
                50.71428571428571,
                53.333333333333336,
                54.047619047619044,
                53.80952380952381,
                54.52380952380952,
                56.904761904761905,
                59.64285714285714,
                59.88095238095238,
                60.59523809523809,
                64.52380952380953,
                63.69047619047619,
                57.14285714285714,
                54.52380952380952,
                57.738095238095234,
                58.214285714285715,
                59.523809523809526,
                56.904761904761905,
                58.69047619047619,
                59.285714285714285,
                58.0952380952381,
                57.49999999999999,
                55.35714285714286,
                56.904761904761905,
                58.333333333333336,
                55.47619047619048,
                61.78571428571429,
                63.45238095238095,
                62.023809523809526
            ],
            "3": [
                30.476190476190478,
                32.02380952380952,
                33.095238095238095,
                30.952380952380953,
                30.357142857142854,
                30.119047619047617,
                30.119047619047617,
                30.119047619047617,
                29.523809523809526,
                29.04761904761905,
                27.976190476190478,
                27.380952380952383,
                28.214285714285715,
                28.214285714285715,
                30.952380952380953,
                29.761904761904763,
                26.785714285714285,
                25.833333333333336,
                27.142857142857142,
                25.238095238095237,
                26.666666666666668,
                27.380952380952383,
                29.523809523809526,
                29.761904761904763,
                29.761904761904763,
                30.5952380952381,
                32.261904761904766,
                29.761904761904763,
                28.214285714285715,
                28.69047619047619
            ],
            "overall": [
                96.30952380952381,
                97.73809523809524,
                94.88095238095238,
                97.85714285714286,
                98.69047619047618,
                95.47619047619048,
                98.45238095238095,
                97.26190476190476,
                96.42857142857142,
                97.14285714285714,
                94.04761904761905,
                96.90476190476191,
                98.33333333333334,
                97.5,
                97.97619047619047,
                98.69047619047619,
                97.14285714285714,
                99.28571428571428,
                93.92857142857143,
                98.0952380952381,
                98.80952380952381,
                98.57142857142858,
                95.95238095238093,
                99.28571428571429,
                98.57142857142857,
                98.45238095238096,
                98.92857142857144,
                99.16666666666667,
                98.8095238095238,
                98.57142857142857
            ]
        },
        "lWaitAndOverdue": [
            [
                0,
                4,
                37,
                9
            ],
            [
                0,
                4,
                35,
                7
            ],
            [
                0,
                3,
                28,
                14
            ],
            [
                0,
                2,
                0,
                0
            ],
            [
                0,
                3,
                8,
                0
            ],
            [
                0,
                3,
                38,
                24
            ],
            [
                0,
                2,
                1,
                0
            ],
            [
                1,
                2,
                2,
                0
            ],
            [
                1,
                3,
                9,
                0
            ],
            [
                1,
                2,
                0,
                0
            ],
            [
                1,
                2,
                1,
                0
            ],
            [
                1,
                3,
                51,
                37
            ],
            [
                1,
                2,
                2,
                0
            ],
            [
                1,
                4,
                52,
                24
            ],
            [
                1,
                4,
                36,
                8
            ],
            [
                1,
                4,
                45,
                17
            ],
            [
                1,
                2,
                2,
                0
            ],
            [
                1,
                3,
                50,
                36
            ],
            [
                1,
                2,
                0,
                0
            ],
            [
                1,
                3,
                51,
                37
            ],
            [
                1,
                3,
                45,
                31
            ],
            [
                2,
                3,
                50,
                36
            ],
            [
                2,
                3,
                51,
                37
            ],
            [
                2,
                4,
                37,
                9
            ],
            [
                2,
                3,
                50,
                36
            ],
            [
                2,
                2,
                1,
                0
            ],
            [
                2,
                2,
                2,
                0
            ],
            [
                2,
                3,
                50,
                36
            ],
            [
                2,
                3,
                12,
                0
            ],
            [
                2,
                4,
                8,
                0
            ],
            [
                3,
                2,
                1,
                0
            ],
            [
                3,
                2,
                0,
                0
            ],
            [
                3,
                3,
                50,
                36
            ],
            [
                3,
                3,
                6,
                0
            ],
            [
                3,
                4,
                50,
                22
            ],
            [
                3,
                4,
                35,
                7
            ],
            [
                3,
                2,
                0,
                0
            ],
            [
                3,
                2,
                0,
                0
            ],
            [
                3,
                2,
                4,
                0
            ],
            [
                3,
                2,
                4,
                0
            ],
            [
                3,
                2,
                1,
                0
            ],
            [
                4,
                2,
                3,
                0
            ],
            [
                4,
                3,
                33,
                19
            ],
            [
                4,
                2,
                4,
                0
            ],
            [
                4,
                2,
                3,
                0
            ],
            [
                4,
                3,
                10,
                0
            ],
            [
                4,
                3,
                11,
                0
            ],
            [
                5,
                3,
                28,
                14
            ],
            [
                5,
                2,
                1,
                0
            ],
            [
                5,
                3,
                46,
                32
            ],
            [
                5,
                3,
                30,
                16
            ],
            [
                5,
                4,
                35,
                7
            ],
            [
                5,
                4,
                50,
                22
            ],
            [
                5,
                3,
                39,
                25
            ],
            [
                5,
                2,
                1,
                0
            ],
            [
                5,
                3,
                46,
                32
            ],
            [
                5,
                3,
                10,
                0
            ],
            [
                5,
                3,
                30,
                16
            ],
            [
                5,
                2,
                0,
                0
            ],
            [
                5,
                4,
                45,
                17
            ],
            [
                5,
                2,
                0,
                0
            ],
            [
                5,
                3,
                46,
                32
            ],
            [
                5,
                2,
                1,
                0
            ],
            [
                5,
                2,
                2,
                0
            ],
            [
                6,
                4,
                37,
                9
            ],
            [
                6,
                3,
                29,
                15
            ],
            [
                6,
                4,
                51,
                23
            ],
            [
                6,
                4,
                45,
                17
            ],
            [
                6,
                4,
                50,
                22
            ],
            [
                6,
                4,
                34,
                6
            ],
            [
                6,
                2,
                0,
                0
            ],
            [
                6,
                2,
                2,
                0
            ],
            [
                6,
                4,
                31,
                3
            ],
            [
                6,
                3,
                7,
                0
            ],
            [
                6,
                4,
                13,
                0
            ],
            [
                6,
                2,
                0,
                0
            ],
            [
                6,
                4,
                31,
                3
            ],
            [
                7,
                4,
                35,
                7
            ],
            [
                7,
                2,
                0,
                0
            ],
            [
                7,
                3,
                36,
                22
            ],
            [
                7,
                3,
                44,
                30
            ],
            [
                8,
                3,
                43,
                29
            ],
            [
                8,
                3,
                43,
                29
            ],
            [
                8,
                3,
                43,
                29
            ],
            [
                8,
                2,
                0,
                0
            ],
            [
                8,
                3,
                27,
                13
            ],
            [
                8,
                4,
                32,
                4
            ],
            [
                8,
                4,
                50,
                22
            ],
            [
                8,
                2,
                1,
                0
            ],
            [
                8,
                2,
                1,
                0
            ],
            [
                8,
                3,
                22,
                8
            ],
            [
                8,
                2,
                0,
                0
            ],
            [
                8,
                3,
                18,
                4
            ],
            [
                8,
                4,
                50,
                22
            ],
            [
                8,
                4,
                67,
                39
            ],
            [
                8,
                3,
                22,
                8
            ],
            [
                9,
                2,
                0,
                0
            ],
            [
                9,
                4,
                49,
                21
            ],
            [
                9,
                4,
                35,
                7
            ],
            [
                9,
                4,
                28,
                0
            ],
            [
                9,
                2,
                3,
                0
            ],
            [
                9,
                4,
                49,
                21
            ],
            [
                9,
                4,
                49,
                21
            ],
            [
                10,
                2,
                2,
                0
            ],
            [
                10,
                3,
                24,
                10
            ],
            [
                10,
                2,
                0,
                0
            ],
            [
                10,
                2,
                1,
                0
            ],
            [
                10,
                4,
                32,
                4
            ],
            [
                10,
                4,
                43,
                15
            ],
            [
                10,
                4,
                35,
                7
            ],
            [
                10,
                4,
                52,
                24
            ],
            [
                11,
                4,
                62,
                34
            ],
            [
                11,
                4,
                31,
                3
            ],
            [
                11,
                4,
                30,
                2
            ],
            [
                11,
                2,
                2,
                0
            ],
            [
                11,
                4,
                31,
                3
            ],
            [
                11,
                2,
                0,
                0
            ],
            [
                11,
                2,
                0,
                0
            ],
            [
                11,
                2,
                1,
                0
            ],
            [
                11,
                3,
                38,
                24
            ],
            [
                11,
                3,
                38,
                24
            ],
            [
                11,
                3,
                38,
                24
            ],
            [
                12,
                3,
                37,
                23
            ],
            [
                12,
                3,
                37,
                23
            ],
            [
                12,
                2,
                2,
                0
            ],
            [
                12,
                2,
                2,
                0
            ],
            [
                12,
                2,
                1,
                0
            ],
            [
                12,
                2,
                0,
                0
            ],
            [
                12,
                2,
                2,
                0
            ],
            [
                12,
                2,
                2,
                0
            ],
            [
                13,
                2,
                4,
                0
            ],
            [
                13,
                2,
                0,
                0
            ],
            [
                13,
                3,
                36,
                22
            ],
            [
                13,
                3,
                15,
                1
            ],
            [
                13,
                4,
                49,
                21
            ],
            [
                13,
                2,
                0,
                0
            ],
            [
                13,
                2,
                0,
                0
            ],
            [
                13,
                3,
                22,
                8
            ],
            [
                13,
                3,
                36,
                22
            ],
            [
                13,
                2,
                4,
                0
            ],
            [
                13,
                2,
                1,
                0
            ],
            [
                13,
                3,
                26,
                12
            ],
            [
                13,
                3,
                26,
                12
            ],
            [
                13,
                3,
                36,
                22
            ],
            [
                13,
                4,
                49,
                21
            ],
            [
                14,
                3,
                25,
                11
            ],
            [
                14,
                4,
                54,
                26
            ],
            [
                14,
                2,
                3,
                0
            ],
            [
                14,
                3,
                35,
                21
            ],
            [
                14,
                2,
                4,
                0
            ],
            [
                14,
                3,
                38,
                24
            ],
            [
                14,
                2,
                4,
                0
            ],
            [
                14,
                3,
                42,
                28
            ],
            [
                15,
                4,
                9,
                0
            ],
            [
                15,
                2,
                2,
                0
            ],
            [
                15,
                2,
                0,
                0
            ],
            [
                15,
                4,
                29,
                1
            ],
            [
                15,
                3,
                37,
                23
            ],
            [
                15,
                3,
                37,
                23
            ],
            [
                15,
                3,
                32,
                18
            ],
            [
                15,
                3,
                37,
                23
            ],
            [
                15,
                3,
                9,
                0
            ],
            [
                15,
                3,
                37,
                23
            ],
            [
                15,
                3,
                31,
                17
            ],
            [
                15,
                2,
                2,
                0
            ],
            [
                15,
                3,
                16,
                2
            ],
            [
                15,
                3,
                37,
                23
            ],
            [
                15,
                2,
                2,
                0
            ],
            [
                15,
                3,
                37,
                23
            ],
            [
                16,
                3,
                24,
                10
            ],
            [
                16,
                4,
                29,
                1
            ],
            [
                16,
                2,
                0,
                0
            ],
            [
                16,
                4,
                29,
                1
            ],
            [
                16,
                4,
                30,
                2
            ],
            [
                16,
                3,
                37,
                23
            ],
            [
                16,
                2,
                1,
                0
            ],
            [
                16,
                4,
                44,
                16
            ],
            [
                16,
                2,
                0,
                0
            ],
            [
                16,
                4,
                30,
                2
            ],
            [
                16,
                3,
                17,
                3
            ],
            [
                16,
                1,
                0,
                0
            ],
            [
                16,
                3,
                38,
                24
            ],
            [
                16,
                3,
                16,
                2
            ],
            [
                16,
                3,
                37,
                23
            ],
            [
                17,
                2,
                2,
                0
            ],
            [
                17,
                2,
                2,
                0
            ],
            [
                17,
                2,
                2,
                0
            ],
            [
                17,
                3,
                30,
                16
            ],
            [
                17,
                3,
                21,
                7
            ],
            [
                17,
                3,
                36,
                22
            ],
            [
                17,
                3,
                21,
                7
            ],
            [
                17,
                4,
                44,
                16
            ],
            [
                17,
                4,
                43,
                15
            ],
            [
                17,
                3,
                36,
                22
            ],
            [
                17,
                2,
                0,
                0
            ],
            [
                17,
                3,
                37,
                23
            ],
            [
                17,
                3,
                34,
                20
            ],
            [
                17,
                4,
                43,
                15
            ],
            [
                17,
                2,
                1,
                0
            ],
            [
                17,
                3,
                36,
                22
            ],
            [
                18,
                4,
                43,
                15
            ],
            [
                18,
                4,
                43,
                15
            ],
            [
                18,
                2,
                4,
                0
            ],
            [
                18,
                4,
                43,
                15
            ],
            [
                18,
                2,
                4,
                0
            ],
            [
                18,
                4,
                43,
                15
            ],
            [
                18,
                4,
                43,
                15
            ],
            [
                18,
                4,
                43,
                15
            ],
            [
                18,
                4,
                43,
                15
            ],
            [
                18,
                4,
                43,
                15
            ],
            [
                18,
                4,
                43,
                15
            ],
            [
                18,
                4,
                43,
                15
            ],
            [
                18,
                3,
                29,
                15
            ],
            [
                19,
                2,
                0,
                0
            ],
            [
                19,
                2,
                4,
                0
            ],
            [
                19,
                3,
                13,
                0
            ],
            [
                19,
                4,
                24,
                0
            ],
            [
                19,
                3,
                38,
                24
            ],
            [
                19,
                3,
                35,
                21
            ],
            [
                19,
                3,
                40,
                26
            ],
            [
                20,
                4,
                42,
                14
            ],
            [
                20,
                3,
                38,
                24
            ],
            [
                20,
                3,
                38,
                24
            ],
            [
                20,
                2,
                0,
                0
            ],
            [
                20,
                2,
                2,
                0
            ],
            [
                20,
                2,
                1,
                0
            ],
            [
                20,
                4,
                28,
                0
            ],
            [
                20,
                3,
                38,
                24
            ],
            [
                20,
                2,
                2,
                0
            ],
            [
                20,
                3,
                16,
                2
            ],
            [
                20,
                3,
                18,
                4
            ],
            [
                20,
                2,
                2,
                0
            ],
            [
                20,
                2,
                1,
                0
            ],
            [
                20,
                3,
                16,
                2
            ],
            [
                21,
                2,
                0,
                0
            ],
            [
                21,
                2,
                2,
                0
            ],
            [
                21,
                2,
                0,
                0
            ],
            [
                21,
                3,
                17,
                3
            ],
            [
                21,
                2,
                2,
                0
            ],
            [
                21,
                4,
                27,
                0
            ],
            [
                21,
                2,
                2,
                0
            ],
            [
                21,
                3,
                15,
                1
            ],
            [
                21,
                2,
                0,
                0
            ],
            [
                21,
                3,
                50,
                36
            ],
            [
                21,
                3,
                37,
                23
            ],
            [
                22,
                4,
                41,
                13
            ],
            [
                22,
                4,
                51,
                23
            ],
            [
                22,
                2,
                1,
                0
            ],
            [
                22,
                3,
                36,
                22
            ],
            [
                22,
                3,
                15,
                1
            ],
            [
                22,
                4,
                41,
                13
            ],
            [
                22,
                2,
                2,
                0
            ],
            [
                22,
                2,
                0,
                0
            ],
            [
                22,
                2,
                1,
                0
            ],
            [
                22,
                2,
                1,
                0
            ],
            [
                22,
                2,
                0,
                0
            ],
            [
                23,
                4,
                25,
                0
            ],
            [
                23,
                3,
                35,
                21
            ],
            [
                23,
                3,
                35,
                21
            ],
            [
                23,
                4,
                35,
                7
            ],
            [
                23,
                2,
                1,
                0
            ],
            [
                23,
                2,
                1,
                0
            ],
            [
                23,
                3,
                39,
                25
            ],
            [
                23,
                4,
                40,
                12
            ],
            [
                23,
                4,
                40,
                12
            ],
            [
                23,
                2,
                0,
                0
            ],
            [
                23,
                2,
                0,
                0
            ],
            [
                23,
                2,
                0,
                0
            ],
            [
                23,
                2,
                4,
                0
            ],
            [
                24,
                2,
                0,
                0
            ],
            [
                24,
                3,
                34,
                20
            ],
            [
                24,
                2,
                4,
                0
            ],
            [
                24,
                3,
                34,
                20
            ],
            [
                24,
                4,
                40,
                12
            ],
            [
                25,
                4,
                23,
                0
            ],
            [
                25,
                4,
                37,
                9
            ],
            [
                25,
                3,
                16,
                2
            ],
            [
                25,
                1,
                0,
                0
            ],
            [
                25,
                2,
                1,
                0
            ],
            [
                26,
                2,
                2,
                0
            ],
            [
                26,
                2,
                2,
                0
            ],
            [
                26,
                2,
                2,
                0
            ],
            [
                26,
                3,
                30,
                16
            ],
            [
                26,
                3,
                15,
                1
            ],
            [
                26,
                3,
                30,
                16
            ],
            [
                26,
                4,
                24,
                0
            ],
            [
                26,
                2,
                0,
                0
            ],
            [
                26,
                2,
                0,
                0
            ],
            [
                27,
                2,
                2,
                0
            ],
            [
                27,
                2,
                1,
                0
            ],
            [
                27,
                4,
                36,
                8
            ],
            [
                27,
                3,
                29,
                15
            ],
            [
                27,
                3,
                30,
                16
            ],
            [
                27,
                3,
                30,
                16
            ],
            [
                27,
                2,
                0,
                0
            ],
            [
                27,
                3,
                12,
                0
            ],
            [
                28,
                2,
                4,
                0
            ],
            [
                28,
                3,
                14,
                0
            ],
            [
                28,
                2,
                1,
                0
            ],
            [
                28,
                2,
                4,
                0
            ],
            [
                28,
                3,
                27,
                13
            ],
            [
                28,
                3,
                13,
                0
            ],
            [
                28,
                2,
                0,
                0
            ],
            [
                28,
                4,
                34,
                6
            ],
            [
                28,
                4,
                36,
                8
            ],
            [
                29,
                4,
                28,
                0
            ],
            [
                29,
                4,
                35,
                7
            ],
            [
                29,
                4,
                35,
                7
            ],
            [
                29,
                3,
                31,
                17
            ],
            [
                29,
                3,
                31,
                17
            ],
            [
                29,
                4,
                33,
                5
            ],
            [
                29,
                4,
                35,
                7
            ]
        ],
        "lWaitDayByPriority": [
            6836,
            0,
            152,
            3465,
            3219
        ],
        "objval": 2310.6916350611036,
        "std_occupancy": 1.4749365300580477
    },
    "runtime": 8276.12997841835,
    "simdays": 30,
    "solver": "static"
}