{
    "arrivalrate": 10.1,
    "ins_name": 83,
    "ins_path": "/home/tusan/projects/def-roussea5/tusan/software/RTSP-scheduling/data/7linacs_10.1_fluctuate/instances",
    "lNoNewPatients": [
        323,
        1,
        121,
        117,
        84
    ],
    "lNoPatients": [
        573,
        1,
        139,
        263,
        170
    ],
    "lNoSections": [
        4534,
        2,
        369,
        2462,
        1701
    ],
    "mipgap": 0.014237580711525276,
    "noLinacs": 7,
    "noSlotsPerDay": 120,
    "planningHorizon": 80,
    "runresult": {
        "avg_occupancy": 97.32936507936508,
        "feasibility": true,
        "lAvgLateDayByPriority": [
            7.492260061919505,
            0.0,
            0.0,
            14.11965811965812,
            9.142857142857142
        ],
        "lAvgWaitDayByPriority": [
            19.91640866873065,
            0.0,
            1.3305785123966942,
            27.675213675213676,
            36.11904761904762
        ],
        "lLateDayByPriority": [
            2420,
            0,
            0,
            1652,
            768
        ],
        "lOccupancy": {
            "0": [
                0.0,
                0.0,
                0.0,
                0.0,
                0.0,
                0.0,
                0.0,
                0.0,
                0.0,
                0.0,
                0.0,
                0.0,
                0.0,
                0.0,
                0.0,
                0.0,
                0.0,
                0.0,
                0.0,
                0.0,
                0.7142857142857143,
                0.7142857142857143,
                0.0,
                0.0,
                0.0,
                0.0,
                0.0,
                0.0,
                0.0,
                0.0
            ],
            "1": [
                10.595238095238095,
                11.30952380952381,
                11.666666666666666,
                14.166666666666666,
                13.80952380952381,
                10.714285714285714,
                13.214285714285715,
                10.714285714285714,
                5.119047619047619,
                11.30952380952381,
                12.380952380952381,
                8.928571428571429,
                6.309523809523809,
                10.119047619047619,
                11.666666666666666,
                8.095238095238095,
                11.071428571428571,
                10.595238095238095,
                10.476190476190476,
                6.190476190476191,
                7.023809523809524,
                8.80952380952381,
                9.523809523809524,
                13.452380952380953,
                14.761904761904763,
                8.095238095238095,
                9.880952380952381,
                9.642857142857144,
                15.238095238095239,
                7.023809523809524
            ],
            "2": [
                53.45238095238095,
                51.547619047619044,
                53.45238095238095,
                53.333333333333336,
                52.73809523809524,
                53.095238095238095,
                53.69047619047619,
                56.785714285714285,
                57.85714285714286,
                56.904761904761905,
                58.92857142857143,
                62.26190476190476,
                60.11904761904761,
                57.738095238095234,
                55.833333333333336,
                60.0,
                60.11904761904761,
                61.78571428571429,
                61.904761904761905,
                66.07142857142857,
                64.04761904761904,
                62.142857142857146,
                60.71428571428571,
                55.47619047619048,
                54.64285714285714,
                60.71428571428571,
                59.523809523809526,
                61.42857142857143,
                58.0952380952381,
                62.26190476190476
            ],
            "3": [
                29.88095238095238,
                32.5,
                30.833333333333336,
                30.952380952380953,
                30.952380952380953,
                30.714285714285715,
                30.119047619047617,
                29.28571428571429,
                29.28571428571429,
                27.500000000000004,
                26.30952380952381,
                26.785714285714285,
                28.095238095238095,
                30.238095238095237,
                30.952380952380953,
                29.28571428571429,
                27.023809523809522,
                25.71428571428571,
                26.42857142857143,
                25.476190476190474,
                26.071428571428573,
                26.785714285714285,
                27.380952380952383,
                29.04761904761905,
                29.166666666666668,
                30.5952380952381,
                30.357142857142854,
                27.023809523809522,
                25.595238095238095,
                29.523809523809526
            ],
            "overall": [
                93.92857142857142,
                95.35714285714286,
                95.95238095238096,
                98.45238095238095,
                97.5,
                94.52380952380952,
                97.02380952380952,
                96.78571428571429,
                92.26190476190477,
                95.71428571428572,
                97.61904761904762,
                97.97619047619048,
                94.52380952380952,
                98.09523809523809,
                98.45238095238095,
                97.3809523809524,
                98.21428571428571,
                98.09523809523809,
                98.80952380952381,
                97.73809523809524,
                97.85714285714285,
                98.45238095238096,
                97.6190476190476,
                97.97619047619048,
                98.57142857142857,
                99.4047619047619,
                99.76190476190476,
                98.09523809523809,
                98.92857142857144,
                98.8095238095238
            ]
        },
        "lWaitAndOverdue": [
            [
                0,
                2,
                2,
                0
            ],
            [
                0,
                2,
                2,
                0
            ],
            [
                0,
                2,
                0,
                0
            ],
            [
                0,
                2,
                1,
                0
            ],
            [
                0,
                3,
                37,
                23
            ],
            [
                0,
                4,
                39,
                11
            ],
            [
                0,
                2,
                0,
                0
            ],
            [
                1,
                4,
                9,
                0
            ],
            [
                1,
                4,
                44,
                16
            ],
            [
                1,
                3,
                8,
                0
            ],
            [
                1,
                3,
                44,
                30
            ],
            [
                1,
                2,
                1,
                0
            ],
            [
                1,
                2,
                1,
                0
            ],
            [
                1,
                3,
                36,
                22
            ],
            [
                1,
                3,
                45,
                31
            ],
            [
                1,
                2,
                2,
                0
            ],
            [
                1,
                2,
                1,
                0
            ],
            [
                1,
                2,
                2,
                0
            ],
            [
                1,
                4,
                51,
                23
            ],
            [
                2,
                3,
                12,
                0
            ],
            [
                2,
                4,
                36,
                8
            ],
            [
                2,
                3,
                44,
                30
            ],
            [
                2,
                4,
                36,
                8
            ],
            [
                2,
                4,
                33,
                5
            ],
            [
                2,
                3,
                36,
                22
            ],
            [
                2,
                2,
                1,
                0
            ],
            [
                2,
                3,
                7,
                0
            ],
            [
                2,
                3,
                34,
                20
            ],
            [
                2,
                2,
                0,
                0
            ],
            [
                3,
                2,
                0,
                0
            ],
            [
                3,
                3,
                12,
                0
            ],
            [
                3,
                2,
                0,
                0
            ],
            [
                3,
                2,
                4,
                0
            ],
            [
                3,
                3,
                43,
                29
            ],
            [
                3,
                2,
                0,
                0
            ],
            [
                3,
                4,
                50,
                22
            ],
            [
                3,
                4,
                35,
                7
            ],
            [
                3,
                4,
                43,
                15
            ],
            [
                3,
                2,
                0,
                0
            ],
            [
                3,
                3,
                43,
                29
            ],
            [
                3,
                2,
                1,
                0
            ],
            [
                3,
                3,
                43,
                29
            ],
            [
                3,
                3,
                43,
                29
            ],
            [
                3,
                3,
                43,
                29
            ],
            [
                3,
                3,
                50,
                36
            ],
            [
                4,
                4,
                11,
                0
            ],
            [
                4,
                3,
                47,
                33
            ],
            [
                4,
                2,
                0,
                0
            ],
            [
                4,
                2,
                4,
                0
            ],
            [
                4,
                3,
                42,
                28
            ],
            [
                4,
                3,
                11,
                0
            ],
            [
                4,
                4,
                35,
                7
            ],
            [
                4,
                2,
                0,
                0
            ],
            [
                4,
                2,
                4,
                0
            ],
            [
                5,
                3,
                32,
                18
            ],
            [
                5,
                3,
                21,
                7
            ],
            [
                5,
                4,
                46,
                18
            ],
            [
                5,
                4,
                32,
                4
            ],
            [
                5,
                2,
                0,
                0
            ],
            [
                5,
                2,
                1,
                0
            ],
            [
                5,
                2,
                1,
                0
            ],
            [
                5,
                2,
                2,
                0
            ],
            [
                5,
                2,
                1,
                0
            ],
            [
                6,
                2,
                1,
                0
            ],
            [
                6,
                3,
                28,
                14
            ],
            [
                6,
                2,
                2,
                0
            ],
            [
                6,
                2,
                1,
                0
            ],
            [
                6,
                3,
                17,
                3
            ],
            [
                6,
                3,
                13,
                0
            ],
            [
                7,
                3,
                15,
                1
            ],
            [
                7,
                2,
                0,
                0
            ],
            [
                7,
                3,
                43,
                29
            ],
            [
                7,
                3,
                28,
                14
            ],
            [
                7,
                4,
                33,
                5
            ],
            [
                7,
                4,
                44,
                16
            ],
            [
                7,
                3,
                43,
                29
            ],
            [
                7,
                2,
                2,
                0
            ],
            [
                7,
                3,
                43,
                29
            ],
            [
                7,
                3,
                12,
                0
            ],
            [
                7,
                3,
                28,
                14
            ],
            [
                7,
                2,
                2,
                0
            ],
            [
                7,
                4,
                44,
                16
            ],
            [
                8,
                2,
                1,
                0
            ],
            [
                8,
                3,
                42,
                28
            ],
            [
                8,
                2,
                1,
                0
            ],
            [
                8,
                2,
                4,
                0
            ],
            [
                8,
                4,
                29,
                1
            ],
            [
                8,
                3,
                15,
                1
            ],
            [
                8,
                4,
                48,
                20
            ],
            [
                8,
                4,
                43,
                15
            ],
            [
                8,
                4,
                48,
                20
            ],
            [
                8,
                4,
                32,
                4
            ],
            [
                9,
                2,
                3,
                0
            ],
            [
                9,
                2,
                3,
                0
            ],
            [
                9,
                4,
                28,
                0
            ],
            [
                9,
                3,
                24,
                10
            ],
            [
                9,
                4,
                10,
                0
            ],
            [
                9,
                2,
                4,
                0
            ],
            [
                9,
                4,
                33,
                5
            ],
            [
                9,
                4,
                33,
                5
            ],
            [
                9,
                2,
                3,
                0
            ],
            [
                9,
                3,
                28,
                14
            ],
            [
                9,
                3,
                41,
                27
            ],
            [
                9,
                3,
                41,
                27
            ],
            [
                9,
                3,
                41,
                27
            ],
            [
                9,
                3,
                41,
                27
            ],
            [
                9,
                2,
                3,
                0
            ],
            [
                10,
                3,
                21,
                7
            ],
            [
                10,
                4,
                31,
                3
            ],
            [
                10,
                4,
                46,
                18
            ],
            [
                11,
                2,
                1,
                0
            ],
            [
                11,
                2,
                0,
                0
            ],
            [
                11,
                3,
                23,
                9
            ],
            [
                11,
                2,
                2,
                0
            ],
            [
                11,
                3,
                9,
                0
            ],
            [
                11,
                4,
                45,
                17
            ],
            [
                11,
                4,
                59,
                31
            ],
            [
                11,
                3,
                22,
                8
            ],
            [
                11,
                2,
                0,
                0
            ],
            [
                11,
                4,
                45,
                17
            ],
            [
                11,
                4,
                45,
                17
            ],
            [
                11,
                4,
                30,
                2
            ],
            [
                12,
                2,
                0,
                0
            ],
            [
                12,
                4,
                48,
                20
            ],
            [
                12,
                4,
                44,
                16
            ],
            [
                12,
                2,
                1,
                0
            ],
            [
                12,
                3,
                19,
                5
            ],
            [
                12,
                2,
                1,
                0
            ],
            [
                12,
                2,
                1,
                0
            ],
            [
                12,
                4,
                29,
                1
            ],
            [
                12,
                4,
                43,
                15
            ],
            [
                12,
                4,
                30,
                2
            ],
            [
                12,
                4,
                29,
                1
            ],
            [
                12,
                4,
                56,
                28
            ],
            [
                12,
                4,
                29,
                1
            ],
            [
                13,
                4,
                29,
                1
            ],
            [
                13,
                2,
                1,
                0
            ],
            [
                13,
                4,
                29,
                1
            ],
            [
                13,
                2,
                0,
                0
            ],
            [
                13,
                2,
                0,
                0
            ],
            [
                13,
                2,
                0,
                0
            ],
            [
                13,
                3,
                36,
                22
            ],
            [
                13,
                3,
                36,
                22
            ],
            [
                13,
                3,
                35,
                21
            ],
            [
                14,
                3,
                35,
                21
            ],
            [
                14,
                3,
                35,
                21
            ],
            [
                14,
                2,
                0,
                0
            ],
            [
                14,
                2,
                4,
                0
            ],
            [
                14,
                2,
                0,
                0
            ],
            [
                14,
                2,
                0,
                0
            ],
            [
                14,
                2,
                4,
                0
            ],
            [
                14,
                2,
                0,
                0
            ],
            [
                14,
                2,
                0,
                0
            ],
            [
                15,
                2,
                0,
                0
            ],
            [
                15,
                3,
                32,
                18
            ],
            [
                15,
                3,
                18,
                4
            ],
            [
                15,
                4,
                44,
                16
            ],
            [
                15,
                2,
                1,
                0
            ],
            [
                15,
                2,
                1,
                0
            ],
            [
                16,
                3,
                16,
                2
            ],
            [
                16,
                3,
                34,
                20
            ],
            [
                16,
                2,
                2,
                0
            ],
            [
                16,
                2,
                2,
                0
            ],
            [
                16,
                3,
                16,
                2
            ],
            [
                16,
                3,
                15,
                1
            ],
            [
                17,
                3,
                36,
                22
            ],
            [
                17,
                4,
                42,
                14
            ],
            [
                17,
                3,
                20,
                6
            ],
            [
                17,
                4,
                44,
                16
            ],
            [
                17,
                2,
                1,
                0
            ],
            [
                17,
                3,
                35,
                21
            ],
            [
                17,
                2,
                1,
                0
            ],
            [
                17,
                3,
                33,
                19
            ],
            [
                17,
                2,
                0,
                0
            ],
            [
                17,
                3,
                15,
                1
            ],
            [
                17,
                4,
                14,
                0
            ],
            [
                17,
                2,
                2,
                0
            ],
            [
                18,
                2,
                0,
                0
            ],
            [
                18,
                4,
                28,
                0
            ],
            [
                18,
                3,
                34,
                20
            ],
            [
                18,
                3,
                35,
                21
            ],
            [
                18,
                3,
                29,
                15
            ],
            [
                18,
                3,
                36,
                22
            ],
            [
                18,
                3,
                15,
                1
            ],
            [
                18,
                3,
                32,
                18
            ],
            [
                19,
                3,
                34,
                20
            ],
            [
                19,
                2,
                0,
                0
            ],
            [
                19,
                3,
                17,
                3
            ],
            [
                19,
                3,
                35,
                21
            ],
            [
                19,
                2,
                4,
                0
            ],
            [
                19,
                3,
                33,
                19
            ],
            [
                19,
                3,
                20,
                6
            ],
            [
                19,
                4,
                14,
                0
            ],
            [
                19,
                2,
                3,
                0
            ],
            [
                19,
                4,
                27,
                0
            ],
            [
                19,
                4,
                41,
                13
            ],
            [
                19,
                3,
                34,
                20
            ],
            [
                19,
                2,
                0,
                0
            ],
            [
                20,
                4,
                39,
                11
            ],
            [
                20,
                2,
                0,
                0
            ],
            [
                20,
                4,
                35,
                7
            ],
            [
                20,
                3,
                15,
                1
            ],
            [
                20,
                1,
                0,
                0
            ],
            [
                20,
                3,
                24,
                10
            ],
            [
                20,
                3,
                15,
                1
            ],
            [
                20,
                3,
                32,
                18
            ],
            [
                20,
                2,
                0,
                0
            ],
            [
                20,
                2,
                2,
                0
            ],
            [
                20,
                2,
                1,
                0
            ],
            [
                20,
                3,
                31,
                17
            ],
            [
                20,
                3,
                16,
                2
            ],
            [
                20,
                3,
                32,
                18
            ],
            [
                20,
                3,
                18,
                4
            ],
            [
                20,
                4,
                39,
                11
            ],
            [
                20,
                4,
                39,
                11
            ],
            [
                21,
                3,
                31,
                17
            ],
            [
                21,
                2,
                2,
                0
            ],
            [
                21,
                3,
                20,
                6
            ],
            [
                21,
                3,
                29,
                15
            ],
            [
                21,
                4,
                38,
                10
            ],
            [
                21,
                2,
                0,
                0
            ],
            [
                21,
                3,
                31,
                17
            ],
            [
                21,
                4,
                38,
                10
            ],
            [
                21,
                4,
                38,
                10
            ],
            [
                21,
                2,
                2,
                0
            ],
            [
                22,
                4,
                37,
                9
            ],
            [
                22,
                2,
                1,
                0
            ],
            [
                22,
                4,
                37,
                9
            ],
            [
                22,
                4,
                37,
                9
            ],
            [
                22,
                4,
                37,
                9
            ],
            [
                22,
                4,
                37,
                9
            ],
            [
                22,
                4,
                37,
                9
            ],
            [
                22,
                4,
                36,
                8
            ],
            [
                22,
                4,
                37,
                9
            ],
            [
                22,
                3,
                29,
                15
            ],
            [
                22,
                2,
                1,
                0
            ],
            [
                22,
                2,
                1,
                0
            ],
            [
                22,
                3,
                13,
                0
            ],
            [
                23,
                4,
                25,
                0
            ],
            [
                23,
                3,
                33,
                19
            ],
            [
                23,
                3,
                33,
                19
            ],
            [
                23,
                3,
                32,
                18
            ],
            [
                23,
                4,
                40,
                12
            ],
            [
                23,
                3,
                33,
                19
            ],
            [
                23,
                3,
                34,
                20
            ],
            [
                23,
                2,
                0,
                0
            ],
            [
                23,
                2,
                0,
                0
            ],
            [
                23,
                2,
                4,
                0
            ],
            [
                23,
                4,
                29,
                1
            ],
            [
                23,
                3,
                29,
                15
            ],
            [
                24,
                2,
                0,
                0
            ],
            [
                24,
                3,
                7,
                0
            ],
            [
                24,
                3,
                14,
                0
            ],
            [
                24,
                2,
                4,
                0
            ],
            [
                24,
                2,
                0,
                0
            ],
            [
                24,
                3,
                17,
                3
            ],
            [
                24,
                2,
                3,
                0
            ],
            [
                24,
                2,
                0,
                0
            ],
            [
                25,
                2,
                2,
                0
            ],
            [
                25,
                3,
                11,
                0
            ],
            [
                25,
                2,
                0,
                0
            ],
            [
                25,
                4,
                38,
                10
            ],
            [
                25,
                2,
                2,
                0
            ],
            [
                25,
                3,
                16,
                2
            ],
            [
                25,
                2,
                1,
                0
            ],
            [
                25,
                3,
                42,
                28
            ],
            [
                25,
                3,
                30,
                16
            ],
            [
                25,
                4,
                36,
                8
            ],
            [
                25,
                4,
                39,
                11
            ],
            [
                25,
                2,
                1,
                0
            ],
            [
                26,
                3,
                29,
                15
            ],
            [
                26,
                3,
                10,
                0
            ],
            [
                26,
                4,
                35,
                7
            ],
            [
                26,
                2,
                0,
                0
            ],
            [
                26,
                2,
                2,
                0
            ],
            [
                26,
                2,
                0,
                0
            ],
            [
                26,
                2,
                0,
                0
            ],
            [
                26,
                2,
                1,
                0
            ],
            [
                26,
                4,
                35,
                7
            ],
            [
                27,
                3,
                29,
                15
            ],
            [
                27,
                3,
                29,
                15
            ],
            [
                27,
                4,
                34,
                6
            ],
            [
                27,
                2,
                1,
                0
            ],
            [
                27,
                2,
                1,
                0
            ],
            [
                27,
                3,
                36,
                22
            ],
            [
                27,
                4,
                36,
                8
            ],
            [
                27,
                4,
                35,
                7
            ],
            [
                27,
                2,
                1,
                0
            ],
            [
                27,
                2,
                1,
                0
            ],
            [
                27,
                2,
                1,
                0
            ],
            [
                27,
                2,
                1,
                0
            ],
            [
                27,
                2,
                2,
                0
            ],
            [
                28,
                3,
                28,
                14
            ],
            [
                28,
                3,
                8,
                0
            ],
            [
                28,
                3,
                28,
                14
            ],
            [
                28,
                2,
                0,
                0
            ],
            [
                28,
                2,
                4,
                0
            ],
            [
                28,
                3,
                28,
                14
            ],
            [
                28,
                3,
                28,
                14
            ],
            [
                28,
                2,
                4,
                0
            ],
            [
                28,
                2,
                0,
                0
            ],
            [
                28,
                2,
                0,
                0
            ],
            [
                28,
                4,
                35,
                7
            ],
            [
                28,
                3,
                14,
                0
            ],
            [
                28,
                4,
                34,
                6
            ],
            [
                28,
                3,
                26,
                12
            ],
            [
                28,
                4,
                33,
                5
            ],
            [
                28,
                4,
                34,
                6
            ],
            [
                28,
                3,
                28,
                14
            ],
            [
                28,
                2,
                4,
                0
            ],
            [
                28,
                3,
                12,
                0
            ],
            [
                28,
                3,
                26,
                12
            ],
            [
                28,
                2,
                0,
                0
            ],
            [
                29,
                2,
                4,
                0
            ],
            [
                29,
                3,
                13,
                0
            ],
            [
                29,
                2,
                4,
                0
            ],
            [
                29,
                2,
                3,
                0
            ],
            [
                29,
                3,
                28,
                14
            ],
            [
                29,
                2,
                3,
                0
            ],
            [
                29,
                4,
                38,
                10
            ],
            [
                29,
                4,
                38,
                10
            ],
            [
                29,
                4,
                33,
                5
            ],
            [
                29,
                2,
                4,
                0
            ]
        ],
        "lWaitDayByPriority": [
            6433,
            0,
            161,
            3238,
            3034
        ],
        "objval": 2300.3625616807435,
        "std_occupancy": 1.7154656800327175
    },
    "runtime": 49587.62277150154,
    "simdays": 30,
    "solver": "static"
}