{
    "arrivalrate": 10.1,
    "ins_name": 117,
    "ins_path": "/home/tusan/projects/def-roussea5/tusan/software/RTSP-scheduling/data/7linacs_10.1_fluctuate/instances",
    "lNoNewPatients": [
        281,
        1,
        105,
        103,
        72
    ],
    "lNoPatients": [
        502,
        1,
        113,
        235,
        153
    ],
    "lNoSections": [
        3865,
        2,
        307,
        2141,
        1415
    ],
    "mipgap": 0.015346487716349902,
    "noLinacs": 7,
    "noSlotsPerDay": 120,
    "planningHorizon": 80,
    "runresult": {
        "avg_occupancy": 97.01984126984125,
        "feasibility": true,
        "lAvgLateDayByPriority": [
            3.2491103202846974,
            0.0,
            0.0,
            6.233009708737864,
            3.763888888888889
        ],
        "lAvgWaitDayByPriority": [
            15.423487544483987,
            0.0,
            1.4857142857142858,
            19.563106796116504,
            30.041666666666668
        ],
        "lLateDayByPriority": [
            913,
            0,
            0,
            642,
            271
        ],
        "lOccupancy": {
            "0": [
                0.0,
                0.0,
                0.0,
                0.0,
                0.0,
                0.0,
                0.0,
                0.0,
                0.0,
                0.0,
                0.0,
                0.0,
                0.0,
                0.0,
                0.0,
                0.0,
                0.0,
                0.0,
                0.0,
                0.0,
                0.0,
                0.0,
                0.0,
                0.0,
                0.0,
                0.7142857142857143,
                0.7142857142857143,
                0.0,
                0.0,
                0.0
            ],
            "1": [
                5.714285714285714,
                5.357142857142857,
                10.0,
                8.452380952380953,
                9.166666666666666,
                7.738095238095238,
                9.880952380952381,
                10.238095238095237,
                10.357142857142858,
                13.214285714285715,
                10.714285714285714,
                8.214285714285714,
                10.357142857142858,
                8.69047619047619,
                8.095238095238095,
                10.238095238095237,
                10.952380952380953,
                9.523809523809524,
                7.738095238095238,
                6.904761904761905,
                7.023809523809524,
                9.523809523809524,
                12.5,
                9.523809523809524,
                7.976190476190475,
                7.976190476190475,
                7.5,
                9.523809523809524,
                10.952380952380953,
                8.571428571428571
            ],
            "2": [
                54.166666666666664,
                53.095238095238095,
                53.095238095238095,
                52.023809523809526,
                52.73809523809524,
                54.166666666666664,
                56.904761904761905,
                57.738095238095234,
                58.92857142857143,
                58.57142857142858,
                60.476190476190474,
                61.78571428571429,
                61.42857142857143,
                59.404761904761905,
                60.71428571428571,
                58.92857142857143,
                58.57142857142858,
                63.45238095238095,
                63.69047619047619,
                63.21428571428571,
                64.52380952380953,
                62.023809523809526,
                57.38095238095238,
                61.07142857142858,
                59.88095238095238,
                61.30952380952381,
                63.8095238095238,
                64.52380952380953,
                65.23809523809524,
                64.40476190476191
            ],
            "3": [
                29.404761904761905,
                30.476190476190478,
                30.833333333333336,
                31.9047619047619,
                31.547619047619047,
                30.119047619047617,
                30.119047619047617,
                30.119047619047617,
                28.69047619047619,
                26.30952380952381,
                27.023809523809522,
                27.73809523809524,
                26.785714285714285,
                29.642857142857142,
                29.523809523809526,
                29.28571428571429,
                29.404761904761905,
                25.833333333333336,
                26.547619047619047,
                28.57142857142857,
                26.071428571428573,
                26.785714285714285,
                28.095238095238095,
                29.04761904761905,
                30.119047619047617,
                28.452380952380953,
                27.26190476190476,
                25.0,
                22.857142857142858,
                25.71428571428571
            ],
            "overall": [
                89.28571428571428,
                88.92857142857143,
                93.92857142857143,
                92.38095238095238,
                93.45238095238095,
                92.02380952380952,
                96.90476190476191,
                98.09523809523809,
                97.97619047619048,
                98.0952380952381,
                98.21428571428571,
                97.73809523809524,
                98.57142857142858,
                97.73809523809524,
                98.33333333333331,
                98.45238095238096,
                98.92857142857144,
                98.8095238095238,
                97.97619047619048,
                98.69047619047619,
                97.61904761904762,
                98.33333333333334,
                97.97619047619048,
                99.64285714285715,
                97.97619047619048,
                98.45238095238095,
                99.28571428571428,
                99.04761904761905,
                99.04761904761905,
                98.69047619047619
            ]
        },
        "lWaitAndOverdue": [
            [
                0,
                3,
                31,
                17
            ],
            [
                0,
                2,
                2,
                0
            ],
            [
                0,
                2,
                2,
                0
            ],
            [
                0,
                3,
                31,
                17
            ],
            [
                0,
                3,
                15,
                1
            ],
            [
                0,
                2,
                1,
                0
            ],
            [
                0,
                2,
                2,
                0
            ],
            [
                1,
                2,
                1,
                0
            ],
            [
                1,
                2,
                2,
                0
            ],
            [
                1,
                4,
                37,
                9
            ],
            [
                1,
                3,
                7,
                0
            ],
            [
                1,
                2,
                1,
                0
            ],
            [
                1,
                2,
                1,
                0
            ],
            [
                1,
                3,
                14,
                0
            ],
            [
                1,
                2,
                1,
                0
            ],
            [
                1,
                2,
                0,
                0
            ],
            [
                1,
                3,
                7,
                0
            ],
            [
                2,
                3,
                30,
                16
            ],
            [
                2,
                2,
                2,
                0
            ],
            [
                2,
                2,
                0,
                0
            ],
            [
                2,
                4,
                12,
                0
            ],
            [
                2,
                2,
                1,
                0
            ],
            [
                2,
                2,
                2,
                0
            ],
            [
                2,
                3,
                29,
                15
            ],
            [
                3,
                3,
                6,
                0
            ],
            [
                3,
                2,
                0,
                0
            ],
            [
                3,
                2,
                0,
                0
            ],
            [
                3,
                3,
                14,
                0
            ],
            [
                3,
                3,
                29,
                15
            ],
            [
                3,
                3,
                29,
                15
            ],
            [
                3,
                3,
                15,
                1
            ],
            [
                3,
                4,
                28,
                0
            ],
            [
                3,
                4,
                36,
                8
            ],
            [
                3,
                2,
                1,
                0
            ],
            [
                3,
                3,
                29,
                15
            ],
            [
                3,
                2,
                1,
                0
            ],
            [
                3,
                4,
                12,
                0
            ],
            [
                4,
                2,
                3,
                0
            ],
            [
                4,
                2,
                4,
                0
            ],
            [
                4,
                3,
                14,
                0
            ],
            [
                4,
                2,
                3,
                0
            ],
            [
                4,
                2,
                0,
                0
            ],
            [
                4,
                2,
                3,
                0
            ],
            [
                4,
                2,
                3,
                0
            ],
            [
                4,
                2,
                3,
                0
            ],
            [
                5,
                3,
                24,
                10
            ],
            [
                5,
                4,
                30,
                2
            ],
            [
                5,
                2,
                1,
                0
            ],
            [
                5,
                4,
                18,
                0
            ],
            [
                5,
                4,
                32,
                4
            ],
            [
                5,
                3,
                7,
                0
            ],
            [
                5,
                3,
                25,
                11
            ],
            [
                6,
                2,
                0,
                0
            ],
            [
                6,
                2,
                2,
                0
            ],
            [
                6,
                3,
                23,
                9
            ],
            [
                6,
                3,
                30,
                16
            ],
            [
                6,
                2,
                1,
                0
            ],
            [
                6,
                2,
                2,
                0
            ],
            [
                6,
                2,
                1,
                0
            ],
            [
                6,
                4,
                36,
                8
            ],
            [
                6,
                3,
                23,
                9
            ],
            [
                6,
                4,
                31,
                3
            ],
            [
                6,
                3,
                29,
                15
            ],
            [
                6,
                4,
                31,
                3
            ],
            [
                6,
                4,
                34,
                6
            ],
            [
                6,
                3,
                23,
                9
            ],
            [
                7,
                2,
                0,
                0
            ],
            [
                7,
                3,
                22,
                8
            ],
            [
                7,
                3,
                22,
                8
            ],
            [
                7,
                2,
                1,
                0
            ],
            [
                7,
                2,
                2,
                0
            ],
            [
                7,
                3,
                9,
                0
            ],
            [
                8,
                2,
                1,
                0
            ],
            [
                8,
                2,
                4,
                0
            ],
            [
                8,
                3,
                28,
                14
            ],
            [
                8,
                2,
                4,
                0
            ],
            [
                8,
                4,
                35,
                7
            ],
            [
                8,
                4,
                28,
                0
            ],
            [
                8,
                4,
                35,
                7
            ],
            [
                8,
                2,
                1,
                0
            ],
            [
                8,
                3,
                28,
                14
            ],
            [
                9,
                2,
                4,
                0
            ],
            [
                9,
                3,
                27,
                13
            ],
            [
                9,
                3,
                26,
                12
            ],
            [
                9,
                3,
                27,
                13
            ],
            [
                9,
                3,
                27,
                13
            ],
            [
                9,
                4,
                28,
                0
            ],
            [
                9,
                3,
                27,
                13
            ],
            [
                9,
                2,
                4,
                0
            ],
            [
                10,
                2,
                0,
                0
            ],
            [
                10,
                3,
                24,
                10
            ],
            [
                10,
                3,
                8,
                0
            ],
            [
                10,
                4,
                30,
                2
            ],
            [
                10,
                2,
                1,
                0
            ],
            [
                11,
                2,
                1,
                0
            ],
            [
                11,
                3,
                24,
                10
            ],
            [
                11,
                3,
                10,
                0
            ],
            [
                11,
                4,
                34,
                6
            ],
            [
                11,
                4,
                30,
                2
            ],
            [
                11,
                2,
                1,
                0
            ],
            [
                11,
                2,
                1,
                0
            ],
            [
                11,
                2,
                1,
                0
            ],
            [
                11,
                2,
                1,
                0
            ],
            [
                11,
                2,
                2,
                0
            ],
            [
                11,
                2,
                2,
                0
            ],
            [
                12,
                3,
                23,
                9
            ],
            [
                12,
                2,
                1,
                0
            ],
            [
                12,
                2,
                0,
                0
            ],
            [
                12,
                3,
                8,
                0
            ],
            [
                12,
                3,
                15,
                1
            ],
            [
                12,
                3,
                15,
                1
            ],
            [
                12,
                2,
                2,
                0
            ],
            [
                13,
                3,
                22,
                8
            ],
            [
                13,
                3,
                22,
                8
            ],
            [
                13,
                4,
                25,
                0
            ],
            [
                13,
                4,
                35,
                7
            ],
            [
                13,
                3,
                21,
                7
            ],
            [
                13,
                2,
                1,
                0
            ],
            [
                13,
                3,
                22,
                8
            ],
            [
                13,
                3,
                14,
                0
            ],
            [
                13,
                3,
                22,
                8
            ],
            [
                14,
                2,
                3,
                0
            ],
            [
                14,
                4,
                34,
                6
            ],
            [
                14,
                2,
                0,
                0
            ],
            [
                14,
                3,
                21,
                7
            ],
            [
                14,
                2,
                3,
                0
            ],
            [
                14,
                2,
                4,
                0
            ],
            [
                14,
                4,
                28,
                0
            ],
            [
                15,
                3,
                16,
                2
            ],
            [
                15,
                4,
                32,
                4
            ],
            [
                15,
                4,
                32,
                4
            ],
            [
                15,
                4,
                32,
                4
            ],
            [
                15,
                4,
                32,
                4
            ],
            [
                15,
                2,
                1,
                0
            ],
            [
                15,
                2,
                2,
                0
            ],
            [
                15,
                4,
                32,
                4
            ],
            [
                15,
                3,
                14,
                0
            ],
            [
                15,
                4,
                11,
                0
            ],
            [
                15,
                2,
                0,
                0
            ],
            [
                15,
                4,
                32,
                4
            ],
            [
                15,
                4,
                32,
                4
            ],
            [
                15,
                2,
                0,
                0
            ],
            [
                16,
                3,
                14,
                0
            ],
            [
                16,
                3,
                23,
                9
            ],
            [
                16,
                3,
                23,
                9
            ],
            [
                16,
                3,
                23,
                9
            ],
            [
                16,
                3,
                23,
                9
            ],
            [
                16,
                2,
                1,
                0
            ],
            [
                16,
                3,
                14,
                0
            ],
            [
                16,
                4,
                36,
                8
            ],
            [
                16,
                4,
                36,
                8
            ],
            [
                16,
                2,
                2,
                0
            ],
            [
                16,
                2,
                0,
                0
            ],
            [
                16,
                3,
                17,
                3
            ],
            [
                16,
                2,
                0,
                0
            ],
            [
                17,
                3,
                15,
                1
            ],
            [
                17,
                4,
                36,
                8
            ],
            [
                17,
                4,
                40,
                12
            ],
            [
                17,
                3,
                14,
                0
            ],
            [
                17,
                2,
                2,
                0
            ],
            [
                17,
                4,
                37,
                9
            ],
            [
                17,
                4,
                36,
                8
            ],
            [
                17,
                4,
                21,
                0
            ],
            [
                17,
                2,
                1,
                0
            ],
            [
                17,
                4,
                36,
                8
            ],
            [
                17,
                4,
                36,
                8
            ],
            [
                17,
                2,
                0,
                0
            ],
            [
                17,
                3,
                13,
                0
            ],
            [
                17,
                2,
                0,
                0
            ],
            [
                17,
                2,
                1,
                0
            ],
            [
                17,
                4,
                36,
                8
            ],
            [
                18,
                4,
                35,
                7
            ],
            [
                18,
                4,
                36,
                8
            ],
            [
                18,
                4,
                36,
                8
            ],
            [
                18,
                4,
                40,
                12
            ],
            [
                18,
                4,
                36,
                8
            ],
            [
                18,
                4,
                22,
                0
            ],
            [
                18,
                2,
                0,
                0
            ],
            [
                18,
                4,
                36,
                8
            ],
            [
                18,
                2,
                0,
                0
            ],
            [
                19,
                2,
                3,
                0
            ],
            [
                19,
                2,
                3,
                0
            ],
            [
                19,
                3,
                21,
                7
            ],
            [
                19,
                3,
                21,
                7
            ],
            [
                19,
                3,
                21,
                7
            ],
            [
                19,
                3,
                21,
                7
            ],
            [
                19,
                3,
                21,
                7
            ],
            [
                20,
                2,
                1,
                0
            ],
            [
                20,
                2,
                2,
                0
            ],
            [
                20,
                2,
                0,
                0
            ],
            [
                20,
                2,
                1,
                0
            ],
            [
                20,
                2,
                2,
                0
            ],
            [
                20,
                2,
                1,
                0
            ],
            [
                21,
                2,
                0,
                0
            ],
            [
                21,
                2,
                2,
                0
            ],
            [
                21,
                3,
                22,
                8
            ],
            [
                21,
                3,
                15,
                1
            ],
            [
                21,
                4,
                34,
                6
            ],
            [
                21,
                2,
                0,
                0
            ],
            [
                21,
                2,
                1,
                0
            ],
            [
                21,
                3,
                15,
                1
            ],
            [
                21,
                3,
                21,
                7
            ],
            [
                22,
                2,
                0,
                0
            ],
            [
                22,
                2,
                1,
                0
            ],
            [
                22,
                3,
                12,
                0
            ],
            [
                22,
                3,
                13,
                0
            ],
            [
                22,
                3,
                22,
                8
            ],
            [
                22,
                4,
                33,
                5
            ],
            [
                22,
                3,
                13,
                0
            ],
            [
                22,
                4,
                33,
                5
            ],
            [
                22,
                2,
                2,
                0
            ],
            [
                22,
                3,
                22,
                8
            ],
            [
                22,
                2,
                2,
                0
            ],
            [
                22,
                3,
                22,
                8
            ],
            [
                22,
                2,
                0,
                0
            ],
            [
                22,
                3,
                13,
                0
            ],
            [
                22,
                4,
                12,
                0
            ],
            [
                23,
                2,
                4,
                0
            ],
            [
                23,
                2,
                4,
                0
            ],
            [
                23,
                4,
                32,
                4
            ],
            [
                23,
                3,
                21,
                7
            ],
            [
                23,
                3,
                21,
                7
            ],
            [
                23,
                3,
                20,
                6
            ],
            [
                23,
                3,
                21,
                7
            ],
            [
                24,
                3,
                12,
                0
            ],
            [
                24,
                3,
                20,
                6
            ],
            [
                24,
                3,
                21,
                7
            ],
            [
                24,
                2,
                4,
                0
            ],
            [
                24,
                3,
                12,
                0
            ],
            [
                24,
                3,
                20,
                6
            ],
            [
                24,
                2,
                3,
                0
            ],
            [
                24,
                3,
                20,
                6
            ],
            [
                24,
                3,
                14,
                0
            ],
            [
                24,
                4,
                10,
                0
            ],
            [
                24,
                2,
                0,
                0
            ],
            [
                25,
                4,
                28,
                0
            ],
            [
                25,
                4,
                30,
                2
            ],
            [
                25,
                3,
                22,
                8
            ],
            [
                25,
                2,
                1,
                0
            ],
            [
                25,
                4,
                30,
                2
            ],
            [
                25,
                2,
                2,
                0
            ],
            [
                25,
                4,
                30,
                2
            ],
            [
                25,
                3,
                29,
                15
            ],
            [
                25,
                1,
                0,
                0
            ],
            [
                25,
                3,
                14,
                0
            ],
            [
                25,
                3,
                10,
                0
            ],
            [
                25,
                3,
                23,
                9
            ],
            [
                25,
                2,
                2,
                0
            ],
            [
                25,
                2,
                1,
                0
            ],
            [
                25,
                2,
                2,
                0
            ],
            [
                25,
                3,
                18,
                4
            ],
            [
                26,
                3,
                24,
                10
            ],
            [
                26,
                3,
                22,
                8
            ],
            [
                26,
                3,
                22,
                8
            ],
            [
                26,
                4,
                30,
                2
            ],
            [
                26,
                4,
                30,
                2
            ],
            [
                26,
                3,
                23,
                9
            ],
            [
                27,
                2,
                1,
                0
            ],
            [
                27,
                3,
                12,
                0
            ],
            [
                27,
                3,
                16,
                2
            ],
            [
                27,
                4,
                29,
                1
            ],
            [
                27,
                2,
                2,
                0
            ],
            [
                27,
                3,
                23,
                9
            ],
            [
                27,
                4,
                29,
                1
            ],
            [
                27,
                4,
                29,
                1
            ],
            [
                28,
                2,
                0,
                0
            ],
            [
                28,
                4,
                29,
                1
            ],
            [
                28,
                2,
                0,
                0
            ],
            [
                28,
                4,
                28,
                0
            ],
            [
                28,
                4,
                28,
                0
            ],
            [
                28,
                4,
                28,
                0
            ],
            [
                28,
                4,
                29,
                1
            ],
            [
                29,
                4,
                28,
                0
            ],
            [
                29,
                4,
                28,
                0
            ],
            [
                29,
                4,
                28,
                0
            ],
            [
                29,
                3,
                21,
                7
            ],
            [
                29,
                2,
                4,
                0
            ],
            [
                29,
                2,
                4,
                0
            ],
            [
                29,
                3,
                11,
                0
            ],
            [
                29,
                4,
                13,
                0
            ],
            [
                29,
                3,
                21,
                7
            ]
        ],
        "lWaitDayByPriority": [
            4334,
            0,
            156,
            2015,
            2163
        ],
        "objval": 2274.4588149175524,
        "std_occupancy": 2.8605276467353846
    },
    "runtime": 54048.07224059105,
    "simdays": 30,
    "solver": "static"
}