{
    "arrivalrate": 10.1,
    "ins_name": 275,
    "ins_path": "/home/tusan/projects/def-roussea5/tusan/software/RTSP-scheduling/data/7linacs_10.1_fluctuate/instances",
    "lNoNewPatients": [
        302,
        1,
        112,
        109,
        80
    ],
    "lNoPatients": [
        547,
        1,
        130,
        252,
        164
    ],
    "lNoSections": [
        4199,
        2,
        342,
        2297,
        1558
    ],
    "mipgap": 0.02530005556035627,
    "noLinacs": 7,
    "noSlotsPerDay": 120,
    "planningHorizon": 80,
    "runresult": {
        "avg_occupancy": 97.21031746031746,
        "feasibility": true,
        "lAvgLateDayByPriority": [
            7.245033112582782,
            0.0,
            0.0,
            13.412844036697248,
            9.075
        ],
        "lAvgWaitDayByPriority": [
            19.711920529801326,
            0.0,
            1.3928571428571428,
            26.834862385321102,
            35.9
        ],
        "lLateDayByPriority": [
            2188,
            0,
            0,
            1462,
            726
        ],
        "lOccupancy": {
            "0": [
                0.0,
                0.0,
                0.0,
                0.0,
                0.0,
                0.0,
                0.0,
                0.0,
                0.0,
                0.0,
                0.0,
                0.0,
                0.0,
                0.0,
                0.0,
                0.0,
                0.0,
                0.0,
                0.0,
                0.0,
                0.7142857142857143,
                0.7142857142857143,
                0.0,
                0.0,
                0.0,
                0.0,
                0.0,
                0.0,
                0.0,
                0.0
            ],
            "1": [
                8.571428571428571,
                10.238095238095237,
                11.666666666666666,
                10.595238095238095,
                10.952380952380953,
                16.30952380952381,
                14.285714285714285,
                14.047619047619047,
                13.80952380952381,
                8.095238095238095,
                10.238095238095237,
                8.928571428571429,
                6.071428571428571,
                5.119047619047619,
                14.166666666666666,
                11.190476190476192,
                12.142857142857142,
                9.404761904761905,
                9.523809523809524,
                7.142857142857142,
                6.785714285714286,
                11.666666666666666,
                10.357142857142858,
                11.071428571428571,
                9.285714285714286,
                6.071428571428571,
                4.404761904761905,
                5.119047619047619,
                7.023809523809524,
                11.666666666666666
            ],
            "2": [
                54.166666666666664,
                53.80952380952381,
                51.3095238095238,
                52.976190476190474,
                52.73809523809524,
                53.333333333333336,
                53.80952380952381,
                53.80952380952381,
                54.047619047619044,
                60.0,
                59.285714285714285,
                62.023809523809526,
                62.73809523809524,
                61.904761904761905,
                55.952380952380956,
                57.85714285714286,
                56.666666666666664,
                63.8095238095238,
                63.33333333333333,
                62.142857142857146,
                64.40476190476191,
                58.80952380952381,
                58.333333333333336,
                56.904761904761905,
                59.285714285714285,
                62.61904761904762,
                64.64285714285715,
                63.8095238095238,
                61.78571428571429,
                57.738095238095234
            ],
            "3": [
                29.88095238095238,
                30.5952380952381,
                32.5,
                30.5952380952381,
                30.5952380952381,
                30.0,
                30.119047619047617,
                30.119047619047617,
                30.0,
                29.642857142857142,
                27.61904761904762,
                25.952380952380956,
                25.952380952380956,
                28.214285714285715,
                28.214285714285715,
                28.57142857142857,
                28.69047619047619,
                24.523809523809522,
                26.547619047619047,
                28.095238095238095,
                23.92857142857143,
                26.785714285714285,
                27.976190476190478,
                29.642857142857142,
                30.357142857142854,
                30.476190476190478,
                30.357142857142854,
                29.761904761904763,
                29.166666666666668,
                30.0
            ],
            "overall": [
                92.61904761904762,
                94.64285714285715,
                95.47619047619047,
                94.16666666666667,
                94.28571428571429,
                99.64285714285714,
                98.21428571428572,
                97.97619047619048,
                97.85714285714286,
                97.73809523809524,
                97.14285714285714,
                96.9047619047619,
                94.76190476190476,
                95.23809523809524,
                98.33333333333334,
                97.61904761904762,
                97.5,
                97.73809523809523,
                99.4047619047619,
                97.38095238095238,
                95.83333333333334,
                97.97619047619048,
                96.66666666666667,
                97.61904761904762,
                98.92857142857142,
                99.16666666666667,
                99.40476190476193,
                98.69047619047618,
                97.97619047619048,
                99.4047619047619
            ]
        },
        "lWaitAndOverdue": [
            [
                0,
                3,
                44,
                30
            ],
            [
                0,
                3,
                8,
                0
            ],
            [
                0,
                4,
                30,
                2
            ],
            [
                0,
                4,
                37,
                9
            ],
            [
                0,
                2,
                2,
                0
            ],
            [
                0,
                3,
                44,
                30
            ],
            [
                0,
                2,
                1,
                0
            ],
            [
                0,
                4,
                11,
                0
            ],
            [
                1,
                2,
                0,
                0
            ],
            [
                1,
                2,
                1,
                0
            ],
            [
                1,
                3,
                10,
                0
            ],
            [
                1,
                2,
                2,
                0
            ],
            [
                1,
                2,
                1,
                0
            ],
            [
                1,
                2,
                2,
                0
            ],
            [
                1,
                2,
                1,
                0
            ],
            [
                1,
                2,
                0,
                0
            ],
            [
                1,
                3,
                29,
                15
            ],
            [
                1,
                4,
                35,
                7
            ],
            [
                1,
                2,
                1,
                0
            ],
            [
                1,
                4,
                10,
                0
            ],
            [
                2,
                4,
                35,
                7
            ],
            [
                2,
                3,
                9,
                0
            ],
            [
                2,
                3,
                43,
                29
            ],
            [
                2,
                2,
                0,
                0
            ],
            [
                2,
                2,
                2,
                0
            ],
            [
                2,
                3,
                43,
                29
            ],
            [
                2,
                3,
                43,
                29
            ],
            [
                2,
                2,
                0,
                0
            ],
            [
                2,
                2,
                1,
                0
            ],
            [
                2,
                2,
                0,
                0
            ],
            [
                2,
                4,
                49,
                21
            ],
            [
                2,
                3,
                9,
                0
            ],
            [
                2,
                4,
                43,
                15
            ],
            [
                3,
                3,
                42,
                28
            ],
            [
                3,
                4,
                43,
                15
            ],
            [
                3,
                4,
                32,
                4
            ],
            [
                3,
                3,
                27,
                13
            ],
            [
                3,
                2,
                1,
                0
            ],
            [
                3,
                3,
                29,
                15
            ],
            [
                3,
                3,
                36,
                22
            ],
            [
                3,
                2,
                0,
                0
            ],
            [
                3,
                2,
                4,
                0
            ],
            [
                3,
                3,
                8,
                0
            ],
            [
                3,
                2,
                4,
                0
            ],
            [
                4,
                2,
                3,
                0
            ],
            [
                4,
                3,
                41,
                27
            ],
            [
                4,
                2,
                0,
                0
            ],
            [
                4,
                4,
                46,
                18
            ],
            [
                4,
                4,
                32,
                4
            ],
            [
                4,
                4,
                45,
                17
            ],
            [
                4,
                2,
                4,
                0
            ],
            [
                4,
                3,
                41,
                27
            ],
            [
                4,
                2,
                3,
                0
            ],
            [
                4,
                3,
                42,
                28
            ],
            [
                4,
                3,
                35,
                21
            ],
            [
                4,
                3,
                41,
                27
            ],
            [
                5,
                3,
                39,
                25
            ],
            [
                5,
                4,
                31,
                3
            ],
            [
                5,
                3,
                39,
                25
            ],
            [
                5,
                2,
                1,
                0
            ],
            [
                5,
                2,
                0,
                0
            ],
            [
                5,
                3,
                39,
                25
            ],
            [
                5,
                3,
                8,
                0
            ],
            [
                5,
                4,
                31,
                3
            ],
            [
                5,
                2,
                2,
                0
            ],
            [
                5,
                2,
                2,
                0
            ],
            [
                5,
                3,
                39,
                25
            ],
            [
                5,
                3,
                17,
                3
            ],
            [
                5,
                4,
                46,
                18
            ],
            [
                6,
                4,
                30,
                2
            ],
            [
                6,
                2,
                0,
                0
            ],
            [
                6,
                2,
                2,
                0
            ],
            [
                6,
                2,
                2,
                0
            ],
            [
                6,
                2,
                1,
                0
            ],
            [
                6,
                2,
                1,
                0
            ],
            [
                6,
                2,
                0,
                0
            ],
            [
                6,
                3,
                28,
                14
            ],
            [
                6,
                2,
                1,
                0
            ],
            [
                6,
                2,
                2,
                0
            ],
            [
                6,
                3,
                15,
                1
            ],
            [
                7,
                3,
                8,
                0
            ],
            [
                7,
                3,
                14,
                0
            ],
            [
                7,
                2,
                0,
                0
            ],
            [
                7,
                3,
                37,
                23
            ],
            [
                7,
                3,
                28,
                14
            ],
            [
                7,
                4,
                33,
                5
            ],
            [
                7,
                4,
                48,
                20
            ],
            [
                7,
                3,
                34,
                20
            ],
            [
                7,
                2,
                1,
                0
            ],
            [
                7,
                3,
                37,
                23
            ],
            [
                7,
                3,
                23,
                9
            ],
            [
                7,
                3,
                28,
                14
            ],
            [
                8,
                2,
                0,
                0
            ],
            [
                8,
                4,
                42,
                14
            ],
            [
                8,
                2,
                0,
                0
            ],
            [
                8,
                3,
                36,
                22
            ],
            [
                8,
                2,
                0,
                0
            ],
            [
                8,
                2,
                4,
                0
            ],
            [
                8,
                4,
                29,
                1
            ],
            [
                8,
                3,
                28,
                14
            ],
            [
                9,
                4,
                46,
                18
            ],
            [
                9,
                4,
                41,
                13
            ],
            [
                9,
                4,
                46,
                18
            ],
            [
                9,
                4,
                31,
                3
            ],
            [
                9,
                2,
                3,
                0
            ],
            [
                9,
                2,
                4,
                0
            ],
            [
                10,
                4,
                29,
                1
            ],
            [
                10,
                3,
                21,
                7
            ],
            [
                10,
                4,
                11,
                0
            ],
            [
                10,
                2,
                1,
                0
            ],
            [
                10,
                4,
                45,
                17
            ],
            [
                10,
                4,
                45,
                17
            ],
            [
                10,
                2,
                2,
                0
            ],
            [
                10,
                3,
                25,
                11
            ],
            [
                10,
                3,
                32,
                18
            ],
            [
                10,
                3,
                35,
                21
            ],
            [
                10,
                3,
                36,
                22
            ],
            [
                10,
                3,
                32,
                18
            ],
            [
                10,
                2,
                2,
                0
            ],
            [
                10,
                3,
                21,
                7
            ],
            [
                11,
                4,
                44,
                16
            ],
            [
                11,
                4,
                44,
                16
            ],
            [
                11,
                2,
                0,
                0
            ],
            [
                11,
                2,
                2,
                0
            ],
            [
                11,
                3,
                30,
                16
            ],
            [
                11,
                2,
                2,
                0
            ],
            [
                11,
                3,
                21,
                7
            ],
            [
                11,
                4,
                44,
                16
            ],
            [
                11,
                4,
                56,
                28
            ],
            [
                12,
                3,
                16,
                2
            ],
            [
                12,
                2,
                1,
                0
            ],
            [
                12,
                4,
                44,
                16
            ],
            [
                12,
                4,
                44,
                16
            ],
            [
                12,
                4,
                27,
                0
            ],
            [
                12,
                2,
                0,
                0
            ],
            [
                12,
                4,
                44,
                16
            ],
            [
                12,
                4,
                44,
                16
            ],
            [
                12,
                2,
                2,
                0
            ],
            [
                13,
                3,
                20,
                6
            ],
            [
                13,
                2,
                4,
                0
            ],
            [
                13,
                2,
                1,
                0
            ],
            [
                13,
                4,
                29,
                1
            ],
            [
                13,
                4,
                43,
                15
            ],
            [
                13,
                4,
                43,
                15
            ],
            [
                13,
                4,
                43,
                15
            ],
            [
                13,
                4,
                54,
                26
            ],
            [
                13,
                4,
                29,
                1
            ],
            [
                14,
                4,
                28,
                0
            ],
            [
                14,
                2,
                3,
                0
            ],
            [
                14,
                4,
                28,
                0
            ],
            [
                14,
                2,
                3,
                0
            ],
            [
                14,
                2,
                0,
                0
            ],
            [
                14,
                2,
                3,
                0
            ],
            [
                14,
                3,
                34,
                20
            ],
            [
                14,
                3,
                34,
                20
            ],
            [
                14,
                3,
                34,
                20
            ],
            [
                14,
                3,
                34,
                20
            ],
            [
                14,
                3,
                35,
                21
            ],
            [
                14,
                2,
                4,
                0
            ],
            [
                14,
                2,
                0,
                0
            ],
            [
                14,
                2,
                0,
                0
            ],
            [
                14,
                2,
                0,
                0
            ],
            [
                14,
                2,
                0,
                0
            ],
            [
                14,
                2,
                4,
                0
            ],
            [
                15,
                2,
                2,
                0
            ],
            [
                15,
                2,
                2,
                0
            ],
            [
                15,
                3,
                32,
                18
            ],
            [
                15,
                3,
                16,
                2
            ],
            [
                15,
                4,
                42,
                14
            ],
            [
                15,
                2,
                2,
                0
            ],
            [
                15,
                2,
                1,
                0
            ],
            [
                15,
                3,
                18,
                4
            ],
            [
                15,
                3,
                32,
                18
            ],
            [
                15,
                2,
                2,
                0
            ],
            [
                15,
                2,
                0,
                0
            ],
            [
                15,
                3,
                17,
                3
            ],
            [
                15,
                3,
                17,
                3
            ],
            [
                15,
                3,
                32,
                18
            ],
            [
                16,
                4,
                42,
                14
            ],
            [
                16,
                3,
                21,
                7
            ],
            [
                16,
                4,
                42,
                14
            ],
            [
                16,
                2,
                1,
                0
            ],
            [
                16,
                3,
                31,
                17
            ],
            [
                16,
                2,
                2,
                0
            ],
            [
                16,
                3,
                31,
                17
            ],
            [
                16,
                2,
                0,
                0
            ],
            [
                16,
                3,
                20,
                6
            ],
            [
                17,
                4,
                23,
                0
            ],
            [
                17,
                2,
                1,
                0
            ],
            [
                17,
                2,
                2,
                0
            ],
            [
                17,
                4,
                27,
                0
            ],
            [
                17,
                3,
                30,
                16
            ],
            [
                17,
                3,
                34,
                20
            ],
            [
                17,
                3,
                28,
                14
            ],
            [
                17,
                3,
                34,
                20
            ],
            [
                18,
                3,
                13,
                0
            ],
            [
                18,
                3,
                33,
                19
            ],
            [
                18,
                3,
                29,
                15
            ],
            [
                18,
                2,
                4,
                0
            ],
            [
                18,
                3,
                18,
                4
            ],
            [
                18,
                3,
                33,
                19
            ],
            [
                19,
                2,
                0,
                0
            ],
            [
                19,
                3,
                28,
                14
            ],
            [
                19,
                3,
                20,
                6
            ],
            [
                19,
                4,
                25,
                0
            ],
            [
                19,
                2,
                4,
                0
            ],
            [
                19,
                4,
                28,
                0
            ],
            [
                19,
                4,
                40,
                12
            ],
            [
                19,
                3,
                33,
                19
            ],
            [
                20,
                2,
                0,
                0
            ],
            [
                20,
                4,
                37,
                9
            ],
            [
                20,
                2,
                1,
                0
            ],
            [
                20,
                4,
                30,
                2
            ],
            [
                20,
                3,
                15,
                1
            ],
            [
                20,
                1,
                0,
                0
            ],
            [
                20,
                3,
                17,
                3
            ],
            [
                20,
                3,
                14,
                0
            ],
            [
                21,
                3,
                30,
                16
            ],
            [
                21,
                2,
                2,
                0
            ],
            [
                21,
                2,
                0,
                0
            ],
            [
                21,
                2,
                0,
                0
            ],
            [
                21,
                3,
                24,
                10
            ],
            [
                21,
                3,
                15,
                1
            ],
            [
                21,
                3,
                31,
                17
            ],
            [
                21,
                3,
                30,
                16
            ],
            [
                21,
                4,
                37,
                9
            ],
            [
                21,
                4,
                37,
                9
            ],
            [
                21,
                3,
                29,
                15
            ],
            [
                21,
                2,
                0,
                0
            ],
            [
                22,
                3,
                20,
                6
            ],
            [
                22,
                3,
                23,
                9
            ],
            [
                22,
                4,
                37,
                9
            ],
            [
                22,
                2,
                1,
                0
            ],
            [
                22,
                3,
                30,
                16
            ],
            [
                22,
                4,
                37,
                9
            ],
            [
                22,
                4,
                37,
                9
            ],
            [
                22,
                2,
                0,
                0
            ],
            [
                22,
                4,
                37,
                9
            ],
            [
                22,
                2,
                2,
                0
            ],
            [
                22,
                4,
                37,
                9
            ],
            [
                22,
                4,
                37,
                9
            ],
            [
                22,
                4,
                37,
                9
            ],
            [
                23,
                4,
                40,
                12
            ],
            [
                23,
                4,
                36,
                8
            ],
            [
                23,
                4,
                36,
                8
            ],
            [
                23,
                4,
                36,
                8
            ],
            [
                23,
                3,
                26,
                12
            ],
            [
                23,
                2,
                0,
                0
            ],
            [
                23,
                2,
                1,
                0
            ],
            [
                23,
                3,
                12,
                0
            ],
            [
                24,
                4,
                13,
                0
            ],
            [
                24,
                3,
                31,
                17
            ],
            [
                24,
                3,
                28,
                14
            ],
            [
                24,
                3,
                28,
                14
            ],
            [
                24,
                4,
                39,
                11
            ],
            [
                24,
                3,
                28,
                14
            ],
            [
                25,
                3,
                29,
                15
            ],
            [
                25,
                2,
                0,
                0
            ],
            [
                25,
                2,
                1,
                0
            ],
            [
                25,
                2,
                0,
                0
            ],
            [
                25,
                4,
                11,
                0
            ],
            [
                25,
                3,
                28,
                14
            ],
            [
                26,
                2,
                2,
                0
            ],
            [
                26,
                3,
                9,
                0
            ],
            [
                26,
                3,
                27,
                13
            ],
            [
                26,
                2,
                2,
                0
            ],
            [
                26,
                2,
                1,
                0
            ],
            [
                26,
                3,
                7,
                0
            ],
            [
                26,
                2,
                2,
                0
            ],
            [
                26,
                2,
                1,
                0
            ],
            [
                26,
                2,
                2,
                0
            ],
            [
                26,
                3,
                10,
                0
            ],
            [
                26,
                2,
                0,
                0
            ],
            [
                26,
                4,
                36,
                8
            ],
            [
                27,
                2,
                1,
                0
            ],
            [
                27,
                3,
                26,
                12
            ],
            [
                27,
                2,
                2,
                0
            ],
            [
                27,
                3,
                36,
                22
            ],
            [
                27,
                3,
                27,
                13
            ],
            [
                27,
                4,
                34,
                6
            ],
            [
                27,
                4,
                34,
                6
            ],
            [
                27,
                2,
                2,
                0
            ],
            [
                27,
                3,
                27,
                13
            ],
            [
                28,
                3,
                8,
                0
            ],
            [
                28,
                4,
                33,
                5
            ],
            [
                28,
                2,
                4,
                0
            ],
            [
                28,
                2,
                1,
                0
            ],
            [
                28,
                2,
                1,
                0
            ],
            [
                28,
                2,
                0,
                0
            ],
            [
                28,
                2,
                4,
                0
            ],
            [
                28,
                4,
                34,
                6
            ],
            [
                28,
                3,
                26,
                12
            ],
            [
                29,
                3,
                26,
                12
            ],
            [
                29,
                4,
                32,
                4
            ],
            [
                29,
                2,
                0,
                0
            ],
            [
                29,
                2,
                0,
                0
            ],
            [
                29,
                3,
                27,
                13
            ],
            [
                29,
                4,
                34,
                6
            ],
            [
                29,
                4,
                35,
                7
            ],
            [
                29,
                2,
                0,
                0
            ],
            [
                29,
                2,
                3,
                0
            ],
            [
                29,
                2,
                4,
                0
            ]
        ],
        "lWaitDayByPriority": [
            5953,
            0,
            156,
            2925,
            2872
        ],
        "objval": 2299.15127785059,
        "std_occupancy": 1.7837776094117637
    },
    "runtime": 54052.83922767639,
    "simdays": 30,
    "solver": "static"
}