{
    "arrivalrate": 10.1,
    "ins_name": 293,
    "ins_path": "/home/tusan/projects/def-roussea5/tusan/software/RTSP-scheduling/data/7linacs_10.1_fluctuate/instances",
    "lNoNewPatients": [
        305,
        1,
        114,
        110,
        80
    ],
    "lNoPatients": [
        551,
        1,
        134,
        252,
        164
    ],
    "lNoSections": [
        4234,
        2,
        344,
        2330,
        1558
    ],
    "mipgap": 0.014845993926192626,
    "noLinacs": 7,
    "noSlotsPerDay": 120,
    "planningHorizon": 80,
    "runresult": {
        "avg_occupancy": 97.98412698412699,
        "feasibility": true,
        "lAvgLateDayByPriority": [
            7.016393442622951,
            0.0,
            0.0,
            13.118181818181819,
            8.7125
        ],
        "lAvgWaitDayByPriority": [
            19.39672131147541,
            0.0,
            1.3508771929824561,
            26.618181818181817,
            35.425
        ],
        "lLateDayByPriority": [
            2140,
            0,
            0,
            1443,
            697
        ],
        "lOccupancy": {
            "0": [
                0.0,
                0.0,
                0.0,
                0.0,
                0.0,
                0.0,
                0.0,
                0.0,
                0.0,
                0.0,
                0.0,
                0.0,
                0.0,
                0.0,
                0.0,
                0.0,
                0.0,
                0.0,
                0.0,
                0.0,
                0.7142857142857143,
                0.7142857142857143,
                0.0,
                0.0,
                0.0,
                0.0,
                0.0,
                0.0,
                0.0,
                0.0
            ],
            "1": [
                9.642857142857144,
                12.857142857142856,
                14.880952380952381,
                15.238095238095239,
                15.95238095238095,
                15.95238095238095,
                14.880952380952381,
                10.476190476190476,
                9.523809523809524,
                10.952380952380953,
                14.285714285714285,
                11.190476190476192,
                9.642857142857144,
                6.309523809523809,
                6.666666666666667,
                9.166666666666666,
                12.380952380952381,
                12.142857142857142,
                9.285714285714286,
                5.833333333333333,
                6.071428571428571,
                7.023809523809524,
                10.952380952380953,
                12.857142857142856,
                8.571428571428571,
                4.880952380952381,
                7.6190476190476195,
                7.261904761904763,
                8.452380952380953,
                11.071428571428571
            ],
            "2": [
                53.92857142857142,
                52.023809523809526,
                52.023809523809526,
                52.73809523809524,
                54.166666666666664,
                54.166666666666664,
                54.52380952380952,
                54.52380952380952,
                56.42857142857143,
                57.49999999999999,
                56.785714285714285,
                61.30952380952381,
                62.38095238095238,
                62.5,
                60.11904761904761,
                61.1904761904762,
                55.952380952380956,
                61.1904761904762,
                63.21428571428571,
                65.71428571428571,
                65.23809523809524,
                63.57142857142857,
                59.523809523809526,
                56.904761904761905,
                57.85714285714286,
                60.83333333333333,
                59.285714285714285,
                59.404761904761905,
                61.07142857142858,
                57.14285714285714
            ],
            "3": [
                29.761904761904763,
                31.30952380952381,
                31.9047619047619,
                30.714285714285715,
                29.404761904761905,
                29.404761904761905,
                29.523809523809526,
                30.5952380952381,
                28.69047619047619,
                28.095238095238095,
                27.023809523809522,
                25.595238095238095,
                26.666666666666668,
                28.69047619047619,
                31.30952380952381,
                28.69047619047619,
                28.57142857142857,
                25.11904761904762,
                25.71428571428571,
                26.904761904761905,
                25.357142857142854,
                27.380952380952383,
                28.095238095238095,
                29.04761904761905,
                31.666666666666664,
                32.857142857142854,
                32.142857142857146,
                31.9047619047619,
                29.523809523809526,
                31.19047619047619
            ],
            "overall": [
                93.33333333333333,
                96.19047619047619,
                98.80952380952381,
                98.6904761904762,
                99.52380952380952,
                99.52380952380952,
                98.92857142857142,
                95.5952380952381,
                94.64285714285714,
                96.54761904761904,
                98.09523809523809,
                98.0952380952381,
                98.69047619047619,
                97.5,
                98.09523809523809,
                99.04761904761905,
                96.90476190476191,
                98.45238095238096,
                98.21428571428571,
                98.45238095238093,
                97.38095238095238,
                98.69047619047619,
                98.57142857142858,
                98.80952380952381,
                98.0952380952381,
                98.57142857142856,
                99.04761904761904,
                98.57142857142857,
                99.04761904761907,
                99.4047619047619
            ]
        },
        "lWaitAndOverdue": [
            [
                0,
                3,
                44,
                30
            ],
            [
                0,
                3,
                45,
                31
            ],
            [
                0,
                3,
                24,
                10
            ],
            [
                0,
                4,
                32,
                4
            ],
            [
                0,
                4,
                37,
                9
            ],
            [
                0,
                2,
                0,
                0
            ],
            [
                0,
                3,
                46,
                32
            ],
            [
                0,
                2,
                2,
                0
            ],
            [
                0,
                4,
                9,
                0
            ],
            [
                0,
                2,
                1,
                0
            ],
            [
                1,
                2,
                0,
                0
            ],
            [
                1,
                3,
                34,
                20
            ],
            [
                1,
                2,
                2,
                0
            ],
            [
                1,
                2,
                1,
                0
            ],
            [
                1,
                2,
                1,
                0
            ],
            [
                1,
                2,
                0,
                0
            ],
            [
                1,
                2,
                1,
                0
            ],
            [
                1,
                3,
                29,
                15
            ],
            [
                1,
                4,
                36,
                8
            ],
            [
                1,
                2,
                2,
                0
            ],
            [
                1,
                4,
                10,
                0
            ],
            [
                1,
                4,
                31,
                3
            ],
            [
                1,
                3,
                9,
                0
            ],
            [
                1,
                3,
                45,
                31
            ],
            [
                1,
                2,
                0,
                0
            ],
            [
                1,
                2,
                2,
                0
            ],
            [
                2,
                3,
                30,
                16
            ],
            [
                2,
                3,
                44,
                30
            ],
            [
                2,
                2,
                1,
                0
            ],
            [
                2,
                2,
                1,
                0
            ],
            [
                2,
                2,
                1,
                0
            ],
            [
                2,
                4,
                48,
                20
            ],
            [
                2,
                3,
                6,
                0
            ],
            [
                2,
                4,
                47,
                19
            ],
            [
                2,
                3,
                44,
                30
            ],
            [
                2,
                4,
                42,
                14
            ],
            [
                3,
                4,
                32,
                4
            ],
            [
                3,
                3,
                33,
                19
            ],
            [
                3,
                2,
                0,
                0
            ],
            [
                3,
                3,
                14,
                0
            ],
            [
                3,
                3,
                27,
                13
            ],
            [
                3,
                2,
                1,
                0
            ],
            [
                3,
                2,
                0,
                0
            ],
            [
                3,
                3,
                12,
                0
            ],
            [
                3,
                2,
                4,
                0
            ],
            [
                3,
                2,
                4,
                0
            ],
            [
                3,
                3,
                43,
                29
            ],
            [
                3,
                2,
                4,
                0
            ],
            [
                3,
                4,
                47,
                19
            ],
            [
                3,
                4,
                29,
                1
            ],
            [
                4,
                4,
                42,
                14
            ],
            [
                4,
                2,
                0,
                0
            ],
            [
                4,
                3,
                42,
                28
            ],
            [
                4,
                2,
                0,
                0
            ],
            [
                4,
                3,
                42,
                28
            ],
            [
                4,
                3,
                40,
                26
            ],
            [
                4,
                3,
                42,
                28
            ],
            [
                4,
                3,
                42,
                28
            ],
            [
                4,
                4,
                35,
                7
            ],
            [
                4,
                3,
                42,
                28
            ],
            [
                4,
                2,
                0,
                0
            ],
            [
                4,
                2,
                4,
                0
            ],
            [
                4,
                3,
                42,
                28
            ],
            [
                5,
                3,
                8,
                0
            ],
            [
                5,
                4,
                32,
                4
            ],
            [
                5,
                2,
                0,
                0
            ],
            [
                5,
                2,
                2,
                0
            ],
            [
                5,
                3,
                39,
                25
            ],
            [
                5,
                3,
                9,
                0
            ],
            [
                5,
                4,
                46,
                18
            ],
            [
                5,
                4,
                30,
                2
            ],
            [
                5,
                2,
                2,
                0
            ],
            [
                5,
                2,
                0,
                0
            ],
            [
                5,
                2,
                2,
                0
            ],
            [
                5,
                2,
                0,
                0
            ],
            [
                5,
                2,
                1,
                0
            ],
            [
                6,
                2,
                0,
                0
            ],
            [
                6,
                3,
                28,
                14
            ],
            [
                6,
                2,
                1,
                0
            ],
            [
                6,
                2,
                2,
                0
            ],
            [
                6,
                3,
                9,
                0
            ],
            [
                6,
                3,
                9,
                0
            ],
            [
                6,
                3,
                13,
                0
            ],
            [
                6,
                2,
                2,
                0
            ],
            [
                6,
                3,
                38,
                24
            ],
            [
                6,
                3,
                28,
                14
            ],
            [
                6,
                4,
                27,
                0
            ],
            [
                6,
                4,
                45,
                17
            ],
            [
                7,
                3,
                35,
                21
            ],
            [
                7,
                2,
                0,
                0
            ],
            [
                7,
                3,
                37,
                23
            ],
            [
                7,
                3,
                15,
                1
            ],
            [
                7,
                3,
                28,
                14
            ],
            [
                7,
                2,
                2,
                0
            ],
            [
                7,
                4,
                37,
                9
            ],
            [
                7,
                2,
                1,
                0
            ],
            [
                8,
                3,
                36,
                22
            ],
            [
                8,
                2,
                4,
                0
            ],
            [
                8,
                2,
                4,
                0
            ],
            [
                8,
                4,
                29,
                1
            ],
            [
                8,
                3,
                13,
                0
            ],
            [
                8,
                4,
                47,
                19
            ],
            [
                8,
                4,
                39,
                11
            ],
            [
                8,
                4,
                47,
                19
            ],
            [
                8,
                4,
                32,
                4
            ],
            [
                9,
                2,
                0,
                0
            ],
            [
                9,
                2,
                0,
                0
            ],
            [
                9,
                4,
                28,
                0
            ],
            [
                9,
                3,
                14,
                0
            ],
            [
                9,
                4,
                7,
                0
            ],
            [
                9,
                2,
                4,
                0
            ],
            [
                9,
                4,
                31,
                3
            ],
            [
                9,
                4,
                47,
                19
            ],
            [
                9,
                2,
                3,
                0
            ],
            [
                9,
                3,
                28,
                14
            ],
            [
                9,
                3,
                35,
                21
            ],
            [
                9,
                3,
                35,
                21
            ],
            [
                9,
                3,
                35,
                21
            ],
            [
                9,
                3,
                35,
                21
            ],
            [
                9,
                2,
                0,
                0
            ],
            [
                10,
                3,
                21,
                7
            ],
            [
                10,
                4,
                45,
                17
            ],
            [
                10,
                4,
                45,
                17
            ],
            [
                10,
                2,
                1,
                0
            ],
            [
                10,
                2,
                0,
                0
            ],
            [
                10,
                3,
                18,
                4
            ],
            [
                10,
                2,
                1,
                0
            ],
            [
                10,
                3,
                11,
                0
            ],
            [
                10,
                4,
                45,
                17
            ],
            [
                10,
                4,
                59,
                31
            ],
            [
                10,
                3,
                18,
                4
            ],
            [
                10,
                2,
                2,
                0
            ],
            [
                11,
                4,
                44,
                16
            ],
            [
                11,
                4,
                44,
                16
            ],
            [
                11,
                4,
                22,
                0
            ],
            [
                11,
                2,
                0,
                0
            ],
            [
                11,
                4,
                44,
                16
            ],
            [
                11,
                4,
                44,
                16
            ],
            [
                11,
                2,
                2,
                0
            ],
            [
                11,
                3,
                21,
                7
            ],
            [
                11,
                2,
                1,
                0
            ],
            [
                11,
                2,
                0,
                0
            ],
            [
                11,
                4,
                29,
                1
            ],
            [
                12,
                4,
                43,
                15
            ],
            [
                12,
                4,
                44,
                16
            ],
            [
                12,
                4,
                44,
                16
            ],
            [
                12,
                4,
                57,
                29
            ],
            [
                12,
                4,
                29,
                1
            ],
            [
                12,
                4,
                28,
                0
            ],
            [
                12,
                2,
                0,
                0
            ],
            [
                12,
                4,
                29,
                1
            ],
            [
                13,
                2,
                4,
                0
            ],
            [
                13,
                2,
                0,
                0
            ],
            [
                13,
                2,
                0,
                0
            ],
            [
                13,
                3,
                34,
                20
            ],
            [
                13,
                3,
                33,
                19
            ],
            [
                13,
                3,
                33,
                19
            ],
            [
                13,
                3,
                34,
                20
            ],
            [
                13,
                3,
                34,
                20
            ],
            [
                14,
                2,
                4,
                0
            ],
            [
                14,
                2,
                4,
                0
            ],
            [
                14,
                2,
                0,
                0
            ],
            [
                14,
                2,
                4,
                0
            ],
            [
                15,
                2,
                2,
                0
            ],
            [
                15,
                2,
                2,
                0
            ],
            [
                15,
                2,
                0,
                0
            ],
            [
                15,
                2,
                1,
                0
            ],
            [
                15,
                3,
                32,
                18
            ],
            [
                15,
                3,
                16,
                2
            ],
            [
                15,
                4,
                39,
                11
            ],
            [
                15,
                2,
                2,
                0
            ],
            [
                15,
                2,
                0,
                0
            ],
            [
                15,
                3,
                18,
                4
            ],
            [
                15,
                3,
                32,
                18
            ],
            [
                15,
                2,
                1,
                0
            ],
            [
                15,
                2,
                0,
                0
            ],
            [
                16,
                3,
                16,
                2
            ],
            [
                16,
                3,
                16,
                2
            ],
            [
                16,
                3,
                31,
                17
            ],
            [
                16,
                4,
                38,
                10
            ],
            [
                16,
                3,
                16,
                2
            ],
            [
                16,
                4,
                41,
                13
            ],
            [
                17,
                2,
                1,
                0
            ],
            [
                17,
                3,
                34,
                20
            ],
            [
                17,
                2,
                0,
                0
            ],
            [
                17,
                3,
                34,
                20
            ],
            [
                17,
                2,
                1,
                0
            ],
            [
                17,
                3,
                20,
                6
            ],
            [
                17,
                4,
                14,
                0
            ],
            [
                17,
                2,
                2,
                0
            ],
            [
                17,
                2,
                1,
                0
            ],
            [
                17,
                4,
                23,
                0
            ],
            [
                18,
                3,
                34,
                20
            ],
            [
                18,
                3,
                33,
                19
            ],
            [
                18,
                3,
                26,
                12
            ],
            [
                18,
                3,
                33,
                19
            ],
            [
                18,
                3,
                14,
                0
            ],
            [
                19,
                3,
                34,
                20
            ],
            [
                19,
                3,
                28,
                14
            ],
            [
                19,
                2,
                4,
                0
            ],
            [
                19,
                3,
                17,
                3
            ],
            [
                19,
                3,
                33,
                19
            ],
            [
                19,
                2,
                3,
                0
            ],
            [
                19,
                3,
                34,
                20
            ],
            [
                19,
                3,
                19,
                5
            ],
            [
                19,
                4,
                17,
                0
            ],
            [
                19,
                2,
                0,
                0
            ],
            [
                19,
                4,
                28,
                0
            ],
            [
                19,
                4,
                38,
                10
            ],
            [
                20,
                3,
                31,
                17
            ],
            [
                20,
                2,
                0,
                0
            ],
            [
                20,
                4,
                38,
                10
            ],
            [
                20,
                2,
                1,
                0
            ],
            [
                20,
                4,
                32,
                4
            ],
            [
                20,
                3,
                15,
                1
            ],
            [
                20,
                1,
                0,
                0
            ],
            [
                20,
                3,
                15,
                1
            ],
            [
                20,
                3,
                10,
                0
            ],
            [
                20,
                3,
                31,
                17
            ],
            [
                20,
                2,
                1,
                0
            ],
            [
                20,
                2,
                1,
                0
            ],
            [
                21,
                2,
                1,
                0
            ],
            [
                21,
                3,
                28,
                14
            ],
            [
                21,
                3,
                15,
                1
            ],
            [
                21,
                3,
                30,
                16
            ],
            [
                21,
                3,
                31,
                17
            ],
            [
                21,
                4,
                38,
                10
            ],
            [
                21,
                4,
                37,
                9
            ],
            [
                21,
                3,
                30,
                16
            ],
            [
                21,
                2,
                1,
                0
            ],
            [
                21,
                3,
                14,
                0
            ],
            [
                21,
                3,
                24,
                10
            ],
            [
                21,
                4,
                37,
                9
            ],
            [
                21,
                2,
                1,
                0
            ],
            [
                21,
                3,
                30,
                16
            ],
            [
                21,
                4,
                37,
                9
            ],
            [
                21,
                4,
                37,
                9
            ],
            [
                22,
                2,
                0,
                0
            ],
            [
                22,
                4,
                37,
                9
            ],
            [
                22,
                2,
                1,
                0
            ],
            [
                22,
                4,
                37,
                9
            ],
            [
                22,
                4,
                37,
                9
            ],
            [
                23,
                4,
                36,
                8
            ],
            [
                23,
                4,
                36,
                8
            ],
            [
                23,
                4,
                36,
                8
            ],
            [
                23,
                4,
                36,
                8
            ],
            [
                23,
                4,
                36,
                8
            ],
            [
                23,
                3,
                29,
                15
            ],
            [
                23,
                2,
                0,
                0
            ],
            [
                23,
                2,
                1,
                0
            ],
            [
                23,
                3,
                14,
                0
            ],
            [
                23,
                4,
                26,
                0
            ],
            [
                23,
                3,
                29,
                15
            ],
            [
                24,
                3,
                28,
                14
            ],
            [
                24,
                3,
                28,
                14
            ],
            [
                24,
                4,
                35,
                7
            ],
            [
                24,
                3,
                28,
                14
            ],
            [
                24,
                3,
                28,
                14
            ],
            [
                24,
                2,
                4,
                0
            ],
            [
                24,
                2,
                3,
                0
            ],
            [
                25,
                2,
                1,
                0
            ],
            [
                25,
                4,
                22,
                0
            ],
            [
                25,
                3,
                25,
                11
            ],
            [
                25,
                2,
                1,
                0
            ],
            [
                25,
                3,
                9,
                0
            ],
            [
                25,
                3,
                11,
                0
            ],
            [
                25,
                2,
                1,
                0
            ],
            [
                25,
                2,
                1,
                0
            ],
            [
                26,
                3,
                13,
                0
            ],
            [
                26,
                2,
                1,
                0
            ],
            [
                26,
                2,
                2,
                0
            ],
            [
                26,
                2,
                1,
                0
            ],
            [
                26,
                3,
                13,
                0
            ],
            [
                26,
                2,
                2,
                0
            ],
            [
                27,
                4,
                34,
                6
            ],
            [
                27,
                2,
                0,
                0
            ],
            [
                27,
                3,
                16,
                2
            ],
            [
                27,
                2,
                0,
                0
            ],
            [
                27,
                3,
                37,
                23
            ],
            [
                27,
                3,
                26,
                12
            ],
            [
                27,
                4,
                33,
                5
            ],
            [
                28,
                4,
                35,
                7
            ],
            [
                28,
                2,
                4,
                0
            ],
            [
                28,
                3,
                25,
                11
            ],
            [
                28,
                3,
                14,
                0
            ],
            [
                28,
                4,
                33,
                5
            ],
            [
                28,
                2,
                0,
                0
            ],
            [
                28,
                2,
                0,
                0
            ],
            [
                28,
                2,
                1,
                0
            ],
            [
                28,
                2,
                4,
                0
            ],
            [
                28,
                2,
                1,
                0
            ],
            [
                28,
                4,
                36,
                8
            ],
            [
                29,
                3,
                24,
                10
            ],
            [
                29,
                3,
                26,
                12
            ],
            [
                29,
                4,
                31,
                3
            ],
            [
                29,
                2,
                3,
                0
            ],
            [
                29,
                2,
                3,
                0
            ],
            [
                29,
                3,
                26,
                12
            ],
            [
                29,
                4,
                34,
                6
            ],
            [
                29,
                4,
                34,
                6
            ],
            [
                29,
                2,
                0,
                0
            ],
            [
                29,
                2,
                0,
                0
            ],
            [
                29,
                2,
                4,
                0
            ],
            [
                29,
                2,
                0,
                0
            ],
            [
                29,
                2,
                4,
                0
            ]
        ],
        "lWaitDayByPriority": [
            5916,
            0,
            154,
            2928,
            2834
        ],
        "objval": 2297.382635566188,
        "std_occupancy": 1.4262326534470557
    },
    "runtime": 50265.53496980667,
    "simdays": 30,
    "solver": "static"
}