{
    "arrivalrate": 10.1,
    "ins_name": 300,
    "ins_path": "/home/tusan/projects/def-roussea5/tusan/software/RTSP-scheduling/data/7linacs_10.1_fluctuate/instances",
    "lNoNewPatients": [
        308,
        1,
        112,
        117,
        78
    ],
    "lNoPatients": [
        534,
        1,
        124,
        246,
        163
    ],
    "lNoSections": [
        4279,
        2,
        331,
        2463,
        1483
    ],
    "mipgap": 0.014651251492923952,
    "noLinacs": 7,
    "noSlotsPerDay": 120,
    "planningHorizon": 80,
    "runresult": {
        "avg_occupancy": 96.41269841269842,
        "feasibility": true,
        "lAvgLateDayByPriority": [
            5.805194805194805,
            0.0,
            0.0,
            10.683760683760683,
            6.897435897435898
        ],
        "lAvgWaitDayByPriority": [
            18.2987012987013,
            0.0,
            1.375,
            24.299145299145298,
            33.833333333333336
        ],
        "lLateDayByPriority": [
            1788,
            0,
            0,
            1250,
            538
        ],
        "lOccupancy": {
            "0": [
                0.0,
                0.0,
                0.0,
                0.0,
                0.0,
                0.0,
                0.0,
                0.0,
                0.0,
                0.0,
                0.0,
                0.0,
                0.0,
                0.0,
                0.0,
                0.0,
                0.0,
                0.0,
                0.0,
                0.0,
                0.0,
                0.0,
                0.0,
                0.7142857142857143,
                0.7142857142857143,
                0.0,
                0.0,
                0.0,
                0.0,
                0.0
            ],
            "1": [
                7.5,
                6.785714285714286,
                6.428571428571428,
                7.142857142857142,
                5.595238095238096,
                8.452380952380953,
                10.238095238095237,
                13.452380952380953,
                13.452380952380953,
                11.785714285714285,
                14.285714285714285,
                14.642857142857144,
                12.738095238095237,
                12.380952380952381,
                7.380952380952381,
                6.666666666666667,
                11.428571428571429,
                5.238095238095238,
                7.261904761904763,
                11.190476190476192,
                14.642857142857144,
                9.285714285714286,
                12.380952380952381,
                11.30952380952381,
                12.023809523809524,
                8.214285714285714,
                6.428571428571428,
                10.714285714285714,
                8.69047619047619,
                2.976190476190476
            ],
            "2": [
                53.45238095238095,
                53.214285714285715,
                54.166666666666664,
                50.595238095238095,
                51.3095238095238,
                50.23809523809524,
                55.595238095238095,
                55.47619047619048,
                55.23809523809524,
                55.23809523809524,
                55.833333333333336,
                56.785714285714285,
                57.97619047619048,
                59.285714285714285,
                63.8095238095238,
                58.92857142857143,
                57.97619047619048,
                62.38095238095238,
                63.57142857142857,
                62.38095238095238,
                57.85714285714286,
                60.238095238095234,
                59.166666666666664,
                59.523809523809526,
                58.0952380952381,
                63.21428571428571,
                63.69047619047619,
                60.476190476190474,
                60.238095238095234,
                64.40476190476191
            ],
            "3": [
                30.952380952380953,
                31.071428571428573,
                30.0,
                32.5,
                31.428571428571427,
                32.61904761904762,
                30.0,
                30.119047619047617,
                30.119047619047617,
                29.523809523809526,
                28.095238095238095,
                26.904761904761905,
                28.095238095238095,
                26.30952380952381,
                27.023809523809522,
                28.809523809523807,
                28.214285714285715,
                27.26190476190476,
                27.023809523809522,
                24.523809523809522,
                26.190476190476193,
                25.595238095238095,
                26.071428571428573,
                26.785714285714285,
                27.976190476190478,
                27.976190476190478,
                27.976190476190478,
                28.809523809523807,
                29.88095238095238,
                32.02380952380952
            ],
            "overall": [
                91.9047619047619,
                91.07142857142857,
                90.5952380952381,
                90.23809523809524,
                88.33333333333333,
                91.30952380952381,
                95.83333333333333,
                99.04761904761905,
                98.80952380952381,
                96.54761904761904,
                98.21428571428572,
                98.33333333333334,
                98.80952380952382,
                97.97619047619048,
                98.21428571428571,
                94.40476190476191,
                97.61904761904762,
                94.88095238095238,
                97.85714285714285,
                98.09523809523809,
                98.69047619047619,
                95.11904761904762,
                97.61904761904762,
                98.33333333333334,
                98.80952380952382,
                99.4047619047619,
                98.0952380952381,
                100.0,
                98.8095238095238,
                99.40476190476191
            ]
        },
        "lWaitAndOverdue": [
            [
                0,
                3,
                32,
                18
            ],
            [
                0,
                3,
                18,
                4
            ],
            [
                0,
                3,
                11,
                0
            ],
            [
                0,
                4,
                38,
                10
            ],
            [
                0,
                3,
                39,
                25
            ],
            [
                0,
                3,
                39,
                25
            ],
            [
                0,
                2,
                0,
                0
            ],
            [
                0,
                2,
                2,
                0
            ],
            [
                1,
                3,
                37,
                23
            ],
            [
                1,
                3,
                10,
                0
            ],
            [
                1,
                2,
                0,
                0
            ],
            [
                1,
                2,
                2,
                0
            ],
            [
                1,
                2,
                0,
                0
            ],
            [
                1,
                2,
                0,
                0
            ],
            [
                1,
                4,
                38,
                10
            ],
            [
                2,
                3,
                6,
                0
            ],
            [
                2,
                2,
                1,
                0
            ],
            [
                2,
                2,
                2,
                0
            ],
            [
                2,
                3,
                14,
                0
            ],
            [
                2,
                2,
                2,
                0
            ],
            [
                2,
                2,
                0,
                0
            ],
            [
                2,
                3,
                14,
                0
            ],
            [
                3,
                3,
                36,
                22
            ],
            [
                3,
                2,
                4,
                0
            ],
            [
                3,
                2,
                0,
                0
            ],
            [
                3,
                4,
                34,
                6
            ],
            [
                3,
                2,
                1,
                0
            ],
            [
                3,
                2,
                4,
                0
            ],
            [
                3,
                3,
                36,
                22
            ],
            [
                3,
                3,
                28,
                14
            ],
            [
                4,
                2,
                3,
                0
            ],
            [
                4,
                2,
                4,
                0
            ],
            [
                4,
                3,
                14,
                0
            ],
            [
                4,
                3,
                35,
                21
            ],
            [
                4,
                3,
                35,
                21
            ],
            [
                4,
                3,
                28,
                14
            ],
            [
                4,
                4,
                28,
                0
            ],
            [
                4,
                4,
                33,
                5
            ],
            [
                4,
                2,
                3,
                0
            ],
            [
                4,
                3,
                35,
                21
            ],
            [
                5,
                2,
                2,
                0
            ],
            [
                5,
                4,
                9,
                0
            ],
            [
                5,
                2,
                2,
                0
            ],
            [
                5,
                2,
                1,
                0
            ],
            [
                5,
                3,
                28,
                14
            ],
            [
                5,
                2,
                1,
                0
            ],
            [
                5,
                2,
                1,
                0
            ],
            [
                5,
                2,
                1,
                0
            ],
            [
                5,
                2,
                2,
                0
            ],
            [
                5,
                2,
                1,
                0
            ],
            [
                6,
                3,
                27,
                13
            ],
            [
                6,
                4,
                28,
                0
            ],
            [
                6,
                2,
                0,
                0
            ],
            [
                6,
                4,
                10,
                0
            ],
            [
                6,
                4,
                31,
                3
            ],
            [
                6,
                3,
                10,
                0
            ],
            [
                6,
                3,
                37,
                23
            ],
            [
                6,
                2,
                1,
                0
            ],
            [
                6,
                2,
                0,
                0
            ],
            [
                6,
                3,
                31,
                17
            ],
            [
                6,
                3,
                36,
                22
            ],
            [
                6,
                2,
                1,
                0
            ],
            [
                6,
                2,
                2,
                0
            ],
            [
                6,
                2,
                0,
                0
            ],
            [
                6,
                4,
                42,
                14
            ],
            [
                7,
                3,
                23,
                9
            ],
            [
                7,
                4,
                37,
                9
            ],
            [
                7,
                3,
                37,
                23
            ],
            [
                7,
                4,
                37,
                9
            ],
            [
                7,
                4,
                29,
                1
            ],
            [
                7,
                3,
                29,
                15
            ],
            [
                7,
                2,
                0,
                0
            ],
            [
                7,
                3,
                26,
                12
            ],
            [
                7,
                3,
                20,
                6
            ],
            [
                7,
                2,
                1,
                0
            ],
            [
                7,
                2,
                2,
                0
            ],
            [
                7,
                3,
                9,
                0
            ],
            [
                7,
                2,
                2,
                0
            ],
            [
                7,
                2,
                0,
                0
            ],
            [
                7,
                3,
                36,
                22
            ],
            [
                8,
                2,
                1,
                0
            ],
            [
                8,
                4,
                42,
                14
            ],
            [
                8,
                4,
                28,
                0
            ],
            [
                8,
                4,
                36,
                8
            ],
            [
                8,
                2,
                4,
                0
            ],
            [
                8,
                3,
                36,
                22
            ],
            [
                8,
                2,
                0,
                0
            ],
            [
                8,
                3,
                33,
                19
            ],
            [
                8,
                3,
                29,
                15
            ],
            [
                9,
                3,
                35,
                21
            ],
            [
                9,
                3,
                35,
                21
            ],
            [
                9,
                4,
                28,
                0
            ],
            [
                9,
                3,
                35,
                21
            ],
            [
                9,
                2,
                3,
                0
            ],
            [
                9,
                2,
                4,
                0
            ],
            [
                9,
                3,
                35,
                21
            ],
            [
                9,
                3,
                12,
                0
            ],
            [
                9,
                4,
                28,
                0
            ],
            [
                10,
                2,
                0,
                0
            ],
            [
                10,
                2,
                2,
                0
            ],
            [
                10,
                3,
                32,
                18
            ],
            [
                10,
                3,
                9,
                0
            ],
            [
                10,
                4,
                39,
                11
            ],
            [
                10,
                4,
                30,
                2
            ],
            [
                10,
                2,
                0,
                0
            ],
            [
                10,
                2,
                1,
                0
            ],
            [
                10,
                2,
                1,
                0
            ],
            [
                10,
                2,
                1,
                0
            ],
            [
                10,
                2,
                2,
                0
            ],
            [
                10,
                2,
                1,
                0
            ],
            [
                10,
                3,
                21,
                7
            ],
            [
                11,
                2,
                1,
                0
            ],
            [
                11,
                2,
                2,
                0
            ],
            [
                11,
                3,
                17,
                3
            ],
            [
                11,
                3,
                17,
                3
            ],
            [
                11,
                3,
                20,
                6
            ],
            [
                11,
                2,
                2,
                0
            ],
            [
                11,
                3,
                31,
                17
            ],
            [
                11,
                3,
                20,
                6
            ],
            [
                11,
                4,
                27,
                0
            ],
            [
                11,
                4,
                38,
                10
            ],
            [
                12,
                3,
                23,
                9
            ],
            [
                12,
                2,
                2,
                0
            ],
            [
                12,
                3,
                30,
                16
            ],
            [
                12,
                3,
                19,
                5
            ],
            [
                12,
                3,
                20,
                6
            ],
            [
                12,
                2,
                1,
                0
            ],
            [
                12,
                4,
                36,
                8
            ],
            [
                12,
                2,
                0,
                0
            ],
            [
                12,
                3,
                30,
                16
            ],
            [
                12,
                2,
                0,
                0
            ],
            [
                12,
                2,
                0,
                0
            ],
            [
                12,
                4,
                29,
                1
            ],
            [
                12,
                3,
                19,
                5
            ],
            [
                12,
                4,
                40,
                12
            ],
            [
                12,
                4,
                36,
                8
            ],
            [
                13,
                4,
                40,
                12
            ],
            [
                13,
                4,
                40,
                12
            ],
            [
                13,
                2,
                0,
                0
            ],
            [
                13,
                2,
                0,
                0
            ],
            [
                13,
                4,
                29,
                1
            ],
            [
                13,
                3,
                18,
                4
            ],
            [
                13,
                4,
                12,
                0
            ],
            [
                13,
                2,
                0,
                0
            ],
            [
                13,
                4,
                40,
                12
            ],
            [
                14,
                4,
                41,
                13
            ],
            [
                14,
                2,
                0,
                0
            ],
            [
                14,
                3,
                21,
                7
            ],
            [
                14,
                3,
                28,
                14
            ],
            [
                14,
                3,
                32,
                18
            ],
            [
                14,
                3,
                28,
                14
            ],
            [
                14,
                3,
                31,
                17
            ],
            [
                14,
                2,
                3,
                0
            ],
            [
                15,
                3,
                15,
                1
            ],
            [
                15,
                4,
                39,
                11
            ],
            [
                15,
                4,
                43,
                15
            ],
            [
                15,
                2,
                2,
                0
            ],
            [
                15,
                2,
                1,
                0
            ],
            [
                15,
                3,
                38,
                24
            ],
            [
                15,
                2,
                1,
                0
            ],
            [
                15,
                3,
                17,
                3
            ],
            [
                15,
                4,
                43,
                15
            ],
            [
                15,
                4,
                50,
                22
            ],
            [
                15,
                3,
                17,
                3
            ],
            [
                15,
                2,
                1,
                0
            ],
            [
                16,
                4,
                42,
                14
            ],
            [
                16,
                4,
                42,
                14
            ],
            [
                16,
                4,
                23,
                0
            ],
            [
                16,
                2,
                0,
                0
            ],
            [
                16,
                4,
                42,
                14
            ],
            [
                16,
                4,
                42,
                14
            ],
            [
                16,
                2,
                2,
                0
            ],
            [
                16,
                3,
                14,
                0
            ],
            [
                16,
                2,
                2,
                0
            ],
            [
                17,
                2,
                0,
                0
            ],
            [
                17,
                4,
                41,
                13
            ],
            [
                17,
                4,
                41,
                13
            ],
            [
                17,
                4,
                41,
                13
            ],
            [
                17,
                4,
                41,
                13
            ],
            [
                17,
                4,
                50,
                22
            ],
            [
                17,
                4,
                41,
                13
            ],
            [
                17,
                4,
                27,
                0
            ],
            [
                17,
                2,
                2,
                0
            ],
            [
                17,
                4,
                41,
                13
            ],
            [
                18,
                2,
                0,
                0
            ],
            [
                18,
                2,
                1,
                0
            ],
            [
                18,
                2,
                1,
                0
            ],
            [
                18,
                3,
                29,
                15
            ],
            [
                18,
                3,
                28,
                14
            ],
            [
                18,
                3,
                28,
                14
            ],
            [
                18,
                3,
                29,
                15
            ],
            [
                18,
                3,
                29,
                15
            ],
            [
                18,
                2,
                1,
                0
            ],
            [
                18,
                2,
                1,
                0
            ],
            [
                18,
                2,
                4,
                0
            ],
            [
                18,
                2,
                1,
                0
            ],
            [
                18,
                2,
                4,
                0
            ],
            [
                18,
                2,
                0,
                0
            ],
            [
                18,
                2,
                4,
                0
            ],
            [
                19,
                2,
                4,
                0
            ],
            [
                19,
                3,
                28,
                14
            ],
            [
                19,
                3,
                10,
                0
            ],
            [
                19,
                4,
                40,
                12
            ],
            [
                19,
                2,
                3,
                0
            ],
            [
                19,
                2,
                3,
                0
            ],
            [
                19,
                3,
                14,
                0
            ],
            [
                19,
                3,
                28,
                14
            ],
            [
                19,
                2,
                3,
                0
            ],
            [
                19,
                2,
                0,
                0
            ],
            [
                19,
                3,
                13,
                0
            ],
            [
                19,
                3,
                17,
                3
            ],
            [
                19,
                3,
                28,
                14
            ],
            [
                20,
                4,
                38,
                10
            ],
            [
                20,
                3,
                15,
                1
            ],
            [
                20,
                4,
                38,
                10
            ],
            [
                20,
                2,
                0,
                0
            ],
            [
                20,
                3,
                25,
                11
            ],
            [
                20,
                2,
                2,
                0
            ],
            [
                20,
                3,
                25,
                11
            ],
            [
                20,
                2,
                0,
                0
            ],
            [
                20,
                3,
                15,
                1
            ],
            [
                20,
                4,
                22,
                0
            ],
            [
                20,
                2,
                2,
                0
            ],
            [
                20,
                2,
                2,
                0
            ],
            [
                20,
                4,
                25,
                0
            ],
            [
                21,
                3,
                24,
                10
            ],
            [
                21,
                3,
                27,
                13
            ],
            [
                21,
                3,
                23,
                9
            ],
            [
                21,
                3,
                27,
                13
            ],
            [
                21,
                3,
                15,
                1
            ],
            [
                21,
                3,
                27,
                13
            ],
            [
                21,
                3,
                23,
                9
            ],
            [
                21,
                2,
                2,
                0
            ],
            [
                21,
                3,
                13,
                0
            ],
            [
                21,
                3,
                27,
                13
            ],
            [
                21,
                2,
                0,
                0
            ],
            [
                21,
                3,
                24,
                10
            ],
            [
                22,
                3,
                16,
                2
            ],
            [
                22,
                4,
                29,
                1
            ],
            [
                22,
                2,
                0,
                0
            ],
            [
                22,
                4,
                26,
                0
            ],
            [
                22,
                4,
                36,
                8
            ],
            [
                22,
                3,
                27,
                13
            ],
            [
                22,
                2,
                2,
                0
            ],
            [
                23,
                4,
                35,
                7
            ],
            [
                23,
                2,
                0,
                0
            ],
            [
                23,
                4,
                35,
                7
            ],
            [
                23,
                3,
                12,
                0
            ],
            [
                23,
                1,
                0,
                0
            ],
            [
                23,
                3,
                26,
                12
            ],
            [
                23,
                3,
                13,
                0
            ],
            [
                23,
                3,
                27,
                13
            ],
            [
                23,
                2,
                0,
                0
            ],
            [
                23,
                2,
                0,
                0
            ],
            [
                24,
                2,
                0,
                0
            ],
            [
                24,
                3,
                21,
                7
            ],
            [
                24,
                3,
                12,
                0
            ],
            [
                24,
                3,
                28,
                14
            ],
            [
                24,
                3,
                28,
                14
            ],
            [
                24,
                4,
                35,
                7
            ],
            [
                24,
                4,
                35,
                7
            ],
            [
                25,
                3,
                29,
                15
            ],
            [
                25,
                2,
                2,
                0
            ],
            [
                25,
                3,
                23,
                9
            ],
            [
                25,
                3,
                29,
                15
            ],
            [
                25,
                4,
                32,
                4
            ],
            [
                25,
                2,
                2,
                0
            ],
            [
                25,
                3,
                29,
                15
            ],
            [
                25,
                4,
                32,
                4
            ],
            [
                25,
                4,
                32,
                4
            ],
            [
                25,
                2,
                0,
                0
            ],
            [
                26,
                4,
                35,
                7
            ],
            [
                26,
                2,
                0,
                0
            ],
            [
                26,
                4,
                31,
                3
            ],
            [
                26,
                4,
                31,
                3
            ],
            [
                26,
                4,
                31,
                3
            ],
            [
                26,
                4,
                35,
                7
            ],
            [
                26,
                4,
                31,
                3
            ],
            [
                26,
                4,
                31,
                3
            ],
            [
                26,
                4,
                31,
                3
            ],
            [
                27,
                3,
                22,
                8
            ],
            [
                27,
                2,
                0,
                0
            ],
            [
                27,
                2,
                0,
                0
            ],
            [
                27,
                3,
                13,
                0
            ],
            [
                27,
                4,
                22,
                0
            ],
            [
                27,
                3,
                27,
                13
            ],
            [
                27,
                3,
                27,
                13
            ],
            [
                28,
                3,
                26,
                12
            ],
            [
                28,
                4,
                33,
                5
            ],
            [
                28,
                3,
                27,
                13
            ],
            [
                28,
                3,
                27,
                13
            ],
            [
                28,
                2,
                1,
                0
            ],
            [
                28,
                2,
                4,
                0
            ],
            [
                28,
                2,
                0,
                0
            ],
            [
                28,
                4,
                22,
                0
            ],
            [
                28,
                3,
                26,
                12
            ],
            [
                28,
                2,
                4,
                0
            ],
            [
                28,
                3,
                12,
                0
            ],
            [
                29,
                3,
                14,
                0
            ],
            [
                29,
                3,
                26,
                12
            ],
            [
                29,
                3,
                26,
                12
            ],
            [
                29,
                4,
                33,
                5
            ],
            [
                29,
                4,
                33,
                5
            ],
            [
                29,
                2,
                4,
                0
            ],
            [
                29,
                3,
                26,
                12
            ],
            [
                29,
                2,
                3,
                0
            ],
            [
                29,
                4,
                28,
                0
            ],
            [
                29,
                2,
                4,
                0
            ]
        ],
        "lWaitDayByPriority": [
            5636,
            0,
            154,
            2843,
            2639
        ],
        "objval": 2289.4636752136753,
        "std_occupancy": 3.232127632068754
    },
    "runtime": 21780.51061940193,
    "simdays": 30,
    "solver": "static"
}