{
    "arrivalrate": 10.1,
    "ins_name": 347,
    "ins_path": "/home/tusan/projects/def-roussea5/tusan/software/RTSP-scheduling/data/7linacs_10.1_fluctuate/instances",
    "lNoNewPatients": [
        299,
        1,
        107,
        115,
        76
    ],
    "lNoPatients": [
        518,
        1,
        120,
        239,
        158
    ],
    "lNoSections": [
        4191,
        2,
        317,
        2401,
        1471
    ],
    "mipgap": 0.045776748324138125,
    "noLinacs": 7,
    "noSlotsPerDay": 120,
    "planningHorizon": 80,
    "runresult": {
        "avg_occupancy": 97.05555555555556,
        "feasibility": true,
        "lAvgLateDayByPriority": [
            4.046822742474917,
            0.0,
            0.0,
            7.452173913043478,
            4.644736842105263
        ],
        "lAvgWaitDayByPriority": [
            16.615384615384617,
            0.0,
            1.3364485981308412,
            21.078260869565216,
            31.592105263157894
        ],
        "lLateDayByPriority": [
            1210,
            0,
            0,
            857,
            353
        ],
        "lOccupancy": {
            "0": [
                0.0,
                0.0,
                0.0,
                0.0,
                0.0,
                0.0,
                0.0,
                0.0,
                0.0,
                0.0,
                0.0,
                0.0,
                0.0,
                0.0,
                0.0,
                0.0,
                0.0,
                0.0,
                0.0,
                0.0,
                0.0,
                0.0,
                0.0,
                0.0,
                0.0,
                0.7142857142857143,
                0.7142857142857143,
                0.0,
                0.0,
                0.0
            ],
            "1": [
                9.285714285714286,
                7.857142857142857,
                10.0,
                10.952380952380953,
                7.738095238095238,
                10.595238095238095,
                11.666666666666666,
                11.666666666666666,
                8.571428571428571,
                10.357142857142858,
                9.285714285714286,
                13.214285714285715,
                11.428571428571429,
                10.476190476190476,
                8.333333333333332,
                8.095238095238095,
                9.404761904761905,
                8.095238095238095,
                6.190476190476191,
                6.190476190476191,
                8.214285714285714,
                10.714285714285714,
                13.333333333333334,
                7.142857142857142,
                10.833333333333334,
                10.714285714285714,
                8.214285714285714,
                9.285714285714286,
                5.714285714285714,
                8.571428571428571
            ],
            "2": [
                52.61904761904762,
                52.38095238095239,
                51.66666666666667,
                51.42857142857142,
                52.73809523809524,
                53.45238095238095,
                55.11904761904762,
                55.00000000000001,
                58.57142857142858,
                59.523809523809526,
                58.92857142857143,
                58.452380952380956,
                60.238095238095234,
                58.69047619047619,
                59.523809523809526,
                62.976190476190474,
                59.88095238095238,
                61.66666666666667,
                65.11904761904762,
                64.28571428571429,
                63.095238095238095,
                60.71428571428571,
                58.452380952380956,
                64.16666666666667,
                60.238095238095234,
                58.80952380952381,
                60.952380952380956,
                62.73809523809524,
                66.30952380952381,
                62.73809523809524
            ],
            "3": [
                31.071428571428573,
                31.547619047619047,
                30.714285714285715,
                31.9047619047619,
                30.5952380952381,
                30.0,
                30.119047619047617,
                30.119047619047617,
                29.404761904761905,
                28.69047619047619,
                27.73809523809524,
                26.30952380952381,
                26.666666666666668,
                28.809523809523807,
                30.5952380952381,
                26.666666666666668,
                29.404761904761905,
                28.452380952380953,
                26.547619047619047,
                28.69047619047619,
                27.61904761904762,
                26.071428571428573,
                26.785714285714285,
                27.73809523809524,
                28.333333333333332,
                28.452380952380953,
                28.452380952380953,
                27.26190476190476,
                26.30952380952381,
                26.547619047619047
            ],
            "overall": [
                92.97619047619048,
                91.78571428571429,
                92.38095238095238,
                94.28571428571428,
                91.07142857142858,
                94.04761904761904,
                96.90476190476191,
                96.78571428571429,
                96.54761904761907,
                98.57142857142857,
                95.95238095238096,
                97.97619047619048,
                98.33333333333333,
                97.97619047619048,
                98.45238095238096,
                97.73809523809524,
                98.69047619047618,
                98.21428571428571,
                97.85714285714286,
                99.16666666666667,
                98.92857142857143,
                97.49999999999999,
                98.57142857142858,
                99.04761904761905,
                99.4047619047619,
                98.69047619047619,
                98.33333333333333,
                99.28571428571429,
                98.33333333333333,
                97.85714285714286
            ]
        },
        "lWaitAndOverdue": [
            [
                0,
                3,
                31,
                17
            ],
            [
                0,
                3,
                8,
                0
            ],
            [
                0,
                4,
                31,
                3
            ],
            [
                0,
                4,
                23,
                0
            ],
            [
                0,
                2,
                0,
                0
            ],
            [
                0,
                3,
                10,
                0
            ],
            [
                0,
                2,
                0,
                0
            ],
            [
                1,
                3,
                15,
                1
            ],
            [
                1,
                3,
                17,
                3
            ],
            [
                1,
                3,
                15,
                1
            ],
            [
                1,
                3,
                9,
                0
            ],
            [
                1,
                4,
                30,
                2
            ],
            [
                1,
                3,
                30,
                16
            ],
            [
                1,
                3,
                30,
                16
            ],
            [
                1,
                2,
                2,
                0
            ],
            [
                1,
                2,
                1,
                0
            ],
            [
                1,
                3,
                30,
                16
            ],
            [
                1,
                3,
                7,
                0
            ],
            [
                1,
                2,
                1,
                0
            ],
            [
                1,
                2,
                2,
                0
            ],
            [
                1,
                2,
                2,
                0
            ],
            [
                2,
                2,
                0,
                0
            ],
            [
                2,
                4,
                36,
                8
            ],
            [
                2,
                3,
                16,
                2
            ],
            [
                2,
                2,
                0,
                0
            ],
            [
                2,
                2,
                0,
                0
            ],
            [
                2,
                3,
                15,
                1
            ],
            [
                2,
                2,
                2,
                0
            ],
            [
                2,
                2,
                2,
                0
            ],
            [
                2,
                3,
                14,
                0
            ],
            [
                2,
                3,
                29,
                15
            ],
            [
                2,
                2,
                1,
                0
            ],
            [
                2,
                2,
                0,
                0
            ],
            [
                3,
                4,
                28,
                0
            ],
            [
                3,
                2,
                0,
                0
            ],
            [
                3,
                2,
                4,
                0
            ],
            [
                3,
                3,
                35,
                21
            ],
            [
                3,
                3,
                28,
                14
            ],
            [
                3,
                2,
                4,
                0
            ],
            [
                3,
                2,
                0,
                0
            ],
            [
                4,
                3,
                19,
                5
            ],
            [
                4,
                3,
                34,
                20
            ],
            [
                4,
                3,
                34,
                20
            ],
            [
                4,
                3,
                17,
                3
            ],
            [
                4,
                4,
                28,
                0
            ],
            [
                4,
                4,
                33,
                5
            ],
            [
                4,
                2,
                0,
                0
            ],
            [
                4,
                3,
                34,
                20
            ],
            [
                4,
                2,
                4,
                0
            ],
            [
                4,
                4,
                14,
                0
            ],
            [
                5,
                2,
                0,
                0
            ],
            [
                5,
                2,
                0,
                0
            ],
            [
                5,
                3,
                24,
                10
            ],
            [
                5,
                2,
                1,
                0
            ],
            [
                5,
                2,
                2,
                0
            ],
            [
                5,
                2,
                2,
                0
            ],
            [
                5,
                2,
                2,
                0
            ],
            [
                5,
                2,
                0,
                0
            ],
            [
                5,
                3,
                18,
                4
            ],
            [
                5,
                4,
                38,
                10
            ],
            [
                5,
                2,
                1,
                0
            ],
            [
                6,
                4,
                17,
                0
            ],
            [
                6,
                4,
                30,
                2
            ],
            [
                6,
                3,
                14,
                0
            ],
            [
                6,
                3,
                30,
                16
            ],
            [
                6,
                2,
                0,
                0
            ],
            [
                6,
                2,
                0,
                0
            ],
            [
                6,
                3,
                23,
                9
            ],
            [
                6,
                3,
                30,
                16
            ],
            [
                6,
                2,
                0,
                0
            ],
            [
                6,
                2,
                1,
                0
            ],
            [
                6,
                2,
                0,
                0
            ],
            [
                7,
                4,
                37,
                9
            ],
            [
                7,
                3,
                22,
                8
            ],
            [
                7,
                4,
                36,
                8
            ],
            [
                7,
                3,
                29,
                15
            ],
            [
                7,
                4,
                36,
                8
            ],
            [
                7,
                4,
                26,
                0
            ],
            [
                8,
                3,
                22,
                8
            ],
            [
                8,
                2,
                4,
                0
            ],
            [
                8,
                3,
                21,
                7
            ],
            [
                8,
                3,
                21,
                7
            ],
            [
                8,
                2,
                0,
                0
            ],
            [
                9,
                2,
                0,
                0
            ],
            [
                9,
                3,
                11,
                0
            ],
            [
                9,
                2,
                0,
                0
            ],
            [
                9,
                2,
                4,
                0
            ],
            [
                9,
                3,
                27,
                13
            ],
            [
                9,
                2,
                0,
                0
            ],
            [
                9,
                4,
                35,
                7
            ],
            [
                9,
                4,
                28,
                0
            ],
            [
                9,
                4,
                38,
                10
            ],
            [
                9,
                2,
                0,
                0
            ],
            [
                9,
                3,
                28,
                14
            ],
            [
                10,
                2,
                1,
                0
            ],
            [
                10,
                3,
                25,
                11
            ],
            [
                10,
                3,
                18,
                4
            ],
            [
                10,
                3,
                28,
                14
            ],
            [
                10,
                3,
                25,
                11
            ],
            [
                10,
                4,
                25,
                0
            ],
            [
                10,
                3,
                25,
                11
            ],
            [
                10,
                2,
                0,
                0
            ],
            [
                10,
                2,
                1,
                0
            ],
            [
                11,
                3,
                29,
                15
            ],
            [
                11,
                3,
                9,
                0
            ],
            [
                11,
                4,
                28,
                0
            ],
            [
                11,
                2,
                2,
                0
            ],
            [
                11,
                2,
                0,
                0
            ],
            [
                11,
                3,
                29,
                15
            ],
            [
                11,
                3,
                16,
                2
            ],
            [
                11,
                4,
                37,
                9
            ],
            [
                11,
                4,
                38,
                10
            ],
            [
                11,
                2,
                2,
                0
            ],
            [
                11,
                2,
                1,
                0
            ],
            [
                11,
                2,
                0,
                0
            ],
            [
                11,
                2,
                1,
                0
            ],
            [
                11,
                2,
                1,
                0
            ],
            [
                12,
                2,
                1,
                0
            ],
            [
                12,
                3,
                21,
                7
            ],
            [
                12,
                2,
                1,
                0
            ],
            [
                12,
                2,
                0,
                0
            ],
            [
                12,
                3,
                15,
                1
            ],
            [
                12,
                3,
                21,
                7
            ],
            [
                12,
                3,
                15,
                1
            ],
            [
                12,
                2,
                1,
                0
            ],
            [
                12,
                3,
                28,
                14
            ],
            [
                12,
                3,
                21,
                7
            ],
            [
                12,
                4,
                30,
                2
            ],
            [
                13,
                4,
                36,
                8
            ],
            [
                13,
                3,
                21,
                7
            ],
            [
                13,
                2,
                1,
                0
            ],
            [
                13,
                3,
                27,
                13
            ],
            [
                13,
                3,
                14,
                0
            ],
            [
                13,
                3,
                20,
                6
            ],
            [
                13,
                2,
                4,
                0
            ],
            [
                13,
                4,
                36,
                8
            ],
            [
                13,
                2,
                4,
                0
            ],
            [
                13,
                3,
                28,
                14
            ],
            [
                14,
                2,
                3,
                0
            ],
            [
                14,
                2,
                4,
                0
            ],
            [
                14,
                4,
                28,
                0
            ],
            [
                14,
                3,
                18,
                4
            ],
            [
                14,
                4,
                35,
                7
            ],
            [
                14,
                4,
                35,
                7
            ],
            [
                14,
                4,
                35,
                7
            ],
            [
                14,
                4,
                35,
                7
            ],
            [
                14,
                2,
                4,
                0
            ],
            [
                14,
                2,
                0,
                0
            ],
            [
                14,
                4,
                28,
                0
            ],
            [
                14,
                3,
                17,
                3
            ],
            [
                14,
                4,
                20,
                0
            ],
            [
                14,
                2,
                4,
                0
            ],
            [
                14,
                4,
                35,
                7
            ],
            [
                15,
                4,
                36,
                8
            ],
            [
                15,
                2,
                2,
                0
            ],
            [
                15,
                3,
                17,
                3
            ],
            [
                15,
                3,
                25,
                11
            ],
            [
                15,
                3,
                24,
                10
            ],
            [
                15,
                3,
                24,
                10
            ],
            [
                15,
                3,
                25,
                11
            ],
            [
                15,
                2,
                2,
                0
            ],
            [
                15,
                3,
                15,
                1
            ],
            [
                16,
                4,
                37,
                9
            ],
            [
                16,
                4,
                37,
                9
            ],
            [
                16,
                2,
                1,
                0
            ],
            [
                16,
                2,
                2,
                0
            ],
            [
                16,
                3,
                23,
                9
            ],
            [
                16,
                2,
                0,
                0
            ],
            [
                16,
                3,
                16,
                2
            ],
            [
                16,
                4,
                37,
                9
            ],
            [
                16,
                4,
                42,
                14
            ],
            [
                17,
                3,
                15,
                1
            ],
            [
                17,
                2,
                0,
                0
            ],
            [
                17,
                4,
                36,
                8
            ],
            [
                17,
                4,
                37,
                9
            ],
            [
                17,
                4,
                19,
                0
            ],
            [
                17,
                2,
                1,
                0
            ],
            [
                17,
                4,
                37,
                9
            ],
            [
                17,
                4,
                36,
                8
            ],
            [
                17,
                2,
                1,
                0
            ],
            [
                17,
                3,
                13,
                0
            ],
            [
                18,
                2,
                1,
                0
            ],
            [
                18,
                2,
                0,
                0
            ],
            [
                18,
                4,
                39,
                11
            ],
            [
                18,
                4,
                35,
                7
            ],
            [
                18,
                4,
                39,
                11
            ],
            [
                18,
                4,
                39,
                11
            ],
            [
                18,
                4,
                42,
                14
            ],
            [
                19,
                4,
                38,
                10
            ],
            [
                19,
                4,
                28,
                0
            ],
            [
                19,
                2,
                3,
                0
            ],
            [
                19,
                4,
                38,
                10
            ],
            [
                19,
                2,
                0,
                0
            ],
            [
                19,
                2,
                3,
                0
            ],
            [
                19,
                2,
                4,
                0
            ],
            [
                19,
                3,
                26,
                12
            ],
            [
                19,
                3,
                21,
                7
            ],
            [
                19,
                3,
                26,
                12
            ],
            [
                19,
                3,
                26,
                12
            ],
            [
                19,
                3,
                26,
                12
            ],
            [
                20,
                2,
                2,
                0
            ],
            [
                20,
                2,
                1,
                0
            ],
            [
                20,
                2,
                1,
                0
            ],
            [
                20,
                2,
                1,
                0
            ],
            [
                20,
                2,
                2,
                0
            ],
            [
                20,
                2,
                0,
                0
            ],
            [
                20,
                2,
                2,
                0
            ],
            [
                20,
                2,
                0,
                0
            ],
            [
                20,
                3,
                23,
                9
            ],
            [
                20,
                3,
                17,
                3
            ],
            [
                21,
                4,
                35,
                7
            ],
            [
                21,
                2,
                1,
                0
            ],
            [
                21,
                2,
                2,
                0
            ],
            [
                21,
                3,
                13,
                0
            ],
            [
                21,
                3,
                24,
                10
            ],
            [
                21,
                2,
                1,
                0
            ],
            [
                21,
                2,
                0,
                0
            ],
            [
                21,
                3,
                14,
                0
            ],
            [
                21,
                3,
                14,
                0
            ],
            [
                21,
                3,
                24,
                10
            ],
            [
                22,
                4,
                34,
                6
            ],
            [
                22,
                3,
                20,
                6
            ],
            [
                22,
                4,
                34,
                6
            ],
            [
                22,
                2,
                0,
                0
            ],
            [
                22,
                3,
                23,
                9
            ],
            [
                22,
                2,
                2,
                0
            ],
            [
                22,
                3,
                23,
                9
            ],
            [
                22,
                2,
                2,
                0
            ],
            [
                22,
                3,
                15,
                1
            ],
            [
                22,
                4,
                15,
                0
            ],
            [
                22,
                2,
                0,
                0
            ],
            [
                23,
                2,
                4,
                0
            ],
            [
                23,
                4,
                29,
                1
            ],
            [
                23,
                3,
                22,
                8
            ],
            [
                23,
                3,
                22,
                8
            ],
            [
                23,
                3,
                22,
                8
            ],
            [
                23,
                3,
                22,
                8
            ],
            [
                23,
                3,
                14,
                0
            ],
            [
                23,
                3,
                22,
                8
            ],
            [
                23,
                3,
                22,
                8
            ],
            [
                23,
                2,
                4,
                0
            ],
            [
                24,
                3,
                17,
                3
            ],
            [
                24,
                3,
                21,
                7
            ],
            [
                24,
                2,
                0,
                0
            ],
            [
                24,
                3,
                25,
                11
            ],
            [
                24,
                3,
                20,
                6
            ],
            [
                24,
                4,
                14,
                0
            ],
            [
                25,
                2,
                2,
                0
            ],
            [
                25,
                4,
                29,
                1
            ],
            [
                25,
                4,
                31,
                3
            ],
            [
                25,
                3,
                22,
                8
            ],
            [
                25,
                2,
                2,
                0
            ],
            [
                25,
                4,
                30,
                2
            ],
            [
                25,
                2,
                2,
                0
            ],
            [
                25,
                4,
                29,
                1
            ],
            [
                25,
                3,
                15,
                1
            ],
            [
                25,
                1,
                0,
                0
            ],
            [
                25,
                3,
                15,
                1
            ],
            [
                25,
                3,
                8,
                0
            ],
            [
                25,
                3,
                22,
                8
            ],
            [
                25,
                2,
                0,
                0
            ],
            [
                26,
                2,
                0,
                0
            ],
            [
                26,
                2,
                0,
                0
            ],
            [
                26,
                3,
                21,
                7
            ],
            [
                26,
                3,
                15,
                1
            ],
            [
                26,
                3,
                23,
                9
            ],
            [
                26,
                3,
                23,
                9
            ],
            [
                26,
                4,
                30,
                2
            ],
            [
                26,
                4,
                30,
                2
            ],
            [
                27,
                3,
                23,
                9
            ],
            [
                27,
                2,
                2,
                0
            ],
            [
                27,
                3,
                13,
                0
            ],
            [
                27,
                3,
                22,
                8
            ],
            [
                27,
                4,
                30,
                2
            ],
            [
                27,
                2,
                0,
                0
            ],
            [
                27,
                3,
                23,
                9
            ],
            [
                27,
                4,
                30,
                2
            ],
            [
                27,
                4,
                30,
                2
            ],
            [
                27,
                2,
                2,
                0
            ],
            [
                27,
                4,
                30,
                2
            ],
            [
                27,
                2,
                2,
                0
            ],
            [
                27,
                4,
                29,
                1
            ],
            [
                28,
                4,
                29,
                1
            ],
            [
                28,
                4,
                32,
                4
            ],
            [
                28,
                4,
                29,
                1
            ],
            [
                28,
                4,
                29,
                1
            ],
            [
                28,
                4,
                29,
                1
            ],
            [
                28,
                4,
                29,
                1
            ],
            [
                28,
                3,
                21,
                7
            ],
            [
                28,
                2,
                4,
                0
            ],
            [
                28,
                2,
                4,
                0
            ],
            [
                29,
                3,
                10,
                0
            ],
            [
                29,
                4,
                27,
                0
            ],
            [
                29,
                3,
                24,
                10
            ],
            [
                29,
                3,
                24,
                10
            ],
            [
                29,
                3,
                24,
                10
            ],
            [
                29,
                4,
                31,
                3
            ],
            [
                29,
                3,
                24,
                10
            ],
            [
                29,
                3,
                24,
                10
            ]
        ],
        "lWaitDayByPriority": [
            4968,
            0,
            143,
            2424,
            2401
        ],
        "objval": 2278.1317628691804,
        "std_occupancy": 2.342130592380831
    },
    "runtime": 54022.5665166378,
    "simdays": 30,
    "solver": "static"
}