{
    "arrivalrate": 10.1,
    "ins_name": 349,
    "ins_path": "/home/tusan/projects/def-roussea5/tusan/software/RTSP-scheduling/data/7linacs_10.1_fluctuate/instances",
    "lNoNewPatients": [
        291,
        1,
        107,
        110,
        73
    ],
    "lNoPatients": [
        523,
        1,
        121,
        241,
        160
    ],
    "lNoSections": [
        3999,
        2,
        322,
        2246,
        1429
    ],
    "mipgap": 0.0271584410811271,
    "noLinacs": 7,
    "noSlotsPerDay": 120,
    "planningHorizon": 80,
    "runresult": {
        "avg_occupancy": 97.17460317460318,
        "feasibility": true,
        "lAvgLateDayByPriority": [
            4.903780068728523,
            0.0,
            0.0,
            9.063636363636364,
            5.890410958904109
        ],
        "lAvgWaitDayByPriority": [
            17.079037800687285,
            0.0,
            1.411214953271028,
            22.20909090909091,
            32.54794520547945
        ],
        "lLateDayByPriority": [
            1427,
            0,
            0,
            997,
            430
        ],
        "lOccupancy": {
            "0": [
                0.0,
                0.0,
                0.0,
                0.0,
                0.0,
                0.0,
                0.0,
                0.0,
                0.0,
                0.0,
                0.0,
                0.0,
                0.0,
                0.0,
                0.0,
                0.0,
                0.0,
                0.0,
                0.0,
                0.0,
                0.0,
                0.0,
                0.0,
                0.0,
                0.0,
                0.0,
                0.0,
                0.7142857142857143,
                0.7142857142857143,
                0.0
            ],
            "1": [
                11.071428571428571,
                6.428571428571428,
                8.928571428571429,
                8.928571428571429,
                11.30952380952381,
                11.666666666666666,
                11.666666666666666,
                10.595238095238095,
                10.952380952380953,
                11.071428571428571,
                8.928571428571429,
                7.5,
                10.0,
                9.642857142857144,
                9.047619047619047,
                5.833333333333333,
                5.833333333333333,
                12.380952380952381,
                9.166666666666666,
                5.357142857142857,
                6.071428571428571,
                6.190476190476191,
                6.547619047619048,
                12.738095238095237,
                12.380952380952381,
                10.833333333333334,
                8.214285714285714,
                12.5,
                10.952380952380953,
                7.023809523809524
            ],
            "2": [
                53.92857142857142,
                52.61904761904762,
                51.78571428571429,
                52.261904761904766,
                54.285714285714285,
                55.23809523809524,
                55.00000000000001,
                55.35714285714286,
                54.88095238095239,
                55.595238095238095,
                57.61904761904761,
                58.0952380952381,
                56.666666666666664,
                59.64285714285714,
                61.42857142857143,
                61.904761904761905,
                62.73809523809524,
                57.02380952380952,
                58.80952380952381,
                63.21428571428571,
                62.142857142857146,
                65.47619047619048,
                63.095238095238095,
                58.92857142857143,
                58.57142857142858,
                61.42857142857143,
                64.40476190476191,
                58.333333333333336,
                58.57142857142858,
                61.904761904761905
            ],
            "3": [
                30.5952380952381,
                30.5952380952381,
                31.666666666666664,
                30.952380952380953,
                30.0,
                30.476190476190478,
                31.428571428571427,
                32.976190476190474,
                31.785714285714285,
                32.02380952380952,
                31.19047619047619,
                31.19047619047619,
                31.19047619047619,
                28.57142857142857,
                27.976190476190478,
                30.119047619047617,
                27.023809523809522,
                28.92857142857143,
                30.238095238095237,
                30.119047619047617,
                29.761904761904763,
                26.547619047619047,
                27.142857142857142,
                27.380952380952383,
                26.666666666666668,
                25.952380952380956,
                25.952380952380956,
                27.857142857142858,
                28.92857142857143,
                27.857142857142858
            ],
            "overall": [
                95.5952380952381,
                89.64285714285715,
                92.38095238095238,
                92.14285714285715,
                95.5952380952381,
                97.3809523809524,
                98.0952380952381,
                98.92857142857144,
                97.61904761904762,
                98.69047619047619,
                97.73809523809523,
                96.78571428571429,
                97.85714285714285,
                97.85714285714285,
                98.45238095238096,
                97.85714285714286,
                95.59523809523809,
                98.33333333333333,
                98.21428571428572,
                98.69047619047619,
                97.97619047619048,
                98.21428571428572,
                96.78571428571428,
                99.04761904761905,
                97.61904761904763,
                98.21428571428572,
                98.57142857142858,
                99.40476190476191,
                99.16666666666667,
                96.78571428571429
            ]
        },
        "lWaitAndOverdue": [
            [
                0,
                2,
                2,
                0
            ],
            [
                0,
                4,
                44,
                16
            ],
            [
                0,
                3,
                7,
                0
            ],
            [
                0,
                4,
                44,
                16
            ],
            [
                0,
                2,
                0,
                0
            ],
            [
                0,
                3,
                37,
                23
            ],
            [
                0,
                3,
                37,
                23
            ],
            [
                0,
                3,
                4,
                0
            ],
            [
                0,
                4,
                25,
                0
            ],
            [
                1,
                4,
                23,
                0
            ],
            [
                1,
                2,
                0,
                0
            ],
            [
                1,
                3,
                7,
                0
            ],
            [
                1,
                2,
                2,
                0
            ],
            [
                1,
                3,
                38,
                24
            ],
            [
                1,
                3,
                34,
                20
            ],
            [
                1,
                3,
                8,
                0
            ],
            [
                1,
                3,
                13,
                0
            ],
            [
                1,
                4,
                8,
                0
            ],
            [
                1,
                3,
                38,
                24
            ],
            [
                1,
                3,
                38,
                24
            ],
            [
                1,
                2,
                2,
                0
            ],
            [
                1,
                2,
                2,
                0
            ],
            [
                2,
                3,
                37,
                23
            ],
            [
                2,
                3,
                15,
                1
            ],
            [
                2,
                2,
                2,
                0
            ],
            [
                2,
                2,
                0,
                0
            ],
            [
                2,
                2,
                2,
                0
            ],
            [
                2,
                2,
                1,
                0
            ],
            [
                2,
                4,
                41,
                13
            ],
            [
                2,
                3,
                16,
                2
            ],
            [
                2,
                2,
                0,
                0
            ],
            [
                2,
                2,
                2,
                0
            ],
            [
                2,
                3,
                9,
                0
            ],
            [
                2,
                2,
                2,
                0
            ],
            [
                3,
                2,
                0,
                0
            ],
            [
                3,
                3,
                8,
                0
            ],
            [
                3,
                3,
                36,
                22
            ],
            [
                3,
                2,
                1,
                0
            ],
            [
                3,
                2,
                4,
                0
            ],
            [
                3,
                4,
                34,
                6
            ],
            [
                3,
                2,
                1,
                0
            ],
            [
                3,
                2,
                4,
                0
            ],
            [
                3,
                3,
                36,
                22
            ],
            [
                3,
                3,
                8,
                0
            ],
            [
                3,
                2,
                4,
                0
            ],
            [
                3,
                2,
                0,
                0
            ],
            [
                3,
                3,
                11,
                0
            ],
            [
                3,
                3,
                36,
                22
            ],
            [
                4,
                3,
                35,
                21
            ],
            [
                4,
                3,
                32,
                18
            ],
            [
                4,
                4,
                33,
                5
            ],
            [
                4,
                4,
                33,
                5
            ],
            [
                4,
                2,
                3,
                0
            ],
            [
                4,
                3,
                39,
                25
            ],
            [
                4,
                2,
                4,
                0
            ],
            [
                4,
                4,
                17,
                0
            ],
            [
                4,
                2,
                0,
                0
            ],
            [
                4,
                2,
                4,
                0
            ],
            [
                4,
                3,
                32,
                18
            ],
            [
                5,
                2,
                0,
                0
            ],
            [
                5,
                2,
                0,
                0
            ],
            [
                5,
                2,
                1,
                0
            ],
            [
                5,
                2,
                1,
                0
            ],
            [
                5,
                2,
                1,
                0
            ],
            [
                5,
                3,
                29,
                15
            ],
            [
                5,
                4,
                30,
                2
            ],
            [
                5,
                2,
                0,
                0
            ],
            [
                6,
                4,
                13,
                0
            ],
            [
                6,
                4,
                29,
                1
            ],
            [
                6,
                3,
                16,
                2
            ],
            [
                6,
                3,
                36,
                22
            ],
            [
                6,
                2,
                1,
                0
            ],
            [
                6,
                2,
                0,
                0
            ],
            [
                6,
                3,
                36,
                22
            ],
            [
                7,
                3,
                35,
                21
            ],
            [
                7,
                2,
                1,
                0
            ],
            [
                7,
                2,
                2,
                0
            ],
            [
                7,
                2,
                2,
                0
            ],
            [
                7,
                4,
                41,
                13
            ],
            [
                7,
                3,
                8,
                0
            ],
            [
                7,
                4,
                35,
                7
            ],
            [
                7,
                3,
                35,
                21
            ],
            [
                8,
                4,
                40,
                12
            ],
            [
                8,
                4,
                32,
                4
            ],
            [
                8,
                3,
                29,
                15
            ],
            [
                8,
                2,
                0,
                0
            ],
            [
                8,
                3,
                26,
                12
            ],
            [
                8,
                3,
                14,
                0
            ],
            [
                8,
                2,
                4,
                0
            ],
            [
                8,
                2,
                4,
                0
            ],
            [
                9,
                3,
                14,
                0
            ],
            [
                9,
                2,
                0,
                0
            ],
            [
                9,
                2,
                0,
                0
            ],
            [
                9,
                3,
                33,
                19
            ],
            [
                9,
                2,
                4,
                0
            ],
            [
                9,
                4,
                41,
                13
            ],
            [
                9,
                4,
                28,
                0
            ],
            [
                9,
                4,
                39,
                11
            ],
            [
                10,
                2,
                1,
                0
            ],
            [
                10,
                3,
                31,
                17
            ],
            [
                10,
                2,
                1,
                0
            ],
            [
                10,
                3,
                31,
                17
            ],
            [
                10,
                3,
                25,
                11
            ],
            [
                10,
                3,
                30,
                16
            ],
            [
                10,
                3,
                31,
                17
            ],
            [
                10,
                4,
                30,
                2
            ],
            [
                10,
                3,
                31,
                17
            ],
            [
                11,
                2,
                2,
                0
            ],
            [
                11,
                2,
                1,
                0
            ],
            [
                11,
                3,
                31,
                17
            ],
            [
                11,
                3,
                9,
                0
            ],
            [
                11,
                4,
                29,
                1
            ],
            [
                12,
                2,
                1,
                0
            ],
            [
                12,
                2,
                1,
                0
            ],
            [
                12,
                3,
                30,
                16
            ],
            [
                12,
                3,
                19,
                5
            ],
            [
                12,
                4,
                37,
                9
            ],
            [
                12,
                4,
                37,
                9
            ],
            [
                12,
                2,
                1,
                0
            ],
            [
                12,
                2,
                1,
                0
            ],
            [
                12,
                2,
                0,
                0
            ],
            [
                12,
                2,
                2,
                0
            ],
            [
                12,
                2,
                2,
                0
            ],
            [
                12,
                2,
                0,
                0
            ],
            [
                13,
                3,
                20,
                6
            ],
            [
                13,
                2,
                1,
                0
            ],
            [
                13,
                2,
                1,
                0
            ],
            [
                13,
                3,
                8,
                0
            ],
            [
                13,
                3,
                19,
                5
            ],
            [
                14,
                3,
                18,
                4
            ],
            [
                14,
                2,
                4,
                0
            ],
            [
                14,
                3,
                28,
                14
            ],
            [
                14,
                3,
                19,
                5
            ],
            [
                14,
                4,
                28,
                0
            ],
            [
                15,
                4,
                37,
                9
            ],
            [
                15,
                3,
                23,
                9
            ],
            [
                15,
                2,
                0,
                0
            ],
            [
                15,
                3,
                25,
                11
            ],
            [
                15,
                3,
                15,
                1
            ],
            [
                15,
                3,
                25,
                11
            ],
            [
                15,
                2,
                1,
                0
            ],
            [
                15,
                4,
                37,
                9
            ],
            [
                15,
                2,
                2,
                0
            ],
            [
                15,
                3,
                25,
                11
            ],
            [
                15,
                2,
                2,
                0
            ],
            [
                15,
                2,
                2,
                0
            ],
            [
                16,
                4,
                29,
                1
            ],
            [
                16,
                3,
                16,
                2
            ],
            [
                16,
                4,
                37,
                9
            ],
            [
                16,
                4,
                36,
                8
            ],
            [
                16,
                4,
                37,
                9
            ],
            [
                16,
                4,
                37,
                9
            ],
            [
                16,
                2,
                2,
                0
            ],
            [
                16,
                2,
                1,
                0
            ],
            [
                17,
                4,
                37,
                9
            ],
            [
                17,
                3,
                13,
                0
            ],
            [
                17,
                4,
                15,
                0
            ],
            [
                17,
                2,
                0,
                0
            ],
            [
                17,
                4,
                37,
                9
            ],
            [
                17,
                4,
                37,
                9
            ],
            [
                17,
                2,
                1,
                0
            ],
            [
                17,
                3,
                15,
                1
            ],
            [
                18,
                3,
                26,
                12
            ],
            [
                18,
                3,
                27,
                13
            ],
            [
                18,
                3,
                28,
                14
            ],
            [
                18,
                3,
                27,
                13
            ],
            [
                18,
                2,
                4,
                0
            ],
            [
                18,
                3,
                12,
                0
            ],
            [
                18,
                4,
                36,
                8
            ],
            [
                18,
                4,
                36,
                8
            ],
            [
                19,
                2,
                0,
                0
            ],
            [
                19,
                2,
                0,
                0
            ],
            [
                19,
                3,
                26,
                12
            ],
            [
                19,
                2,
                0,
                0
            ],
            [
                19,
                3,
                13,
                0
            ],
            [
                19,
                4,
                39,
                11
            ],
            [
                19,
                4,
                42,
                14
            ],
            [
                19,
                3,
                14,
                0
            ],
            [
                19,
                2,
                4,
                0
            ],
            [
                19,
                4,
                40,
                12
            ],
            [
                19,
                4,
                40,
                12
            ],
            [
                19,
                4,
                24,
                0
            ],
            [
                19,
                2,
                0,
                0
            ],
            [
                19,
                4,
                39,
                11
            ],
            [
                20,
                4,
                37,
                9
            ],
            [
                20,
                2,
                1,
                0
            ],
            [
                20,
                3,
                15,
                1
            ],
            [
                20,
                2,
                0,
                0
            ],
            [
                20,
                2,
                2,
                0
            ],
            [
                20,
                4,
                37,
                9
            ],
            [
                20,
                4,
                36,
                8
            ],
            [
                20,
                4,
                37,
                9
            ],
            [
                20,
                4,
                38,
                10
            ],
            [
                20,
                4,
                39,
                11
            ],
            [
                20,
                4,
                38,
                10
            ],
            [
                20,
                4,
                25,
                0
            ],
            [
                21,
                2,
                2,
                0
            ],
            [
                21,
                4,
                37,
                9
            ],
            [
                21,
                2,
                0,
                0
            ],
            [
                21,
                2,
                2,
                0
            ],
            [
                21,
                2,
                0,
                0
            ],
            [
                21,
                3,
                24,
                10
            ],
            [
                21,
                3,
                24,
                10
            ],
            [
                21,
                3,
                23,
                9
            ],
            [
                21,
                3,
                24,
                10
            ],
            [
                22,
                3,
                23,
                9
            ],
            [
                22,
                2,
                1,
                0
            ],
            [
                22,
                2,
                1,
                0
            ],
            [
                22,
                2,
                2,
                0
            ],
            [
                22,
                2,
                0,
                0
            ],
            [
                22,
                2,
                1,
                0
            ],
            [
                22,
                2,
                1,
                0
            ],
            [
                22,
                2,
                2,
                0
            ],
            [
                22,
                2,
                2,
                0
            ],
            [
                22,
                3,
                23,
                9
            ],
            [
                22,
                3,
                8,
                0
            ],
            [
                22,
                4,
                36,
                8
            ],
            [
                22,
                2,
                0,
                0
            ],
            [
                22,
                2,
                2,
                0
            ],
            [
                22,
                3,
                9,
                0
            ],
            [
                22,
                3,
                23,
                9
            ],
            [
                22,
                2,
                1,
                0
            ],
            [
                22,
                2,
                2,
                0
            ],
            [
                23,
                3,
                12,
                0
            ],
            [
                23,
                3,
                14,
                0
            ],
            [
                23,
                3,
                26,
                12
            ],
            [
                23,
                4,
                35,
                7
            ],
            [
                23,
                3,
                13,
                0
            ],
            [
                23,
                4,
                35,
                7
            ],
            [
                23,
                2,
                4,
                0
            ],
            [
                23,
                3,
                27,
                13
            ],
            [
                23,
                2,
                0,
                0
            ],
            [
                24,
                3,
                26,
                12
            ],
            [
                24,
                2,
                3,
                0
            ],
            [
                24,
                3,
                17,
                3
            ],
            [
                24,
                4,
                18,
                0
            ],
            [
                24,
                2,
                3,
                0
            ],
            [
                24,
                2,
                0,
                0
            ],
            [
                25,
                4,
                32,
                4
            ],
            [
                25,
                3,
                23,
                9
            ],
            [
                25,
                3,
                23,
                9
            ],
            [
                25,
                3,
                23,
                9
            ],
            [
                25,
                3,
                23,
                9
            ],
            [
                25,
                3,
                9,
                0
            ],
            [
                25,
                3,
                24,
                10
            ],
            [
                25,
                3,
                23,
                9
            ],
            [
                25,
                2,
                2,
                0
            ],
            [
                26,
                3,
                15,
                1
            ],
            [
                26,
                3,
                23,
                9
            ],
            [
                26,
                2,
                1,
                0
            ],
            [
                26,
                3,
                23,
                9
            ],
            [
                26,
                3,
                15,
                1
            ],
            [
                26,
                4,
                14,
                0
            ],
            [
                26,
                2,
                1,
                0
            ],
            [
                26,
                4,
                31,
                3
            ],
            [
                26,
                4,
                31,
                3
            ],
            [
                26,
                3,
                23,
                9
            ],
            [
                26,
                2,
                0,
                0
            ],
            [
                26,
                4,
                31,
                3
            ],
            [
                26,
                2,
                2,
                0
            ],
            [
                27,
                4,
                29,
                1
            ],
            [
                27,
                3,
                13,
                0
            ],
            [
                27,
                1,
                0,
                0
            ],
            [
                27,
                3,
                13,
                0
            ],
            [
                27,
                3,
                13,
                0
            ],
            [
                27,
                3,
                23,
                9
            ],
            [
                27,
                2,
                0,
                0
            ],
            [
                27,
                2,
                0,
                0
            ],
            [
                27,
                2,
                0,
                0
            ],
            [
                27,
                3,
                23,
                9
            ],
            [
                27,
                3,
                14,
                0
            ],
            [
                27,
                3,
                23,
                9
            ],
            [
                27,
                3,
                23,
                9
            ],
            [
                27,
                4,
                30,
                2
            ],
            [
                27,
                4,
                30,
                2
            ],
            [
                28,
                3,
                26,
                12
            ],
            [
                28,
                2,
                4,
                0
            ],
            [
                28,
                3,
                18,
                4
            ],
            [
                28,
                3,
                22,
                8
            ],
            [
                28,
                4,
                29,
                1
            ],
            [
                28,
                2,
                0,
                0
            ],
            [
                28,
                3,
                22,
                8
            ],
            [
                28,
                4,
                29,
                1
            ],
            [
                28,
                4,
                29,
                1
            ],
            [
                28,
                2,
                4,
                0
            ],
            [
                29,
                4,
                28,
                0
            ],
            [
                29,
                2,
                4,
                0
            ],
            [
                29,
                4,
                31,
                3
            ],
            [
                29,
                4,
                28,
                0
            ],
            [
                29,
                4,
                31,
                3
            ],
            [
                29,
                4,
                32,
                4
            ]
        ],
        "lWaitDayByPriority": [
            4970,
            0,
            151,
            2443,
            2376
        ],
        "objval": 2283.823232969821,
        "std_occupancy": 2.197696290352898
    },
    "runtime": 54021.69327521324,
    "simdays": 30,
    "solver": "static"
}