{
    "arrivalrate": 10.1,
    "ins_name": 351,
    "ins_path": "/home/tusan/projects/def-roussea5/tusan/software/RTSP-scheduling/data/7linacs_10.1_fluctuate/instances",
    "lNoNewPatients": [
        289,
        1,
        105,
        108,
        75
    ],
    "lNoPatients": [
        530,
        1,
        121,
        248,
        160
    ],
    "lNoSections": [
        4033,
        2,
        322,
        2266,
        1443
    ],
    "mipgap": 0.01756131457649644,
    "noLinacs": 7,
    "noSlotsPerDay": 120,
    "planningHorizon": 80,
    "runresult": {
        "avg_occupancy": 96.82142857142858,
        "feasibility": true,
        "lAvgLateDayByPriority": [
            5.764705882352941,
            0.0,
            0.0,
            10.49074074074074,
            7.1066666666666665
        ],
        "lAvgWaitDayByPriority": [
            18.176470588235293,
            0.0,
            1.3904761904761904,
            23.944444444444443,
            33.61333333333334
        ],
        "lLateDayByPriority": [
            1666,
            0,
            0,
            1133,
            533
        ],
        "lOccupancy": {
            "0": [
                0.0,
                0.0,
                0.0,
                0.0,
                0.0,
                0.0,
                0.0,
                0.0,
                0.0,
                0.0,
                0.0,
                0.0,
                0.0,
                0.0,
                0.0,
                0.0,
                0.0,
                0.0,
                0.0,
                0.0,
                0.0,
                0.0,
                0.0,
                0.0,
                0.7142857142857143,
                0.7142857142857143,
                0.0,
                0.0,
                0.0,
                0.0
            ],
            "1": [
                11.071428571428571,
                9.523809523809524,
                6.309523809523809,
                10.595238095238095,
                12.738095238095237,
                13.80952380952381,
                11.071428571428571,
                12.5,
                14.285714285714285,
                10.714285714285714,
                7.261904761904763,
                7.976190476190475,
                5.833333333333333,
                5.238095238095238,
                7.976190476190475,
                6.904761904761905,
                6.904761904761905,
                5.476190476190476,
                8.80952380952381,
                13.690476190476192,
                11.428571428571429,
                13.571428571428571,
                7.142857142857142,
                8.571428571428571,
                5.595238095238096,
                10.0,
                8.214285714285714,
                9.642857142857144,
                10.238095238095237,
                7.738095238095238
            ],
            "2": [
                54.4047619047619,
                53.214285714285715,
                52.023809523809526,
                51.3095238095238,
                52.976190476190474,
                52.73809523809524,
                54.166666666666664,
                53.80952380952381,
                53.80952380952381,
                57.14285714285714,
                58.0952380952381,
                58.80952380952381,
                60.11904761904761,
                62.976190476190474,
                58.80952380952381,
                59.76190476190476,
                58.92857142857143,
                58.452380952380956,
                60.11904761904761,
                59.88095238095238,
                58.80952380952381,
                57.61904761904761,
                61.07142857142858,
                61.42857142857143,
                62.26190476190476,
                58.69047619047619,
                61.78571428571429,
                61.78571428571429,
                60.71428571428571,
                62.857142857142854
            ],
            "3": [
                29.523809523809526,
                30.476190476190478,
                31.785714285714285,
                32.5,
                30.952380952380953,
                31.19047619047619,
                30.119047619047617,
                31.9047619047619,
                30.833333333333336,
                30.5952380952381,
                28.333333333333332,
                28.214285714285715,
                29.642857142857142,
                28.69047619047619,
                32.261904761904766,
                31.547619047619047,
                32.02380952380952,
                29.404761904761905,
                25.833333333333336,
                25.833333333333336,
                27.857142857142858,
                26.785714285714285,
                28.809523809523807,
                28.095238095238095,
                29.642857142857142,
                29.04761904761905,
                29.04761904761905,
                27.61904761904762,
                27.61904761904762,
                27.61904761904762
            ],
            "overall": [
                95.0,
                93.21428571428572,
                90.11904761904762,
                94.4047619047619,
                96.66666666666666,
                97.73809523809524,
                95.35714285714286,
                98.21428571428571,
                98.92857142857144,
                98.45238095238095,
                93.69047619047619,
                95.0,
                95.59523809523809,
                96.9047619047619,
                99.04761904761907,
                98.21428571428571,
                97.85714285714286,
                93.33333333333334,
                94.76190476190476,
                99.4047619047619,
                98.0952380952381,
                97.97619047619048,
                97.02380952380953,
                98.0952380952381,
                98.21428571428571,
                98.45238095238095,
                99.04761904761905,
                99.04761904761905,
                98.57142857142857,
                98.21428571428571
            ]
        },
        "lWaitAndOverdue": [
            [
                0,
                4,
                9,
                0
            ],
            [
                0,
                2,
                1,
                0
            ],
            [
                0,
                2,
                1,
                0
            ],
            [
                0,
                3,
                39,
                25
            ],
            [
                0,
                3,
                32,
                18
            ],
            [
                0,
                2,
                0,
                0
            ],
            [
                0,
                2,
                0,
                0
            ],
            [
                0,
                3,
                11,
                0
            ],
            [
                1,
                3,
                38,
                24
            ],
            [
                1,
                3,
                38,
                24
            ],
            [
                1,
                3,
                31,
                17
            ],
            [
                1,
                4,
                31,
                3
            ],
            [
                1,
                4,
                36,
                8
            ],
            [
                1,
                2,
                2,
                0
            ],
            [
                1,
                3,
                38,
                24
            ],
            [
                1,
                2,
                0,
                0
            ],
            [
                1,
                4,
                8,
                0
            ],
            [
                2,
                2,
                0,
                0
            ],
            [
                2,
                2,
                1,
                0
            ],
            [
                2,
                3,
                33,
                19
            ],
            [
                2,
                2,
                2,
                0
            ],
            [
                2,
                2,
                2,
                0
            ],
            [
                2,
                2,
                1,
                0
            ],
            [
                2,
                2,
                2,
                0
            ],
            [
                2,
                2,
                1,
                0
            ],
            [
                2,
                3,
                28,
                14
            ],
            [
                2,
                4,
                35,
                7
            ],
            [
                2,
                2,
                2,
                0
            ],
            [
                2,
                4,
                9,
                0
            ],
            [
                3,
                4,
                36,
                8
            ],
            [
                3,
                3,
                8,
                0
            ],
            [
                3,
                3,
                36,
                22
            ],
            [
                3,
                2,
                1,
                0
            ],
            [
                3,
                2,
                0,
                0
            ],
            [
                3,
                3,
                29,
                15
            ],
            [
                3,
                3,
                36,
                22
            ],
            [
                3,
                2,
                0,
                0
            ],
            [
                3,
                2,
                4,
                0
            ],
            [
                3,
                2,
                0,
                0
            ],
            [
                3,
                4,
                43,
                15
            ],
            [
                4,
                3,
                11,
                0
            ],
            [
                4,
                4,
                35,
                7
            ],
            [
                4,
                3,
                35,
                21
            ],
            [
                4,
                4,
                35,
                7
            ],
            [
                4,
                4,
                35,
                7
            ],
            [
                4,
                3,
                11,
                0
            ],
            [
                4,
                2,
                0,
                0
            ],
            [
                4,
                3,
                26,
                12
            ],
            [
                4,
                3,
                34,
                20
            ],
            [
                4,
                2,
                3,
                0
            ],
            [
                4,
                2,
                3,
                0
            ],
            [
                5,
                3,
                9,
                0
            ],
            [
                5,
                2,
                0,
                0
            ],
            [
                5,
                2,
                2,
                0
            ],
            [
                5,
                3,
                39,
                25
            ],
            [
                5,
                2,
                1,
                0
            ],
            [
                5,
                4,
                44,
                16
            ],
            [
                5,
                4,
                30,
                2
            ],
            [
                5,
                4,
                43,
                15
            ],
            [
                5,
                2,
                2,
                0
            ],
            [
                5,
                3,
                38,
                24
            ],
            [
                6,
                2,
                1,
                0
            ],
            [
                6,
                3,
                38,
                24
            ],
            [
                6,
                3,
                31,
                17
            ],
            [
                6,
                3,
                38,
                24
            ],
            [
                6,
                3,
                38,
                24
            ],
            [
                6,
                4,
                8,
                0
            ],
            [
                6,
                3,
                38,
                24
            ],
            [
                6,
                2,
                0,
                0
            ],
            [
                7,
                2,
                1,
                0
            ],
            [
                7,
                3,
                37,
                23
            ],
            [
                7,
                3,
                8,
                0
            ],
            [
                7,
                4,
                30,
                2
            ],
            [
                7,
                2,
                1,
                0
            ],
            [
                7,
                2,
                0,
                0
            ],
            [
                7,
                3,
                37,
                23
            ],
            [
                8,
                3,
                11,
                0
            ],
            [
                8,
                4,
                42,
                14
            ],
            [
                8,
                4,
                42,
                14
            ],
            [
                8,
                2,
                0,
                0
            ],
            [
                8,
                2,
                0,
                0
            ],
            [
                8,
                2,
                1,
                0
            ],
            [
                8,
                2,
                1,
                0
            ],
            [
                8,
                2,
                1,
                0
            ],
            [
                8,
                2,
                4,
                0
            ],
            [
                9,
                3,
                19,
                5
            ],
            [
                9,
                2,
                3,
                0
            ],
            [
                9,
                2,
                4,
                0
            ],
            [
                9,
                3,
                6,
                0
            ],
            [
                9,
                3,
                7,
                0
            ],
            [
                9,
                3,
                11,
                0
            ],
            [
                9,
                2,
                0,
                0
            ],
            [
                9,
                3,
                35,
                21
            ],
            [
                9,
                3,
                19,
                5
            ],
            [
                10,
                4,
                28,
                0
            ],
            [
                10,
                4,
                39,
                11
            ],
            [
                10,
                3,
                25,
                11
            ],
            [
                10,
                2,
                2,
                0
            ],
            [
                10,
                3,
                32,
                18
            ],
            [
                10,
                3,
                22,
                8
            ],
            [
                10,
                3,
                23,
                9
            ],
            [
                10,
                2,
                1,
                0
            ],
            [
                10,
                4,
                38,
                10
            ],
            [
                11,
                2,
                2,
                0
            ],
            [
                11,
                3,
                31,
                17
            ],
            [
                11,
                2,
                2,
                0
            ],
            [
                11,
                2,
                0,
                0
            ],
            [
                11,
                4,
                31,
                3
            ],
            [
                11,
                3,
                21,
                7
            ],
            [
                11,
                4,
                38,
                10
            ],
            [
                11,
                4,
                36,
                8
            ],
            [
                12,
                4,
                42,
                14
            ],
            [
                12,
                4,
                42,
                14
            ],
            [
                12,
                2,
                0,
                0
            ],
            [
                12,
                2,
                2,
                0
            ],
            [
                12,
                4,
                30,
                2
            ],
            [
                12,
                3,
                14,
                0
            ],
            [
                13,
                4,
                11,
                0
            ],
            [
                13,
                2,
                1,
                0
            ],
            [
                13,
                4,
                42,
                14
            ],
            [
                13,
                4,
                42,
                14
            ],
            [
                13,
                2,
                1,
                0
            ],
            [
                13,
                3,
                22,
                8
            ],
            [
                13,
                3,
                29,
                15
            ],
            [
                13,
                3,
                29,
                15
            ],
            [
                13,
                3,
                32,
                18
            ],
            [
                13,
                3,
                34,
                20
            ],
            [
                14,
                2,
                0,
                0
            ],
            [
                14,
                3,
                18,
                4
            ],
            [
                14,
                4,
                41,
                13
            ],
            [
                14,
                4,
                41,
                13
            ],
            [
                14,
                2,
                4,
                0
            ],
            [
                14,
                2,
                3,
                0
            ],
            [
                14,
                3,
                27,
                13
            ],
            [
                14,
                2,
                0,
                0
            ],
            [
                14,
                3,
                18,
                4
            ],
            [
                14,
                4,
                41,
                13
            ],
            [
                15,
                4,
                50,
                22
            ],
            [
                15,
                3,
                17,
                3
            ],
            [
                15,
                2,
                1,
                0
            ],
            [
                15,
                4,
                39,
                11
            ],
            [
                15,
                4,
                39,
                11
            ],
            [
                16,
                4,
                27,
                0
            ],
            [
                16,
                2,
                0,
                0
            ],
            [
                16,
                4,
                41,
                13
            ],
            [
                16,
                4,
                41,
                13
            ],
            [
                16,
                2,
                1,
                0
            ],
            [
                16,
                3,
                16,
                2
            ],
            [
                16,
                2,
                2,
                0
            ],
            [
                16,
                2,
                0,
                0
            ],
            [
                16,
                4,
                41,
                13
            ],
            [
                16,
                4,
                41,
                13
            ],
            [
                16,
                4,
                41,
                13
            ],
            [
                16,
                4,
                41,
                13
            ],
            [
                16,
                4,
                49,
                21
            ],
            [
                17,
                4,
                40,
                12
            ],
            [
                17,
                4,
                28,
                0
            ],
            [
                17,
                2,
                2,
                0
            ],
            [
                17,
                4,
                40,
                12
            ],
            [
                17,
                2,
                2,
                0
            ],
            [
                17,
                2,
                2,
                0
            ],
            [
                17,
                2,
                2,
                0
            ],
            [
                17,
                3,
                29,
                15
            ],
            [
                18,
                3,
                28,
                14
            ],
            [
                18,
                3,
                29,
                15
            ],
            [
                18,
                3,
                28,
                14
            ],
            [
                18,
                3,
                29,
                15
            ],
            [
                18,
                2,
                0,
                0
            ],
            [
                18,
                2,
                4,
                0
            ],
            [
                18,
                2,
                0,
                0
            ],
            [
                18,
                2,
                1,
                0
            ],
            [
                18,
                2,
                0,
                0
            ],
            [
                18,
                2,
                0,
                0
            ],
            [
                18,
                2,
                1,
                0
            ],
            [
                18,
                2,
                1,
                0
            ],
            [
                18,
                3,
                29,
                15
            ],
            [
                19,
                3,
                12,
                0
            ],
            [
                19,
                4,
                39,
                11
            ],
            [
                19,
                2,
                0,
                0
            ],
            [
                19,
                2,
                4,
                0
            ],
            [
                19,
                3,
                14,
                0
            ],
            [
                19,
                3,
                28,
                14
            ],
            [
                19,
                2,
                0,
                0
            ],
            [
                19,
                2,
                0,
                0
            ],
            [
                20,
                3,
                15,
                1
            ],
            [
                20,
                3,
                15,
                1
            ],
            [
                20,
                3,
                25,
                11
            ],
            [
                20,
                4,
                37,
                9
            ],
            [
                20,
                3,
                15,
                1
            ],
            [
                20,
                4,
                36,
                8
            ],
            [
                20,
                2,
                0,
                0
            ],
            [
                20,
                3,
                25,
                11
            ],
            [
                21,
                2,
                0,
                0
            ],
            [
                21,
                3,
                24,
                10
            ],
            [
                21,
                2,
                0,
                0
            ],
            [
                21,
                3,
                14,
                0
            ],
            [
                21,
                4,
                27,
                0
            ],
            [
                21,
                2,
                0,
                0
            ],
            [
                21,
                2,
                2,
                0
            ],
            [
                21,
                4,
                24,
                0
            ],
            [
                21,
                3,
                24,
                10
            ],
            [
                21,
                3,
                24,
                10
            ],
            [
                21,
                3,
                22,
                8
            ],
            [
                21,
                3,
                24,
                10
            ],
            [
                21,
                3,
                14,
                0
            ],
            [
                21,
                3,
                24,
                10
            ],
            [
                22,
                3,
                23,
                9
            ],
            [
                22,
                2,
                2,
                0
            ],
            [
                22,
                3,
                9,
                0
            ],
            [
                22,
                3,
                28,
                14
            ],
            [
                22,
                2,
                1,
                0
            ],
            [
                22,
                3,
                28,
                14
            ],
            [
                22,
                3,
                16,
                2
            ],
            [
                22,
                4,
                26,
                0
            ],
            [
                22,
                2,
                1,
                0
            ],
            [
                23,
                4,
                29,
                1
            ],
            [
                23,
                4,
                34,
                6
            ],
            [
                23,
                3,
                28,
                14
            ],
            [
                23,
                2,
                4,
                0
            ],
            [
                23,
                4,
                34,
                6
            ],
            [
                23,
                2,
                1,
                0
            ],
            [
                23,
                4,
                29,
                1
            ],
            [
                23,
                3,
                12,
                0
            ],
            [
                24,
                1,
                0,
                0
            ],
            [
                24,
                3,
                17,
                3
            ],
            [
                24,
                3,
                17,
                3
            ],
            [
                24,
                3,
                27,
                13
            ],
            [
                24,
                2,
                3,
                0
            ],
            [
                24,
                2,
                4,
                0
            ],
            [
                24,
                2,
                3,
                0
            ],
            [
                24,
                3,
                21,
                7
            ],
            [
                24,
                3,
                17,
                3
            ],
            [
                24,
                3,
                28,
                14
            ],
            [
                24,
                3,
                28,
                14
            ],
            [
                24,
                4,
                33,
                5
            ],
            [
                25,
                4,
                31,
                3
            ],
            [
                25,
                3,
                25,
                11
            ],
            [
                25,
                2,
                2,
                0
            ],
            [
                25,
                3,
                15,
                1
            ],
            [
                25,
                3,
                23,
                9
            ],
            [
                25,
                4,
                31,
                3
            ],
            [
                25,
                2,
                0,
                0
            ],
            [
                25,
                3,
                25,
                11
            ],
            [
                25,
                4,
                31,
                3
            ],
            [
                25,
                4,
                31,
                3
            ],
            [
                25,
                2,
                1,
                0
            ],
            [
                26,
                4,
                31,
                3
            ],
            [
                26,
                2,
                2,
                0
            ],
            [
                26,
                4,
                31,
                3
            ],
            [
                26,
                4,
                31,
                3
            ],
            [
                26,
                4,
                31,
                3
            ],
            [
                26,
                4,
                31,
                3
            ],
            [
                26,
                4,
                31,
                3
            ],
            [
                26,
                4,
                31,
                3
            ],
            [
                27,
                4,
                33,
                5
            ],
            [
                27,
                3,
                26,
                12
            ],
            [
                27,
                2,
                2,
                0
            ],
            [
                27,
                2,
                0,
                0
            ],
            [
                27,
                3,
                13,
                0
            ],
            [
                27,
                4,
                21,
                0
            ],
            [
                27,
                3,
                26,
                12
            ],
            [
                27,
                3,
                26,
                12
            ],
            [
                27,
                3,
                27,
                13
            ],
            [
                27,
                4,
                34,
                6
            ],
            [
                27,
                3,
                26,
                12
            ],
            [
                27,
                3,
                26,
                12
            ],
            [
                27,
                2,
                2,
                0
            ],
            [
                27,
                2,
                1,
                0
            ],
            [
                27,
                2,
                1,
                0
            ],
            [
                28,
                4,
                26,
                0
            ],
            [
                28,
                3,
                26,
                12
            ],
            [
                28,
                2,
                4,
                0
            ],
            [
                28,
                3,
                15,
                1
            ],
            [
                28,
                3,
                14,
                0
            ],
            [
                28,
                2,
                4,
                0
            ],
            [
                28,
                2,
                0,
                0
            ],
            [
                28,
                3,
                12,
                0
            ],
            [
                28,
                2,
                1,
                0
            ],
            [
                28,
                2,
                4,
                0
            ],
            [
                28,
                2,
                1,
                0
            ],
            [
                28,
                3,
                14,
                0
            ],
            [
                29,
                2,
                4,
                0
            ],
            [
                29,
                4,
                33,
                5
            ],
            [
                29,
                2,
                3,
                0
            ],
            [
                29,
                3,
                14,
                0
            ],
            [
                29,
                2,
                4,
                0
            ],
            [
                29,
                3,
                35,
                21
            ],
            [
                29,
                3,
                25,
                11
            ],
            [
                29,
                4,
                34,
                6
            ]
        ],
        "lWaitDayByPriority": [
            5253,
            0,
            146,
            2586,
            2521
        ],
        "objval": 2289.059947089947,
        "std_occupancy": 2.2282691254739495
    },
    "runtime": 54021.826702833176,
    "simdays": 30,
    "solver": "static"
}