{
    "arrivalrate": 10.1,
    "ins_name": 399,
    "ins_path": "/home/tusan/projects/def-roussea5/tusan/software/RTSP-scheduling/data/7linacs_10.1_fluctuate/instances",
    "lNoNewPatients": [
        313,
        1,
        121,
        116,
        75
    ],
    "lNoPatients": [
        551,
        1,
        136,
        253,
        161
    ],
    "lNoSections": [
        4174,
        2,
        353,
        2372,
        1447
    ],
    "mipgap": 0.014993760451282158,
    "noLinacs": 7,
    "noSlotsPerDay": 120,
    "planningHorizon": 80,
    "runresult": {
        "avg_occupancy": 97.19444444444447,
        "feasibility": true,
        "lAvgLateDayByPriority": [
            6.1916932907348246,
            0.0,
            0.0,
            11.206896551724139,
            8.506666666666666
        ],
        "lAvgWaitDayByPriority": [
            18.124600638977636,
            0.0,
            1.4049586776859504,
            24.612068965517242,
            35.306666666666665
        ],
        "lLateDayByPriority": [
            1938,
            0,
            0,
            1300,
            638
        ],
        "lOccupancy": {
            "0": [
                0.0,
                0.0,
                0.0,
                0.0,
                0.0,
                0.0,
                0.0,
                0.0,
                0.0,
                0.0,
                0.0,
                0.0,
                0.0,
                0.0,
                0.0,
                0.0,
                0.0,
                0.0,
                0.0,
                0.0,
                0.0,
                0.0,
                0.7142857142857143,
                0.7142857142857143,
                0.0,
                0.0,
                0.0,
                0.0,
                0.0,
                0.0
            ],
            "1": [
                7.5,
                9.523809523809524,
                13.095238095238097,
                8.452380952380953,
                10.238095238095237,
                9.880952380952381,
                8.571428571428571,
                14.642857142857144,
                14.642857142857144,
                13.571428571428571,
                14.166666666666666,
                14.523809523809526,
                8.80952380952381,
                11.071428571428571,
                6.785714285714286,
                3.6904761904761907,
                7.142857142857142,
                9.642857142857144,
                7.380952380952381,
                9.523809523809524,
                10.357142857142858,
                10.833333333333334,
                8.571428571428571,
                13.571428571428571,
                11.666666666666666,
                7.738095238095238,
                10.238095238095237,
                14.285714285714285,
                9.047619047619047,
                12.261904761904761
            ],
            "2": [
                52.73809523809524,
                53.92857142857142,
                54.166666666666664,
                52.261904761904766,
                52.38095238095239,
                55.833333333333336,
                55.833333333333336,
                53.69047619047619,
                54.4047619047619,
                56.07142857142857,
                56.785714285714285,
                56.30952380952381,
                59.88095238095238,
                60.952380952380956,
                63.095238095238095,
                63.8095238095238,
                62.26190476190476,
                60.476190476190474,
                63.57142857142857,
                62.73809523809524,
                62.73809523809524,
                62.61904761904762,
                59.88095238095238,
                55.23809523809524,
                58.333333333333336,
                58.0952380952381,
                58.0952380952381,
                53.57142857142857,
                59.285714285714285,
                56.666666666666664
            ],
            "3": [
                30.952380952380953,
                29.88095238095238,
                29.88095238095238,
                31.428571428571427,
                32.5,
                29.404761904761905,
                29.404761904761905,
                30.119047619047617,
                29.404761904761905,
                28.095238095238095,
                27.500000000000004,
                27.73809523809524,
                28.809523809523807,
                26.071428571428573,
                27.380952380952383,
                29.642857142857142,
                29.28571428571429,
                29.166666666666668,
                26.547619047619047,
                26.547619047619047,
                25.238095238095237,
                24.642857142857146,
                27.857142857142858,
                28.809523809523807,
                29.04761904761905,
                30.476190476190478,
                30.476190476190478,
                31.19047619047619,
                29.88095238095238,
                29.88095238095238
            ],
            "overall": [
                91.19047619047619,
                93.33333333333333,
                97.14285714285714,
                92.14285714285715,
                95.11904761904762,
                95.11904761904762,
                93.80952380952382,
                98.45238095238095,
                98.45238095238093,
                97.73809523809524,
                98.45238095238095,
                98.57142857142858,
                97.5,
                98.0952380952381,
                97.26190476190476,
                97.14285714285714,
                98.69047619047619,
                99.28571428571429,
                97.5,
                98.80952380952381,
                98.33333333333334,
                98.0952380952381,
                97.02380952380952,
                98.33333333333333,
                99.04761904761905,
                96.30952380952382,
                98.80952380952382,
                99.04761904761905,
                98.21428571428571,
                98.80952380952381
            ]
        },
        "lWaitAndOverdue": [
            [
                0,
                3,
                4,
                0
            ],
            [
                0,
                2,
                1,
                0
            ],
            [
                0,
                2,
                1,
                0
            ],
            [
                0,
                3,
                15,
                1
            ],
            [
                0,
                3,
                39,
                25
            ],
            [
                1,
                2,
                2,
                0
            ],
            [
                1,
                2,
                2,
                0
            ],
            [
                1,
                4,
                34,
                6
            ],
            [
                1,
                2,
                0,
                0
            ],
            [
                1,
                2,
                0,
                0
            ],
            [
                1,
                3,
                38,
                24
            ],
            [
                1,
                3,
                31,
                17
            ],
            [
                1,
                2,
                1,
                0
            ],
            [
                1,
                2,
                1,
                0
            ],
            [
                1,
                3,
                15,
                1
            ],
            [
                1,
                3,
                44,
                30
            ],
            [
                2,
                3,
                43,
                29
            ],
            [
                2,
                3,
                30,
                16
            ],
            [
                2,
                4,
                36,
                8
            ],
            [
                2,
                4,
                35,
                7
            ],
            [
                2,
                2,
                2,
                0
            ],
            [
                2,
                3,
                43,
                29
            ],
            [
                2,
                2,
                0,
                0
            ],
            [
                2,
                4,
                14,
                0
            ],
            [
                2,
                2,
                1,
                0
            ],
            [
                2,
                2,
                2,
                0
            ],
            [
                3,
                3,
                29,
                15
            ],
            [
                3,
                2,
                4,
                0
            ],
            [
                3,
                2,
                1,
                0
            ],
            [
                3,
                2,
                4,
                0
            ],
            [
                3,
                2,
                1,
                0
            ],
            [
                3,
                2,
                4,
                0
            ],
            [
                3,
                3,
                29,
                15
            ],
            [
                3,
                4,
                34,
                6
            ],
            [
                3,
                2,
                4,
                0
            ],
            [
                3,
                4,
                13,
                0
            ],
            [
                3,
                4,
                35,
                7
            ],
            [
                3,
                3,
                12,
                0
            ],
            [
                3,
                3,
                42,
                28
            ],
            [
                3,
                2,
                1,
                0
            ],
            [
                3,
                2,
                4,
                0
            ],
            [
                4,
                3,
                28,
                14
            ],
            [
                4,
                3,
                41,
                27
            ],
            [
                4,
                2,
                4,
                0
            ],
            [
                4,
                2,
                3,
                0
            ],
            [
                4,
                2,
                0,
                0
            ],
            [
                4,
                4,
                47,
                19
            ],
            [
                4,
                3,
                12,
                0
            ],
            [
                4,
                4,
                41,
                13
            ],
            [
                4,
                3,
                42,
                28
            ],
            [
                4,
                4,
                42,
                14
            ],
            [
                4,
                4,
                31,
                3
            ],
            [
                4,
                3,
                34,
                20
            ],
            [
                5,
                2,
                2,
                0
            ],
            [
                5,
                3,
                28,
                14
            ],
            [
                5,
                3,
                32,
                18
            ],
            [
                5,
                2,
                2,
                0
            ],
            [
                5,
                2,
                2,
                0
            ],
            [
                5,
                3,
                9,
                0
            ],
            [
                5,
                2,
                2,
                0
            ],
            [
                5,
                2,
                2,
                0
            ],
            [
                5,
                3,
                39,
                25
            ],
            [
                5,
                2,
                2,
                0
            ],
            [
                5,
                4,
                45,
                17
            ],
            [
                5,
                4,
                31,
                3
            ],
            [
                6,
                4,
                44,
                16
            ],
            [
                6,
                2,
                2,
                0
            ],
            [
                6,
                3,
                38,
                24
            ],
            [
                6,
                2,
                2,
                0
            ],
            [
                6,
                3,
                38,
                24
            ],
            [
                6,
                3,
                31,
                17
            ],
            [
                6,
                3,
                38,
                24
            ],
            [
                6,
                3,
                38,
                24
            ],
            [
                6,
                4,
                10,
                0
            ],
            [
                6,
                3,
                38,
                24
            ],
            [
                7,
                2,
                1,
                0
            ],
            [
                7,
                2,
                0,
                0
            ],
            [
                7,
                3,
                37,
                23
            ],
            [
                7,
                3,
                12,
                0
            ],
            [
                7,
                4,
                29,
                1
            ],
            [
                7,
                2,
                2,
                0
            ],
            [
                7,
                2,
                2,
                0
            ],
            [
                7,
                3,
                37,
                23
            ],
            [
                7,
                3,
                9,
                0
            ],
            [
                7,
                4,
                43,
                15
            ],
            [
                7,
                4,
                30,
                2
            ],
            [
                8,
                2,
                1,
                0
            ],
            [
                8,
                2,
                0,
                0
            ],
            [
                8,
                2,
                4,
                0
            ],
            [
                8,
                2,
                4,
                0
            ],
            [
                8,
                2,
                1,
                0
            ],
            [
                8,
                2,
                1,
                0
            ],
            [
                8,
                3,
                25,
                11
            ],
            [
                8,
                2,
                4,
                0
            ],
            [
                8,
                2,
                0,
                0
            ],
            [
                9,
                3,
                13,
                0
            ],
            [
                9,
                3,
                10,
                0
            ],
            [
                9,
                3,
                10,
                0
            ],
            [
                9,
                2,
                3,
                0
            ],
            [
                9,
                3,
                35,
                21
            ],
            [
                9,
                3,
                24,
                10
            ],
            [
                9,
                4,
                31,
                3
            ],
            [
                9,
                4,
                42,
                14
            ],
            [
                9,
                3,
                34,
                20
            ],
            [
                10,
                2,
                1,
                0
            ],
            [
                10,
                3,
                32,
                18
            ],
            [
                10,
                3,
                10,
                0
            ],
            [
                10,
                3,
                21,
                7
            ],
            [
                10,
                2,
                1,
                0
            ],
            [
                10,
                4,
                38,
                10
            ],
            [
                10,
                2,
                0,
                0
            ],
            [
                10,
                3,
                32,
                18
            ],
            [
                10,
                2,
                1,
                0
            ],
            [
                10,
                2,
                0,
                0
            ],
            [
                11,
                4,
                30,
                2
            ],
            [
                11,
                3,
                9,
                0
            ],
            [
                11,
                4,
                38,
                10
            ],
            [
                11,
                4,
                38,
                10
            ],
            [
                11,
                4,
                38,
                10
            ],
            [
                11,
                4,
                38,
                10
            ],
            [
                11,
                2,
                2,
                0
            ],
            [
                11,
                2,
                1,
                0
            ],
            [
                11,
                4,
                30,
                2
            ],
            [
                12,
                3,
                20,
                6
            ],
            [
                12,
                4,
                14,
                0
            ],
            [
                12,
                2,
                1,
                0
            ],
            [
                12,
                4,
                42,
                14
            ],
            [
                12,
                4,
                42,
                14
            ],
            [
                12,
                2,
                0,
                0
            ],
            [
                12,
                3,
                22,
                8
            ],
            [
                12,
                3,
                33,
                19
            ],
            [
                12,
                3,
                35,
                21
            ],
            [
                12,
                3,
                30,
                16
            ],
            [
                12,
                3,
                30,
                16
            ],
            [
                13,
                2,
                4,
                0
            ],
            [
                13,
                3,
                21,
                7
            ],
            [
                13,
                4,
                42,
                14
            ],
            [
                13,
                4,
                41,
                13
            ],
            [
                13,
                2,
                0,
                0
            ],
            [
                13,
                2,
                0,
                0
            ],
            [
                13,
                3,
                28,
                14
            ],
            [
                13,
                2,
                0,
                0
            ],
            [
                13,
                3,
                15,
                1
            ],
            [
                14,
                4,
                41,
                13
            ],
            [
                14,
                4,
                53,
                25
            ],
            [
                14,
                3,
                20,
                6
            ],
            [
                14,
                2,
                4,
                0
            ],
            [
                14,
                4,
                41,
                13
            ],
            [
                14,
                4,
                41,
                13
            ],
            [
                14,
                4,
                28,
                0
            ],
            [
                14,
                2,
                4,
                0
            ],
            [
                15,
                4,
                39,
                11
            ],
            [
                15,
                4,
                38,
                10
            ],
            [
                15,
                2,
                1,
                0
            ],
            [
                15,
                3,
                17,
                3
            ],
            [
                15,
                2,
                1,
                0
            ],
            [
                15,
                2,
                2,
                0
            ],
            [
                15,
                4,
                38,
                10
            ],
            [
                15,
                4,
                38,
                10
            ],
            [
                15,
                4,
                39,
                11
            ],
            [
                16,
                4,
                38,
                10
            ],
            [
                16,
                4,
                52,
                24
            ],
            [
                16,
                4,
                38,
                10
            ],
            [
                16,
                4,
                29,
                1
            ],
            [
                16,
                2,
                1,
                0
            ],
            [
                16,
                4,
                38,
                10
            ],
            [
                16,
                2,
                0,
                0
            ],
            [
                16,
                2,
                0,
                0
            ],
            [
                16,
                2,
                1,
                0
            ],
            [
                16,
                3,
                30,
                16
            ],
            [
                16,
                3,
                30,
                16
            ],
            [
                17,
                3,
                29,
                15
            ],
            [
                17,
                3,
                29,
                15
            ],
            [
                17,
                3,
                29,
                15
            ],
            [
                17,
                2,
                0,
                0
            ],
            [
                17,
                2,
                1,
                0
            ],
            [
                17,
                2,
                2,
                0
            ],
            [
                17,
                2,
                0,
                0
            ],
            [
                17,
                2,
                2,
                0
            ],
            [
                17,
                2,
                0,
                0
            ],
            [
                17,
                2,
                2,
                0
            ],
            [
                17,
                2,
                0,
                0
            ],
            [
                18,
                3,
                29,
                15
            ],
            [
                18,
                3,
                11,
                0
            ],
            [
                18,
                4,
                41,
                13
            ],
            [
                18,
                2,
                4,
                0
            ],
            [
                18,
                2,
                0,
                0
            ],
            [
                18,
                3,
                14,
                0
            ],
            [
                18,
                3,
                29,
                15
            ],
            [
                18,
                2,
                4,
                0
            ],
            [
                18,
                2,
                0,
                0
            ],
            [
                19,
                3,
                18,
                4
            ],
            [
                19,
                3,
                17,
                3
            ],
            [
                19,
                3,
                28,
                14
            ],
            [
                19,
                4,
                40,
                12
            ],
            [
                19,
                3,
                17,
                3
            ],
            [
                19,
                4,
                42,
                14
            ],
            [
                19,
                2,
                4,
                0
            ],
            [
                19,
                3,
                28,
                14
            ],
            [
                19,
                2,
                4,
                0
            ],
            [
                20,
                3,
                25,
                11
            ],
            [
                20,
                2,
                1,
                0
            ],
            [
                20,
                3,
                15,
                1
            ],
            [
                20,
                4,
                14,
                0
            ],
            [
                20,
                2,
                0,
                0
            ],
            [
                20,
                2,
                0,
                0
            ],
            [
                20,
                4,
                30,
                2
            ],
            [
                20,
                3,
                25,
                11
            ],
            [
                21,
                3,
                27,
                13
            ],
            [
                21,
                3,
                24,
                10
            ],
            [
                21,
                3,
                24,
                10
            ],
            [
                21,
                3,
                16,
                2
            ],
            [
                21,
                3,
                24,
                10
            ],
            [
                21,
                3,
                23,
                9
            ],
            [
                21,
                2,
                0,
                0
            ],
            [
                21,
                3,
                13,
                0
            ],
            [
                21,
                3,
                28,
                14
            ],
            [
                21,
                2,
                0,
                0
            ],
            [
                21,
                3,
                28,
                14
            ],
            [
                21,
                3,
                16,
                2
            ],
            [
                21,
                4,
                13,
                0
            ],
            [
                21,
                2,
                2,
                0
            ],
            [
                21,
                4,
                30,
                2
            ],
            [
                21,
                4,
                37,
                9
            ],
            [
                22,
                3,
                28,
                14
            ],
            [
                22,
                2,
                1,
                0
            ],
            [
                22,
                4,
                37,
                9
            ],
            [
                22,
                2,
                2,
                0
            ],
            [
                22,
                4,
                33,
                5
            ],
            [
                22,
                3,
                12,
                0
            ],
            [
                22,
                1,
                0,
                0
            ],
            [
                22,
                3,
                13,
                0
            ],
            [
                22,
                3,
                12,
                0
            ],
            [
                22,
                3,
                28,
                14
            ],
            [
                22,
                2,
                0,
                0
            ],
            [
                22,
                2,
                1,
                0
            ],
            [
                22,
                2,
                1,
                0
            ],
            [
                22,
                3,
                22,
                8
            ],
            [
                22,
                3,
                14,
                0
            ],
            [
                22,
                3,
                28,
                14
            ],
            [
                22,
                3,
                28,
                14
            ],
            [
                23,
                4,
                39,
                11
            ],
            [
                23,
                4,
                39,
                11
            ],
            [
                23,
                3,
                28,
                14
            ],
            [
                23,
                2,
                0,
                0
            ],
            [
                23,
                3,
                14,
                0
            ],
            [
                23,
                3,
                22,
                8
            ],
            [
                23,
                4,
                36,
                8
            ],
            [
                24,
                2,
                0,
                0
            ],
            [
                24,
                3,
                27,
                13
            ],
            [
                24,
                4,
                38,
                10
            ],
            [
                24,
                4,
                38,
                10
            ],
            [
                24,
                2,
                3,
                0
            ],
            [
                24,
                4,
                38,
                10
            ],
            [
                24,
                2,
                4,
                0
            ],
            [
                24,
                4,
                38,
                10
            ],
            [
                24,
                4,
                38,
                10
            ],
            [
                24,
                4,
                38,
                10
            ],
            [
                24,
                4,
                38,
                10
            ],
            [
                24,
                4,
                38,
                10
            ],
            [
                25,
                4,
                35,
                7
            ],
            [
                25,
                4,
                35,
                7
            ],
            [
                25,
                3,
                24,
                10
            ],
            [
                25,
                2,
                1,
                0
            ],
            [
                25,
                2,
                2,
                0
            ],
            [
                25,
                3,
                15,
                1
            ],
            [
                26,
                4,
                29,
                1
            ],
            [
                26,
                3,
                27,
                13
            ],
            [
                26,
                3,
                27,
                13
            ],
            [
                26,
                3,
                28,
                14
            ],
            [
                26,
                4,
                34,
                6
            ],
            [
                26,
                3,
                27,
                13
            ],
            [
                26,
                3,
                28,
                14
            ],
            [
                26,
                2,
                0,
                0
            ],
            [
                26,
                2,
                0,
                0
            ],
            [
                27,
                2,
                0,
                0
            ],
            [
                27,
                4,
                28,
                0
            ],
            [
                27,
                3,
                28,
                14
            ],
            [
                27,
                2,
                1,
                0
            ],
            [
                27,
                3,
                9,
                0
            ],
            [
                27,
                3,
                36,
                22
            ],
            [
                27,
                2,
                2,
                0
            ],
            [
                27,
                2,
                0,
                0
            ],
            [
                27,
                3,
                7,
                0
            ],
            [
                27,
                2,
                0,
                0
            ],
            [
                27,
                2,
                0,
                0
            ],
            [
                27,
                2,
                0,
                0
            ],
            [
                28,
                3,
                14,
                0
            ],
            [
                28,
                2,
                0,
                0
            ],
            [
                28,
                2,
                1,
                0
            ],
            [
                28,
                2,
                0,
                0
            ],
            [
                28,
                2,
                1,
                0
            ],
            [
                28,
                2,
                0,
                0
            ],
            [
                28,
                4,
                32,
                4
            ],
            [
                28,
                3,
                12,
                0
            ],
            [
                28,
                2,
                0,
                0
            ],
            [
                28,
                2,
                4,
                0
            ],
            [
                28,
                3,
                12,
                0
            ],
            [
                28,
                2,
                1,
                0
            ],
            [
                28,
                2,
                0,
                0
            ],
            [
                28,
                3,
                14,
                0
            ],
            [
                29,
                3,
                27,
                13
            ],
            [
                29,
                2,
                0,
                0
            ],
            [
                29,
                2,
                4,
                0
            ],
            [
                29,
                4,
                31,
                3
            ],
            [
                29,
                2,
                0,
                0
            ],
            [
                29,
                2,
                4,
                0
            ],
            [
                29,
                3,
                26,
                12
            ],
            [
                29,
                3,
                28,
                14
            ],
            [
                29,
                2,
                0,
                0
            ],
            [
                29,
                2,
                4,
                0
            ],
            [
                29,
                3,
                17,
                3
            ],
            [
                29,
                3,
                26,
                12
            ]
        ],
        "lWaitDayByPriority": [
            5673,
            0,
            170,
            2855,
            2648
        ],
        "objval": 2293.6818856274344,
        "std_occupancy": 2.0901099159664693
    },
    "runtime": 4597.799052476883,
    "simdays": 30,
    "solver": "static"
}