{
    "arrivalrate": 10.1,
    "ins_name": 408,
    "ins_path": "/home/tusan/projects/def-roussea5/tusan/software/RTSP-scheduling/data/7linacs_10.1_fluctuate/instances",
    "lNoNewPatients": [
        291,
        1,
        107,
        109,
        74
    ],
    "lNoPatients": [
        524,
        1,
        120,
        243,
        160
    ],
    "lNoSections": [
        4006,
        2,
        318,
        2251,
        1435
    ],
    "mipgap": 0.020048302059459008,
    "noLinacs": 7,
    "noSlotsPerDay": 120,
    "planningHorizon": 80,
    "runresult": {
        "avg_occupancy": 96.68650793650795,
        "feasibility": true,
        "lAvgLateDayByPriority": [
            4.034364261168385,
            0.0,
            0.0,
            7.660550458715596,
            4.581081081081081
        ],
        "lAvgWaitDayByPriority": [
            16.192439862542955,
            0.0,
            1.3271028037383177,
            20.862385321100916,
            31.027027027027028
        ],
        "lLateDayByPriority": [
            1174,
            0,
            0,
            835,
            339
        ],
        "lOccupancy": {
            "0": [
                0.0,
                0.0,
                0.0,
                0.0,
                0.0,
                0.0,
                0.0,
                0.0,
                0.0,
                0.0,
                0.0,
                0.0,
                0.0,
                0.0,
                0.0,
                0.0,
                0.0,
                0.0,
                0.0,
                0.0,
                0.0,
                0.0,
                0.0,
                0.0,
                0.0,
                0.7142857142857143,
                0.7142857142857143,
                0.0,
                0.0,
                0.0
            ],
            "1": [
                7.142857142857142,
                10.0,
                11.785714285714285,
                12.142857142857142,
                9.880952380952381,
                10.595238095238095,
                8.80952380952381,
                10.595238095238095,
                11.30952380952381,
                11.071428571428571,
                11.428571428571429,
                7.5,
                8.571428571428571,
                7.976190476190475,
                9.880952380952381,
                8.80952380952381,
                6.666666666666667,
                7.6190476190476195,
                5.357142857142857,
                5.119047619047619,
                5.238095238095238,
                7.976190476190475,
                14.761904761904763,
                10.0,
                11.547619047619047,
                7.976190476190475,
                9.880952380952381,
                10.238095238095237,
                12.857142857142856,
                13.214285714285715
            ],
            "2": [
                52.85714285714286,
                52.85714285714286,
                50.71428571428571,
                51.66666666666667,
                51.42857142857142,
                52.73809523809524,
                54.761904761904766,
                55.952380952380956,
                56.785714285714285,
                57.61904761904761,
                58.452380952380956,
                59.76190476190476,
                61.07142857142858,
                61.07142857142858,
                56.30952380952381,
                60.0,
                57.97619047619048,
                60.0,
                65.71428571428571,
                64.40476190476191,
                64.28571428571429,
                62.142857142857146,
                56.547619047619044,
                59.166666666666664,
                58.0952380952381,
                59.88095238095238,
                59.166666666666664,
                60.476190476190474,
                60.0,
                60.357142857142854
            ],
            "3": [
                30.952380952380953,
                31.428571428571427,
                32.5,
                31.428571428571427,
                31.9047619047619,
                30.119047619047617,
                30.714285714285715,
                30.238095238095237,
                30.238095238095237,
                29.04761904761905,
                27.61904761904762,
                29.523809523809526,
                28.452380952380953,
                27.380952380952383,
                29.523809523809526,
                28.809523809523807,
                31.428571428571427,
                30.119047619047617,
                26.190476190476193,
                27.61904761904762,
                26.785714285714285,
                24.642857142857146,
                26.785714285714285,
                29.761904761904763,
                29.04761904761905,
                30.476190476190478,
                29.28571428571429,
                27.26190476190476,
                25.833333333333336,
                25.833333333333336
            ],
            "overall": [
                90.95238095238095,
                94.28571428571429,
                95.0,
                95.23809523809524,
                93.21428571428571,
                93.45238095238095,
                94.28571428571429,
                96.78571428571429,
                98.33333333333334,
                97.73809523809524,
                97.5,
                96.78571428571428,
                98.0952380952381,
                96.42857142857143,
                95.71428571428572,
                97.61904761904762,
                96.07142857142858,
                97.73809523809524,
                97.26190476190476,
                97.14285714285715,
                96.30952380952382,
                94.76190476190476,
                98.0952380952381,
                98.92857142857142,
                98.6904761904762,
                99.04761904761905,
                99.04761904761905,
                97.97619047619047,
                98.6904761904762,
                99.4047619047619
            ]
        },
        "lWaitAndOverdue": [
            [
                0,
                3,
                10,
                0
            ],
            [
                0,
                2,
                1,
                0
            ],
            [
                0,
                2,
                2,
                0
            ],
            [
                0,
                2,
                1,
                0
            ],
            [
                0,
                2,
                0,
                0
            ],
            [
                0,
                4,
                38,
                10
            ],
            [
                0,
                3,
                8,
                0
            ],
            [
                0,
                2,
                2,
                0
            ],
            [
                0,
                2,
                0,
                0
            ],
            [
                1,
                3,
                10,
                0
            ],
            [
                1,
                2,
                1,
                0
            ],
            [
                1,
                2,
                2,
                0
            ],
            [
                1,
                3,
                8,
                0
            ],
            [
                1,
                3,
                34,
                20
            ],
            [
                1,
                2,
                0,
                0
            ],
            [
                1,
                2,
                2,
                0
            ],
            [
                1,
                4,
                7,
                0
            ],
            [
                2,
                2,
                2,
                0
            ],
            [
                2,
                2,
                0,
                0
            ],
            [
                2,
                3,
                36,
                22
            ],
            [
                2,
                3,
                30,
                16
            ],
            [
                2,
                2,
                1,
                0
            ],
            [
                2,
                2,
                0,
                0
            ],
            [
                2,
                3,
                13,
                0
            ],
            [
                2,
                3,
                36,
                22
            ],
            [
                2,
                3,
                36,
                22
            ],
            [
                2,
                3,
                29,
                15
            ],
            [
                2,
                4,
                29,
                1
            ],
            [
                2,
                4,
                33,
                5
            ],
            [
                3,
                2,
                1,
                0
            ],
            [
                3,
                3,
                35,
                21
            ],
            [
                3,
                2,
                0,
                0
            ],
            [
                3,
                4,
                12,
                0
            ],
            [
                3,
                2,
                0,
                0
            ],
            [
                3,
                2,
                0,
                0
            ],
            [
                4,
                3,
                27,
                13
            ],
            [
                4,
                2,
                0,
                0
            ],
            [
                4,
                2,
                4,
                0
            ],
            [
                4,
                2,
                3,
                0
            ],
            [
                4,
                2,
                3,
                0
            ],
            [
                4,
                2,
                3,
                0
            ],
            [
                4,
                3,
                27,
                13
            ],
            [
                4,
                4,
                34,
                6
            ],
            [
                4,
                2,
                0,
                0
            ],
            [
                4,
                4,
                12,
                0
            ],
            [
                5,
                4,
                32,
                4
            ],
            [
                5,
                3,
                9,
                0
            ],
            [
                5,
                3,
                32,
                18
            ],
            [
                5,
                2,
                2,
                0
            ],
            [
                5,
                2,
                2,
                0
            ],
            [
                5,
                3,
                25,
                11
            ],
            [
                5,
                3,
                32,
                18
            ],
            [
                5,
                2,
                1,
                0
            ],
            [
                5,
                2,
                0,
                0
            ],
            [
                5,
                2,
                0,
                0
            ],
            [
                6,
                4,
                37,
                9
            ],
            [
                6,
                3,
                8,
                0
            ],
            [
                6,
                4,
                36,
                8
            ],
            [
                6,
                3,
                31,
                17
            ],
            [
                6,
                4,
                36,
                8
            ],
            [
                6,
                4,
                27,
                0
            ],
            [
                6,
                3,
                23,
                9
            ],
            [
                6,
                2,
                2,
                0
            ],
            [
                7,
                3,
                22,
                8
            ],
            [
                7,
                3,
                22,
                8
            ],
            [
                7,
                2,
                1,
                0
            ],
            [
                7,
                2,
                0,
                0
            ],
            [
                7,
                3,
                12,
                0
            ],
            [
                7,
                2,
                0,
                0
            ],
            [
                7,
                2,
                2,
                0
            ],
            [
                7,
                3,
                30,
                16
            ],
            [
                7,
                2,
                0,
                0
            ],
            [
                7,
                4,
                37,
                9
            ],
            [
                7,
                4,
                33,
                5
            ],
            [
                8,
                4,
                36,
                8
            ],
            [
                8,
                2,
                0,
                0
            ],
            [
                8,
                3,
                29,
                15
            ],
            [
                8,
                2,
                1,
                0
            ],
            [
                8,
                3,
                29,
                15
            ],
            [
                8,
                3,
                27,
                13
            ],
            [
                8,
                3,
                29,
                15
            ],
            [
                9,
                3,
                28,
                14
            ],
            [
                9,
                4,
                28,
                0
            ],
            [
                9,
                3,
                32,
                18
            ],
            [
                9,
                2,
                0,
                0
            ],
            [
                9,
                2,
                3,
                0
            ],
            [
                9,
                3,
                32,
                18
            ],
            [
                9,
                3,
                11,
                0
            ],
            [
                9,
                4,
                11,
                0
            ],
            [
                9,
                2,
                0,
                0
            ],
            [
                9,
                2,
                0,
                0
            ],
            [
                10,
                3,
                30,
                16
            ],
            [
                10,
                3,
                10,
                0
            ],
            [
                10,
                4,
                37,
                9
            ],
            [
                10,
                4,
                32,
                4
            ],
            [
                10,
                2,
                0,
                0
            ],
            [
                10,
                2,
                1,
                0
            ],
            [
                11,
                2,
                0,
                0
            ],
            [
                11,
                2,
                1,
                0
            ],
            [
                11,
                2,
                2,
                0
            ],
            [
                11,
                2,
                2,
                0
            ],
            [
                11,
                3,
                20,
                6
            ],
            [
                11,
                2,
                2,
                0
            ],
            [
                12,
                2,
                0,
                0
            ],
            [
                12,
                3,
                8,
                0
            ],
            [
                12,
                3,
                19,
                5
            ],
            [
                12,
                3,
                15,
                1
            ],
            [
                12,
                2,
                1,
                0
            ],
            [
                12,
                3,
                28,
                14
            ],
            [
                12,
                3,
                19,
                5
            ],
            [
                12,
                4,
                26,
                0
            ],
            [
                13,
                4,
                36,
                8
            ],
            [
                13,
                3,
                22,
                8
            ],
            [
                13,
                2,
                4,
                0
            ],
            [
                13,
                3,
                27,
                13
            ],
            [
                13,
                3,
                6,
                0
            ],
            [
                13,
                3,
                18,
                4
            ],
            [
                13,
                2,
                4,
                0
            ],
            [
                13,
                4,
                29,
                1
            ],
            [
                13,
                2,
                1,
                0
            ],
            [
                13,
                3,
                28,
                14
            ],
            [
                13,
                2,
                1,
                0
            ],
            [
                14,
                2,
                3,
                0
            ],
            [
                14,
                4,
                25,
                0
            ],
            [
                14,
                3,
                17,
                3
            ],
            [
                14,
                4,
                35,
                7
            ],
            [
                14,
                4,
                35,
                7
            ],
            [
                14,
                4,
                35,
                7
            ],
            [
                14,
                4,
                39,
                11
            ],
            [
                14,
                2,
                0,
                0
            ],
            [
                14,
                2,
                3,
                0
            ],
            [
                14,
                4,
                28,
                0
            ],
            [
                14,
                3,
                7,
                0
            ],
            [
                15,
                4,
                28,
                0
            ],
            [
                15,
                2,
                1,
                0
            ],
            [
                15,
                4,
                36,
                8
            ],
            [
                15,
                4,
                36,
                8
            ],
            [
                15,
                2,
                2,
                0
            ],
            [
                15,
                3,
                16,
                2
            ],
            [
                15,
                3,
                24,
                10
            ],
            [
                16,
                3,
                24,
                10
            ],
            [
                16,
                3,
                24,
                10
            ],
            [
                16,
                3,
                24,
                10
            ],
            [
                16,
                2,
                0,
                0
            ],
            [
                16,
                3,
                14,
                0
            ],
            [
                16,
                4,
                36,
                8
            ],
            [
                16,
                4,
                36,
                8
            ],
            [
                16,
                2,
                1,
                0
            ],
            [
                16,
                2,
                1,
                0
            ],
            [
                16,
                3,
                23,
                9
            ],
            [
                16,
                2,
                2,
                0
            ],
            [
                16,
                3,
                13,
                0
            ],
            [
                17,
                4,
                35,
                7
            ],
            [
                17,
                4,
                42,
                14
            ],
            [
                17,
                3,
                15,
                1
            ],
            [
                17,
                2,
                0,
                0
            ],
            [
                17,
                4,
                35,
                7
            ],
            [
                17,
                4,
                36,
                8
            ],
            [
                17,
                4,
                22,
                0
            ],
            [
                17,
                2,
                1,
                0
            ],
            [
                17,
                4,
                37,
                9
            ],
            [
                17,
                4,
                35,
                7
            ],
            [
                18,
                2,
                1,
                0
            ],
            [
                18,
                3,
                18,
                4
            ],
            [
                18,
                2,
                4,
                0
            ],
            [
                18,
                2,
                1,
                0
            ],
            [
                18,
                4,
                36,
                8
            ],
            [
                18,
                4,
                35,
                7
            ],
            [
                18,
                4,
                36,
                8
            ],
            [
                19,
                4,
                38,
                10
            ],
            [
                19,
                4,
                40,
                12
            ],
            [
                19,
                4,
                38,
                10
            ],
            [
                19,
                4,
                24,
                0
            ],
            [
                19,
                2,
                3,
                0
            ],
            [
                20,
                4,
                37,
                9
            ],
            [
                20,
                2,
                1,
                0
            ],
            [
                20,
                2,
                2,
                0
            ],
            [
                20,
                2,
                2,
                0
            ],
            [
                20,
                3,
                23,
                9
            ],
            [
                20,
                3,
                24,
                10
            ],
            [
                20,
                3,
                24,
                10
            ],
            [
                20,
                3,
                24,
                10
            ],
            [
                20,
                3,
                23,
                9
            ],
            [
                20,
                2,
                2,
                0
            ],
            [
                21,
                2,
                0,
                0
            ],
            [
                21,
                2,
                1,
                0
            ],
            [
                21,
                2,
                2,
                0
            ],
            [
                21,
                2,
                1,
                0
            ],
            [
                21,
                2,
                1,
                0
            ],
            [
                21,
                2,
                1,
                0
            ],
            [
                21,
                2,
                1,
                0
            ],
            [
                21,
                3,
                23,
                9
            ],
            [
                21,
                3,
                15,
                1
            ],
            [
                21,
                4,
                36,
                8
            ],
            [
                21,
                2,
                1,
                0
            ],
            [
                21,
                2,
                0,
                0
            ],
            [
                21,
                3,
                9,
                0
            ],
            [
                21,
                3,
                24,
                10
            ],
            [
                21,
                2,
                2,
                0
            ],
            [
                21,
                2,
                2,
                0
            ],
            [
                21,
                3,
                14,
                0
            ],
            [
                21,
                3,
                13,
                0
            ],
            [
                22,
                3,
                23,
                9
            ],
            [
                22,
                4,
                35,
                7
            ],
            [
                22,
                3,
                13,
                0
            ],
            [
                22,
                4,
                35,
                7
            ],
            [
                22,
                2,
                1,
                0
            ],
            [
                22,
                3,
                23,
                9
            ],
            [
                22,
                2,
                2,
                0
            ],
            [
                22,
                3,
                23,
                9
            ],
            [
                22,
                2,
                2,
                0
            ],
            [
                23,
                3,
                14,
                0
            ],
            [
                23,
                4,
                21,
                0
            ],
            [
                23,
                2,
                4,
                0
            ],
            [
                23,
                2,
                1,
                0
            ],
            [
                23,
                4,
                26,
                0
            ],
            [
                23,
                3,
                22,
                8
            ],
            [
                23,
                3,
                22,
                8
            ],
            [
                23,
                3,
                21,
                7
            ],
            [
                23,
                3,
                22,
                8
            ],
            [
                23,
                3,
                13,
                0
            ],
            [
                23,
                3,
                22,
                8
            ],
            [
                23,
                3,
                20,
                6
            ],
            [
                23,
                2,
                1,
                0
            ],
            [
                23,
                3,
                11,
                0
            ],
            [
                23,
                3,
                22,
                8
            ],
            [
                24,
                2,
                3,
                0
            ],
            [
                24,
                3,
                25,
                11
            ],
            [
                24,
                3,
                14,
                0
            ],
            [
                24,
                4,
                26,
                0
            ],
            [
                24,
                2,
                4,
                0
            ],
            [
                24,
                4,
                25,
                0
            ],
            [
                25,
                4,
                30,
                2
            ],
            [
                25,
                3,
                23,
                9
            ],
            [
                25,
                2,
                2,
                0
            ],
            [
                25,
                4,
                30,
                2
            ],
            [
                25,
                2,
                1,
                0
            ],
            [
                25,
                4,
                25,
                0
            ],
            [
                25,
                3,
                14,
                0
            ],
            [
                25,
                1,
                0,
                0
            ],
            [
                25,
                3,
                15,
                1
            ],
            [
                25,
                3,
                10,
                0
            ],
            [
                25,
                3,
                23,
                9
            ],
            [
                25,
                2,
                1,
                0
            ],
            [
                26,
                2,
                2,
                0
            ],
            [
                26,
                2,
                2,
                0
            ],
            [
                26,
                3,
                21,
                7
            ],
            [
                26,
                3,
                15,
                1
            ],
            [
                26,
                3,
                22,
                8
            ],
            [
                26,
                3,
                22,
                8
            ],
            [
                26,
                4,
                30,
                2
            ],
            [
                26,
                4,
                29,
                1
            ],
            [
                26,
                3,
                22,
                8
            ],
            [
                26,
                2,
                1,
                0
            ],
            [
                26,
                3,
                14,
                0
            ],
            [
                27,
                3,
                21,
                7
            ],
            [
                27,
                4,
                30,
                2
            ],
            [
                27,
                2,
                2,
                0
            ],
            [
                27,
                3,
                23,
                9
            ],
            [
                27,
                4,
                30,
                2
            ],
            [
                27,
                4,
                29,
                1
            ],
            [
                27,
                2,
                2,
                0
            ],
            [
                27,
                4,
                30,
                2
            ],
            [
                27,
                2,
                0,
                0
            ],
            [
                28,
                4,
                29,
                1
            ],
            [
                28,
                4,
                32,
                4
            ],
            [
                28,
                4,
                32,
                4
            ],
            [
                28,
                4,
                32,
                4
            ],
            [
                28,
                4,
                32,
                4
            ],
            [
                28,
                4,
                32,
                4
            ],
            [
                28,
                4,
                32,
                4
            ],
            [
                28,
                3,
                21,
                7
            ],
            [
                28,
                2,
                0,
                0
            ],
            [
                28,
                2,
                4,
                0
            ],
            [
                29,
                3,
                6,
                0
            ],
            [
                29,
                4,
                20,
                0
            ],
            [
                29,
                3,
                24,
                10
            ],
            [
                29,
                3,
                25,
                11
            ],
            [
                29,
                3,
                24,
                10
            ],
            [
                29,
                4,
                31,
                3
            ],
            [
                29,
                3,
                24,
                10
            ],
            [
                29,
                3,
                24,
                10
            ],
            [
                29,
                2,
                4,
                0
            ],
            [
                29,
                2,
                0,
                0
            ],
            [
                29,
                2,
                0,
                0
            ],
            [
                29,
                4,
                24,
                0
            ],
            [
                29,
                3,
                25,
                11
            ],
            [
                29,
                2,
                0,
                0
            ],
            [
                29,
                3,
                13,
                0
            ],
            [
                29,
                3,
                32,
                18
            ],
            [
                29,
                3,
                14,
                0
            ]
        ],
        "lWaitDayByPriority": [
            4712,
            0,
            142,
            2274,
            2296
        ],
        "objval": 2277.402071925308,
        "std_occupancy": 2.0111845553545438
    },
    "runtime": 54020.92453312874,
    "simdays": 30,
    "solver": "static"
}