{
    "arrivalrate": 10.1,
    "ins_name": 434,
    "ins_path": "/home/tusan/projects/def-roussea5/tusan/software/RTSP-scheduling/data/7linacs_10.1_fluctuate/instances",
    "lNoNewPatients": [
        298,
        1,
        114,
        109,
        74
    ],
    "lNoPatients": [
        519,
        1,
        125,
        238,
        155
    ],
    "lNoSections": [
        4018,
        2,
        337,
        2244,
        1435
    ],
    "mipgap": 0.03231099248682756,
    "noLinacs": 7,
    "noSlotsPerDay": 120,
    "planningHorizon": 80,
    "runresult": {
        "avg_occupancy": 96.52777777777777,
        "feasibility": true,
        "lAvgLateDayByPriority": [
            4.030201342281879,
            0.0,
            0.0,
            7.715596330275229,
            4.864864864864865
        ],
        "lAvgWaitDayByPriority": [
            16.201342281879196,
            0.0,
            1.5,
            21.36697247706422,
            31.45945945945946
        ],
        "lLateDayByPriority": [
            1201,
            0,
            0,
            841,
            360
        ],
        "lOccupancy": {
            "0": [
                0.0,
                0.0,
                0.0,
                0.0,
                0.0,
                0.0,
                0.0,
                0.0,
                0.0,
                0.0,
                0.0,
                0.0,
                0.0,
                0.0,
                0.0,
                0.0,
                0.0,
                0.0,
                0.0,
                0.0,
                0.0,
                0.0,
                0.0,
                0.7142857142857143,
                0.7142857142857143,
                0.0,
                0.0,
                0.0,
                0.0,
                0.0
            ],
            "1": [
                8.571428571428571,
                8.214285714285714,
                6.428571428571428,
                7.380952380952381,
                10.238095238095237,
                6.309523809523809,
                14.523809523809526,
                14.166666666666666,
                14.642857142857144,
                15.0,
                15.0,
                6.190476190476191,
                6.666666666666667,
                8.80952380952381,
                9.404761904761905,
                8.80952380952381,
                7.6190476190476195,
                10.595238095238095,
                13.928571428571429,
                11.190476190476192,
                9.404761904761905,
                8.095238095238095,
                7.142857142857142,
                8.452380952380953,
                8.928571428571429,
                5.714285714285714,
                7.857142857142857,
                10.357142857142858,
                10.714285714285714,
                10.952380952380953
            ],
            "2": [
                50.83333333333333,
                52.38095238095239,
                52.142857142857146,
                54.166666666666664,
                53.095238095238095,
                53.095238095238095,
                54.4047619047619,
                56.785714285714285,
                55.11904761904762,
                56.19047619047619,
                57.38095238095238,
                59.285714285714285,
                58.92857142857143,
                61.30952380952381,
                58.214285714285715,
                63.69047619047619,
                62.26190476190476,
                59.404761904761905,
                57.97619047619048,
                60.357142857142854,
                61.78571428571429,
                61.54761904761905,
                61.30952380952381,
                60.11904761904761,
                61.904761904761905,
                64.76190476190476,
                65.83333333333333,
                65.47619047619048,
                62.73809523809524,
                60.83333333333333
            ],
            "3": [
                33.095238095238095,
                31.19047619047619,
                31.547619047619047,
                29.404761904761905,
                30.119047619047617,
                30.119047619047617,
                29.404761904761905,
                26.904761904761905,
                27.023809523809522,
                27.023809523809522,
                26.071428571428573,
                30.5952380952381,
                30.5952380952381,
                28.095238095238095,
                27.976190476190478,
                24.523809523809522,
                24.404761904761905,
                27.73809523809524,
                25.357142857142854,
                26.785714285714285,
                27.380952380952383,
                28.452380952380953,
                30.238095238095237,
                29.761904761904763,
                27.857142857142858,
                27.500000000000004,
                24.523809523809522,
                23.92857142857143,
                24.88095238095238,
                27.26190476190476
            ],
            "overall": [
                92.5,
                91.78571428571429,
                90.11904761904762,
                90.95238095238095,
                93.45238095238095,
                89.52380952380952,
                98.33333333333331,
                97.85714285714286,
                96.78571428571428,
                98.21428571428571,
                98.45238095238095,
                96.07142857142858,
                96.1904761904762,
                98.21428571428572,
                95.5952380952381,
                97.02380952380952,
                94.28571428571428,
                97.73809523809524,
                97.26190476190476,
                98.33333333333334,
                98.57142857142858,
                98.09523809523809,
                98.69047619047619,
                99.04761904761904,
                99.40476190476191,
                97.97619047619047,
                98.21428571428571,
                99.76190476190477,
                98.33333333333333,
                99.04761904761904
            ]
        },
        "lWaitAndOverdue": [
            [
                0,
                2,
                0,
                0
            ],
            [
                0,
                2,
                2,
                0
            ],
            [
                0,
                4,
                39,
                11
            ],
            [
                0,
                3,
                15,
                1
            ],
            [
                0,
                2,
                2,
                0
            ],
            [
                0,
                2,
                2,
                0
            ],
            [
                0,
                3,
                15,
                1
            ],
            [
                0,
                2,
                0,
                0
            ],
            [
                0,
                2,
                1,
                0
            ],
            [
                0,
                3,
                15,
                1
            ],
            [
                0,
                3,
                31,
                17
            ],
            [
                0,
                2,
                1,
                0
            ],
            [
                0,
                2,
                1,
                0
            ],
            [
                1,
                4,
                29,
                1
            ],
            [
                1,
                2,
                2,
                0
            ],
            [
                1,
                2,
                2,
                0
            ],
            [
                1,
                3,
                31,
                17
            ],
            [
                1,
                3,
                24,
                10
            ],
            [
                2,
                2,
                2,
                0
            ],
            [
                2,
                2,
                1,
                0
            ],
            [
                2,
                3,
                16,
                2
            ],
            [
                2,
                3,
                30,
                16
            ],
            [
                2,
                3,
                30,
                16
            ],
            [
                2,
                3,
                23,
                9
            ],
            [
                2,
                4,
                29,
                1
            ],
            [
                3,
                4,
                32,
                4
            ],
            [
                3,
                2,
                1,
                0
            ],
            [
                3,
                3,
                35,
                21
            ],
            [
                3,
                2,
                0,
                0
            ],
            [
                3,
                4,
                12,
                0
            ],
            [
                3,
                2,
                0,
                0
            ],
            [
                3,
                2,
                1,
                0
            ],
            [
                3,
                3,
                25,
                11
            ],
            [
                3,
                2,
                1,
                0
            ],
            [
                3,
                2,
                1,
                0
            ],
            [
                4,
                2,
                4,
                0
            ],
            [
                4,
                2,
                4,
                0
            ],
            [
                4,
                2,
                4,
                0
            ],
            [
                4,
                3,
                26,
                12
            ],
            [
                4,
                4,
                35,
                7
            ],
            [
                4,
                2,
                4,
                0
            ],
            [
                4,
                4,
                12,
                0
            ],
            [
                4,
                4,
                33,
                5
            ],
            [
                4,
                3,
                11,
                0
            ],
            [
                4,
                3,
                34,
                20
            ],
            [
                4,
                2,
                4,
                0
            ],
            [
                4,
                2,
                0,
                0
            ],
            [
                5,
                3,
                23,
                9
            ],
            [
                5,
                3,
                31,
                17
            ],
            [
                5,
                2,
                2,
                0
            ],
            [
                5,
                2,
                1,
                0
            ],
            [
                5,
                2,
                2,
                0
            ],
            [
                5,
                4,
                39,
                11
            ],
            [
                5,
                3,
                18,
                4
            ],
            [
                5,
                4,
                32,
                4
            ],
            [
                5,
                3,
                31,
                17
            ],
            [
                5,
                4,
                32,
                4
            ],
            [
                5,
                4,
                31,
                3
            ],
            [
                5,
                3,
                29,
                15
            ],
            [
                5,
                2,
                2,
                0
            ],
            [
                6,
                3,
                20,
                6
            ],
            [
                6,
                3,
                17,
                3
            ],
            [
                6,
                2,
                0,
                0
            ],
            [
                6,
                2,
                2,
                0
            ],
            [
                6,
                3,
                9,
                0
            ],
            [
                6,
                2,
                0,
                0
            ],
            [
                6,
                2,
                0,
                0
            ],
            [
                6,
                3,
                30,
                16
            ],
            [
                6,
                2,
                0,
                0
            ],
            [
                6,
                4,
                38,
                10
            ],
            [
                6,
                4,
                28,
                0
            ],
            [
                6,
                4,
                37,
                9
            ],
            [
                6,
                2,
                0,
                0
            ],
            [
                6,
                3,
                30,
                16
            ],
            [
                7,
                2,
                2,
                0
            ],
            [
                7,
                3,
                30,
                16
            ],
            [
                7,
                3,
                29,
                15
            ],
            [
                7,
                3,
                30,
                16
            ],
            [
                7,
                3,
                30,
                16
            ],
            [
                7,
                4,
                26,
                0
            ],
            [
                7,
                3,
                30,
                16
            ],
            [
                7,
                2,
                1,
                0
            ],
            [
                7,
                2,
                2,
                0
            ],
            [
                7,
                3,
                30,
                16
            ],
            [
                7,
                3,
                19,
                5
            ],
            [
                7,
                4,
                29,
                1
            ],
            [
                8,
                2,
                4,
                0
            ],
            [
                8,
                2,
                1,
                0
            ],
            [
                8,
                3,
                21,
                7
            ],
            [
                8,
                3,
                11,
                0
            ],
            [
                8,
                4,
                36,
                8
            ],
            [
                8,
                4,
                36,
                8
            ],
            [
                8,
                2,
                1,
                0
            ],
            [
                8,
                2,
                4,
                0
            ],
            [
                9,
                2,
                3,
                0
            ],
            [
                9,
                2,
                3,
                0
            ],
            [
                9,
                2,
                3,
                0
            ],
            [
                9,
                2,
                3,
                0
            ],
            [
                9,
                3,
                19,
                5
            ],
            [
                9,
                2,
                4,
                0
            ],
            [
                9,
                2,
                3,
                0
            ],
            [
                9,
                3,
                18,
                4
            ],
            [
                9,
                3,
                18,
                4
            ],
            [
                9,
                3,
                18,
                4
            ],
            [
                9,
                2,
                0,
                0
            ],
            [
                9,
                3,
                28,
                14
            ],
            [
                9,
                3,
                19,
                5
            ],
            [
                10,
                4,
                29,
                1
            ],
            [
                10,
                4,
                38,
                10
            ],
            [
                11,
                3,
                24,
                10
            ],
            [
                11,
                2,
                2,
                0
            ],
            [
                11,
                3,
                24,
                10
            ],
            [
                11,
                3,
                16,
                2
            ],
            [
                11,
                3,
                20,
                6
            ],
            [
                11,
                2,
                2,
                0
            ],
            [
                11,
                4,
                38,
                10
            ],
            [
                11,
                2,
                1,
                0
            ],
            [
                12,
                3,
                23,
                9
            ],
            [
                12,
                2,
                2,
                0
            ],
            [
                12,
                2,
                2,
                0
            ],
            [
                12,
                4,
                28,
                0
            ],
            [
                12,
                3,
                16,
                2
            ],
            [
                12,
                4,
                37,
                9
            ],
            [
                12,
                4,
                37,
                9
            ],
            [
                12,
                4,
                37,
                9
            ],
            [
                12,
                4,
                37,
                9
            ],
            [
                12,
                2,
                0,
                0
            ],
            [
                12,
                2,
                1,
                0
            ],
            [
                12,
                4,
                37,
                9
            ],
            [
                12,
                3,
                19,
                5
            ],
            [
                13,
                4,
                13,
                0
            ],
            [
                13,
                2,
                0,
                0
            ],
            [
                13,
                4,
                36,
                8
            ],
            [
                13,
                4,
                36,
                8
            ],
            [
                13,
                2,
                1,
                0
            ],
            [
                13,
                3,
                15,
                1
            ],
            [
                13,
                3,
                27,
                13
            ],
            [
                13,
                3,
                22,
                8
            ],
            [
                13,
                3,
                22,
                8
            ],
            [
                13,
                3,
                28,
                14
            ],
            [
                13,
                2,
                4,
                0
            ],
            [
                13,
                3,
                18,
                4
            ],
            [
                13,
                4,
                36,
                8
            ],
            [
                14,
                4,
                35,
                7
            ],
            [
                14,
                2,
                4,
                0
            ],
            [
                14,
                2,
                3,
                0
            ],
            [
                14,
                3,
                21,
                7
            ],
            [
                14,
                2,
                0,
                0
            ],
            [
                14,
                3,
                18,
                4
            ],
            [
                14,
                4,
                39,
                11
            ],
            [
                14,
                4,
                42,
                14
            ],
            [
                14,
                3,
                14,
                0
            ],
            [
                14,
                2,
                3,
                0
            ],
            [
                14,
                4,
                38,
                10
            ],
            [
                14,
                4,
                35,
                7
            ],
            [
                15,
                4,
                25,
                0
            ],
            [
                15,
                2,
                2,
                0
            ],
            [
                15,
                4,
                37,
                9
            ],
            [
                15,
                4,
                37,
                9
            ],
            [
                15,
                2,
                0,
                0
            ],
            [
                15,
                3,
                15,
                1
            ],
            [
                16,
                2,
                0,
                0
            ],
            [
                16,
                2,
                2,
                0
            ],
            [
                16,
                4,
                36,
                8
            ],
            [
                16,
                4,
                36,
                8
            ],
            [
                16,
                4,
                36,
                8
            ],
            [
                16,
                4,
                36,
                8
            ],
            [
                16,
                4,
                42,
                14
            ],
            [
                16,
                4,
                36,
                8
            ],
            [
                16,
                4,
                24,
                0
            ],
            [
                16,
                2,
                0,
                0
            ],
            [
                16,
                4,
                36,
                8
            ],
            [
                16,
                2,
                0,
                0
            ],
            [
                16,
                2,
                2,
                0
            ],
            [
                16,
                2,
                1,
                0
            ],
            [
                16,
                3,
                24,
                10
            ],
            [
                16,
                3,
                24,
                10
            ],
            [
                16,
                3,
                24,
                10
            ],
            [
                16,
                3,
                24,
                10
            ],
            [
                16,
                3,
                24,
                10
            ],
            [
                17,
                2,
                1,
                0
            ],
            [
                17,
                2,
                0,
                0
            ],
            [
                17,
                2,
                1,
                0
            ],
            [
                17,
                2,
                0,
                0
            ],
            [
                17,
                2,
                1,
                0
            ],
            [
                17,
                2,
                1,
                0
            ],
            [
                17,
                2,
                0,
                0
            ],
            [
                17,
                2,
                1,
                0
            ],
            [
                18,
                3,
                27,
                13
            ],
            [
                18,
                3,
                13,
                0
            ],
            [
                18,
                4,
                35,
                7
            ],
            [
                18,
                2,
                4,
                0
            ],
            [
                18,
                2,
                4,
                0
            ],
            [
                18,
                3,
                15,
                1
            ],
            [
                18,
                3,
                22,
                8
            ],
            [
                18,
                2,
                1,
                0
            ],
            [
                18,
                2,
                1,
                0
            ],
            [
                18,
                3,
                12,
                0
            ],
            [
                19,
                3,
                18,
                4
            ],
            [
                19,
                3,
                26,
                12
            ],
            [
                19,
                4,
                35,
                7
            ],
            [
                19,
                3,
                17,
                3
            ],
            [
                19,
                4,
                35,
                7
            ],
            [
                19,
                2,
                0,
                0
            ],
            [
                19,
                3,
                26,
                12
            ],
            [
                19,
                2,
                4,
                0
            ],
            [
                19,
                3,
                26,
                12
            ],
            [
                19,
                2,
                0,
                0
            ],
            [
                19,
                3,
                13,
                0
            ],
            [
                20,
                4,
                16,
                0
            ],
            [
                20,
                2,
                2,
                0
            ],
            [
                20,
                2,
                0,
                0
            ],
            [
                20,
                4,
                30,
                2
            ],
            [
                20,
                3,
                24,
                10
            ],
            [
                20,
                3,
                24,
                10
            ],
            [
                20,
                3,
                24,
                10
            ],
            [
                20,
                3,
                24,
                10
            ],
            [
                21,
                3,
                14,
                0
            ],
            [
                21,
                3,
                24,
                10
            ],
            [
                21,
                3,
                24,
                10
            ],
            [
                21,
                2,
                2,
                0
            ],
            [
                21,
                3,
                13,
                0
            ],
            [
                21,
                3,
                24,
                10
            ],
            [
                21,
                2,
                2,
                0
            ],
            [
                21,
                3,
                24,
                10
            ],
            [
                21,
                3,
                16,
                2
            ],
            [
                22,
                4,
                19,
                0
            ],
            [
                22,
                2,
                2,
                0
            ],
            [
                22,
                4,
                29,
                1
            ],
            [
                22,
                4,
                30,
                2
            ],
            [
                22,
                3,
                23,
                9
            ],
            [
                22,
                2,
                1,
                0
            ],
            [
                22,
                4,
                30,
                2
            ],
            [
                22,
                2,
                0,
                0
            ],
            [
                23,
                4,
                28,
                0
            ],
            [
                23,
                3,
                14,
                0
            ],
            [
                23,
                1,
                0,
                0
            ],
            [
                23,
                3,
                12,
                0
            ],
            [
                23,
                3,
                11,
                0
            ],
            [
                23,
                3,
                22,
                8
            ],
            [
                23,
                2,
                1,
                0
            ],
            [
                23,
                2,
                1,
                0
            ],
            [
                23,
                2,
                0,
                0
            ],
            [
                23,
                3,
                22,
                8
            ],
            [
                23,
                3,
                13,
                0
            ],
            [
                24,
                3,
                25,
                11
            ],
            [
                24,
                3,
                25,
                11
            ],
            [
                24,
                4,
                31,
                3
            ],
            [
                24,
                4,
                31,
                3
            ],
            [
                25,
                3,
                23,
                9
            ],
            [
                25,
                2,
                1,
                0
            ],
            [
                25,
                3,
                11,
                0
            ],
            [
                25,
                3,
                22,
                8
            ],
            [
                25,
                4,
                30,
                2
            ],
            [
                25,
                2,
                2,
                0
            ],
            [
                25,
                3,
                23,
                9
            ],
            [
                25,
                4,
                30,
                2
            ],
            [
                25,
                4,
                30,
                2
            ],
            [
                25,
                2,
                2,
                0
            ],
            [
                25,
                4,
                30,
                2
            ],
            [
                25,
                2,
                2,
                0
            ],
            [
                25,
                4,
                30,
                2
            ],
            [
                26,
                4,
                30,
                2
            ],
            [
                26,
                4,
                30,
                2
            ],
            [
                26,
                4,
                29,
                1
            ],
            [
                26,
                4,
                29,
                1
            ],
            [
                26,
                4,
                29,
                1
            ],
            [
                26,
                4,
                29,
                1
            ],
            [
                26,
                3,
                22,
                8
            ],
            [
                26,
                2,
                2,
                0
            ],
            [
                26,
                2,
                2,
                0
            ],
            [
                26,
                3,
                7,
                0
            ],
            [
                27,
                4,
                14,
                0
            ],
            [
                27,
                3,
                21,
                7
            ],
            [
                27,
                3,
                21,
                7
            ],
            [
                27,
                3,
                22,
                8
            ],
            [
                27,
                4,
                30,
                2
            ],
            [
                27,
                3,
                21,
                7
            ],
            [
                27,
                3,
                21,
                7
            ],
            [
                27,
                2,
                1,
                0
            ],
            [
                27,
                2,
                0,
                0
            ],
            [
                27,
                2,
                0,
                0
            ],
            [
                28,
                4,
                15,
                0
            ],
            [
                28,
                3,
                22,
                8
            ],
            [
                28,
                2,
                1,
                0
            ],
            [
                28,
                3,
                15,
                1
            ],
            [
                28,
                3,
                22,
                8
            ],
            [
                28,
                2,
                1,
                0
            ],
            [
                28,
                2,
                0,
                0
            ],
            [
                28,
                3,
                8,
                0
            ],
            [
                28,
                2,
                1,
                0
            ],
            [
                28,
                2,
                1,
                0
            ],
            [
                29,
                2,
                4,
                0
            ],
            [
                29,
                3,
                20,
                6
            ],
            [
                29,
                2,
                3,
                0
            ],
            [
                29,
                2,
                0,
                0
            ],
            [
                29,
                2,
                3,
                0
            ],
            [
                29,
                2,
                0,
                0
            ]
        ],
        "lWaitDayByPriority": [
            4828,
            0,
            171,
            2329,
            2328
        ],
        "objval": 2280.4068931316638,
        "std_occupancy": 2.8667304963977815
    },
    "runtime": 54020.58389258385,
    "simdays": 30,
    "solver": "static"
}