{
    "arrivalrate": 10.1,
    "ins_name": 459,
    "ins_path": "/home/tusan/projects/def-roussea5/tusan/software/RTSP-scheduling/data/7linacs_10.1_fluctuate/instances",
    "lNoNewPatients": [
        300,
        1,
        111,
        111,
        77
    ],
    "lNoPatients": [
        537,
        1,
        125,
        250,
        161
    ],
    "lNoSections": [
        4149,
        2,
        333,
        2310,
        1504
    ],
    "mipgap": 0.02772841016327864,
    "noLinacs": 7,
    "noSlotsPerDay": 120,
    "planningHorizon": 80,
    "runresult": {
        "avg_occupancy": 97.20238095238096,
        "feasibility": true,
        "lAvgLateDayByPriority": [
            6.26,
            0.0,
            0.0,
            11.558558558558559,
            7.7272727272727275
        ],
        "lAvgWaitDayByPriority": [
            18.65,
            0.0,
            1.4234234234234233,
            25.10810810810811,
            34.41558441558441
        ],
        "lLateDayByPriority": [
            1878,
            0,
            0,
            1283,
            595
        ],
        "lOccupancy": {
            "0": [
                0.0,
                0.0,
                0.0,
                0.0,
                0.0,
                0.0,
                0.0,
                0.0,
                0.0,
                0.0,
                0.0,
                0.0,
                0.0,
                0.0,
                0.0,
                0.0,
                0.0,
                0.0,
                0.0,
                0.0,
                0.7142857142857143,
                0.7142857142857143,
                0.0,
                0.0,
                0.0,
                0.0,
                0.0,
                0.0,
                0.0,
                0.0
            ],
            "1": [
                5.0,
                8.214285714285714,
                11.666666666666666,
                8.452380952380953,
                9.166666666666666,
                13.80952380952381,
                13.80952380952381,
                12.857142857142856,
                15.0,
                12.261904761904761,
                10.595238095238095,
                10.357142857142858,
                6.785714285714286,
                8.333333333333332,
                8.095238095238095,
                5.238095238095238,
                8.571428571428571,
                12.023809523809524,
                14.642857142857144,
                10.476190476190476,
                8.452380952380953,
                10.952380952380953,
                10.357142857142858,
                8.928571428571429,
                6.785714285714286,
                8.69047619047619,
                7.976190476190475,
                9.523809523809524,
                7.976190476190475,
                8.452380952380953
            ],
            "2": [
                54.166666666666664,
                50.357142857142854,
                51.19047619047619,
                52.73809523809524,
                54.52380952380952,
                55.23809523809524,
                54.166666666666664,
                53.69047619047619,
                55.952380952380956,
                57.38095238095238,
                59.88095238095238,
                62.023809523809526,
                62.26190476190476,
                60.238095238095234,
                61.66666666666667,
                60.0,
                60.952380952380956,
                61.1904761904762,
                58.92857142857143,
                61.1904761904762,
                61.07142857142858,
                59.285714285714285,
                58.0952380952381,
                59.64285714285714,
                60.952380952380956,
                59.166666666666664,
                62.976190476190474,
                62.023809523809526,
                62.976190476190474,
                62.61904761904762
            ],
            "3": [
                29.642857142857142,
                32.73809523809524,
                31.9047619047619,
                30.714285714285715,
                30.0,
                29.404761904761905,
                30.119047619047617,
                31.19047619047619,
                28.095238095238095,
                28.095238095238095,
                26.30952380952381,
                26.071428571428573,
                28.095238095238095,
                30.238095238095237,
                28.809523809523807,
                30.357142857142854,
                28.452380952380953,
                25.11904761904762,
                25.833333333333336,
                25.833333333333336,
                26.547619047619047,
                27.976190476190478,
                29.642857142857142,
                29.642857142857142,
                30.952380952380953,
                30.952380952380953,
                28.333333333333332,
                27.023809523809522,
                28.57142857142857,
                27.976190476190478
            ],
            "overall": [
                88.80952380952381,
                91.30952380952381,
                94.76190476190476,
                91.9047619047619,
                93.69047619047618,
                98.45238095238096,
                98.0952380952381,
                97.73809523809524,
                99.04761904761907,
                97.73809523809524,
                96.78571428571429,
                98.45238095238095,
                97.14285714285714,
                98.80952380952381,
                98.57142857142857,
                95.5952380952381,
                97.97619047619048,
                98.33333333333334,
                99.4047619047619,
                97.5,
                96.78571428571429,
                98.92857142857143,
                98.0952380952381,
                98.21428571428571,
                98.69047619047619,
                98.80952380952381,
                99.28571428571428,
                98.57142857142857,
                99.52380952380952,
                99.04761904761905
            ]
        },
        "lWaitAndOverdue": [
            [
                0,
                3,
                38,
                24
            ],
            [
                0,
                3,
                32,
                18
            ],
            [
                0,
                2,
                2,
                0
            ],
            [
                0,
                2,
                1,
                0
            ],
            [
                0,
                3,
                4,
                0
            ],
            [
                0,
                3,
                38,
                24
            ],
            [
                0,
                3,
                39,
                25
            ],
            [
                1,
                3,
                34,
                20
            ],
            [
                1,
                4,
                24,
                0
            ],
            [
                1,
                4,
                36,
                8
            ],
            [
                1,
                2,
                0,
                0
            ],
            [
                1,
                3,
                38,
                24
            ],
            [
                1,
                2,
                0,
                0
            ],
            [
                1,
                4,
                10,
                0
            ],
            [
                1,
                2,
                2,
                0
            ],
            [
                1,
                2,
                1,
                0
            ],
            [
                1,
                3,
                10,
                0
            ],
            [
                1,
                2,
                1,
                0
            ],
            [
                1,
                2,
                1,
                0
            ],
            [
                1,
                2,
                0,
                0
            ],
            [
                1,
                2,
                2,
                0
            ],
            [
                2,
                2,
                2,
                0
            ],
            [
                2,
                3,
                28,
                14
            ],
            [
                2,
                4,
                35,
                7
            ],
            [
                2,
                2,
                0,
                0
            ],
            [
                2,
                4,
                7,
                0
            ],
            [
                2,
                4,
                36,
                8
            ],
            [
                3,
                3,
                11,
                0
            ],
            [
                3,
                3,
                41,
                27
            ],
            [
                3,
                2,
                4,
                0
            ],
            [
                3,
                2,
                4,
                0
            ],
            [
                3,
                3,
                29,
                15
            ],
            [
                3,
                3,
                40,
                26
            ],
            [
                3,
                2,
                4,
                0
            ],
            [
                3,
                2,
                0,
                0
            ],
            [
                3,
                2,
                4,
                0
            ],
            [
                3,
                4,
                47,
                19
            ],
            [
                3,
                3,
                8,
                0
            ],
            [
                3,
                4,
                41,
                13
            ],
            [
                3,
                3,
                36,
                22
            ],
            [
                3,
                4,
                41,
                13
            ],
            [
                4,
                4,
                34,
                6
            ],
            [
                4,
                3,
                35,
                21
            ],
            [
                4,
                2,
                4,
                0
            ],
            [
                4,
                3,
                26,
                12
            ],
            [
                4,
                3,
                26,
                12
            ],
            [
                4,
                2,
                4,
                0
            ],
            [
                4,
                2,
                3,
                0
            ],
            [
                4,
                3,
                12,
                0
            ],
            [
                4,
                2,
                0,
                0
            ],
            [
                4,
                2,
                0,
                0
            ],
            [
                4,
                3,
                40,
                26
            ],
            [
                4,
                2,
                4,
                0
            ],
            [
                4,
                4,
                45,
                17
            ],
            [
                4,
                4,
                28,
                0
            ],
            [
                5,
                4,
                37,
                9
            ],
            [
                5,
                2,
                0,
                0
            ],
            [
                5,
                3,
                37,
                23
            ],
            [
                5,
                2,
                1,
                0
            ],
            [
                5,
                3,
                37,
                23
            ],
            [
                5,
                3,
                32,
                18
            ],
            [
                5,
                3,
                38,
                24
            ],
            [
                5,
                3,
                38,
                24
            ],
            [
                5,
                4,
                9,
                0
            ],
            [
                5,
                3,
                38,
                24
            ],
            [
                5,
                2,
                1,
                0
            ],
            [
                6,
                2,
                2,
                0
            ],
            [
                6,
                3,
                37,
                23
            ],
            [
                6,
                3,
                10,
                0
            ],
            [
                6,
                4,
                30,
                2
            ],
            [
                6,
                2,
                2,
                0
            ],
            [
                6,
                2,
                1,
                0
            ],
            [
                6,
                3,
                37,
                23
            ],
            [
                6,
                3,
                7,
                0
            ],
            [
                6,
                4,
                45,
                17
            ],
            [
                6,
                4,
                31,
                3
            ],
            [
                6,
                2,
                1,
                0
            ],
            [
                6,
                2,
                2,
                0
            ],
            [
                6,
                2,
                1,
                0
            ],
            [
                7,
                2,
                1,
                0
            ],
            [
                7,
                2,
                1,
                0
            ],
            [
                7,
                2,
                2,
                0
            ],
            [
                7,
                3,
                28,
                14
            ],
            [
                7,
                2,
                2,
                0
            ],
            [
                7,
                2,
                0,
                0
            ],
            [
                7,
                3,
                16,
                2
            ],
            [
                7,
                3,
                9,
                0
            ],
            [
                7,
                3,
                8,
                0
            ],
            [
                7,
                2,
                0,
                0
            ],
            [
                7,
                3,
                37,
                23
            ],
            [
                7,
                3,
                26,
                12
            ],
            [
                8,
                4,
                32,
                4
            ],
            [
                8,
                4,
                43,
                15
            ],
            [
                8,
                3,
                29,
                15
            ],
            [
                8,
                2,
                4,
                0
            ],
            [
                8,
                3,
                36,
                22
            ],
            [
                8,
                3,
                15,
                1
            ],
            [
                8,
                3,
                27,
                13
            ],
            [
                8,
                2,
                1,
                0
            ],
            [
                8,
                4,
                35,
                7
            ],
            [
                8,
                2,
                4,
                0
            ],
            [
                8,
                3,
                36,
                22
            ],
            [
                8,
                2,
                4,
                0
            ],
            [
                9,
                2,
                4,
                0
            ],
            [
                9,
                4,
                27,
                0
            ],
            [
                9,
                3,
                20,
                6
            ],
            [
                9,
                4,
                42,
                14
            ],
            [
                9,
                4,
                35,
                7
            ],
            [
                9,
                4,
                42,
                14
            ],
            [
                9,
                4,
                31,
                3
            ],
            [
                9,
                2,
                0,
                0
            ],
            [
                9,
                2,
                4,
                0
            ],
            [
                9,
                4,
                28,
                0
            ],
            [
                9,
                3,
                21,
                7
            ],
            [
                10,
                4,
                7,
                0
            ],
            [
                10,
                2,
                2,
                0
            ],
            [
                10,
                4,
                42,
                14
            ],
            [
                10,
                4,
                42,
                14
            ],
            [
                10,
                2,
                0,
                0
            ],
            [
                10,
                3,
                22,
                8
            ],
            [
                10,
                3,
                32,
                18
            ],
            [
                10,
                3,
                32,
                18
            ],
            [
                10,
                3,
                32,
                18
            ],
            [
                11,
                3,
                31,
                17
            ],
            [
                11,
                2,
                2,
                0
            ],
            [
                11,
                3,
                21,
                7
            ],
            [
                11,
                4,
                43,
                15
            ],
            [
                11,
                4,
                43,
                15
            ],
            [
                11,
                2,
                0,
                0
            ],
            [
                11,
                2,
                2,
                0
            ],
            [
                12,
                3,
                23,
                9
            ],
            [
                12,
                2,
                2,
                0
            ],
            [
                12,
                3,
                20,
                6
            ],
            [
                12,
                4,
                42,
                14
            ],
            [
                12,
                4,
                51,
                23
            ],
            [
                12,
                3,
                16,
                2
            ],
            [
                12,
                2,
                1,
                0
            ],
            [
                12,
                4,
                42,
                14
            ],
            [
                12,
                4,
                42,
                14
            ],
            [
                12,
                4,
                28,
                0
            ],
            [
                13,
                2,
                0,
                0
            ],
            [
                13,
                4,
                43,
                15
            ],
            [
                13,
                4,
                43,
                15
            ],
            [
                13,
                2,
                1,
                0
            ],
            [
                13,
                3,
                20,
                6
            ],
            [
                14,
                2,
                0,
                0
            ],
            [
                14,
                2,
                0,
                0
            ],
            [
                14,
                4,
                31,
                3
            ],
            [
                14,
                4,
                42,
                14
            ],
            [
                14,
                4,
                42,
                14
            ],
            [
                14,
                4,
                42,
                14
            ],
            [
                14,
                4,
                49,
                21
            ],
            [
                14,
                4,
                42,
                14
            ],
            [
                14,
                4,
                28,
                0
            ],
            [
                15,
                2,
                2,
                0
            ],
            [
                15,
                4,
                39,
                11
            ],
            [
                15,
                2,
                0,
                0
            ],
            [
                15,
                2,
                2,
                0
            ],
            [
                15,
                2,
                1,
                0
            ],
            [
                15,
                3,
                30,
                16
            ],
            [
                15,
                3,
                30,
                16
            ],
            [
                15,
                3,
                30,
                16
            ],
            [
                15,
                3,
                30,
                16
            ],
            [
                15,
                3,
                30,
                16
            ],
            [
                15,
                2,
                1,
                0
            ],
            [
                16,
                2,
                2,
                0
            ],
            [
                16,
                2,
                2,
                0
            ],
            [
                16,
                2,
                2,
                0
            ],
            [
                16,
                2,
                2,
                0
            ],
            [
                16,
                2,
                0,
                0
            ],
            [
                16,
                2,
                0,
                0
            ],
            [
                16,
                2,
                1,
                0
            ],
            [
                16,
                3,
                30,
                16
            ],
            [
                16,
                3,
                14,
                0
            ],
            [
                16,
                4,
                38,
                10
            ],
            [
                16,
                2,
                1,
                0
            ],
            [
                16,
                2,
                0,
                0
            ],
            [
                16,
                3,
                15,
                1
            ],
            [
                16,
                3,
                30,
                16
            ],
            [
                16,
                2,
                1,
                0
            ],
            [
                16,
                2,
                2,
                0
            ],
            [
                17,
                3,
                20,
                6
            ],
            [
                17,
                3,
                15,
                1
            ],
            [
                17,
                3,
                29,
                15
            ],
            [
                17,
                4,
                37,
                9
            ],
            [
                17,
                3,
                15,
                1
            ],
            [
                17,
                4,
                37,
                9
            ],
            [
                17,
                2,
                0,
                0
            ],
            [
                17,
                3,
                30,
                16
            ],
            [
                17,
                2,
                1,
                0
            ],
            [
                17,
                3,
                30,
                16
            ],
            [
                17,
                2,
                0,
                0
            ],
            [
                17,
                3,
                19,
                5
            ],
            [
                17,
                4,
                28,
                0
            ],
            [
                18,
                2,
                0,
                0
            ],
            [
                18,
                2,
                1,
                0
            ],
            [
                18,
                4,
                28,
                0
            ],
            [
                18,
                3,
                29,
                15
            ],
            [
                18,
                3,
                29,
                15
            ],
            [
                18,
                3,
                21,
                7
            ],
            [
                18,
                3,
                29,
                15
            ],
            [
                18,
                3,
                14,
                0
            ],
            [
                19,
                3,
                28,
                14
            ],
            [
                19,
                3,
                25,
                11
            ],
            [
                19,
                2,
                0,
                0
            ],
            [
                19,
                3,
                13,
                0
            ],
            [
                19,
                3,
                28,
                14
            ],
            [
                19,
                2,
                3,
                0
            ],
            [
                19,
                3,
                28,
                14
            ],
            [
                19,
                3,
                19,
                5
            ],
            [
                19,
                4,
                27,
                0
            ],
            [
                20,
                2,
                2,
                0
            ],
            [
                20,
                4,
                28,
                0
            ],
            [
                20,
                4,
                35,
                7
            ],
            [
                20,
                3,
                30,
                16
            ],
            [
                20,
                2,
                1,
                0
            ],
            [
                20,
                4,
                35,
                7
            ],
            [
                20,
                2,
                0,
                0
            ],
            [
                20,
                4,
                30,
                2
            ],
            [
                20,
                3,
                14,
                0
            ],
            [
                20,
                1,
                0,
                0
            ],
            [
                20,
                3,
                15,
                1
            ],
            [
                20,
                3,
                16,
                2
            ],
            [
                20,
                3,
                30,
                16
            ],
            [
                21,
                2,
                2,
                0
            ],
            [
                21,
                2,
                2,
                0
            ],
            [
                21,
                2,
                1,
                0
            ],
            [
                21,
                3,
                24,
                10
            ],
            [
                21,
                3,
                14,
                0
            ],
            [
                21,
                3,
                29,
                15
            ],
            [
                21,
                3,
                29,
                15
            ],
            [
                21,
                4,
                34,
                6
            ],
            [
                21,
                4,
                35,
                7
            ],
            [
                21,
                3,
                29,
                15
            ],
            [
                21,
                2,
                0,
                0
            ],
            [
                21,
                3,
                16,
                2
            ],
            [
                22,
                3,
                23,
                9
            ],
            [
                22,
                4,
                35,
                7
            ],
            [
                22,
                2,
                2,
                0
            ],
            [
                22,
                3,
                29,
                15
            ],
            [
                23,
                4,
                36,
                8
            ],
            [
                23,
                4,
                36,
                8
            ],
            [
                23,
                2,
                1,
                0
            ],
            [
                23,
                4,
                36,
                8
            ],
            [
                23,
                2,
                4,
                0
            ],
            [
                23,
                4,
                36,
                8
            ],
            [
                23,
                4,
                34,
                6
            ],
            [
                23,
                4,
                36,
                8
            ],
            [
                23,
                4,
                35,
                7
            ],
            [
                23,
                4,
                36,
                8
            ],
            [
                23,
                4,
                35,
                7
            ],
            [
                23,
                4,
                36,
                8
            ],
            [
                23,
                3,
                22,
                8
            ],
            [
                24,
                2,
                3,
                0
            ],
            [
                24,
                2,
                0,
                0
            ],
            [
                24,
                3,
                13,
                0
            ],
            [
                24,
                4,
                13,
                0
            ],
            [
                24,
                3,
                28,
                14
            ],
            [
                24,
                3,
                28,
                14
            ],
            [
                25,
                3,
                25,
                11
            ],
            [
                25,
                4,
                32,
                4
            ],
            [
                25,
                3,
                25,
                11
            ],
            [
                25,
                3,
                25,
                11
            ],
            [
                25,
                2,
                2,
                0
            ],
            [
                25,
                2,
                2,
                0
            ],
            [
                25,
                2,
                0,
                0
            ],
            [
                25,
                4,
                29,
                1
            ],
            [
                25,
                3,
                25,
                11
            ],
            [
                26,
                2,
                1,
                0
            ],
            [
                26,
                3,
                17,
                3
            ],
            [
                26,
                3,
                38,
                24
            ],
            [
                26,
                2,
                0,
                0
            ],
            [
                26,
                2,
                1,
                0
            ],
            [
                26,
                3,
                14,
                0
            ],
            [
                26,
                2,
                0,
                0
            ],
            [
                27,
                2,
                0,
                0
            ],
            [
                27,
                2,
                1,
                0
            ],
            [
                27,
                3,
                14,
                0
            ],
            [
                27,
                2,
                2,
                0
            ],
            [
                27,
                4,
                34,
                6
            ],
            [
                27,
                2,
                2,
                0
            ],
            [
                27,
                3,
                14,
                0
            ],
            [
                27,
                2,
                0,
                0
            ],
            [
                28,
                3,
                34,
                20
            ],
            [
                28,
                3,
                22,
                8
            ],
            [
                28,
                4,
                33,
                5
            ],
            [
                28,
                4,
                33,
                5
            ],
            [
                28,
                2,
                0,
                0
            ],
            [
                28,
                3,
                22,
                8
            ],
            [
                28,
                3,
                13,
                0
            ],
            [
                28,
                4,
                32,
                4
            ],
            [
                28,
                2,
                4,
                0
            ],
            [
                29,
                2,
                3,
                0
            ],
            [
                29,
                2,
                0,
                0
            ],
            [
                29,
                2,
                3,
                0
            ],
            [
                29,
                2,
                0,
                0
            ],
            [
                29,
                4,
                27,
                0
            ],
            [
                29,
                3,
                17,
                3
            ],
            [
                29,
                2,
                0,
                0
            ],
            [
                29,
                2,
                4,
                0
            ]
        ],
        "lWaitDayByPriority": [
            5595,
            0,
            158,
            2787,
            2650
        ],
        "objval": 2293.043758043758,
        "std_occupancy": 2.5705741525820467
    },
    "runtime": 54021.81996893883,
    "simdays": 30,
    "solver": "static"
}