{
    "arrivalrate": 10.1,
    "ins_name": 0,
    "ins_path": null,
    "lNoNewPatients": [
        288,
        1,
        104,
        108,
        75
    ],
    "lNoPatients": [
        530,
        1,
        117,
        250,
        162
    ],
    "lNoSections": [
        4013,
        2,
        317,
        2253,
        1441
    ],
    "mipgap": 1.0,
    "noLinacs": 7,
    "noSlotsPerDay": 120,
    "planningHorizon": 80,
    "runresult": {
        "feasibility": true,
        "lAvgLateDayByPriority": [
            12.555555555555555,
            27.0,
            14.990384615384615,
            15.814814814814815,
            4.293333333333333
        ],
        "lAvgWaitDayByPriority": [
            25.211805555555557,
            27.0,
            17.33653846153846,
            29.12037037037037,
            30.48
        ],
        "lLateDayByPriority": [
            3616,
            27,
            1559,
            1708,
            322
        ],
        "lWaitDayByPriority": [
            7261,
            27,
            1803,
            3145,
            2286
        ],
        "objval": 2765.064287749288
    },
    "runtime": 13.843205451965332,
    "simdays": 30,
    "solver": "daily"
}