{
    "arrivalrate": 10.1,
    "ins_name": 65,
    "ins_path": "/home/tusan/projects/def-roussea5/tusan/exp/2021_Oct/7linacs/lambda10.1/data",
    "lNoNewPatients": [
        286,
        1,
        105,
        105,
        75
    ],
    "lNoPatients": [
        543,
        1,
        125,
        252,
        165
    ],
    "lNoSections": [
        3985,
        2,
        314,
        2187,
        1482
    ],
    "mipgap": 1.0,
    "noLinacs": 7,
    "noSlotsPerDay": 120,
    "planningHorizon": 80,
    "runresult": {
        "feasibility": true,
        "lAvgLateDayByPriority": [
            12.26923076923077,
            20.0,
            10.514285714285714,
            18.01904761904762,
            6.573333333333333
        ],
        "lAvgWaitDayByPriority": [
            24.947552447552447,
            20.0,
            12.99047619047619,
            31.409523809523808,
            32.70666666666666
        ],
        "lLateDayByPriority": [
            3509,
            20,
            1104,
            1892,
            493
        ],
        "lWaitDayByPriority": [
            7135,
            20,
            1364,
            3298,
            2453
        ],
        "objval": 20649.12761904762
    },
    "runtime": 19.887253999710083,
    "simdays": 30,
    "solver": "biweekly"
}