{
    "arrivalrate": 10.1,
    "ins_name": 185,
    "ins_path": null,
    "lNoNewPatients": [
        311,
        1,
        116,
        118,
        76
    ],
    "lNoPatients": [
        534,
        1,
        129,
        246,
        158
    ],
    "lNoSections": [
        4208,
        2,
        342,
        2414,
        1450
    ],
    "mipgap": 1.0,
    "noLinacs": 7,
    "noSlotsPerDay": 120,
    "planningHorizon": 80,
    "runresult": {
        "feasibility": true,
        "lAvgLateDayByPriority": [
            9.787781350482316,
            25.0,
            12.775862068965518,
            12.245762711864407,
            1.2105263157894737
        ],
        "lAvgWaitDayByPriority": [
            22.05466237942122,
            25.0,
            15.172413793103448,
            25.38135593220339,
            27.355263157894736
        ],
        "lLateDayByPriority": [
            3044,
            25,
            1482,
            1445,
            92
        ],
        "lWaitDayByPriority": [
            6859,
            25,
            1760,
            2995,
            2079
        ],
        "objval": 2705.692908117752
    },
    "runtime": 2.061164379119873,
    "simdays": 30,
    "solver": "daily_greedy"
}