{
    "arrivalrate": 10.1,
    "ins_name": 260,
    "ins_path": null,
    "lNoNewPatients": [
        277,
        0,
        105,
        104,
        68
    ],
    "lNoPatients": [
        471,
        0,
        121,
        213,
        137
    ],
    "lNoSections": [
        3789,
        0,
        297,
        2105,
        1387
    ],
    "mipgap": 1.0,
    "noLinacs": 7,
    "noSlotsPerDay": 120,
    "planningHorizon": 80,
    "runresult": {
        "feasibility": true,
        "lAvgLateDayByPriority": [
            4.808664259927798,
            0.0,
            7.3238095238095235,
            5.413461538461538,
            0.0
        ],
        "lAvgWaitDayByPriority": [
            15.31407942238267,
            0.0,
            9.8,
            18.798076923076923,
            18.5
        ],
        "lLateDayByPriority": [
            1332,
            0,
            769,
            563,
            0
        ],
        "lWaitDayByPriority": [
            4242,
            0,
            1029,
            1955,
            1258
        ],
        "objval": 2348.035347985348
    },
    "runtime": 1.6236703395843506,
    "simdays": 30,
    "solver": "greedy"
}