{
    "arrivalrate": 10.1,
    "ins_name": 308,
    "ins_path": "/home/tusan/projects/def-roussea5/tusan/exp/2021_Oct/7linacs/lambda10.1/data",
    "lNoNewPatients": [
        298,
        1,
        113,
        109,
        75
    ],
    "lNoPatients": [
        528,
        1,
        125,
        244,
        158
    ],
    "lNoSections": [
        4029,
        2,
        339,
        2244,
        1444
    ],
    "mipgap": 0.023202270053912153,
    "noLinacs": 7,
    "noSlotsPerDay": 120,
    "planningHorizon": 80,
    "runresult": {
        "feasibility": true,
        "lAvgLateDayByPriority": [
            3.4630872483221475,
            0.0,
            0.0,
            7.0,
            3.5866666666666664
        ],
        "lAvgWaitDayByPriority": [
            15.906040268456376,
            0.0,
            1.6283185840707965,
            20.587155963302752,
            30.826666666666668
        ],
        "lLateDayByPriority": [
            1032,
            0,
            0,
            763,
            269
        ],
        "lWaitDayByPriority": [
            4740,
            0,
            184,
            2244,
            2312
        ],
        "objval": 20278.283675137343
    },
    "runtime": 54023.219198942184,
    "simdays": 30,
    "solver": "static"
}