{
    "arrivalrate": 10.1,
    "ins_name": 425,
    "ins_path": "/home/tusan/projects/def-roussea5/tusan/exp/2021_Oct/7linacs/lambda10.1/data",
    "lNoNewPatients": [
        292,
        1,
        107,
        110,
        74
    ],
    "lNoPatients": [
        515,
        1,
        119,
        236,
        159
    ],
    "lNoSections": [
        4043,
        2,
        317,
        2273,
        1451
    ],
    "mipgap": 1.0,
    "noLinacs": 7,
    "noSlotsPerDay": 120,
    "planningHorizon": 80,
    "runresult": {
        "feasibility": true,
        "lAvgLateDayByPriority": [
            8.938356164383562,
            17.0,
            10.897196261682243,
            11.6,
            2.0405405405405403
        ],
        "lAvgWaitDayByPriority": [
            21.59246575342466,
            17.0,
            13.373831775700934,
            24.918181818181818,
            28.594594594594593
        ],
        "lLateDayByPriority": [
            2610,
            17,
            1166,
            1276,
            151
        ],
        "lWaitDayByPriority": [
            6305,
            17,
            1431,
            2741,
            2116
        ],
        "objval": 20598.788830972007
    },
    "runtime": 17.524019718170166,
    "simdays": 30,
    "solver": "biweekly"
}