{
    "arrivalrate": 10.1,
    "ins_name": 430,
    "ins_path": "/home/tusan/projects/def-roussea5/tusan/exp/2021_Oct/7linacs/lambda10.1/data",
    "lNoNewPatients": [
        280,
        1,
        100,
        104,
        75
    ],
    "lNoPatients": [
        534,
        1,
        121,
        249,
        163
    ],
    "lNoSections": [
        3939,
        2,
        293,
        2165,
        1479
    ],
    "mipgap": 30.0,
    "noLinacs": 7,
    "noSlotsPerDay": 120,
    "planningHorizon": 80,
    "runresult": {
        "feasibility": true,
        "lAvgLateDayByPriority": [
            6.7821428571428575,
            0.0,
            0.4,
            12.807692307692308,
            7.026666666666666
        ],
        "lAvgWaitDayByPriority": [
            19.62857142857143,
            0.0,
            1.91,
            26.5,
            33.986666666666665
        ],
        "lLateDayByPriority": [
            1899,
            0,
            40,
            1332,
            527
        ],
        "lWaitDayByPriority": [
            5496,
            0,
            191,
            2756,
            2549
        ],
        "objval": 20299.821025641028
    },
    "runtime": 2.1972737312316895,
    "simdays": 30,
    "solver": "prediction"
}