{
    "arrivalrate": 12.0,
    "ins_name": 78,
    "ins_path": "/home/tusan/projects/def-roussea5/tusan/exp/2021_Oct/8linacs/lambda12.0/data",
    "lNoNewPatients": [
        374,
        2,
        141,
        129,
        102
    ],
    "lNoPatients": [
        667,
        2,
        158,
        299,
        208
    ],
    "lNoSections": [
        5093,
        3,
        394,
        2582,
        2114
    ],
    "mipgap": 0.016042656383942144,
    "noLinacs": 8,
    "noSlotsPerDay": 120,
    "planningHorizon": 80,
    "runresult": {
        "feasibility": true,
        "lAvgLateDayByPriority": [
            5.235294117647059,
            0.0,
            0.0,
            10.643410852713178,
            5.735294117647059
        ],
        "lAvgWaitDayByPriority": [
            17.74866310160428,
            0.0,
            1.2624113475177305,
            24.24031007751938,
            32.6764705882353
        ],
        "lLateDayByPriority": [
            1958,
            0,
            0,
            1373,
            585
        ],
        "lWaitDayByPriority": [
            6638,
            0,
            178,
            3127,
            3333
        ],
        "objval": 20285.91959911129
    },
    "runtime": 54029.21876168251,
    "simdays": 30,
    "solver": "static"
}