{
    "arrivalrate": 12.0,
    "ins_name": 90,
    "ins_path": "/home/tusan/projects/def-roussea5/tusan/exp/2021_Oct/8linacs/lambda12.0/data",
    "lNoNewPatients": [
        352,
        2,
        129,
        122,
        99
    ],
    "lNoPatients": [
        647,
        2,
        140,
        297,
        208
    ],
    "lNoSections": [
        4852,
        3,
        363,
        2434,
        2052
    ],
    "mipgap": 1.0,
    "noLinacs": 8,
    "noSlotsPerDay": 120,
    "planningHorizon": 80,
    "runresult": {
        "feasibility": true,
        "lAvgLateDayByPriority": [
            11.980113636363637,
            10.5,
            12.736434108527131,
            16.065573770491802,
            5.98989898989899
        ],
        "lAvgWaitDayByPriority": [
            25.235795454545453,
            10.5,
            15.310077519379846,
            29.614754098360656,
            33.07070707070707
        ],
        "lLateDayByPriority": [
            4217,
            21,
            1643,
            1960,
            593
        ],
        "lWaitDayByPriority": [
            8883,
            21,
            1975,
            3613,
            3274
        ],
        "objval": 20566.07814323178
    },
    "runtime": 35.26054000854492,
    "simdays": 30,
    "solver": "weekly"
}