{
    "arrivalrate": 12.0,
    "ins_name": 100,
    "ins_path": "/home/tusan/projects/def-roussea5/tusan/exp/2021_Oct/8linacs/lambda12.0/data",
    "lNoNewPatients": [
        368,
        2,
        135,
        132,
        99
    ],
    "lNoPatients": [
        677,
        2,
        150,
        311,
        214
    ],
    "lNoSections": [
        5047,
        3,
        381,
        2565,
        2098
    ],
    "mipgap": 1.0,
    "noLinacs": 8,
    "noSlotsPerDay": 120,
    "planningHorizon": 80,
    "runresult": {
        "feasibility": true,
        "lAvgLateDayByPriority": [
            15.415760869565217,
            6.5,
            14.592592592592593,
            20.606060606060606,
            9.797979797979798
        ],
        "lAvgWaitDayByPriority": [
            28.222826086956523,
            6.5,
            16.962962962962962,
            34.07575757575758,
            36.21212121212121
        ],
        "lLateDayByPriority": [
            5673,
            13,
            1970,
            2720,
            970
        ],
        "lWaitDayByPriority": [
            10386,
            13,
            2290,
            4498,
            3585
        ],
        "objval": 20556.414141414138
    },
    "runtime": 26.393503189086914,
    "simdays": 30,
    "solver": "daily"
}