{
    "arrivalrate": 12.0,
    "ins_name": 195,
    "ins_path": "/ssd6/san/software/RTSP-scheduling/data/8linacs/lambda12.0/data",
    "lNoNewPatients": [
        327,
        2,
        117,
        115,
        93
    ],
    "lNoPatients": [
        637,
        2,
        133,
        294,
        208
    ],
    "lNoSections": [
        4570,
        3,
        332,
        2271,
        1964
    ],
    "mipgap": 1.0,
    "noLinacs": 8,
    "noSlotsPerDay": 120,
    "planningHorizon": 80,
    "runresult": {
        "avg_occupancy": 42.768055555555556,
        "feasibility": true,
        "lAvgLateDayByPriority": [
            13.207951070336392,
            12.5,
            17.025641025641026,
            16.095652173913045,
            4.849462365591398
        ],
        "lAvgWaitDayByPriority": [
            26.489296636085626,
            12.5,
            19.77777777777778,
            29.26086956521739,
            31.806451612903224
        ],
        "lLateDayByPriority": [
            4319,
            25,
            1992,
            1851,
            451
        ],
        "lOccupancy": {
            "0": [
                0.0,
                0.0,
                0.0,
                0.0,
                0.625,
                0.625,
                0.0,
                0.0,
                0.0,
                0.0,
                0.0,
                0.0,
                0.0,
                0.0,
                0.0,
                0.0,
                0.0,
                0.0,
                0.0,
                0.0,
                0.0,
                0.0,
                0.0,
                0.0,
                0.0,
                0.0,
                0.0,
                0.0,
                0.0,
                0.0,
                0.625,
                0.0,
                0.0,
                0.0,
                0.0,
                0.0,
                0.0,
                0.0,
                0.0,
                0.0,
                0.0,
                0.0,
                0.0,
                0.0,
                0.0,
                0.0,
                0.0,
                0.0,
                0.0,
                0.0,
                0.0,
                0.0,
                0.0,
                0.0,
                0.0,
                0.0,
                0.0,
                0.0,
                0.0,
                0.0,
                0.0,
                0.0,
                0.0,
                0.0,
                0.0,
                0.0,
                0.0,
                0.0,
                0.0,
                0.0,
                0.0,
                0.0,
                0.0,
                0.0,
                0.0,
                0.0,
                0.0,
                0.0,
                0.0,
                0.0,
                0.0,
                0.0,
                0.0,
                0.0,
                0.0,
                0.0,
                0.0,
                0.0,
                0.0,
                0.0,
                0.0,
                0.0,
                0.0,
                0.0,
                0.0,
                0.0,
                0.0,
                0.0,
                0.0,
                0.0,
                0.0,
                0.0,
                0.0,
                0.0,
                0.0,
                0.0,
                0.0,
                0.0,
                0.0,
                0.0,
                0.0,
                0.0,
                0.0,
                0.0,
                0.0,
                0.0,
                0.0,
                0.0,
                0.0,
                0.0,
                0.0,
                0.0,
                0.0,
                0.0,
                0.0,
                0.0,
                0.0,
                0.0,
                0.0,
                0.0,
                0.0,
                0.0,
                0.0,
                0.0,
                0.0,
                0.0,
                0.0,
                0.0,
                0.0,
                0.0,
                0.0,
                0.0,
                0.0,
                0.0,
                0.0,
                0.0,
                0.0,
                0.0,
                0.0,
                0.0
            ],
            "1": [
                11.5625,
                11.458333333333332,
                9.895833333333332,
                10.833333333333334,
                8.4375,
                9.0625,
                6.458333333333334,
                5.3125,
                4.375,
                6.5625,
                4.375,
                3.958333333333333,
                2.5,
                2.5,
                4.375,
                3.75,
                6.354166666666666,
                3.4375000000000004,
                3.4375000000000004,
                2.2916666666666665,
                2.2916666666666665,
                2.2916666666666665,
                2.604166666666667,
                2.604166666666667,
                2.9166666666666665,
                2.2916666666666665,
                2.2916666666666665,
                2.9166666666666665,
                2.9166666666666665,
                2.9166666666666665,
                2.5,
                4.0625,
                4.166666666666666,
                3.854166666666667,
                5.3125,
                4.583333333333333,
                5.104166666666667,
                5.104166666666667,
                5.208333333333334,
                6.041666666666667,
                7.8125,
                8.958333333333334,
                8.541666666666666,
                8.958333333333334,
                9.479166666666666,
                10.625,
                10.104166666666666,
                10.9375,
                8.958333333333334,
                5.520833333333333,
                3.5416666666666665,
                2.1875,
                1.4583333333333333,
                0.0,
                0.0,
                0.0,
                0.0,
                0.0,
                0.0,
                0.0,
                0.0,
                0.0,
                0.0,
                0.0,
                0.0,
                0.0,
                0.0,
                0.0,
                0.0,
                0.0,
                0.0,
                0.0,
                0.0,
                0.0,
                0.0,
                0.0,
                0.0,
                0.0,
                0.0,
                0.0,
                0.0,
                0.0,
                0.0,
                0.0,
                0.0,
                0.0,
                0.0,
                0.0,
                0.0,
                0.0,
                0.0,
                0.0,
                0.0,
                0.0,
                0.0,
                0.0,
                0.0,
                0.0,
                0.0,
                0.0,
                0.0,
                0.0,
                0.0,
                0.0,
                0.0,
                0.0,
                0.0,
                0.0,
                0.0,
                0.0,
                0.0,
                0.0,
                0.0,
                0.0,
                0.0,
                0.0,
                0.0,
                0.0,
                0.0,
                0.0,
                0.0,
                0.0,
                0.0,
                0.0,
                0.0,
                0.0,
                0.0,
                0.0,
                0.0,
                0.0,
                0.0,
                0.0,
                0.0,
                0.0,
                0.0,
                0.0,
                0.0,
                0.0,
                0.0,
                0.0,
                0.0,
                0.0,
                0.0,
                0.0,
                0.0,
                0.0,
                0.0,
                0.0,
                0.0,
                0.0
            ],
            "2": [
                53.541666666666664,
                54.479166666666664,
                53.541666666666664,
                51.45833333333333,
                52.39583333333333,
                56.56250000000001,
                63.854166666666664,
                67.1875,
                68.54166666666667,
                65.41666666666667,
                66.04166666666667,
                64.27083333333333,
                64.27083333333333,
                62.083333333333336,
                61.77083333333333,
                64.79166666666667,
                63.854166666666664,
                63.33333333333333,
                65.52083333333333,
                65.52083333333333,
                63.541666666666664,
                61.979166666666664,
                63.020833333333336,
                62.083333333333336,
                60.9375,
                60.10416666666667,
                57.08333333333333,
                56.666666666666664,
                58.75,
                58.75,
                59.06249999999999,
                57.08333333333333,
                55.729166666666664,
                56.666666666666664,
                57.395833333333336,
                58.333333333333336,
                58.54166666666667,
                58.54166666666667,
                56.041666666666664,
                55.729166666666664,
                53.645833333333336,
                52.5,
                53.645833333333336,
                53.85416666666667,
                51.979166666666664,
                50.9375,
                48.95833333333333,
                48.229166666666664,
                44.895833333333336,
                45.625,
                44.166666666666664,
                42.395833333333336,
                41.770833333333336,
                43.958333333333336,
                44.27083333333333,
                42.395833333333336,
                39.0625,
                37.395833333333336,
                36.145833333333336,
                32.395833333333336,
                29.895833333333332,
                29.895833333333332,
                28.749999999999996,
                25.729166666666664,
                24.583333333333332,
                23.958333333333336,
                22.708333333333332,
                20.833333333333336,
                19.6875,
                18.4375,
                17.395833333333332,
                15.520833333333334,
                13.541666666666666,
                12.291666666666666,
                11.666666666666666,
                9.791666666666666,
                7.916666666666666,
                5.520833333333333,
                5.0,
                3.854166666666667,
                3.854166666666667,
                3.229166666666667,
                1.875,
                1.875,
                0.625,
                0.0,
                0.0,
                0.0,
                0.0,
                0.0,
                0.0,
                0.0,
                0.0,
                0.0,
                0.0,
                0.0,
                0.0,
                0.0,
                0.0,
                0.0,
                0.0,
                0.0,
                0.0,
                0.0,
                0.0,
                0.0,
                0.0,
                0.0,
                0.0,
                0.0,
                0.0,
                0.0,
                0.0,
                0.0,
                0.0,
                0.0,
                0.0,
                0.0,
                0.0,
                0.0,
                0.0,
                0.0,
                0.0,
                0.0,
                0.0,
                0.0,
                0.0,
                0.0,
                0.0,
                0.0,
                0.0,
                0.0,
                0.0,
                0.0,
                0.0,
                0.0,
                0.0,
                0.0,
                0.0,
                0.0,
                0.0,
                0.0,
                0.0,
                0.0,
                0.0,
                0.0,
                0.0,
                0.0,
                0.0,
                0.0
            ],
            "3": [
                29.062500000000004,
                29.062500000000004,
                29.062500000000004,
                31.5625,
                30.9375,
                29.479166666666668,
                27.8125,
                24.791666666666668,
                25.0,
                26.145833333333336,
                27.8125,
                30.104166666666664,
                31.5625,
                34.479166666666664,
                33.125,
                30.0,
                28.958333333333336,
                32.083333333333336,
                30.312499999999996,
                30.729166666666668,
                32.5,
                34.0625,
                32.8125,
                33.4375,
                34.583333333333336,
                35.9375,
                38.958333333333336,
                38.958333333333336,
                36.45833333333333,
                36.666666666666664,
                36.041666666666664,
                37.395833333333336,
                38.229166666666664,
                37.5,
                35.729166666666664,
                35.520833333333336,
                35.520833333333336,
                34.89583333333333,
                36.97916666666667,
                36.666666666666664,
                36.97916666666667,
                37.083333333333336,
                36.666666666666664,
                35.3125,
                36.25,
                36.5625,
                39.479166666666664,
                38.645833333333336,
                42.604166666666664,
                43.125,
                42.916666666666664,
                45.0,
                44.479166666666664,
                42.604166666666664,
                40.729166666666664,
                39.479166666666664,
                36.354166666666664,
                33.229166666666664,
                33.229166666666664,
                32.083333333333336,
                31.458333333333332,
                30.312499999999996,
                29.166666666666668,
                26.458333333333332,
                25.208333333333332,
                22.916666666666664,
                22.395833333333336,
                22.395833333333336,
                20.833333333333336,
                19.583333333333332,
                17.708333333333336,
                16.458333333333332,
                15.208333333333332,
                12.1875,
                10.520833333333334,
                9.895833333333332,
                8.75,
                6.5625,
                5.416666666666667,
                5.0,
                3.75,
                3.125,
                1.875,
                1.25,
                0.0,
                0.0,
                0.0,
                0.0,
                0.0,
                0.0,
                0.0,
                0.0,
                0.0,
                0.0,
                0.0,
                0.0,
                0.0,
                0.0,
                0.0,
                0.0,
                0.0,
                0.0,
                0.0,
                0.0,
                0.0,
                0.0,
                0.0,
                0.0,
                0.0,
                0.0,
                0.0,
                0.0,
                0.0,
                0.0,
                0.0,
                0.0,
                0.0,
                0.0,
                0.0,
                0.0,
                0.0,
                0.0,
                0.0,
                0.0,
                0.0,
                0.0,
                0.0,
                0.0,
                0.0,
                0.0,
                0.0,
                0.0,
                0.0,
                0.0,
                0.0,
                0.0,
                0.0,
                0.0,
                0.0,
                0.0,
                0.0,
                0.0,
                0.0,
                0.0,
                0.0,
                0.0,
                0.0,
                0.0,
                0.0,
                0.0
            ],
            "overall": [
                94.16666666666666,
                95.0,
                92.5,
                93.85416666666666,
                92.39583333333333,
                95.72916666666667,
                98.125,
                97.29166666666667,
                97.91666666666667,
                98.125,
                98.22916666666667,
                98.33333333333331,
                98.33333333333333,
                99.0625,
                99.27083333333333,
                98.54166666666667,
                99.16666666666666,
                98.85416666666666,
                99.27083333333333,
                98.54166666666667,
                98.33333333333333,
                98.33333333333333,
                98.4375,
                98.125,
                98.4375,
                98.33333333333334,
                98.33333333333333,
                98.54166666666666,
                98.125,
                98.33333333333333,
                98.22916666666666,
                98.54166666666666,
                98.125,
                98.02083333333333,
                98.4375,
                98.4375,
                99.16666666666667,
                98.54166666666666,
                98.22916666666667,
                98.4375,
                98.4375,
                98.54166666666667,
                98.85416666666666,
                98.125,
                97.70833333333333,
                98.125,
                98.54166666666666,
                97.8125,
                96.45833333333334,
                94.27083333333334,
                90.625,
                89.58333333333334,
                87.70833333333334,
                86.5625,
                85.0,
                81.875,
                75.41666666666666,
                70.625,
                69.375,
                64.47916666666667,
                61.354166666666664,
                60.20833333333333,
                57.916666666666664,
                52.1875,
                49.791666666666664,
                46.875,
                45.10416666666667,
                43.22916666666667,
                40.520833333333336,
                38.02083333333333,
                35.10416666666667,
                31.979166666666664,
                28.75,
                24.479166666666664,
                22.1875,
                19.6875,
                16.666666666666664,
                12.083333333333332,
                10.416666666666668,
                8.854166666666668,
                7.604166666666667,
                6.354166666666667,
                3.75,
                3.125,
                0.625,
                0.0,
                0.0,
                0.0,
                0.0,
                0.0,
                0.0,
                0.0,
                0.0,
                0.0,
                0.0,
                0.0,
                0.0,
                0.0,
                0.0,
                0.0,
                0.0,
                0.0,
                0.0,
                0.0,
                0.0,
                0.0,
                0.0,
                0.0,
                0.0,
                0.0,
                0.0,
                0.0,
                0.0,
                0.0,
                0.0,
                0.0,
                0.0,
                0.0,
                0.0,
                0.0,
                0.0,
                0.0,
                0.0,
                0.0,
                0.0,
                0.0,
                0.0,
                0.0,
                0.0,
                0.0,
                0.0,
                0.0,
                0.0,
                0.0,
                0.0,
                0.0,
                0.0,
                0.0,
                0.0,
                0.0,
                0.0,
                0.0,
                0.0,
                0.0,
                0.0,
                0.0,
                0.0,
                0.0,
                0.0,
                0.0
            ]
        },
        "lWaitAndOverdue": [
            [
                0,
                2,
                0,
                0
            ],
            [
                0,
                2,
                1,
                0
            ],
            [
                0,
                3,
                10,
                0
            ],
            [
                0,
                3,
                8,
                0
            ],
            [
                0,
                4,
                14,
                0
            ],
            [
                0,
                2,
                2,
                0
            ],
            [
                0,
                2,
                1,
                0
            ],
            [
                0,
                3,
                7,
                0
            ],
            [
                0,
                3,
                10,
                0
            ],
            [
                0,
                2,
                0,
                0
            ],
            [
                0,
                2,
                2,
                0
            ],
            [
                0,
                3,
                7,
                0
            ],
            [
                1,
                3,
                7,
                0
            ],
            [
                1,
                3,
                9,
                0
            ],
            [
                1,
                4,
                14,
                0
            ],
            [
                1,
                3,
                7,
                0
            ],
            [
                1,
                4,
                14,
                0
            ],
            [
                1,
                2,
                1,
                0
            ],
            [
                1,
                3,
                7,
                0
            ],
            [
                1,
                2,
                1,
                0
            ],
            [
                1,
                3,
                8,
                0
            ],
            [
                1,
                2,
                2,
                0
            ],
            [
                1,
                3,
                9,
                0
            ],
            [
                1,
                4,
                14,
                0
            ],
            [
                2,
                2,
                1,
                0
            ],
            [
                2,
                2,
                2,
                0
            ],
            [
                2,
                4,
                14,
                0
            ],
            [
                2,
                3,
                12,
                0
            ],
            [
                2,
                3,
                8,
                0
            ],
            [
                2,
                3,
                9,
                0
            ],
            [
                2,
                3,
                12,
                0
            ],
            [
                2,
                3,
                12,
                0
            ],
            [
                2,
                3,
                9,
                0
            ],
            [
                2,
                3,
                9,
                0
            ],
            [
                3,
                2,
                4,
                0
            ],
            [
                3,
                3,
                13,
                0
            ],
            [
                3,
                3,
                12,
                0
            ],
            [
                3,
                2,
                4,
                0
            ],
            [
                3,
                3,
                13,
                0
            ],
            [
                3,
                3,
                20,
                6
            ],
            [
                3,
                4,
                14,
                0
            ],
            [
                3,
                2,
                5,
                1
            ],
            [
                3,
                4,
                20,
                0
            ],
            [
                3,
                4,
                27,
                0
            ],
            [
                3,
                3,
                27,
                13
            ],
            [
                4,
                2,
                0,
                0
            ],
            [
                4,
                4,
                26,
                0
            ],
            [
                4,
                2,
                4,
                0
            ],
            [
                4,
                4,
                26,
                0
            ],
            [
                4,
                3,
                33,
                19
            ],
            [
                4,
                1,
                0,
                0
            ],
            [
                4,
                3,
                34,
                20
            ],
            [
                4,
                3,
                33,
                19
            ],
            [
                4,
                3,
                33,
                19
            ],
            [
                5,
                2,
                0,
                0
            ],
            [
                5,
                2,
                4,
                2
            ],
            [
                5,
                2,
                0,
                0
            ],
            [
                5,
                3,
                31,
                17
            ],
            [
                5,
                3,
                31,
                17
            ],
            [
                5,
                3,
                31,
                17
            ],
            [
                5,
                3,
                31,
                17
            ],
            [
                5,
                4,
                32,
                4
            ],
            [
                5,
                4,
                32,
                4
            ],
            [
                5,
                3,
                32,
                18
            ],
            [
                5,
                2,
                11,
                9
            ],
            [
                5,
                3,
                35,
                21
            ],
            [
                6,
                3,
                35,
                21
            ],
            [
                6,
                4,
                35,
                7
            ],
            [
                6,
                2,
                3,
                1
            ],
            [
                6,
                3,
                35,
                21
            ],
            [
                6,
                4,
                35,
                7
            ],
            [
                6,
                4,
                35,
                7
            ],
            [
                6,
                2,
                3,
                1
            ],
            [
                6,
                4,
                35,
                7
            ],
            [
                6,
                2,
                7,
                5
            ],
            [
                6,
                4,
                36,
                8
            ],
            [
                7,
                4,
                35,
                7
            ],
            [
                7,
                4,
                35,
                7
            ],
            [
                7,
                4,
                35,
                7
            ],
            [
                7,
                4,
                35,
                7
            ],
            [
                7,
                4,
                35,
                7
            ],
            [
                7,
                4,
                35,
                7
            ],
            [
                7,
                3,
                35,
                21
            ],
            [
                7,
                2,
                14,
                12
            ],
            [
                7,
                2,
                0,
                0
            ],
            [
                7,
                3,
                36,
                22
            ],
            [
                8,
                4,
                35,
                7
            ],
            [
                8,
                3,
                35,
                21
            ],
            [
                8,
                3,
                35,
                21
            ],
            [
                8,
                3,
                35,
                21
            ],
            [
                8,
                4,
                35,
                7
            ],
            [
                8,
                3,
                35,
                21
            ],
            [
                8,
                3,
                36,
                22
            ],
            [
                8,
                2,
                5,
                1
            ],
            [
                8,
                2,
                8,
                4
            ],
            [
                8,
                2,
                1,
                0
            ],
            [
                8,
                4,
                36,
                8
            ],
            [
                8,
                3,
                36,
                22
            ],
            [
                8,
                2,
                8,
                4
            ],
            [
                8,
                3,
                36,
                22
            ],
            [
                8,
                3,
                39,
                25
            ],
            [
                8,
                2,
                15,
                11
            ],
            [
                8,
                2,
                12,
                8
            ],
            [
                8,
                3,
                39,
                25
            ],
            [
                8,
                2,
                15,
                11
            ],
            [
                9,
                2,
                4,
                0
            ],
            [
                9,
                2,
                6,
                2
            ],
            [
                9,
                3,
                38,
                24
            ],
            [
                9,
                2,
                14,
                10
            ],
            [
                9,
                4,
                38,
                10
            ],
            [
                9,
                2,
                19,
                15
            ],
            [
                9,
                3,
                39,
                25
            ],
            [
                9,
                2,
                21,
                17
            ],
            [
                9,
                3,
                39,
                25
            ],
            [
                9,
                3,
                38,
                24
            ],
            [
                9,
                4,
                38,
                10
            ],
            [
                9,
                4,
                38,
                10
            ],
            [
                9,
                2,
                19,
                15
            ],
            [
                9,
                3,
                39,
                25
            ],
            [
                9,
                3,
                39,
                25
            ],
            [
                10,
                4,
                36,
                8
            ],
            [
                10,
                2,
                8,
                6
            ],
            [
                10,
                2,
                23,
                21
            ],
            [
                10,
                2,
                23,
                21
            ],
            [
                10,
                2,
                23,
                21
            ],
            [
                10,
                2,
                4,
                2
            ],
            [
                10,
                4,
                36,
                8
            ],
            [
                11,
                3,
                36,
                22
            ],
            [
                11,
                3,
                36,
                22
            ],
            [
                11,
                4,
                36,
                8
            ],
            [
                11,
                2,
                22,
                20
            ],
            [
                11,
                2,
                23,
                21
            ],
            [
                11,
                3,
                37,
                23
            ],
            [
                12,
                4,
                36,
                8
            ],
            [
                12,
                4,
                36,
                8
            ],
            [
                12,
                2,
                22,
                20
            ],
            [
                12,
                2,
                27,
                25
            ],
            [
                12,
                2,
                23,
                21
            ],
            [
                12,
                2,
                28,
                26
            ],
            [
                12,
                2,
                6,
                4
            ],
            [
                12,
                3,
                36,
                22
            ],
            [
                12,
                2,
                26,
                24
            ],
            [
                12,
                3,
                36,
                22
            ],
            [
                12,
                4,
                36,
                8
            ],
            [
                12,
                4,
                36,
                8
            ],
            [
                13,
                4,
                35,
                7
            ],
            [
                13,
                3,
                36,
                22
            ],
            [
                13,
                1,
                25,
                25
            ],
            [
                13,
                2,
                27,
                23
            ],
            [
                13,
                2,
                28,
                24
            ],
            [
                13,
                2,
                29,
                25
            ],
            [
                13,
                2,
                26,
                22
            ],
            [
                13,
                3,
                36,
                22
            ],
            [
                14,
                3,
                35,
                21
            ],
            [
                14,
                3,
                35,
                21
            ],
            [
                14,
                4,
                35,
                7
            ],
            [
                14,
                2,
                27,
                23
            ],
            [
                14,
                2,
                32,
                28
            ],
            [
                14,
                2,
                33,
                29
            ],
            [
                14,
                2,
                33,
                29
            ],
            [
                14,
                4,
                38,
                10
            ],
            [
                14,
                3,
                38,
                24
            ],
            [
                14,
                3,
                38,
                24
            ],
            [
                14,
                3,
                38,
                24
            ],
            [
                14,
                2,
                33,
                29
            ],
            [
                14,
                3,
                38,
                24
            ],
            [
                14,
                2,
                34,
                30
            ],
            [
                14,
                3,
                38,
                24
            ],
            [
                15,
                2,
                25,
                23
            ],
            [
                15,
                2,
                31,
                29
            ],
            [
                15,
                3,
                35,
                21
            ],
            [
                15,
                3,
                35,
                21
            ],
            [
                15,
                2,
                25,
                23
            ],
            [
                15,
                4,
                35,
                7
            ],
            [
                15,
                4,
                35,
                7
            ],
            [
                15,
                4,
                35,
                7
            ],
            [
                16,
                4,
                34,
                6
            ],
            [
                16,
                4,
                34,
                6
            ],
            [
                16,
                4,
                34,
                6
            ],
            [
                16,
                3,
                35,
                21
            ],
            [
                16,
                2,
                34,
                32
            ],
            [
                16,
                4,
                35,
                7
            ],
            [
                16,
                2,
                24,
                22
            ],
            [
                17,
                4,
                34,
                6
            ],
            [
                17,
                2,
                29,
                27
            ],
            [
                17,
                3,
                34,
                20
            ],
            [
                17,
                3,
                34,
                20
            ],
            [
                17,
                3,
                33,
                19
            ],
            [
                17,
                4,
                34,
                6
            ],
            [
                18,
                2,
                26,
                22
            ],
            [
                18,
                2,
                29,
                25
            ],
            [
                18,
                2,
                32,
                28
            ],
            [
                18,
                2,
                29,
                25
            ],
            [
                18,
                3,
                33,
                19
            ],
            [
                18,
                4,
                33,
                5
            ],
            [
                18,
                3,
                33,
                19
            ],
            [
                18,
                2,
                32,
                28
            ],
            [
                18,
                3,
                34,
                20
            ],
            [
                19,
                4,
                32,
                4
            ],
            [
                19,
                4,
                33,
                5
            ],
            [
                19,
                2,
                31,
                27
            ],
            [
                19,
                4,
                33,
                5
            ],
            [
                19,
                2,
                31,
                27
            ],
            [
                19,
                4,
                33,
                5
            ],
            [
                19,
                3,
                33,
                19
            ],
            [
                19,
                2,
                32,
                28
            ],
            [
                19,
                2,
                32,
                28
            ],
            [
                19,
                3,
                33,
                19
            ],
            [
                20,
                2,
                29,
                27
            ],
            [
                20,
                2,
                29,
                27
            ],
            [
                20,
                3,
                30,
                16
            ],
            [
                20,
                3,
                30,
                16
            ],
            [
                20,
                2,
                29,
                27
            ],
            [
                20,
                2,
                29,
                27
            ],
            [
                20,
                2,
                30,
                28
            ],
            [
                20,
                3,
                30,
                16
            ],
            [
                20,
                2,
                22,
                20
            ],
            [
                20,
                4,
                31,
                3
            ],
            [
                20,
                3,
                31,
                17
            ],
            [
                20,
                3,
                31,
                17
            ],
            [
                20,
                4,
                31,
                3
            ],
            [
                21,
                3,
                30,
                16
            ],
            [
                21,
                2,
                29,
                27
            ],
            [
                21,
                3,
                30,
                16
            ],
            [
                21,
                3,
                30,
                16
            ],
            [
                21,
                3,
                31,
                17
            ],
            [
                21,
                3,
                31,
                17
            ],
            [
                21,
                4,
                31,
                3
            ],
            [
                21,
                4,
                31,
                3
            ],
            [
                21,
                4,
                31,
                3
            ],
            [
                22,
                4,
                30,
                2
            ],
            [
                22,
                4,
                30,
                2
            ],
            [
                22,
                2,
                28,
                26
            ],
            [
                22,
                2,
                28,
                26
            ],
            [
                22,
                4,
                33,
                5
            ],
            [
                22,
                3,
                30,
                16
            ],
            [
                22,
                2,
                29,
                27
            ],
            [
                22,
                3,
                33,
                19
            ],
            [
                22,
                3,
                33,
                19
            ],
            [
                22,
                3,
                33,
                19
            ],
            [
                22,
                3,
                33,
                19
            ],
            [
                22,
                4,
                33,
                5
            ],
            [
                22,
                4,
                33,
                5
            ],
            [
                23,
                4,
                32,
                4
            ],
            [
                23,
                2,
                28,
                24
            ],
            [
                23,
                4,
                32,
                4
            ],
            [
                23,
                3,
                33,
                19
            ],
            [
                23,
                3,
                33,
                19
            ],
            [
                23,
                4,
                33,
                5
            ],
            [
                23,
                3,
                33,
                19
            ],
            [
                23,
                2,
                28,
                24
            ],
            [
                23,
                3,
                33,
                19
            ],
            [
                23,
                4,
                33,
                5
            ],
            [
                23,
                2,
                28,
                24
            ],
            [
                23,
                2,
                28,
                24
            ],
            [
                23,
                4,
                33,
                5
            ],
            [
                23,
                4,
                33,
                5
            ],
            [
                23,
                4,
                33,
                5
            ],
            [
                24,
                2,
                27,
                23
            ],
            [
                24,
                3,
                33,
                19
            ],
            [
                24,
                3,
                33,
                19
            ],
            [
                24,
                3,
                33,
                19
            ],
            [
                24,
                4,
                33,
                5
            ],
            [
                24,
                2,
                26,
                22
            ],
            [
                25,
                2,
                24,
                22
            ],
            [
                25,
                2,
                25,
                23
            ],
            [
                25,
                3,
                30,
                16
            ],
            [
                25,
                4,
                30,
                2
            ],
            [
                25,
                2,
                25,
                23
            ],
            [
                25,
                4,
                31,
                3
            ],
            [
                25,
                4,
                31,
                3
            ],
            [
                25,
                2,
                25,
                23
            ],
            [
                25,
                3,
                31,
                17
            ],
            [
                25,
                4,
                31,
                3
            ],
            [
                25,
                3,
                31,
                17
            ],
            [
                25,
                3,
                31,
                17
            ],
            [
                25,
                2,
                24,
                22
            ],
            [
                25,
                4,
                31,
                3
            ],
            [
                25,
                3,
                31,
                17
            ],
            [
                25,
                2,
                28,
                26
            ],
            [
                26,
                3,
                30,
                16
            ],
            [
                26,
                2,
                27,
                25
            ],
            [
                26,
                4,
                30,
                2
            ],
            [
                26,
                4,
                30,
                2
            ],
            [
                26,
                4,
                30,
                2
            ],
            [
                26,
                4,
                30,
                2
            ],
            [
                26,
                4,
                31,
                3
            ],
            [
                27,
                4,
                30,
                2
            ],
            [
                27,
                3,
                30,
                16
            ],
            [
                27,
                4,
                30,
                2
            ],
            [
                27,
                3,
                30,
                16
            ],
            [
                27,
                2,
                26,
                24
            ],
            [
                27,
                2,
                22,
                20
            ],
            [
                27,
                2,
                26,
                24
            ],
            [
                27,
                2,
                26,
                24
            ],
            [
                27,
                2,
                27,
                25
            ],
            [
                27,
                4,
                33,
                5
            ],
            [
                27,
                3,
                33,
                19
            ],
            [
                27,
                4,
                33,
                5
            ],
            [
                27,
                2,
                27,
                25
            ],
            [
                27,
                4,
                33,
                5
            ],
            [
                28,
                4,
                33,
                5
            ],
            [
                28,
                2,
                26,
                22
            ],
            [
                28,
                4,
                33,
                5
            ],
            [
                28,
                2,
                26,
                22
            ],
            [
                28,
                2,
                26,
                22
            ],
            [
                28,
                4,
                33,
                5
            ],
            [
                28,
                4,
                33,
                5
            ],
            [
                28,
                2,
                22,
                18
            ],
            [
                28,
                3,
                33,
                19
            ],
            [
                28,
                3,
                33,
                19
            ],
            [
                28,
                4,
                33,
                5
            ],
            [
                28,
                2,
                27,
                23
            ],
            [
                28,
                2,
                27,
                23
            ],
            [
                28,
                2,
                27,
                23
            ],
            [
                28,
                3,
                35,
                21
            ],
            [
                29,
                4,
                33,
                5
            ],
            [
                29,
                2,
                27,
                23
            ],
            [
                29,
                4,
                33,
                5
            ],
            [
                29,
                3,
                34,
                20
            ],
            [
                29,
                2,
                26,
                22
            ],
            [
                29,
                3,
                35,
                21
            ],
            [
                29,
                2,
                26,
                22
            ],
            [
                29,
                3,
                34,
                20
            ],
            [
                29,
                2,
                27,
                23
            ],
            [
                29,
                3,
                34,
                20
            ],
            [
                29,
                2,
                27,
                23
            ]
        ],
        "lWaitDayByPriority": [
            8662,
            25,
            2314,
            3365,
            2958
        ],
        "objval": 2634.3158545210445,
        "std_occupancy": 44.63677895086097
    },
    "runtime": 2.653406858444214,
    "simdays": 150,
    "solver": "greedy"
}