{
    "arrivalrate": 12.0,
    "ins_name": 195,
    "ins_path": "/ssd6/san/software/RTSP-scheduling/data/8linacs/lambda12.0/data",
    "lNoNewPatients": [
        327,
        2,
        117,
        115,
        93
    ],
    "lNoPatients": [
        637,
        2,
        133,
        294,
        208
    ],
    "lNoSections": [
        4570,
        3,
        332,
        2271,
        1964
    ],
    "mipgap": 1.0,
    "noLinacs": 8,
    "noSlotsPerDay": 120,
    "planningHorizon": 80,
    "runresult": {
        "avg_occupancy": 42.768055555555556,
        "feasibility": true,
        "lAvgLateDayByPriority": [
            13.642201834862385,
            13.5,
            18.307692307692307,
            16.069565217391304,
            4.774193548387097
        ],
        "lAvgWaitDayByPriority": [
            26.865443425076453,
            13.5,
            21.076923076923077,
            29.05217391304348,
            31.731182795698924
        ],
        "lLateDayByPriority": [
            4461,
            27,
            2142,
            1848,
            444
        ],
        "lOccupancy": {
            "0": [
                0.0,
                0.0,
                0.0,
                0.0,
                0.625,
                0.625,
                0.0,
                0.0,
                0.0,
                0.0,
                0.0,
                0.0,
                0.0,
                0.0,
                0.0,
                0.0,
                0.0,
                0.0,
                0.0,
                0.0,
                0.0,
                0.0,
                0.0,
                0.0,
                0.0,
                0.0,
                0.0,
                0.0,
                0.0,
                0.0,
                0.0,
                0.0,
                0.625,
                0.0,
                0.0,
                0.0,
                0.0,
                0.0,
                0.0,
                0.0,
                0.0,
                0.0,
                0.0,
                0.0,
                0.0,
                0.0,
                0.0,
                0.0,
                0.0,
                0.0,
                0.0,
                0.0,
                0.0,
                0.0,
                0.0,
                0.0,
                0.0,
                0.0,
                0.0,
                0.0,
                0.0,
                0.0,
                0.0,
                0.0,
                0.0,
                0.0,
                0.0,
                0.0,
                0.0,
                0.0,
                0.0,
                0.0,
                0.0,
                0.0,
                0.0,
                0.0,
                0.0,
                0.0,
                0.0,
                0.0,
                0.0,
                0.0,
                0.0,
                0.0,
                0.0,
                0.0,
                0.0,
                0.0,
                0.0,
                0.0,
                0.0,
                0.0,
                0.0,
                0.0,
                0.0,
                0.0,
                0.0,
                0.0,
                0.0,
                0.0,
                0.0,
                0.0,
                0.0,
                0.0,
                0.0,
                0.0,
                0.0,
                0.0,
                0.0,
                0.0,
                0.0,
                0.0,
                0.0,
                0.0,
                0.0,
                0.0,
                0.0,
                0.0,
                0.0,
                0.0,
                0.0,
                0.0,
                0.0,
                0.0,
                0.0,
                0.0,
                0.0,
                0.0,
                0.0,
                0.0,
                0.0,
                0.0,
                0.0,
                0.0,
                0.0,
                0.0,
                0.0,
                0.0,
                0.0,
                0.0,
                0.0,
                0.0,
                0.0,
                0.0,
                0.0,
                0.0,
                0.0,
                0.0,
                0.0,
                0.0
            ],
            "1": [
                11.5625,
                11.458333333333332,
                9.895833333333332,
                10.833333333333334,
                8.4375,
                7.5,
                4.895833333333333,
                5.3125,
                4.375,
                4.6875,
                3.75,
                3.958333333333333,
                2.5,
                2.5,
                4.0625,
                4.583333333333333,
                6.145833333333333,
                3.4375000000000004,
                3.4375000000000004,
                2.5,
                2.7083333333333335,
                2.7083333333333335,
                2.9166666666666665,
                2.9166666666666665,
                2.9166666666666665,
                2.3958333333333335,
                2.3958333333333335,
                2.3958333333333335,
                2.8125,
                2.7083333333333335,
                3.6458333333333335,
                4.270833333333333,
                3.6458333333333335,
                3.854166666666667,
                5.104166666666667,
                5.208333333333334,
                5.0,
                5.0,
                5.208333333333334,
                6.666666666666667,
                9.0625,
                10.208333333333334,
                10.833333333333334,
                8.75,
                10.0,
                9.583333333333334,
                8.333333333333332,
                9.895833333333332,
                9.6875,
                4.791666666666667,
                4.166666666666666,
                2.9166666666666665,
                1.4583333333333333,
                0.0,
                0.0,
                0.0,
                0.0,
                0.0,
                0.0,
                0.0,
                0.0,
                0.0,
                0.0,
                0.0,
                0.0,
                0.0,
                0.0,
                0.0,
                0.0,
                0.0,
                0.0,
                0.0,
                0.0,
                0.0,
                0.0,
                0.0,
                0.0,
                0.0,
                0.0,
                0.0,
                0.0,
                0.0,
                0.0,
                0.0,
                0.0,
                0.0,
                0.0,
                0.0,
                0.0,
                0.0,
                0.0,
                0.0,
                0.0,
                0.0,
                0.0,
                0.0,
                0.0,
                0.0,
                0.0,
                0.0,
                0.0,
                0.0,
                0.0,
                0.0,
                0.0,
                0.0,
                0.0,
                0.0,
                0.0,
                0.0,
                0.0,
                0.0,
                0.0,
                0.0,
                0.0,
                0.0,
                0.0,
                0.0,
                0.0,
                0.0,
                0.0,
                0.0,
                0.0,
                0.0,
                0.0,
                0.0,
                0.0,
                0.0,
                0.0,
                0.0,
                0.0,
                0.0,
                0.0,
                0.0,
                0.0,
                0.0,
                0.0,
                0.0,
                0.0,
                0.0,
                0.0,
                0.0,
                0.0,
                0.0,
                0.0,
                0.0,
                0.0,
                0.0,
                0.0,
                0.0
            ],
            "2": [
                53.541666666666664,
                54.479166666666664,
                53.541666666666664,
                51.45833333333333,
                52.39583333333333,
                58.75,
                65.72916666666667,
                68.75,
                68.54166666666667,
                67.39583333333333,
                66.66666666666666,
                64.47916666666667,
                64.27083333333333,
                62.083333333333336,
                61.77083333333333,
                63.854166666666664,
                63.854166666666664,
                63.33333333333333,
                65.52083333333333,
                65.52083333333333,
                63.541666666666664,
                61.979166666666664,
                63.020833333333336,
                62.083333333333336,
                60.9375,
                60.10416666666667,
                57.08333333333333,
                56.666666666666664,
                58.75,
                58.75,
                58.958333333333336,
                56.458333333333336,
                55.729166666666664,
                56.666666666666664,
                57.395833333333336,
                59.375,
                59.166666666666664,
                57.91666666666667,
                55.41666666666667,
                54.479166666666664,
                50.83333333333333,
                50.625,
                51.66666666666667,
                53.75,
                51.979166666666664,
                50.9375,
                50.83333333333333,
                48.95833333333333,
                44.895833333333336,
                45.625,
                44.166666666666664,
                42.395833333333336,
                42.395833333333336,
                43.958333333333336,
                44.27083333333333,
                41.875,
                39.0625,
                37.395833333333336,
                36.145833333333336,
                32.395833333333336,
                29.895833333333332,
                29.895833333333332,
                28.125,
                25.208333333333332,
                23.958333333333336,
                23.958333333333336,
                22.083333333333332,
                20.833333333333336,
                19.6875,
                18.4375,
                17.8125,
                15.520833333333334,
                13.541666666666666,
                12.291666666666666,
                11.666666666666666,
                9.791666666666666,
                8.020833333333334,
                5.520833333333333,
                5.0,
                3.854166666666667,
                3.854166666666667,
                3.229166666666667,
                1.875,
                1.875,
                0.625,
                0.0,
                0.0,
                0.0,
                0.0,
                0.0,
                0.0,
                0.0,
                0.0,
                0.0,
                0.0,
                0.0,
                0.0,
                0.0,
                0.0,
                0.0,
                0.0,
                0.0,
                0.0,
                0.0,
                0.0,
                0.0,
                0.0,
                0.0,
                0.0,
                0.0,
                0.0,
                0.0,
                0.0,
                0.0,
                0.0,
                0.0,
                0.0,
                0.0,
                0.0,
                0.0,
                0.0,
                0.0,
                0.0,
                0.0,
                0.0,
                0.0,
                0.0,
                0.0,
                0.0,
                0.0,
                0.0,
                0.0,
                0.0,
                0.0,
                0.0,
                0.0,
                0.0,
                0.0,
                0.0,
                0.0,
                0.0,
                0.0,
                0.0,
                0.0,
                0.0,
                0.0,
                0.0,
                0.0,
                0.0,
                0.0
            ],
            "3": [
                29.062500000000004,
                29.062500000000004,
                29.062500000000004,
                31.5625,
                30.9375,
                29.479166666666668,
                27.8125,
                24.791666666666668,
                25.0,
                26.145833333333336,
                27.8125,
                30.104166666666664,
                31.5625,
                34.479166666666664,
                33.125,
                30.0,
                28.958333333333336,
                32.083333333333336,
                30.312499999999996,
                30.729166666666668,
                32.5,
                34.0625,
                32.8125,
                33.4375,
                34.583333333333336,
                35.9375,
                38.958333333333336,
                38.958333333333336,
                36.45833333333333,
                36.666666666666664,
                36.041666666666664,
                38.02083333333333,
                38.229166666666664,
                37.5,
                35.729166666666664,
                34.166666666666664,
                35.520833333333336,
                36.145833333333336,
                36.97916666666667,
                36.666666666666664,
                38.229166666666664,
                37.083333333333336,
                37.1875,
                35.3125,
                36.25,
                37.083333333333336,
                38.854166666666664,
                38.54166666666667,
                42.8125,
                43.333333333333336,
                43.4375,
                45.0,
                44.479166666666664,
                42.604166666666664,
                40.729166666666664,
                39.479166666666664,
                35.104166666666664,
                33.229166666666664,
                33.229166666666664,
                32.083333333333336,
                31.458333333333332,
                30.312499999999996,
                29.166666666666668,
                26.458333333333332,
                25.3125,
                22.395833333333336,
                22.395833333333336,
                22.395833333333336,
                21.770833333333332,
                18.958333333333332,
                17.708333333333336,
                16.458333333333332,
                15.208333333333332,
                12.916666666666668,
                9.895833333333332,
                9.479166666666666,
                8.333333333333332,
                6.041666666666667,
                5.625,
                4.375,
                3.75,
                3.125,
                1.875,
                1.25,
                0.0,
                0.0,
                0.0,
                0.0,
                0.0,
                0.0,
                0.0,
                0.0,
                0.0,
                0.0,
                0.0,
                0.0,
                0.0,
                0.0,
                0.0,
                0.0,
                0.0,
                0.0,
                0.0,
                0.0,
                0.0,
                0.0,
                0.0,
                0.0,
                0.0,
                0.0,
                0.0,
                0.0,
                0.0,
                0.0,
                0.0,
                0.0,
                0.0,
                0.0,
                0.0,
                0.0,
                0.0,
                0.0,
                0.0,
                0.0,
                0.0,
                0.0,
                0.0,
                0.0,
                0.0,
                0.0,
                0.0,
                0.0,
                0.0,
                0.0,
                0.0,
                0.0,
                0.0,
                0.0,
                0.0,
                0.0,
                0.0,
                0.0,
                0.0,
                0.0,
                0.0,
                0.0,
                0.0,
                0.0,
                0.0,
                0.0
            ],
            "overall": [
                94.16666666666666,
                95.0,
                92.5,
                93.85416666666666,
                92.39583333333333,
                96.35416666666667,
                98.4375,
                98.85416666666667,
                97.91666666666667,
                98.22916666666666,
                98.22916666666666,
                98.54166666666666,
                98.33333333333333,
                99.0625,
                98.95833333333333,
                98.4375,
                98.95833333333334,
                98.85416666666666,
                99.27083333333333,
                98.75,
                98.75,
                98.75,
                98.75,
                98.4375,
                98.4375,
                98.4375,
                98.4375,
                98.02083333333334,
                98.02083333333333,
                98.125,
                98.64583333333334,
                98.75,
                98.22916666666666,
                98.02083333333333,
                98.22916666666666,
                98.75,
                99.6875,
                99.0625,
                97.60416666666669,
                97.8125,
                98.125,
                97.91666666666667,
                99.6875,
                97.8125,
                98.22916666666666,
                97.60416666666667,
                98.02083333333331,
                97.39583333333333,
                97.39583333333334,
                93.75,
                91.77083333333333,
                90.3125,
                88.33333333333334,
                86.5625,
                85.0,
                81.35416666666666,
                74.16666666666666,
                70.625,
                69.375,
                64.47916666666667,
                61.354166666666664,
                60.20833333333333,
                57.29166666666667,
                51.666666666666664,
                49.270833333333336,
                46.35416666666667,
                44.47916666666667,
                43.22916666666667,
                41.45833333333333,
                37.39583333333333,
                35.520833333333336,
                31.979166666666664,
                28.75,
                25.208333333333336,
                21.5625,
                19.270833333333332,
                16.354166666666664,
                11.5625,
                10.625,
                8.229166666666668,
                7.604166666666667,
                6.354166666666667,
                3.75,
                3.125,
                0.625,
                0.0,
                0.0,
                0.0,
                0.0,
                0.0,
                0.0,
                0.0,
                0.0,
                0.0,
                0.0,
                0.0,
                0.0,
                0.0,
                0.0,
                0.0,
                0.0,
                0.0,
                0.0,
                0.0,
                0.0,
                0.0,
                0.0,
                0.0,
                0.0,
                0.0,
                0.0,
                0.0,
                0.0,
                0.0,
                0.0,
                0.0,
                0.0,
                0.0,
                0.0,
                0.0,
                0.0,
                0.0,
                0.0,
                0.0,
                0.0,
                0.0,
                0.0,
                0.0,
                0.0,
                0.0,
                0.0,
                0.0,
                0.0,
                0.0,
                0.0,
                0.0,
                0.0,
                0.0,
                0.0,
                0.0,
                0.0,
                0.0,
                0.0,
                0.0,
                0.0,
                0.0,
                0.0,
                0.0,
                0.0,
                0.0
            ]
        },
        "lWaitAndOverdue": [
            [
                0,
                2,
                0,
                0
            ],
            [
                0,
                2,
                1,
                0
            ],
            [
                0,
                3,
                7,
                0
            ],
            [
                0,
                3,
                7,
                0
            ],
            [
                0,
                4,
                14,
                0
            ],
            [
                0,
                2,
                2,
                0
            ],
            [
                0,
                2,
                1,
                0
            ],
            [
                0,
                3,
                7,
                0
            ],
            [
                0,
                3,
                7,
                0
            ],
            [
                0,
                2,
                0,
                0
            ],
            [
                0,
                2,
                2,
                0
            ],
            [
                0,
                3,
                7,
                0
            ],
            [
                1,
                3,
                7,
                0
            ],
            [
                1,
                3,
                7,
                0
            ],
            [
                1,
                4,
                14,
                0
            ],
            [
                1,
                3,
                7,
                0
            ],
            [
                1,
                4,
                14,
                0
            ],
            [
                1,
                2,
                1,
                0
            ],
            [
                1,
                3,
                7,
                0
            ],
            [
                1,
                2,
                1,
                0
            ],
            [
                1,
                3,
                8,
                0
            ],
            [
                1,
                2,
                2,
                0
            ],
            [
                1,
                3,
                9,
                0
            ],
            [
                1,
                4,
                14,
                0
            ],
            [
                2,
                2,
                1,
                0
            ],
            [
                2,
                2,
                2,
                0
            ],
            [
                2,
                4,
                14,
                0
            ],
            [
                2,
                3,
                7,
                0
            ],
            [
                2,
                3,
                9,
                0
            ],
            [
                2,
                3,
                9,
                0
            ],
            [
                2,
                3,
                9,
                0
            ],
            [
                2,
                3,
                9,
                0
            ],
            [
                2,
                3,
                9,
                0
            ],
            [
                2,
                3,
                9,
                0
            ],
            [
                3,
                2,
                4,
                0
            ],
            [
                3,
                3,
                12,
                0
            ],
            [
                3,
                3,
                11,
                0
            ],
            [
                3,
                2,
                4,
                0
            ],
            [
                3,
                3,
                13,
                0
            ],
            [
                3,
                3,
                20,
                6
            ],
            [
                3,
                4,
                14,
                0
            ],
            [
                3,
                2,
                5,
                1
            ],
            [
                3,
                4,
                20,
                0
            ],
            [
                3,
                4,
                27,
                0
            ],
            [
                3,
                3,
                27,
                13
            ],
            [
                4,
                2,
                0,
                0
            ],
            [
                4,
                4,
                26,
                0
            ],
            [
                4,
                2,
                4,
                0
            ],
            [
                4,
                4,
                26,
                0
            ],
            [
                4,
                3,
                33,
                19
            ],
            [
                4,
                1,
                0,
                0
            ],
            [
                4,
                3,
                34,
                20
            ],
            [
                4,
                3,
                33,
                19
            ],
            [
                4,
                3,
                33,
                19
            ],
            [
                5,
                2,
                0,
                0
            ],
            [
                5,
                2,
                7,
                5
            ],
            [
                5,
                2,
                11,
                9
            ],
            [
                5,
                3,
                31,
                17
            ],
            [
                5,
                3,
                31,
                17
            ],
            [
                5,
                3,
                31,
                17
            ],
            [
                5,
                3,
                31,
                17
            ],
            [
                5,
                4,
                32,
                4
            ],
            [
                5,
                4,
                32,
                4
            ],
            [
                5,
                3,
                32,
                18
            ],
            [
                5,
                2,
                14,
                12
            ],
            [
                5,
                3,
                35,
                21
            ],
            [
                6,
                3,
                34,
                20
            ],
            [
                6,
                4,
                35,
                7
            ],
            [
                6,
                2,
                6,
                4
            ],
            [
                6,
                3,
                35,
                21
            ],
            [
                6,
                4,
                35,
                7
            ],
            [
                6,
                4,
                35,
                7
            ],
            [
                6,
                2,
                7,
                5
            ],
            [
                6,
                4,
                35,
                7
            ],
            [
                6,
                2,
                7,
                5
            ],
            [
                6,
                4,
                35,
                7
            ],
            [
                7,
                4,
                35,
                7
            ],
            [
                7,
                4,
                35,
                7
            ],
            [
                7,
                4,
                35,
                7
            ],
            [
                7,
                4,
                35,
                7
            ],
            [
                7,
                4,
                35,
                7
            ],
            [
                7,
                4,
                35,
                7
            ],
            [
                7,
                3,
                35,
                21
            ],
            [
                7,
                2,
                14,
                12
            ],
            [
                7,
                2,
                0,
                0
            ],
            [
                7,
                3,
                36,
                22
            ],
            [
                8,
                4,
                35,
                7
            ],
            [
                8,
                3,
                34,
                20
            ],
            [
                8,
                3,
                35,
                21
            ],
            [
                8,
                3,
                35,
                21
            ],
            [
                8,
                4,
                35,
                7
            ],
            [
                8,
                3,
                35,
                21
            ],
            [
                8,
                3,
                36,
                22
            ],
            [
                8,
                2,
                7,
                3
            ],
            [
                8,
                2,
                11,
                7
            ],
            [
                8,
                2,
                1,
                0
            ],
            [
                8,
                4,
                36,
                8
            ],
            [
                8,
                3,
                36,
                22
            ],
            [
                8,
                2,
                13,
                9
            ],
            [
                8,
                3,
                36,
                22
            ],
            [
                8,
                3,
                39,
                25
            ],
            [
                8,
                2,
                15,
                11
            ],
            [
                8,
                2,
                12,
                8
            ],
            [
                8,
                3,
                39,
                25
            ],
            [
                8,
                2,
                20,
                16
            ],
            [
                9,
                2,
                4,
                0
            ],
            [
                9,
                2,
                14,
                10
            ],
            [
                9,
                3,
                38,
                24
            ],
            [
                9,
                2,
                17,
                13
            ],
            [
                9,
                4,
                38,
                10
            ],
            [
                9,
                2,
                17,
                13
            ],
            [
                9,
                3,
                38,
                24
            ],
            [
                9,
                2,
                24,
                20
            ],
            [
                9,
                3,
                39,
                25
            ],
            [
                9,
                3,
                38,
                24
            ],
            [
                9,
                4,
                39,
                11
            ],
            [
                9,
                4,
                39,
                11
            ],
            [
                9,
                2,
                24,
                20
            ],
            [
                9,
                3,
                39,
                25
            ],
            [
                9,
                3,
                39,
                25
            ],
            [
                10,
                4,
                36,
                8
            ],
            [
                10,
                2,
                21,
                19
            ],
            [
                10,
                2,
                22,
                20
            ],
            [
                10,
                2,
                24,
                22
            ],
            [
                10,
                2,
                24,
                22
            ],
            [
                10,
                2,
                25,
                23
            ],
            [
                10,
                4,
                36,
                8
            ],
            [
                11,
                3,
                35,
                21
            ],
            [
                11,
                3,
                36,
                22
            ],
            [
                11,
                4,
                36,
                8
            ],
            [
                11,
                2,
                27,
                25
            ],
            [
                11,
                2,
                27,
                25
            ],
            [
                11,
                3,
                37,
                23
            ],
            [
                12,
                4,
                35,
                7
            ],
            [
                12,
                4,
                35,
                7
            ],
            [
                12,
                2,
                26,
                24
            ],
            [
                12,
                2,
                27,
                25
            ],
            [
                12,
                2,
                27,
                25
            ],
            [
                12,
                2,
                28,
                26
            ],
            [
                12,
                2,
                27,
                25
            ],
            [
                12,
                3,
                36,
                22
            ],
            [
                12,
                2,
                27,
                25
            ],
            [
                12,
                3,
                36,
                22
            ],
            [
                12,
                4,
                36,
                8
            ],
            [
                12,
                4,
                36,
                8
            ],
            [
                13,
                4,
                35,
                7
            ],
            [
                13,
                3,
                36,
                22
            ],
            [
                13,
                1,
                27,
                27
            ],
            [
                13,
                2,
                28,
                24
            ],
            [
                13,
                2,
                28,
                24
            ],
            [
                13,
                2,
                28,
                24
            ],
            [
                13,
                2,
                29,
                25
            ],
            [
                13,
                3,
                36,
                22
            ],
            [
                14,
                3,
                35,
                21
            ],
            [
                14,
                3,
                35,
                21
            ],
            [
                14,
                4,
                35,
                7
            ],
            [
                14,
                2,
                28,
                24
            ],
            [
                14,
                2,
                32,
                28
            ],
            [
                14,
                2,
                33,
                29
            ],
            [
                14,
                2,
                33,
                29
            ],
            [
                14,
                4,
                38,
                10
            ],
            [
                14,
                3,
                38,
                24
            ],
            [
                14,
                3,
                38,
                24
            ],
            [
                14,
                3,
                38,
                24
            ],
            [
                14,
                2,
                34,
                30
            ],
            [
                14,
                3,
                38,
                24
            ],
            [
                14,
                2,
                34,
                30
            ],
            [
                14,
                3,
                38,
                24
            ],
            [
                15,
                2,
                29,
                27
            ],
            [
                15,
                2,
                31,
                29
            ],
            [
                15,
                3,
                35,
                21
            ],
            [
                15,
                3,
                35,
                21
            ],
            [
                15,
                2,
                28,
                26
            ],
            [
                15,
                4,
                35,
                7
            ],
            [
                15,
                4,
                35,
                7
            ],
            [
                15,
                4,
                35,
                7
            ],
            [
                16,
                4,
                34,
                6
            ],
            [
                16,
                4,
                34,
                6
            ],
            [
                16,
                4,
                34,
                6
            ],
            [
                16,
                3,
                34,
                20
            ],
            [
                16,
                2,
                34,
                32
            ],
            [
                16,
                4,
                34,
                6
            ],
            [
                16,
                2,
                30,
                28
            ],
            [
                17,
                4,
                33,
                5
            ],
            [
                17,
                2,
                29,
                27
            ],
            [
                17,
                3,
                34,
                20
            ],
            [
                17,
                3,
                34,
                20
            ],
            [
                17,
                3,
                34,
                20
            ],
            [
                17,
                4,
                34,
                6
            ],
            [
                18,
                2,
                26,
                22
            ],
            [
                18,
                2,
                29,
                25
            ],
            [
                18,
                2,
                32,
                28
            ],
            [
                18,
                2,
                29,
                25
            ],
            [
                18,
                3,
                34,
                20
            ],
            [
                18,
                4,
                33,
                5
            ],
            [
                18,
                3,
                33,
                19
            ],
            [
                18,
                2,
                32,
                28
            ],
            [
                18,
                3,
                34,
                20
            ],
            [
                19,
                4,
                32,
                4
            ],
            [
                19,
                4,
                33,
                5
            ],
            [
                19,
                2,
                31,
                27
            ],
            [
                19,
                4,
                33,
                5
            ],
            [
                19,
                2,
                31,
                27
            ],
            [
                19,
                4,
                33,
                5
            ],
            [
                19,
                3,
                33,
                19
            ],
            [
                19,
                2,
                32,
                28
            ],
            [
                19,
                2,
                31,
                27
            ],
            [
                19,
                3,
                33,
                19
            ],
            [
                20,
                2,
                29,
                27
            ],
            [
                20,
                2,
                29,
                27
            ],
            [
                20,
                3,
                30,
                16
            ],
            [
                20,
                3,
                30,
                16
            ],
            [
                20,
                2,
                29,
                27
            ],
            [
                20,
                2,
                29,
                27
            ],
            [
                20,
                2,
                30,
                28
            ],
            [
                20,
                3,
                31,
                17
            ],
            [
                20,
                2,
                29,
                27
            ],
            [
                20,
                4,
                30,
                2
            ],
            [
                20,
                3,
                31,
                17
            ],
            [
                20,
                3,
                31,
                17
            ],
            [
                20,
                4,
                31,
                3
            ],
            [
                21,
                3,
                30,
                16
            ],
            [
                21,
                2,
                29,
                27
            ],
            [
                21,
                3,
                30,
                16
            ],
            [
                21,
                3,
                31,
                17
            ],
            [
                21,
                3,
                30,
                16
            ],
            [
                21,
                3,
                31,
                17
            ],
            [
                21,
                4,
                31,
                3
            ],
            [
                21,
                4,
                31,
                3
            ],
            [
                21,
                4,
                31,
                3
            ],
            [
                22,
                4,
                30,
                2
            ],
            [
                22,
                4,
                30,
                2
            ],
            [
                22,
                2,
                28,
                26
            ],
            [
                22,
                2,
                28,
                26
            ],
            [
                22,
                4,
                33,
                5
            ],
            [
                22,
                3,
                30,
                16
            ],
            [
                22,
                2,
                28,
                26
            ],
            [
                22,
                3,
                33,
                19
            ],
            [
                22,
                3,
                33,
                19
            ],
            [
                22,
                3,
                33,
                19
            ],
            [
                22,
                3,
                33,
                19
            ],
            [
                22,
                4,
                33,
                5
            ],
            [
                22,
                4,
                33,
                5
            ],
            [
                23,
                4,
                32,
                4
            ],
            [
                23,
                2,
                27,
                23
            ],
            [
                23,
                4,
                33,
                5
            ],
            [
                23,
                3,
                33,
                19
            ],
            [
                23,
                3,
                33,
                19
            ],
            [
                23,
                4,
                33,
                5
            ],
            [
                23,
                3,
                33,
                19
            ],
            [
                23,
                2,
                27,
                23
            ],
            [
                23,
                3,
                33,
                19
            ],
            [
                23,
                4,
                33,
                5
            ],
            [
                23,
                2,
                28,
                24
            ],
            [
                23,
                2,
                28,
                24
            ],
            [
                23,
                4,
                33,
                5
            ],
            [
                23,
                4,
                34,
                6
            ],
            [
                23,
                4,
                32,
                4
            ],
            [
                24,
                2,
                27,
                23
            ],
            [
                24,
                3,
                33,
                19
            ],
            [
                24,
                3,
                33,
                19
            ],
            [
                24,
                3,
                33,
                19
            ],
            [
                24,
                4,
                33,
                5
            ],
            [
                24,
                2,
                26,
                22
            ],
            [
                25,
                2,
                24,
                22
            ],
            [
                25,
                2,
                24,
                22
            ],
            [
                25,
                3,
                30,
                16
            ],
            [
                25,
                4,
                31,
                3
            ],
            [
                25,
                2,
                24,
                22
            ],
            [
                25,
                4,
                31,
                3
            ],
            [
                25,
                4,
                31,
                3
            ],
            [
                25,
                2,
                25,
                23
            ],
            [
                25,
                3,
                31,
                17
            ],
            [
                25,
                4,
                31,
                3
            ],
            [
                25,
                3,
                31,
                17
            ],
            [
                25,
                3,
                31,
                17
            ],
            [
                25,
                2,
                24,
                22
            ],
            [
                25,
                4,
                31,
                3
            ],
            [
                25,
                3,
                31,
                17
            ],
            [
                25,
                2,
                25,
                23
            ],
            [
                26,
                3,
                30,
                16
            ],
            [
                26,
                2,
                27,
                25
            ],
            [
                26,
                4,
                30,
                2
            ],
            [
                26,
                4,
                30,
                2
            ],
            [
                26,
                4,
                31,
                3
            ],
            [
                26,
                4,
                31,
                3
            ],
            [
                26,
                4,
                29,
                1
            ],
            [
                27,
                4,
                29,
                1
            ],
            [
                27,
                3,
                30,
                16
            ],
            [
                27,
                4,
                33,
                5
            ],
            [
                27,
                3,
                30,
                16
            ],
            [
                27,
                2,
                23,
                21
            ],
            [
                27,
                2,
                23,
                21
            ],
            [
                27,
                2,
                26,
                24
            ],
            [
                27,
                2,
                26,
                24
            ],
            [
                27,
                2,
                27,
                25
            ],
            [
                27,
                4,
                30,
                2
            ],
            [
                27,
                3,
                33,
                19
            ],
            [
                27,
                4,
                33,
                5
            ],
            [
                27,
                2,
                27,
                25
            ],
            [
                27,
                4,
                33,
                5
            ],
            [
                28,
                4,
                33,
                5
            ],
            [
                28,
                2,
                27,
                23
            ],
            [
                28,
                4,
                29,
                1
            ],
            [
                28,
                2,
                27,
                23
            ],
            [
                28,
                2,
                26,
                22
            ],
            [
                28,
                4,
                33,
                5
            ],
            [
                28,
                4,
                33,
                5
            ],
            [
                28,
                2,
                25,
                21
            ],
            [
                28,
                3,
                33,
                19
            ],
            [
                28,
                3,
                33,
                19
            ],
            [
                28,
                4,
                33,
                5
            ],
            [
                28,
                2,
                27,
                23
            ],
            [
                28,
                2,
                27,
                23
            ],
            [
                28,
                2,
                28,
                24
            ],
            [
                28,
                3,
                35,
                21
            ],
            [
                29,
                4,
                33,
                5
            ],
            [
                29,
                2,
                27,
                23
            ],
            [
                29,
                4,
                33,
                5
            ],
            [
                29,
                3,
                34,
                20
            ],
            [
                29,
                2,
                27,
                23
            ],
            [
                29,
                3,
                35,
                21
            ],
            [
                29,
                2,
                27,
                23
            ],
            [
                29,
                3,
                34,
                20
            ],
            [
                29,
                2,
                27,
                23
            ],
            [
                29,
                3,
                33,
                19
            ],
            [
                29,
                2,
                27,
                23
            ]
        ],
        "lWaitDayByPriority": [
            8785,
            27,
            2466,
            3341,
            2951
        ],
        "objval": 2659.204038551444,
        "std_occupancy": 44.67380706211235
    },
    "runtime": 2.864000082015991,
    "simdays": 150,
    "solver": "daily_greedy"
}