{
    "arrivalrate": 12.0,
    "ins_name": 215,
    "ins_path": "/ssd6/san/software/RTSP-scheduling/data/8linacs/lambda12.0/data",
    "lNoNewPatients": [
        352,
        2,
        130,
        124,
        96
    ],
    "lNoPatients": [
        673,
        2,
        149,
        308,
        214
    ],
    "lNoSections": [
        4842,
        3,
        358,
        2458,
        2023
    ],
    "mipgap": 1.0,
    "noLinacs": 8,
    "noSlotsPerDay": 120,
    "planningHorizon": 80,
    "runresult": {
        "avg_occupancy": 44.21944444444445,
        "feasibility": true,
        "lAvgLateDayByPriority": [
            15.644886363636363,
            8.0,
            19.915384615384614,
            17.919354838709676,
            7.083333333333333
        ],
        "lAvgWaitDayByPriority": [
            28.573863636363637,
            8.0,
            22.415384615384614,
            31.112903225806452,
            34.0625
        ],
        "lLateDayByPriority": [
            5507,
            16,
            2589,
            2222,
            680
        ],
        "lOccupancy": {
            "0": [
                0.0,
                0.0,
                0.0,
                0.625,
                0.625,
                0.0,
                0.0,
                0.0,
                0.0,
                0.0,
                0.0,
                0.0,
                0.0,
                0.0,
                0.0,
                0.0,
                0.0,
                0.0,
                0.0,
                0.0,
                0.0,
                0.0,
                0.0,
                0.625,
                0.0,
                0.0,
                0.0,
                0.0,
                0.0,
                0.0,
                0.0,
                0.0,
                0.0,
                0.0,
                0.0,
                0.0,
                0.0,
                0.0,
                0.0,
                0.0,
                0.0,
                0.0,
                0.0,
                0.0,
                0.0,
                0.0,
                0.0,
                0.0,
                0.0,
                0.0,
                0.0,
                0.0,
                0.0,
                0.0,
                0.0,
                0.0,
                0.0,
                0.0,
                0.0,
                0.0,
                0.0,
                0.0,
                0.0,
                0.0,
                0.0,
                0.0,
                0.0,
                0.0,
                0.0,
                0.0,
                0.0,
                0.0,
                0.0,
                0.0,
                0.0,
                0.0,
                0.0,
                0.0,
                0.0,
                0.0,
                0.0,
                0.0,
                0.0,
                0.0,
                0.0,
                0.0,
                0.0,
                0.0,
                0.0,
                0.0,
                0.0,
                0.0,
                0.0,
                0.0,
                0.0,
                0.0,
                0.0,
                0.0,
                0.0,
                0.0,
                0.0,
                0.0,
                0.0,
                0.0,
                0.0,
                0.0,
                0.0,
                0.0,
                0.0,
                0.0,
                0.0,
                0.0,
                0.0,
                0.0,
                0.0,
                0.0,
                0.0,
                0.0,
                0.0,
                0.0,
                0.0,
                0.0,
                0.0,
                0.0,
                0.0,
                0.0,
                0.0,
                0.0,
                0.0,
                0.0,
                0.0,
                0.0,
                0.0,
                0.0,
                0.0,
                0.0,
                0.0,
                0.0,
                0.0,
                0.0,
                0.0,
                0.0,
                0.0,
                0.0,
                0.0,
                0.0,
                0.0,
                0.0,
                0.0,
                0.0
            ],
            "1": [
                15.416666666666668,
                12.395833333333334,
                12.083333333333334,
                9.895833333333332,
                9.583333333333334,
                10.3125,
                8.4375,
                5.0,
                5.9375,
                4.375,
                4.583333333333333,
                3.854166666666667,
                3.4375000000000004,
                3.0208333333333335,
                4.375,
                4.0625,
                2.9166666666666665,
                2.9166666666666665,
                2.2916666666666665,
                2.2916666666666665,
                3.229166666666667,
                3.4375000000000004,
                2.604166666666667,
                1.9791666666666665,
                2.9166666666666665,
                2.604166666666667,
                2.3958333333333335,
                2.083333333333333,
                2.083333333333333,
                2.083333333333333,
                2.083333333333333,
                2.7083333333333335,
                3.854166666666667,
                3.75,
                3.958333333333333,
                5.208333333333334,
                5.208333333333334,
                5.520833333333333,
                5.416666666666667,
                7.5,
                7.604166666666666,
                8.75,
                8.958333333333334,
                8.645833333333334,
                7.395833333333333,
                8.229166666666666,
                10.729166666666666,
                9.895833333333332,
                10.3125,
                8.958333333333334,
                8.854166666666668,
                6.979166666666667,
                3.854166666666667,
                3.125,
                3.75,
                5.833333333333333,
                3.6458333333333335,
                1.4583333333333333,
                0.7291666666666666,
                0.7291666666666666,
                0.7291666666666666,
                0.0,
                0.0,
                0.0,
                0.0,
                0.0,
                0.0,
                0.0,
                0.0,
                0.0,
                0.0,
                0.0,
                0.0,
                0.0,
                0.0,
                0.0,
                0.0,
                0.0,
                0.0,
                0.0,
                0.0,
                0.0,
                0.0,
                0.0,
                0.0,
                0.0,
                0.0,
                0.0,
                0.0,
                0.0,
                0.0,
                0.0,
                0.0,
                0.0,
                0.0,
                0.0,
                0.0,
                0.0,
                0.0,
                0.0,
                0.0,
                0.0,
                0.0,
                0.0,
                0.0,
                0.0,
                0.0,
                0.0,
                0.0,
                0.0,
                0.0,
                0.0,
                0.0,
                0.0,
                0.0,
                0.0,
                0.0,
                0.0,
                0.0,
                0.0,
                0.0,
                0.0,
                0.0,
                0.0,
                0.0,
                0.0,
                0.0,
                0.0,
                0.0,
                0.0,
                0.0,
                0.0,
                0.0,
                0.0,
                0.0,
                0.0,
                0.0,
                0.0,
                0.0,
                0.0,
                0.0,
                0.0,
                0.0,
                0.0,
                0.0,
                0.0,
                0.0,
                0.0,
                0.0,
                0.0
            ],
            "2": [
                52.29166666666667,
                53.85416666666667,
                53.85416666666667,
                52.916666666666664,
                53.95833333333333,
                61.979166666666664,
                64.79166666666667,
                66.66666666666666,
                64.89583333333333,
                67.08333333333333,
                64.58333333333334,
                64.375,
                61.354166666666664,
                64.0625,
                64.375,
                66.875,
                64.27083333333333,
                67.91666666666667,
                67.91666666666667,
                64.375,
                62.18749999999999,
                64.16666666666667,
                64.375,
                60.83333333333333,
                59.27083333333333,
                58.4375,
                57.8125,
                57.8125,
                57.49999999999999,
                60.0,
                59.895833333333336,
                58.958333333333336,
                58.64583333333333,
                60.729166666666664,
                60.62499999999999,
                57.91666666666667,
                56.875,
                53.95833333333333,
                55.00000000000001,
                50.72916666666667,
                52.604166666666664,
                50.416666666666664,
                52.604166666666664,
                51.87500000000001,
                51.5625,
                49.895833333333336,
                46.666666666666664,
                44.375,
                43.541666666666664,
                42.70833333333333,
                41.770833333333336,
                42.70833333333333,
                46.875,
                49.47916666666667,
                49.791666666666664,
                48.125,
                49.166666666666664,
                46.666666666666664,
                41.979166666666664,
                39.270833333333336,
                36.25,
                34.479166666666664,
                30.104166666666664,
                28.854166666666664,
                28.854166666666664,
                26.979166666666664,
                25.208333333333332,
                23.958333333333336,
                22.708333333333332,
                21.666666666666668,
                19.0625,
                17.1875,
                17.1875,
                16.5625,
                14.6875,
                13.4375,
                9.375,
                9.375,
                8.229166666666666,
                8.229166666666666,
                7.604166666666666,
                6.979166666666667,
                6.25,
                5.625,
                4.375,
                3.75,
                1.875,
                1.875,
                1.25,
                0.625,
                0.625,
                0.0,
                0.0,
                0.0,
                0.0,
                0.0,
                0.0,
                0.0,
                0.0,
                0.0,
                0.0,
                0.0,
                0.0,
                0.0,
                0.0,
                0.0,
                0.0,
                0.0,
                0.0,
                0.0,
                0.0,
                0.0,
                0.0,
                0.0,
                0.0,
                0.0,
                0.0,
                0.0,
                0.0,
                0.0,
                0.0,
                0.0,
                0.0,
                0.0,
                0.0,
                0.0,
                0.0,
                0.0,
                0.0,
                0.0,
                0.0,
                0.0,
                0.0,
                0.0,
                0.0,
                0.0,
                0.0,
                0.0,
                0.0,
                0.0,
                0.0,
                0.0,
                0.0,
                0.0,
                0.0,
                0.0,
                0.0,
                0.0,
                0.0,
                0.0
            ],
            "3": [
                29.062500000000004,
                29.062500000000004,
                28.854166666666664,
                28.854166666666664,
                29.375,
                25.416666666666664,
                23.541666666666668,
                26.770833333333332,
                27.916666666666668,
                26.666666666666668,
                29.375,
                29.895833333333332,
                34.0625,
                31.5625,
                30.416666666666664,
                28.125,
                31.5625,
                27.708333333333336,
                28.333333333333332,
                31.5625,
                32.8125,
                30.9375,
                30.9375,
                35.208333333333336,
                36.354166666666664,
                37.604166666666664,
                38.229166666666664,
                37.916666666666664,
                38.125,
                36.041666666666664,
                36.770833333333336,
                36.354166666666664,
                36.25,
                34.166666666666664,
                34.166666666666664,
                35.41666666666667,
                36.25,
                38.333333333333336,
                38.125,
                40.208333333333336,
                38.333333333333336,
                38.645833333333336,
                36.45833333333333,
                37.1875,
                38.229166666666664,
                40.416666666666664,
                41.25,
                44.166666666666664,
                44.79166666666667,
                45.625,
                46.458333333333336,
                45.208333333333336,
                42.604166666666664,
                40.0,
                39.375,
                37.5,
                36.666666666666664,
                36.666666666666664,
                35.520833333333336,
                34.375,
                33.125,
                32.604166666666664,
                30.416666666666664,
                28.125,
                25.833333333333336,
                25.833333333333336,
                25.833333333333336,
                25.208333333333332,
                21.770833333333332,
                20.520833333333332,
                19.270833333333336,
                18.645833333333332,
                15.625,
                13.4375,
                12.291666666666666,
                9.791666666666666,
                8.854166666666668,
                6.5625,
                5.520833333333333,
                5.520833333333333,
                4.270833333333333,
                2.5,
                1.25,
                0.0,
                0.0,
                0.0,
                0.0,
                0.0,
                0.0,
                0.0,
                0.0,
                0.0,
                0.0,
                0.0,
                0.0,
                0.0,
                0.0,
                0.0,
                0.0,
                0.0,
                0.0,
                0.0,
                0.0,
                0.0,
                0.0,
                0.0,
                0.0,
                0.0,
                0.0,
                0.0,
                0.0,
                0.0,
                0.0,
                0.0,
                0.0,
                0.0,
                0.0,
                0.0,
                0.0,
                0.0,
                0.0,
                0.0,
                0.0,
                0.0,
                0.0,
                0.0,
                0.0,
                0.0,
                0.0,
                0.0,
                0.0,
                0.0,
                0.0,
                0.0,
                0.0,
                0.0,
                0.0,
                0.0,
                0.0,
                0.0,
                0.0,
                0.0,
                0.0,
                0.0,
                0.0,
                0.0,
                0.0,
                0.0,
                0.0,
                0.0
            ],
            "overall": [
                96.77083333333334,
                95.3125,
                94.79166666666666,
                92.29166666666666,
                93.54166666666666,
                97.70833333333331,
                96.77083333333334,
                98.43749999999999,
                98.75,
                98.125,
                98.54166666666667,
                98.125,
                98.85416666666667,
                98.64583333333333,
                99.16666666666666,
                99.0625,
                98.75,
                98.54166666666669,
                98.54166666666667,
                98.22916666666667,
                98.22916666666666,
                98.54166666666667,
                97.91666666666667,
                98.64583333333333,
                98.54166666666666,
                98.64583333333333,
                98.4375,
                97.8125,
                97.70833333333333,
                98.125,
                98.75,
                98.02083333333334,
                98.75,
                98.64583333333331,
                98.75,
                98.54166666666669,
                98.33333333333334,
                97.8125,
                98.54166666666667,
                98.4375,
                98.54166666666666,
                97.8125,
                98.02083333333333,
                97.70833333333334,
                97.1875,
                98.54166666666666,
                98.64583333333333,
                98.4375,
                98.64583333333334,
                97.29166666666666,
                97.08333333333334,
                94.89583333333333,
                93.33333333333333,
                92.60416666666667,
                92.91666666666666,
                91.45833333333334,
                89.47916666666666,
                84.79166666666666,
                78.22916666666666,
                74.375,
                70.10416666666666,
                67.08333333333333,
                60.52083333333333,
                56.979166666666664,
                54.6875,
                52.8125,
                51.04166666666667,
                49.16666666666667,
                44.479166666666664,
                42.1875,
                38.333333333333336,
                35.83333333333333,
                32.8125,
                30.0,
                26.979166666666664,
                23.229166666666664,
                18.229166666666668,
                15.9375,
                13.75,
                13.75,
                11.875,
                9.479166666666668,
                7.5,
                5.625,
                4.375,
                3.75,
                1.875,
                1.875,
                1.25,
                0.625,
                0.625,
                0.0,
                0.0,
                0.0,
                0.0,
                0.0,
                0.0,
                0.0,
                0.0,
                0.0,
                0.0,
                0.0,
                0.0,
                0.0,
                0.0,
                0.0,
                0.0,
                0.0,
                0.0,
                0.0,
                0.0,
                0.0,
                0.0,
                0.0,
                0.0,
                0.0,
                0.0,
                0.0,
                0.0,
                0.0,
                0.0,
                0.0,
                0.0,
                0.0,
                0.0,
                0.0,
                0.0,
                0.0,
                0.0,
                0.0,
                0.0,
                0.0,
                0.0,
                0.0,
                0.0,
                0.0,
                0.0,
                0.0,
                0.0,
                0.0,
                0.0,
                0.0,
                0.0,
                0.0,
                0.0,
                0.0,
                0.0,
                0.0,
                0.0,
                0.0
            ]
        },
        "lWaitAndOverdue": [
            [
                0,
                2,
                0,
                0
            ],
            [
                0,
                3,
                9,
                0
            ],
            [
                0,
                2,
                1,
                0
            ],
            [
                0,
                3,
                7,
                0
            ],
            [
                0,
                2,
                0,
                0
            ],
            [
                0,
                3,
                7,
                0
            ],
            [
                0,
                4,
                14,
                0
            ],
            [
                0,
                2,
                0,
                0
            ],
            [
                0,
                2,
                0,
                0
            ],
            [
                0,
                4,
                14,
                0
            ],
            [
                0,
                3,
                7,
                0
            ],
            [
                0,
                3,
                7,
                0
            ],
            [
                1,
                3,
                8,
                0
            ],
            [
                1,
                3,
                9,
                0
            ],
            [
                1,
                3,
                7,
                0
            ],
            [
                1,
                3,
                8,
                0
            ],
            [
                1,
                3,
                10,
                0
            ],
            [
                1,
                2,
                1,
                0
            ],
            [
                1,
                3,
                7,
                0
            ],
            [
                1,
                3,
                9,
                0
            ],
            [
                1,
                2,
                0,
                0
            ],
            [
                1,
                3,
                8,
                0
            ],
            [
                2,
                3,
                7,
                0
            ],
            [
                2,
                4,
                14,
                0
            ],
            [
                2,
                2,
                2,
                0
            ],
            [
                2,
                4,
                14,
                0
            ],
            [
                2,
                4,
                14,
                0
            ],
            [
                2,
                3,
                9,
                0
            ],
            [
                2,
                2,
                0,
                0
            ],
            [
                2,
                4,
                14,
                0
            ],
            [
                3,
                2,
                0,
                0
            ],
            [
                3,
                4,
                14,
                0
            ],
            [
                3,
                3,
                7,
                0
            ],
            [
                3,
                1,
                0,
                0
            ],
            [
                3,
                3,
                18,
                4
            ],
            [
                3,
                3,
                12,
                0
            ],
            [
                3,
                3,
                19,
                5
            ],
            [
                3,
                2,
                0,
                0
            ],
            [
                3,
                2,
                1,
                0
            ],
            [
                3,
                2,
                1,
                0
            ],
            [
                3,
                3,
                21,
                7
            ],
            [
                3,
                3,
                14,
                0
            ],
            [
                3,
                3,
                21,
                7
            ],
            [
                3,
                3,
                21,
                7
            ],
            [
                3,
                4,
                28,
                0
            ],
            [
                3,
                4,
                34,
                6
            ],
            [
                3,
                3,
                35,
                21
            ],
            [
                4,
                2,
                3,
                0
            ],
            [
                4,
                3,
                35,
                21
            ],
            [
                4,
                3,
                20,
                6
            ],
            [
                4,
                4,
                34,
                6
            ],
            [
                4,
                2,
                3,
                0
            ],
            [
                4,
                3,
                38,
                24
            ],
            [
                4,
                4,
                38,
                10
            ],
            [
                4,
                4,
                38,
                10
            ],
            [
                4,
                2,
                0,
                0
            ],
            [
                4,
                4,
                38,
                10
            ],
            [
                5,
                2,
                1,
                0
            ],
            [
                5,
                4,
                35,
                7
            ],
            [
                5,
                4,
                36,
                8
            ],
            [
                5,
                4,
                36,
                8
            ],
            [
                5,
                4,
                36,
                8
            ],
            [
                5,
                4,
                36,
                8
            ],
            [
                5,
                4,
                36,
                8
            ],
            [
                5,
                4,
                36,
                8
            ],
            [
                5,
                3,
                35,
                21
            ],
            [
                5,
                2,
                21,
                19
            ],
            [
                5,
                2,
                3,
                1
            ],
            [
                6,
                3,
                36,
                22
            ],
            [
                6,
                4,
                36,
                8
            ],
            [
                6,
                3,
                35,
                21
            ],
            [
                6,
                3,
                36,
                22
            ],
            [
                6,
                3,
                36,
                22
            ],
            [
                6,
                4,
                36,
                8
            ],
            [
                6,
                3,
                36,
                22
            ],
            [
                6,
                3,
                36,
                22
            ],
            [
                6,
                2,
                3,
                1
            ],
            [
                6,
                2,
                2,
                0
            ],
            [
                6,
                2,
                0,
                0
            ],
            [
                6,
                4,
                36,
                8
            ],
            [
                7,
                3,
                35,
                21
            ],
            [
                7,
                2,
                5,
                3
            ],
            [
                7,
                3,
                14,
                0
            ],
            [
                7,
                3,
                36,
                22
            ],
            [
                7,
                2,
                5,
                3
            ],
            [
                7,
                2,
                6,
                4
            ],
            [
                7,
                3,
                36,
                22
            ],
            [
                7,
                2,
                7,
                5
            ],
            [
                7,
                2,
                5,
                3
            ],
            [
                7,
                2,
                7,
                5
            ],
            [
                7,
                3,
                36,
                22
            ],
            [
                8,
                2,
                7,
                3
            ],
            [
                8,
                4,
                35,
                7
            ],
            [
                8,
                2,
                11,
                7
            ],
            [
                8,
                3,
                36,
                22
            ],
            [
                8,
                2,
                14,
                10
            ],
            [
                8,
                3,
                36,
                22
            ],
            [
                8,
                3,
                36,
                22
            ],
            [
                8,
                4,
                36,
                8
            ],
            [
                8,
                4,
                39,
                11
            ],
            [
                8,
                2,
                11,
                7
            ],
            [
                8,
                3,
                39,
                25
            ],
            [
                8,
                3,
                39,
                25
            ],
            [
                8,
                4,
                40,
                12
            ],
            [
                8,
                2,
                8,
                4
            ],
            [
                8,
                2,
                19,
                15
            ],
            [
                9,
                2,
                10,
                6
            ],
            [
                9,
                2,
                19,
                15
            ],
            [
                9,
                2,
                7,
                3
            ],
            [
                9,
                4,
                39,
                11
            ],
            [
                9,
                3,
                39,
                25
            ],
            [
                9,
                3,
                40,
                26
            ],
            [
                9,
                4,
                38,
                10
            ],
            [
                9,
                2,
                10,
                6
            ],
            [
                9,
                2,
                11,
                7
            ],
            [
                9,
                3,
                40,
                26
            ],
            [
                9,
                4,
                40,
                12
            ],
            [
                10,
                4,
                37,
                9
            ],
            [
                10,
                2,
                15,
                13
            ],
            [
                10,
                2,
                23,
                21
            ],
            [
                10,
                2,
                9,
                7
            ],
            [
                10,
                2,
                18,
                16
            ],
            [
                10,
                2,
                16,
                14
            ],
            [
                10,
                3,
                37,
                23
            ],
            [
                10,
                2,
                22,
                20
            ],
            [
                10,
                3,
                37,
                23
            ],
            [
                11,
                4,
                36,
                8
            ],
            [
                11,
                4,
                36,
                8
            ],
            [
                11,
                4,
                36,
                8
            ],
            [
                11,
                3,
                37,
                23
            ],
            [
                11,
                1,
                16,
                16
            ],
            [
                11,
                2,
                22,
                20
            ],
            [
                11,
                2,
                28,
                26
            ],
            [
                11,
                2,
                29,
                27
            ],
            [
                11,
                2,
                20,
                18
            ],
            [
                11,
                3,
                37,
                23
            ],
            [
                11,
                3,
                37,
                23
            ],
            [
                11,
                3,
                37,
                23
            ],
            [
                12,
                4,
                36,
                8
            ],
            [
                12,
                2,
                28,
                26
            ],
            [
                12,
                2,
                28,
                26
            ],
            [
                12,
                2,
                29,
                27
            ],
            [
                12,
                2,
                29,
                27
            ],
            [
                12,
                4,
                36,
                8
            ],
            [
                12,
                3,
                36,
                22
            ],
            [
                12,
                3,
                36,
                22
            ],
            [
                12,
                3,
                36,
                22
            ],
            [
                13,
                2,
                29,
                25
            ],
            [
                13,
                3,
                35,
                21
            ],
            [
                13,
                2,
                29,
                25
            ],
            [
                13,
                3,
                35,
                21
            ],
            [
                13,
                2,
                32,
                28
            ],
            [
                13,
                2,
                32,
                28
            ],
            [
                13,
                3,
                35,
                21
            ],
            [
                13,
                3,
                35,
                21
            ],
            [
                13,
                2,
                27,
                23
            ],
            [
                13,
                4,
                36,
                8
            ],
            [
                13,
                4,
                36,
                8
            ],
            [
                14,
                4,
                35,
                7
            ],
            [
                14,
                4,
                35,
                7
            ],
            [
                14,
                4,
                35,
                7
            ],
            [
                14,
                4,
                35,
                7
            ],
            [
                14,
                3,
                35,
                21
            ],
            [
                14,
                2,
                33,
                29
            ],
            [
                14,
                4,
                35,
                7
            ],
            [
                14,
                2,
                32,
                28
            ],
            [
                14,
                4,
                35,
                7
            ],
            [
                14,
                2,
                33,
                29
            ],
            [
                14,
                3,
                38,
                24
            ],
            [
                14,
                3,
                35,
                21
            ],
            [
                14,
                3,
                35,
                21
            ],
            [
                15,
                4,
                32,
                4
            ],
            [
                15,
                2,
                31,
                29
            ],
            [
                15,
                2,
                31,
                29
            ],
            [
                15,
                2,
                31,
                29
            ],
            [
                15,
                2,
                32,
                30
            ],
            [
                15,
                3,
                35,
                21
            ],
            [
                15,
                4,
                32,
                4
            ],
            [
                15,
                3,
                35,
                21
            ],
            [
                15,
                2,
                32,
                30
            ],
            [
                15,
                3,
                35,
                21
            ],
            [
                15,
                4,
                35,
                7
            ],
            [
                15,
                4,
                35,
                7
            ],
            [
                15,
                2,
                32,
                30
            ],
            [
                15,
                4,
                35,
                7
            ],
            [
                15,
                2,
                32,
                30
            ],
            [
                16,
                4,
                35,
                7
            ],
            [
                16,
                3,
                34,
                20
            ],
            [
                16,
                2,
                31,
                29
            ],
            [
                16,
                2,
                31,
                29
            ],
            [
                16,
                3,
                35,
                21
            ],
            [
                16,
                2,
                34,
                32
            ],
            [
                16,
                2,
                34,
                32
            ],
            [
                16,
                3,
                35,
                21
            ],
            [
                16,
                3,
                35,
                21
            ],
            [
                16,
                2,
                34,
                32
            ],
            [
                16,
                2,
                34,
                32
            ],
            [
                17,
                2,
                34,
                32
            ],
            [
                17,
                3,
                35,
                21
            ],
            [
                17,
                2,
                33,
                31
            ],
            [
                17,
                4,
                35,
                7
            ],
            [
                17,
                3,
                35,
                21
            ],
            [
                17,
                3,
                35,
                21
            ],
            [
                17,
                4,
                35,
                7
            ],
            [
                17,
                3,
                35,
                21
            ],
            [
                17,
                2,
                34,
                32
            ],
            [
                17,
                3,
                36,
                22
            ],
            [
                17,
                3,
                36,
                22
            ],
            [
                17,
                3,
                36,
                22
            ],
            [
                18,
                3,
                35,
                21
            ],
            [
                18,
                4,
                35,
                7
            ],
            [
                18,
                4,
                35,
                7
            ],
            [
                18,
                4,
                35,
                7
            ],
            [
                18,
                4,
                35,
                7
            ],
            [
                18,
                4,
                35,
                7
            ],
            [
                18,
                2,
                33,
                29
            ],
            [
                18,
                2,
                33,
                29
            ],
            [
                18,
                4,
                35,
                7
            ],
            [
                18,
                3,
                35,
                21
            ],
            [
                18,
                2,
                33,
                29
            ],
            [
                18,
                3,
                35,
                21
            ],
            [
                18,
                3,
                35,
                21
            ],
            [
                18,
                3,
                35,
                21
            ],
            [
                18,
                3,
                35,
                21
            ],
            [
                18,
                4,
                36,
                8
            ],
            [
                18,
                4,
                36,
                8
            ],
            [
                19,
                4,
                35,
                7
            ],
            [
                19,
                2,
                32,
                28
            ],
            [
                19,
                4,
                35,
                7
            ],
            [
                19,
                3,
                38,
                24
            ],
            [
                19,
                3,
                35,
                21
            ],
            [
                19,
                4,
                38,
                10
            ],
            [
                19,
                3,
                38,
                24
            ],
            [
                19,
                2,
                33,
                29
            ],
            [
                19,
                3,
                38,
                24
            ],
            [
                19,
                4,
                38,
                10
            ],
            [
                19,
                2,
                33,
                29
            ],
            [
                19,
                2,
                33,
                29
            ],
            [
                20,
                4,
                35,
                7
            ],
            [
                20,
                4,
                35,
                7
            ],
            [
                20,
                4,
                35,
                7
            ],
            [
                20,
                2,
                30,
                28
            ],
            [
                20,
                3,
                35,
                21
            ],
            [
                20,
                3,
                35,
                21
            ],
            [
                20,
                3,
                36,
                22
            ],
            [
                20,
                4,
                36,
                8
            ],
            [
                20,
                2,
                29,
                27
            ],
            [
                21,
                2,
                29,
                27
            ],
            [
                21,
                2,
                30,
                28
            ],
            [
                21,
                3,
                35,
                21
            ],
            [
                21,
                4,
                35,
                7
            ],
            [
                21,
                2,
                31,
                29
            ],
            [
                21,
                4,
                35,
                7
            ],
            [
                21,
                4,
                35,
                7
            ],
            [
                21,
                2,
                29,
                27
            ],
            [
                21,
                3,
                36,
                22
            ],
            [
                22,
                4,
                35,
                7
            ],
            [
                22,
                3,
                35,
                21
            ],
            [
                22,
                3,
                35,
                21
            ],
            [
                22,
                2,
                28,
                26
            ],
            [
                22,
                4,
                35,
                7
            ],
            [
                22,
                3,
                35,
                21
            ],
            [
                22,
                2,
                33,
                31
            ],
            [
                22,
                3,
                35,
                21
            ],
            [
                22,
                2,
                33,
                31
            ],
            [
                23,
                4,
                34,
                6
            ],
            [
                23,
                4,
                34,
                6
            ],
            [
                23,
                4,
                34,
                6
            ],
            [
                23,
                4,
                35,
                7
            ],
            [
                23,
                4,
                35,
                7
            ],
            [
                23,
                4,
                35,
                7
            ],
            [
                24,
                3,
                34,
                20
            ],
            [
                24,
                4,
                35,
                7
            ],
            [
                24,
                3,
                35,
                21
            ],
            [
                24,
                2,
                27,
                23
            ],
            [
                24,
                2,
                26,
                22
            ],
            [
                24,
                2,
                31,
                27
            ],
            [
                24,
                2,
                31,
                27
            ],
            [
                24,
                2,
                32,
                28
            ],
            [
                24,
                4,
                35,
                7
            ],
            [
                24,
                3,
                35,
                21
            ],
            [
                24,
                4,
                35,
                7
            ],
            [
                24,
                2,
                32,
                28
            ],
            [
                24,
                4,
                35,
                7
            ],
            [
                24,
                4,
                35,
                7
            ],
            [
                24,
                2,
                32,
                28
            ],
            [
                24,
                4,
                34,
                6
            ],
            [
                24,
                2,
                32,
                28
            ],
            [
                25,
                2,
                24,
                22
            ],
            [
                25,
                4,
                35,
                7
            ],
            [
                25,
                4,
                35,
                7
            ],
            [
                25,
                2,
                28,
                26
            ],
            [
                25,
                3,
                35,
                21
            ],
            [
                25,
                3,
                36,
                22
            ],
            [
                25,
                4,
                36,
                8
            ],
            [
                25,
                2,
                29,
                27
            ],
            [
                25,
                2,
                30,
                28
            ],
            [
                25,
                2,
                30,
                28
            ],
            [
                25,
                3,
                37,
                23
            ],
            [
                25,
                4,
                36,
                8
            ],
            [
                25,
                2,
                30,
                28
            ],
            [
                25,
                4,
                37,
                9
            ],
            [
                25,
                3,
                36,
                22
            ],
            [
                25,
                2,
                30,
                28
            ],
            [
                25,
                3,
                37,
                23
            ],
            [
                25,
                2,
                29,
                27
            ],
            [
                26,
                3,
                36,
                22
            ],
            [
                26,
                2,
                29,
                27
            ],
            [
                26,
                3,
                35,
                21
            ],
            [
                26,
                2,
                29,
                27
            ],
            [
                26,
                2,
                30,
                28
            ],
            [
                26,
                2,
                30,
                28
            ],
            [
                26,
                3,
                37,
                23
            ],
            [
                26,
                3,
                36,
                22
            ],
            [
                26,
                2,
                30,
                28
            ],
            [
                26,
                3,
                37,
                23
            ],
            [
                27,
                2,
                30,
                28
            ],
            [
                27,
                3,
                35,
                21
            ],
            [
                27,
                4,
                33,
                5
            ],
            [
                27,
                3,
                36,
                22
            ],
            [
                27,
                2,
                29,
                27
            ],
            [
                27,
                3,
                36,
                22
            ],
            [
                27,
                2,
                29,
                27
            ],
            [
                27,
                2,
                29,
                27
            ],
            [
                27,
                2,
                30,
                28
            ],
            [
                27,
                2,
                30,
                28
            ],
            [
                28,
                2,
                32,
                28
            ],
            [
                28,
                2,
                28,
                24
            ],
            [
                28,
                3,
                36,
                22
            ],
            [
                28,
                3,
                35,
                21
            ],
            [
                28,
                2,
                39,
                35
            ],
            [
                28,
                2,
                32,
                28
            ],
            [
                28,
                2,
                39,
                35
            ],
            [
                28,
                3,
                35,
                21
            ],
            [
                28,
                3,
                33,
                19
            ],
            [
                28,
                3,
                39,
                25
            ],
            [
                29,
                3,
                39,
                25
            ],
            [
                29,
                2,
                31,
                27
            ],
            [
                29,
                4,
                35,
                7
            ],
            [
                29,
                3,
                38,
                24
            ],
            [
                29,
                3,
                39,
                25
            ],
            [
                29,
                3,
                39,
                25
            ],
            [
                29,
                3,
                39,
                25
            ],
            [
                29,
                4,
                39,
                11
            ],
            [
                29,
                4,
                39,
                11
            ],
            [
                29,
                4,
                39,
                11
            ],
            [
                29,
                2,
                35,
                31
            ],
            [
                29,
                4,
                39,
                11
            ],
            [
                29,
                2,
                32,
                28
            ],
            [
                29,
                2,
                32,
                28
            ],
            [
                29,
                3,
                40,
                26
            ],
            [
                29,
                2,
                27,
                23
            ]
        ],
        "lWaitDayByPriority": [
            10058,
            16,
            2914,
            3858,
            3270
        ],
        "objval": 2622.2473221670803,
        "std_occupancy": 45.03048855710271
    },
    "runtime": 2.9352049827575684,
    "simdays": 150,
    "solver": "greedy"
}