{
    "arrivalrate": 12.0,
    "ins_name": 245,
    "ins_path": "/ssd6/san/software/RTSP-scheduling/data/8linacs/lambda12.0/data",
    "lNoNewPatients": [
        366,
        2,
        134,
        123,
        107
    ],
    "lNoPatients": [
        657,
        2,
        149,
        296,
        210
    ],
    "lNoSections": [
        5058,
        3,
        385,
        2450,
        2220
    ],
    "mipgap": 1.0,
    "noLinacs": 8,
    "noSlotsPerDay": 120,
    "planningHorizon": 80,
    "runresult": {
        "avg_occupancy": 43.25625,
        "feasibility": true,
        "lAvgLateDayByPriority": [
            12.907103825136613,
            12.5,
            15.64179104477612,
            17.227642276422763,
            4.5233644859813085
        ],
        "lAvgWaitDayByPriority": [
            25.96448087431694,
            12.5,
            18.20149253731343,
            30.772357723577237,
            30.411214953271028
        ],
        "lLateDayByPriority": [
            4724,
            25,
            2096,
            2119,
            484
        ],
        "lOccupancy": {
            "0": [
                0.0,
                0.0,
                0.0,
                0.0,
                0.0,
                0.0,
                0.625,
                0.625,
                0.0,
                0.0,
                0.0,
                0.0,
                0.0,
                0.0,
                0.0,
                0.0,
                0.0,
                0.0,
                0.0,
                0.0,
                0.0,
                0.0,
                0.0,
                0.0,
                0.0,
                0.0,
                0.0,
                0.0,
                0.0,
                0.0,
                0.0,
                0.625,
                0.0,
                0.0,
                0.0,
                0.0,
                0.0,
                0.0,
                0.0,
                0.0,
                0.0,
                0.0,
                0.0,
                0.0,
                0.0,
                0.0,
                0.0,
                0.0,
                0.0,
                0.0,
                0.0,
                0.0,
                0.0,
                0.0,
                0.0,
                0.0,
                0.0,
                0.0,
                0.0,
                0.0,
                0.0,
                0.0,
                0.0,
                0.0,
                0.0,
                0.0,
                0.0,
                0.0,
                0.0,
                0.0,
                0.0,
                0.0,
                0.0,
                0.0,
                0.0,
                0.0,
                0.0,
                0.0,
                0.0,
                0.0,
                0.0,
                0.0,
                0.0,
                0.0,
                0.0,
                0.0,
                0.0,
                0.0,
                0.0,
                0.0,
                0.0,
                0.0,
                0.0,
                0.0,
                0.0,
                0.0,
                0.0,
                0.0,
                0.0,
                0.0,
                0.0,
                0.0,
                0.0,
                0.0,
                0.0,
                0.0,
                0.0,
                0.0,
                0.0,
                0.0,
                0.0,
                0.0,
                0.0,
                0.0,
                0.0,
                0.0,
                0.0,
                0.0,
                0.0,
                0.0,
                0.0,
                0.0,
                0.0,
                0.0,
                0.0,
                0.0,
                0.0,
                0.0,
                0.0,
                0.0,
                0.0,
                0.0,
                0.0,
                0.0,
                0.0,
                0.0,
                0.0,
                0.0,
                0.0,
                0.0,
                0.0,
                0.0,
                0.0,
                0.0,
                0.0,
                0.0,
                0.0,
                0.0,
                0.0,
                0.0
            ],
            "1": [
                7.708333333333334,
                11.666666666666666,
                10.833333333333334,
                12.812499999999998,
                14.6875,
                9.6875,
                10.729166666666666,
                7.5,
                8.125,
                7.5,
                5.0,
                3.125,
                2.5,
                3.229166666666667,
                2.604166666666667,
                3.4375000000000004,
                2.5,
                2.5,
                2.5,
                2.5,
                2.604166666666667,
                3.229166666666667,
                2.604166666666667,
                2.2916666666666665,
                1.6666666666666667,
                1.6666666666666667,
                3.75,
                3.6458333333333335,
                4.166666666666666,
                5.729166666666666,
                4.6875,
                4.375,
                6.5625,
                7.5,
                4.479166666666667,
                5.833333333333333,
                5.833333333333333,
                7.291666666666667,
                6.145833333333333,
                8.229166666666666,
                9.6875,
                9.270833333333334,
                9.270833333333334,
                9.166666666666666,
                10.520833333333334,
                9.166666666666666,
                9.0625,
                9.895833333333332,
                7.708333333333334,
                4.166666666666666,
                2.8125,
                2.1875,
                1.4583333333333333,
                0.0,
                0.0,
                0.0,
                0.0,
                0.0,
                0.0,
                0.0,
                0.0,
                0.0,
                0.0,
                0.0,
                0.0,
                0.0,
                0.0,
                0.0,
                0.0,
                0.0,
                0.0,
                0.0,
                0.0,
                0.0,
                0.0,
                0.0,
                0.0,
                0.0,
                0.0,
                0.0,
                0.0,
                0.0,
                0.0,
                0.0,
                0.0,
                0.0,
                0.0,
                0.0,
                0.0,
                0.0,
                0.0,
                0.0,
                0.0,
                0.0,
                0.0,
                0.0,
                0.0,
                0.0,
                0.0,
                0.0,
                0.0,
                0.0,
                0.0,
                0.0,
                0.0,
                0.0,
                0.0,
                0.0,
                0.0,
                0.0,
                0.0,
                0.0,
                0.0,
                0.0,
                0.0,
                0.0,
                0.0,
                0.0,
                0.0,
                0.0,
                0.0,
                0.0,
                0.0,
                0.0,
                0.0,
                0.0,
                0.0,
                0.0,
                0.0,
                0.0,
                0.0,
                0.0,
                0.0,
                0.0,
                0.0,
                0.0,
                0.0,
                0.0,
                0.0,
                0.0,
                0.0,
                0.0,
                0.0,
                0.0,
                0.0,
                0.0,
                0.0,
                0.0,
                0.0,
                0.0
            ],
            "2": [
                54.6875,
                53.43750000000001,
                53.75,
                54.0625,
                53.02083333333333,
                55.52083333333333,
                58.020833333333336,
                64.0625,
                66.35416666666667,
                63.22916666666667,
                62.083333333333336,
                59.375,
                58.333333333333336,
                56.56250000000001,
                56.14583333333333,
                57.395833333333336,
                60.3125,
                58.75,
                60.10416666666667,
                60.416666666666664,
                59.47916666666667,
                55.41666666666667,
                56.458333333333336,
                57.604166666666664,
                57.91666666666667,
                58.4375,
                59.583333333333336,
                59.895833333333336,
                58.854166666666664,
                58.75,
                62.708333333333336,
                61.77083333333333,
                57.604166666666664,
                57.91666666666667,
                63.22916666666667,
                63.020833333333336,
                62.60416666666667,
                58.854166666666664,
                58.854166666666664,
                56.97916666666667,
                56.25,
                56.458333333333336,
                56.14583333333333,
                56.25,
                55.208333333333336,
                54.270833333333336,
                54.37499999999999,
                53.02083333333333,
                52.083333333333336,
                47.604166666666664,
                47.8125,
                47.708333333333336,
                45.729166666666664,
                46.25,
                45.625,
                45.729166666666664,
                44.166666666666664,
                39.270833333333336,
                37.395833333333336,
                34.89583333333333,
                33.020833333333336,
                31.145833333333332,
                28.020833333333332,
                26.354166666666668,
                24.583333333333332,
                24.583333333333332,
                22.708333333333332,
                20.833333333333336,
                19.583333333333332,
                17.8125,
                17.8125,
                15.520833333333334,
                12.916666666666668,
                12.291666666666666,
                12.291666666666666,
                12.291666666666666,
                9.791666666666666,
                9.166666666666666,
                5.520833333333333,
                5.0,
                4.375,
                3.854166666666667,
                3.229166666666667,
                3.229166666666667,
                1.875,
                1.875,
                0.0,
                0.0,
                0.0,
                0.0,
                0.0,
                0.0,
                0.0,
                0.0,
                0.0,
                0.0,
                0.0,
                0.0,
                0.0,
                0.0,
                0.0,
                0.0,
                0.0,
                0.0,
                0.0,
                0.0,
                0.0,
                0.0,
                0.0,
                0.0,
                0.0,
                0.0,
                0.0,
                0.0,
                0.0,
                0.0,
                0.0,
                0.0,
                0.0,
                0.0,
                0.0,
                0.0,
                0.0,
                0.0,
                0.0,
                0.0,
                0.0,
                0.0,
                0.0,
                0.0,
                0.0,
                0.0,
                0.0,
                0.0,
                0.0,
                0.0,
                0.0,
                0.0,
                0.0,
                0.0,
                0.0,
                0.0,
                0.0,
                0.0,
                0.0,
                0.0,
                0.0,
                0.0,
                0.0,
                0.0
            ],
            "3": [
                28.229166666666668,
                29.062500000000004,
                28.854166666666664,
                28.854166666666664,
                28.854166666666664,
                29.062500000000004,
                27.291666666666664,
                23.020833333333332,
                23.541666666666668,
                26.25,
                31.666666666666664,
                35.729166666666664,
                37.5,
                38.958333333333336,
                40.729166666666664,
                38.4375,
                36.25,
                37.291666666666664,
                35.729166666666664,
                36.041666666666664,
                36.770833333333336,
                40.729166666666664,
                39.791666666666664,
                38.333333333333336,
                38.333333333333336,
                37.708333333333336,
                34.791666666666664,
                34.6875,
                35.0,
                33.85416666666667,
                31.145833333333332,
                31.770833333333332,
                35.0,
                33.4375,
                30.208333333333332,
                29.375,
                29.791666666666668,
                31.5625,
                32.8125,
                33.33333333333333,
                32.916666666666664,
                33.020833333333336,
                33.020833333333336,
                33.020833333333336,
                32.708333333333336,
                34.583333333333336,
                35.0,
                36.145833333333336,
                36.97916666666667,
                39.895833333333336,
                40.208333333333336,
                40.10416666666667,
                41.5625,
                42.395833333333336,
                42.395833333333336,
                39.895833333333336,
                36.145833333333336,
                33.85416666666667,
                33.229166666666664,
                32.083333333333336,
                31.458333333333332,
                31.458333333333332,
                30.312499999999996,
                29.062500000000004,
                27.395833333333336,
                24.583333333333332,
                23.4375,
                22.395833333333336,
                22.395833333333336,
                20.520833333333332,
                18.333333333333332,
                17.083333333333332,
                17.083333333333332,
                15.208333333333332,
                13.333333333333334,
                10.9375,
                9.375,
                9.375,
                6.458333333333334,
                6.041666666666667,
                4.791666666666667,
                4.375,
                3.125,
                2.5,
                1.25,
                0.0,
                0.0,
                0.0,
                0.0,
                0.0,
                0.0,
                0.0,
                0.0,
                0.0,
                0.0,
                0.0,
                0.0,
                0.0,
                0.0,
                0.0,
                0.0,
                0.0,
                0.0,
                0.0,
                0.0,
                0.0,
                0.0,
                0.0,
                0.0,
                0.0,
                0.0,
                0.0,
                0.0,
                0.0,
                0.0,
                0.0,
                0.0,
                0.0,
                0.0,
                0.0,
                0.0,
                0.0,
                0.0,
                0.0,
                0.0,
                0.0,
                0.0,
                0.0,
                0.0,
                0.0,
                0.0,
                0.0,
                0.0,
                0.0,
                0.0,
                0.0,
                0.0,
                0.0,
                0.0,
                0.0,
                0.0,
                0.0,
                0.0,
                0.0,
                0.0,
                0.0,
                0.0,
                0.0,
                0.0,
                0.0
            ],
            "overall": [
                90.625,
                94.16666666666667,
                93.4375,
                95.72916666666666,
                96.5625,
                94.27083333333333,
                96.66666666666666,
                95.20833333333333,
                98.02083333333334,
                96.97916666666667,
                98.75,
                98.22916666666666,
                98.33333333333334,
                98.75,
                99.47916666666666,
                99.27083333333334,
                99.0625,
                98.54166666666666,
                98.33333333333334,
                98.95833333333333,
                98.85416666666667,
                99.375,
                98.85416666666666,
                98.22916666666666,
                97.91666666666667,
                97.8125,
                98.125,
                98.22916666666667,
                98.02083333333333,
                98.33333333333334,
                98.54166666666667,
                98.54166666666666,
                99.16666666666666,
                98.85416666666667,
                97.91666666666667,
                98.22916666666667,
                98.22916666666667,
                97.70833333333333,
                97.8125,
                98.54166666666667,
                98.85416666666666,
                98.75,
                98.4375,
                98.4375,
                98.4375,
                98.02083333333334,
                98.4375,
                99.0625,
                96.77083333333334,
                91.66666666666666,
                90.83333333333334,
                90.0,
                88.75,
                88.64583333333334,
                88.02083333333334,
                85.625,
                80.3125,
                73.125,
                70.625,
                66.97916666666666,
                64.47916666666667,
                62.604166666666664,
                58.33333333333333,
                55.41666666666667,
                51.97916666666667,
                49.166666666666664,
                46.14583333333333,
                43.22916666666667,
                41.97916666666667,
                38.33333333333333,
                36.14583333333333,
                32.604166666666664,
                30.0,
                27.5,
                25.625,
                23.229166666666664,
                19.166666666666664,
                18.541666666666664,
                11.979166666666668,
                11.041666666666668,
                9.166666666666668,
                8.229166666666668,
                6.354166666666667,
                5.729166666666667,
                3.125,
                1.875,
                0.0,
                0.0,
                0.0,
                0.0,
                0.0,
                0.0,
                0.0,
                0.0,
                0.0,
                0.0,
                0.0,
                0.0,
                0.0,
                0.0,
                0.0,
                0.0,
                0.0,
                0.0,
                0.0,
                0.0,
                0.0,
                0.0,
                0.0,
                0.0,
                0.0,
                0.0,
                0.0,
                0.0,
                0.0,
                0.0,
                0.0,
                0.0,
                0.0,
                0.0,
                0.0,
                0.0,
                0.0,
                0.0,
                0.0,
                0.0,
                0.0,
                0.0,
                0.0,
                0.0,
                0.0,
                0.0,
                0.0,
                0.0,
                0.0,
                0.0,
                0.0,
                0.0,
                0.0,
                0.0,
                0.0,
                0.0,
                0.0,
                0.0,
                0.0,
                0.0,
                0.0,
                0.0,
                0.0,
                0.0
            ]
        },
        "lWaitAndOverdue": [
            [
                0,
                4,
                14,
                0
            ],
            [
                0,
                3,
                7,
                0
            ],
            [
                0,
                2,
                1,
                0
            ],
            [
                0,
                4,
                14,
                0
            ],
            [
                0,
                4,
                14,
                0
            ],
            [
                0,
                4,
                14,
                0
            ],
            [
                0,
                2,
                1,
                0
            ],
            [
                0,
                4,
                14,
                0
            ],
            [
                0,
                4,
                14,
                0
            ],
            [
                0,
                2,
                2,
                0
            ],
            [
                0,
                3,
                7,
                0
            ],
            [
                0,
                2,
                0,
                0
            ],
            [
                1,
                2,
                0,
                0
            ],
            [
                1,
                4,
                14,
                0
            ],
            [
                1,
                4,
                14,
                0
            ],
            [
                1,
                4,
                14,
                0
            ],
            [
                1,
                4,
                14,
                0
            ],
            [
                1,
                4,
                14,
                0
            ],
            [
                1,
                4,
                14,
                0
            ],
            [
                1,
                4,
                14,
                0
            ],
            [
                1,
                2,
                0,
                0
            ],
            [
                2,
                4,
                14,
                0
            ],
            [
                2,
                2,
                2,
                0
            ],
            [
                2,
                2,
                1,
                0
            ],
            [
                2,
                2,
                2,
                0
            ],
            [
                2,
                3,
                7,
                0
            ],
            [
                2,
                3,
                7,
                0
            ],
            [
                2,
                3,
                7,
                0
            ],
            [
                2,
                3,
                19,
                5
            ],
            [
                2,
                3,
                20,
                6
            ],
            [
                2,
                2,
                2,
                0
            ],
            [
                2,
                2,
                1,
                0
            ],
            [
                2,
                2,
                0,
                0
            ],
            [
                2,
                2,
                2,
                0
            ],
            [
                2,
                2,
                1,
                0
            ],
            [
                2,
                2,
                0,
                0
            ],
            [
                2,
                2,
                1,
                0
            ],
            [
                2,
                2,
                1,
                0
            ],
            [
                2,
                3,
                22,
                8
            ],
            [
                2,
                3,
                7,
                0
            ],
            [
                2,
                4,
                26,
                0
            ],
            [
                3,
                2,
                4,
                0
            ],
            [
                3,
                2,
                0,
                0
            ],
            [
                3,
                3,
                29,
                15
            ],
            [
                3,
                3,
                28,
                14
            ],
            [
                3,
                2,
                1,
                0
            ],
            [
                3,
                2,
                0,
                0
            ],
            [
                3,
                3,
                7,
                0
            ],
            [
                3,
                3,
                7,
                0
            ],
            [
                3,
                3,
                32,
                18
            ],
            [
                3,
                4,
                32,
                4
            ],
            [
                3,
                3,
                32,
                18
            ],
            [
                3,
                4,
                33,
                5
            ],
            [
                3,
                2,
                0,
                0
            ],
            [
                3,
                3,
                33,
                19
            ],
            [
                3,
                2,
                4,
                0
            ],
            [
                3,
                3,
                33,
                19
            ],
            [
                4,
                2,
                4,
                0
            ],
            [
                4,
                3,
                32,
                18
            ],
            [
                4,
                4,
                14,
                0
            ],
            [
                4,
                2,
                4,
                0
            ],
            [
                4,
                2,
                4,
                0
            ],
            [
                4,
                4,
                32,
                4
            ],
            [
                4,
                3,
                32,
                18
            ],
            [
                4,
                3,
                32,
                18
            ],
            [
                4,
                3,
                32,
                18
            ],
            [
                4,
                3,
                32,
                18
            ],
            [
                4,
                3,
                14,
                0
            ],
            [
                5,
                3,
                30,
                16
            ],
            [
                5,
                3,
                30,
                16
            ],
            [
                5,
                2,
                2,
                0
            ],
            [
                5,
                3,
                30,
                16
            ],
            [
                5,
                3,
                30,
                16
            ],
            [
                5,
                2,
                2,
                0
            ],
            [
                5,
                3,
                30,
                16
            ],
            [
                5,
                3,
                31,
                17
            ],
            [
                6,
                4,
                14,
                0
            ],
            [
                6,
                2,
                0,
                0
            ],
            [
                6,
                4,
                29,
                1
            ],
            [
                6,
                4,
                30,
                2
            ],
            [
                6,
                3,
                30,
                16
            ],
            [
                6,
                2,
                2,
                0
            ],
            [
                6,
                4,
                30,
                2
            ],
            [
                6,
                2,
                2,
                0
            ],
            [
                6,
                4,
                29,
                1
            ],
            [
                6,
                3,
                30,
                16
            ],
            [
                6,
                1,
                0,
                0
            ],
            [
                6,
                3,
                31,
                17
            ],
            [
                6,
                3,
                31,
                17
            ],
            [
                7,
                3,
                30,
                16
            ],
            [
                7,
                2,
                0,
                0
            ],
            [
                7,
                2,
                7,
                5
            ],
            [
                7,
                2,
                1,
                0
            ],
            [
                7,
                3,
                30,
                16
            ],
            [
                7,
                3,
                33,
                19
            ],
            [
                7,
                3,
                30,
                16
            ],
            [
                7,
                3,
                33,
                19
            ],
            [
                7,
                4,
                33,
                5
            ],
            [
                7,
                4,
                33,
                5
            ],
            [
                7,
                3,
                33,
                19
            ],
            [
                7,
                2,
                29,
                27
            ],
            [
                7,
                3,
                33,
                19
            ],
            [
                8,
                3,
                32,
                18
            ],
            [
                8,
                4,
                33,
                5
            ],
            [
                8,
                2,
                7,
                3
            ],
            [
                8,
                3,
                33,
                19
            ],
            [
                8,
                4,
                33,
                5
            ],
            [
                8,
                4,
                34,
                6
            ],
            [
                8,
                2,
                7,
                3
            ],
            [
                8,
                4,
                34,
                6
            ],
            [
                8,
                2,
                11,
                7
            ],
            [
                8,
                4,
                34,
                6
            ],
            [
                8,
                4,
                34,
                6
            ],
            [
                8,
                4,
                34,
                6
            ],
            [
                8,
                4,
                34,
                6
            ],
            [
                9,
                4,
                33,
                5
            ],
            [
                9,
                4,
                33,
                5
            ],
            [
                9,
                4,
                33,
                5
            ],
            [
                9,
                3,
                33,
                19
            ],
            [
                9,
                2,
                33,
                29
            ],
            [
                9,
                2,
                0,
                0
            ],
            [
                9,
                3,
                34,
                20
            ],
            [
                9,
                4,
                34,
                6
            ],
            [
                9,
                3,
                34,
                20
            ],
            [
                9,
                3,
                34,
                20
            ],
            [
                9,
                3,
                34,
                20
            ],
            [
                9,
                4,
                34,
                6
            ],
            [
                9,
                3,
                34,
                20
            ],
            [
                9,
                3,
                34,
                20
            ],
            [
                10,
                2,
                7,
                5
            ],
            [
                10,
                2,
                9,
                7
            ],
            [
                10,
                2,
                7,
                5
            ],
            [
                10,
                4,
                32,
                4
            ],
            [
                10,
                3,
                32,
                18
            ],
            [
                10,
                2,
                9,
                7
            ],
            [
                10,
                3,
                32,
                18
            ],
            [
                10,
                3,
                32,
                18
            ],
            [
                10,
                2,
                10,
                8
            ],
            [
                10,
                2,
                16,
                14
            ],
            [
                10,
                3,
                32,
                18
            ],
            [
                10,
                2,
                17,
                15
            ],
            [
                11,
                2,
                13,
                11
            ],
            [
                11,
                2,
                14,
                12
            ],
            [
                11,
                3,
                31,
                17
            ],
            [
                11,
                2,
                15,
                13
            ],
            [
                11,
                4,
                34,
                6
            ],
            [
                11,
                2,
                21,
                19
            ],
            [
                11,
                3,
                34,
                20
            ],
            [
                12,
                2,
                20,
                18
            ],
            [
                12,
                3,
                34,
                20
            ],
            [
                12,
                3,
                33,
                19
            ],
            [
                12,
                4,
                33,
                5
            ],
            [
                12,
                4,
                34,
                6
            ],
            [
                12,
                2,
                20,
                18
            ],
            [
                12,
                3,
                34,
                20
            ],
            [
                12,
                3,
                34,
                20
            ],
            [
                12,
                4,
                34,
                6
            ],
            [
                12,
                2,
                13,
                11
            ],
            [
                12,
                2,
                23,
                21
            ],
            [
                13,
                2,
                19,
                15
            ],
            [
                13,
                2,
                22,
                18
            ],
            [
                13,
                2,
                20,
                16
            ],
            [
                13,
                4,
                33,
                5
            ],
            [
                13,
                3,
                34,
                20
            ],
            [
                13,
                3,
                34,
                20
            ],
            [
                13,
                4,
                34,
                6
            ],
            [
                13,
                2,
                20,
                16
            ],
            [
                14,
                2,
                24,
                20
            ],
            [
                14,
                3,
                33,
                19
            ],
            [
                14,
                4,
                33,
                5
            ],
            [
                14,
                4,
                33,
                5
            ],
            [
                14,
                2,
                21,
                17
            ],
            [
                14,
                2,
                25,
                21
            ],
            [
                14,
                2,
                25,
                21
            ],
            [
                14,
                2,
                26,
                22
            ],
            [
                14,
                2,
                21,
                17
            ],
            [
                14,
                3,
                34,
                20
            ],
            [
                14,
                2,
                24,
                20
            ],
            [
                14,
                3,
                34,
                20
            ],
            [
                14,
                4,
                34,
                6
            ],
            [
                14,
                4,
                34,
                6
            ],
            [
                14,
                4,
                35,
                7
            ],
            [
                14,
                3,
                35,
                21
            ],
            [
                14,
                1,
                25,
                25
            ],
            [
                14,
                2,
                27,
                23
            ],
            [
                14,
                2,
                27,
                23
            ],
            [
                15,
                2,
                25,
                23
            ],
            [
                15,
                2,
                25,
                23
            ],
            [
                15,
                3,
                32,
                18
            ],
            [
                15,
                3,
                32,
                18
            ],
            [
                15,
                3,
                32,
                18
            ],
            [
                15,
                4,
                32,
                4
            ],
            [
                15,
                2,
                24,
                22
            ],
            [
                15,
                2,
                28,
                26
            ],
            [
                15,
                2,
                29,
                27
            ],
            [
                15,
                2,
                29,
                27
            ],
            [
                15,
                4,
                32,
                4
            ],
            [
                15,
                3,
                32,
                18
            ],
            [
                15,
                3,
                32,
                18
            ],
            [
                16,
                3,
                34,
                20
            ],
            [
                16,
                2,
                28,
                26
            ],
            [
                16,
                3,
                34,
                20
            ],
            [
                16,
                2,
                28,
                26
            ],
            [
                16,
                3,
                34,
                20
            ],
            [
                16,
                2,
                29,
                27
            ],
            [
                16,
                2,
                29,
                27
            ],
            [
                16,
                3,
                34,
                20
            ],
            [
                16,
                3,
                34,
                20
            ],
            [
                17,
                2,
                28,
                26
            ],
            [
                17,
                4,
                33,
                5
            ],
            [
                17,
                4,
                33,
                5
            ],
            [
                17,
                4,
                33,
                5
            ],
            [
                17,
                4,
                33,
                5
            ],
            [
                17,
                4,
                33,
                5
            ],
            [
                17,
                4,
                34,
                6
            ],
            [
                17,
                3,
                33,
                19
            ],
            [
                17,
                2,
                29,
                27
            ],
            [
                17,
                4,
                34,
                6
            ],
            [
                17,
                2,
                30,
                28
            ],
            [
                17,
                4,
                34,
                6
            ],
            [
                18,
                2,
                29,
                25
            ],
            [
                18,
                3,
                33,
                19
            ],
            [
                18,
                3,
                33,
                19
            ],
            [
                18,
                3,
                33,
                19
            ],
            [
                18,
                4,
                33,
                5
            ],
            [
                18,
                2,
                27,
                23
            ],
            [
                18,
                2,
                29,
                25
            ],
            [
                18,
                2,
                29,
                25
            ],
            [
                18,
                2,
                29,
                25
            ],
            [
                18,
                3,
                34,
                20
            ],
            [
                18,
                4,
                33,
                5
            ],
            [
                18,
                3,
                33,
                19
            ],
            [
                18,
                2,
                29,
                25
            ],
            [
                18,
                3,
                34,
                20
            ],
            [
                19,
                4,
                33,
                5
            ],
            [
                19,
                4,
                34,
                6
            ],
            [
                19,
                2,
                31,
                27
            ],
            [
                19,
                4,
                34,
                6
            ],
            [
                19,
                2,
                31,
                27
            ],
            [
                19,
                4,
                34,
                6
            ],
            [
                19,
                3,
                32,
                18
            ],
            [
                19,
                2,
                31,
                27
            ],
            [
                19,
                2,
                31,
                27
            ],
            [
                20,
                3,
                32,
                18
            ],
            [
                20,
                2,
                28,
                26
            ],
            [
                20,
                2,
                28,
                26
            ],
            [
                20,
                3,
                31,
                17
            ],
            [
                20,
                3,
                31,
                17
            ],
            [
                20,
                2,
                29,
                27
            ],
            [
                20,
                2,
                29,
                27
            ],
            [
                20,
                2,
                30,
                28
            ],
            [
                20,
                3,
                31,
                17
            ],
            [
                21,
                2,
                20,
                18
            ],
            [
                21,
                4,
                30,
                2
            ],
            [
                21,
                3,
                31,
                17
            ],
            [
                21,
                3,
                31,
                17
            ],
            [
                21,
                4,
                31,
                3
            ],
            [
                21,
                3,
                34,
                20
            ],
            [
                21,
                2,
                27,
                25
            ],
            [
                21,
                3,
                34,
                20
            ],
            [
                21,
                3,
                34,
                20
            ],
            [
                21,
                3,
                34,
                20
            ],
            [
                21,
                3,
                34,
                20
            ],
            [
                21,
                4,
                34,
                6
            ],
            [
                22,
                4,
                33,
                5
            ],
            [
                22,
                4,
                33,
                5
            ],
            [
                22,
                4,
                33,
                5
            ],
            [
                22,
                4,
                33,
                5
            ],
            [
                22,
                2,
                28,
                26
            ],
            [
                22,
                2,
                27,
                25
            ],
            [
                22,
                4,
                34,
                6
            ],
            [
                22,
                3,
                34,
                20
            ],
            [
                22,
                2,
                27,
                25
            ],
            [
                23,
                3,
                33,
                19
            ],
            [
                23,
                3,
                33,
                19
            ],
            [
                23,
                3,
                33,
                19
            ],
            [
                23,
                3,
                33,
                19
            ],
            [
                23,
                4,
                33,
                5
            ],
            [
                23,
                4,
                33,
                5
            ],
            [
                23,
                4,
                34,
                6
            ],
            [
                23,
                2,
                27,
                23
            ],
            [
                23,
                4,
                34,
                6
            ],
            [
                23,
                3,
                34,
                20
            ],
            [
                23,
                3,
                34,
                20
            ],
            [
                23,
                4,
                34,
                6
            ],
            [
                23,
                3,
                34,
                20
            ],
            [
                23,
                2,
                27,
                23
            ],
            [
                23,
                3,
                34,
                20
            ],
            [
                24,
                4,
                34,
                6
            ],
            [
                24,
                2,
                26,
                22
            ],
            [
                24,
                2,
                26,
                22
            ],
            [
                24,
                4,
                34,
                6
            ],
            [
                24,
                4,
                34,
                6
            ],
            [
                24,
                4,
                34,
                6
            ],
            [
                24,
                2,
                27,
                23
            ],
            [
                24,
                3,
                34,
                20
            ],
            [
                24,
                3,
                34,
                20
            ],
            [
                24,
                3,
                34,
                20
            ],
            [
                24,
                4,
                35,
                7
            ],
            [
                24,
                2,
                26,
                22
            ],
            [
                24,
                2,
                27,
                23
            ],
            [
                24,
                2,
                27,
                23
            ],
            [
                24,
                3,
                35,
                21
            ],
            [
                24,
                4,
                35,
                7
            ],
            [
                25,
                2,
                25,
                23
            ],
            [
                25,
                4,
                32,
                4
            ],
            [
                25,
                4,
                32,
                4
            ],
            [
                25,
                2,
                24,
                22
            ],
            [
                25,
                3,
                32,
                18
            ],
            [
                25,
                4,
                32,
                4
            ],
            [
                25,
                3,
                32,
                18
            ],
            [
                25,
                3,
                32,
                18
            ],
            [
                25,
                2,
                24,
                22
            ],
            [
                25,
                4,
                32,
                4
            ],
            [
                25,
                3,
                35,
                21
            ],
            [
                25,
                2,
                25,
                23
            ],
            [
                26,
                3,
                34,
                20
            ],
            [
                26,
                2,
                24,
                22
            ],
            [
                26,
                4,
                34,
                6
            ],
            [
                26,
                4,
                34,
                6
            ],
            [
                26,
                4,
                34,
                6
            ],
            [
                26,
                4,
                34,
                6
            ],
            [
                26,
                4,
                35,
                7
            ],
            [
                26,
                4,
                35,
                7
            ],
            [
                26,
                3,
                35,
                21
            ],
            [
                26,
                4,
                35,
                7
            ],
            [
                26,
                3,
                35,
                21
            ],
            [
                26,
                2,
                24,
                22
            ],
            [
                26,
                2,
                23,
                21
            ],
            [
                26,
                2,
                27,
                25
            ],
            [
                26,
                2,
                27,
                25
            ],
            [
                27,
                2,
                26,
                24
            ],
            [
                27,
                4,
                34,
                6
            ],
            [
                27,
                3,
                34,
                20
            ],
            [
                27,
                4,
                35,
                7
            ],
            [
                27,
                2,
                26,
                24
            ],
            [
                27,
                4,
                35,
                7
            ],
            [
                27,
                4,
                35,
                7
            ],
            [
                27,
                2,
                27,
                25
            ],
            [
                27,
                4,
                35,
                7
            ],
            [
                28,
                2,
                25,
                21
            ],
            [
                28,
                2,
                26,
                22
            ],
            [
                28,
                4,
                34,
                6
            ],
            [
                28,
                4,
                35,
                7
            ],
            [
                28,
                2,
                22,
                18
            ],
            [
                28,
                3,
                35,
                21
            ],
            [
                28,
                3,
                35,
                21
            ],
            [
                28,
                4,
                35,
                7
            ],
            [
                28,
                2,
                26,
                22
            ],
            [
                28,
                2,
                27,
                23
            ],
            [
                28,
                2,
                27,
                23
            ],
            [
                29,
                3,
                38,
                24
            ],
            [
                29,
                4,
                35,
                7
            ],
            [
                29,
                2,
                26,
                22
            ],
            [
                29,
                4,
                34,
                6
            ],
            [
                29,
                3,
                34,
                20
            ],
            [
                29,
                2,
                27,
                23
            ],
            [
                29,
                3,
                38,
                24
            ],
            [
                29,
                2,
                25,
                21
            ],
            [
                29,
                3,
                35,
                21
            ],
            [
                29,
                2,
                27,
                23
            ],
            [
                29,
                3,
                35,
                21
            ],
            [
                29,
                2,
                27,
                23
            ],
            [
                29,
                2,
                27,
                23
            ],
            [
                29,
                2,
                26,
                22
            ],
            [
                29,
                3,
                38,
                24
            ]
        ],
        "lWaitDayByPriority": [
            9503,
            25,
            2439,
            3785,
            3254
        ],
        "objval": 2618.091295857163,
        "std_occupancy": 44.59164225209054
    },
    "runtime": 2.930604934692383,
    "simdays": 150,
    "solver": "daily_greedy"
}