{
    "arrivalrate": 12.0,
    "ins_name": 298,
    "ins_path": "/home/tusan/projects/def-roussea5/tusan/exp/2021_Oct/8linacs/lambda12.0/data",
    "lNoNewPatients": [
        341,
        2,
        123,
        116,
        100
    ],
    "lNoPatients": [
        634,
        2,
        134,
        290,
        208
    ],
    "lNoSections": [
        4833,
        3,
        354,
        2409,
        2067
    ],
    "mipgap": 0.032046373858223884,
    "noLinacs": 8,
    "noSlotsPerDay": 120,
    "planningHorizon": 80,
    "runresult": {
        "feasibility": true,
        "lAvgLateDayByPriority": [
            4.351906158357771,
            0.0,
            0.0,
            9.25,
            4.11
        ],
        "lAvgWaitDayByPriority": [
            17.26099706744868,
            0.0,
            1.2926829268292683,
            22.74137931034483,
            30.89
        ],
        "lLateDayByPriority": [
            1484,
            0,
            0,
            1073,
            411
        ],
        "lWaitDayByPriority": [
            5886,
            0,
            159,
            2638,
            3089
        ],
        "objval": 20279.918208578634
    },
    "runtime": 54024.79583144188,
    "simdays": 30,
    "solver": "static"
}