{
    "arrivalrate": 12.0,
    "ins_name": 305,
    "ins_path": "/ssd6/san/software/RTSP-scheduling/data/8linacs/lambda12.0/data",
    "lNoNewPatients": [
        367,
        3,
        136,
        127,
        101
    ],
    "lNoPatients": [
        689,
        3,
        154,
        313,
        219
    ],
    "lNoSections": [
        5076,
        8,
        368,
        2529,
        2171
    ],
    "mipgap": 1.0,
    "noLinacs": 8,
    "noSlotsPerDay": 120,
    "planningHorizon": 80,
    "runresult": {
        "avg_occupancy": 45.47430555555555,
        "feasibility": true,
        "lAvgLateDayByPriority": [
            16.74659400544959,
            18.0,
            21.75,
            18.62992125984252,
            7.603960396039604
        ],
        "lAvgWaitDayByPriority": [
            29.564032697547685,
            18.0,
            24.227941176470587,
            31.73228346456693,
            34.366336633663366
        ],
        "lLateDayByPriority": [
            6146,
            54,
            2958,
            2366,
            768
        ],
        "lOccupancy": {
            "0": [
                0.0,
                0.0,
                0.625,
                0.625,
                0.0,
                0.0,
                0.0,
                0.0,
                0.0,
                0.0,
                0.0,
                0.0,
                0.0,
                0.0,
                0.0,
                0.0,
                0.0,
                0.0,
                0.0,
                0.0,
                0.0,
                0.0,
                0.0,
                0.0,
                0.0,
                0.625,
                0.0,
                0.0,
                0.0,
                0.0,
                0.0,
                0.0,
                0.0,
                0.0,
                0.0,
                0.0,
                0.0,
                0.0,
                0.0,
                0.0,
                0.0,
                0.0,
                0.0,
                0.0,
                0.0,
                0.0,
                0.0,
                0.0,
                0.0,
                0.0,
                0.0,
                0.0,
                0.0,
                0.625,
                0.625,
                0.625,
                0.625,
                0.625,
                0.0,
                0.0,
                0.0,
                0.0,
                0.0,
                0.0,
                0.0,
                0.0,
                0.0,
                0.0,
                0.0,
                0.0,
                0.0,
                0.0,
                0.0,
                0.0,
                0.0,
                0.0,
                0.0,
                0.0,
                0.0,
                0.0,
                0.0,
                0.0,
                0.0,
                0.0,
                0.0,
                0.0,
                0.0,
                0.0,
                0.0,
                0.0,
                0.0,
                0.0,
                0.0,
                0.0,
                0.0,
                0.0,
                0.0,
                0.0,
                0.0,
                0.0,
                0.0,
                0.0,
                0.0,
                0.0,
                0.0,
                0.0,
                0.0,
                0.0,
                0.0,
                0.0,
                0.0,
                0.0,
                0.0,
                0.0,
                0.0,
                0.0,
                0.0,
                0.0,
                0.0,
                0.0,
                0.0,
                0.0,
                0.0,
                0.0,
                0.0,
                0.0,
                0.0,
                0.0,
                0.0,
                0.0,
                0.0,
                0.0,
                0.0,
                0.0,
                0.0,
                0.0,
                0.0,
                0.0,
                0.0,
                0.0,
                0.0,
                0.0,
                0.0,
                0.0,
                0.0,
                0.0,
                0.0,
                0.0,
                0.0,
                0.0
            ],
            "1": [
                12.1875,
                12.395833333333334,
                12.395833333333334,
                9.6875,
                11.5625,
                6.25,
                4.375,
                4.375,
                4.6875,
                3.5416666666666665,
                3.125,
                3.229166666666667,
                2.5,
                3.3333333333333335,
                3.4375000000000004,
                3.4375000000000004,
                3.229166666666667,
                3.0208333333333335,
                2.2916666666666665,
                2.2916666666666665,
                2.604166666666667,
                2.5,
                2.2916666666666665,
                2.2916666666666665,
                2.2916666666666665,
                1.9791666666666665,
                2.604166666666667,
                1.9791666666666665,
                2.604166666666667,
                2.9166666666666665,
                2.1875,
                1.875,
                3.6458333333333335,
                3.3333333333333335,
                3.3333333333333335,
                5.208333333333334,
                5.625,
                5.104166666666667,
                6.666666666666667,
                10.416666666666668,
                9.583333333333334,
                10.0,
                8.854166666666668,
                10.3125,
                9.479166666666666,
                9.0625,
                9.791666666666666,
                9.895833333333332,
                8.958333333333334,
                10.520833333333334,
                8.333333333333332,
                8.958333333333334,
                8.229166666666666,
                8.333333333333332,
                6.5625,
                5.0,
                1.4583333333333333,
                1.4583333333333333,
                0.7291666666666666,
                0.7291666666666666,
                0.0,
                0.0,
                0.0,
                0.0,
                0.0,
                0.0,
                0.0,
                0.0,
                0.0,
                0.0,
                0.0,
                0.0,
                0.0,
                0.0,
                0.0,
                0.0,
                0.0,
                0.0,
                0.0,
                0.0,
                0.0,
                0.0,
                0.0,
                0.0,
                0.0,
                0.0,
                0.0,
                0.0,
                0.0,
                0.0,
                0.0,
                0.0,
                0.0,
                0.0,
                0.0,
                0.0,
                0.0,
                0.0,
                0.0,
                0.0,
                0.0,
                0.0,
                0.0,
                0.0,
                0.0,
                0.0,
                0.0,
                0.0,
                0.0,
                0.0,
                0.0,
                0.0,
                0.0,
                0.0,
                0.0,
                0.0,
                0.0,
                0.0,
                0.0,
                0.0,
                0.0,
                0.0,
                0.0,
                0.0,
                0.0,
                0.0,
                0.0,
                0.0,
                0.0,
                0.0,
                0.0,
                0.0,
                0.0,
                0.0,
                0.0,
                0.0,
                0.0,
                0.0,
                0.0,
                0.0,
                0.0,
                0.0,
                0.0,
                0.0,
                0.0,
                0.0,
                0.0,
                0.0,
                0.0,
                0.0
            ],
            "2": [
                53.645833333333336,
                51.354166666666664,
                53.333333333333336,
                53.02083333333333,
                54.270833333333336,
                65.41666666666667,
                68.75,
                69.27083333333334,
                66.77083333333333,
                67.5,
                66.875,
                65.10416666666666,
                63.125,
                62.291666666666664,
                64.6875,
                65.52083333333333,
                63.74999999999999,
                65.72916666666667,
                65.41666666666667,
                63.22916666666667,
                63.125,
                64.47916666666667,
                63.22916666666667,
                62.81250000000001,
                58.64583333333333,
                57.70833333333333,
                56.97916666666667,
                57.91666666666667,
                58.75,
                58.75,
                60.520833333333336,
                58.020833333333336,
                59.27083333333333,
                60.9375,
                59.27083333333333,
                58.020833333333336,
                55.93749999999999,
                55.625,
                53.95833333333333,
                50.83333333333333,
                50.625,
                50.416666666666664,
                51.45833333333333,
                49.895833333333336,
                51.45833333333333,
                50.9375,
                48.95833333333333,
                44.479166666666664,
                45.104166666666664,
                43.645833333333336,
                42.8125,
                43.22916666666667,
                45.83333333333333,
                47.708333333333336,
                47.91666666666667,
                49.583333333333336,
                49.166666666666664,
                48.854166666666664,
                46.458333333333336,
                43.541666666666664,
                41.14583333333333,
                35.41666666666667,
                33.125,
                30.625000000000004,
                30.625000000000004,
                29.375,
                27.500000000000004,
                26.354166666666668,
                24.479166666666664,
                24.479166666666664,
                21.5625,
                18.958333333333332,
                18.958333333333332,
                18.333333333333332,
                17.708333333333336,
                15.833333333333332,
                11.666666666666666,
                11.666666666666666,
                11.145833333333334,
                10.0,
                9.375,
                8.020833333333334,
                8.020833333333334,
                7.5,
                5.0,
                5.0,
                3.75,
                3.125,
                3.125,
                1.875,
                1.25,
                0.625,
                0.0,
                0.0,
                0.0,
                0.0,
                0.0,
                0.0,
                0.0,
                0.0,
                0.0,
                0.0,
                0.0,
                0.0,
                0.0,
                0.0,
                0.0,
                0.0,
                0.0,
                0.0,
                0.0,
                0.0,
                0.0,
                0.0,
                0.0,
                0.0,
                0.0,
                0.0,
                0.0,
                0.0,
                0.0,
                0.0,
                0.0,
                0.0,
                0.0,
                0.0,
                0.0,
                0.0,
                0.0,
                0.0,
                0.0,
                0.0,
                0.0,
                0.0,
                0.0,
                0.0,
                0.0,
                0.0,
                0.0,
                0.0,
                0.0,
                0.0,
                0.0,
                0.0,
                0.0,
                0.0,
                0.0,
                0.0,
                0.0,
                0.0
            ],
            "3": [
                29.583333333333332,
                31.5625,
                28.854166666666664,
                29.583333333333332,
                28.958333333333336,
                23.854166666666668,
                24.0625,
                24.375,
                27.187499999999996,
                26.666666666666668,
                28.229166666666668,
                30.625000000000004,
                32.708333333333336,
                33.4375,
                30.833333333333336,
                29.895833333333332,
                31.5625,
                29.479166666666668,
                31.145833333333332,
                32.083333333333336,
                32.1875,
                31.5625,
                32.1875,
                33.4375,
                38.229166666666664,
                38.125,
                38.854166666666664,
                37.916666666666664,
                37.1875,
                37.1875,
                35.41666666666667,
                38.125,
                35.625,
                33.75,
                35.520833333333336,
                35.104166666666664,
                36.875,
                36.97916666666667,
                38.02083333333333,
                37.083333333333336,
                38.4375,
                38.54166666666667,
                37.395833333333336,
                37.1875,
                36.875,
                38.125,
                38.854166666666664,
                43.020833333333336,
                43.645833333333336,
                44.479166666666664,
                45.3125,
                45.208333333333336,
                42.70833333333333,
                40.0,
                38.75,
                36.666666666666664,
                38.229166666666664,
                38.229166666666664,
                38.854166666666664,
                38.229166666666664,
                37.708333333333336,
                36.45833333333333,
                34.6875,
                31.979166666666664,
                29.6875,
                29.166666666666668,
                29.166666666666668,
                29.166666666666668,
                25.104166666666668,
                24.479166666666664,
                23.854166666666668,
                22.604166666666668,
                19.583333333333332,
                17.708333333333336,
                16.666666666666664,
                13.750000000000002,
                10.520833333333334,
                10.520833333333334,
                9.479166666666666,
                8.854166666666668,
                7.604166666666666,
                7.083333333333333,
                4.583333333333333,
                2.7083333333333335,
                2.083333333333333,
                1.6666666666666667,
                1.6666666666666667,
                0.5208333333333333,
                0.5208333333333333,
                0.5208333333333333,
                0.5208333333333333,
                0.5208333333333333,
                0.5208333333333333,
                0.5208333333333333,
                0.5208333333333333,
                0.0,
                0.0,
                0.0,
                0.0,
                0.0,
                0.0,
                0.0,
                0.0,
                0.0,
                0.0,
                0.0,
                0.0,
                0.0,
                0.0,
                0.0,
                0.0,
                0.0,
                0.0,
                0.0,
                0.0,
                0.0,
                0.0,
                0.0,
                0.0,
                0.0,
                0.0,
                0.0,
                0.0,
                0.0,
                0.0,
                0.0,
                0.0,
                0.0,
                0.0,
                0.0,
                0.0,
                0.0,
                0.0,
                0.0,
                0.0,
                0.0,
                0.0,
                0.0,
                0.0,
                0.0,
                0.0,
                0.0,
                0.0,
                0.0,
                0.0,
                0.0,
                0.0,
                0.0,
                0.0,
                0.0
            ],
            "overall": [
                95.41666666666667,
                95.3125,
                95.20833333333334,
                92.91666666666666,
                94.79166666666669,
                95.52083333333334,
                97.1875,
                98.02083333333334,
                98.64583333333333,
                97.70833333333334,
                98.22916666666667,
                98.95833333333333,
                98.33333333333334,
                99.0625,
                98.95833333333334,
                98.85416666666666,
                98.54166666666666,
                98.22916666666667,
                98.85416666666667,
                97.60416666666669,
                97.91666666666667,
                98.54166666666667,
                97.70833333333334,
                98.54166666666667,
                99.16666666666666,
                98.4375,
                98.4375,
                97.8125,
                98.54166666666666,
                98.85416666666666,
                98.125,
                98.02083333333334,
                98.54166666666666,
                98.02083333333333,
                98.125,
                98.33333333333334,
                98.4375,
                97.70833333333334,
                98.64583333333331,
                98.33333333333334,
                98.64583333333334,
                98.95833333333334,
                97.70833333333334,
                97.39583333333334,
                97.8125,
                98.125,
                97.60416666666666,
                97.39583333333334,
                97.70833333333334,
                98.64583333333334,
                96.45833333333333,
                97.39583333333334,
                96.77083333333331,
                96.66666666666667,
                93.85416666666667,
                91.875,
                89.47916666666666,
                89.16666666666666,
                86.04166666666666,
                82.5,
                78.85416666666666,
                71.875,
                67.8125,
                62.60416666666667,
                60.3125,
                58.54166666666667,
                56.66666666666667,
                55.520833333333336,
                49.58333333333333,
                48.95833333333333,
                45.41666666666667,
                41.5625,
                38.541666666666664,
                36.04166666666667,
                34.375,
                29.583333333333336,
                22.1875,
                22.1875,
                20.625,
                18.854166666666668,
                16.979166666666664,
                15.104166666666668,
                12.604166666666668,
                10.208333333333334,
                7.083333333333333,
                6.666666666666667,
                5.416666666666667,
                3.645833333333333,
                3.645833333333333,
                2.395833333333333,
                1.7708333333333333,
                1.1458333333333333,
                0.5208333333333333,
                0.5208333333333333,
                0.5208333333333333,
                0.0,
                0.0,
                0.0,
                0.0,
                0.0,
                0.0,
                0.0,
                0.0,
                0.0,
                0.0,
                0.0,
                0.0,
                0.0,
                0.0,
                0.0,
                0.0,
                0.0,
                0.0,
                0.0,
                0.0,
                0.0,
                0.0,
                0.0,
                0.0,
                0.0,
                0.0,
                0.0,
                0.0,
                0.0,
                0.0,
                0.0,
                0.0,
                0.0,
                0.0,
                0.0,
                0.0,
                0.0,
                0.0,
                0.0,
                0.0,
                0.0,
                0.0,
                0.0,
                0.0,
                0.0,
                0.0,
                0.0,
                0.0,
                0.0,
                0.0,
                0.0,
                0.0,
                0.0,
                0.0,
                0.0
            ]
        },
        "lWaitAndOverdue": [
            [
                0,
                2,
                2,
                0
            ],
            [
                0,
                3,
                7,
                0
            ],
            [
                0,
                2,
                2,
                0
            ],
            [
                0,
                3,
                7,
                0
            ],
            [
                0,
                4,
                14,
                0
            ],
            [
                0,
                2,
                2,
                0
            ],
            [
                0,
                2,
                1,
                0
            ],
            [
                0,
                4,
                14,
                0
            ],
            [
                0,
                3,
                7,
                0
            ],
            [
                0,
                3,
                7,
                0
            ],
            [
                0,
                3,
                7,
                0
            ],
            [
                0,
                3,
                7,
                0
            ],
            [
                0,
                3,
                7,
                0
            ],
            [
                1,
                3,
                7,
                0
            ],
            [
                1,
                3,
                7,
                0
            ],
            [
                1,
                2,
                0,
                0
            ],
            [
                1,
                3,
                7,
                0
            ],
            [
                1,
                3,
                7,
                0
            ],
            [
                1,
                2,
                0,
                0
            ],
            [
                1,
                3,
                7,
                0
            ],
            [
                1,
                3,
                8,
                0
            ],
            [
                1,
                4,
                14,
                0
            ],
            [
                1,
                2,
                2,
                0
            ],
            [
                1,
                4,
                14,
                0
            ],
            [
                1,
                4,
                14,
                0
            ],
            [
                2,
                3,
                8,
                0
            ],
            [
                2,
                2,
                0,
                0
            ],
            [
                2,
                4,
                14,
                0
            ],
            [
                2,
                2,
                2,
                0
            ],
            [
                2,
                4,
                14,
                0
            ],
            [
                2,
                3,
                8,
                0
            ],
            [
                2,
                1,
                0,
                0
            ],
            [
                2,
                3,
                14,
                0
            ],
            [
                2,
                3,
                8,
                0
            ],
            [
                3,
                3,
                8,
                0
            ],
            [
                3,
                2,
                1,
                0
            ],
            [
                3,
                2,
                1,
                0
            ],
            [
                3,
                2,
                0,
                0
            ],
            [
                3,
                3,
                18,
                4
            ],
            [
                3,
                3,
                18,
                4
            ],
            [
                3,
                3,
                18,
                4
            ],
            [
                3,
                3,
                19,
                5
            ],
            [
                3,
                4,
                19,
                0
            ],
            [
                4,
                4,
                25,
                0
            ],
            [
                4,
                3,
                26,
                12
            ],
            [
                4,
                2,
                10,
                6
            ],
            [
                4,
                3,
                39,
                25
            ],
            [
                4,
                3,
                26,
                12
            ],
            [
                4,
                4,
                32,
                4
            ],
            [
                4,
                2,
                0,
                0
            ],
            [
                4,
                3,
                35,
                21
            ],
            [
                4,
                4,
                35,
                7
            ],
            [
                4,
                4,
                39,
                11
            ],
            [
                4,
                2,
                0,
                0
            ],
            [
                4,
                4,
                39,
                11
            ],
            [
                4,
                2,
                5,
                1
            ],
            [
                4,
                4,
                39,
                11
            ],
            [
                4,
                4,
                39,
                11
            ],
            [
                5,
                4,
                36,
                8
            ],
            [
                5,
                4,
                36,
                8
            ],
            [
                5,
                4,
                36,
                8
            ],
            [
                5,
                4,
                36,
                8
            ],
            [
                5,
                4,
                36,
                8
            ],
            [
                5,
                3,
                35,
                21
            ],
            [
                5,
                2,
                11,
                9
            ],
            [
                5,
                2,
                3,
                1
            ],
            [
                5,
                3,
                37,
                23
            ],
            [
                5,
                4,
                17,
                0
            ],
            [
                5,
                3,
                36,
                22
            ],
            [
                5,
                3,
                37,
                23
            ],
            [
                5,
                3,
                37,
                23
            ],
            [
                6,
                4,
                36,
                8
            ],
            [
                6,
                3,
                36,
                22
            ],
            [
                6,
                3,
                37,
                23
            ],
            [
                6,
                2,
                3,
                1
            ],
            [
                6,
                2,
                8,
                6
            ],
            [
                6,
                2,
                3,
                1
            ],
            [
                6,
                4,
                24,
                0
            ],
            [
                6,
                3,
                37,
                23
            ],
            [
                6,
                2,
                8,
                6
            ],
            [
                6,
                3,
                28,
                14
            ],
            [
                6,
                3,
                37,
                23
            ],
            [
                6,
                2,
                14,
                12
            ],
            [
                7,
                2,
                7,
                5
            ],
            [
                7,
                3,
                36,
                22
            ],
            [
                7,
                2,
                14,
                12
            ],
            [
                7,
                2,
                6,
                4
            ],
            [
                7,
                2,
                8,
                6
            ],
            [
                7,
                3,
                37,
                23
            ],
            [
                8,
                2,
                12,
                8
            ],
            [
                8,
                4,
                36,
                8
            ],
            [
                8,
                2,
                18,
                14
            ],
            [
                8,
                3,
                36,
                22
            ],
            [
                8,
                2,
                20,
                16
            ],
            [
                8,
                3,
                39,
                25
            ],
            [
                8,
                3,
                35,
                21
            ],
            [
                8,
                4,
                36,
                8
            ],
            [
                8,
                4,
                36,
                8
            ],
            [
                8,
                2,
                18,
                14
            ],
            [
                8,
                3,
                36,
                22
            ],
            [
                9,
                3,
                38,
                24
            ],
            [
                9,
                4,
                38,
                10
            ],
            [
                9,
                2,
                6,
                2
            ],
            [
                9,
                2,
                24,
                20
            ],
            [
                9,
                2,
                6,
                2
            ],
            [
                9,
                2,
                24,
                20
            ],
            [
                9,
                2,
                11,
                7
            ],
            [
                9,
                4,
                38,
                10
            ],
            [
                9,
                3,
                39,
                25
            ],
            [
                9,
                3,
                39,
                25
            ],
            [
                10,
                4,
                36,
                8
            ],
            [
                10,
                2,
                9,
                7
            ],
            [
                10,
                2,
                28,
                26
            ],
            [
                10,
                3,
                36,
                22
            ],
            [
                10,
                4,
                36,
                8
            ],
            [
                10,
                4,
                36,
                8
            ],
            [
                10,
                2,
                21,
                19
            ],
            [
                10,
                2,
                29,
                27
            ],
            [
                10,
                2,
                29,
                27
            ],
            [
                10,
                2,
                30,
                28
            ],
            [
                10,
                2,
                15,
                13
            ],
            [
                10,
                3,
                37,
                23
            ],
            [
                10,
                2,
                30,
                28
            ],
            [
                10,
                3,
                37,
                23
            ],
            [
                11,
                4,
                36,
                8
            ],
            [
                11,
                4,
                37,
                9
            ],
            [
                11,
                4,
                37,
                9
            ],
            [
                11,
                3,
                37,
                23
            ],
            [
                11,
                1,
                20,
                20
            ],
            [
                11,
                2,
                29,
                27
            ],
            [
                11,
                2,
                29,
                27
            ],
            [
                11,
                2,
                30,
                28
            ],
            [
                11,
                2,
                23,
                21
            ],
            [
                11,
                3,
                37,
                23
            ],
            [
                11,
                3,
                37,
                23
            ],
            [
                11,
                3,
                37,
                23
            ],
            [
                11,
                4,
                37,
                9
            ],
            [
                11,
                2,
                21,
                19
            ],
            [
                12,
                2,
                33,
                31
            ],
            [
                12,
                2,
                34,
                32
            ],
            [
                12,
                2,
                34,
                32
            ],
            [
                12,
                4,
                36,
                8
            ],
            [
                12,
                3,
                36,
                22
            ],
            [
                12,
                3,
                36,
                22
            ],
            [
                13,
                3,
                35,
                21
            ],
            [
                13,
                2,
                33,
                29
            ],
            [
                13,
                3,
                35,
                21
            ],
            [
                13,
                2,
                34,
                30
            ],
            [
                13,
                3,
                35,
                21
            ],
            [
                14,
                2,
                33,
                29
            ],
            [
                14,
                2,
                33,
                29
            ],
            [
                14,
                3,
                35,
                21
            ],
            [
                14,
                3,
                35,
                21
            ],
            [
                14,
                2,
                24,
                20
            ],
            [
                14,
                4,
                35,
                7
            ],
            [
                14,
                4,
                35,
                7
            ],
            [
                14,
                4,
                35,
                7
            ],
            [
                14,
                4,
                35,
                7
            ],
            [
                14,
                4,
                35,
                7
            ],
            [
                14,
                4,
                35,
                7
            ],
            [
                14,
                3,
                35,
                21
            ],
            [
                15,
                2,
                32,
                30
            ],
            [
                15,
                4,
                35,
                7
            ],
            [
                15,
                2,
                31,
                29
            ],
            [
                15,
                4,
                35,
                7
            ],
            [
                15,
                2,
                31,
                29
            ],
            [
                15,
                3,
                35,
                21
            ],
            [
                15,
                3,
                35,
                21
            ],
            [
                15,
                3,
                35,
                21
            ],
            [
                15,
                4,
                35,
                7
            ],
            [
                15,
                2,
                31,
                29
            ],
            [
                15,
                2,
                31,
                29
            ],
            [
                15,
                2,
                32,
                30
            ],
            [
                15,
                2,
                32,
                30
            ],
            [
                15,
                3,
                36,
                22
            ],
            [
                15,
                4,
                35,
                7
            ],
            [
                15,
                3,
                35,
                21
            ],
            [
                16,
                2,
                31,
                29
            ],
            [
                16,
                3,
                34,
                20
            ],
            [
                16,
                4,
                34,
                6
            ],
            [
                16,
                4,
                35,
                7
            ],
            [
                16,
                2,
                31,
                29
            ],
            [
                16,
                4,
                35,
                7
            ],
            [
                16,
                2,
                31,
                29
            ],
            [
                16,
                4,
                35,
                7
            ],
            [
                17,
                3,
                34,
                20
            ],
            [
                17,
                2,
                33,
                31
            ],
            [
                17,
                2,
                33,
                31
            ],
            [
                17,
                3,
                34,
                20
            ],
            [
                17,
                2,
                33,
                31
            ],
            [
                17,
                2,
                33,
                31
            ],
            [
                17,
                3,
                35,
                21
            ],
            [
                17,
                3,
                35,
                21
            ],
            [
                17,
                2,
                33,
                31
            ],
            [
                17,
                2,
                33,
                31
            ],
            [
                17,
                2,
                34,
                32
            ],
            [
                17,
                3,
                35,
                21
            ],
            [
                17,
                2,
                26,
                24
            ],
            [
                18,
                4,
                33,
                5
            ],
            [
                18,
                3,
                34,
                20
            ],
            [
                18,
                3,
                34,
                20
            ],
            [
                18,
                4,
                35,
                7
            ],
            [
                18,
                3,
                35,
                21
            ],
            [
                18,
                2,
                33,
                29
            ],
            [
                18,
                3,
                35,
                21
            ],
            [
                18,
                3,
                35,
                21
            ],
            [
                18,
                3,
                35,
                21
            ],
            [
                18,
                3,
                35,
                21
            ],
            [
                19,
                4,
                34,
                6
            ],
            [
                19,
                4,
                34,
                6
            ],
            [
                19,
                4,
                34,
                6
            ],
            [
                19,
                4,
                34,
                6
            ],
            [
                19,
                4,
                34,
                6
            ],
            [
                19,
                2,
                32,
                28
            ],
            [
                19,
                2,
                32,
                28
            ],
            [
                19,
                4,
                34,
                6
            ],
            [
                19,
                3,
                34,
                20
            ],
            [
                19,
                2,
                32,
                28
            ],
            [
                19,
                3,
                35,
                21
            ],
            [
                19,
                3,
                35,
                21
            ],
            [
                19,
                3,
                34,
                20
            ],
            [
                19,
                3,
                35,
                21
            ],
            [
                19,
                4,
                35,
                7
            ],
            [
                19,
                4,
                35,
                7
            ],
            [
                19,
                4,
                35,
                7
            ],
            [
                19,
                2,
                32,
                28
            ],
            [
                19,
                4,
                38,
                10
            ],
            [
                19,
                3,
                38,
                24
            ],
            [
                20,
                3,
                35,
                21
            ],
            [
                20,
                4,
                35,
                7
            ],
            [
                20,
                3,
                36,
                22
            ],
            [
                20,
                2,
                30,
                28
            ],
            [
                20,
                3,
                36,
                22
            ],
            [
                20,
                4,
                36,
                8
            ],
            [
                20,
                2,
                30,
                28
            ],
            [
                20,
                2,
                30,
                28
            ],
            [
                20,
                4,
                36,
                8
            ],
            [
                20,
                4,
                36,
                8
            ],
            [
                20,
                4,
                36,
                8
            ],
            [
                20,
                2,
                30,
                28
            ],
            [
                20,
                3,
                36,
                22
            ],
            [
                20,
                3,
                36,
                22
            ],
            [
                20,
                3,
                36,
                22
            ],
            [
                20,
                4,
                37,
                9
            ],
            [
                21,
                2,
                29,
                27
            ],
            [
                21,
                2,
                29,
                27
            ],
            [
                21,
                2,
                30,
                28
            ],
            [
                21,
                3,
                36,
                22
            ],
            [
                21,
                4,
                36,
                8
            ],
            [
                21,
                2,
                30,
                28
            ],
            [
                21,
                4,
                36,
                8
            ],
            [
                21,
                4,
                36,
                8
            ],
            [
                21,
                2,
                30,
                28
            ],
            [
                21,
                3,
                36,
                22
            ],
            [
                21,
                4,
                36,
                8
            ],
            [
                21,
                3,
                36,
                22
            ],
            [
                21,
                3,
                36,
                22
            ],
            [
                21,
                2,
                29,
                27
            ],
            [
                21,
                4,
                36,
                8
            ],
            [
                21,
                3,
                36,
                22
            ],
            [
                22,
                2,
                29,
                27
            ],
            [
                22,
                3,
                36,
                22
            ],
            [
                22,
                2,
                30,
                28
            ],
            [
                22,
                4,
                36,
                8
            ],
            [
                22,
                4,
                35,
                7
            ],
            [
                22,
                4,
                36,
                8
            ],
            [
                22,
                4,
                35,
                7
            ],
            [
                22,
                4,
                36,
                8
            ],
            [
                22,
                4,
                36,
                8
            ],
            [
                22,
                3,
                36,
                22
            ],
            [
                22,
                4,
                37,
                9
            ],
            [
                22,
                3,
                36,
                22
            ],
            [
                22,
                2,
                29,
                27
            ],
            [
                22,
                2,
                30,
                28
            ],
            [
                22,
                2,
                33,
                31
            ],
            [
                23,
                2,
                32,
                28
            ],
            [
                23,
                2,
                32,
                28
            ],
            [
                23,
                4,
                36,
                8
            ],
            [
                23,
                3,
                36,
                22
            ],
            [
                23,
                4,
                36,
                8
            ],
            [
                23,
                2,
                32,
                28
            ],
            [
                23,
                4,
                39,
                11
            ],
            [
                23,
                4,
                39,
                11
            ],
            [
                23,
                2,
                33,
                29
            ],
            [
                23,
                4,
                39,
                11
            ],
            [
                23,
                2,
                33,
                29
            ],
            [
                23,
                2,
                29,
                25
            ],
            [
                23,
                4,
                39,
                11
            ],
            [
                24,
                4,
                38,
                10
            ],
            [
                24,
                2,
                32,
                28
            ],
            [
                24,
                3,
                38,
                24
            ],
            [
                24,
                3,
                39,
                25
            ],
            [
                24,
                4,
                39,
                11
            ],
            [
                24,
                2,
                32,
                28
            ],
            [
                24,
                2,
                33,
                29
            ],
            [
                24,
                2,
                33,
                29
            ],
            [
                24,
                3,
                40,
                26
            ],
            [
                24,
                4,
                39,
                11
            ],
            [
                24,
                2,
                33,
                29
            ],
            [
                24,
                4,
                39,
                11
            ],
            [
                24,
                3,
                39,
                25
            ],
            [
                25,
                2,
                30,
                28
            ],
            [
                25,
                3,
                38,
                24
            ],
            [
                25,
                2,
                30,
                28
            ],
            [
                25,
                3,
                36,
                22
            ],
            [
                25,
                2,
                30,
                28
            ],
            [
                25,
                3,
                36,
                22
            ],
            [
                25,
                2,
                31,
                29
            ],
            [
                25,
                2,
                31,
                29
            ],
            [
                25,
                2,
                31,
                29
            ],
            [
                25,
                3,
                37,
                23
            ],
            [
                25,
                3,
                37,
                23
            ],
            [
                25,
                2,
                31,
                29
            ],
            [
                25,
                3,
                37,
                23
            ],
            [
                25,
                2,
                36,
                34
            ],
            [
                25,
                3,
                36,
                22
            ],
            [
                26,
                4,
                37,
                9
            ],
            [
                26,
                3,
                37,
                23
            ],
            [
                26,
                2,
                30,
                28
            ],
            [
                26,
                3,
                38,
                24
            ],
            [
                26,
                2,
                30,
                28
            ],
            [
                26,
                2,
                31,
                29
            ],
            [
                26,
                2,
                31,
                29
            ],
            [
                26,
                2,
                31,
                29
            ],
            [
                26,
                2,
                31,
                29
            ],
            [
                26,
                2,
                31,
                29
            ],
            [
                26,
                3,
                38,
                24
            ],
            [
                26,
                3,
                38,
                24
            ],
            [
                26,
                2,
                37,
                35
            ],
            [
                27,
                2,
                30,
                28
            ],
            [
                27,
                2,
                37,
                35
            ],
            [
                27,
                3,
                37,
                23
            ],
            [
                27,
                3,
                37,
                23
            ],
            [
                27,
                3,
                40,
                26
            ],
            [
                27,
                3,
                40,
                26
            ],
            [
                27,
                2,
                33,
                31
            ],
            [
                27,
                4,
                40,
                12
            ],
            [
                27,
                3,
                40,
                26
            ],
            [
                27,
                3,
                41,
                27
            ],
            [
                27,
                3,
                41,
                27
            ],
            [
                27,
                3,
                41,
                27
            ],
            [
                27,
                4,
                41,
                13
            ],
            [
                27,
                4,
                41,
                13
            ],
            [
                27,
                4,
                41,
                13
            ],
            [
                27,
                2,
                37,
                35
            ],
            [
                27,
                4,
                41,
                13
            ],
            [
                28,
                2,
                32,
                28
            ],
            [
                28,
                2,
                32,
                28
            ],
            [
                28,
                3,
                42,
                28
            ],
            [
                28,
                2,
                29,
                25
            ],
            [
                28,
                2,
                33,
                29
            ],
            [
                28,
                2,
                33,
                29
            ],
            [
                28,
                2,
                35,
                31
            ],
            [
                28,
                2,
                34,
                30
            ],
            [
                29,
                2,
                28,
                24
            ],
            [
                29,
                4,
                39,
                11
            ],
            [
                29,
                2,
                0,
                0
            ],
            [
                29,
                3,
                40,
                26
            ],
            [
                29,
                3,
                41,
                27
            ],
            [
                29,
                2,
                33,
                29
            ],
            [
                29,
                4,
                40,
                12
            ],
            [
                29,
                3,
                40,
                26
            ],
            [
                29,
                3,
                41,
                27
            ],
            [
                29,
                4,
                38,
                10
            ],
            [
                29,
                4,
                41,
                13
            ],
            [
                29,
                4,
                41,
                13
            ],
            [
                29,
                1,
                34,
                34
            ]
        ],
        "lWaitDayByPriority": [
            10850,
            54,
            3295,
            4030,
            3471
        ],
        "objval": 2754.3619135188183,
        "std_occupancy": 44.94517547754777
    },
    "runtime": 3.2315566539764404,
    "simdays": 150,
    "solver": "daily_greedy"
}