{
    "arrivalrate": 12.0,
    "ins_name": 345,
    "ins_path": "/ssd6/san/software/RTSP-scheduling/data/8linacs/lambda12.0/data",
    "lNoNewPatients": [
        372,
        2,
        137,
        126,
        107
    ],
    "lNoPatients": [
        655,
        2,
        146,
        299,
        208
    ],
    "lNoSections": [
        5123,
        3,
        389,
        2508,
        2223
    ],
    "mipgap": 1.0,
    "noLinacs": 8,
    "noSlotsPerDay": 120,
    "planningHorizon": 80,
    "runresult": {
        "avg_occupancy": 43.139583333333334,
        "feasibility": true,
        "lAvgLateDayByPriority": [
            12.223118279569892,
            12.5,
            14.299270072992702,
            16.865079365079364,
            4.093457943925234
        ],
        "lAvgWaitDayByPriority": [
            25.260752688172044,
            12.5,
            16.854014598540147,
            30.53174603174603,
            30.05607476635514
        ],
        "lLateDayByPriority": [
            4547,
            25,
            1959,
            2125,
            438
        ],
        "lOccupancy": {
            "0": [
                0.0,
                0.0,
                0.0,
                0.0,
                0.0,
                0.0,
                0.625,
                0.625,
                0.0,
                0.0,
                0.0,
                0.0,
                0.0,
                0.0,
                0.0,
                0.0,
                0.0,
                0.0,
                0.0,
                0.0,
                0.0,
                0.0,
                0.0,
                0.0,
                0.0,
                0.0,
                0.0,
                0.0,
                0.0,
                0.0,
                0.0,
                0.625,
                0.0,
                0.0,
                0.0,
                0.0,
                0.0,
                0.0,
                0.0,
                0.0,
                0.0,
                0.0,
                0.0,
                0.0,
                0.0,
                0.0,
                0.0,
                0.0,
                0.0,
                0.0,
                0.0,
                0.0,
                0.0,
                0.0,
                0.0,
                0.0,
                0.0,
                0.0,
                0.0,
                0.0,
                0.0,
                0.0,
                0.0,
                0.0,
                0.0,
                0.0,
                0.0,
                0.0,
                0.0,
                0.0,
                0.0,
                0.0,
                0.0,
                0.0,
                0.0,
                0.0,
                0.0,
                0.0,
                0.0,
                0.0,
                0.0,
                0.0,
                0.0,
                0.0,
                0.0,
                0.0,
                0.0,
                0.0,
                0.0,
                0.0,
                0.0,
                0.0,
                0.0,
                0.0,
                0.0,
                0.0,
                0.0,
                0.0,
                0.0,
                0.0,
                0.0,
                0.0,
                0.0,
                0.0,
                0.0,
                0.0,
                0.0,
                0.0,
                0.0,
                0.0,
                0.0,
                0.0,
                0.0,
                0.0,
                0.0,
                0.0,
                0.0,
                0.0,
                0.0,
                0.0,
                0.0,
                0.0,
                0.0,
                0.0,
                0.0,
                0.0,
                0.0,
                0.0,
                0.0,
                0.0,
                0.0,
                0.0,
                0.0,
                0.0,
                0.0,
                0.0,
                0.0,
                0.0,
                0.0,
                0.0,
                0.0,
                0.0,
                0.0,
                0.0,
                0.0,
                0.0,
                0.0,
                0.0,
                0.0,
                0.0
            ],
            "1": [
                6.041666666666667,
                10.0,
                6.145833333333333,
                9.375,
                13.958333333333334,
                12.1875,
                12.083333333333334,
                9.270833333333334,
                8.958333333333334,
                10.833333333333334,
                8.125,
                5.104166666666667,
                3.5416666666666665,
                3.229166666666667,
                2.083333333333333,
                3.229166666666667,
                2.604166666666667,
                2.604166666666667,
                2.083333333333333,
                2.8125,
                2.5,
                2.1875,
                2.8125,
                2.1875,
                2.2916666666666665,
                2.3958333333333335,
                3.75,
                2.9166666666666665,
                3.5416666666666665,
                3.854166666666667,
                3.6458333333333335,
                4.479166666666667,
                6.875000000000001,
                7.187499999999999,
                5.104166666666667,
                6.354166666666666,
                6.041666666666667,
                6.666666666666667,
                7.5,
                7.708333333333334,
                8.854166666666668,
                6.979166666666667,
                8.854166666666668,
                9.375,
                6.25,
                7.604166666666666,
                8.4375,
                8.333333333333332,
                8.229166666666666,
                4.791666666666667,
                5.104166666666667,
                3.75,
                0.0,
                0.0,
                0.0,
                0.0,
                0.0,
                0.0,
                0.0,
                0.0,
                0.0,
                0.0,
                0.0,
                0.0,
                0.0,
                0.0,
                0.0,
                0.0,
                0.0,
                0.0,
                0.0,
                0.0,
                0.0,
                0.0,
                0.0,
                0.0,
                0.0,
                0.0,
                0.0,
                0.0,
                0.0,
                0.0,
                0.0,
                0.0,
                0.0,
                0.0,
                0.0,
                0.0,
                0.0,
                0.0,
                0.0,
                0.0,
                0.0,
                0.0,
                0.0,
                0.0,
                0.0,
                0.0,
                0.0,
                0.0,
                0.0,
                0.0,
                0.0,
                0.0,
                0.0,
                0.0,
                0.0,
                0.0,
                0.0,
                0.0,
                0.0,
                0.0,
                0.0,
                0.0,
                0.0,
                0.0,
                0.0,
                0.0,
                0.0,
                0.0,
                0.0,
                0.0,
                0.0,
                0.0,
                0.0,
                0.0,
                0.0,
                0.0,
                0.0,
                0.0,
                0.0,
                0.0,
                0.0,
                0.0,
                0.0,
                0.0,
                0.0,
                0.0,
                0.0,
                0.0,
                0.0,
                0.0,
                0.0,
                0.0,
                0.0,
                0.0,
                0.0,
                0.0,
                0.0,
                0.0
            ],
            "2": [
                54.0625,
                52.916666666666664,
                53.333333333333336,
                52.708333333333336,
                51.66666666666667,
                54.166666666666664,
                60.729166666666664,
                63.33333333333333,
                62.708333333333336,
                59.68750000000001,
                59.895833333333336,
                58.333333333333336,
                56.56250000000001,
                56.666666666666664,
                57.604166666666664,
                60.62499999999999,
                61.875,
                59.583333333333336,
                61.77083333333333,
                60.416666666666664,
                56.97916666666667,
                55.729166666666664,
                56.97916666666667,
                58.333333333333336,
                57.49999999999999,
                60.3125,
                60.520833333333336,
                60.20833333333333,
                59.47916666666667,
                60.3125,
                62.18749999999999,
                57.70833333333333,
                59.166666666666664,
                60.3125,
                63.020833333333336,
                62.708333333333336,
                60.729166666666664,
                60.10416666666667,
                57.49999999999999,
                57.91666666666667,
                54.895833333333336,
                53.645833333333336,
                53.95833333333333,
                55.93749999999999,
                55.833333333333336,
                53.75,
                52.39583333333333,
                52.5,
                47.708333333333336,
                48.4375,
                47.604166666666664,
                46.25,
                47.1875,
                48.75,
                47.604166666666664,
                49.166666666666664,
                44.79166666666667,
                40.833333333333336,
                37.708333333333336,
                35.208333333333336,
                32.395833333333336,
                31.041666666666668,
                28.749999999999996,
                26.979166666666664,
                25.833333333333336,
                25.208333333333332,
                22.708333333333332,
                21.5625,
                19.270833333333336,
                18.645833333333332,
                16.770833333333332,
                15.416666666666668,
                13.541666666666666,
                13.541666666666666,
                13.541666666666666,
                11.041666666666666,
                9.895833333333332,
                6.25,
                6.25,
                5.104166666666667,
                5.104166666666667,
                4.479166666666667,
                4.479166666666667,
                3.854166666666667,
                3.125,
                1.25,
                1.25,
                0.625,
                0.0,
                0.0,
                0.0,
                0.0,
                0.0,
                0.0,
                0.0,
                0.0,
                0.0,
                0.0,
                0.0,
                0.0,
                0.0,
                0.0,
                0.0,
                0.0,
                0.0,
                0.0,
                0.0,
                0.0,
                0.0,
                0.0,
                0.0,
                0.0,
                0.0,
                0.0,
                0.0,
                0.0,
                0.0,
                0.0,
                0.0,
                0.0,
                0.0,
                0.0,
                0.0,
                0.0,
                0.0,
                0.0,
                0.0,
                0.0,
                0.0,
                0.0,
                0.0,
                0.0,
                0.0,
                0.0,
                0.0,
                0.0,
                0.0,
                0.0,
                0.0,
                0.0,
                0.0,
                0.0,
                0.0,
                0.0,
                0.0,
                0.0,
                0.0,
                0.0,
                0.0,
                0.0
            ],
            "3": [
                28.020833333333332,
                28.020833333333332,
                29.062500000000004,
                29.479166666666668,
                29.583333333333332,
                27.395833333333336,
                24.166666666666668,
                24.479166666666664,
                26.25,
                27.395833333333336,
                29.791666666666668,
                35.104166666666664,
                38.4375,
                39.58333333333333,
                38.75,
                35.41666666666667,
                34.270833333333336,
                36.770833333333336,
                34.479166666666664,
                35.208333333333336,
                38.958333333333336,
                40.520833333333336,
                38.75,
                37.1875,
                38.333333333333336,
                36.5625,
                34.270833333333336,
                34.89583333333333,
                35.0,
                34.166666666666664,
                32.29166666666667,
                35.625,
                32.395833333333336,
                31.354166666666668,
                30.520833333333336,
                29.375,
                32.083333333333336,
                32.708333333333336,
                33.541666666666664,
                33.229166666666664,
                34.791666666666664,
                36.45833333333333,
                34.89583333333333,
                32.083333333333336,
                34.583333333333336,
                36.25,
                36.770833333333336,
                36.97916666666667,
                40.520833333333336,
                39.375,
                40.10416666666667,
                41.041666666666664,
                41.25,
                40.0,
                41.14583333333333,
                39.166666666666664,
                35.41666666666667,
                34.166666666666664,
                33.125,
                31.979166666666664,
                31.458333333333332,
                30.833333333333336,
                30.208333333333332,
                27.916666666666668,
                26.666666666666668,
                23.4375,
                23.4375,
                22.916666666666664,
                22.916666666666664,
                18.854166666666668,
                18.229166666666664,
                16.979166666666668,
                16.354166666666668,
                13.854166666666668,
                11.458333333333332,
                9.895833333333332,
                9.375,
                7.604166666666666,
                7.187499999999999,
                4.791666666666667,
                4.375,
                3.75,
                2.5,
                1.25,
                0.0,
                0.0,
                0.0,
                0.0,
                0.0,
                0.0,
                0.0,
                0.0,
                0.0,
                0.0,
                0.0,
                0.0,
                0.0,
                0.0,
                0.0,
                0.0,
                0.0,
                0.0,
                0.0,
                0.0,
                0.0,
                0.0,
                0.0,
                0.0,
                0.0,
                0.0,
                0.0,
                0.0,
                0.0,
                0.0,
                0.0,
                0.0,
                0.0,
                0.0,
                0.0,
                0.0,
                0.0,
                0.0,
                0.0,
                0.0,
                0.0,
                0.0,
                0.0,
                0.0,
                0.0,
                0.0,
                0.0,
                0.0,
                0.0,
                0.0,
                0.0,
                0.0,
                0.0,
                0.0,
                0.0,
                0.0,
                0.0,
                0.0,
                0.0,
                0.0,
                0.0,
                0.0,
                0.0,
                0.0,
                0.0,
                0.0
            ],
            "overall": [
                88.125,
                90.9375,
                88.54166666666667,
                91.5625,
                95.20833333333333,
                93.75,
                97.60416666666667,
                97.70833333333331,
                97.91666666666667,
                97.91666666666669,
                97.81250000000001,
                98.54166666666666,
                98.54166666666667,
                99.47916666666666,
                98.4375,
                99.27083333333333,
                98.75,
                98.95833333333334,
                98.33333333333333,
                98.4375,
                98.4375,
                98.4375,
                98.54166666666667,
                97.70833333333334,
                98.125,
                99.27083333333334,
                98.54166666666669,
                98.02083333333331,
                98.02083333333334,
                98.33333333333334,
                98.125,
                98.4375,
                98.4375,
                98.85416666666667,
                98.64583333333334,
                98.4375,
                98.85416666666666,
                99.47916666666669,
                98.54166666666666,
                98.85416666666666,
                98.54166666666666,
                97.08333333333333,
                97.70833333333333,
                97.39583333333334,
                96.66666666666667,
                97.60416666666666,
                97.60416666666666,
                97.8125,
                96.45833333333334,
                92.60416666666666,
                92.8125,
                91.04166666666666,
                88.4375,
                88.75,
                88.75,
                88.33333333333333,
                80.20833333333334,
                75.0,
                70.83333333333334,
                67.1875,
                63.85416666666667,
                61.875,
                58.95833333333333,
                54.89583333333333,
                52.5,
                48.64583333333333,
                46.14583333333333,
                44.479166666666664,
                42.1875,
                37.5,
                35.0,
                32.395833333333336,
                29.895833333333336,
                27.395833333333336,
                25.0,
                20.9375,
                19.270833333333332,
                13.854166666666666,
                13.4375,
                9.895833333333334,
                9.479166666666668,
                8.229166666666668,
                6.979166666666667,
                5.104166666666667,
                3.125,
                1.25,
                1.25,
                0.625,
                0.0,
                0.0,
                0.0,
                0.0,
                0.0,
                0.0,
                0.0,
                0.0,
                0.0,
                0.0,
                0.0,
                0.0,
                0.0,
                0.0,
                0.0,
                0.0,
                0.0,
                0.0,
                0.0,
                0.0,
                0.0,
                0.0,
                0.0,
                0.0,
                0.0,
                0.0,
                0.0,
                0.0,
                0.0,
                0.0,
                0.0,
                0.0,
                0.0,
                0.0,
                0.0,
                0.0,
                0.0,
                0.0,
                0.0,
                0.0,
                0.0,
                0.0,
                0.0,
                0.0,
                0.0,
                0.0,
                0.0,
                0.0,
                0.0,
                0.0,
                0.0,
                0.0,
                0.0,
                0.0,
                0.0,
                0.0,
                0.0,
                0.0,
                0.0,
                0.0,
                0.0,
                0.0
            ]
        },
        "lWaitAndOverdue": [
            [
                0,
                2,
                0,
                0
            ],
            [
                0,
                4,
                14,
                0
            ],
            [
                0,
                4,
                14,
                0
            ],
            [
                0,
                4,
                14,
                0
            ],
            [
                0,
                2,
                0,
                0
            ],
            [
                0,
                4,
                14,
                0
            ],
            [
                0,
                4,
                14,
                0
            ],
            [
                0,
                2,
                2,
                0
            ],
            [
                1,
                3,
                7,
                0
            ],
            [
                1,
                2,
                2,
                0
            ],
            [
                1,
                2,
                0,
                0
            ],
            [
                1,
                4,
                14,
                0
            ],
            [
                1,
                4,
                14,
                0
            ],
            [
                1,
                4,
                14,
                0
            ],
            [
                1,
                4,
                14,
                0
            ],
            [
                1,
                4,
                14,
                0
            ],
            [
                1,
                4,
                14,
                0
            ],
            [
                2,
                4,
                14,
                0
            ],
            [
                2,
                2,
                1,
                0
            ],
            [
                2,
                4,
                14,
                0
            ],
            [
                2,
                2,
                2,
                0
            ],
            [
                2,
                2,
                0,
                0
            ],
            [
                2,
                2,
                0,
                0
            ],
            [
                2,
                3,
                7,
                0
            ],
            [
                2,
                3,
                7,
                0
            ],
            [
                2,
                3,
                7,
                0
            ],
            [
                3,
                3,
                7,
                0
            ],
            [
                3,
                3,
                14,
                0
            ],
            [
                3,
                2,
                1,
                0
            ],
            [
                3,
                2,
                1,
                0
            ],
            [
                3,
                2,
                0,
                0
            ],
            [
                3,
                2,
                4,
                0
            ],
            [
                3,
                2,
                0,
                0
            ],
            [
                3,
                2,
                1,
                0
            ],
            [
                3,
                2,
                1,
                0
            ],
            [
                3,
                2,
                4,
                0
            ],
            [
                3,
                3,
                18,
                4
            ],
            [
                3,
                3,
                7,
                0
            ],
            [
                3,
                4,
                20,
                0
            ],
            [
                3,
                2,
                0,
                0
            ],
            [
                3,
                2,
                4,
                0
            ],
            [
                3,
                3,
                14,
                0
            ],
            [
                4,
                3,
                28,
                14
            ],
            [
                4,
                2,
                4,
                0
            ],
            [
                4,
                2,
                0,
                0
            ],
            [
                4,
                3,
                28,
                14
            ],
            [
                4,
                3,
                31,
                17
            ],
            [
                4,
                3,
                31,
                17
            ],
            [
                4,
                4,
                31,
                3
            ],
            [
                4,
                3,
                31,
                17
            ],
            [
                4,
                4,
                31,
                3
            ],
            [
                4,
                2,
                3,
                0
            ],
            [
                4,
                3,
                32,
                18
            ],
            [
                4,
                2,
                0,
                0
            ],
            [
                4,
                3,
                32,
                18
            ],
            [
                4,
                2,
                0,
                0
            ],
            [
                4,
                3,
                32,
                18
            ],
            [
                4,
                4,
                14,
                0
            ],
            [
                4,
                2,
                3,
                0
            ],
            [
                4,
                2,
                4,
                0
            ],
            [
                5,
                4,
                29,
                1
            ],
            [
                5,
                3,
                29,
                15
            ],
            [
                5,
                3,
                29,
                15
            ],
            [
                5,
                3,
                29,
                15
            ],
            [
                5,
                3,
                29,
                15
            ],
            [
                5,
                3,
                16,
                2
            ],
            [
                5,
                3,
                30,
                16
            ],
            [
                5,
                3,
                30,
                16
            ],
            [
                5,
                2,
                0,
                0
            ],
            [
                5,
                3,
                30,
                16
            ],
            [
                5,
                3,
                30,
                16
            ],
            [
                5,
                2,
                2,
                0
            ],
            [
                5,
                3,
                30,
                16
            ],
            [
                5,
                3,
                31,
                17
            ],
            [
                5,
                4,
                23,
                0
            ],
            [
                5,
                2,
                2,
                0
            ],
            [
                6,
                4,
                29,
                1
            ],
            [
                6,
                4,
                29,
                1
            ],
            [
                6,
                3,
                29,
                15
            ],
            [
                6,
                2,
                0,
                0
            ],
            [
                6,
                4,
                30,
                2
            ],
            [
                6,
                2,
                0,
                0
            ],
            [
                6,
                4,
                30,
                2
            ],
            [
                6,
                3,
                30,
                16
            ],
            [
                6,
                1,
                0,
                0
            ],
            [
                6,
                3,
                30,
                16
            ],
            [
                6,
                3,
                30,
                16
            ],
            [
                6,
                3,
                31,
                17
            ],
            [
                6,
                2,
                0,
                0
            ],
            [
                6,
                2,
                2,
                0
            ],
            [
                6,
                2,
                2,
                0
            ],
            [
                7,
                3,
                30,
                16
            ],
            [
                7,
                3,
                30,
                16
            ],
            [
                7,
                3,
                30,
                16
            ],
            [
                7,
                3,
                30,
                16
            ],
            [
                7,
                4,
                30,
                2
            ],
            [
                7,
                4,
                30,
                2
            ],
            [
                7,
                3,
                33,
                19
            ],
            [
                7,
                2,
                2,
                0
            ],
            [
                7,
                3,
                33,
                19
            ],
            [
                7,
                3,
                34,
                20
            ],
            [
                7,
                4,
                34,
                6
            ],
            [
                7,
                2,
                0,
                0
            ],
            [
                7,
                3,
                34,
                20
            ],
            [
                7,
                4,
                34,
                6
            ],
            [
                7,
                4,
                34,
                6
            ],
            [
                7,
                2,
                2,
                0
            ],
            [
                8,
                4,
                33,
                5
            ],
            [
                8,
                2,
                5,
                1
            ],
            [
                8,
                4,
                33,
                5
            ],
            [
                8,
                4,
                33,
                5
            ],
            [
                8,
                4,
                33,
                5
            ],
            [
                8,
                4,
                33,
                5
            ],
            [
                8,
                4,
                33,
                5
            ],
            [
                8,
                4,
                33,
                5
            ],
            [
                8,
                4,
                34,
                6
            ],
            [
                8,
                3,
                34,
                20
            ],
            [
                9,
                2,
                33,
                29
            ],
            [
                9,
                2,
                5,
                1
            ],
            [
                9,
                3,
                33,
                19
            ],
            [
                9,
                4,
                19,
                0
            ],
            [
                9,
                3,
                34,
                20
            ],
            [
                9,
                3,
                34,
                20
            ],
            [
                9,
                3,
                34,
                20
            ],
            [
                9,
                4,
                34,
                6
            ],
            [
                9,
                3,
                34,
                20
            ],
            [
                9,
                3,
                34,
                20
            ],
            [
                9,
                2,
                5,
                1
            ],
            [
                9,
                2,
                6,
                2
            ],
            [
                10,
                2,
                4,
                2
            ],
            [
                10,
                4,
                31,
                3
            ],
            [
                10,
                3,
                31,
                17
            ],
            [
                10,
                2,
                7,
                5
            ],
            [
                10,
                3,
                31,
                17
            ],
            [
                10,
                3,
                32,
                18
            ],
            [
                10,
                2,
                7,
                5
            ],
            [
                10,
                2,
                14,
                12
            ],
            [
                10,
                3,
                31,
                17
            ],
            [
                10,
                2,
                15,
                13
            ],
            [
                11,
                2,
                2,
                0
            ],
            [
                11,
                2,
                0,
                0
            ],
            [
                11,
                3,
                31,
                17
            ],
            [
                11,
                2,
                6,
                4
            ],
            [
                11,
                4,
                31,
                3
            ],
            [
                11,
                2,
                13,
                11
            ],
            [
                11,
                3,
                31,
                17
            ],
            [
                11,
                2,
                17,
                15
            ],
            [
                11,
                3,
                34,
                20
            ],
            [
                11,
                3,
                34,
                20
            ],
            [
                11,
                4,
                34,
                6
            ],
            [
                11,
                4,
                35,
                7
            ],
            [
                11,
                2,
                14,
                12
            ],
            [
                11,
                3,
                35,
                21
            ],
            [
                12,
                3,
                34,
                20
            ],
            [
                12,
                4,
                34,
                6
            ],
            [
                12,
                2,
                1,
                0
            ],
            [
                12,
                2,
                19,
                17
            ],
            [
                12,
                2,
                9,
                7
            ],
            [
                12,
                2,
                20,
                18
            ],
            [
                12,
                2,
                14,
                12
            ],
            [
                12,
                4,
                34,
                6
            ],
            [
                12,
                3,
                34,
                20
            ],
            [
                13,
                3,
                33,
                19
            ],
            [
                13,
                4,
                33,
                5
            ],
            [
                13,
                2,
                19,
                15
            ],
            [
                13,
                2,
                20,
                16
            ],
            [
                13,
                3,
                33,
                19
            ],
            [
                13,
                4,
                33,
                5
            ],
            [
                13,
                4,
                34,
                6
            ],
            [
                13,
                2,
                19,
                15
            ],
            [
                13,
                2,
                21,
                17
            ],
            [
                14,
                2,
                21,
                17
            ],
            [
                14,
                2,
                24,
                20
            ],
            [
                14,
                2,
                20,
                16
            ],
            [
                14,
                3,
                33,
                19
            ],
            [
                14,
                2,
                24,
                20
            ],
            [
                14,
                3,
                33,
                19
            ],
            [
                14,
                4,
                34,
                6
            ],
            [
                14,
                4,
                34,
                6
            ],
            [
                14,
                4,
                34,
                6
            ],
            [
                14,
                3,
                34,
                20
            ],
            [
                14,
                1,
                25,
                25
            ],
            [
                14,
                2,
                25,
                21
            ],
            [
                14,
                2,
                25,
                21
            ],
            [
                14,
                2,
                25,
                21
            ],
            [
                15,
                2,
                23,
                21
            ],
            [
                15,
                3,
                31,
                17
            ],
            [
                15,
                3,
                32,
                18
            ],
            [
                15,
                3,
                32,
                18
            ],
            [
                15,
                4,
                32,
                4
            ],
            [
                15,
                2,
                22,
                20
            ],
            [
                15,
                2,
                24,
                22
            ],
            [
                15,
                2,
                25,
                23
            ],
            [
                15,
                2,
                28,
                26
            ],
            [
                15,
                4,
                32,
                4
            ],
            [
                15,
                3,
                32,
                18
            ],
            [
                15,
                3,
                32,
                18
            ],
            [
                15,
                3,
                32,
                18
            ],
            [
                16,
                2,
                22,
                20
            ],
            [
                16,
                3,
                31,
                17
            ],
            [
                16,
                2,
                24,
                22
            ],
            [
                16,
                3,
                31,
                17
            ],
            [
                16,
                2,
                27,
                25
            ],
            [
                16,
                2,
                27,
                25
            ],
            [
                16,
                3,
                31,
                17
            ],
            [
                16,
                3,
                31,
                17
            ],
            [
                16,
                2,
                28,
                26
            ],
            [
                17,
                4,
                30,
                2
            ],
            [
                17,
                4,
                30,
                2
            ],
            [
                17,
                4,
                33,
                5
            ],
            [
                17,
                4,
                33,
                5
            ],
            [
                17,
                4,
                33,
                5
            ],
            [
                17,
                4,
                33,
                5
            ],
            [
                17,
                3,
                33,
                19
            ],
            [
                17,
                2,
                28,
                26
            ],
            [
                17,
                4,
                33,
                5
            ],
            [
                17,
                2,
                27,
                25
            ],
            [
                18,
                4,
                32,
                4
            ],
            [
                18,
                2,
                27,
                23
            ],
            [
                18,
                3,
                32,
                18
            ],
            [
                18,
                3,
                32,
                18
            ],
            [
                18,
                3,
                28,
                14
            ],
            [
                18,
                4,
                32,
                4
            ],
            [
                18,
                2,
                26,
                22
            ],
            [
                18,
                2,
                28,
                24
            ],
            [
                18,
                2,
                27,
                23
            ],
            [
                18,
                2,
                28,
                24
            ],
            [
                19,
                3,
                32,
                18
            ],
            [
                19,
                4,
                32,
                4
            ],
            [
                19,
                3,
                32,
                18
            ],
            [
                19,
                2,
                27,
                23
            ],
            [
                19,
                3,
                33,
                19
            ],
            [
                19,
                4,
                32,
                4
            ],
            [
                19,
                4,
                32,
                4
            ],
            [
                19,
                2,
                27,
                23
            ],
            [
                19,
                4,
                32,
                4
            ],
            [
                19,
                2,
                28,
                24
            ],
            [
                19,
                4,
                33,
                5
            ],
            [
                19,
                3,
                32,
                18
            ],
            [
                19,
                2,
                28,
                24
            ],
            [
                19,
                2,
                28,
                24
            ],
            [
                19,
                3,
                33,
                19
            ],
            [
                19,
                2,
                28,
                24
            ],
            [
                19,
                2,
                28,
                24
            ],
            [
                19,
                3,
                33,
                19
            ],
            [
                20,
                3,
                30,
                16
            ],
            [
                20,
                2,
                28,
                26
            ],
            [
                20,
                2,
                28,
                26
            ],
            [
                20,
                2,
                28,
                26
            ],
            [
                20,
                3,
                31,
                17
            ],
            [
                20,
                2,
                25,
                23
            ],
            [
                20,
                4,
                29,
                1
            ],
            [
                20,
                3,
                31,
                17
            ],
            [
                20,
                3,
                31,
                17
            ],
            [
                20,
                4,
                31,
                3
            ],
            [
                21,
                3,
                30,
                16
            ],
            [
                21,
                2,
                27,
                25
            ],
            [
                21,
                3,
                31,
                17
            ],
            [
                21,
                3,
                31,
                17
            ],
            [
                21,
                3,
                30,
                16
            ],
            [
                21,
                3,
                31,
                17
            ],
            [
                21,
                4,
                31,
                3
            ],
            [
                21,
                4,
                31,
                3
            ],
            [
                21,
                4,
                31,
                3
            ],
            [
                21,
                4,
                31,
                3
            ],
            [
                21,
                4,
                31,
                3
            ],
            [
                21,
                2,
                28,
                26
            ],
            [
                21,
                2,
                28,
                26
            ],
            [
                21,
                4,
                34,
                6
            ],
            [
                21,
                3,
                31,
                17
            ],
            [
                21,
                2,
                28,
                26
            ],
            [
                21,
                3,
                34,
                20
            ],
            [
                22,
                3,
                33,
                19
            ],
            [
                22,
                3,
                30,
                16
            ],
            [
                22,
                3,
                30,
                16
            ],
            [
                22,
                4,
                33,
                5
            ],
            [
                22,
                4,
                33,
                5
            ],
            [
                22,
                4,
                33,
                5
            ],
            [
                22,
                2,
                27,
                25
            ],
            [
                22,
                4,
                34,
                6
            ],
            [
                22,
                3,
                34,
                20
            ],
            [
                22,
                3,
                34,
                20
            ],
            [
                22,
                4,
                34,
                6
            ],
            [
                22,
                3,
                34,
                20
            ],
            [
                23,
                2,
                26,
                22
            ],
            [
                23,
                3,
                33,
                19
            ],
            [
                23,
                4,
                34,
                6
            ],
            [
                23,
                2,
                27,
                23
            ],
            [
                23,
                2,
                27,
                23
            ],
            [
                23,
                4,
                34,
                6
            ],
            [
                23,
                4,
                34,
                6
            ],
            [
                23,
                4,
                34,
                6
            ],
            [
                23,
                2,
                27,
                23
            ],
            [
                23,
                3,
                34,
                20
            ],
            [
                23,
                3,
                34,
                20
            ],
            [
                23,
                3,
                34,
                20
            ],
            [
                23,
                4,
                35,
                7
            ],
            [
                23,
                2,
                25,
                21
            ],
            [
                23,
                2,
                27,
                23
            ],
            [
                23,
                2,
                27,
                23
            ],
            [
                23,
                3,
                35,
                21
            ],
            [
                24,
                4,
                34,
                6
            ],
            [
                24,
                2,
                26,
                22
            ],
            [
                24,
                4,
                34,
                6
            ],
            [
                24,
                4,
                34,
                6
            ],
            [
                24,
                2,
                27,
                23
            ],
            [
                24,
                3,
                34,
                20
            ],
            [
                24,
                4,
                34,
                6
            ],
            [
                24,
                3,
                34,
                20
            ],
            [
                24,
                3,
                34,
                20
            ],
            [
                24,
                2,
                26,
                22
            ],
            [
                24,
                4,
                34,
                6
            ],
            [
                25,
                3,
                32,
                18
            ],
            [
                25,
                2,
                24,
                22
            ],
            [
                25,
                3,
                32,
                18
            ],
            [
                25,
                2,
                25,
                23
            ],
            [
                25,
                4,
                35,
                7
            ],
            [
                25,
                4,
                31,
                3
            ],
            [
                25,
                4,
                32,
                4
            ],
            [
                25,
                4,
                32,
                4
            ],
            [
                26,
                4,
                34,
                6
            ],
            [
                26,
                4,
                34,
                6
            ],
            [
                26,
                3,
                34,
                20
            ],
            [
                26,
                4,
                34,
                6
            ],
            [
                26,
                3,
                35,
                21
            ],
            [
                26,
                2,
                22,
                20
            ],
            [
                26,
                2,
                23,
                21
            ],
            [
                26,
                2,
                24,
                22
            ],
            [
                26,
                2,
                23,
                21
            ],
            [
                26,
                2,
                27,
                25
            ],
            [
                27,
                4,
                33,
                5
            ],
            [
                27,
                3,
                33,
                19
            ],
            [
                27,
                4,
                34,
                6
            ],
            [
                27,
                2,
                26,
                24
            ],
            [
                27,
                4,
                34,
                6
            ],
            [
                27,
                4,
                34,
                6
            ],
            [
                27,
                2,
                27,
                25
            ],
            [
                27,
                4,
                35,
                7
            ],
            [
                27,
                2,
                27,
                25
            ],
            [
                27,
                2,
                27,
                25
            ],
            [
                27,
                4,
                35,
                7
            ],
            [
                27,
                4,
                35,
                7
            ],
            [
                28,
                2,
                25,
                21
            ],
            [
                28,
                3,
                34,
                20
            ],
            [
                28,
                3,
                34,
                20
            ],
            [
                28,
                4,
                34,
                6
            ],
            [
                28,
                2,
                26,
                22
            ],
            [
                28,
                2,
                27,
                23
            ],
            [
                28,
                2,
                27,
                23
            ],
            [
                28,
                3,
                34,
                20
            ],
            [
                28,
                4,
                36,
                8
            ],
            [
                28,
                2,
                27,
                23
            ],
            [
                28,
                4,
                36,
                8
            ],
            [
                28,
                3,
                35,
                21
            ],
            [
                28,
                2,
                27,
                23
            ],
            [
                28,
                3,
                39,
                25
            ],
            [
                28,
                2,
                27,
                23
            ],
            [
                28,
                3,
                36,
                22
            ],
            [
                29,
                2,
                27,
                23
            ],
            [
                29,
                3,
                34,
                20
            ],
            [
                29,
                2,
                27,
                23
            ],
            [
                29,
                2,
                27,
                23
            ],
            [
                29,
                2,
                27,
                23
            ],
            [
                29,
                3,
                35,
                21
            ],
            [
                29,
                3,
                35,
                21
            ],
            [
                29,
                2,
                27,
                23
            ],
            [
                29,
                3,
                38,
                24
            ],
            [
                29,
                2,
                31,
                27
            ],
            [
                29,
                3,
                35,
                21
            ],
            [
                29,
                4,
                38,
                10
            ],
            [
                29,
                3,
                38,
                24
            ],
            [
                29,
                2,
                27,
                23
            ]
        ],
        "lWaitDayByPriority": [
            9397,
            25,
            2309,
            3847,
            3216
        ],
        "objval": 2601.8857741655006,
        "std_occupancy": 44.52519578728243
    },
    "runtime": 3.077519655227661,
    "simdays": 150,
    "solver": "daily_greedy"
}