{
    "arrivalrate": 12.0,
    "ins_name": 345,
    "ins_path": "/ssd6/san/software/RTSP-scheduling/data/8linacs/lambda12.0/data",
    "lNoNewPatients": [
        372,
        2,
        137,
        126,
        107
    ],
    "lNoPatients": [
        655,
        2,
        146,
        299,
        208
    ],
    "lNoSections": [
        5123,
        3,
        389,
        2508,
        2223
    ],
    "mipgap": 1.0,
    "noLinacs": 8,
    "noSlotsPerDay": 120,
    "planningHorizon": 80,
    "runresult": {
        "avg_occupancy": 43.139583333333334,
        "feasibility": true,
        "lAvgLateDayByPriority": [
            12.405913978494624,
            12.5,
            14.671532846715328,
            17.00793650793651,
            4.08411214953271
        ],
        "lAvgWaitDayByPriority": [
            25.46505376344086,
            12.5,
            17.16788321167883,
            30.8015873015873,
            30.046728971962615
        ],
        "lLateDayByPriority": [
            4615,
            25,
            2010,
            2143,
            437
        ],
        "lOccupancy": {
            "0": [
                0.0,
                0.0,
                0.0,
                0.0,
                0.0,
                0.0,
                0.625,
                0.625,
                0.0,
                0.0,
                0.0,
                0.0,
                0.0,
                0.0,
                0.0,
                0.0,
                0.0,
                0.0,
                0.0,
                0.0,
                0.0,
                0.0,
                0.0,
                0.0,
                0.0,
                0.0,
                0.0,
                0.0,
                0.0,
                0.0,
                0.0,
                0.625,
                0.0,
                0.0,
                0.0,
                0.0,
                0.0,
                0.0,
                0.0,
                0.0,
                0.0,
                0.0,
                0.0,
                0.0,
                0.0,
                0.0,
                0.0,
                0.0,
                0.0,
                0.0,
                0.0,
                0.0,
                0.0,
                0.0,
                0.0,
                0.0,
                0.0,
                0.0,
                0.0,
                0.0,
                0.0,
                0.0,
                0.0,
                0.0,
                0.0,
                0.0,
                0.0,
                0.0,
                0.0,
                0.0,
                0.0,
                0.0,
                0.0,
                0.0,
                0.0,
                0.0,
                0.0,
                0.0,
                0.0,
                0.0,
                0.0,
                0.0,
                0.0,
                0.0,
                0.0,
                0.0,
                0.0,
                0.0,
                0.0,
                0.0,
                0.0,
                0.0,
                0.0,
                0.0,
                0.0,
                0.0,
                0.0,
                0.0,
                0.0,
                0.0,
                0.0,
                0.0,
                0.0,
                0.0,
                0.0,
                0.0,
                0.0,
                0.0,
                0.0,
                0.0,
                0.0,
                0.0,
                0.0,
                0.0,
                0.0,
                0.0,
                0.0,
                0.0,
                0.0,
                0.0,
                0.0,
                0.0,
                0.0,
                0.0,
                0.0,
                0.0,
                0.0,
                0.0,
                0.0,
                0.0,
                0.0,
                0.0,
                0.0,
                0.0,
                0.0,
                0.0,
                0.0,
                0.0,
                0.0,
                0.0,
                0.0,
                0.0,
                0.0,
                0.0,
                0.0,
                0.0,
                0.0,
                0.0,
                0.0,
                0.0
            ],
            "1": [
                6.041666666666667,
                10.0,
                6.145833333333333,
                9.375,
                13.958333333333334,
                12.1875,
                12.083333333333334,
                12.708333333333332,
                10.208333333333334,
                8.645833333333334,
                6.5625,
                3.854166666666667,
                2.604166666666667,
                3.229166666666667,
                2.5,
                3.0208333333333335,
                2.604166666666667,
                2.1875,
                2.604166666666667,
                2.604166666666667,
                2.7083333333333335,
                2.604166666666667,
                3.0208333333333335,
                2.1875,
                2.1875,
                2.2916666666666665,
                3.75,
                3.0208333333333335,
                3.5416666666666665,
                3.5416666666666665,
                3.4375000000000004,
                4.895833333333333,
                4.895833333333333,
                5.104166666666667,
                5.208333333333334,
                6.458333333333334,
                5.208333333333334,
                5.208333333333334,
                5.9375,
                8.958333333333334,
                9.583333333333334,
                8.645833333333334,
                9.583333333333334,
                11.875,
                9.791666666666666,
                9.6875,
                10.625,
                10.416666666666668,
                3.6458333333333335,
                2.9166666666666665,
                2.1875,
                3.0208333333333335,
                1.5625,
                0.0,
                0.0,
                0.0,
                0.0,
                0.0,
                0.0,
                0.0,
                0.0,
                0.0,
                0.0,
                0.0,
                0.0,
                0.0,
                0.0,
                0.0,
                0.0,
                0.0,
                0.0,
                0.0,
                0.0,
                0.0,
                0.0,
                0.0,
                0.0,
                0.0,
                0.0,
                0.0,
                0.0,
                0.0,
                0.0,
                0.0,
                0.0,
                0.0,
                0.0,
                0.0,
                0.0,
                0.0,
                0.0,
                0.0,
                0.0,
                0.0,
                0.0,
                0.0,
                0.0,
                0.0,
                0.0,
                0.0,
                0.0,
                0.0,
                0.0,
                0.0,
                0.0,
                0.0,
                0.0,
                0.0,
                0.0,
                0.0,
                0.0,
                0.0,
                0.0,
                0.0,
                0.0,
                0.0,
                0.0,
                0.0,
                0.0,
                0.0,
                0.0,
                0.0,
                0.0,
                0.0,
                0.0,
                0.0,
                0.0,
                0.0,
                0.0,
                0.0,
                0.0,
                0.0,
                0.0,
                0.0,
                0.0,
                0.0,
                0.0,
                0.0,
                0.0,
                0.0,
                0.0,
                0.0,
                0.0,
                0.0,
                0.0,
                0.0,
                0.0,
                0.0,
                0.0,
                0.0
            ],
            "2": [
                54.0625,
                52.916666666666664,
                53.333333333333336,
                52.708333333333336,
                51.66666666666667,
                54.166666666666664,
                58.854166666666664,
                59.583333333333336,
                58.958333333333336,
                60.3125,
                61.145833333333336,
                59.583333333333336,
                57.1875,
                56.666666666666664,
                57.604166666666664,
                60.62499999999999,
                61.875,
                59.583333333333336,
                61.77083333333333,
                60.416666666666664,
                56.97916666666667,
                55.729166666666664,
                56.97916666666667,
                58.333333333333336,
                57.49999999999999,
                60.3125,
                60.520833333333336,
                60.20833333333333,
                59.47916666666667,
                60.3125,
                62.18749999999999,
                57.70833333333333,
                61.04166666666667,
                62.18749999999999,
                63.020833333333336,
                61.979166666666664,
                60.729166666666664,
                60.10416666666667,
                57.395833333333336,
                57.49999999999999,
                54.270833333333336,
                53.85416666666667,
                54.37499999999999,
                55.104166666666664,
                54.166666666666664,
                55.625,
                53.125,
                51.45833333333333,
                47.708333333333336,
                47.39583333333333,
                47.708333333333336,
                46.770833333333336,
                47.91666666666667,
                45.9375,
                47.91666666666667,
                49.166666666666664,
                46.145833333333336,
                40.208333333333336,
                39.58333333333333,
                35.208333333333336,
                32.395833333333336,
                31.041666666666668,
                28.125,
                26.979166666666664,
                25.208333333333332,
                24.583333333333332,
                22.083333333333332,
                22.083333333333332,
                19.6875,
                19.0625,
                17.395833333333332,
                16.145833333333336,
                13.541666666666666,
                13.541666666666666,
                13.541666666666666,
                11.666666666666666,
                10.416666666666668,
                7.395833333333333,
                6.25,
                5.729166666666666,
                5.104166666666667,
                4.479166666666667,
                4.479166666666667,
                3.125,
                3.125,
                1.875,
                1.25,
                1.25,
                0.0,
                0.0,
                0.0,
                0.0,
                0.0,
                0.0,
                0.0,
                0.0,
                0.0,
                0.0,
                0.0,
                0.0,
                0.0,
                0.0,
                0.0,
                0.0,
                0.0,
                0.0,
                0.0,
                0.0,
                0.0,
                0.0,
                0.0,
                0.0,
                0.0,
                0.0,
                0.0,
                0.0,
                0.0,
                0.0,
                0.0,
                0.0,
                0.0,
                0.0,
                0.0,
                0.0,
                0.0,
                0.0,
                0.0,
                0.0,
                0.0,
                0.0,
                0.0,
                0.0,
                0.0,
                0.0,
                0.0,
                0.0,
                0.0,
                0.0,
                0.0,
                0.0,
                0.0,
                0.0,
                0.0,
                0.0,
                0.0,
                0.0,
                0.0,
                0.0,
                0.0,
                0.0
            ],
            "3": [
                28.020833333333332,
                28.020833333333332,
                29.062500000000004,
                29.479166666666668,
                29.583333333333332,
                27.395833333333336,
                24.166666666666668,
                24.479166666666664,
                26.25,
                27.395833333333336,
                29.791666666666668,
                35.104166666666664,
                38.4375,
                39.58333333333333,
                38.75,
                35.41666666666667,
                34.270833333333336,
                36.770833333333336,
                34.479166666666664,
                35.208333333333336,
                38.958333333333336,
                40.520833333333336,
                38.75,
                37.1875,
                38.333333333333336,
                36.5625,
                34.270833333333336,
                34.89583333333333,
                35.0,
                34.166666666666664,
                32.29166666666667,
                35.625,
                32.395833333333336,
                31.354166666666668,
                30.520833333333336,
                30.104166666666664,
                32.083333333333336,
                32.708333333333336,
                34.479166666666664,
                32.1875,
                34.791666666666664,
                35.3125,
                34.375,
                32.083333333333336,
                34.583333333333336,
                33.85416666666667,
                36.145833333333336,
                36.97916666666667,
                39.791666666666664,
                40.729166666666664,
                40.10416666666667,
                40.416666666666664,
                41.25,
                42.395833333333336,
                40.520833333333336,
                39.166666666666664,
                36.041666666666664,
                34.166666666666664,
                32.604166666666664,
                31.979166666666664,
                31.458333333333332,
                30.833333333333336,
                30.208333333333332,
                28.541666666666664,
                25.729166666666664,
                24.479166666666664,
                23.4375,
                22.916666666666664,
                22.916666666666664,
                18.854166666666668,
                18.229166666666664,
                17.604166666666668,
                16.354166666666668,
                13.958333333333334,
                11.458333333333332,
                9.895833333333332,
                9.895833333333332,
                7.708333333333334,
                6.041666666666667,
                4.791666666666667,
                4.375,
                3.75,
                2.5,
                1.25,
                1.25,
                0.0,
                0.0,
                0.0,
                0.0,
                0.0,
                0.0,
                0.0,
                0.0,
                0.0,
                0.0,
                0.0,
                0.0,
                0.0,
                0.0,
                0.0,
                0.0,
                0.0,
                0.0,
                0.0,
                0.0,
                0.0,
                0.0,
                0.0,
                0.0,
                0.0,
                0.0,
                0.0,
                0.0,
                0.0,
                0.0,
                0.0,
                0.0,
                0.0,
                0.0,
                0.0,
                0.0,
                0.0,
                0.0,
                0.0,
                0.0,
                0.0,
                0.0,
                0.0,
                0.0,
                0.0,
                0.0,
                0.0,
                0.0,
                0.0,
                0.0,
                0.0,
                0.0,
                0.0,
                0.0,
                0.0,
                0.0,
                0.0,
                0.0,
                0.0,
                0.0,
                0.0,
                0.0,
                0.0,
                0.0,
                0.0
            ],
            "overall": [
                88.125,
                90.9375,
                88.54166666666667,
                91.5625,
                95.20833333333333,
                93.75,
                95.72916666666667,
                97.39583333333334,
                95.41666666666667,
                96.35416666666666,
                97.50000000000001,
                98.54166666666666,
                98.22916666666666,
                99.47916666666666,
                98.85416666666666,
                99.0625,
                98.75,
                98.54166666666667,
                98.85416666666666,
                98.22916666666666,
                98.64583333333334,
                98.85416666666666,
                98.75,
                97.70833333333334,
                98.02083333333333,
                99.16666666666666,
                98.54166666666669,
                98.125,
                98.02083333333334,
                98.02083333333333,
                97.91666666666667,
                98.85416666666666,
                98.33333333333334,
                98.64583333333333,
                98.75,
                98.54166666666666,
                98.02083333333334,
                98.02083333333334,
                97.8125,
                98.64583333333333,
                98.64583333333334,
                97.8125,
                98.33333333333333,
                99.0625,
                98.54166666666666,
                99.16666666666667,
                99.89583333333334,
                98.85416666666667,
                91.14583333333334,
                91.04166666666666,
                90.0,
                90.20833333333334,
                90.72916666666667,
                88.33333333333334,
                88.4375,
                88.33333333333333,
                82.1875,
                74.375,
                72.1875,
                67.1875,
                63.85416666666667,
                61.875,
                58.33333333333333,
                55.52083333333333,
                50.9375,
                49.0625,
                45.52083333333333,
                45.0,
                42.604166666666664,
                37.91666666666667,
                35.625,
                33.75,
                29.895833333333336,
                27.5,
                25.0,
                21.5625,
                20.3125,
                15.104166666666668,
                12.291666666666668,
                10.520833333333332,
                9.479166666666668,
                8.229166666666668,
                6.979166666666667,
                4.375,
                4.375,
                1.875,
                1.25,
                1.25,
                0.0,
                0.0,
                0.0,
                0.0,
                0.0,
                0.0,
                0.0,
                0.0,
                0.0,
                0.0,
                0.0,
                0.0,
                0.0,
                0.0,
                0.0,
                0.0,
                0.0,
                0.0,
                0.0,
                0.0,
                0.0,
                0.0,
                0.0,
                0.0,
                0.0,
                0.0,
                0.0,
                0.0,
                0.0,
                0.0,
                0.0,
                0.0,
                0.0,
                0.0,
                0.0,
                0.0,
                0.0,
                0.0,
                0.0,
                0.0,
                0.0,
                0.0,
                0.0,
                0.0,
                0.0,
                0.0,
                0.0,
                0.0,
                0.0,
                0.0,
                0.0,
                0.0,
                0.0,
                0.0,
                0.0,
                0.0,
                0.0,
                0.0,
                0.0,
                0.0,
                0.0,
                0.0
            ]
        },
        "lWaitAndOverdue": [
            [
                0,
                2,
                0,
                0
            ],
            [
                0,
                4,
                14,
                0
            ],
            [
                0,
                4,
                14,
                0
            ],
            [
                0,
                4,
                14,
                0
            ],
            [
                0,
                2,
                0,
                0
            ],
            [
                0,
                4,
                14,
                0
            ],
            [
                0,
                4,
                14,
                0
            ],
            [
                0,
                2,
                2,
                0
            ],
            [
                1,
                3,
                10,
                0
            ],
            [
                1,
                2,
                2,
                0
            ],
            [
                1,
                2,
                0,
                0
            ],
            [
                1,
                4,
                14,
                0
            ],
            [
                1,
                4,
                14,
                0
            ],
            [
                1,
                4,
                14,
                0
            ],
            [
                1,
                4,
                14,
                0
            ],
            [
                1,
                4,
                14,
                0
            ],
            [
                1,
                4,
                14,
                0
            ],
            [
                2,
                4,
                14,
                0
            ],
            [
                2,
                2,
                1,
                0
            ],
            [
                2,
                4,
                14,
                0
            ],
            [
                2,
                2,
                2,
                0
            ],
            [
                2,
                2,
                0,
                0
            ],
            [
                2,
                2,
                0,
                0
            ],
            [
                2,
                3,
                9,
                0
            ],
            [
                2,
                3,
                8,
                0
            ],
            [
                2,
                3,
                12,
                0
            ],
            [
                3,
                3,
                13,
                0
            ],
            [
                3,
                3,
                13,
                0
            ],
            [
                3,
                2,
                1,
                0
            ],
            [
                3,
                2,
                1,
                0
            ],
            [
                3,
                2,
                0,
                0
            ],
            [
                3,
                2,
                4,
                0
            ],
            [
                3,
                2,
                0,
                0
            ],
            [
                3,
                2,
                1,
                0
            ],
            [
                3,
                2,
                1,
                0
            ],
            [
                3,
                2,
                4,
                0
            ],
            [
                3,
                3,
                18,
                4
            ],
            [
                3,
                3,
                7,
                0
            ],
            [
                3,
                4,
                20,
                0
            ],
            [
                3,
                2,
                0,
                0
            ],
            [
                3,
                2,
                4,
                0
            ],
            [
                3,
                3,
                14,
                0
            ],
            [
                4,
                3,
                28,
                14
            ],
            [
                4,
                2,
                4,
                0
            ],
            [
                4,
                2,
                0,
                0
            ],
            [
                4,
                3,
                28,
                14
            ],
            [
                4,
                3,
                31,
                17
            ],
            [
                4,
                3,
                31,
                17
            ],
            [
                4,
                4,
                31,
                3
            ],
            [
                4,
                3,
                31,
                17
            ],
            [
                4,
                4,
                31,
                3
            ],
            [
                4,
                2,
                3,
                0
            ],
            [
                4,
                3,
                32,
                18
            ],
            [
                4,
                2,
                0,
                0
            ],
            [
                4,
                3,
                32,
                18
            ],
            [
                4,
                2,
                0,
                0
            ],
            [
                4,
                3,
                32,
                18
            ],
            [
                4,
                4,
                14,
                0
            ],
            [
                4,
                2,
                3,
                0
            ],
            [
                4,
                2,
                4,
                0
            ],
            [
                5,
                4,
                29,
                1
            ],
            [
                5,
                3,
                29,
                15
            ],
            [
                5,
                3,
                29,
                15
            ],
            [
                5,
                3,
                29,
                15
            ],
            [
                5,
                3,
                29,
                15
            ],
            [
                5,
                3,
                16,
                2
            ],
            [
                5,
                3,
                30,
                16
            ],
            [
                5,
                3,
                30,
                16
            ],
            [
                5,
                2,
                0,
                0
            ],
            [
                5,
                3,
                30,
                16
            ],
            [
                5,
                3,
                30,
                16
            ],
            [
                5,
                2,
                2,
                0
            ],
            [
                5,
                3,
                30,
                16
            ],
            [
                5,
                3,
                31,
                17
            ],
            [
                5,
                4,
                23,
                0
            ],
            [
                5,
                2,
                2,
                0
            ],
            [
                6,
                4,
                29,
                1
            ],
            [
                6,
                4,
                29,
                1
            ],
            [
                6,
                3,
                29,
                15
            ],
            [
                6,
                2,
                0,
                0
            ],
            [
                6,
                4,
                30,
                2
            ],
            [
                6,
                2,
                0,
                0
            ],
            [
                6,
                4,
                30,
                2
            ],
            [
                6,
                3,
                30,
                16
            ],
            [
                6,
                1,
                0,
                0
            ],
            [
                6,
                3,
                30,
                16
            ],
            [
                6,
                3,
                30,
                16
            ],
            [
                6,
                3,
                31,
                17
            ],
            [
                6,
                2,
                0,
                0
            ],
            [
                6,
                2,
                7,
                5
            ],
            [
                6,
                2,
                1,
                0
            ],
            [
                7,
                3,
                30,
                16
            ],
            [
                7,
                3,
                30,
                16
            ],
            [
                7,
                3,
                30,
                16
            ],
            [
                7,
                3,
                30,
                16
            ],
            [
                7,
                4,
                30,
                2
            ],
            [
                7,
                4,
                30,
                2
            ],
            [
                7,
                3,
                33,
                19
            ],
            [
                7,
                2,
                0,
                0
            ],
            [
                7,
                3,
                33,
                19
            ],
            [
                7,
                3,
                34,
                20
            ],
            [
                7,
                4,
                34,
                6
            ],
            [
                7,
                2,
                6,
                4
            ],
            [
                7,
                3,
                34,
                20
            ],
            [
                7,
                4,
                34,
                6
            ],
            [
                7,
                4,
                34,
                6
            ],
            [
                7,
                2,
                0,
                0
            ],
            [
                8,
                4,
                33,
                5
            ],
            [
                8,
                2,
                6,
                2
            ],
            [
                8,
                4,
                33,
                5
            ],
            [
                8,
                4,
                33,
                5
            ],
            [
                8,
                4,
                33,
                5
            ],
            [
                8,
                4,
                33,
                5
            ],
            [
                8,
                4,
                33,
                5
            ],
            [
                8,
                4,
                33,
                5
            ],
            [
                8,
                4,
                34,
                6
            ],
            [
                8,
                3,
                34,
                20
            ],
            [
                9,
                2,
                0,
                0
            ],
            [
                9,
                2,
                0,
                0
            ],
            [
                9,
                3,
                33,
                19
            ],
            [
                9,
                4,
                19,
                0
            ],
            [
                9,
                3,
                33,
                19
            ],
            [
                9,
                3,
                33,
                19
            ],
            [
                9,
                3,
                33,
                19
            ],
            [
                9,
                4,
                34,
                6
            ],
            [
                9,
                3,
                34,
                20
            ],
            [
                9,
                3,
                34,
                20
            ],
            [
                9,
                2,
                6,
                2
            ],
            [
                9,
                2,
                10,
                6
            ],
            [
                10,
                2,
                9,
                7
            ],
            [
                10,
                4,
                31,
                3
            ],
            [
                10,
                3,
                31,
                17
            ],
            [
                10,
                2,
                8,
                6
            ],
            [
                10,
                3,
                31,
                17
            ],
            [
                10,
                3,
                31,
                17
            ],
            [
                10,
                2,
                10,
                8
            ],
            [
                10,
                2,
                15,
                13
            ],
            [
                10,
                3,
                31,
                17
            ],
            [
                10,
                2,
                16,
                14
            ],
            [
                11,
                2,
                2,
                0
            ],
            [
                11,
                2,
                6,
                4
            ],
            [
                11,
                3,
                31,
                17
            ],
            [
                11,
                2,
                9,
                7
            ],
            [
                11,
                4,
                31,
                3
            ],
            [
                11,
                2,
                16,
                14
            ],
            [
                11,
                3,
                31,
                17
            ],
            [
                11,
                2,
                20,
                18
            ],
            [
                11,
                3,
                35,
                21
            ],
            [
                11,
                3,
                34,
                20
            ],
            [
                11,
                4,
                34,
                6
            ],
            [
                11,
                4,
                34,
                6
            ],
            [
                11,
                2,
                17,
                15
            ],
            [
                11,
                3,
                34,
                20
            ],
            [
                12,
                3,
                34,
                20
            ],
            [
                12,
                4,
                34,
                6
            ],
            [
                12,
                2,
                6,
                4
            ],
            [
                12,
                2,
                20,
                18
            ],
            [
                12,
                2,
                14,
                12
            ],
            [
                12,
                2,
                22,
                20
            ],
            [
                12,
                2,
                12,
                10
            ],
            [
                12,
                4,
                34,
                6
            ],
            [
                12,
                3,
                34,
                20
            ],
            [
                13,
                3,
                33,
                19
            ],
            [
                13,
                4,
                33,
                5
            ],
            [
                13,
                2,
                19,
                15
            ],
            [
                13,
                2,
                21,
                17
            ],
            [
                13,
                3,
                33,
                19
            ],
            [
                13,
                4,
                33,
                5
            ],
            [
                13,
                4,
                34,
                6
            ],
            [
                13,
                2,
                21,
                17
            ],
            [
                13,
                2,
                22,
                18
            ],
            [
                14,
                2,
                25,
                21
            ],
            [
                14,
                2,
                26,
                22
            ],
            [
                14,
                2,
                21,
                17
            ],
            [
                14,
                3,
                33,
                19
            ],
            [
                14,
                2,
                24,
                20
            ],
            [
                14,
                3,
                34,
                20
            ],
            [
                14,
                4,
                34,
                6
            ],
            [
                14,
                4,
                34,
                6
            ],
            [
                14,
                4,
                34,
                6
            ],
            [
                14,
                3,
                34,
                20
            ],
            [
                14,
                1,
                25,
                25
            ],
            [
                14,
                2,
                25,
                21
            ],
            [
                14,
                2,
                25,
                21
            ],
            [
                14,
                2,
                27,
                23
            ],
            [
                15,
                2,
                24,
                22
            ],
            [
                15,
                3,
                31,
                17
            ],
            [
                15,
                3,
                31,
                17
            ],
            [
                15,
                3,
                31,
                17
            ],
            [
                15,
                4,
                31,
                3
            ],
            [
                15,
                2,
                24,
                22
            ],
            [
                15,
                2,
                28,
                26
            ],
            [
                15,
                2,
                29,
                27
            ],
            [
                15,
                2,
                29,
                27
            ],
            [
                15,
                4,
                32,
                4
            ],
            [
                15,
                3,
                32,
                18
            ],
            [
                15,
                3,
                32,
                18
            ],
            [
                15,
                3,
                32,
                18
            ],
            [
                16,
                2,
                24,
                22
            ],
            [
                16,
                3,
                31,
                17
            ],
            [
                16,
                2,
                24,
                22
            ],
            [
                16,
                3,
                31,
                17
            ],
            [
                16,
                2,
                27,
                25
            ],
            [
                16,
                2,
                29,
                27
            ],
            [
                16,
                3,
                31,
                17
            ],
            [
                16,
                3,
                31,
                17
            ],
            [
                16,
                2,
                24,
                22
            ],
            [
                17,
                4,
                30,
                2
            ],
            [
                17,
                4,
                33,
                5
            ],
            [
                17,
                4,
                30,
                2
            ],
            [
                17,
                4,
                33,
                5
            ],
            [
                17,
                4,
                33,
                5
            ],
            [
                17,
                4,
                33,
                5
            ],
            [
                17,
                3,
                33,
                19
            ],
            [
                17,
                2,
                30,
                28
            ],
            [
                17,
                4,
                33,
                5
            ],
            [
                17,
                2,
                28,
                26
            ],
            [
                18,
                4,
                32,
                4
            ],
            [
                18,
                2,
                28,
                24
            ],
            [
                18,
                3,
                33,
                19
            ],
            [
                18,
                3,
                32,
                18
            ],
            [
                18,
                3,
                32,
                18
            ],
            [
                18,
                4,
                32,
                4
            ],
            [
                18,
                2,
                25,
                21
            ],
            [
                18,
                2,
                28,
                24
            ],
            [
                18,
                2,
                29,
                25
            ],
            [
                18,
                2,
                29,
                25
            ],
            [
                19,
                3,
                33,
                19
            ],
            [
                19,
                4,
                32,
                4
            ],
            [
                19,
                3,
                32,
                18
            ],
            [
                19,
                2,
                28,
                24
            ],
            [
                19,
                3,
                32,
                18
            ],
            [
                19,
                4,
                32,
                4
            ],
            [
                19,
                4,
                32,
                4
            ],
            [
                19,
                2,
                28,
                24
            ],
            [
                19,
                4,
                33,
                5
            ],
            [
                19,
                2,
                31,
                27
            ],
            [
                19,
                4,
                33,
                5
            ],
            [
                19,
                3,
                33,
                19
            ],
            [
                19,
                2,
                31,
                27
            ],
            [
                19,
                2,
                31,
                27
            ],
            [
                19,
                3,
                34,
                20
            ],
            [
                19,
                2,
                31,
                27
            ],
            [
                19,
                2,
                31,
                27
            ],
            [
                19,
                3,
                33,
                19
            ],
            [
                20,
                3,
                30,
                16
            ],
            [
                20,
                2,
                28,
                26
            ],
            [
                20,
                2,
                28,
                26
            ],
            [
                20,
                2,
                29,
                27
            ],
            [
                20,
                3,
                30,
                16
            ],
            [
                20,
                2,
                25,
                23
            ],
            [
                20,
                4,
                31,
                3
            ],
            [
                20,
                3,
                31,
                17
            ],
            [
                20,
                3,
                31,
                17
            ],
            [
                20,
                4,
                31,
                3
            ],
            [
                21,
                3,
                30,
                16
            ],
            [
                21,
                2,
                28,
                26
            ],
            [
                21,
                3,
                31,
                17
            ],
            [
                21,
                3,
                31,
                17
            ],
            [
                21,
                3,
                31,
                17
            ],
            [
                21,
                3,
                31,
                17
            ],
            [
                21,
                4,
                31,
                3
            ],
            [
                21,
                4,
                31,
                3
            ],
            [
                21,
                4,
                31,
                3
            ],
            [
                21,
                4,
                31,
                3
            ],
            [
                21,
                4,
                31,
                3
            ],
            [
                21,
                2,
                28,
                26
            ],
            [
                21,
                2,
                28,
                26
            ],
            [
                21,
                4,
                34,
                6
            ],
            [
                21,
                3,
                31,
                17
            ],
            [
                21,
                2,
                28,
                26
            ],
            [
                21,
                3,
                34,
                20
            ],
            [
                22,
                3,
                33,
                19
            ],
            [
                22,
                3,
                33,
                19
            ],
            [
                22,
                3,
                33,
                19
            ],
            [
                22,
                4,
                34,
                6
            ],
            [
                22,
                4,
                34,
                6
            ],
            [
                22,
                4,
                34,
                6
            ],
            [
                22,
                2,
                28,
                26
            ],
            [
                22,
                4,
                34,
                6
            ],
            [
                22,
                3,
                34,
                20
            ],
            [
                22,
                3,
                34,
                20
            ],
            [
                22,
                4,
                35,
                7
            ],
            [
                22,
                3,
                35,
                21
            ],
            [
                23,
                2,
                27,
                23
            ],
            [
                23,
                3,
                34,
                20
            ],
            [
                23,
                4,
                34,
                6
            ],
            [
                23,
                2,
                27,
                23
            ],
            [
                23,
                2,
                27,
                23
            ],
            [
                23,
                4,
                34,
                6
            ],
            [
                23,
                4,
                34,
                6
            ],
            [
                23,
                4,
                34,
                6
            ],
            [
                23,
                2,
                27,
                23
            ],
            [
                23,
                3,
                34,
                20
            ],
            [
                23,
                3,
                35,
                21
            ],
            [
                23,
                3,
                35,
                21
            ],
            [
                23,
                4,
                35,
                7
            ],
            [
                23,
                2,
                27,
                23
            ],
            [
                23,
                2,
                27,
                23
            ],
            [
                23,
                2,
                28,
                24
            ],
            [
                23,
                3,
                35,
                21
            ],
            [
                24,
                4,
                34,
                6
            ],
            [
                24,
                2,
                27,
                23
            ],
            [
                24,
                4,
                34,
                6
            ],
            [
                24,
                4,
                34,
                6
            ],
            [
                24,
                2,
                27,
                23
            ],
            [
                24,
                3,
                34,
                20
            ],
            [
                24,
                4,
                34,
                6
            ],
            [
                24,
                3,
                34,
                20
            ],
            [
                24,
                3,
                34,
                20
            ],
            [
                24,
                2,
                26,
                22
            ],
            [
                24,
                4,
                35,
                7
            ],
            [
                25,
                3,
                32,
                18
            ],
            [
                25,
                2,
                24,
                22
            ],
            [
                25,
                3,
                35,
                21
            ],
            [
                25,
                2,
                24,
                22
            ],
            [
                25,
                4,
                32,
                4
            ],
            [
                25,
                4,
                32,
                4
            ],
            [
                25,
                4,
                32,
                4
            ],
            [
                25,
                4,
                31,
                3
            ],
            [
                26,
                4,
                31,
                3
            ],
            [
                26,
                4,
                34,
                6
            ],
            [
                26,
                3,
                34,
                20
            ],
            [
                26,
                4,
                34,
                6
            ],
            [
                26,
                3,
                34,
                20
            ],
            [
                26,
                2,
                22,
                20
            ],
            [
                26,
                2,
                22,
                20
            ],
            [
                26,
                2,
                24,
                22
            ],
            [
                26,
                2,
                23,
                21
            ],
            [
                26,
                2,
                24,
                22
            ],
            [
                27,
                4,
                33,
                5
            ],
            [
                27,
                3,
                34,
                20
            ],
            [
                27,
                4,
                34,
                6
            ],
            [
                27,
                2,
                23,
                21
            ],
            [
                27,
                4,
                34,
                6
            ],
            [
                27,
                4,
                35,
                7
            ],
            [
                27,
                2,
                26,
                24
            ],
            [
                27,
                4,
                35,
                7
            ],
            [
                27,
                2,
                26,
                24
            ],
            [
                27,
                2,
                22,
                20
            ],
            [
                27,
                4,
                35,
                7
            ],
            [
                27,
                4,
                35,
                7
            ],
            [
                28,
                2,
                25,
                21
            ],
            [
                28,
                3,
                34,
                20
            ],
            [
                28,
                3,
                34,
                20
            ],
            [
                28,
                4,
                34,
                6
            ],
            [
                28,
                2,
                25,
                21
            ],
            [
                28,
                2,
                26,
                22
            ],
            [
                28,
                2,
                26,
                22
            ],
            [
                28,
                3,
                36,
                22
            ],
            [
                28,
                4,
                35,
                7
            ],
            [
                28,
                2,
                27,
                23
            ],
            [
                28,
                4,
                35,
                7
            ],
            [
                28,
                3,
                34,
                20
            ],
            [
                28,
                2,
                27,
                23
            ],
            [
                28,
                3,
                36,
                22
            ],
            [
                28,
                2,
                25,
                21
            ],
            [
                28,
                3,
                36,
                22
            ],
            [
                29,
                2,
                25,
                21
            ],
            [
                29,
                3,
                33,
                19
            ],
            [
                29,
                2,
                26,
                22
            ],
            [
                29,
                2,
                26,
                22
            ],
            [
                29,
                2,
                25,
                21
            ],
            [
                29,
                3,
                38,
                24
            ],
            [
                29,
                3,
                35,
                21
            ],
            [
                29,
                2,
                27,
                23
            ],
            [
                29,
                3,
                38,
                24
            ],
            [
                29,
                2,
                32,
                28
            ],
            [
                29,
                3,
                38,
                24
            ],
            [
                29,
                4,
                38,
                10
            ],
            [
                29,
                3,
                38,
                24
            ],
            [
                29,
                2,
                25,
                21
            ]
        ],
        "lWaitDayByPriority": [
            9473,
            25,
            2352,
            3881,
            3215
        ],
        "objval": 2605.790729894523,
        "std_occupancy": 44.451411178152334
    },
    "runtime": 2.9920403957366943,
    "simdays": 150,
    "solver": "greedy"
}