{
    "arrivalrate": 12.0,
    "ins_name": 415,
    "ins_path": "/ssd6/san/software/RTSP-scheduling/data/8linacs/lambda12.0/data",
    "lNoNewPatients": [
        389,
        3,
        147,
        131,
        108
    ],
    "lNoPatients": [
        730,
        4,
        161,
        332,
        233
    ],
    "lNoSections": [
        5246,
        11,
        405,
        2459,
        2371
    ],
    "mipgap": 1.0,
    "noLinacs": 8,
    "noSlotsPerDay": 120,
    "planningHorizon": 80,
    "runresult": {
        "avg_occupancy": 48.19930555555556,
        "feasibility": true,
        "lAvgLateDayByPriority": [
            19.69922879177378,
            23.333333333333332,
            20.17687074829932,
            25.480916030534353,
            11.935185185185185
        ],
        "lAvgWaitDayByPriority": [
            32.47557840616967,
            23.333333333333332,
            22.72108843537415,
            38.9236641221374,
            38.18518518518518
        ],
        "lLateDayByPriority": [
            7663,
            70,
            2966,
            3338,
            1289
        ],
        "lOccupancy": {
            "0": [
                0.625,
                0.625,
                0.0,
                0.0,
                0.0,
                0.0,
                0.0,
                0.0,
                0.0,
                0.625,
                0.0,
                0.0,
                0.0,
                0.0,
                0.0,
                0.0,
                0.0,
                0.0,
                0.0,
                0.0,
                0.0,
                0.0,
                0.0,
                0.0,
                0.0,
                0.0,
                0.0,
                0.0,
                0.0,
                0.0,
                0.0,
                0.0,
                0.0,
                0.0,
                0.0,
                0.0,
                0.0,
                0.0,
                0.0,
                0.0,
                0.0,
                0.0,
                0.0,
                0.0,
                0.0,
                0.0,
                0.0,
                0.0,
                0.0,
                0.0,
                1.25,
                1.25,
                1.25,
                1.25,
                1.25,
                0.0,
                0.0,
                0.0,
                0.0,
                0.0,
                0.0,
                0.0,
                0.0,
                0.0,
                0.0,
                0.0,
                0.0,
                0.0,
                0.0,
                0.0,
                0.0,
                0.0,
                0.0,
                0.0,
                0.0,
                0.0,
                0.0,
                0.0,
                0.0,
                0.0,
                0.0,
                0.0,
                0.0,
                0.0,
                0.0,
                0.0,
                0.0,
                0.0,
                0.0,
                0.0,
                0.0,
                0.0,
                0.0,
                0.0,
                0.0,
                0.0,
                0.0,
                0.0,
                0.0,
                0.0,
                0.0,
                0.0,
                0.0,
                0.0,
                0.0,
                0.0,
                0.0,
                0.0,
                0.0,
                0.0,
                0.0,
                0.0,
                0.0,
                0.0,
                0.0,
                0.0,
                0.0,
                0.0,
                0.0,
                0.0,
                0.0,
                0.0,
                0.0,
                0.0,
                0.0,
                0.0,
                0.0,
                0.0,
                0.0,
                0.0,
                0.0,
                0.0,
                0.0,
                0.0,
                0.0,
                0.0,
                0.0,
                0.0,
                0.0,
                0.0,
                0.0,
                0.0,
                0.0,
                0.0,
                0.0,
                0.0,
                0.0,
                0.0,
                0.0,
                0.0
            ],
            "1": [
                10.3125,
                12.083333333333334,
                11.770833333333334,
                8.4375,
                14.374999999999998,
                9.6875,
                6.770833333333333,
                4.895833333333333,
                7.291666666666667,
                9.166666666666666,
                7.5,
                5.625,
                2.7083333333333335,
                3.3333333333333335,
                3.3333333333333335,
                2.7083333333333335,
                3.3333333333333335,
                2.604166666666667,
                2.9166666666666665,
                3.3333333333333335,
                2.604166666666667,
                2.604166666666667,
                2.604166666666667,
                2.7083333333333335,
                4.583333333333333,
                3.3333333333333335,
                2.604166666666667,
                2.604166666666667,
                2.604166666666667,
                3.229166666666667,
                4.479166666666667,
                2.604166666666667,
                3.229166666666667,
                2.5,
                2.5,
                3.75,
                4.0625,
                4.0625,
                3.4375000000000004,
                4.0625,
                4.895833333333333,
                5.3125,
                6.770833333333333,
                6.5625,
                7.187499999999999,
                9.166666666666666,
                9.166666666666666,
                10.0,
                8.125,
                9.0625,
                8.75,
                8.75,
                7.291666666666667,
                6.875000000000001,
                7.8125,
                9.166666666666666,
                9.479166666666666,
                7.5,
                5.104166666666667,
                3.125,
                0.9375,
                0.9375,
                0.0,
                0.0,
                0.0,
                0.0,
                0.0,
                0.0,
                0.0,
                0.0,
                0.0,
                0.0,
                0.0,
                0.0,
                0.0,
                0.0,
                0.0,
                0.0,
                0.0,
                0.0,
                0.0,
                0.0,
                0.0,
                0.0,
                0.0,
                0.0,
                0.0,
                0.0,
                0.0,
                0.0,
                0.0,
                0.0,
                0.0,
                0.0,
                0.0,
                0.0,
                0.0,
                0.0,
                0.0,
                0.0,
                0.0,
                0.0,
                0.0,
                0.0,
                0.0,
                0.0,
                0.0,
                0.0,
                0.0,
                0.0,
                0.0,
                0.0,
                0.0,
                0.0,
                0.0,
                0.0,
                0.0,
                0.0,
                0.0,
                0.0,
                0.0,
                0.0,
                0.0,
                0.0,
                0.0,
                0.0,
                0.0,
                0.0,
                0.0,
                0.0,
                0.0,
                0.0,
                0.0,
                0.0,
                0.0,
                0.0,
                0.0,
                0.0,
                0.0,
                0.0,
                0.0,
                0.0,
                0.0,
                0.0,
                0.0,
                0.0,
                0.0,
                0.0,
                0.0,
                0.0
            ],
            "2": [
                52.5,
                52.1875,
                53.75,
                54.166666666666664,
                53.43750000000001,
                61.04166666666667,
                67.60416666666667,
                69.375,
                64.58333333333334,
                62.18749999999999,
                61.77083333333333,
                61.458333333333336,
                60.20833333333333,
                59.583333333333336,
                59.895833333333336,
                60.10416666666667,
                59.895833333333336,
                60.20833333333333,
                59.68750000000001,
                58.64583333333333,
                57.70833333333333,
                57.291666666666664,
                57.91666666666667,
                56.56250000000001,
                55.729166666666664,
                51.66666666666667,
                51.45833333333333,
                51.145833333333336,
                53.22916666666667,
                53.85416666666667,
                55.00000000000001,
                58.4375,
                60.0,
                62.708333333333336,
                62.60416666666667,
                61.04166666666667,
                59.47916666666667,
                60.83333333333333,
                57.291666666666664,
                57.91666666666667,
                58.333333333333336,
                59.375,
                57.395833333333336,
                57.08333333333333,
                55.833333333333336,
                54.895833333333336,
                52.29166666666667,
                51.145833333333336,
                49.6875,
                47.604166666666664,
                47.291666666666664,
                48.020833333333336,
                48.95833333333333,
                51.87500000000001,
                52.604166666666664,
                53.95833333333333,
                52.083333333333336,
                52.708333333333336,
                51.354166666666664,
                50.9375,
                52.29166666666667,
                49.270833333333336,
                50.31250000000001,
                48.95833333333333,
                46.5625,
                39.895833333333336,
                37.8125,
                33.125,
                29.6875,
                27.8125,
                26.458333333333332,
                24.583333333333332,
                24.583333333333332,
                22.708333333333332,
                20.208333333333332,
                17.8125,
                17.291666666666668,
                16.666666666666664,
                16.145833333333336,
                15.0,
                12.5,
                11.770833333333334,
                9.895833333333332,
                8.125,
                8.125,
                8.125,
                8.125,
                6.25,
                5.625,
                5.0,
                4.375,
                2.5,
                1.25,
                1.25,
                0.0,
                0.0,
                0.0,
                0.0,
                0.0,
                0.0,
                0.0,
                0.0,
                0.0,
                0.0,
                0.0,
                0.0,
                0.0,
                0.0,
                0.0,
                0.0,
                0.0,
                0.0,
                0.0,
                0.0,
                0.0,
                0.0,
                0.0,
                0.0,
                0.0,
                0.0,
                0.0,
                0.0,
                0.0,
                0.0,
                0.0,
                0.0,
                0.0,
                0.0,
                0.0,
                0.0,
                0.0,
                0.0,
                0.0,
                0.0,
                0.0,
                0.0,
                0.0,
                0.0,
                0.0,
                0.0,
                0.0,
                0.0,
                0.0,
                0.0,
                0.0,
                0.0,
                0.0,
                0.0,
                0.0,
                0.0
            ],
            "3": [
                29.583333333333332,
                30.312499999999996,
                30.625000000000004,
                30.104166666666664,
                29.479166666666668,
                27.291666666666664,
                23.541666666666668,
                23.229166666666668,
                26.770833333333332,
                26.041666666666668,
                28.4375,
                31.458333333333332,
                35.729166666666664,
                36.25,
                35.729166666666664,
                36.354166666666664,
                35.729166666666664,
                35.9375,
                36.145833333333336,
                36.666666666666664,
                38.333333333333336,
                38.333333333333336,
                37.395833333333336,
                38.958333333333336,
                39.0625,
                43.4375,
                44.0625,
                44.0625,
                42.1875,
                41.25,
                39.479166666666664,
                36.5625,
                35.520833333333336,
                33.541666666666664,
                33.541666666666664,
                34.375,
                35.625,
                34.479166666666664,
                36.97916666666667,
                36.45833333333333,
                34.89583333333333,
                33.541666666666664,
                35.0,
                35.520833333333336,
                35.520833333333336,
                34.89583333333333,
                37.604166666666664,
                38.4375,
                40.9375,
                41.354166666666664,
                41.354166666666664,
                40.729166666666664,
                40.0,
                37.916666666666664,
                36.45833333333333,
                34.479166666666664,
                35.0,
                35.625,
                36.25,
                36.25,
                36.25,
                39.6875,
                38.333333333333336,
                38.854166666666664,
                37.395833333333336,
                37.395833333333336,
                36.770833333333336,
                35.208333333333336,
                32.708333333333336,
                31.458333333333332,
                30.208333333333332,
                28.958333333333336,
                25.937500000000004,
                24.895833333333332,
                23.333333333333332,
                22.708333333333332,
                18.125,
                16.5625,
                15.937499999999998,
                14.0625,
                12.916666666666668,
                11.041666666666666,
                9.166666666666666,
                7.5,
                5.729166666666666,
                5.104166666666667,
                2.8125,
                1.6666666666666667,
                0.5208333333333333,
                0.5208333333333333,
                0.5208333333333333,
                0.5208333333333333,
                0.5208333333333333,
                0.5208333333333333,
                0.5208333333333333,
                0.5208333333333333,
                0.0,
                0.0,
                0.0,
                0.0,
                0.0,
                0.0,
                0.0,
                0.0,
                0.0,
                0.0,
                0.0,
                0.0,
                0.0,
                0.0,
                0.0,
                0.0,
                0.0,
                0.0,
                0.0,
                0.0,
                0.0,
                0.0,
                0.0,
                0.0,
                0.0,
                0.0,
                0.0,
                0.0,
                0.0,
                0.0,
                0.0,
                0.0,
                0.0,
                0.0,
                0.0,
                0.0,
                0.0,
                0.0,
                0.0,
                0.0,
                0.0,
                0.0,
                0.0,
                0.0,
                0.0,
                0.0,
                0.0,
                0.0,
                0.0,
                0.0,
                0.0,
                0.0,
                0.0,
                0.0
            ],
            "overall": [
                93.02083333333333,
                95.20833333333333,
                96.14583333333333,
                92.70833333333333,
                97.29166666666667,
                98.02083333333334,
                97.91666666666667,
                97.5,
                98.64583333333334,
                98.02083333333333,
                97.70833333333333,
                98.54166666666667,
                98.64583333333333,
                99.16666666666667,
                98.95833333333334,
                99.16666666666667,
                98.95833333333334,
                98.75,
                98.75,
                98.64583333333333,
                98.64583333333333,
                98.22916666666666,
                97.91666666666667,
                98.22916666666669,
                99.375,
                98.4375,
                98.125,
                97.8125,
                98.02083333333334,
                98.33333333333334,
                98.95833333333334,
                97.60416666666666,
                98.75,
                98.75,
                98.64583333333334,
                99.16666666666667,
                99.16666666666667,
                99.375,
                97.70833333333334,
                98.4375,
                98.125,
                98.22916666666666,
                99.16666666666667,
                99.16666666666666,
                98.54166666666667,
                98.95833333333333,
                99.0625,
                99.58333333333334,
                98.75,
                98.02083333333333,
                98.64583333333333,
                98.75,
                97.5,
                97.91666666666667,
                98.125,
                97.60416666666666,
                96.5625,
                95.83333333333334,
                92.70833333333333,
                90.3125,
                89.47916666666667,
                89.89583333333334,
                88.64583333333334,
                87.8125,
                83.95833333333334,
                77.29166666666667,
                74.58333333333334,
                68.33333333333334,
                62.395833333333336,
                59.27083333333333,
                56.666666666666664,
                53.54166666666667,
                50.520833333333336,
                47.604166666666664,
                43.541666666666664,
                40.52083333333333,
                35.41666666666667,
                33.229166666666664,
                32.083333333333336,
                29.0625,
                25.416666666666668,
                22.8125,
                19.0625,
                15.625,
                13.854166666666666,
                13.229166666666668,
                10.9375,
                7.916666666666667,
                6.145833333333333,
                5.520833333333333,
                4.895833333333333,
                3.020833333333333,
                1.7708333333333333,
                1.7708333333333333,
                0.5208333333333333,
                0.5208333333333333,
                0.0,
                0.0,
                0.0,
                0.0,
                0.0,
                0.0,
                0.0,
                0.0,
                0.0,
                0.0,
                0.0,
                0.0,
                0.0,
                0.0,
                0.0,
                0.0,
                0.0,
                0.0,
                0.0,
                0.0,
                0.0,
                0.0,
                0.0,
                0.0,
                0.0,
                0.0,
                0.0,
                0.0,
                0.0,
                0.0,
                0.0,
                0.0,
                0.0,
                0.0,
                0.0,
                0.0,
                0.0,
                0.0,
                0.0,
                0.0,
                0.0,
                0.0,
                0.0,
                0.0,
                0.0,
                0.0,
                0.0,
                0.0,
                0.0,
                0.0,
                0.0,
                0.0,
                0.0,
                0.0
            ]
        },
        "lWaitAndOverdue": [
            [
                0,
                3,
                7,
                0
            ],
            [
                0,
                3,
                8,
                0
            ],
            [
                0,
                3,
                7,
                0
            ],
            [
                0,
                2,
                2,
                0
            ],
            [
                0,
                2,
                0,
                0
            ],
            [
                0,
                2,
                0,
                0
            ],
            [
                0,
                3,
                9,
                0
            ],
            [
                0,
                3,
                9,
                0
            ],
            [
                0,
                3,
                7,
                0
            ],
            [
                0,
                3,
                7,
                0
            ],
            [
                0,
                4,
                14,
                0
            ],
            [
                0,
                4,
                14,
                0
            ],
            [
                0,
                3,
                7,
                0
            ],
            [
                0,
                2,
                1,
                0
            ],
            [
                1,
                3,
                7,
                0
            ],
            [
                1,
                3,
                9,
                0
            ],
            [
                1,
                4,
                14,
                0
            ],
            [
                1,
                2,
                1,
                0
            ],
            [
                1,
                3,
                9,
                0
            ],
            [
                1,
                4,
                14,
                0
            ],
            [
                1,
                4,
                14,
                0
            ],
            [
                1,
                2,
                1,
                0
            ],
            [
                2,
                4,
                14,
                0
            ],
            [
                2,
                2,
                1,
                0
            ],
            [
                2,
                4,
                14,
                0
            ],
            [
                2,
                4,
                14,
                0
            ],
            [
                2,
                4,
                14,
                0
            ],
            [
                2,
                4,
                14,
                0
            ],
            [
                2,
                4,
                16,
                0
            ],
            [
                2,
                4,
                16,
                0
            ],
            [
                2,
                4,
                33,
                5
            ],
            [
                2,
                3,
                36,
                22
            ],
            [
                2,
                2,
                2,
                0
            ],
            [
                3,
                2,
                0,
                0
            ],
            [
                3,
                3,
                13,
                0
            ],
            [
                3,
                4,
                18,
                0
            ],
            [
                3,
                3,
                39,
                25
            ],
            [
                3,
                3,
                39,
                25
            ],
            [
                3,
                3,
                39,
                25
            ],
            [
                3,
                4,
                40,
                12
            ],
            [
                3,
                3,
                41,
                27
            ],
            [
                3,
                3,
                41,
                27
            ],
            [
                3,
                2,
                4,
                0
            ],
            [
                3,
                2,
                1,
                0
            ],
            [
                3,
                2,
                1,
                0
            ],
            [
                3,
                4,
                20,
                0
            ],
            [
                3,
                3,
                41,
                27
            ],
            [
                3,
                2,
                0,
                0
            ],
            [
                4,
                3,
                10,
                0
            ],
            [
                4,
                3,
                41,
                27
            ],
            [
                4,
                2,
                0,
                0
            ],
            [
                4,
                2,
                3,
                0
            ],
            [
                4,
                3,
                41,
                27
            ],
            [
                4,
                2,
                4,
                0
            ],
            [
                4,
                2,
                0,
                0
            ],
            [
                4,
                2,
                4,
                0
            ],
            [
                4,
                3,
                41,
                27
            ],
            [
                4,
                2,
                4,
                0
            ],
            [
                4,
                4,
                41,
                13
            ],
            [
                5,
                2,
                3,
                1
            ],
            [
                5,
                3,
                39,
                25
            ],
            [
                5,
                2,
                3,
                1
            ],
            [
                5,
                3,
                39,
                25
            ],
            [
                5,
                3,
                39,
                25
            ],
            [
                5,
                4,
                39,
                11
            ],
            [
                5,
                4,
                42,
                14
            ],
            [
                5,
                2,
                3,
                1
            ],
            [
                5,
                3,
                42,
                28
            ],
            [
                5,
                3,
                17,
                3
            ],
            [
                5,
                4,
                42,
                14
            ],
            [
                5,
                2,
                3,
                1
            ],
            [
                5,
                2,
                3,
                1
            ],
            [
                6,
                2,
                2,
                0
            ],
            [
                6,
                2,
                7,
                5
            ],
            [
                6,
                2,
                3,
                1
            ],
            [
                6,
                4,
                41,
                13
            ],
            [
                6,
                3,
                41,
                27
            ],
            [
                6,
                3,
                41,
                27
            ],
            [
                6,
                4,
                41,
                13
            ],
            [
                6,
                2,
                3,
                1
            ],
            [
                6,
                2,
                3,
                1
            ],
            [
                6,
                3,
                42,
                28
            ],
            [
                6,
                4,
                42,
                14
            ],
            [
                6,
                4,
                42,
                14
            ],
            [
                7,
                2,
                8,
                6
            ],
            [
                7,
                2,
                8,
                6
            ],
            [
                7,
                2,
                2,
                0
            ],
            [
                7,
                2,
                2,
                0
            ],
            [
                7,
                2,
                2,
                0
            ],
            [
                7,
                3,
                41,
                27
            ],
            [
                7,
                2,
                8,
                6
            ],
            [
                7,
                3,
                41,
                27
            ],
            [
                7,
                4,
                41,
                13
            ],
            [
                7,
                4,
                41,
                13
            ],
            [
                7,
                4,
                41,
                13
            ],
            [
                7,
                3,
                42,
                28
            ],
            [
                7,
                1,
                2,
                2
            ],
            [
                7,
                2,
                13,
                11
            ],
            [
                7,
                2,
                15,
                13
            ],
            [
                7,
                2,
                15,
                13
            ],
            [
                7,
                2,
                5,
                3
            ],
            [
                8,
                3,
                41,
                27
            ],
            [
                8,
                3,
                42,
                28
            ],
            [
                8,
                3,
                41,
                27
            ],
            [
                8,
                4,
                21,
                0
            ],
            [
                8,
                2,
                4,
                0
            ],
            [
                8,
                2,
                4,
                0
            ],
            [
                8,
                2,
                4,
                0
            ],
            [
                8,
                2,
                21,
                17
            ],
            [
                8,
                4,
                42,
                14
            ],
            [
                8,
                3,
                42,
                28
            ],
            [
                8,
                3,
                42,
                28
            ],
            [
                9,
                3,
                41,
                27
            ],
            [
                9,
                2,
                14,
                10
            ],
            [
                9,
                3,
                41,
                27
            ],
            [
                9,
                2,
                20,
                16
            ],
            [
                9,
                3,
                41,
                27
            ],
            [
                9,
                2,
                21,
                17
            ],
            [
                9,
                2,
                26,
                22
            ],
            [
                9,
                3,
                41,
                27
            ],
            [
                9,
                3,
                41,
                27
            ],
            [
                9,
                2,
                4,
                0
            ],
            [
                9,
                4,
                41,
                13
            ],
            [
                9,
                4,
                41,
                13
            ],
            [
                9,
                4,
                41,
                13
            ],
            [
                9,
                4,
                41,
                13
            ],
            [
                10,
                4,
                39,
                11
            ],
            [
                10,
                4,
                39,
                11
            ],
            [
                10,
                3,
                39,
                25
            ],
            [
                10,
                2,
                1,
                0
            ],
            [
                10,
                4,
                39,
                11
            ],
            [
                10,
                2,
                3,
                1
            ],
            [
                10,
                4,
                39,
                11
            ],
            [
                10,
                2,
                15,
                13
            ],
            [
                10,
                3,
                39,
                25
            ],
            [
                10,
                3,
                39,
                25
            ],
            [
                10,
                3,
                31,
                17
            ],
            [
                11,
                4,
                38,
                10
            ],
            [
                11,
                2,
                7,
                5
            ],
            [
                11,
                2,
                10,
                8
            ],
            [
                11,
                2,
                22,
                20
            ],
            [
                11,
                2,
                17,
                15
            ],
            [
                11,
                3,
                41,
                27
            ],
            [
                11,
                4,
                38,
                10
            ],
            [
                11,
                3,
                38,
                24
            ],
            [
                11,
                2,
                17,
                15
            ],
            [
                11,
                3,
                41,
                27
            ],
            [
                11,
                4,
                38,
                10
            ],
            [
                11,
                4,
                41,
                13
            ],
            [
                11,
                2,
                24,
                22
            ],
            [
                11,
                4,
                41,
                13
            ],
            [
                12,
                2,
                19,
                17
            ],
            [
                12,
                4,
                40,
                12
            ],
            [
                12,
                3,
                37,
                23
            ],
            [
                12,
                2,
                26,
                24
            ],
            [
                12,
                2,
                26,
                24
            ],
            [
                12,
                3,
                41,
                27
            ],
            [
                12,
                2,
                28,
                26
            ],
            [
                12,
                2,
                28,
                26
            ],
            [
                12,
                3,
                40,
                26
            ],
            [
                12,
                3,
                41,
                27
            ],
            [
                12,
                2,
                28,
                26
            ],
            [
                12,
                2,
                29,
                27
            ],
            [
                12,
                2,
                30,
                28
            ],
            [
                12,
                3,
                41,
                27
            ],
            [
                13,
                2,
                32,
                28
            ],
            [
                13,
                4,
                40,
                12
            ],
            [
                13,
                3,
                40,
                26
            ],
            [
                13,
                3,
                40,
                26
            ],
            [
                13,
                4,
                40,
                12
            ],
            [
                13,
                3,
                40,
                26
            ],
            [
                13,
                2,
                32,
                28
            ],
            [
                13,
                3,
                40,
                26
            ],
            [
                13,
                3,
                40,
                26
            ],
            [
                14,
                3,
                40,
                26
            ],
            [
                14,
                3,
                40,
                26
            ],
            [
                14,
                4,
                40,
                12
            ],
            [
                14,
                4,
                40,
                12
            ],
            [
                14,
                4,
                40,
                12
            ],
            [
                14,
                4,
                40,
                12
            ],
            [
                14,
                4,
                40,
                12
            ],
            [
                14,
                2,
                31,
                27
            ],
            [
                14,
                2,
                32,
                28
            ],
            [
                14,
                4,
                40,
                12
            ],
            [
                14,
                3,
                41,
                27
            ],
            [
                14,
                2,
                32,
                28
            ],
            [
                14,
                3,
                41,
                27
            ],
            [
                14,
                3,
                41,
                27
            ],
            [
                14,
                3,
                41,
                27
            ],
            [
                14,
                3,
                41,
                27
            ],
            [
                15,
                4,
                38,
                10
            ],
            [
                15,
                4,
                38,
                10
            ],
            [
                15,
                4,
                38,
                10
            ],
            [
                15,
                2,
                30,
                28
            ],
            [
                15,
                4,
                38,
                10
            ],
            [
                15,
                3,
                39,
                25
            ],
            [
                15,
                3,
                38,
                24
            ],
            [
                15,
                4,
                39,
                11
            ],
            [
                15,
                3,
                39,
                25
            ],
            [
                15,
                2,
                30,
                28
            ],
            [
                15,
                3,
                39,
                25
            ],
            [
                15,
                4,
                39,
                11
            ],
            [
                15,
                2,
                30,
                28
            ],
            [
                15,
                2,
                30,
                28
            ],
            [
                15,
                4,
                39,
                11
            ],
            [
                16,
                4,
                38,
                10
            ],
            [
                16,
                4,
                41,
                13
            ],
            [
                16,
                2,
                30,
                28
            ],
            [
                16,
                3,
                41,
                27
            ],
            [
                16,
                3,
                41,
                27
            ],
            [
                16,
                3,
                41,
                27
            ],
            [
                16,
                4,
                41,
                13
            ],
            [
                16,
                2,
                28,
                26
            ],
            [
                16,
                2,
                31,
                29
            ],
            [
                17,
                2,
                34,
                32
            ],
            [
                17,
                3,
                40,
                26
            ],
            [
                17,
                4,
                41,
                13
            ],
            [
                17,
                2,
                35,
                33
            ],
            [
                17,
                4,
                41,
                13
            ],
            [
                17,
                4,
                41,
                13
            ],
            [
                17,
                2,
                33,
                31
            ],
            [
                17,
                3,
                41,
                27
            ],
            [
                17,
                4,
                41,
                13
            ],
            [
                17,
                3,
                41,
                27
            ],
            [
                17,
                3,
                41,
                27
            ],
            [
                17,
                2,
                28,
                26
            ],
            [
                18,
                4,
                41,
                13
            ],
            [
                18,
                3,
                41,
                27
            ],
            [
                18,
                2,
                32,
                28
            ],
            [
                18,
                3,
                41,
                27
            ],
            [
                18,
                2,
                35,
                31
            ],
            [
                18,
                4,
                41,
                13
            ],
            [
                18,
                4,
                41,
                13
            ],
            [
                18,
                4,
                41,
                13
            ],
            [
                18,
                4,
                41,
                13
            ],
            [
                18,
                4,
                40,
                12
            ],
            [
                19,
                4,
                40,
                12
            ],
            [
                19,
                3,
                40,
                26
            ],
            [
                19,
                4,
                41,
                13
            ],
            [
                19,
                3,
                41,
                27
            ],
            [
                19,
                2,
                34,
                30
            ],
            [
                19,
                2,
                28,
                24
            ],
            [
                19,
                2,
                35,
                31
            ],
            [
                19,
                2,
                34,
                30
            ],
            [
                19,
                2,
                35,
                31
            ],
            [
                19,
                4,
                41,
                13
            ],
            [
                20,
                3,
                38,
                24
            ],
            [
                20,
                4,
                38,
                10
            ],
            [
                20,
                2,
                32,
                30
            ],
            [
                20,
                4,
                39,
                11
            ],
            [
                20,
                4,
                39,
                11
            ],
            [
                20,
                2,
                32,
                30
            ],
            [
                20,
                4,
                39,
                11
            ],
            [
                20,
                2,
                35,
                33
            ],
            [
                20,
                2,
                30,
                28
            ],
            [
                20,
                4,
                39,
                11
            ],
            [
                20,
                4,
                39,
                11
            ],
            [
                20,
                2,
                30,
                28
            ],
            [
                20,
                3,
                42,
                28
            ],
            [
                20,
                3,
                42,
                28
            ],
            [
                20,
                4,
                42,
                14
            ],
            [
                20,
                2,
                35,
                33
            ],
            [
                20,
                2,
                35,
                33
            ],
            [
                20,
                2,
                35,
                33
            ],
            [
                20,
                3,
                43,
                29
            ],
            [
                21,
                4,
                42,
                14
            ],
            [
                21,
                2,
                34,
                32
            ],
            [
                21,
                4,
                43,
                15
            ],
            [
                21,
                3,
                43,
                29
            ],
            [
                21,
                2,
                34,
                32
            ],
            [
                21,
                3,
                44,
                30
            ],
            [
                21,
                2,
                34,
                32
            ],
            [
                21,
                3,
                43,
                29
            ],
            [
                21,
                2,
                34,
                32
            ],
            [
                21,
                3,
                43,
                29
            ],
            [
                21,
                2,
                35,
                33
            ],
            [
                21,
                2,
                35,
                33
            ],
            [
                21,
                2,
                30,
                28
            ],
            [
                21,
                3,
                44,
                30
            ],
            [
                21,
                3,
                44,
                30
            ],
            [
                21,
                2,
                35,
                33
            ],
            [
                22,
                3,
                43,
                29
            ],
            [
                22,
                2,
                35,
                33
            ],
            [
                22,
                3,
                44,
                30
            ],
            [
                22,
                4,
                44,
                16
            ],
            [
                22,
                3,
                44,
                30
            ],
            [
                22,
                2,
                34,
                32
            ],
            [
                22,
                3,
                44,
                30
            ],
            [
                22,
                2,
                35,
                33
            ],
            [
                22,
                2,
                35,
                33
            ],
            [
                22,
                2,
                35,
                33
            ],
            [
                22,
                2,
                36,
                34
            ],
            [
                22,
                2,
                37,
                35
            ],
            [
                22,
                2,
                34,
                32
            ],
            [
                22,
                3,
                47,
                33
            ],
            [
                22,
                3,
                44,
                30
            ],
            [
                22,
                2,
                44,
                42
            ],
            [
                22,
                2,
                35,
                33
            ],
            [
                22,
                2,
                47,
                45
            ],
            [
                22,
                3,
                47,
                33
            ],
            [
                22,
                3,
                44,
                30
            ],
            [
                22,
                3,
                47,
                33
            ],
            [
                22,
                3,
                47,
                33
            ],
            [
                23,
                2,
                36,
                32
            ],
            [
                23,
                4,
                46,
                18
            ],
            [
                23,
                3,
                47,
                33
            ],
            [
                23,
                3,
                48,
                34
            ],
            [
                23,
                3,
                48,
                34
            ],
            [
                23,
                3,
                48,
                34
            ],
            [
                23,
                4,
                46,
                18
            ],
            [
                23,
                4,
                48,
                20
            ],
            [
                23,
                4,
                48,
                20
            ],
            [
                23,
                2,
                36,
                32
            ],
            [
                23,
                4,
                47,
                19
            ],
            [
                23,
                2,
                36,
                32
            ],
            [
                23,
                2,
                39,
                35
            ],
            [
                24,
                3,
                48,
                34
            ],
            [
                24,
                2,
                33,
                29
            ],
            [
                24,
                2,
                35,
                31
            ],
            [
                24,
                2,
                38,
                34
            ],
            [
                24,
                2,
                38,
                34
            ],
            [
                24,
                2,
                33,
                29
            ],
            [
                24,
                2,
                33,
                29
            ],
            [
                24,
                4,
                47,
                19
            ],
            [
                24,
                2,
                0,
                0
            ],
            [
                24,
                3,
                47,
                33
            ],
            [
                24,
                3,
                48,
                34
            ],
            [
                25,
                2,
                35,
                33
            ],
            [
                25,
                4,
                45,
                17
            ],
            [
                25,
                3,
                45,
                31
            ],
            [
                25,
                3,
                45,
                31
            ],
            [
                25,
                4,
                38,
                10
            ],
            [
                25,
                4,
                45,
                17
            ],
            [
                25,
                4,
                46,
                18
            ],
            [
                25,
                1,
                35,
                35
            ],
            [
                25,
                3,
                49,
                35
            ],
            [
                25,
                2,
                31,
                29
            ],
            [
                26,
                3,
                44,
                30
            ],
            [
                26,
                3,
                45,
                31
            ],
            [
                26,
                3,
                48,
                34
            ],
            [
                26,
                3,
                48,
                34
            ],
            [
                26,
                3,
                48,
                34
            ],
            [
                26,
                2,
                14,
                12
            ],
            [
                27,
                3,
                44,
                30
            ],
            [
                27,
                3,
                47,
                33
            ],
            [
                27,
                2,
                33,
                31
            ],
            [
                27,
                4,
                48,
                20
            ],
            [
                27,
                1,
                33,
                33
            ],
            [
                27,
                4,
                48,
                20
            ],
            [
                27,
                3,
                48,
                34
            ],
            [
                27,
                3,
                44,
                30
            ],
            [
                27,
                3,
                48,
                34
            ],
            [
                27,
                2,
                34,
                32
            ],
            [
                27,
                2,
                33,
                31
            ],
            [
                27,
                3,
                48,
                34
            ],
            [
                27,
                3,
                49,
                35
            ],
            [
                27,
                4,
                48,
                20
            ],
            [
                27,
                4,
                48,
                20
            ],
            [
                27,
                4,
                48,
                20
            ],
            [
                28,
                4,
                47,
                19
            ],
            [
                28,
                4,
                47,
                19
            ],
            [
                28,
                2,
                34,
                30
            ],
            [
                28,
                2,
                32,
                28
            ],
            [
                28,
                2,
                33,
                29
            ],
            [
                28,
                2,
                35,
                31
            ],
            [
                28,
                3,
                48,
                34
            ],
            [
                28,
                4,
                48,
                20
            ],
            [
                28,
                2,
                33,
                29
            ],
            [
                28,
                2,
                36,
                32
            ],
            [
                28,
                2,
                35,
                31
            ],
            [
                29,
                2,
                38,
                34
            ],
            [
                29,
                4,
                47,
                19
            ],
            [
                29,
                2,
                38,
                34
            ],
            [
                29,
                2,
                32,
                28
            ],
            [
                29,
                3,
                47,
                33
            ],
            [
                29,
                2,
                39,
                35
            ],
            [
                29,
                2,
                39,
                35
            ],
            [
                29,
                2,
                38,
                34
            ],
            [
                29,
                3,
                47,
                33
            ],
            [
                29,
                3,
                48,
                34
            ],
            [
                29,
                4,
                47,
                19
            ],
            [
                29,
                3,
                48,
                34
            ],
            [
                29,
                4,
                48,
                20
            ],
            [
                29,
                4,
                48,
                20
            ],
            [
                29,
                4,
                48,
                20
            ],
            [
                29,
                2,
                40,
                36
            ],
            [
                29,
                3,
                48,
                34
            ],
            [
                29,
                4,
                49,
                21
            ],
            [
                29,
                2,
                40,
                36
            ]
        ],
        "lWaitDayByPriority": [
            12633,
            70,
            3340,
            5099,
            4124
        ],
        "objval": 2818.5793722917497,
        "std_occupancy": 45.46047730308414
    },
    "runtime": 3.4143998622894287,
    "simdays": 150,
    "solver": "greedy"
}