{
    "arrivalrate": 12.0,
    "ins_name": 423,
    "ins_path": "/home/tusan/projects/def-roussea5/tusan/exp/2021_Oct/8linacs/lambda12.0/data",
    "lNoNewPatients": [
        345,
        2,
        128,
        121,
        94
    ],
    "lNoPatients": [
        648,
        2,
        140,
        298,
        208
    ],
    "lNoSections": [
        4696,
        3,
        357,
        2350,
        1986
    ],
    "mipgap": 0.012689575989995908,
    "noLinacs": 8,
    "noSlotsPerDay": 120,
    "planningHorizon": 80,
    "runresult": {
        "feasibility": true,
        "lAvgLateDayByPriority": [
            4.6869565217391305,
            0.0,
            0.0,
            9.62809917355372,
            4.808510638297872
        ],
        "lAvgWaitDayByPriority": [
            17.24927536231884,
            0.0,
            1.3828125,
            23.231404958677686,
            31.52127659574468
        ],
        "lLateDayByPriority": [
            1617,
            0,
            0,
            1165,
            452
        ],
        "lWaitDayByPriority": [
            5951,
            0,
            177,
            2811,
            2963
        ],
        "objval": 20283.017416366274
    },
    "runtime": 51981.73775458336,
    "simdays": 30,
    "solver": "static"
}