{
    "arrivalrate": 12.0,
    "ins_name": 445,
    "ins_path": "/ssd6/san/software/RTSP-scheduling/data/8linacs/lambda12.0/data",
    "lNoNewPatients": [
        360,
        2,
        134,
        129,
        95
    ],
    "lNoPatients": [
        674,
        2,
        152,
        308,
        212
    ],
    "lNoSections": [
        4881,
        3,
        371,
        2492,
        2015
    ],
    "mipgap": 1.0,
    "noLinacs": 8,
    "noSlotsPerDay": 120,
    "planningHorizon": 80,
    "runresult": {
        "avg_occupancy": 44.263888888888886,
        "feasibility": true,
        "lAvgLateDayByPriority": [
            15.616666666666667,
            12.0,
            20.171641791044777,
            17.573643410852714,
            6.610526315789474
        ],
        "lAvgWaitDayByPriority": [
            28.369444444444444,
            12.0,
            22.78358208955224,
            30.62015503875969,
            33.536842105263155
        ],
        "lLateDayByPriority": [
            5622,
            24,
            2703,
            2267,
            628
        ],
        "lOccupancy": {
            "0": [
                0.0,
                0.0,
                0.0,
                0.0,
                0.0,
                0.0,
                0.0,
                0.0,
                0.625,
                0.625,
                0.0,
                0.0,
                0.0,
                0.0,
                0.0,
                0.0,
                0.0,
                0.0,
                0.0,
                0.0,
                0.0,
                0.0,
                0.0,
                0.0,
                0.0,
                0.0,
                0.0,
                0.0,
                0.625,
                0.0,
                0.0,
                0.0,
                0.0,
                0.0,
                0.0,
                0.0,
                0.0,
                0.0,
                0.0,
                0.0,
                0.0,
                0.0,
                0.0,
                0.0,
                0.0,
                0.0,
                0.0,
                0.0,
                0.0,
                0.0,
                0.0,
                0.0,
                0.0,
                0.0,
                0.0,
                0.0,
                0.0,
                0.0,
                0.0,
                0.0,
                0.0,
                0.0,
                0.0,
                0.0,
                0.0,
                0.0,
                0.0,
                0.0,
                0.0,
                0.0,
                0.0,
                0.0,
                0.0,
                0.0,
                0.0,
                0.0,
                0.0,
                0.0,
                0.0,
                0.0,
                0.0,
                0.0,
                0.0,
                0.0,
                0.0,
                0.0,
                0.0,
                0.0,
                0.0,
                0.0,
                0.0,
                0.0,
                0.0,
                0.0,
                0.0,
                0.0,
                0.0,
                0.0,
                0.0,
                0.0,
                0.0,
                0.0,
                0.0,
                0.0,
                0.0,
                0.0,
                0.0,
                0.0,
                0.0,
                0.0,
                0.0,
                0.0,
                0.0,
                0.0,
                0.0,
                0.0,
                0.0,
                0.0,
                0.0,
                0.0,
                0.0,
                0.0,
                0.0,
                0.0,
                0.0,
                0.0,
                0.0,
                0.0,
                0.0,
                0.0,
                0.0,
                0.0,
                0.0,
                0.0,
                0.0,
                0.0,
                0.0,
                0.0,
                0.0,
                0.0,
                0.0,
                0.0,
                0.0,
                0.0,
                0.0,
                0.0,
                0.0,
                0.0,
                0.0,
                0.0
            ],
            "1": [
                11.354166666666666,
                12.1875,
                14.166666666666666,
                9.583333333333334,
                5.0,
                5.0,
                5.104166666666667,
                5.9375,
                3.75,
                4.6875,
                4.375,
                3.75,
                3.4375000000000004,
                4.375,
                3.0208333333333335,
                3.6458333333333335,
                4.270833333333333,
                3.75,
                3.0208333333333335,
                3.5416666666666665,
                2.7083333333333335,
                2.8125,
                2.083333333333333,
                2.7083333333333335,
                2.1875,
                2.1875,
                2.1875,
                2.2916666666666665,
                2.2916666666666665,
                2.3958333333333335,
                3.5416666666666665,
                3.5416666666666665,
                5.729166666666666,
                5.729166666666666,
                4.0625,
                4.583333333333333,
                5.0,
                5.0,
                6.354166666666666,
                8.958333333333334,
                10.0,
                12.5,
                8.645833333333334,
                8.854166666666668,
                9.583333333333334,
                11.25,
                10.104166666666666,
                10.104166666666666,
                11.145833333333334,
                8.645833333333334,
                8.541666666666666,
                5.3125,
                4.583333333333333,
                4.6875,
                5.208333333333334,
                2.9166666666666665,
                2.9166666666666665,
                0.7291666666666666,
                0.0,
                0.0,
                0.0,
                0.0,
                0.0,
                0.0,
                0.0,
                0.0,
                0.0,
                0.0,
                0.0,
                0.0,
                0.0,
                0.0,
                0.0,
                0.0,
                0.0,
                0.0,
                0.0,
                0.0,
                0.0,
                0.0,
                0.0,
                0.0,
                0.0,
                0.0,
                0.0,
                0.0,
                0.0,
                0.0,
                0.0,
                0.0,
                0.0,
                0.0,
                0.0,
                0.0,
                0.0,
                0.0,
                0.0,
                0.0,
                0.0,
                0.0,
                0.0,
                0.0,
                0.0,
                0.0,
                0.0,
                0.0,
                0.0,
                0.0,
                0.0,
                0.0,
                0.0,
                0.0,
                0.0,
                0.0,
                0.0,
                0.0,
                0.0,
                0.0,
                0.0,
                0.0,
                0.0,
                0.0,
                0.0,
                0.0,
                0.0,
                0.0,
                0.0,
                0.0,
                0.0,
                0.0,
                0.0,
                0.0,
                0.0,
                0.0,
                0.0,
                0.0,
                0.0,
                0.0,
                0.0,
                0.0,
                0.0,
                0.0,
                0.0,
                0.0,
                0.0,
                0.0,
                0.0,
                0.0,
                0.0,
                0.0
            ],
            "2": [
                53.43750000000001,
                55.3125,
                54.58333333333333,
                53.333333333333336,
                53.02083333333333,
                56.35416666666667,
                67.70833333333334,
                68.02083333333333,
                70.10416666666667,
                66.14583333333334,
                65.625,
                65.10416666666666,
                64.27083333333333,
                61.979166666666664,
                61.77083333333333,
                64.79166666666667,
                63.854166666666664,
                62.916666666666664,
                65.10416666666666,
                64.89583333333333,
                63.74999999999999,
                62.083333333333336,
                64.16666666666667,
                63.125,
                62.916666666666664,
                62.708333333333336,
                59.166666666666664,
                56.875,
                57.1875,
                58.229166666666664,
                57.604166666666664,
                56.35416666666667,
                55.104166666666664,
                56.041666666666664,
                58.333333333333336,
                58.854166666666664,
                59.166666666666664,
                57.604166666666664,
                55.729166666666664,
                53.85416666666667,
                53.85416666666667,
                48.75,
                52.29166666666667,
                53.02083333333333,
                51.354166666666664,
                51.87500000000001,
                51.45833333333333,
                49.47916666666667,
                45.0,
                44.895833333333336,
                44.166666666666664,
                43.333333333333336,
                43.645833333333336,
                43.958333333333336,
                45.104166666666664,
                47.91666666666667,
                48.854166666666664,
                47.8125,
                47.1875,
                38.4375,
                35.520833333333336,
                35.520833333333336,
                31.145833333333332,
                28.749999999999996,
                27.604166666666668,
                27.604166666666668,
                26.354166666666668,
                24.479166666666664,
                24.479166666666664,
                22.083333333333332,
                21.458333333333332,
                19.166666666666668,
                17.1875,
                15.937499999999998,
                15.312500000000002,
                13.4375,
                12.812499999999998,
                9.166666666666666,
                8.645833333333334,
                8.125,
                6.979166666666667,
                6.354166666666666,
                5.729166666666666,
                5.0,
                4.375,
                3.125,
                3.125,
                1.875,
                1.25,
                0.625,
                0.0,
                0.0,
                0.0,
                0.0,
                0.0,
                0.0,
                0.0,
                0.0,
                0.0,
                0.0,
                0.0,
                0.0,
                0.0,
                0.0,
                0.0,
                0.0,
                0.0,
                0.0,
                0.0,
                0.0,
                0.0,
                0.0,
                0.0,
                0.0,
                0.0,
                0.0,
                0.0,
                0.0,
                0.0,
                0.0,
                0.0,
                0.0,
                0.0,
                0.0,
                0.0,
                0.0,
                0.0,
                0.0,
                0.0,
                0.0,
                0.0,
                0.0,
                0.0,
                0.0,
                0.0,
                0.0,
                0.0,
                0.0,
                0.0,
                0.0,
                0.0,
                0.0,
                0.0,
                0.0,
                0.0,
                0.0,
                0.0,
                0.0,
                0.0,
                0.0
            ],
            "3": [
                30.104166666666664,
                28.541666666666664,
                28.645833333333332,
                29.479166666666668,
                29.583333333333332,
                27.8125,
                24.479166666666664,
                24.583333333333332,
                24.270833333333332,
                26.770833333333332,
                28.229166666666668,
                29.166666666666668,
                30.729166666666668,
                31.874999999999996,
                34.166666666666664,
                30.208333333333332,
                30.833333333333336,
                31.5625,
                29.895833333333332,
                30.833333333333336,
                31.770833333333332,
                33.958333333333336,
                32.395833333333336,
                32.5,
                33.645833333333336,
                34.166666666666664,
                36.770833333333336,
                38.958333333333336,
                38.02083333333333,
                37.708333333333336,
                37.291666666666664,
                38.54166666666667,
                37.395833333333336,
                36.875,
                35.625,
                34.791666666666664,
                35.41666666666667,
                36.041666666666664,
                36.770833333333336,
                36.354166666666664,
                34.270833333333336,
                37.5,
                37.291666666666664,
                36.5625,
                37.5,
                35.625,
                37.1875,
                38.958333333333336,
                41.770833333333336,
                42.70833333333333,
                42.916666666666664,
                44.375,
                44.375,
                44.27083333333333,
                41.14583333333333,
                39.791666666666664,
                37.291666666666664,
                35.625,
                34.375,
                34.375,
                32.083333333333336,
                31.458333333333332,
                30.833333333333336,
                29.6875,
                26.354166666666668,
                26.354166666666668,
                23.541666666666668,
                23.541666666666668,
                23.541666666666668,
                20.729166666666668,
                18.854166666666668,
                18.229166666666664,
                16.979166666666668,
                15.104166666666666,
                12.708333333333332,
                10.104166666666666,
                9.479166666666666,
                8.333333333333332,
                6.25,
                5.625,
                5.0,
                3.75,
                2.5,
                1.875,
                1.25,
                0.0,
                0.0,
                0.0,
                0.0,
                0.0,
                0.0,
                0.0,
                0.0,
                0.0,
                0.0,
                0.0,
                0.0,
                0.0,
                0.0,
                0.0,
                0.0,
                0.0,
                0.0,
                0.0,
                0.0,
                0.0,
                0.0,
                0.0,
                0.0,
                0.0,
                0.0,
                0.0,
                0.0,
                0.0,
                0.0,
                0.0,
                0.0,
                0.0,
                0.0,
                0.0,
                0.0,
                0.0,
                0.0,
                0.0,
                0.0,
                0.0,
                0.0,
                0.0,
                0.0,
                0.0,
                0.0,
                0.0,
                0.0,
                0.0,
                0.0,
                0.0,
                0.0,
                0.0,
                0.0,
                0.0,
                0.0,
                0.0,
                0.0,
                0.0,
                0.0,
                0.0,
                0.0,
                0.0,
                0.0,
                0.0
            ],
            "overall": [
                94.89583333333334,
                96.04166666666666,
                97.39583333333333,
                92.39583333333334,
                87.60416666666666,
                89.16666666666667,
                97.29166666666669,
                98.54166666666666,
                98.75,
                98.22916666666667,
                98.22916666666667,
                98.02083333333333,
                98.4375,
                98.22916666666666,
                98.95833333333331,
                98.64583333333333,
                98.95833333333334,
                98.22916666666666,
                98.02083333333331,
                99.27083333333334,
                98.22916666666666,
                98.85416666666669,
                98.64583333333334,
                98.33333333333333,
                98.75,
                99.0625,
                98.125,
                98.125,
                98.125,
                98.33333333333334,
                98.4375,
                98.4375,
                98.22916666666666,
                98.64583333333333,
                98.02083333333334,
                98.22916666666666,
                99.58333333333333,
                98.64583333333333,
                98.85416666666666,
                99.16666666666667,
                98.125,
                98.75,
                98.22916666666667,
                98.4375,
                98.4375,
                98.75,
                98.75,
                98.54166666666667,
                97.91666666666667,
                96.25,
                95.625,
                93.02083333333334,
                92.60416666666667,
                92.91666666666666,
                91.45833333333333,
                90.625,
                89.0625,
                84.16666666666666,
                81.5625,
                72.8125,
                67.60416666666667,
                66.97916666666667,
                61.97916666666667,
                58.4375,
                53.958333333333336,
                53.958333333333336,
                49.895833333333336,
                48.02083333333333,
                48.02083333333333,
                42.8125,
                40.3125,
                37.39583333333333,
                34.16666666666667,
                31.041666666666664,
                28.020833333333336,
                23.541666666666664,
                22.291666666666664,
                17.5,
                14.895833333333334,
                13.75,
                11.979166666666668,
                10.104166666666666,
                8.229166666666666,
                6.875,
                5.625,
                3.125,
                3.125,
                1.875,
                1.25,
                0.625,
                0.0,
                0.0,
                0.0,
                0.0,
                0.0,
                0.0,
                0.0,
                0.0,
                0.0,
                0.0,
                0.0,
                0.0,
                0.0,
                0.0,
                0.0,
                0.0,
                0.0,
                0.0,
                0.0,
                0.0,
                0.0,
                0.0,
                0.0,
                0.0,
                0.0,
                0.0,
                0.0,
                0.0,
                0.0,
                0.0,
                0.0,
                0.0,
                0.0,
                0.0,
                0.0,
                0.0,
                0.0,
                0.0,
                0.0,
                0.0,
                0.0,
                0.0,
                0.0,
                0.0,
                0.0,
                0.0,
                0.0,
                0.0,
                0.0,
                0.0,
                0.0,
                0.0,
                0.0,
                0.0,
                0.0,
                0.0,
                0.0,
                0.0,
                0.0,
                0.0
            ]
        },
        "lWaitAndOverdue": [
            [
                0,
                2,
                0,
                0
            ],
            [
                0,
                2,
                0,
                0
            ],
            [
                0,
                2,
                2,
                0
            ],
            [
                0,
                2,
                1,
                0
            ],
            [
                0,
                3,
                7,
                0
            ],
            [
                0,
                3,
                7,
                0
            ],
            [
                0,
                4,
                14,
                0
            ],
            [
                0,
                2,
                2,
                0
            ],
            [
                1,
                2,
                0,
                0
            ],
            [
                1,
                3,
                7,
                0
            ],
            [
                1,
                3,
                7,
                0
            ],
            [
                1,
                2,
                0,
                0
            ],
            [
                1,
                2,
                1,
                0
            ],
            [
                1,
                3,
                7,
                0
            ],
            [
                1,
                3,
                7,
                0
            ],
            [
                1,
                3,
                7,
                0
            ],
            [
                1,
                4,
                14,
                0
            ],
            [
                1,
                3,
                7,
                0
            ],
            [
                1,
                4,
                14,
                0
            ],
            [
                1,
                2,
                0,
                0
            ],
            [
                2,
                3,
                7,
                0
            ],
            [
                2,
                2,
                0,
                0
            ],
            [
                2,
                3,
                7,
                0
            ],
            [
                2,
                2,
                0,
                0
            ],
            [
                2,
                3,
                9,
                0
            ],
            [
                2,
                4,
                14,
                0
            ],
            [
                2,
                2,
                1,
                0
            ],
            [
                2,
                2,
                1,
                0
            ],
            [
                3,
                4,
                14,
                0
            ],
            [
                3,
                3,
                7,
                0
            ],
            [
                3,
                3,
                8,
                0
            ],
            [
                3,
                3,
                8,
                0
            ],
            [
                3,
                3,
                8,
                0
            ],
            [
                3,
                3,
                7,
                0
            ],
            [
                3,
                3,
                8,
                0
            ],
            [
                3,
                3,
                8,
                0
            ],
            [
                4,
                2,
                4,
                0
            ],
            [
                4,
                3,
                12,
                0
            ],
            [
                4,
                3,
                12,
                0
            ],
            [
                4,
                2,
                4,
                0
            ],
            [
                4,
                3,
                18,
                4
            ],
            [
                4,
                3,
                26,
                12
            ],
            [
                4,
                4,
                14,
                0
            ],
            [
                4,
                2,
                5,
                1
            ],
            [
                4,
                4,
                18,
                0
            ],
            [
                4,
                4,
                20,
                0
            ],
            [
                4,
                3,
                25,
                11
            ],
            [
                4,
                2,
                5,
                1
            ],
            [
                5,
                4,
                30,
                2
            ],
            [
                5,
                2,
                2,
                0
            ],
            [
                5,
                4,
                30,
                2
            ],
            [
                5,
                3,
                30,
                16
            ],
            [
                5,
                1,
                3,
                3
            ],
            [
                5,
                3,
                30,
                16
            ],
            [
                5,
                3,
                18,
                4
            ],
            [
                5,
                3,
                30,
                16
            ],
            [
                5,
                2,
                7,
                5
            ],
            [
                5,
                2,
                8,
                6
            ],
            [
                5,
                2,
                9,
                7
            ],
            [
                6,
                3,
                29,
                15
            ],
            [
                6,
                3,
                30,
                16
            ],
            [
                6,
                3,
                30,
                16
            ],
            [
                6,
                3,
                30,
                16
            ],
            [
                6,
                4,
                31,
                3
            ],
            [
                6,
                4,
                31,
                3
            ],
            [
                6,
                3,
                31,
                17
            ],
            [
                6,
                2,
                15,
                13
            ],
            [
                6,
                3,
                34,
                20
            ],
            [
                6,
                3,
                31,
                17
            ],
            [
                7,
                4,
                33,
                5
            ],
            [
                7,
                2,
                7,
                5
            ],
            [
                7,
                3,
                33,
                19
            ],
            [
                7,
                4,
                33,
                5
            ],
            [
                7,
                4,
                34,
                6
            ],
            [
                7,
                2,
                6,
                4
            ],
            [
                7,
                4,
                34,
                6
            ],
            [
                7,
                2,
                9,
                7
            ],
            [
                7,
                4,
                34,
                6
            ],
            [
                7,
                4,
                35,
                7
            ],
            [
                8,
                4,
                34,
                6
            ],
            [
                8,
                4,
                35,
                7
            ],
            [
                8,
                4,
                35,
                7
            ],
            [
                8,
                4,
                35,
                7
            ],
            [
                8,
                4,
                35,
                7
            ],
            [
                8,
                3,
                29,
                15
            ],
            [
                8,
                2,
                34,
                30
            ],
            [
                8,
                2,
                1,
                0
            ],
            [
                8,
                3,
                35,
                21
            ],
            [
                8,
                4,
                35,
                7
            ],
            [
                8,
                3,
                35,
                21
            ],
            [
                8,
                3,
                35,
                21
            ],
            [
                8,
                3,
                35,
                21
            ],
            [
                8,
                4,
                36,
                8
            ],
            [
                9,
                3,
                35,
                21
            ],
            [
                9,
                3,
                35,
                21
            ],
            [
                9,
                2,
                6,
                2
            ],
            [
                9,
                2,
                7,
                3
            ],
            [
                9,
                2,
                6,
                2
            ],
            [
                9,
                4,
                35,
                7
            ],
            [
                9,
                3,
                35,
                21
            ],
            [
                9,
                2,
                14,
                10
            ],
            [
                9,
                3,
                21,
                7
            ],
            [
                9,
                3,
                38,
                24
            ],
            [
                9,
                2,
                14,
                10
            ],
            [
                9,
                2,
                10,
                6
            ],
            [
                10,
                3,
                32,
                18
            ],
            [
                10,
                2,
                18,
                16
            ],
            [
                10,
                2,
                9,
                7
            ],
            [
                10,
                2,
                1,
                0
            ],
            [
                10,
                3,
                35,
                21
            ],
            [
                10,
                2,
                11,
                9
            ],
            [
                10,
                4,
                35,
                7
            ],
            [
                11,
                2,
                17,
                15
            ],
            [
                11,
                3,
                35,
                21
            ],
            [
                11,
                2,
                22,
                20
            ],
            [
                11,
                3,
                35,
                21
            ],
            [
                11,
                3,
                34,
                20
            ],
            [
                11,
                4,
                34,
                6
            ],
            [
                11,
                4,
                35,
                7
            ],
            [
                11,
                2,
                20,
                18
            ],
            [
                11,
                3,
                35,
                21
            ],
            [
                11,
                3,
                35,
                21
            ],
            [
                11,
                4,
                35,
                7
            ],
            [
                11,
                2,
                10,
                8
            ],
            [
                11,
                2,
                24,
                22
            ],
            [
                11,
                2,
                10,
                8
            ],
            [
                11,
                2,
                27,
                25
            ],
            [
                11,
                2,
                13,
                11
            ],
            [
                11,
                4,
                35,
                7
            ],
            [
                11,
                3,
                36,
                22
            ],
            [
                12,
                3,
                35,
                21
            ],
            [
                12,
                4,
                34,
                6
            ],
            [
                12,
                2,
                13,
                11
            ],
            [
                12,
                2,
                26,
                24
            ],
            [
                12,
                3,
                35,
                21
            ],
            [
                12,
                4,
                35,
                7
            ],
            [
                12,
                4,
                36,
                8
            ],
            [
                12,
                2,
                26,
                24
            ],
            [
                12,
                2,
                27,
                25
            ],
            [
                12,
                2,
                30,
                28
            ],
            [
                12,
                2,
                30,
                28
            ],
            [
                12,
                2,
                15,
                13
            ],
            [
                13,
                3,
                35,
                21
            ],
            [
                13,
                2,
                32,
                28
            ],
            [
                13,
                3,
                35,
                21
            ],
            [
                13,
                4,
                35,
                7
            ],
            [
                13,
                4,
                36,
                8
            ],
            [
                13,
                4,
                36,
                8
            ],
            [
                13,
                3,
                36,
                22
            ],
            [
                13,
                1,
                21,
                21
            ],
            [
                13,
                2,
                32,
                28
            ],
            [
                13,
                2,
                32,
                28
            ],
            [
                13,
                2,
                32,
                28
            ],
            [
                13,
                2,
                25,
                21
            ],
            [
                13,
                3,
                36,
                22
            ],
            [
                13,
                3,
                36,
                22
            ],
            [
                13,
                3,
                36,
                22
            ],
            [
                14,
                4,
                38,
                10
            ],
            [
                14,
                2,
                26,
                22
            ],
            [
                14,
                2,
                32,
                28
            ],
            [
                14,
                2,
                33,
                29
            ],
            [
                14,
                2,
                34,
                30
            ],
            [
                14,
                4,
                35,
                7
            ],
            [
                14,
                3,
                38,
                24
            ],
            [
                14,
                3,
                38,
                24
            ],
            [
                14,
                3,
                38,
                24
            ],
            [
                14,
                2,
                31,
                27
            ],
            [
                14,
                3,
                38,
                24
            ],
            [
                14,
                2,
                34,
                30
            ],
            [
                14,
                3,
                38,
                24
            ],
            [
                14,
                2,
                32,
                28
            ],
            [
                14,
                2,
                34,
                30
            ],
            [
                14,
                3,
                38,
                24
            ],
            [
                14,
                3,
                38,
                24
            ],
            [
                15,
                2,
                32,
                30
            ],
            [
                15,
                4,
                36,
                8
            ],
            [
                15,
                4,
                36,
                8
            ],
            [
                15,
                4,
                36,
                8
            ],
            [
                15,
                4,
                36,
                8
            ],
            [
                15,
                4,
                36,
                8
            ],
            [
                15,
                4,
                36,
                8
            ],
            [
                15,
                3,
                36,
                22
            ],
            [
                15,
                2,
                35,
                33
            ],
            [
                15,
                4,
                36,
                8
            ],
            [
                15,
                2,
                32,
                30
            ],
            [
                15,
                4,
                36,
                8
            ],
            [
                15,
                2,
                32,
                30
            ],
            [
                16,
                3,
                36,
                22
            ],
            [
                16,
                3,
                35,
                21
            ],
            [
                16,
                3,
                35,
                21
            ],
            [
                16,
                4,
                35,
                7
            ],
            [
                16,
                2,
                34,
                32
            ],
            [
                16,
                2,
                34,
                32
            ],
            [
                16,
                2,
                34,
                32
            ],
            [
                16,
                2,
                34,
                32
            ],
            [
                16,
                3,
                36,
                22
            ],
            [
                16,
                4,
                35,
                7
            ],
            [
                16,
                3,
                35,
                21
            ],
            [
                16,
                2,
                35,
                33
            ],
            [
                16,
                3,
                36,
                22
            ],
            [
                16,
                4,
                36,
                8
            ],
            [
                16,
                4,
                35,
                7
            ],
            [
                16,
                2,
                34,
                32
            ],
            [
                16,
                4,
                36,
                8
            ],
            [
                16,
                2,
                35,
                33
            ],
            [
                17,
                4,
                35,
                7
            ],
            [
                17,
                3,
                35,
                21
            ],
            [
                17,
                2,
                34,
                32
            ],
            [
                17,
                2,
                34,
                32
            ],
            [
                17,
                3,
                35,
                21
            ],
            [
                18,
                2,
                33,
                29
            ],
            [
                18,
                2,
                33,
                29
            ],
            [
                18,
                3,
                34,
                20
            ],
            [
                18,
                3,
                34,
                20
            ],
            [
                18,
                2,
                33,
                29
            ],
            [
                18,
                2,
                33,
                29
            ],
            [
                18,
                2,
                34,
                30
            ],
            [
                18,
                3,
                35,
                21
            ],
            [
                18,
                2,
                21,
                17
            ],
            [
                18,
                4,
                35,
                7
            ],
            [
                18,
                3,
                36,
                22
            ],
            [
                18,
                3,
                35,
                21
            ],
            [
                18,
                4,
                35,
                7
            ],
            [
                18,
                3,
                36,
                22
            ],
            [
                18,
                2,
                29,
                25
            ],
            [
                18,
                3,
                36,
                22
            ],
            [
                18,
                3,
                36,
                22
            ],
            [
                19,
                3,
                35,
                21
            ],
            [
                19,
                3,
                35,
                21
            ],
            [
                19,
                4,
                35,
                7
            ],
            [
                19,
                4,
                35,
                7
            ],
            [
                19,
                4,
                35,
                7
            ],
            [
                19,
                4,
                35,
                7
            ],
            [
                19,
                4,
                35,
                7
            ],
            [
                20,
                2,
                30,
                28
            ],
            [
                20,
                2,
                30,
                28
            ],
            [
                20,
                4,
                35,
                7
            ],
            [
                20,
                3,
                32,
                18
            ],
            [
                20,
                2,
                29,
                27
            ],
            [
                20,
                3,
                35,
                21
            ],
            [
                20,
                3,
                35,
                21
            ],
            [
                20,
                3,
                35,
                21
            ],
            [
                20,
                3,
                36,
                22
            ],
            [
                20,
                4,
                36,
                8
            ],
            [
                21,
                4,
                35,
                7
            ],
            [
                21,
                4,
                35,
                7
            ],
            [
                21,
                2,
                29,
                27
            ],
            [
                21,
                4,
                35,
                7
            ],
            [
                21,
                3,
                36,
                22
            ],
            [
                21,
                3,
                35,
                21
            ],
            [
                21,
                4,
                35,
                7
            ],
            [
                21,
                3,
                36,
                22
            ],
            [
                21,
                2,
                30,
                28
            ],
            [
                21,
                3,
                36,
                22
            ],
            [
                21,
                4,
                36,
                8
            ],
            [
                21,
                2,
                30,
                28
            ],
            [
                21,
                2,
                30,
                28
            ],
            [
                21,
                4,
                36,
                8
            ],
            [
                21,
                4,
                36,
                8
            ],
            [
                22,
                4,
                35,
                7
            ],
            [
                22,
                2,
                29,
                27
            ],
            [
                22,
                3,
                35,
                21
            ],
            [
                22,
                3,
                35,
                21
            ],
            [
                22,
                3,
                35,
                21
            ],
            [
                22,
                4,
                36,
                8
            ],
            [
                22,
                2,
                28,
                26
            ],
            [
                22,
                2,
                29,
                27
            ],
            [
                22,
                2,
                30,
                28
            ],
            [
                22,
                3,
                36,
                22
            ],
            [
                22,
                4,
                36,
                8
            ],
            [
                22,
                2,
                30,
                28
            ],
            [
                23,
                4,
                35,
                7
            ],
            [
                23,
                4,
                35,
                7
            ],
            [
                23,
                2,
                29,
                25
            ],
            [
                23,
                3,
                35,
                21
            ],
            [
                23,
                4,
                35,
                7
            ],
            [
                23,
                3,
                35,
                21
            ],
            [
                23,
                3,
                35,
                21
            ],
            [
                23,
                2,
                28,
                24
            ],
            [
                23,
                4,
                35,
                7
            ],
            [
                23,
                3,
                35,
                21
            ],
            [
                23,
                2,
                32,
                28
            ],
            [
                23,
                3,
                36,
                22
            ],
            [
                23,
                2,
                32,
                28
            ],
            [
                23,
                4,
                36,
                8
            ],
            [
                23,
                4,
                36,
                8
            ],
            [
                23,
                4,
                36,
                8
            ],
            [
                24,
                4,
                35,
                7
            ],
            [
                24,
                4,
                33,
                5
            ],
            [
                24,
                4,
                34,
                6
            ],
            [
                24,
                3,
                35,
                21
            ],
            [
                24,
                4,
                38,
                10
            ],
            [
                24,
                3,
                38,
                24
            ],
            [
                24,
                2,
                28,
                24
            ],
            [
                24,
                2,
                27,
                23
            ],
            [
                24,
                2,
                31,
                27
            ],
            [
                24,
                2,
                31,
                27
            ],
            [
                24,
                2,
                32,
                28
            ],
            [
                24,
                4,
                38,
                10
            ],
            [
                24,
                3,
                38,
                24
            ],
            [
                25,
                4,
                35,
                7
            ],
            [
                25,
                2,
                28,
                26
            ],
            [
                25,
                4,
                35,
                7
            ],
            [
                25,
                4,
                36,
                8
            ],
            [
                25,
                2,
                29,
                27
            ],
            [
                25,
                4,
                36,
                8
            ],
            [
                25,
                2,
                29,
                27
            ],
            [
                25,
                2,
                29,
                27
            ],
            [
                25,
                4,
                36,
                8
            ],
            [
                25,
                4,
                36,
                8
            ],
            [
                25,
                2,
                24,
                22
            ],
            [
                25,
                3,
                36,
                22
            ],
            [
                25,
                3,
                36,
                22
            ],
            [
                25,
                4,
                37,
                9
            ],
            [
                25,
                2,
                29,
                27
            ],
            [
                25,
                2,
                30,
                28
            ],
            [
                25,
                2,
                30,
                28
            ],
            [
                26,
                3,
                37,
                23
            ],
            [
                26,
                4,
                37,
                9
            ],
            [
                26,
                2,
                29,
                27
            ],
            [
                26,
                4,
                37,
                9
            ],
            [
                26,
                3,
                36,
                22
            ],
            [
                26,
                2,
                30,
                28
            ],
            [
                26,
                3,
                38,
                24
            ],
            [
                26,
                2,
                30,
                28
            ],
            [
                26,
                3,
                36,
                22
            ],
            [
                26,
                2,
                30,
                28
            ],
            [
                26,
                3,
                36,
                22
            ],
            [
                27,
                2,
                29,
                27
            ],
            [
                27,
                2,
                29,
                27
            ],
            [
                27,
                2,
                26,
                24
            ],
            [
                27,
                3,
                36,
                22
            ],
            [
                27,
                3,
                37,
                23
            ],
            [
                27,
                2,
                29,
                27
            ],
            [
                27,
                3,
                37,
                23
            ],
            [
                27,
                2,
                36,
                34
            ],
            [
                27,
                3,
                37,
                23
            ],
            [
                28,
                4,
                39,
                11
            ],
            [
                28,
                3,
                39,
                25
            ],
            [
                28,
                2,
                28,
                24
            ],
            [
                28,
                3,
                39,
                25
            ],
            [
                28,
                2,
                28,
                24
            ],
            [
                28,
                2,
                29,
                25
            ],
            [
                28,
                2,
                29,
                25
            ],
            [
                28,
                2,
                29,
                25
            ],
            [
                28,
                2,
                32,
                28
            ],
            [
                28,
                2,
                28,
                24
            ],
            [
                28,
                3,
                39,
                25
            ],
            [
                28,
                3,
                39,
                25
            ],
            [
                28,
                2,
                36,
                32
            ],
            [
                29,
                2,
                31,
                27
            ],
            [
                29,
                2,
                38,
                34
            ],
            [
                29,
                3,
                39,
                25
            ],
            [
                29,
                3,
                38,
                24
            ],
            [
                29,
                3,
                40,
                26
            ],
            [
                29,
                3,
                39,
                25
            ],
            [
                29,
                2,
                31,
                27
            ],
            [
                29,
                4,
                39,
                11
            ],
            [
                29,
                3,
                39,
                25
            ],
            [
                29,
                3,
                40,
                26
            ]
        ],
        "lWaitDayByPriority": [
            10213,
            24,
            3053,
            3950,
            3186
        ],
        "objval": 2668.348629557232,
        "std_occupancy": 44.87170927444013
    },
    "runtime": 3.1260156631469727,
    "simdays": 150,
    "solver": "daily_greedy"
}