{
    "arrivalrate": 12.0,
    "ins_name": 446,
    "ins_path": "/home/tusan/projects/def-roussea5/tusan/exp/2021_Oct/8linacs/lambda12.0/data",
    "lNoNewPatients": [
        334,
        2,
        121,
        114,
        97
    ],
    "lNoPatients": [
        627,
        2,
        135,
        286,
        204
    ],
    "lNoSections": [
        4721,
        3,
        361,
        2350,
        2007
    ],
    "mipgap": 0.014967980632821828,
    "noLinacs": 8,
    "noSlotsPerDay": 120,
    "planningHorizon": 80,
    "runresult": {
        "feasibility": true,
        "lAvgLateDayByPriority": [
            3.9251497005988023,
            0.0,
            0.0,
            8.219298245614034,
            3.8556701030927836
        ],
        "lAvgWaitDayByPriority": [
            16.766467065868262,
            0.0,
            1.371900826446281,
            21.640350877192983,
            30.587628865979383
        ],
        "lLateDayByPriority": [
            1311,
            0,
            0,
            937,
            374
        ],
        "lWaitDayByPriority": [
            5600,
            0,
            166,
            2467,
            2967
        ],
        "objval": 20278.021956356344
    },
    "runtime": 4025.0754404067993,
    "simdays": 30,
    "solver": "static"
}