{
    "arrivalrate": 12.0,
    "ins_name": 455,
    "ins_path": "/ssd6/san/software/RTSP-scheduling/data/8linacs/lambda12.0/data",
    "lNoNewPatients": [
        370,
        2,
        138,
        131,
        99
    ],
    "lNoPatients": [
        679,
        2,
        158,
        306,
        213
    ],
    "lNoSections": [
        5045,
        3,
        384,
        2560,
        2098
    ],
    "mipgap": 1.0,
    "noLinacs": 8,
    "noSlotsPerDay": 120,
    "planningHorizon": 80,
    "runresult": {
        "avg_occupancy": 44.18541666666667,
        "feasibility": true,
        "lAvgLateDayByPriority": [
            15.032432432432433,
            9.5,
            19.3768115942029,
            17.206106870229007,
            6.212121212121212
        ],
        "lAvgWaitDayByPriority": [
            27.854054054054053,
            9.5,
            22.014492753623188,
            30.282442748091604,
            33.15151515151515
        ],
        "lLateDayByPriority": [
            5562,
            19,
            2674,
            2254,
            615
        ],
        "lOccupancy": {
            "0": [
                0.0,
                0.0,
                0.0,
                0.0,
                0.0,
                0.0,
                0.0,
                0.0,
                0.0,
                0.625,
                0.625,
                0.0,
                0.0,
                0.0,
                0.0,
                0.0,
                0.0,
                0.0,
                0.0,
                0.0,
                0.0,
                0.0,
                0.0,
                0.625,
                0.0,
                0.0,
                0.0,
                0.0,
                0.0,
                0.0,
                0.0,
                0.0,
                0.0,
                0.0,
                0.0,
                0.0,
                0.0,
                0.0,
                0.0,
                0.0,
                0.0,
                0.0,
                0.0,
                0.0,
                0.0,
                0.0,
                0.0,
                0.0,
                0.0,
                0.0,
                0.0,
                0.0,
                0.0,
                0.0,
                0.0,
                0.0,
                0.0,
                0.0,
                0.0,
                0.0,
                0.0,
                0.0,
                0.0,
                0.0,
                0.0,
                0.0,
                0.0,
                0.0,
                0.0,
                0.0,
                0.0,
                0.0,
                0.0,
                0.0,
                0.0,
                0.0,
                0.0,
                0.0,
                0.0,
                0.0,
                0.0,
                0.0,
                0.0,
                0.0,
                0.0,
                0.0,
                0.0,
                0.0,
                0.0,
                0.0,
                0.0,
                0.0,
                0.0,
                0.0,
                0.0,
                0.0,
                0.0,
                0.0,
                0.0,
                0.0,
                0.0,
                0.0,
                0.0,
                0.0,
                0.0,
                0.0,
                0.0,
                0.0,
                0.0,
                0.0,
                0.0,
                0.0,
                0.0,
                0.0,
                0.0,
                0.0,
                0.0,
                0.0,
                0.0,
                0.0,
                0.0,
                0.0,
                0.0,
                0.0,
                0.0,
                0.0,
                0.0,
                0.0,
                0.0,
                0.0,
                0.0,
                0.0,
                0.0,
                0.0,
                0.0,
                0.0,
                0.0,
                0.0,
                0.0,
                0.0,
                0.0,
                0.0,
                0.0,
                0.0,
                0.0,
                0.0,
                0.0,
                0.0,
                0.0,
                0.0
            ],
            "1": [
                12.083333333333334,
                11.354166666666666,
                12.604166666666666,
                9.583333333333334,
                6.979166666666667,
                7.187499999999999,
                5.0,
                4.895833333333333,
                4.895833333333333,
                5.0,
                4.0625,
                4.375,
                4.0625,
                2.5,
                2.5,
                5.416666666666667,
                3.3333333333333335,
                4.0625,
                3.125,
                3.125,
                2.604166666666667,
                2.7083333333333335,
                2.2916666666666665,
                2.2916666666666665,
                2.2916666666666665,
                2.2916666666666665,
                2.2916666666666665,
                2.2916666666666665,
                3.4375000000000004,
                3.229166666666667,
                5.729166666666666,
                5.729166666666666,
                3.854166666666667,
                4.895833333333333,
                5.3125,
                5.0,
                5.625,
                6.979166666666667,
                10.0,
                10.0,
                10.208333333333334,
                9.583333333333334,
                10.625,
                10.416666666666668,
                10.729166666666666,
                11.5625,
                11.458333333333332,
                11.25,
                9.791666666666666,
                10.520833333333334,
                5.3125,
                5.3125,
                1.4583333333333333,
                1.4583333333333333,
                5.833333333333333,
                3.6458333333333335,
                1.4583333333333333,
                0.7291666666666666,
                0.7291666666666666,
                0.0,
                0.0,
                0.0,
                0.0,
                0.0,
                0.0,
                0.0,
                0.0,
                0.0,
                0.0,
                0.0,
                0.0,
                0.0,
                0.0,
                0.0,
                0.0,
                0.0,
                0.0,
                0.0,
                0.0,
                0.0,
                0.0,
                0.0,
                0.0,
                0.0,
                0.0,
                0.0,
                0.0,
                0.0,
                0.0,
                0.0,
                0.0,
                0.0,
                0.0,
                0.0,
                0.0,
                0.0,
                0.0,
                0.0,
                0.0,
                0.0,
                0.0,
                0.0,
                0.0,
                0.0,
                0.0,
                0.0,
                0.0,
                0.0,
                0.0,
                0.0,
                0.0,
                0.0,
                0.0,
                0.0,
                0.0,
                0.0,
                0.0,
                0.0,
                0.0,
                0.0,
                0.0,
                0.0,
                0.0,
                0.0,
                0.0,
                0.0,
                0.0,
                0.0,
                0.0,
                0.0,
                0.0,
                0.0,
                0.0,
                0.0,
                0.0,
                0.0,
                0.0,
                0.0,
                0.0,
                0.0,
                0.0,
                0.0,
                0.0,
                0.0,
                0.0,
                0.0,
                0.0,
                0.0,
                0.0,
                0.0
            ],
            "2": [
                52.81249999999999,
                53.75,
                54.270833333333336,
                54.479166666666664,
                54.58333333333333,
                60.62499999999999,
                70.10416666666667,
                66.5625,
                66.25,
                65.83333333333333,
                65.20833333333333,
                64.0625,
                60.83333333333333,
                62.39583333333333,
                65.41666666666667,
                65.41666666666667,
                63.541666666666664,
                65.83333333333333,
                66.14583333333334,
                63.541666666666664,
                61.04166666666667,
                61.5625,
                63.74999999999999,
                60.3125,
                58.229166666666664,
                56.666666666666664,
                56.35416666666667,
                56.56250000000001,
                57.8125,
                59.06249999999999,
                55.208333333333336,
                55.729166666666664,
                58.64583333333333,
                57.8125,
                58.75,
                56.666666666666664,
                56.041666666666664,
                55.104166666666664,
                55.52083333333333,
                51.87500000000001,
                52.5,
                52.916666666666664,
                52.604166666666664,
                51.45833333333333,
                50.9375,
                48.333333333333336,
                48.333333333333336,
                45.520833333333336,
                44.895833333333336,
                43.645833333333336,
                42.395833333333336,
                43.645833333333336,
                43.645833333333336,
                46.5625,
                45.625,
                49.791666666666664,
                49.0625,
                46.5625,
                42.395833333333336,
                38.958333333333336,
                35.41666666666667,
                32.916666666666664,
                30.625000000000004,
                29.479166666666668,
                28.854166666666664,
                26.354166666666668,
                25.729166666666664,
                23.958333333333336,
                23.333333333333332,
                22.291666666666668,
                19.0625,
                18.4375,
                17.1875,
                16.5625,
                14.6875,
                14.0625,
                10.416666666666668,
                9.895833333333332,
                8.75,
                8.75,
                7.604166666666666,
                6.979166666666667,
                6.25,
                5.625,
                4.375,
                4.375,
                3.125,
                2.5,
                1.875,
                1.25,
                0.625,
                0.0,
                0.0,
                0.0,
                0.0,
                0.0,
                0.0,
                0.0,
                0.0,
                0.0,
                0.0,
                0.0,
                0.0,
                0.0,
                0.0,
                0.0,
                0.0,
                0.0,
                0.0,
                0.0,
                0.0,
                0.0,
                0.0,
                0.0,
                0.0,
                0.0,
                0.0,
                0.0,
                0.0,
                0.0,
                0.0,
                0.0,
                0.0,
                0.0,
                0.0,
                0.0,
                0.0,
                0.0,
                0.0,
                0.0,
                0.0,
                0.0,
                0.0,
                0.0,
                0.0,
                0.0,
                0.0,
                0.0,
                0.0,
                0.0,
                0.0,
                0.0,
                0.0,
                0.0,
                0.0,
                0.0,
                0.0,
                0.0,
                0.0,
                0.0
            ],
            "3": [
                30.416666666666664,
                30.104166666666664,
                29.479166666666668,
                29.583333333333332,
                29.479166666666668,
                25.729166666666664,
                22.395833333333336,
                26.770833333333332,
                27.708333333333336,
                26.666666666666668,
                28.4375,
                30.625000000000004,
                33.541666666666664,
                33.958333333333336,
                30.416666666666664,
                28.333333333333332,
                31.458333333333332,
                29.6875,
                30.104166666666664,
                31.874999999999996,
                34.583333333333336,
                34.270833333333336,
                31.770833333333332,
                35.41666666666667,
                37.8125,
                39.166666666666664,
                39.58333333333333,
                38.645833333333336,
                37.1875,
                36.041666666666664,
                37.916666666666664,
                36.354166666666664,
                35.9375,
                35.41666666666667,
                34.791666666666664,
                36.875,
                36.770833333333336,
                36.354166666666664,
                33.958333333333336,
                36.770833333333336,
                35.833333333333336,
                36.354166666666664,
                35.0,
                36.25,
                36.666666666666664,
                38.333333333333336,
                38.02083333333333,
                42.5,
                42.291666666666664,
                42.291666666666664,
                44.375,
                42.5,
                44.27083333333333,
                41.66666666666667,
                40.416666666666664,
                36.666666666666664,
                37.916666666666664,
                36.666666666666664,
                35.520833333333336,
                34.89583333333333,
                33.75,
                32.604166666666664,
                29.895833333333332,
                29.270833333333336,
                26.979166666666664,
                25.833333333333336,
                25.833333333333336,
                25.208333333333332,
                22.395833333333336,
                21.145833333333332,
                19.895833333333332,
                19.270833333333336,
                16.145833333333336,
                13.333333333333334,
                13.333333333333334,
                10.0,
                8.854166666666668,
                7.187499999999999,
                6.145833333333333,
                5.520833333333333,
                4.270833333333333,
                3.125,
                1.875,
                0.625,
                0.0,
                0.0,
                0.0,
                0.0,
                0.0,
                0.0,
                0.0,
                0.0,
                0.0,
                0.0,
                0.0,
                0.0,
                0.0,
                0.0,
                0.0,
                0.0,
                0.0,
                0.0,
                0.0,
                0.0,
                0.0,
                0.0,
                0.0,
                0.0,
                0.0,
                0.0,
                0.0,
                0.0,
                0.0,
                0.0,
                0.0,
                0.0,
                0.0,
                0.0,
                0.0,
                0.0,
                0.0,
                0.0,
                0.0,
                0.0,
                0.0,
                0.0,
                0.0,
                0.0,
                0.0,
                0.0,
                0.0,
                0.0,
                0.0,
                0.0,
                0.0,
                0.0,
                0.0,
                0.0,
                0.0,
                0.0,
                0.0,
                0.0,
                0.0,
                0.0,
                0.0,
                0.0,
                0.0,
                0.0,
                0.0,
                0.0
            ],
            "overall": [
                95.3125,
                95.20833333333334,
                96.35416666666667,
                93.64583333333333,
                91.04166666666666,
                93.54166666666666,
                97.5,
                98.22916666666666,
                98.85416666666666,
                98.125,
                98.33333333333333,
                99.0625,
                98.4375,
                98.85416666666666,
                98.33333333333334,
                99.16666666666667,
                98.33333333333333,
                99.58333333333333,
                99.375,
                98.54166666666666,
                98.22916666666667,
                98.54166666666666,
                97.81249999999999,
                98.64583333333334,
                98.33333333333333,
                98.125,
                98.22916666666666,
                97.5,
                98.4375,
                98.33333333333331,
                98.85416666666666,
                97.8125,
                98.4375,
                98.125,
                98.85416666666666,
                98.54166666666666,
                98.4375,
                98.4375,
                99.47916666666666,
                98.64583333333334,
                98.54166666666667,
                98.85416666666666,
                98.22916666666666,
                98.125,
                98.33333333333333,
                98.22916666666667,
                97.8125,
                99.27083333333334,
                96.97916666666666,
                96.45833333333334,
                92.08333333333334,
                91.45833333333334,
                89.375,
                89.6875,
                91.875,
                90.10416666666666,
                88.4375,
                83.95833333333333,
                78.64583333333334,
                73.85416666666666,
                69.16666666666667,
                65.52083333333333,
                60.520833333333336,
                58.75,
                55.83333333333333,
                52.1875,
                51.5625,
                49.16666666666667,
                45.72916666666667,
                43.4375,
                38.95833333333333,
                37.708333333333336,
                33.333333333333336,
                29.895833333333336,
                28.020833333333336,
                24.0625,
                19.270833333333336,
                17.083333333333332,
                14.895833333333332,
                14.270833333333332,
                11.875,
                10.104166666666668,
                8.125,
                6.25,
                4.375,
                4.375,
                3.125,
                2.5,
                1.875,
                1.25,
                0.625,
                0.0,
                0.0,
                0.0,
                0.0,
                0.0,
                0.0,
                0.0,
                0.0,
                0.0,
                0.0,
                0.0,
                0.0,
                0.0,
                0.0,
                0.0,
                0.0,
                0.0,
                0.0,
                0.0,
                0.0,
                0.0,
                0.0,
                0.0,
                0.0,
                0.0,
                0.0,
                0.0,
                0.0,
                0.0,
                0.0,
                0.0,
                0.0,
                0.0,
                0.0,
                0.0,
                0.0,
                0.0,
                0.0,
                0.0,
                0.0,
                0.0,
                0.0,
                0.0,
                0.0,
                0.0,
                0.0,
                0.0,
                0.0,
                0.0,
                0.0,
                0.0,
                0.0,
                0.0,
                0.0,
                0.0,
                0.0,
                0.0,
                0.0,
                0.0
            ]
        },
        "lWaitAndOverdue": [
            [
                0,
                2,
                1,
                0
            ],
            [
                0,
                2,
                2,
                0
            ],
            [
                0,
                2,
                2,
                0
            ],
            [
                0,
                2,
                1,
                0
            ],
            [
                0,
                2,
                2,
                0
            ],
            [
                0,
                3,
                7,
                0
            ],
            [
                0,
                3,
                7,
                0
            ],
            [
                0,
                4,
                14,
                0
            ],
            [
                0,
                2,
                2,
                0
            ],
            [
                0,
                2,
                0,
                0
            ],
            [
                0,
                3,
                7,
                0
            ],
            [
                1,
                3,
                7,
                0
            ],
            [
                1,
                2,
                1,
                0
            ],
            [
                1,
                2,
                0,
                0
            ],
            [
                1,
                3,
                7,
                0
            ],
            [
                1,
                3,
                7,
                0
            ],
            [
                1,
                3,
                7,
                0
            ],
            [
                1,
                4,
                14,
                0
            ],
            [
                1,
                3,
                7,
                0
            ],
            [
                1,
                4,
                14,
                0
            ],
            [
                2,
                2,
                2,
                0
            ],
            [
                2,
                3,
                7,
                0
            ],
            [
                2,
                2,
                0,
                0
            ],
            [
                2,
                3,
                7,
                0
            ],
            [
                2,
                2,
                1,
                0
            ],
            [
                2,
                3,
                9,
                0
            ],
            [
                3,
                4,
                14,
                0
            ],
            [
                3,
                2,
                1,
                0
            ],
            [
                3,
                2,
                0,
                0
            ],
            [
                3,
                4,
                14,
                0
            ],
            [
                3,
                3,
                8,
                0
            ],
            [
                3,
                3,
                8,
                0
            ],
            [
                3,
                3,
                8,
                0
            ],
            [
                3,
                3,
                8,
                0
            ],
            [
                3,
                3,
                7,
                0
            ],
            [
                3,
                3,
                8,
                0
            ],
            [
                3,
                3,
                11,
                0
            ],
            [
                3,
                2,
                4,
                0
            ],
            [
                3,
                3,
                13,
                0
            ],
            [
                3,
                3,
                11,
                0
            ],
            [
                3,
                2,
                4,
                0
            ],
            [
                4,
                3,
                12,
                0
            ],
            [
                4,
                3,
                20,
                6
            ],
            [
                4,
                4,
                14,
                0
            ],
            [
                4,
                2,
                5,
                1
            ],
            [
                4,
                4,
                27,
                0
            ],
            [
                4,
                4,
                27,
                0
            ],
            [
                4,
                3,
                27,
                13
            ],
            [
                4,
                2,
                3,
                0
            ],
            [
                4,
                4,
                27,
                0
            ],
            [
                5,
                2,
                2,
                0
            ],
            [
                5,
                4,
                29,
                1
            ],
            [
                5,
                3,
                29,
                15
            ],
            [
                5,
                1,
                4,
                4
            ],
            [
                5,
                3,
                30,
                16
            ],
            [
                5,
                3,
                15,
                1
            ],
            [
                5,
                3,
                30,
                16
            ],
            [
                5,
                2,
                4,
                2
            ],
            [
                6,
                2,
                6,
                4
            ],
            [
                6,
                2,
                13,
                11
            ],
            [
                6,
                3,
                29,
                15
            ],
            [
                6,
                3,
                29,
                15
            ],
            [
                6,
                3,
                29,
                15
            ],
            [
                6,
                3,
                30,
                16
            ],
            [
                6,
                4,
                30,
                2
            ],
            [
                6,
                4,
                30,
                2
            ],
            [
                6,
                3,
                30,
                16
            ],
            [
                6,
                2,
                16,
                14
            ],
            [
                6,
                3,
                31,
                17
            ],
            [
                6,
                3,
                34,
                20
            ],
            [
                6,
                4,
                34,
                6
            ],
            [
                7,
                2,
                5,
                3
            ],
            [
                7,
                3,
                33,
                19
            ],
            [
                7,
                4,
                33,
                5
            ],
            [
                7,
                4,
                33,
                5
            ],
            [
                7,
                2,
                6,
                4
            ],
            [
                7,
                4,
                33,
                5
            ],
            [
                7,
                2,
                6,
                4
            ],
            [
                7,
                4,
                33,
                5
            ],
            [
                7,
                4,
                34,
                6
            ],
            [
                7,
                4,
                34,
                6
            ],
            [
                7,
                4,
                34,
                6
            ],
            [
                7,
                4,
                35,
                7
            ],
            [
                7,
                4,
                35,
                7
            ],
            [
                7,
                4,
                35,
                7
            ],
            [
                7,
                3,
                34,
                20
            ],
            [
                7,
                2,
                33,
                31
            ],
            [
                7,
                2,
                5,
                3
            ],
            [
                8,
                3,
                34,
                20
            ],
            [
                8,
                4,
                19,
                0
            ],
            [
                8,
                3,
                34,
                20
            ],
            [
                8,
                3,
                34,
                20
            ],
            [
                8,
                3,
                34,
                20
            ],
            [
                8,
                4,
                34,
                6
            ],
            [
                8,
                3,
                34,
                20
            ],
            [
                8,
                3,
                34,
                20
            ],
            [
                8,
                2,
                6,
                2
            ],
            [
                8,
                2,
                12,
                8
            ],
            [
                8,
                2,
                6,
                2
            ],
            [
                8,
                4,
                19,
                0
            ],
            [
                9,
                3,
                33,
                19
            ],
            [
                9,
                2,
                12,
                8
            ],
            [
                9,
                3,
                33,
                19
            ],
            [
                9,
                3,
                35,
                21
            ],
            [
                9,
                2,
                17,
                13
            ],
            [
                9,
                2,
                11,
                7
            ],
            [
                9,
                3,
                34,
                20
            ],
            [
                9,
                2,
                19,
                15
            ],
            [
                9,
                2,
                10,
                6
            ],
            [
                9,
                2,
                7,
                3
            ],
            [
                9,
                3,
                35,
                21
            ],
            [
                9,
                2,
                17,
                13
            ],
            [
                9,
                4,
                33,
                5
            ],
            [
                10,
                2,
                21,
                19
            ],
            [
                10,
                3,
                32,
                18
            ],
            [
                10,
                2,
                21,
                19
            ],
            [
                10,
                3,
                32,
                18
            ],
            [
                10,
                3,
                30,
                16
            ],
            [
                10,
                4,
                35,
                7
            ],
            [
                10,
                4,
                35,
                7
            ],
            [
                10,
                2,
                22,
                20
            ],
            [
                11,
                3,
                34,
                20
            ],
            [
                11,
                3,
                34,
                20
            ],
            [
                11,
                4,
                34,
                6
            ],
            [
                11,
                2,
                8,
                6
            ],
            [
                11,
                2,
                23,
                21
            ],
            [
                11,
                2,
                8,
                6
            ],
            [
                11,
                2,
                24,
                22
            ],
            [
                11,
                2,
                8,
                6
            ],
            [
                11,
                4,
                34,
                6
            ],
            [
                11,
                3,
                34,
                20
            ],
            [
                11,
                3,
                35,
                21
            ],
            [
                11,
                4,
                35,
                7
            ],
            [
                11,
                2,
                8,
                6
            ],
            [
                11,
                2,
                23,
                21
            ],
            [
                11,
                3,
                35,
                21
            ],
            [
                11,
                4,
                35,
                7
            ],
            [
                11,
                4,
                35,
                7
            ],
            [
                12,
                2,
                22,
                20
            ],
            [
                12,
                2,
                26,
                24
            ],
            [
                12,
                2,
                28,
                26
            ],
            [
                12,
                2,
                29,
                27
            ],
            [
                12,
                2,
                13,
                11
            ],
            [
                12,
                3,
                35,
                21
            ],
            [
                12,
                2,
                29,
                27
            ],
            [
                12,
                3,
                35,
                21
            ],
            [
                12,
                4,
                35,
                7
            ],
            [
                12,
                4,
                36,
                8
            ],
            [
                12,
                4,
                36,
                8
            ],
            [
                12,
                3,
                36,
                22
            ],
            [
                12,
                1,
                15,
                15
            ],
            [
                12,
                2,
                29,
                27
            ],
            [
                12,
                2,
                29,
                27
            ],
            [
                12,
                2,
                30,
                28
            ],
            [
                12,
                2,
                30,
                28
            ],
            [
                12,
                3,
                36,
                22
            ],
            [
                13,
                3,
                35,
                21
            ],
            [
                13,
                3,
                35,
                21
            ],
            [
                13,
                4,
                36,
                8
            ],
            [
                13,
                2,
                26,
                22
            ],
            [
                13,
                2,
                32,
                28
            ],
            [
                13,
                2,
                33,
                29
            ],
            [
                13,
                2,
                33,
                29
            ],
            [
                13,
                4,
                36,
                8
            ],
            [
                13,
                3,
                36,
                22
            ],
            [
                13,
                3,
                36,
                22
            ],
            [
                13,
                3,
                36,
                22
            ],
            [
                13,
                2,
                33,
                29
            ],
            [
                13,
                3,
                36,
                22
            ],
            [
                13,
                2,
                34,
                30
            ],
            [
                13,
                3,
                36,
                22
            ],
            [
                13,
                2,
                34,
                30
            ],
            [
                13,
                2,
                34,
                30
            ],
            [
                13,
                3,
                36,
                22
            ],
            [
                14,
                3,
                35,
                21
            ],
            [
                14,
                2,
                28,
                24
            ],
            [
                14,
                4,
                35,
                7
            ],
            [
                14,
                4,
                35,
                7
            ],
            [
                14,
                4,
                35,
                7
            ],
            [
                14,
                4,
                35,
                7
            ],
            [
                14,
                4,
                35,
                7
            ],
            [
                14,
                4,
                35,
                7
            ],
            [
                14,
                3,
                38,
                24
            ],
            [
                14,
                2,
                34,
                30
            ],
            [
                14,
                4,
                38,
                10
            ],
            [
                14,
                2,
                33,
                29
            ],
            [
                14,
                4,
                38,
                10
            ],
            [
                14,
                2,
                34,
                30
            ],
            [
                14,
                3,
                38,
                24
            ],
            [
                15,
                3,
                35,
                21
            ],
            [
                15,
                3,
                32,
                18
            ],
            [
                15,
                4,
                35,
                7
            ],
            [
                15,
                2,
                28,
                26
            ],
            [
                15,
                2,
                31,
                29
            ],
            [
                15,
                2,
                31,
                29
            ],
            [
                15,
                2,
                31,
                29
            ],
            [
                15,
                3,
                35,
                21
            ],
            [
                16,
                4,
                34,
                6
            ],
            [
                16,
                3,
                34,
                20
            ],
            [
                16,
                2,
                31,
                29
            ],
            [
                16,
                3,
                35,
                21
            ],
            [
                16,
                4,
                34,
                6
            ],
            [
                16,
                4,
                35,
                7
            ],
            [
                16,
                2,
                31,
                29
            ],
            [
                16,
                4,
                35,
                7
            ],
            [
                16,
                2,
                31,
                29
            ],
            [
                16,
                4,
                35,
                7
            ],
            [
                16,
                3,
                35,
                21
            ],
            [
                17,
                2,
                30,
                28
            ],
            [
                17,
                2,
                30,
                28
            ],
            [
                17,
                3,
                34,
                20
            ],
            [
                17,
                2,
                30,
                28
            ],
            [
                17,
                2,
                33,
                31
            ],
            [
                17,
                3,
                34,
                20
            ],
            [
                17,
                3,
                34,
                20
            ],
            [
                17,
                2,
                33,
                31
            ],
            [
                17,
                2,
                33,
                31
            ],
            [
                17,
                2,
                33,
                31
            ],
            [
                17,
                3,
                35,
                21
            ],
            [
                17,
                2,
                23,
                21
            ],
            [
                17,
                4,
                35,
                7
            ],
            [
                17,
                3,
                35,
                21
            ],
            [
                18,
                3,
                34,
                20
            ],
            [
                18,
                4,
                34,
                6
            ],
            [
                18,
                3,
                34,
                20
            ],
            [
                18,
                2,
                32,
                28
            ],
            [
                18,
                3,
                35,
                21
            ],
            [
                18,
                3,
                35,
                21
            ],
            [
                18,
                3,
                35,
                21
            ],
            [
                18,
                3,
                35,
                21
            ],
            [
                18,
                4,
                35,
                7
            ],
            [
                18,
                4,
                35,
                7
            ],
            [
                19,
                4,
                34,
                6
            ],
            [
                19,
                4,
                34,
                6
            ],
            [
                19,
                4,
                34,
                6
            ],
            [
                19,
                2,
                32,
                28
            ],
            [
                19,
                2,
                32,
                28
            ],
            [
                19,
                4,
                34,
                6
            ],
            [
                19,
                3,
                34,
                20
            ],
            [
                19,
                2,
                32,
                28
            ],
            [
                19,
                3,
                35,
                21
            ],
            [
                19,
                3,
                35,
                21
            ],
            [
                19,
                3,
                35,
                21
            ],
            [
                19,
                3,
                35,
                21
            ],
            [
                19,
                4,
                35,
                7
            ],
            [
                19,
                4,
                35,
                7
            ],
            [
                20,
                4,
                32,
                4
            ],
            [
                20,
                2,
                29,
                27
            ],
            [
                20,
                4,
                35,
                7
            ],
            [
                20,
                3,
                35,
                21
            ],
            [
                20,
                3,
                35,
                21
            ],
            [
                20,
                4,
                35,
                7
            ],
            [
                20,
                3,
                35,
                21
            ],
            [
                20,
                2,
                29,
                27
            ],
            [
                20,
                3,
                35,
                21
            ],
            [
                20,
                4,
                35,
                7
            ],
            [
                20,
                2,
                29,
                27
            ],
            [
                20,
                2,
                30,
                28
            ],
            [
                20,
                4,
                35,
                7
            ],
            [
                20,
                4,
                36,
                8
            ],
            [
                20,
                4,
                35,
                7
            ],
            [
                20,
                2,
                30,
                28
            ],
            [
                21,
                3,
                35,
                21
            ],
            [
                21,
                3,
                35,
                21
            ],
            [
                21,
                3,
                35,
                21
            ],
            [
                21,
                4,
                36,
                8
            ],
            [
                21,
                2,
                28,
                26
            ],
            [
                21,
                2,
                29,
                27
            ],
            [
                21,
                2,
                29,
                27
            ],
            [
                21,
                3,
                36,
                22
            ],
            [
                21,
                4,
                35,
                7
            ],
            [
                21,
                2,
                30,
                28
            ],
            [
                21,
                4,
                36,
                8
            ],
            [
                22,
                4,
                35,
                7
            ],
            [
                22,
                2,
                28,
                26
            ],
            [
                22,
                3,
                35,
                21
            ],
            [
                22,
                4,
                35,
                7
            ],
            [
                22,
                3,
                35,
                21
            ],
            [
                22,
                3,
                35,
                21
            ],
            [
                22,
                2,
                28,
                26
            ],
            [
                22,
                4,
                35,
                7
            ],
            [
                23,
                3,
                34,
                20
            ],
            [
                23,
                2,
                27,
                23
            ],
            [
                23,
                3,
                34,
                20
            ],
            [
                23,
                2,
                28,
                24
            ],
            [
                23,
                4,
                34,
                6
            ],
            [
                23,
                4,
                34,
                6
            ],
            [
                23,
                4,
                34,
                6
            ],
            [
                23,
                4,
                35,
                7
            ],
            [
                23,
                4,
                34,
                6
            ],
            [
                24,
                4,
                34,
                6
            ],
            [
                24,
                3,
                34,
                20
            ],
            [
                24,
                4,
                35,
                7
            ],
            [
                24,
                3,
                35,
                21
            ],
            [
                24,
                2,
                26,
                22
            ],
            [
                24,
                2,
                27,
                23
            ],
            [
                24,
                2,
                28,
                24
            ],
            [
                24,
                2,
                28,
                24
            ],
            [
                24,
                2,
                28,
                24
            ],
            [
                24,
                4,
                34,
                6
            ],
            [
                24,
                3,
                35,
                21
            ],
            [
                24,
                4,
                35,
                7
            ],
            [
                24,
                2,
                28,
                24
            ],
            [
                24,
                4,
                38,
                10
            ],
            [
                24,
                4,
                38,
                10
            ],
            [
                24,
                2,
                28,
                24
            ],
            [
                24,
                4,
                38,
                10
            ],
            [
                24,
                2,
                31,
                27
            ],
            [
                25,
                2,
                25,
                23
            ],
            [
                25,
                4,
                35,
                7
            ],
            [
                25,
                4,
                35,
                7
            ],
            [
                25,
                2,
                24,
                22
            ],
            [
                25,
                3,
                35,
                21
            ],
            [
                25,
                3,
                35,
                21
            ],
            [
                25,
                4,
                36,
                8
            ],
            [
                25,
                2,
                28,
                26
            ],
            [
                25,
                2,
                28,
                26
            ],
            [
                25,
                2,
                28,
                26
            ],
            [
                25,
                3,
                36,
                22
            ],
            [
                25,
                4,
                37,
                9
            ],
            [
                25,
                2,
                28,
                26
            ],
            [
                25,
                4,
                37,
                9
            ],
            [
                25,
                3,
                37,
                23
            ],
            [
                26,
                2,
                27,
                25
            ],
            [
                26,
                3,
                37,
                23
            ],
            [
                26,
                2,
                28,
                26
            ],
            [
                26,
                3,
                37,
                23
            ],
            [
                26,
                2,
                28,
                26
            ],
            [
                26,
                3,
                36,
                22
            ],
            [
                26,
                2,
                28,
                26
            ],
            [
                26,
                2,
                28,
                26
            ],
            [
                26,
                2,
                28,
                26
            ],
            [
                26,
                3,
                37,
                23
            ],
            [
                26,
                3,
                37,
                23
            ],
            [
                27,
                2,
                28,
                26
            ],
            [
                27,
                3,
                37,
                23
            ],
            [
                27,
                2,
                28,
                26
            ],
            [
                27,
                3,
                36,
                22
            ],
            [
                27,
                4,
                36,
                8
            ],
            [
                27,
                3,
                37,
                23
            ],
            [
                27,
                2,
                28,
                26
            ],
            [
                27,
                3,
                40,
                26
            ],
            [
                27,
                2,
                28,
                26
            ],
            [
                27,
                2,
                28,
                26
            ],
            [
                28,
                2,
                27,
                23
            ],
            [
                28,
                2,
                28,
                24
            ],
            [
                28,
                2,
                29,
                25
            ],
            [
                28,
                2,
                27,
                23
            ],
            [
                28,
                3,
                39,
                25
            ],
            [
                28,
                3,
                39,
                25
            ],
            [
                28,
                2,
                36,
                32
            ],
            [
                28,
                2,
                27,
                23
            ],
            [
                28,
                2,
                36,
                32
            ],
            [
                28,
                3,
                39,
                25
            ],
            [
                28,
                3,
                39,
                25
            ],
            [
                28,
                3,
                39,
                25
            ],
            [
                28,
                3,
                39,
                25
            ],
            [
                28,
                2,
                28,
                24
            ],
            [
                28,
                4,
                39,
                11
            ],
            [
                28,
                3,
                39,
                25
            ],
            [
                29,
                3,
                39,
                25
            ],
            [
                29,
                3,
                39,
                25
            ],
            [
                29,
                3,
                39,
                25
            ],
            [
                29,
                4,
                39,
                11
            ],
            [
                29,
                4,
                39,
                11
            ],
            [
                29,
                4,
                39,
                11
            ],
            [
                29,
                2,
                28,
                24
            ],
            [
                29,
                4,
                39,
                11
            ],
            [
                29,
                2,
                28,
                24
            ],
            [
                29,
                2,
                28,
                24
            ]
        ],
        "lWaitDayByPriority": [
            10306,
            19,
            3038,
            3967,
            3282
        ],
        "objval": 2630.8739251123916,
        "std_occupancy": 44.812908512911484
    },
    "runtime": 3.127671957015991,
    "simdays": 150,
    "solver": "daily_greedy"
}