{
    "arrivalrate": 12.0,
    "ins_name": 465,
    "ins_path": "/ssd6/san/software/RTSP-scheduling/data/8linacs/lambda12.0/data",
    "lNoNewPatients": [
        399,
        2,
        148,
        137,
        112
    ],
    "lNoPatients": [
        694,
        2,
        162,
        313,
        217
    ],
    "lNoSections": [
        5481,
        3,
        421,
        2722,
        2335
    ],
    "mipgap": 1.0,
    "noLinacs": 8,
    "noSlotsPerDay": 120,
    "planningHorizon": 80,
    "runresult": {
        "avg_occupancy": 45.38055555555555,
        "feasibility": true,
        "lAvgLateDayByPriority": [
            15.581453634085213,
            8.0,
            17.77027027027027,
            20.145985401459853,
            7.241071428571429
        ],
        "lAvgWaitDayByPriority": [
            28.516290726817044,
            8.0,
            20.2972972972973,
            33.75912408759124,
            33.330357142857146
        ],
        "lLateDayByPriority": [
            6217,
            16,
            2630,
            2760,
            811
        ],
        "lOccupancy": {
            "0": [
                0.0,
                0.0,
                0.0,
                0.0,
                0.0,
                0.0,
                0.625,
                0.625,
                0.0,
                0.0,
                0.0,
                0.0,
                0.0,
                0.0,
                0.0,
                0.0,
                0.0,
                0.0,
                0.0,
                0.0,
                0.0,
                0.0,
                0.0,
                0.0,
                0.625,
                0.0,
                0.0,
                0.0,
                0.0,
                0.0,
                0.0,
                0.0,
                0.0,
                0.0,
                0.0,
                0.0,
                0.0,
                0.0,
                0.0,
                0.0,
                0.0,
                0.0,
                0.0,
                0.0,
                0.0,
                0.0,
                0.0,
                0.0,
                0.0,
                0.0,
                0.0,
                0.0,
                0.0,
                0.0,
                0.0,
                0.0,
                0.0,
                0.0,
                0.0,
                0.0,
                0.0,
                0.0,
                0.0,
                0.0,
                0.0,
                0.0,
                0.0,
                0.0,
                0.0,
                0.0,
                0.0,
                0.0,
                0.0,
                0.0,
                0.0,
                0.0,
                0.0,
                0.0,
                0.0,
                0.0,
                0.0,
                0.0,
                0.0,
                0.0,
                0.0,
                0.0,
                0.0,
                0.0,
                0.0,
                0.0,
                0.0,
                0.0,
                0.0,
                0.0,
                0.0,
                0.0,
                0.0,
                0.0,
                0.0,
                0.0,
                0.0,
                0.0,
                0.0,
                0.0,
                0.0,
                0.0,
                0.0,
                0.0,
                0.0,
                0.0,
                0.0,
                0.0,
                0.0,
                0.0,
                0.0,
                0.0,
                0.0,
                0.0,
                0.0,
                0.0,
                0.0,
                0.0,
                0.0,
                0.0,
                0.0,
                0.0,
                0.0,
                0.0,
                0.0,
                0.0,
                0.0,
                0.0,
                0.0,
                0.0,
                0.0,
                0.0,
                0.0,
                0.0,
                0.0,
                0.0,
                0.0,
                0.0,
                0.0,
                0.0,
                0.0,
                0.0,
                0.0,
                0.0,
                0.0,
                0.0
            ],
            "1": [
                12.916666666666668,
                8.333333333333332,
                11.5625,
                11.041666666666666,
                15.729166666666666,
                10.729166666666666,
                9.6875,
                8.645833333333334,
                10.0,
                7.8125,
                5.729166666666666,
                3.75,
                3.0208333333333335,
                2.3958333333333335,
                3.3333333333333335,
                2.5,
                2.604166666666667,
                3.3333333333333335,
                2.7083333333333335,
                3.229166666666667,
                3.229166666666667,
                2.2916666666666665,
                2.9166666666666665,
                2.9166666666666665,
                1.9791666666666665,
                2.2916666666666665,
                2.2916666666666665,
                2.9166666666666665,
                3.5416666666666665,
                4.0625,
                3.4375000000000004,
                3.4375000000000004,
                4.895833333333333,
                6.458333333333334,
                7.187499999999999,
                5.208333333333334,
                6.5625,
                6.458333333333334,
                6.458333333333334,
                6.041666666666667,
                8.75,
                10.104166666666666,
                9.375,
                8.854166666666668,
                8.958333333333334,
                6.666666666666667,
                8.020833333333334,
                9.166666666666666,
                8.333333333333332,
                9.791666666666666,
                7.916666666666666,
                9.0625,
                6.145833333333333,
                3.125,
                2.3958333333333335,
                0.7291666666666666,
                0.7291666666666666,
                5.104166666666667,
                2.9166666666666665,
                0.0,
                0.0,
                0.0,
                0.0,
                0.0,
                0.0,
                0.0,
                0.0,
                0.0,
                0.0,
                0.0,
                0.0,
                0.0,
                0.0,
                0.0,
                0.0,
                0.0,
                0.0,
                0.0,
                0.0,
                0.0,
                0.0,
                0.0,
                0.0,
                0.0,
                0.0,
                0.0,
                0.0,
                0.0,
                0.0,
                0.0,
                0.0,
                0.0,
                0.0,
                0.0,
                0.0,
                0.0,
                0.0,
                0.0,
                0.0,
                0.0,
                0.0,
                0.0,
                0.0,
                0.0,
                0.0,
                0.0,
                0.0,
                0.0,
                0.0,
                0.0,
                0.0,
                0.0,
                0.0,
                0.0,
                0.0,
                0.0,
                0.0,
                0.0,
                0.0,
                0.0,
                0.0,
                0.0,
                0.0,
                0.0,
                0.0,
                0.0,
                0.0,
                0.0,
                0.0,
                0.0,
                0.0,
                0.0,
                0.0,
                0.0,
                0.0,
                0.0,
                0.0,
                0.0,
                0.0,
                0.0,
                0.0,
                0.0,
                0.0,
                0.0,
                0.0,
                0.0,
                0.0,
                0.0,
                0.0,
                0.0
            ],
            "2": [
                56.35416666666667,
                53.85416666666667,
                54.270833333333336,
                54.79166666666667,
                54.0625,
                54.270833333333336,
                56.97916666666667,
                62.60416666666667,
                64.89583333333333,
                65.0,
                62.291666666666664,
                58.75,
                58.854166666666664,
                56.666666666666664,
                56.25,
                56.666666666666664,
                59.68750000000001,
                58.54166666666667,
                59.47916666666667,
                60.10416666666667,
                58.854166666666664,
                56.666666666666664,
                57.395833333333336,
                58.4375,
                57.70833333333333,
                59.06249999999999,
                62.083333333333336,
                60.20833333333333,
                59.47916666666667,
                60.3125,
                62.60416666666667,
                60.729166666666664,
                56.35416666666667,
                58.54166666666667,
                59.895833333333336,
                64.27083333333333,
                61.5625,
                61.66666666666667,
                60.10416666666667,
                59.27083333333333,
                58.12500000000001,
                56.56250000000001,
                54.270833333333336,
                55.104166666666664,
                56.14583333333333,
                55.208333333333336,
                53.75,
                53.02083333333333,
                51.87500000000001,
                48.020833333333336,
                48.4375,
                47.083333333333336,
                45.729166666666664,
                46.5625,
                46.875,
                47.083333333333336,
                49.375,
                49.6875,
                49.6875,
                47.1875,
                41.875,
                38.02083333333333,
                34.270833333333336,
                31.770833333333332,
                29.479166666666668,
                28.854166666666664,
                28.854166666666664,
                26.354166666666668,
                25.208333333333332,
                23.333333333333332,
                22.708333333333332,
                20.416666666666668,
                18.4375,
                17.1875,
                17.1875,
                17.1875,
                15.312500000000002,
                12.916666666666668,
                9.895833333333332,
                9.375,
                8.75,
                8.75,
                7.604166666666666,
                6.979166666666667,
                6.25,
                6.25,
                4.375,
                3.75,
                3.125,
                2.5,
                1.875,
                0.625,
                0.625,
                0.0,
                0.0,
                0.0,
                0.0,
                0.0,
                0.0,
                0.0,
                0.0,
                0.0,
                0.0,
                0.0,
                0.0,
                0.0,
                0.0,
                0.0,
                0.0,
                0.0,
                0.0,
                0.0,
                0.0,
                0.0,
                0.0,
                0.0,
                0.0,
                0.0,
                0.0,
                0.0,
                0.0,
                0.0,
                0.0,
                0.0,
                0.0,
                0.0,
                0.0,
                0.0,
                0.0,
                0.0,
                0.0,
                0.0,
                0.0,
                0.0,
                0.0,
                0.0,
                0.0,
                0.0,
                0.0,
                0.0,
                0.0,
                0.0,
                0.0,
                0.0,
                0.0,
                0.0,
                0.0,
                0.0,
                0.0,
                0.0
            ],
            "3": [
                26.979166666666664,
                28.854166666666664,
                27.604166666666668,
                28.854166666666664,
                28.854166666666664,
                30.520833333333336,
                27.8125,
                25.416666666666664,
                23.541666666666668,
                25.0,
                30.9375,
                35.625,
                36.770833333333336,
                38.854166666666664,
                39.166666666666664,
                39.375,
                36.45833333333333,
                37.083333333333336,
                36.354166666666664,
                36.041666666666664,
                37.291666666666664,
                39.58333333333333,
                38.4375,
                37.1875,
                38.333333333333336,
                37.1875,
                34.270833333333336,
                34.89583333333333,
                35.0,
                33.75,
                32.29166666666667,
                34.166666666666664,
                37.395833333333336,
                33.4375,
                32.083333333333336,
                29.375,
                30.625000000000004,
                30.9375,
                31.666666666666664,
                32.916666666666664,
                31.979166666666664,
                32.29166666666667,
                34.583333333333336,
                33.75,
                32.083333333333336,
                35.208333333333336,
                36.145833333333336,
                36.770833333333336,
                38.125,
                40.729166666666664,
                40.0,
                40.625,
                42.1875,
                42.5,
                41.14583333333333,
                41.041666666666664,
                39.166666666666664,
                36.041666666666664,
                36.666666666666664,
                36.666666666666664,
                34.89583333333333,
                34.375,
                33.75,
                33.125,
                31.458333333333332,
                27.500000000000004,
                25.833333333333336,
                25.833333333333336,
                25.833333333333336,
                24.270833333333332,
                21.770833333333332,
                21.145833333333332,
                19.895833333333332,
                18.645833333333332,
                16.770833333333332,
                13.854166666666668,
                12.812499999999998,
                10.104166666666666,
                8.333333333333332,
                6.145833333333333,
                5.520833333333333,
                5.520833333333333,
                4.270833333333333,
                3.125,
                1.875,
                0.625,
                0.0,
                0.0,
                0.0,
                0.0,
                0.0,
                0.0,
                0.0,
                0.0,
                0.0,
                0.0,
                0.0,
                0.0,
                0.0,
                0.0,
                0.0,
                0.0,
                0.0,
                0.0,
                0.0,
                0.0,
                0.0,
                0.0,
                0.0,
                0.0,
                0.0,
                0.0,
                0.0,
                0.0,
                0.0,
                0.0,
                0.0,
                0.0,
                0.0,
                0.0,
                0.0,
                0.0,
                0.0,
                0.0,
                0.0,
                0.0,
                0.0,
                0.0,
                0.0,
                0.0,
                0.0,
                0.0,
                0.0,
                0.0,
                0.0,
                0.0,
                0.0,
                0.0,
                0.0,
                0.0,
                0.0,
                0.0,
                0.0,
                0.0,
                0.0,
                0.0,
                0.0,
                0.0,
                0.0,
                0.0
            ],
            "overall": [
                96.25,
                91.04166666666666,
                93.43750000000001,
                94.6875,
                98.64583333333334,
                95.52083333333334,
                95.10416666666667,
                97.29166666666666,
                98.4375,
                97.8125,
                98.95833333333333,
                98.125,
                98.64583333333334,
                97.91666666666666,
                98.75,
                98.54166666666666,
                98.75,
                98.95833333333334,
                98.54166666666667,
                99.375,
                99.375,
                98.54166666666666,
                98.75,
                98.54166666666666,
                98.64583333333333,
                98.54166666666666,
                98.64583333333334,
                98.02083333333331,
                98.02083333333334,
                98.125,
                98.33333333333334,
                98.33333333333334,
                98.64583333333334,
                98.4375,
                99.16666666666666,
                98.85416666666666,
                98.75,
                99.0625,
                98.22916666666666,
                98.22916666666666,
                98.85416666666666,
                98.95833333333334,
                98.22916666666667,
                97.70833333333333,
                97.1875,
                97.08333333333334,
                97.91666666666667,
                98.95833333333333,
                98.33333333333334,
                98.54166666666666,
                96.35416666666666,
                96.77083333333334,
                94.0625,
                92.1875,
                90.41666666666666,
                88.85416666666666,
                89.27083333333333,
                90.83333333333333,
                89.27083333333333,
                83.85416666666666,
                76.77083333333333,
                72.39583333333333,
                68.02083333333334,
                64.89583333333333,
                60.9375,
                56.35416666666667,
                54.6875,
                52.1875,
                51.04166666666667,
                47.604166666666664,
                44.479166666666664,
                41.5625,
                38.33333333333333,
                35.83333333333333,
                33.95833333333333,
                31.041666666666668,
                28.125,
                23.020833333333336,
                18.229166666666664,
                15.520833333333332,
                14.270833333333332,
                14.270833333333332,
                11.875,
                10.104166666666668,
                8.125,
                6.875,
                4.375,
                3.75,
                3.125,
                2.5,
                1.875,
                0.625,
                0.625,
                0.0,
                0.0,
                0.0,
                0.0,
                0.0,
                0.0,
                0.0,
                0.0,
                0.0,
                0.0,
                0.0,
                0.0,
                0.0,
                0.0,
                0.0,
                0.0,
                0.0,
                0.0,
                0.0,
                0.0,
                0.0,
                0.0,
                0.0,
                0.0,
                0.0,
                0.0,
                0.0,
                0.0,
                0.0,
                0.0,
                0.0,
                0.0,
                0.0,
                0.0,
                0.0,
                0.0,
                0.0,
                0.0,
                0.0,
                0.0,
                0.0,
                0.0,
                0.0,
                0.0,
                0.0,
                0.0,
                0.0,
                0.0,
                0.0,
                0.0,
                0.0,
                0.0,
                0.0,
                0.0,
                0.0,
                0.0,
                0.0
            ]
        },
        "lWaitAndOverdue": [
            [
                0,
                2,
                0,
                0
            ],
            [
                0,
                4,
                14,
                0
            ],
            [
                0,
                4,
                14,
                0
            ],
            [
                0,
                4,
                14,
                0
            ],
            [
                0,
                2,
                0,
                0
            ],
            [
                0,
                4,
                14,
                0
            ],
            [
                0,
                4,
                14,
                0
            ],
            [
                0,
                2,
                2,
                0
            ],
            [
                0,
                3,
                7,
                0
            ],
            [
                0,
                2,
                2,
                0
            ],
            [
                0,
                2,
                1,
                0
            ],
            [
                0,
                4,
                14,
                0
            ],
            [
                0,
                4,
                14,
                0
            ],
            [
                0,
                4,
                14,
                0
            ],
            [
                0,
                4,
                14,
                0
            ],
            [
                1,
                4,
                14,
                0
            ],
            [
                1,
                4,
                14,
                0
            ],
            [
                1,
                4,
                14,
                0
            ],
            [
                1,
                2,
                2,
                0
            ],
            [
                1,
                4,
                14,
                0
            ],
            [
                1,
                2,
                0,
                0
            ],
            [
                1,
                2,
                0,
                0
            ],
            [
                1,
                2,
                1,
                0
            ],
            [
                1,
                3,
                10,
                0
            ],
            [
                1,
                3,
                10,
                0
            ],
            [
                1,
                3,
                9,
                0
            ],
            [
                1,
                3,
                9,
                0
            ],
            [
                1,
                3,
                15,
                1
            ],
            [
                2,
                2,
                0,
                0
            ],
            [
                2,
                2,
                0,
                0
            ],
            [
                2,
                2,
                0,
                0
            ],
            [
                2,
                2,
                2,
                0
            ],
            [
                2,
                2,
                1,
                0
            ],
            [
                2,
                2,
                2,
                0
            ],
            [
                2,
                2,
                2,
                0
            ],
            [
                2,
                2,
                2,
                0
            ],
            [
                2,
                3,
                19,
                5
            ],
            [
                2,
                3,
                7,
                0
            ],
            [
                2,
                4,
                20,
                0
            ],
            [
                2,
                2,
                0,
                0
            ],
            [
                2,
                2,
                2,
                0
            ],
            [
                2,
                3,
                27,
                13
            ],
            [
                2,
                3,
                30,
                16
            ],
            [
                2,
                2,
                2,
                0
            ],
            [
                2,
                2,
                2,
                0
            ],
            [
                2,
                3,
                7,
                0
            ],
            [
                2,
                3,
                33,
                19
            ],
            [
                2,
                3,
                33,
                19
            ],
            [
                3,
                4,
                32,
                4
            ],
            [
                3,
                3,
                7,
                0
            ],
            [
                3,
                4,
                32,
                4
            ],
            [
                3,
                2,
                0,
                0
            ],
            [
                3,
                3,
                32,
                18
            ],
            [
                3,
                2,
                1,
                0
            ],
            [
                3,
                3,
                33,
                19
            ],
            [
                3,
                2,
                4,
                0
            ],
            [
                3,
                3,
                33,
                19
            ],
            [
                4,
                4,
                17,
                0
            ],
            [
                4,
                2,
                3,
                0
            ],
            [
                4,
                2,
                0,
                0
            ],
            [
                4,
                4,
                32,
                4
            ],
            [
                4,
                3,
                32,
                18
            ],
            [
                4,
                3,
                32,
                18
            ],
            [
                4,
                3,
                32,
                18
            ],
            [
                4,
                3,
                32,
                18
            ],
            [
                4,
                3,
                7,
                0
            ],
            [
                4,
                3,
                33,
                19
            ],
            [
                4,
                3,
                33,
                19
            ],
            [
                4,
                2,
                4,
                0
            ],
            [
                4,
                3,
                33,
                19
            ],
            [
                4,
                3,
                33,
                19
            ],
            [
                4,
                2,
                3,
                0
            ],
            [
                5,
                3,
                30,
                16
            ],
            [
                5,
                3,
                30,
                16
            ],
            [
                5,
                4,
                15,
                0
            ],
            [
                5,
                2,
                2,
                0
            ],
            [
                5,
                4,
                30,
                2
            ],
            [
                5,
                4,
                30,
                2
            ],
            [
                5,
                3,
                31,
                17
            ],
            [
                5,
                2,
                1,
                0
            ],
            [
                5,
                4,
                31,
                3
            ],
            [
                6,
                2,
                1,
                0
            ],
            [
                6,
                4,
                30,
                2
            ],
            [
                6,
                3,
                30,
                16
            ],
            [
                6,
                1,
                0,
                0
            ],
            [
                6,
                3,
                30,
                16
            ],
            [
                6,
                3,
                30,
                16
            ],
            [
                6,
                3,
                31,
                17
            ],
            [
                6,
                2,
                1,
                0
            ],
            [
                6,
                2,
                2,
                0
            ],
            [
                6,
                2,
                2,
                0
            ],
            [
                6,
                3,
                31,
                17
            ],
            [
                6,
                3,
                31,
                17
            ],
            [
                7,
                3,
                30,
                16
            ],
            [
                7,
                3,
                33,
                19
            ],
            [
                7,
                4,
                33,
                5
            ],
            [
                7,
                4,
                33,
                5
            ],
            [
                7,
                3,
                33,
                19
            ],
            [
                7,
                2,
                16,
                14
            ],
            [
                7,
                3,
                34,
                20
            ],
            [
                7,
                3,
                33,
                19
            ],
            [
                7,
                4,
                34,
                6
            ],
            [
                7,
                2,
                6,
                4
            ],
            [
                7,
                3,
                34,
                20
            ],
            [
                7,
                4,
                34,
                6
            ],
            [
                7,
                4,
                34,
                6
            ],
            [
                7,
                2,
                1,
                0
            ],
            [
                8,
                4,
                33,
                5
            ],
            [
                8,
                2,
                6,
                2
            ],
            [
                8,
                4,
                34,
                6
            ],
            [
                8,
                4,
                34,
                6
            ],
            [
                8,
                4,
                34,
                6
            ],
            [
                8,
                4,
                34,
                6
            ],
            [
                8,
                4,
                34,
                6
            ],
            [
                8,
                4,
                34,
                6
            ],
            [
                8,
                4,
                34,
                6
            ],
            [
                8,
                3,
                32,
                18
            ],
            [
                8,
                2,
                35,
                31
            ],
            [
                8,
                2,
                0,
                0
            ],
            [
                8,
                3,
                35,
                21
            ],
            [
                8,
                4,
                35,
                7
            ],
            [
                8,
                3,
                35,
                21
            ],
            [
                8,
                3,
                35,
                21
            ],
            [
                8,
                3,
                36,
                22
            ],
            [
                8,
                4,
                36,
                8
            ],
            [
                9,
                3,
                35,
                21
            ],
            [
                9,
                3,
                35,
                21
            ],
            [
                9,
                2,
                5,
                1
            ],
            [
                9,
                2,
                5,
                1
            ],
            [
                9,
                2,
                7,
                3
            ],
            [
                9,
                4,
                35,
                7
            ],
            [
                9,
                3,
                35,
                21
            ],
            [
                9,
                2,
                10,
                6
            ],
            [
                9,
                3,
                35,
                21
            ],
            [
                9,
                3,
                38,
                24
            ],
            [
                9,
                2,
                12,
                8
            ],
            [
                9,
                2,
                12,
                8
            ],
            [
                10,
                3,
                35,
                21
            ],
            [
                10,
                2,
                15,
                13
            ],
            [
                10,
                2,
                0,
                0
            ],
            [
                10,
                2,
                4,
                2
            ],
            [
                10,
                3,
                35,
                21
            ],
            [
                10,
                2,
                14,
                12
            ],
            [
                10,
                4,
                35,
                7
            ],
            [
                10,
                2,
                16,
                14
            ],
            [
                10,
                3,
                35,
                21
            ],
            [
                10,
                2,
                21,
                19
            ],
            [
                10,
                3,
                36,
                22
            ],
            [
                10,
                3,
                35,
                21
            ],
            [
                10,
                4,
                36,
                8
            ],
            [
                11,
                4,
                35,
                7
            ],
            [
                11,
                2,
                17,
                15
            ],
            [
                11,
                3,
                35,
                21
            ],
            [
                11,
                3,
                36,
                22
            ],
            [
                11,
                4,
                36,
                8
            ],
            [
                11,
                2,
                7,
                5
            ],
            [
                11,
                2,
                22,
                20
            ],
            [
                11,
                2,
                8,
                6
            ],
            [
                11,
                2,
                23,
                21
            ],
            [
                11,
                2,
                9,
                7
            ],
            [
                11,
                4,
                36,
                8
            ],
            [
                11,
                3,
                36,
                22
            ],
            [
                12,
                3,
                35,
                21
            ],
            [
                12,
                4,
                34,
                6
            ],
            [
                12,
                2,
                8,
                6
            ],
            [
                12,
                2,
                22,
                20
            ],
            [
                12,
                3,
                36,
                22
            ],
            [
                12,
                4,
                36,
                8
            ],
            [
                12,
                4,
                36,
                8
            ],
            [
                12,
                2,
                21,
                19
            ],
            [
                12,
                2,
                23,
                21
            ],
            [
                12,
                2,
                28,
                26
            ],
            [
                12,
                2,
                29,
                27
            ],
            [
                12,
                2,
                15,
                13
            ],
            [
                12,
                3,
                36,
                22
            ],
            [
                12,
                2,
                23,
                21
            ],
            [
                12,
                3,
                36,
                22
            ],
            [
                12,
                4,
                37,
                9
            ],
            [
                12,
                4,
                37,
                9
            ],
            [
                12,
                4,
                37,
                9
            ],
            [
                12,
                3,
                37,
                23
            ],
            [
                12,
                1,
                16,
                16
            ],
            [
                13,
                2,
                27,
                23
            ],
            [
                13,
                2,
                28,
                24
            ],
            [
                13,
                2,
                28,
                24
            ],
            [
                13,
                2,
                29,
                25
            ],
            [
                13,
                3,
                36,
                22
            ],
            [
                13,
                3,
                36,
                22
            ],
            [
                13,
                3,
                39,
                25
            ],
            [
                13,
                4,
                39,
                11
            ],
            [
                13,
                2,
                22,
                18
            ],
            [
                13,
                2,
                29,
                25
            ],
            [
                13,
                2,
                32,
                28
            ],
            [
                13,
                2,
                33,
                29
            ],
            [
                13,
                4,
                39,
                11
            ],
            [
                13,
                3,
                39,
                25
            ],
            [
                13,
                3,
                39,
                25
            ],
            [
                13,
                3,
                39,
                25
            ],
            [
                13,
                2,
                29,
                25
            ],
            [
                13,
                3,
                39,
                25
            ],
            [
                14,
                2,
                31,
                27
            ],
            [
                14,
                3,
                38,
                24
            ],
            [
                14,
                2,
                32,
                28
            ],
            [
                14,
                2,
                32,
                28
            ],
            [
                14,
                3,
                38,
                24
            ],
            [
                14,
                3,
                38,
                24
            ],
            [
                14,
                2,
                32,
                28
            ],
            [
                14,
                4,
                39,
                11
            ],
            [
                14,
                4,
                39,
                11
            ],
            [
                14,
                4,
                39,
                11
            ],
            [
                14,
                4,
                39,
                11
            ],
            [
                14,
                4,
                39,
                11
            ],
            [
                15,
                4,
                36,
                8
            ],
            [
                15,
                3,
                36,
                22
            ],
            [
                15,
                2,
                36,
                34
            ],
            [
                15,
                4,
                36,
                8
            ],
            [
                15,
                2,
                30,
                28
            ],
            [
                15,
                4,
                36,
                8
            ],
            [
                15,
                2,
                30,
                28
            ],
            [
                15,
                3,
                36,
                22
            ],
            [
                15,
                3,
                36,
                22
            ],
            [
                16,
                3,
                35,
                21
            ],
            [
                16,
                4,
                36,
                8
            ],
            [
                16,
                2,
                31,
                29
            ],
            [
                16,
                2,
                31,
                29
            ],
            [
                16,
                2,
                30,
                28
            ],
            [
                16,
                2,
                31,
                29
            ],
            [
                17,
                3,
                35,
                21
            ],
            [
                17,
                4,
                35,
                7
            ],
            [
                17,
                3,
                35,
                21
            ],
            [
                17,
                2,
                33,
                31
            ],
            [
                17,
                3,
                35,
                21
            ],
            [
                17,
                4,
                35,
                7
            ],
            [
                17,
                4,
                35,
                7
            ],
            [
                17,
                2,
                33,
                31
            ],
            [
                17,
                4,
                35,
                7
            ],
            [
                17,
                2,
                33,
                31
            ],
            [
                17,
                4,
                36,
                8
            ],
            [
                18,
                3,
                33,
                19
            ],
            [
                18,
                2,
                32,
                28
            ],
            [
                18,
                2,
                32,
                28
            ],
            [
                18,
                3,
                35,
                21
            ],
            [
                18,
                2,
                32,
                28
            ],
            [
                18,
                2,
                32,
                28
            ],
            [
                18,
                3,
                35,
                21
            ],
            [
                18,
                3,
                36,
                22
            ],
            [
                18,
                2,
                33,
                29
            ],
            [
                18,
                2,
                33,
                29
            ],
            [
                18,
                2,
                34,
                30
            ],
            [
                18,
                3,
                36,
                22
            ],
            [
                18,
                2,
                20,
                16
            ],
            [
                18,
                4,
                34,
                6
            ],
            [
                19,
                3,
                35,
                21
            ],
            [
                19,
                3,
                35,
                21
            ],
            [
                19,
                4,
                35,
                7
            ],
            [
                19,
                3,
                34,
                20
            ],
            [
                19,
                2,
                27,
                23
            ],
            [
                19,
                3,
                35,
                21
            ],
            [
                19,
                3,
                38,
                24
            ],
            [
                19,
                3,
                35,
                21
            ],
            [
                19,
                3,
                38,
                24
            ],
            [
                19,
                4,
                38,
                10
            ],
            [
                19,
                4,
                38,
                10
            ],
            [
                19,
                4,
                38,
                10
            ],
            [
                19,
                4,
                38,
                10
            ],
            [
                19,
                4,
                38,
                10
            ],
            [
                19,
                2,
                33,
                29
            ],
            [
                19,
                2,
                32,
                28
            ],
            [
                19,
                4,
                39,
                11
            ],
            [
                19,
                3,
                35,
                21
            ],
            [
                20,
                2,
                28,
                26
            ],
            [
                20,
                3,
                36,
                22
            ],
            [
                20,
                3,
                36,
                22
            ],
            [
                20,
                3,
                35,
                21
            ],
            [
                20,
                3,
                35,
                21
            ],
            [
                20,
                4,
                36,
                8
            ],
            [
                20,
                4,
                36,
                8
            ],
            [
                20,
                4,
                36,
                8
            ],
            [
                20,
                2,
                30,
                28
            ],
            [
                20,
                4,
                36,
                8
            ],
            [
                20,
                3,
                37,
                23
            ],
            [
                20,
                3,
                37,
                23
            ],
            [
                21,
                4,
                36,
                8
            ],
            [
                21,
                3,
                36,
                22
            ],
            [
                21,
                2,
                29,
                27
            ],
            [
                21,
                3,
                36,
                22
            ],
            [
                21,
                4,
                36,
                8
            ],
            [
                21,
                2,
                29,
                27
            ],
            [
                21,
                2,
                29,
                27
            ],
            [
                21,
                4,
                37,
                9
            ],
            [
                21,
                4,
                37,
                9
            ],
            [
                21,
                4,
                37,
                9
            ],
            [
                21,
                2,
                29,
                27
            ],
            [
                21,
                3,
                37,
                23
            ],
            [
                21,
                3,
                37,
                23
            ],
            [
                21,
                3,
                37,
                23
            ],
            [
                22,
                4,
                36,
                8
            ],
            [
                22,
                2,
                27,
                25
            ],
            [
                22,
                2,
                29,
                27
            ],
            [
                22,
                2,
                29,
                27
            ],
            [
                22,
                3,
                37,
                23
            ],
            [
                22,
                4,
                37,
                9
            ],
            [
                22,
                2,
                29,
                27
            ],
            [
                22,
                4,
                37,
                9
            ],
            [
                22,
                4,
                37,
                9
            ],
            [
                22,
                2,
                29,
                27
            ],
            [
                22,
                3,
                37,
                23
            ],
            [
                22,
                4,
                37,
                9
            ],
            [
                22,
                3,
                37,
                23
            ],
            [
                22,
                3,
                37,
                23
            ],
            [
                22,
                2,
                28,
                26
            ],
            [
                23,
                4,
                36,
                8
            ],
            [
                23,
                3,
                36,
                22
            ],
            [
                23,
                2,
                29,
                25
            ],
            [
                23,
                3,
                39,
                25
            ],
            [
                23,
                2,
                29,
                25
            ],
            [
                23,
                4,
                39,
                11
            ],
            [
                23,
                4,
                39,
                11
            ],
            [
                23,
                4,
                39,
                11
            ],
            [
                23,
                4,
                39,
                11
            ],
            [
                23,
                4,
                36,
                8
            ],
            [
                23,
                4,
                36,
                8
            ],
            [
                23,
                3,
                39,
                25
            ],
            [
                23,
                4,
                39,
                11
            ],
            [
                23,
                3,
                40,
                26
            ],
            [
                23,
                2,
                29,
                25
            ],
            [
                24,
                2,
                27,
                23
            ],
            [
                24,
                2,
                31,
                27
            ],
            [
                24,
                2,
                31,
                27
            ],
            [
                24,
                2,
                33,
                29
            ],
            [
                24,
                4,
                39,
                11
            ],
            [
                24,
                3,
                40,
                26
            ],
            [
                24,
                4,
                40,
                12
            ],
            [
                24,
                2,
                32,
                28
            ],
            [
                24,
                4,
                40,
                12
            ],
            [
                24,
                4,
                40,
                12
            ],
            [
                24,
                2,
                33,
                29
            ],
            [
                24,
                4,
                38,
                10
            ],
            [
                24,
                2,
                32,
                28
            ],
            [
                24,
                2,
                31,
                27
            ],
            [
                24,
                4,
                40,
                12
            ],
            [
                24,
                4,
                41,
                13
            ],
            [
                24,
                2,
                32,
                28
            ],
            [
                24,
                3,
                41,
                27
            ],
            [
                24,
                3,
                41,
                27
            ],
            [
                25,
                4,
                38,
                10
            ],
            [
                25,
                2,
                31,
                29
            ],
            [
                25,
                2,
                31,
                29
            ],
            [
                25,
                2,
                31,
                29
            ],
            [
                25,
                3,
                39,
                25
            ],
            [
                25,
                4,
                38,
                10
            ],
            [
                25,
                2,
                31,
                29
            ],
            [
                25,
                4,
                39,
                11
            ],
            [
                25,
                3,
                39,
                25
            ],
            [
                25,
                2,
                31,
                29
            ],
            [
                26,
                3,
                41,
                27
            ],
            [
                26,
                2,
                30,
                28
            ],
            [
                26,
                3,
                38,
                24
            ],
            [
                26,
                2,
                31,
                29
            ],
            [
                26,
                3,
                37,
                23
            ],
            [
                26,
                2,
                31,
                29
            ],
            [
                26,
                2,
                31,
                29
            ],
            [
                27,
                2,
                28,
                26
            ],
            [
                27,
                3,
                40,
                26
            ],
            [
                27,
                3,
                40,
                26
            ],
            [
                27,
                2,
                30,
                28
            ],
            [
                27,
                3,
                41,
                27
            ],
            [
                27,
                2,
                33,
                31
            ],
            [
                27,
                3,
                36,
                22
            ],
            [
                27,
                4,
                40,
                12
            ],
            [
                27,
                3,
                41,
                27
            ],
            [
                27,
                2,
                28,
                26
            ],
            [
                27,
                3,
                42,
                28
            ],
            [
                27,
                2,
                30,
                28
            ],
            [
                27,
                2,
                30,
                28
            ],
            [
                27,
                2,
                30,
                28
            ],
            [
                28,
                2,
                33,
                29
            ],
            [
                28,
                2,
                33,
                29
            ],
            [
                28,
                2,
                29,
                25
            ],
            [
                28,
                3,
                40,
                26
            ],
            [
                28,
                3,
                40,
                26
            ],
            [
                28,
                2,
                41,
                37
            ],
            [
                28,
                2,
                32,
                28
            ],
            [
                28,
                2,
                41,
                37
            ],
            [
                28,
                3,
                41,
                27
            ],
            [
                28,
                3,
                41,
                27
            ],
            [
                28,
                3,
                41,
                27
            ],
            [
                29,
                3,
                40,
                26
            ],
            [
                29,
                2,
                32,
                28
            ],
            [
                29,
                4,
                40,
                12
            ],
            [
                29,
                3,
                40,
                26
            ],
            [
                29,
                3,
                41,
                27
            ],
            [
                29,
                3,
                41,
                27
            ],
            [
                29,
                3,
                41,
                27
            ],
            [
                29,
                4,
                41,
                13
            ],
            [
                29,
                4,
                41,
                13
            ],
            [
                29,
                4,
                41,
                13
            ],
            [
                29,
                2,
                33,
                29
            ],
            [
                29,
                4,
                41,
                13
            ]
        ],
        "lWaitDayByPriority": [
            11378,
            16,
            3004,
            4625,
            3733
        ],
        "objval": 2603.2197813037233,
        "std_occupancy": 44.9445517226779
    },
    "runtime": 3.2707841396331787,
    "simdays": 150,
    "solver": "greedy"
}