{
    "arrivalrate": 9.0,
    "ins_name": 140,
    "ins_path": "/home/tusan/projects/def-roussea5/tusan/exp/2021_Oct/6linacs/lambda9.0/data",
    "lNoNewPatients": [
        285,
        0,
        107,
        110,
        68
    ],
    "lNoPatients": [
        516,
        0,
        123,
        235,
        158
    ],
    "lNoSections": [
        3986,
        0,
        318,
        2240,
        1428
    ],
    "mipgap": 1.0,
    "noLinacs": 6,
    "noSlotsPerDay": 120,
    "planningHorizon": 80,
    "runresult": {
        "feasibility": true,
        "lAvgLateDayByPriority": [
            20.028070175438597,
            0.0,
            18.485981308411215,
            24.881818181818183,
            14.602941176470589
        ],
        "lAvgWaitDayByPriority": [
            32.863157894736844,
            0.0,
            21.242990654205606,
            38.46363636363636,
            42.088235294117645
        ],
        "lLateDayByPriority": [
            5708,
            0,
            1978,
            2737,
            993
        ],
        "lWaitDayByPriority": [
            9366,
            0,
            2273,
            4231,
            2862
        ],
        "objval": 20550.95251886651
    },
    "runtime": 1.7840557098388672,
    "simdays": 30,
    "solver": "greedy"
}