{
    "arrivalrate": 9.0,
    "ins_name": 205,
    "ins_path": "/ssd6/san/temp/RTSP-scheduling/data/6linacs/lambda9.0/data",
    "lNoNewPatients": [
        280,
        0,
        102,
        103,
        75
    ],
    "lNoPatients": [
        490,
        2,
        114,
        220,
        154
    ],
    "lNoSections": [
        3906,
        0,
        296,
        2099,
        1511
    ],
    "mipgap": 1.0,
    "noLinacs": 6,
    "noSlotsPerDay": 120,
    "planningHorizon": 80,
    "runresult": {
        "avg_occupancy": 45.6,
        "feasibility": true,
        "lAvgLateDayByPriority": [
            16.53214285714286,
            0.0,
            17.529411764705884,
            21.436893203883496,
            8.44
        ],
        "lAvgWaitDayByPriority": [
            29.553571428571427,
            0.0,
            19.95098039215686,
            35.09708737864078,
            35.0
        ],
        "lLateDayByPriority": [
            4629,
            0,
            1788,
            2208,
            633
        ],
        "lOccupancy": {
            "0": [
                1.5277777777777777,
                0.8333333333333334,
                0.0,
                0.0,
                0.0,
                0.0,
                0.0,
                0.0,
                0.0,
                0.0,
                0.0,
                0.0,
                0.0,
                0.0,
                0.0,
                0.0,
                0.0,
                0.0,
                0.0,
                0.0,
                0.0,
                0.0,
                0.0,
                0.0,
                0.0,
                0.0,
                0.0,
                0.0,
                0.0,
                0.0,
                0.0,
                0.0,
                0.0,
                0.0,
                0.0,
                0.0,
                0.0,
                0.0,
                0.0,
                0.0,
                0.0,
                0.0,
                0.0,
                0.0,
                0.0,
                0.0,
                0.0,
                0.0,
                0.0,
                0.0,
                0.0,
                0.0,
                0.0,
                0.0,
                0.0,
                0.0,
                0.0,
                0.0,
                0.0,
                0.0,
                0.0,
                0.0,
                0.0,
                0.0,
                0.0,
                0.0,
                0.0,
                0.0,
                0.0,
                0.0,
                0.0,
                0.0,
                0.0,
                0.0,
                0.0,
                0.0,
                0.0,
                0.0,
                0.0,
                0.0,
                0.0,
                0.0,
                0.0,
                0.0,
                0.0,
                0.0,
                0.0,
                0.0,
                0.0,
                0.0,
                0.0,
                0.0,
                0.0,
                0.0,
                0.0,
                0.0,
                0.0,
                0.0,
                0.0,
                0.0,
                0.0,
                0.0,
                0.0,
                0.0,
                0.0,
                0.0,
                0.0,
                0.0,
                0.0,
                0.0,
                0.0,
                0.0,
                0.0,
                0.0,
                0.0,
                0.0,
                0.0,
                0.0,
                0.0,
                0.0,
                0.0,
                0.0,
                0.0,
                0.0,
                0.0,
                0.0,
                0.0,
                0.0,
                0.0,
                0.0,
                0.0,
                0.0,
                0.0,
                0.0,
                0.0,
                0.0,
                0.0,
                0.0,
                0.0,
                0.0,
                0.0,
                0.0,
                0.0,
                0.0,
                0.0,
                0.0,
                0.0,
                0.0,
                0.0,
                0.0
            ],
            "1": [
                10.972222222222221,
                10.555555555555555,
                11.527777777777779,
                12.916666666666668,
                9.027777777777777,
                9.444444444444445,
                10.277777777777777,
                8.61111111111111,
                12.083333333333334,
                10.416666666666668,
                5.0,
                4.166666666666666,
                2.5,
                2.5,
                2.5,
                2.083333333333333,
                2.083333333333333,
                3.75,
                3.3333333333333335,
                3.3333333333333335,
                2.5,
                3.3333333333333335,
                2.9166666666666665,
                2.5,
                2.5,
                2.5,
                2.5,
                3.3333333333333335,
                2.5,
                3.3333333333333335,
                3.3333333333333335,
                3.194444444444444,
                4.861111111111112,
                5.277777777777778,
                4.861111111111112,
                6.111111111111111,
                6.666666666666667,
                6.666666666666667,
                6.666666666666667,
                7.083333333333333,
                7.083333333333333,
                9.583333333333334,
                10.0,
                11.805555555555555,
                10.555555555555555,
                11.11111111111111,
                11.944444444444445,
                9.583333333333334,
                8.75,
                9.444444444444445,
                4.444444444444445,
                4.444444444444445,
                4.444444444444445,
                1.6666666666666667,
                0.8333333333333334,
                0.8333333333333334,
                0.8333333333333334,
                0.8333333333333334,
                0.8333333333333334,
                0.0,
                0.0,
                0.0,
                0.0,
                0.0,
                0.0,
                0.0,
                0.0,
                0.0,
                0.0,
                0.0,
                0.0,
                0.0,
                0.0,
                0.0,
                0.0,
                0.0,
                0.0,
                0.0,
                0.0,
                0.0,
                0.0,
                0.0,
                0.0,
                0.0,
                0.0,
                0.0,
                0.0,
                0.0,
                0.0,
                0.0,
                0.0,
                0.0,
                0.0,
                0.0,
                0.0,
                0.0,
                0.0,
                0.0,
                0.0,
                0.0,
                0.0,
                0.0,
                0.0,
                0.0,
                0.0,
                0.0,
                0.0,
                0.0,
                0.0,
                0.0,
                0.0,
                0.0,
                0.0,
                0.0,
                0.0,
                0.0,
                0.0,
                0.0,
                0.0,
                0.0,
                0.0,
                0.0,
                0.0,
                0.0,
                0.0,
                0.0,
                0.0,
                0.0,
                0.0,
                0.0,
                0.0,
                0.0,
                0.0,
                0.0,
                0.0,
                0.0,
                0.0,
                0.0,
                0.0,
                0.0,
                0.0,
                0.0,
                0.0,
                0.0,
                0.0,
                0.0,
                0.0,
                0.0,
                0.0,
                0.0
            ],
            "2": [
                55.00000000000001,
                55.55555555555556,
                56.388888888888886,
                55.97222222222222,
                55.97222222222222,
                58.333333333333336,
                60.138888888888886,
                63.33333333333333,
                58.75,
                60.55555555555555,
                60.138888888888886,
                62.083333333333336,
                62.083333333333336,
                61.111111111111114,
                61.94444444444444,
                59.583333333333336,
                59.30555555555556,
                60.138888888888886,
                59.166666666666664,
                57.638888888888886,
                57.638888888888886,
                54.30555555555555,
                57.77777777777777,
                59.583333333333336,
                59.02777777777778,
                59.86111111111111,
                62.361111111111114,
                62.638888888888886,
                64.58333333333334,
                63.61111111111111,
                65.83333333333333,
                64.86111111111111,
                66.80555555555556,
                66.25,
                63.61111111111111,
                63.61111111111111,
                62.361111111111114,
                60.27777777777777,
                60.97222222222223,
                61.80555555555556,
                62.22222222222222,
                58.88888888888889,
                58.333333333333336,
                56.666666666666664,
                56.666666666666664,
                56.80555555555556,
                57.36111111111111,
                59.02777777777778,
                58.333333333333336,
                57.49999999999999,
                60.83333333333333,
                59.86111111111111,
                59.583333333333336,
                58.333333333333336,
                56.25,
                53.888888888888886,
                58.88888888888889,
                58.88888888888889,
                59.166666666666664,
                54.166666666666664,
                55.00000000000001,
                46.80555555555556,
                40.55555555555556,
                34.30555555555556,
                34.30555555555556,
                34.30555555555556,
                30.97222222222222,
                29.305555555555557,
                25.27777777777778,
                22.916666666666664,
                22.083333333333332,
                22.083333333333332,
                19.583333333333332,
                17.916666666666668,
                16.25,
                14.583333333333334,
                13.750000000000002,
                12.083333333333334,
                11.25,
                7.916666666666666,
                6.25,
                5.555555555555555,
                4.861111111111112,
                4.861111111111112,
                3.3333333333333335,
                3.3333333333333335,
                3.3333333333333335,
                3.3333333333333335,
                2.5,
                1.6666666666666667,
                0.8333333333333334,
                0.8333333333333334,
                0.0,
                0.0,
                0.0,
                0.0,
                0.0,
                0.0,
                0.0,
                0.0,
                0.0,
                0.0,
                0.0,
                0.0,
                0.0,
                0.0,
                0.0,
                0.0,
                0.0,
                0.0,
                0.0,
                0.0,
                0.0,
                0.0,
                0.0,
                0.0,
                0.0,
                0.0,
                0.0,
                0.0,
                0.0,
                0.0,
                0.0,
                0.0,
                0.0,
                0.0,
                0.0,
                0.0,
                0.0,
                0.0,
                0.0,
                0.0,
                0.0,
                0.0,
                0.0,
                0.0,
                0.0,
                0.0,
                0.0,
                0.0,
                0.0,
                0.0,
                0.0,
                0.0,
                0.0,
                0.0,
                0.0,
                0.0,
                0.0,
                0.0
            ],
            "3": [
                29.166666666666668,
                27.916666666666668,
                27.22222222222222,
                27.916666666666668,
                27.77777777777778,
                26.25,
                27.63888888888889,
                24.583333333333332,
                27.63888888888889,
                27.22222222222222,
                33.05555555555556,
                32.916666666666664,
                34.583333333333336,
                35.27777777777778,
                34.583333333333336,
                36.80555555555556,
                36.80555555555556,
                35.27777777777778,
                36.25,
                37.5,
                37.916666666666664,
                40.97222222222222,
                38.333333333333336,
                36.388888888888886,
                36.52777777777778,
                35.0,
                34.166666666666664,
                32.22222222222222,
                31.52777777777778,
                31.38888888888889,
                29.86111111111111,
                30.694444444444446,
                27.916666666666668,
                26.805555555555554,
                30.138888888888886,
                28.61111111111111,
                29.166666666666668,
                31.11111111111111,
                30.0,
                29.305555555555557,
                29.02777777777778,
                30.555555555555557,
                30.0,
                30.0,
                31.52777777777778,
                30.694444444444446,
                28.055555555555557,
                29.72222222222222,
                31.38888888888889,
                29.72222222222222,
                27.22222222222222,
                28.055555555555557,
                27.916666666666668,
                29.444444444444446,
                31.11111111111111,
                32.63888888888889,
                29.02777777777778,
                29.305555555555557,
                29.02777777777778,
                33.47222222222222,
                33.47222222222222,
                32.63888888888889,
                30.277777777777775,
                28.61111111111111,
                27.77777777777778,
                27.77777777777778,
                26.25,
                23.333333333333332,
                23.333333333333332,
                21.666666666666668,
                21.666666666666668,
                21.666666666666668,
                21.666666666666668,
                20.0,
                15.972222222222221,
                15.138888888888888,
                14.305555555555555,
                11.25,
                7.916666666666666,
                7.916666666666666,
                7.083333333333333,
                7.083333333333333,
                7.083333333333333,
                6.388888888888888,
                4.861111111111112,
                4.861111111111112,
                4.861111111111112,
                4.027777777777778,
                2.361111111111111,
                2.361111111111111,
                1.5277777777777777,
                1.5277777777777777,
                1.5277777777777777,
                1.5277777777777777,
                1.5277777777777777,
                0.6944444444444444,
                0.0,
                0.0,
                0.0,
                0.0,
                0.0,
                0.0,
                0.0,
                0.0,
                0.0,
                0.0,
                0.0,
                0.0,
                0.0,
                0.0,
                0.0,
                0.0,
                0.0,
                0.0,
                0.0,
                0.0,
                0.0,
                0.0,
                0.0,
                0.0,
                0.0,
                0.0,
                0.0,
                0.0,
                0.0,
                0.0,
                0.0,
                0.0,
                0.0,
                0.0,
                0.0,
                0.0,
                0.0,
                0.0,
                0.0,
                0.0,
                0.0,
                0.0,
                0.0,
                0.0,
                0.0,
                0.0,
                0.0,
                0.0,
                0.0,
                0.0,
                0.0,
                0.0,
                0.0,
                0.0
            ],
            "overall": [
                96.66666666666667,
                94.86111111111111,
                95.13888888888889,
                96.80555555555556,
                92.77777777777777,
                94.02777777777779,
                98.05555555555554,
                96.52777777777777,
                98.47222222222221,
                98.19444444444443,
                98.19444444444444,
                99.16666666666666,
                99.16666666666669,
                98.88888888888889,
                99.02777777777777,
                98.47222222222223,
                98.19444444444446,
                99.16666666666666,
                98.75,
                98.47222222222223,
                98.05555555555554,
                98.61111111111111,
                99.02777777777777,
                98.47222222222223,
                98.05555555555556,
                97.36111111111111,
                99.02777777777777,
                98.19444444444443,
                98.61111111111111,
                98.33333333333333,
                99.02777777777777,
                98.75,
                99.58333333333334,
                98.33333333333333,
                98.6111111111111,
                98.33333333333333,
                98.19444444444446,
                98.05555555555556,
                97.6388888888889,
                98.19444444444444,
                98.33333333333334,
                99.02777777777779,
                98.33333333333334,
                98.47222222222221,
                98.75,
                98.61111111111111,
                97.36111111111111,
                98.33333333333334,
                98.47222222222223,
                96.66666666666666,
                92.5,
                92.36111111111111,
                91.94444444444446,
                89.44444444444444,
                88.19444444444444,
                87.36111111111111,
                88.75,
                89.02777777777779,
                89.02777777777777,
                87.63888888888889,
                88.47222222222223,
                79.44444444444446,
                70.83333333333333,
                62.91666666666667,
                62.083333333333336,
                62.083333333333336,
                57.22222222222222,
                52.638888888888886,
                48.611111111111114,
                44.58333333333333,
                43.75,
                43.75,
                41.25,
                37.91666666666667,
                32.22222222222222,
                29.72222222222222,
                28.055555555555557,
                23.333333333333336,
                19.166666666666664,
                15.833333333333332,
                13.333333333333332,
                12.63888888888889,
                11.944444444444445,
                11.25,
                8.194444444444445,
                8.194444444444445,
                8.194444444444445,
                7.361111111111111,
                4.861111111111111,
                4.027777777777778,
                2.361111111111111,
                2.361111111111111,
                1.5277777777777777,
                1.5277777777777777,
                1.5277777777777777,
                0.6944444444444444,
                0.0,
                0.0,
                0.0,
                0.0,
                0.0,
                0.0,
                0.0,
                0.0,
                0.0,
                0.0,
                0.0,
                0.0,
                0.0,
                0.0,
                0.0,
                0.0,
                0.0,
                0.0,
                0.0,
                0.0,
                0.0,
                0.0,
                0.0,
                0.0,
                0.0,
                0.0,
                0.0,
                0.0,
                0.0,
                0.0,
                0.0,
                0.0,
                0.0,
                0.0,
                0.0,
                0.0,
                0.0,
                0.0,
                0.0,
                0.0,
                0.0,
                0.0,
                0.0,
                0.0,
                0.0,
                0.0,
                0.0,
                0.0,
                0.0,
                0.0,
                0.0,
                0.0,
                0.0,
                0.0
            ]
        },
        "lWaitAndOverdue": [
            [
                0,
                4,
                14,
                0
            ],
            [
                0,
                4,
                14,
                0
            ],
            [
                0,
                4,
                14,
                0
            ],
            [
                0,
                4,
                14,
                0
            ],
            [
                0,
                4,
                14,
                0
            ],
            [
                0,
                2,
                0,
                0
            ],
            [
                0,
                4,
                14,
                0
            ],
            [
                0,
                3,
                7,
                0
            ],
            [
                0,
                2,
                0,
                0
            ],
            [
                0,
                2,
                2,
                0
            ],
            [
                1,
                2,
                2,
                0
            ],
            [
                1,
                2,
                0,
                0
            ],
            [
                1,
                2,
                0,
                0
            ],
            [
                1,
                3,
                7,
                0
            ],
            [
                1,
                3,
                7,
                0
            ],
            [
                1,
                3,
                7,
                0
            ],
            [
                1,
                3,
                7,
                0
            ],
            [
                1,
                3,
                14,
                0
            ],
            [
                1,
                3,
                21,
                7
            ],
            [
                1,
                2,
                2,
                0
            ],
            [
                2,
                2,
                0,
                0
            ],
            [
                2,
                4,
                14,
                0
            ],
            [
                2,
                4,
                21,
                0
            ],
            [
                2,
                4,
                27,
                0
            ],
            [
                2,
                2,
                1,
                0
            ],
            [
                2,
                4,
                27,
                0
            ],
            [
                2,
                4,
                27,
                0
            ],
            [
                2,
                2,
                0,
                0
            ],
            [
                2,
                2,
                2,
                0
            ],
            [
                2,
                2,
                0,
                0
            ],
            [
                3,
                4,
                32,
                4
            ],
            [
                3,
                4,
                33,
                5
            ],
            [
                3,
                3,
                33,
                19
            ],
            [
                3,
                2,
                4,
                0
            ],
            [
                3,
                2,
                4,
                0
            ],
            [
                3,
                2,
                0,
                0
            ],
            [
                3,
                3,
                36,
                22
            ],
            [
                3,
                2,
                0,
                0
            ],
            [
                3,
                3,
                33,
                19
            ],
            [
                3,
                3,
                36,
                22
            ],
            [
                3,
                3,
                36,
                22
            ],
            [
                3,
                3,
                36,
                22
            ],
            [
                4,
                3,
                38,
                24
            ],
            [
                4,
                3,
                38,
                24
            ],
            [
                4,
                3,
                38,
                24
            ],
            [
                4,
                2,
                3,
                0
            ],
            [
                4,
                3,
                35,
                21
            ],
            [
                4,
                3,
                38,
                24
            ],
            [
                4,
                3,
                38,
                24
            ],
            [
                5,
                3,
                35,
                21
            ],
            [
                5,
                3,
                35,
                21
            ],
            [
                5,
                3,
                35,
                21
            ],
            [
                5,
                4,
                32,
                4
            ],
            [
                5,
                4,
                35,
                7
            ],
            [
                5,
                4,
                35,
                7
            ],
            [
                5,
                3,
                36,
                22
            ],
            [
                5,
                4,
                36,
                8
            ],
            [
                6,
                4,
                34,
                6
            ],
            [
                6,
                3,
                36,
                22
            ],
            [
                6,
                2,
                1,
                0
            ],
            [
                6,
                2,
                0,
                0
            ],
            [
                6,
                3,
                36,
                22
            ],
            [
                6,
                3,
                37,
                23
            ],
            [
                6,
                3,
                37,
                23
            ],
            [
                6,
                2,
                2,
                0
            ],
            [
                6,
                4,
                36,
                8
            ],
            [
                6,
                3,
                36,
                22
            ],
            [
                6,
                2,
                2,
                0
            ],
            [
                7,
                3,
                36,
                22
            ],
            [
                7,
                2,
                2,
                0
            ],
            [
                7,
                3,
                36,
                22
            ],
            [
                7,
                3,
                36,
                22
            ],
            [
                7,
                4,
                36,
                8
            ],
            [
                7,
                2,
                2,
                0
            ],
            [
                7,
                2,
                2,
                0
            ],
            [
                7,
                2,
                6,
                4
            ],
            [
                7,
                2,
                6,
                4
            ],
            [
                7,
                3,
                36,
                22
            ],
            [
                7,
                3,
                37,
                23
            ],
            [
                8,
                4,
                35,
                7
            ],
            [
                8,
                4,
                36,
                8
            ],
            [
                8,
                2,
                8,
                4
            ],
            [
                8,
                4,
                36,
                8
            ],
            [
                8,
                2,
                11,
                7
            ],
            [
                8,
                4,
                36,
                8
            ],
            [
                9,
                3,
                35,
                21
            ],
            [
                9,
                4,
                35,
                7
            ],
            [
                9,
                2,
                12,
                8
            ],
            [
                9,
                3,
                35,
                21
            ],
            [
                9,
                3,
                38,
                24
            ],
            [
                9,
                3,
                38,
                24
            ],
            [
                9,
                4,
                38,
                10
            ],
            [
                9,
                4,
                38,
                10
            ],
            [
                9,
                2,
                12,
                8
            ],
            [
                10,
                3,
                36,
                22
            ],
            [
                10,
                2,
                15,
                13
            ],
            [
                10,
                3,
                35,
                21
            ],
            [
                10,
                3,
                35,
                21
            ],
            [
                10,
                3,
                35,
                21
            ],
            [
                10,
                3,
                36,
                22
            ],
            [
                10,
                4,
                36,
                8
            ],
            [
                11,
                3,
                35,
                21
            ],
            [
                11,
                3,
                35,
                21
            ],
            [
                11,
                2,
                9,
                7
            ],
            [
                11,
                2,
                10,
                8
            ],
            [
                11,
                3,
                35,
                21
            ],
            [
                11,
                3,
                35,
                21
            ],
            [
                11,
                2,
                15,
                13
            ],
            [
                11,
                2,
                16,
                14
            ],
            [
                11,
                2,
                17,
                15
            ],
            [
                11,
                2,
                21,
                19
            ],
            [
                11,
                4,
                36,
                8
            ],
            [
                11,
                3,
                37,
                23
            ],
            [
                12,
                2,
                21,
                19
            ],
            [
                12,
                2,
                22,
                20
            ],
            [
                12,
                3,
                35,
                21
            ],
            [
                12,
                2,
                23,
                21
            ],
            [
                12,
                2,
                23,
                21
            ],
            [
                12,
                3,
                35,
                21
            ],
            [
                12,
                3,
                35,
                21
            ],
            [
                12,
                2,
                23,
                21
            ],
            [
                12,
                2,
                26,
                24
            ],
            [
                12,
                4,
                36,
                8
            ],
            [
                12,
                2,
                27,
                25
            ],
            [
                13,
                2,
                26,
                22
            ],
            [
                13,
                3,
                35,
                21
            ],
            [
                13,
                3,
                36,
                22
            ],
            [
                13,
                2,
                27,
                23
            ],
            [
                13,
                2,
                26,
                22
            ],
            [
                13,
                3,
                36,
                22
            ],
            [
                13,
                3,
                36,
                22
            ],
            [
                13,
                3,
                36,
                22
            ],
            [
                13,
                3,
                36,
                22
            ],
            [
                13,
                4,
                39,
                11
            ],
            [
                13,
                4,
                39,
                11
            ],
            [
                14,
                2,
                26,
                22
            ],
            [
                14,
                3,
                38,
                24
            ],
            [
                14,
                2,
                27,
                23
            ],
            [
                14,
                4,
                33,
                5
            ],
            [
                14,
                2,
                27,
                23
            ],
            [
                14,
                2,
                27,
                23
            ],
            [
                14,
                3,
                38,
                24
            ],
            [
                15,
                2,
                25,
                23
            ],
            [
                15,
                2,
                28,
                26
            ],
            [
                15,
                2,
                29,
                27
            ],
            [
                15,
                2,
                29,
                27
            ],
            [
                15,
                2,
                29,
                27
            ],
            [
                15,
                3,
                35,
                21
            ],
            [
                15,
                4,
                35,
                7
            ],
            [
                15,
                2,
                29,
                27
            ],
            [
                16,
                4,
                35,
                7
            ],
            [
                16,
                4,
                35,
                7
            ],
            [
                16,
                3,
                35,
                21
            ],
            [
                16,
                3,
                35,
                21
            ],
            [
                16,
                2,
                29,
                27
            ],
            [
                16,
                2,
                30,
                28
            ],
            [
                16,
                3,
                35,
                21
            ],
            [
                16,
                3,
                35,
                21
            ],
            [
                17,
                2,
                29,
                27
            ],
            [
                17,
                2,
                29,
                27
            ],
            [
                17,
                2,
                29,
                27
            ],
            [
                17,
                4,
                34,
                6
            ],
            [
                17,
                3,
                34,
                20
            ],
            [
                17,
                4,
                34,
                6
            ],
            [
                17,
                3,
                35,
                21
            ],
            [
                18,
                4,
                34,
                6
            ],
            [
                18,
                4,
                34,
                6
            ],
            [
                18,
                3,
                34,
                20
            ],
            [
                18,
                2,
                29,
                25
            ],
            [
                18,
                3,
                34,
                20
            ],
            [
                18,
                3,
                34,
                20
            ],
            [
                18,
                2,
                29,
                25
            ],
            [
                18,
                2,
                29,
                25
            ],
            [
                18,
                3,
                34,
                20
            ],
            [
                19,
                2,
                31,
                27
            ],
            [
                19,
                2,
                32,
                28
            ],
            [
                19,
                3,
                35,
                21
            ],
            [
                19,
                2,
                32,
                28
            ],
            [
                19,
                4,
                35,
                7
            ],
            [
                19,
                4,
                35,
                7
            ],
            [
                19,
                4,
                35,
                7
            ],
            [
                19,
                2,
                32,
                28
            ],
            [
                20,
                3,
                35,
                21
            ],
            [
                20,
                2,
                29,
                27
            ],
            [
                20,
                3,
                36,
                22
            ],
            [
                20,
                3,
                36,
                22
            ],
            [
                20,
                3,
                36,
                22
            ],
            [
                20,
                3,
                36,
                22
            ],
            [
                20,
                4,
                37,
                9
            ],
            [
                20,
                3,
                36,
                22
            ],
            [
                20,
                2,
                29,
                27
            ],
            [
                20,
                2,
                36,
                34
            ],
            [
                21,
                3,
                36,
                22
            ],
            [
                21,
                3,
                36,
                22
            ],
            [
                21,
                4,
                37,
                9
            ],
            [
                21,
                2,
                28,
                26
            ],
            [
                21,
                2,
                29,
                27
            ],
            [
                21,
                3,
                36,
                22
            ],
            [
                21,
                3,
                37,
                23
            ],
            [
                21,
                4,
                37,
                9
            ],
            [
                22,
                4,
                35,
                7
            ],
            [
                22,
                2,
                28,
                26
            ],
            [
                22,
                2,
                28,
                26
            ],
            [
                22,
                2,
                29,
                27
            ],
            [
                22,
                2,
                30,
                28
            ],
            [
                22,
                2,
                29,
                27
            ],
            [
                22,
                2,
                29,
                27
            ],
            [
                22,
                3,
                36,
                22
            ],
            [
                22,
                2,
                29,
                27
            ],
            [
                22,
                2,
                30,
                28
            ],
            [
                22,
                3,
                40,
                26
            ],
            [
                22,
                3,
                40,
                26
            ],
            [
                23,
                3,
                39,
                25
            ],
            [
                23,
                2,
                29,
                25
            ],
            [
                23,
                3,
                39,
                25
            ],
            [
                23,
                3,
                39,
                25
            ],
            [
                23,
                4,
                39,
                11
            ],
            [
                23,
                4,
                40,
                12
            ],
            [
                23,
                3,
                40,
                26
            ],
            [
                23,
                2,
                32,
                28
            ],
            [
                23,
                3,
                40,
                26
            ],
            [
                23,
                3,
                41,
                27
            ],
            [
                23,
                3,
                40,
                26
            ],
            [
                23,
                2,
                32,
                28
            ],
            [
                23,
                4,
                41,
                13
            ],
            [
                24,
                2,
                31,
                27
            ],
            [
                24,
                3,
                40,
                26
            ],
            [
                24,
                2,
                31,
                27
            ],
            [
                24,
                2,
                35,
                31
            ],
            [
                24,
                4,
                41,
                13
            ],
            [
                25,
                3,
                38,
                24
            ],
            [
                25,
                4,
                37,
                9
            ],
            [
                25,
                4,
                38,
                10
            ],
            [
                25,
                4,
                38,
                10
            ],
            [
                25,
                4,
                39,
                11
            ],
            [
                25,
                2,
                29,
                27
            ],
            [
                26,
                2,
                29,
                27
            ],
            [
                26,
                4,
                38,
                10
            ],
            [
                26,
                3,
                42,
                28
            ],
            [
                26,
                4,
                41,
                13
            ],
            [
                26,
                2,
                29,
                27
            ],
            [
                26,
                4,
                41,
                13
            ],
            [
                26,
                4,
                41,
                13
            ],
            [
                26,
                2,
                27,
                25
            ],
            [
                27,
                3,
                41,
                27
            ],
            [
                27,
                3,
                40,
                26
            ],
            [
                27,
                3,
                41,
                27
            ],
            [
                27,
                3,
                42,
                28
            ],
            [
                27,
                3,
                42,
                28
            ],
            [
                27,
                2,
                27,
                25
            ],
            [
                27,
                3,
                43,
                29
            ],
            [
                27,
                4,
                42,
                14
            ],
            [
                27,
                4,
                42,
                14
            ],
            [
                27,
                2,
                28,
                26
            ],
            [
                27,
                2,
                29,
                27
            ],
            [
                27,
                3,
                42,
                28
            ],
            [
                27,
                2,
                29,
                27
            ],
            [
                27,
                3,
                43,
                29
            ],
            [
                28,
                4,
                41,
                13
            ],
            [
                28,
                4,
                42,
                14
            ],
            [
                28,
                3,
                42,
                28
            ],
            [
                28,
                2,
                28,
                24
            ],
            [
                28,
                4,
                42,
                14
            ],
            [
                28,
                4,
                42,
                14
            ],
            [
                28,
                4,
                43,
                15
            ],
            [
                28,
                2,
                28,
                24
            ],
            [
                28,
                4,
                43,
                15
            ],
            [
                29,
                4,
                42,
                14
            ],
            [
                29,
                2,
                27,
                23
            ],
            [
                29,
                3,
                45,
                31
            ],
            [
                29,
                2,
                27,
                23
            ],
            [
                29,
                2,
                28,
                24
            ],
            [
                29,
                4,
                42,
                14
            ],
            [
                29,
                4,
                42,
                14
            ],
            [
                29,
                4,
                42,
                14
            ],
            [
                29,
                4,
                42,
                14
            ],
            [
                29,
                4,
                42,
                14
            ],
            [
                29,
                4,
                42,
                14
            ],
            [
                29,
                4,
                46,
                18
            ],
            [
                29,
                2,
                28,
                24
            ]
        ],
        "lWaitDayByPriority": [
            8275,
            0,
            2035,
            3615,
            2625
        ],
        "objval": 2517.0131962687988,
        "std_occupancy": 44.847519211477774
    },
    "runtime": 1.8353922367095947,
    "simdays": 150,
    "solver": "daily_greedy"
}