{
    "arrivalrate": 9.0,
    "ins_name": 230,
    "ins_path": "/home/tusan/projects/def-roussea5/tusan/exp/2021_Oct/6linacs/lambda9.0/data",
    "lNoNewPatients": [
        278,
        0,
        103,
        106,
        69
    ],
    "lNoPatients": [
        478,
        1,
        112,
        219,
        146
    ],
    "lNoSections": [
        3928,
        0,
        330,
        2167,
        1431
    ],
    "mipgap": 30.0,
    "noLinacs": 6,
    "noSlotsPerDay": 120,
    "planningHorizon": 80,
    "runresult": {
        "feasibility": true,
        "lAvgLateDayByPriority": [
            9.115107913669064,
            0.0,
            1.0776699029126213,
            16.641509433962263,
            9.55072463768116
        ],
        "lAvgWaitDayByPriority": [
            22.08273381294964,
            0.0,
            3.203883495145631,
            30.632075471698112,
            37.130434782608695
        ],
        "lLateDayByPriority": [
            2534,
            0,
            111,
            1764,
            659
        ],
        "lWaitDayByPriority": [
            6139,
            0,
            330,
            3247,
            2562
        ],
        "objval": 20327.071249180317
    },
    "runtime": 2.0712058544158936,
    "simdays": 30,
    "solver": "prediction"
}