{
    "arrivalrate": 9.0,
    "ins_name": 260,
    "ins_path": "/ssd6/san/temp/RTSP-scheduling/data/6linacs/lambda9.0/data",
    "lNoNewPatients": [
        266,
        0,
        100,
        102,
        64
    ],
    "lNoPatients": [
        495,
        0,
        115,
        226,
        154
    ],
    "lNoSections": [
        3751,
        0,
        288,
        2132,
        1331
    ],
    "mipgap": 1.0,
    "noLinacs": 6,
    "noSlotsPerDay": 120,
    "planningHorizon": 80,
    "runresult": {
        "avg_occupancy": 46.57962962962962,
        "feasibility": true,
        "lAvgLateDayByPriority": [
            20.853383458646615,
            0.0,
            23.55,
            22.862745098039216,
            13.4375
        ],
        "lAvgWaitDayByPriority": [
            33.75187969924812,
            0.0,
            26.43,
            36.35294117647059,
            41.046875
        ],
        "lLateDayByPriority": [
            5547,
            0,
            2355,
            2332,
            860
        ],
        "lOccupancy": {
            "0": [
                0.0,
                0.0,
                0.0,
                0.0,
                0.0,
                0.0,
                0.0,
                0.0,
                0.0,
                0.0,
                0.0,
                0.0,
                0.0,
                0.0,
                0.0,
                0.0,
                0.0,
                0.0,
                0.0,
                0.0,
                0.0,
                0.0,
                0.0,
                0.0,
                0.0,
                0.0,
                0.0,
                0.0,
                0.0,
                0.0,
                0.0,
                0.0,
                0.0,
                0.0,
                0.0,
                0.0,
                0.0,
                0.0,
                0.0,
                0.0,
                0.0,
                0.0,
                0.0,
                0.0,
                0.0,
                0.0,
                0.0,
                0.0,
                0.0,
                0.0,
                0.0,
                0.0,
                0.0,
                0.0,
                0.0,
                0.0,
                0.0,
                0.0,
                0.0,
                0.0,
                0.0,
                0.0,
                0.0,
                0.0,
                0.0,
                0.0,
                0.0,
                0.0,
                0.0,
                0.0,
                0.0,
                0.0,
                0.0,
                0.0,
                0.0,
                0.0,
                0.0,
                0.0,
                0.0,
                0.0,
                0.0,
                0.0,
                0.0,
                0.0,
                0.0,
                0.0,
                0.0,
                0.0,
                0.0,
                0.0,
                0.0,
                0.0,
                0.0,
                0.0,
                0.0,
                0.0,
                0.0,
                0.0,
                0.0,
                0.0,
                0.0,
                0.0,
                0.0,
                0.0,
                0.0,
                0.0,
                0.0,
                0.0,
                0.0,
                0.0,
                0.0,
                0.0,
                0.0,
                0.0,
                0.0,
                0.0,
                0.0,
                0.0,
                0.0,
                0.0,
                0.0,
                0.0,
                0.0,
                0.0,
                0.0,
                0.0,
                0.0,
                0.0,
                0.0,
                0.0,
                0.0,
                0.0,
                0.0,
                0.0,
                0.0,
                0.0,
                0.0,
                0.0,
                0.0,
                0.0,
                0.0,
                0.0,
                0.0,
                0.0,
                0.0,
                0.0,
                0.0,
                0.0,
                0.0,
                0.0
            ],
            "1": [
                9.166666666666666,
                9.86111111111111,
                12.5,
                9.166666666666666,
                11.666666666666666,
                6.666666666666667,
                6.25,
                4.166666666666666,
                4.583333333333333,
                7.5,
                2.9166666666666665,
                3.3333333333333335,
                2.5,
                4.166666666666666,
                2.5,
                2.5,
                2.9166666666666665,
                2.5,
                2.5,
                2.5,
                3.3333333333333335,
                3.3333333333333335,
                2.5,
                2.5,
                2.5,
                2.5,
                2.5,
                2.361111111111111,
                3.194444444444444,
                4.305555555555555,
                5.972222222222222,
                1.5277777777777777,
                3.3333333333333335,
                3.3333333333333335,
                3.3333333333333335,
                4.583333333333333,
                5.0,
                5.0,
                5.0,
                5.833333333333333,
                5.0,
                9.166666666666666,
                8.333333333333332,
                9.583333333333334,
                12.083333333333334,
                12.5,
                10.277777777777777,
                11.38888888888889,
                9.722222222222223,
                9.305555555555555,
                10.694444444444445,
                9.305555555555555,
                10.694444444444445,
                9.027777777777777,
                6.805555555555555,
                5.972222222222222,
                5.972222222222222,
                3.4722222222222223,
                2.638888888888889,
                1.8055555555555554,
                1.8055555555555554,
                0.9722222222222222,
                0.9722222222222222,
                0.0,
                0.0,
                0.0,
                0.0,
                0.0,
                0.0,
                0.0,
                0.0,
                0.0,
                0.0,
                0.0,
                0.0,
                0.0,
                0.0,
                0.0,
                0.0,
                0.0,
                0.0,
                0.0,
                0.0,
                0.0,
                0.0,
                0.0,
                0.0,
                0.0,
                0.0,
                0.0,
                0.0,
                0.0,
                0.0,
                0.0,
                0.0,
                0.0,
                0.0,
                0.0,
                0.0,
                0.0,
                0.0,
                0.0,
                0.0,
                0.0,
                0.0,
                0.0,
                0.0,
                0.0,
                0.0,
                0.0,
                0.0,
                0.0,
                0.0,
                0.0,
                0.0,
                0.0,
                0.0,
                0.0,
                0.0,
                0.0,
                0.0,
                0.0,
                0.0,
                0.0,
                0.0,
                0.0,
                0.0,
                0.0,
                0.0,
                0.0,
                0.0,
                0.0,
                0.0,
                0.0,
                0.0,
                0.0,
                0.0,
                0.0,
                0.0,
                0.0,
                0.0,
                0.0,
                0.0,
                0.0,
                0.0,
                0.0,
                0.0,
                0.0,
                0.0,
                0.0
            ],
            "2": [
                53.47222222222222,
                54.30555555555555,
                56.388888888888886,
                55.55555555555556,
                57.08333333333333,
                65.0,
                66.80555555555556,
                68.33333333333333,
                67.91666666666667,
                64.72222222222223,
                66.80555555555556,
                67.08333333333333,
                66.94444444444444,
                65.27777777777779,
                63.74999999999999,
                65.0,
                65.13888888888889,
                63.74999999999999,
                63.47222222222222,
                63.61111111111111,
                62.77777777777778,
                63.61111111111111,
                66.11111111111111,
                65.83333333333333,
                66.94444444444444,
                67.36111111111111,
                66.25,
                66.66666666666666,
                65.83333333333333,
                63.33333333333333,
                63.61111111111111,
                63.74999999999999,
                60.416666666666664,
                62.083333333333336,
                65.0,
                59.583333333333336,
                59.583333333333336,
                58.05555555555556,
                57.36111111111111,
                58.333333333333336,
                57.49999999999999,
                54.72222222222223,
                53.888888888888886,
                54.166666666666664,
                54.166666666666664,
                54.861111111111114,
                56.94444444444444,
                54.72222222222223,
                57.91666666666667,
                55.833333333333336,
                55.69444444444444,
                53.333333333333336,
                53.333333333333336,
                53.75,
                53.05555555555556,
                53.19444444444444,
                53.333333333333336,
                50.83333333333333,
                50.0,
                49.72222222222222,
                48.05555555555556,
                43.47222222222222,
                40.97222222222222,
                38.47222222222222,
                38.47222222222222,
                38.47222222222222,
                37.638888888888886,
                35.97222222222222,
                34.30555555555556,
                29.583333333333332,
                27.083333333333332,
                24.583333333333332,
                22.916666666666664,
                22.083333333333332,
                21.25,
                19.583333333333332,
                17.916666666666668,
                16.25,
                13.750000000000002,
                11.25,
                10.555555555555555,
                9.86111111111111,
                8.333333333333332,
                8.333333333333332,
                7.5,
                7.5,
                5.833333333333333,
                5.833333333333333,
                5.0,
                3.3333333333333335,
                2.5,
                2.5,
                0.0,
                0.0,
                0.0,
                0.0,
                0.0,
                0.0,
                0.0,
                0.0,
                0.0,
                0.0,
                0.0,
                0.0,
                0.0,
                0.0,
                0.0,
                0.0,
                0.0,
                0.0,
                0.0,
                0.0,
                0.0,
                0.0,
                0.0,
                0.0,
                0.0,
                0.0,
                0.0,
                0.0,
                0.0,
                0.0,
                0.0,
                0.0,
                0.0,
                0.0,
                0.0,
                0.0,
                0.0,
                0.0,
                0.0,
                0.0,
                0.0,
                0.0,
                0.0,
                0.0,
                0.0,
                0.0,
                0.0,
                0.0,
                0.0,
                0.0,
                0.0,
                0.0,
                0.0,
                0.0,
                0.0,
                0.0,
                0.0,
                0.0
            ],
            "3": [
                30.694444444444446,
                29.72222222222222,
                27.500000000000004,
                27.361111111111114,
                26.805555555555554,
                26.944444444444443,
                25.694444444444443,
                25.416666666666664,
                25.13888888888889,
                25.694444444444443,
                28.055555555555557,
                28.055555555555557,
                29.444444444444446,
                29.166666666666668,
                31.38888888888889,
                31.11111111111111,
                31.11111111111111,
                32.22222222222222,
                32.63888888888889,
                32.916666666666664,
                32.916666666666664,
                31.11111111111111,
                29.166666666666668,
                30.0,
                29.02777777777778,
                29.02777777777778,
                29.444444444444446,
                29.444444444444446,
                28.61111111111111,
                31.11111111111111,
                28.749999999999996,
                32.63888888888889,
                34.44444444444444,
                32.5,
                30.416666666666664,
                33.75,
                33.611111111111114,
                34.86111111111111,
                35.55555555555556,
                35.0,
                36.25,
                33.88888888888889,
                35.69444444444444,
                34.02777777777778,
                31.666666666666664,
                30.833333333333336,
                30.277777777777775,
                31.52777777777778,
                30.555555555555557,
                33.33333333333333,
                32.5,
                36.25,
                35.0,
                34.166666666666664,
                34.166666666666664,
                34.30555555555556,
                34.86111111111111,
                37.083333333333336,
                37.638888888888886,
                37.638888888888886,
                35.138888888888886,
                32.63888888888889,
                30.97222222222222,
                29.444444444444446,
                28.61111111111111,
                28.61111111111111,
                27.77777777777778,
                26.38888888888889,
                24.166666666666668,
                23.333333333333332,
                22.5,
                21.666666666666668,
                19.166666666666668,
                18.333333333333332,
                15.138888888888888,
                13.61111111111111,
                11.11111111111111,
                8.75,
                8.75,
                8.75,
                8.75,
                6.527777777777779,
                5.694444444444445,
                5.694444444444445,
                4.861111111111112,
                4.861111111111112,
                3.194444444444444,
                2.361111111111111,
                1.5277777777777777,
                1.5277777777777777,
                1.5277777777777777,
                1.5277777777777777,
                1.5277777777777777,
                0.0,
                0.0,
                0.0,
                0.0,
                0.0,
                0.0,
                0.0,
                0.0,
                0.0,
                0.0,
                0.0,
                0.0,
                0.0,
                0.0,
                0.0,
                0.0,
                0.0,
                0.0,
                0.0,
                0.0,
                0.0,
                0.0,
                0.0,
                0.0,
                0.0,
                0.0,
                0.0,
                0.0,
                0.0,
                0.0,
                0.0,
                0.0,
                0.0,
                0.0,
                0.0,
                0.0,
                0.0,
                0.0,
                0.0,
                0.0,
                0.0,
                0.0,
                0.0,
                0.0,
                0.0,
                0.0,
                0.0,
                0.0,
                0.0,
                0.0,
                0.0,
                0.0,
                0.0,
                0.0,
                0.0,
                0.0,
                0.0
            ],
            "overall": [
                93.33333333333333,
                93.88888888888889,
                96.38888888888889,
                92.08333333333334,
                95.55555555555556,
                98.61111111111111,
                98.75,
                97.91666666666666,
                97.63888888888889,
                97.91666666666667,
                97.77777777777779,
                98.47222222222221,
                98.88888888888889,
                98.61111111111113,
                97.63888888888889,
                98.61111111111111,
                99.16666666666667,
                98.47222222222223,
                98.61111111111111,
                99.02777777777777,
                99.02777777777777,
                98.05555555555556,
                97.77777777777779,
                98.33333333333333,
                98.47222222222223,
                98.88888888888889,
                98.19444444444444,
                98.47222222222221,
                97.63888888888889,
                98.75,
                98.33333333333333,
                97.91666666666666,
                98.19444444444444,
                97.91666666666667,
                98.75,
                97.91666666666667,
                98.19444444444446,
                97.91666666666666,
                97.91666666666666,
                99.16666666666667,
                98.75,
                97.77777777777779,
                97.91666666666666,
                97.77777777777777,
                97.91666666666666,
                98.19444444444446,
                97.49999999999999,
                97.63888888888889,
                98.19444444444446,
                98.47222222222221,
                98.88888888888889,
                98.88888888888889,
                99.02777777777779,
                96.94444444444444,
                94.02777777777777,
                93.47222222222223,
                94.16666666666666,
                91.38888888888889,
                90.27777777777777,
                89.16666666666666,
                85.0,
                77.08333333333334,
                72.91666666666666,
                67.91666666666667,
                67.08333333333333,
                67.08333333333333,
                65.41666666666666,
                62.361111111111114,
                58.47222222222223,
                52.916666666666664,
                49.58333333333333,
                46.25,
                42.08333333333333,
                40.416666666666664,
                36.388888888888886,
                33.19444444444444,
                29.02777777777778,
                25.0,
                22.5,
                20.0,
                19.305555555555557,
                16.38888888888889,
                14.027777777777777,
                14.027777777777777,
                12.36111111111111,
                12.36111111111111,
                9.027777777777777,
                8.194444444444445,
                6.527777777777778,
                4.861111111111111,
                4.027777777777778,
                4.027777777777778,
                1.5277777777777777,
                0.0,
                0.0,
                0.0,
                0.0,
                0.0,
                0.0,
                0.0,
                0.0,
                0.0,
                0.0,
                0.0,
                0.0,
                0.0,
                0.0,
                0.0,
                0.0,
                0.0,
                0.0,
                0.0,
                0.0,
                0.0,
                0.0,
                0.0,
                0.0,
                0.0,
                0.0,
                0.0,
                0.0,
                0.0,
                0.0,
                0.0,
                0.0,
                0.0,
                0.0,
                0.0,
                0.0,
                0.0,
                0.0,
                0.0,
                0.0,
                0.0,
                0.0,
                0.0,
                0.0,
                0.0,
                0.0,
                0.0,
                0.0,
                0.0,
                0.0,
                0.0,
                0.0,
                0.0,
                0.0,
                0.0,
                0.0,
                0.0
            ]
        },
        "lWaitAndOverdue": [
            [
                0,
                3,
                7,
                0
            ],
            [
                0,
                2,
                2,
                0
            ],
            [
                0,
                3,
                7,
                0
            ],
            [
                0,
                3,
                7,
                0
            ],
            [
                0,
                3,
                7,
                0
            ],
            [
                0,
                3,
                7,
                0
            ],
            [
                0,
                3,
                7,
                0
            ],
            [
                0,
                3,
                14,
                0
            ],
            [
                1,
                3,
                8,
                0
            ],
            [
                1,
                2,
                1,
                0
            ],
            [
                1,
                3,
                13,
                0
            ],
            [
                1,
                3,
                13,
                0
            ],
            [
                1,
                3,
                13,
                0
            ],
            [
                1,
                3,
                13,
                0
            ],
            [
                1,
                3,
                14,
                0
            ],
            [
                1,
                3,
                15,
                1
            ],
            [
                1,
                4,
                15,
                0
            ],
            [
                1,
                4,
                16,
                0
            ],
            [
                1,
                4,
                42,
                14
            ],
            [
                1,
                3,
                43,
                29
            ],
            [
                1,
                4,
                43,
                15
            ],
            [
                1,
                4,
                43,
                15
            ],
            [
                1,
                3,
                20,
                6
            ],
            [
                1,
                2,
                1,
                0
            ],
            [
                2,
                2,
                2,
                0
            ],
            [
                2,
                3,
                43,
                29
            ],
            [
                2,
                3,
                43,
                29
            ],
            [
                2,
                3,
                44,
                30
            ],
            [
                2,
                2,
                0,
                0
            ],
            [
                3,
                4,
                43,
                15
            ],
            [
                3,
                3,
                28,
                14
            ],
            [
                3,
                2,
                4,
                0
            ],
            [
                3,
                3,
                43,
                29
            ],
            [
                4,
                2,
                4,
                0
            ],
            [
                4,
                3,
                42,
                28
            ],
            [
                4,
                3,
                42,
                28
            ],
            [
                4,
                4,
                42,
                14
            ],
            [
                4,
                2,
                4,
                0
            ],
            [
                4,
                2,
                0,
                0
            ],
            [
                4,
                2,
                5,
                1
            ],
            [
                4,
                2,
                5,
                1
            ],
            [
                5,
                3,
                39,
                25
            ],
            [
                5,
                3,
                39,
                25
            ],
            [
                5,
                4,
                39,
                11
            ],
            [
                5,
                4,
                42,
                14
            ],
            [
                5,
                2,
                2,
                0
            ],
            [
                5,
                4,
                42,
                14
            ],
            [
                6,
                2,
                2,
                0
            ],
            [
                6,
                4,
                41,
                13
            ],
            [
                6,
                3,
                41,
                27
            ],
            [
                6,
                4,
                41,
                13
            ],
            [
                6,
                2,
                7,
                5
            ],
            [
                6,
                3,
                42,
                28
            ],
            [
                6,
                3,
                42,
                28
            ],
            [
                7,
                3,
                23,
                9
            ],
            [
                7,
                4,
                41,
                13
            ],
            [
                7,
                4,
                41,
                13
            ],
            [
                7,
                2,
                6,
                4
            ],
            [
                7,
                3,
                41,
                27
            ],
            [
                7,
                2,
                13,
                11
            ],
            [
                7,
                3,
                41,
                27
            ],
            [
                7,
                3,
                42,
                28
            ],
            [
                7,
                3,
                42,
                28
            ],
            [
                7,
                3,
                28,
                14
            ],
            [
                8,
                4,
                41,
                13
            ],
            [
                8,
                3,
                41,
                27
            ],
            [
                8,
                3,
                42,
                28
            ],
            [
                8,
                2,
                7,
                3
            ],
            [
                8,
                2,
                7,
                3
            ],
            [
                8,
                3,
                42,
                28
            ],
            [
                8,
                3,
                42,
                28
            ],
            [
                8,
                2,
                12,
                8
            ],
            [
                8,
                2,
                0,
                0
            ],
            [
                8,
                2,
                13,
                9
            ],
            [
                9,
                2,
                17,
                13
            ],
            [
                9,
                4,
                41,
                13
            ],
            [
                9,
                3,
                41,
                27
            ],
            [
                9,
                2,
                18,
                14
            ],
            [
                9,
                2,
                19,
                15
            ],
            [
                9,
                3,
                41,
                27
            ],
            [
                9,
                2,
                19,
                15
            ],
            [
                9,
                2,
                21,
                17
            ],
            [
                9,
                3,
                42,
                28
            ],
            [
                9,
                3,
                42,
                28
            ],
            [
                9,
                2,
                25,
                21
            ],
            [
                10,
                2,
                23,
                21
            ],
            [
                10,
                4,
                39,
                11
            ],
            [
                10,
                2,
                23,
                21
            ],
            [
                10,
                2,
                24,
                22
            ],
            [
                10,
                3,
                39,
                25
            ],
            [
                10,
                3,
                39,
                25
            ],
            [
                10,
                2,
                24,
                22
            ],
            [
                10,
                2,
                25,
                23
            ],
            [
                10,
                3,
                39,
                25
            ],
            [
                11,
                3,
                38,
                24
            ],
            [
                11,
                3,
                38,
                24
            ],
            [
                11,
                3,
                38,
                24
            ],
            [
                11,
                4,
                41,
                13
            ],
            [
                11,
                4,
                41,
                13
            ],
            [
                11,
                2,
                29,
                27
            ],
            [
                11,
                3,
                41,
                27
            ],
            [
                11,
                2,
                24,
                22
            ],
            [
                11,
                4,
                41,
                13
            ],
            [
                11,
                2,
                29,
                27
            ],
            [
                11,
                2,
                29,
                27
            ],
            [
                11,
                3,
                41,
                27
            ],
            [
                12,
                2,
                29,
                27
            ],
            [
                12,
                2,
                33,
                31
            ],
            [
                12,
                2,
                34,
                32
            ],
            [
                12,
                2,
                34,
                32
            ],
            [
                12,
                2,
                35,
                33
            ],
            [
                12,
                3,
                41,
                27
            ],
            [
                12,
                4,
                41,
                13
            ],
            [
                12,
                2,
                35,
                33
            ],
            [
                12,
                4,
                41,
                13
            ],
            [
                13,
                4,
                40,
                12
            ],
            [
                13,
                3,
                40,
                26
            ],
            [
                13,
                3,
                40,
                26
            ],
            [
                13,
                2,
                34,
                30
            ],
            [
                13,
                2,
                35,
                31
            ],
            [
                13,
                3,
                40,
                26
            ],
            [
                13,
                3,
                40,
                26
            ],
            [
                13,
                2,
                35,
                31
            ],
            [
                13,
                2,
                36,
                32
            ],
            [
                13,
                2,
                36,
                32
            ],
            [
                13,
                4,
                41,
                13
            ],
            [
                13,
                3,
                41,
                27
            ],
            [
                13,
                4,
                41,
                13
            ],
            [
                13,
                3,
                41,
                27
            ],
            [
                13,
                4,
                41,
                13
            ],
            [
                14,
                4,
                40,
                12
            ],
            [
                14,
                3,
                40,
                26
            ],
            [
                14,
                2,
                39,
                35
            ],
            [
                14,
                3,
                41,
                27
            ],
            [
                14,
                3,
                41,
                27
            ],
            [
                14,
                2,
                38,
                34
            ],
            [
                14,
                2,
                39,
                35
            ],
            [
                15,
                3,
                38,
                24
            ],
            [
                15,
                2,
                36,
                34
            ],
            [
                15,
                2,
                36,
                34
            ],
            [
                15,
                3,
                38,
                24
            ],
            [
                15,
                2,
                36,
                34
            ],
            [
                15,
                4,
                39,
                11
            ],
            [
                16,
                4,
                38,
                10
            ],
            [
                16,
                4,
                38,
                10
            ],
            [
                16,
                2,
                35,
                33
            ],
            [
                16,
                3,
                38,
                24
            ],
            [
                16,
                2,
                37,
                35
            ],
            [
                17,
                3,
                37,
                23
            ],
            [
                17,
                3,
                40,
                26
            ],
            [
                17,
                3,
                40,
                26
            ],
            [
                17,
                3,
                41,
                27
            ],
            [
                17,
                4,
                41,
                13
            ],
            [
                17,
                3,
                41,
                27
            ],
            [
                17,
                2,
                34,
                32
            ],
            [
                17,
                2,
                37,
                35
            ],
            [
                17,
                3,
                41,
                27
            ],
            [
                18,
                3,
                40,
                26
            ],
            [
                18,
                4,
                41,
                13
            ],
            [
                18,
                2,
                35,
                31
            ],
            [
                18,
                2,
                35,
                31
            ],
            [
                18,
                3,
                40,
                26
            ],
            [
                18,
                3,
                41,
                27
            ],
            [
                18,
                4,
                41,
                13
            ],
            [
                18,
                4,
                42,
                14
            ],
            [
                18,
                2,
                39,
                35
            ],
            [
                19,
                2,
                35,
                31
            ],
            [
                19,
                2,
                35,
                31
            ],
            [
                19,
                2,
                38,
                34
            ],
            [
                19,
                2,
                38,
                34
            ],
            [
                19,
                2,
                35,
                31
            ],
            [
                19,
                3,
                41,
                27
            ],
            [
                19,
                2,
                39,
                35
            ],
            [
                19,
                2,
                39,
                35
            ],
            [
                19,
                3,
                41,
                27
            ],
            [
                20,
                3,
                38,
                24
            ],
            [
                20,
                3,
                38,
                24
            ],
            [
                20,
                2,
                36,
                34
            ],
            [
                20,
                3,
                38,
                24
            ],
            [
                20,
                3,
                38,
                24
            ],
            [
                20,
                4,
                39,
                11
            ],
            [
                20,
                4,
                39,
                11
            ],
            [
                20,
                3,
                39,
                25
            ],
            [
                20,
                2,
                36,
                34
            ],
            [
                20,
                3,
                39,
                25
            ],
            [
                20,
                3,
                42,
                28
            ],
            [
                20,
                3,
                42,
                28
            ],
            [
                21,
                2,
                35,
                33
            ],
            [
                21,
                4,
                38,
                10
            ],
            [
                21,
                2,
                35,
                33
            ],
            [
                21,
                3,
                42,
                28
            ],
            [
                21,
                2,
                35,
                33
            ],
            [
                21,
                2,
                41,
                39
            ],
            [
                21,
                4,
                42,
                14
            ],
            [
                21,
                3,
                42,
                28
            ],
            [
                21,
                4,
                42,
                14
            ],
            [
                21,
                4,
                42,
                14
            ],
            [
                21,
                4,
                42,
                14
            ],
            [
                21,
                4,
                42,
                14
            ],
            [
                21,
                2,
                36,
                34
            ],
            [
                22,
                2,
                36,
                34
            ],
            [
                22,
                4,
                41,
                13
            ],
            [
                22,
                3,
                42,
                28
            ],
            [
                22,
                4,
                41,
                13
            ],
            [
                22,
                2,
                36,
                34
            ],
            [
                22,
                4,
                42,
                14
            ],
            [
                22,
                4,
                42,
                14
            ],
            [
                22,
                2,
                34,
                32
            ],
            [
                23,
                3,
                43,
                29
            ],
            [
                23,
                3,
                42,
                28
            ],
            [
                23,
                3,
                42,
                28
            ],
            [
                23,
                3,
                46,
                32
            ],
            [
                23,
                3,
                46,
                32
            ],
            [
                23,
                2,
                34,
                30
            ],
            [
                23,
                3,
                46,
                32
            ],
            [
                23,
                4,
                46,
                18
            ],
            [
                23,
                4,
                46,
                18
            ],
            [
                24,
                2,
                33,
                29
            ],
            [
                24,
                2,
                33,
                29
            ],
            [
                24,
                3,
                46,
                32
            ],
            [
                24,
                2,
                7,
                3
            ],
            [
                24,
                3,
                46,
                32
            ],
            [
                24,
                4,
                46,
                18
            ],
            [
                24,
                4,
                46,
                18
            ],
            [
                24,
                3,
                46,
                32
            ],
            [
                24,
                2,
                35,
                31
            ],
            [
                25,
                4,
                44,
                16
            ],
            [
                25,
                4,
                44,
                16
            ],
            [
                25,
                4,
                44,
                16
            ],
            [
                25,
                2,
                32,
                30
            ],
            [
                25,
                4,
                44,
                16
            ],
            [
                25,
                4,
                44,
                16
            ],
            [
                25,
                2,
                32,
                30
            ],
            [
                26,
                3,
                44,
                30
            ],
            [
                26,
                2,
                29,
                27
            ],
            [
                26,
                2,
                31,
                29
            ],
            [
                26,
                4,
                43,
                15
            ],
            [
                26,
                4,
                42,
                14
            ],
            [
                26,
                4,
                43,
                15
            ],
            [
                26,
                4,
                44,
                16
            ],
            [
                26,
                4,
                45,
                17
            ],
            [
                26,
                4,
                44,
                16
            ],
            [
                26,
                4,
                44,
                16
            ],
            [
                27,
                2,
                33,
                31
            ],
            [
                27,
                4,
                44,
                16
            ],
            [
                27,
                2,
                33,
                31
            ],
            [
                27,
                2,
                30,
                28
            ],
            [
                27,
                2,
                34,
                32
            ],
            [
                27,
                3,
                44,
                30
            ],
            [
                28,
                3,
                43,
                29
            ],
            [
                28,
                3,
                43,
                29
            ],
            [
                28,
                3,
                43,
                29
            ],
            [
                28,
                3,
                43,
                29
            ],
            [
                28,
                2,
                28,
                24
            ],
            [
                28,
                2,
                33,
                29
            ],
            [
                28,
                2,
                34,
                30
            ],
            [
                29,
                2,
                33,
                29
            ],
            [
                29,
                2,
                33,
                29
            ],
            [
                29,
                2,
                34,
                30
            ],
            [
                29,
                2,
                34,
                30
            ],
            [
                29,
                2,
                32,
                28
            ],
            [
                29,
                3,
                42,
                28
            ],
            [
                29,
                3,
                42,
                28
            ],
            [
                29,
                4,
                42,
                14
            ],
            [
                29,
                2,
                34,
                30
            ],
            [
                29,
                2,
                35,
                31
            ]
        ],
        "lWaitDayByPriority": [
            8978,
            0,
            2643,
            3708,
            2627
        ],
        "objval": 2601.55006127451,
        "std_occupancy": 45.024166312394954
    },
    "runtime": 1.7287659645080566,
    "simdays": 150,
    "solver": "daily_greedy"
}