{
    "arrivalrate": 9.0,
    "ins_name": 397,
    "ins_path": "/home/tusan/projects/def-roussea5/tusan/exp/2021_Oct/6linacs/lambda9.0/data",
    "lNoNewPatients": [
        268,
        0,
        97,
        102,
        69
    ],
    "lNoPatients": [
        480,
        1,
        111,
        217,
        151
    ],
    "lNoSections": [
        3763,
        0,
        282,
        2069,
        1412
    ],
    "mipgap": 0.01921751828911076,
    "noLinacs": 6,
    "noSlotsPerDay": 120,
    "planningHorizon": 80,
    "runresult": {
        "feasibility": true,
        "lAvgLateDayByPriority": [
            6.477611940298507,
            0.0,
            0.0,
            12.431372549019608,
            6.782608695652174
        ],
        "lAvgWaitDayByPriority": [
            19.26492537313433,
            0.0,
            1.4123711340206186,
            26.07843137254902,
            34.289855072463766
        ],
        "lLateDayByPriority": [
            1736,
            0,
            0,
            1268,
            468
        ],
        "lWaitDayByPriority": [
            5163,
            0,
            137,
            2660,
            2366
        ],
        "objval": 20293.70597902989
    },
    "runtime": 2373.647763490677,
    "simdays": 30,
    "solver": "static"
}