{
    "arrivalrate": 9.0,
    "ins_name": 465,
    "ins_path": "/ssd6/san/temp/RTSP-scheduling/data/6linacs/lambda9.0/data",
    "lNoNewPatients": [
        268,
        0,
        101,
        103,
        64
    ],
    "lNoPatients": [
        478,
        1,
        111,
        219,
        147
    ],
    "lNoSections": [
        3719,
        0,
        291,
        2099,
        1329
    ],
    "mipgap": 1.0,
    "noLinacs": 6,
    "noSlotsPerDay": 120,
    "planningHorizon": 80,
    "runresult": {
        "avg_occupancy": 44.55833333333334,
        "feasibility": true,
        "lAvgLateDayByPriority": [
            15.037313432835822,
            0.0,
            17.14851485148515,
            18.446601941747574,
            6.21875
        ],
        "lAvgWaitDayByPriority": [
            27.55223880597015,
            0.0,
            19.871287128712872,
            32.00970873786408,
            32.5
        ],
        "lLateDayByPriority": [
            4030,
            0,
            1732,
            1900,
            398
        ],
        "lOccupancy": {
            "0": [
                0.8333333333333334,
                0.8333333333333334,
                0.8333333333333334,
                0.0,
                0.0,
                0.0,
                0.0,
                0.0,
                0.0,
                0.0,
                0.0,
                0.0,
                0.0,
                0.0,
                0.0,
                0.0,
                0.0,
                0.0,
                0.0,
                0.0,
                0.0,
                0.0,
                0.0,
                0.0,
                0.0,
                0.0,
                0.0,
                0.0,
                0.0,
                0.0,
                0.0,
                0.0,
                0.0,
                0.0,
                0.0,
                0.0,
                0.0,
                0.0,
                0.0,
                0.0,
                0.0,
                0.0,
                0.0,
                0.0,
                0.0,
                0.0,
                0.0,
                0.0,
                0.0,
                0.0,
                0.0,
                0.0,
                0.0,
                0.0,
                0.0,
                0.0,
                0.0,
                0.0,
                0.0,
                0.0,
                0.0,
                0.0,
                0.0,
                0.0,
                0.0,
                0.0,
                0.0,
                0.0,
                0.0,
                0.0,
                0.0,
                0.0,
                0.0,
                0.0,
                0.0,
                0.0,
                0.0,
                0.0,
                0.0,
                0.0,
                0.0,
                0.0,
                0.0,
                0.0,
                0.0,
                0.0,
                0.0,
                0.0,
                0.0,
                0.0,
                0.0,
                0.0,
                0.0,
                0.0,
                0.0,
                0.0,
                0.0,
                0.0,
                0.0,
                0.0,
                0.0,
                0.0,
                0.0,
                0.0,
                0.0,
                0.0,
                0.0,
                0.0,
                0.0,
                0.0,
                0.0,
                0.0,
                0.0,
                0.0,
                0.0,
                0.0,
                0.0,
                0.0,
                0.0,
                0.0,
                0.0,
                0.0,
                0.0,
                0.0,
                0.0,
                0.0,
                0.0,
                0.0,
                0.0,
                0.0,
                0.0,
                0.0,
                0.0,
                0.0,
                0.0,
                0.0,
                0.0,
                0.0,
                0.0,
                0.0,
                0.0,
                0.0,
                0.0,
                0.0,
                0.0,
                0.0,
                0.0,
                0.0,
                0.0,
                0.0
            ],
            "1": [
                5.555555555555555,
                12.222222222222221,
                13.88888888888889,
                10.0,
                10.277777777777777,
                8.194444444444445,
                8.333333333333332,
                6.666666666666667,
                8.75,
                5.833333333333333,
                7.916666666666666,
                3.3333333333333335,
                2.5,
                2.5,
                3.3333333333333335,
                3.3333333333333335,
                2.5,
                2.5,
                2.5,
                3.3333333333333335,
                2.5,
                2.9166666666666665,
                2.9166666666666665,
                4.583333333333333,
                2.5,
                2.5,
                3.3333333333333335,
                3.3333333333333335,
                2.083333333333333,
                4.166666666666666,
                4.166666666666666,
                4.166666666666666,
                4.861111111111112,
                5.277777777777778,
                4.861111111111112,
                6.111111111111111,
                6.527777777777779,
                7.5,
                6.666666666666667,
                6.666666666666667,
                9.583333333333334,
                11.25,
                11.666666666666666,
                12.63888888888889,
                12.36111111111111,
                13.472222222222221,
                10.555555555555555,
                9.583333333333334,
                9.583333333333334,
                3.6111111111111107,
                2.7777777777777777,
                5.277777777777778,
                2.7777777777777777,
                1.8055555555555554,
                0.8333333333333334,
                0.8333333333333334,
                0.8333333333333334,
                0.8333333333333334,
                0.8333333333333334,
                0.0,
                0.0,
                0.0,
                0.0,
                0.0,
                0.0,
                0.0,
                0.0,
                0.0,
                0.0,
                0.0,
                0.0,
                0.0,
                0.0,
                0.0,
                0.0,
                0.0,
                0.0,
                0.0,
                0.0,
                0.0,
                0.0,
                0.0,
                0.0,
                0.0,
                0.0,
                0.0,
                0.0,
                0.0,
                0.0,
                0.0,
                0.0,
                0.0,
                0.0,
                0.0,
                0.0,
                0.0,
                0.0,
                0.0,
                0.0,
                0.0,
                0.0,
                0.0,
                0.0,
                0.0,
                0.0,
                0.0,
                0.0,
                0.0,
                0.0,
                0.0,
                0.0,
                0.0,
                0.0,
                0.0,
                0.0,
                0.0,
                0.0,
                0.0,
                0.0,
                0.0,
                0.0,
                0.0,
                0.0,
                0.0,
                0.0,
                0.0,
                0.0,
                0.0,
                0.0,
                0.0,
                0.0,
                0.0,
                0.0,
                0.0,
                0.0,
                0.0,
                0.0,
                0.0,
                0.0,
                0.0,
                0.0,
                0.0,
                0.0,
                0.0,
                0.0,
                0.0,
                0.0,
                0.0,
                0.0,
                0.0
            ],
            "2": [
                54.861111111111114,
                55.27777777777778,
                55.55555555555556,
                56.111111111111114,
                56.388888888888886,
                63.33333333333333,
                65.97222222222221,
                64.72222222222223,
                62.361111111111114,
                63.888888888888886,
                60.416666666666664,
                60.416666666666664,
                60.69444444444444,
                60.0,
                57.91666666666667,
                55.97222222222222,
                58.75,
                60.55555555555555,
                59.72222222222222,
                56.80555555555556,
                57.638888888888886,
                59.583333333333336,
                60.416666666666664,
                58.88888888888889,
                63.05555555555556,
                64.02777777777777,
                63.888888888888886,
                65.55555555555556,
                61.52777777777778,
                62.77777777777778,
                60.27777777777777,
                61.66666666666667,
                63.33333333333333,
                63.74999999999999,
                61.52777777777778,
                59.44444444444444,
                59.44444444444444,
                57.638888888888886,
                58.611111111111114,
                59.583333333333336,
                59.72222222222222,
                57.22222222222222,
                57.08333333333333,
                58.333333333333336,
                58.333333333333336,
                58.333333333333336,
                58.75,
                60.416666666666664,
                60.83333333333333,
                61.52777777777778,
                61.38888888888889,
                59.02777777777778,
                58.333333333333336,
                56.25,
                56.388888888888886,
                57.22222222222222,
                60.0,
                57.49999999999999,
                55.833333333333336,
                53.47222222222222,
                49.30555555555556,
                43.47222222222222,
                35.97222222222222,
                34.30555555555556,
                34.30555555555556,
                33.47222222222222,
                30.97222222222222,
                27.63888888888889,
                22.916666666666664,
                22.916666666666664,
                22.083333333333332,
                20.416666666666668,
                17.916666666666668,
                17.083333333333332,
                14.583333333333334,
                14.583333333333334,
                11.25,
                10.416666666666668,
                7.916666666666666,
                6.25,
                4.861111111111112,
                4.861111111111112,
                4.166666666666666,
                3.3333333333333335,
                3.3333333333333335,
                3.3333333333333335,
                3.3333333333333335,
                3.3333333333333335,
                0.8333333333333334,
                0.8333333333333334,
                0.0,
                0.0,
                0.0,
                0.0,
                0.0,
                0.0,
                0.0,
                0.0,
                0.0,
                0.0,
                0.0,
                0.0,
                0.0,
                0.0,
                0.0,
                0.0,
                0.0,
                0.0,
                0.0,
                0.0,
                0.0,
                0.0,
                0.0,
                0.0,
                0.0,
                0.0,
                0.0,
                0.0,
                0.0,
                0.0,
                0.0,
                0.0,
                0.0,
                0.0,
                0.0,
                0.0,
                0.0,
                0.0,
                0.0,
                0.0,
                0.0,
                0.0,
                0.0,
                0.0,
                0.0,
                0.0,
                0.0,
                0.0,
                0.0,
                0.0,
                0.0,
                0.0,
                0.0,
                0.0,
                0.0,
                0.0,
                0.0,
                0.0,
                0.0,
                0.0
            ],
            "3": [
                28.888888888888886,
                29.02777777777778,
                28.61111111111111,
                27.63888888888889,
                27.500000000000004,
                26.944444444444443,
                24.444444444444443,
                25.833333333333336,
                26.666666666666668,
                28.61111111111111,
                30.416666666666664,
                34.44444444444444,
                34.44444444444444,
                34.86111111111111,
                37.5,
                39.58333333333333,
                37.22222222222222,
                35.69444444444444,
                36.666666666666664,
                38.611111111111114,
                38.19444444444444,
                36.388888888888886,
                35.55555555555556,
                34.583333333333336,
                33.47222222222222,
                32.63888888888889,
                31.52777777777778,
                29.86111111111111,
                34.02777777777778,
                31.38888888888889,
                33.88888888888889,
                32.77777777777778,
                30.277777777777775,
                29.444444444444446,
                31.944444444444443,
                32.5,
                32.361111111111114,
                33.05555555555556,
                33.88888888888889,
                32.5,
                30.0,
                30.277777777777775,
                30.277777777777775,
                28.61111111111111,
                27.916666666666668,
                27.500000000000004,
                29.305555555555557,
                27.77777777777778,
                27.63888888888889,
                27.63888888888889,
                27.083333333333332,
                27.916666666666668,
                30.416666666666664,
                32.5,
                32.083333333333336,
                29.72222222222222,
                28.333333333333332,
                30.833333333333336,
                31.666666666666664,
                28.749999999999996,
                27.083333333333332,
                25.416666666666664,
                24.72222222222222,
                22.22222222222222,
                22.22222222222222,
                22.22222222222222,
                20.13888888888889,
                18.47222222222222,
                16.944444444444446,
                16.944444444444446,
                16.944444444444446,
                15.277777777777779,
                14.444444444444443,
                13.61111111111111,
                12.777777777777777,
                11.944444444444445,
                8.88888888888889,
                7.222222222222221,
                7.222222222222221,
                7.222222222222221,
                6.388888888888888,
                6.388888888888888,
                5.694444444444445,
                4.861111111111112,
                4.861111111111112,
                4.861111111111112,
                4.027777777777778,
                2.361111111111111,
                2.361111111111111,
                1.5277777777777777,
                1.5277777777777777,
                1.5277777777777777,
                1.5277777777777777,
                0.6944444444444444,
                0.0,
                0.0,
                0.0,
                0.0,
                0.0,
                0.0,
                0.0,
                0.0,
                0.0,
                0.0,
                0.0,
                0.0,
                0.0,
                0.0,
                0.0,
                0.0,
                0.0,
                0.0,
                0.0,
                0.0,
                0.0,
                0.0,
                0.0,
                0.0,
                0.0,
                0.0,
                0.0,
                0.0,
                0.0,
                0.0,
                0.0,
                0.0,
                0.0,
                0.0,
                0.0,
                0.0,
                0.0,
                0.0,
                0.0,
                0.0,
                0.0,
                0.0,
                0.0,
                0.0,
                0.0,
                0.0,
                0.0,
                0.0,
                0.0,
                0.0,
                0.0,
                0.0,
                0.0,
                0.0,
                0.0,
                0.0
            ],
            "overall": [
                90.13888888888889,
                97.36111111111111,
                98.8888888888889,
                93.75,
                94.16666666666666,
                98.47222222222221,
                98.74999999999999,
                97.22222222222223,
                97.77777777777779,
                98.33333333333333,
                98.75,
                98.19444444444444,
                97.63888888888889,
                97.36111111111111,
                98.75,
                98.88888888888889,
                98.47222222222223,
                98.75,
                98.88888888888889,
                98.75,
                98.33333333333333,
                98.88888888888889,
                98.88888888888889,
                98.05555555555557,
                99.02777777777777,
                99.16666666666666,
                98.75,
                98.75,
                97.63888888888889,
                98.33333333333333,
                98.33333333333334,
                98.61111111111111,
                98.47222222222221,
                98.47222222222221,
                98.33333333333333,
                98.05555555555556,
                98.33333333333334,
                98.19444444444444,
                99.16666666666669,
                98.75,
                99.30555555555556,
                98.75,
                99.02777777777777,
                99.58333333333334,
                98.61111111111111,
                99.30555555555556,
                98.61111111111111,
                97.77777777777777,
                98.05555555555554,
                92.77777777777777,
                91.25,
                92.22222222222223,
                91.52777777777777,
                90.55555555555556,
                89.30555555555556,
                87.77777777777777,
                89.16666666666667,
                89.16666666666666,
                88.33333333333334,
                82.22222222222221,
                76.38888888888889,
                68.88888888888889,
                60.69444444444444,
                56.52777777777778,
                56.52777777777778,
                55.69444444444444,
                51.111111111111114,
                46.111111111111114,
                39.861111111111114,
                39.861111111111114,
                39.02777777777778,
                35.69444444444444,
                32.361111111111114,
                30.694444444444443,
                27.36111111111111,
                26.52777777777778,
                20.13888888888889,
                17.63888888888889,
                15.138888888888888,
                13.472222222222221,
                11.25,
                11.25,
                9.86111111111111,
                8.194444444444445,
                8.194444444444445,
                8.194444444444445,
                7.361111111111111,
                5.694444444444445,
                3.1944444444444446,
                2.361111111111111,
                1.5277777777777777,
                1.5277777777777777,
                1.5277777777777777,
                0.6944444444444444,
                0.0,
                0.0,
                0.0,
                0.0,
                0.0,
                0.0,
                0.0,
                0.0,
                0.0,
                0.0,
                0.0,
                0.0,
                0.0,
                0.0,
                0.0,
                0.0,
                0.0,
                0.0,
                0.0,
                0.0,
                0.0,
                0.0,
                0.0,
                0.0,
                0.0,
                0.0,
                0.0,
                0.0,
                0.0,
                0.0,
                0.0,
                0.0,
                0.0,
                0.0,
                0.0,
                0.0,
                0.0,
                0.0,
                0.0,
                0.0,
                0.0,
                0.0,
                0.0,
                0.0,
                0.0,
                0.0,
                0.0,
                0.0,
                0.0,
                0.0,
                0.0,
                0.0,
                0.0,
                0.0,
                0.0,
                0.0
            ]
        },
        "lWaitAndOverdue": [
            [
                0,
                2,
                2,
                0
            ],
            [
                0,
                4,
                14,
                0
            ],
            [
                0,
                3,
                7,
                0
            ],
            [
                0,
                2,
                2,
                0
            ],
            [
                0,
                2,
                2,
                0
            ],
            [
                0,
                2,
                1,
                0
            ],
            [
                0,
                2,
                1,
                0
            ],
            [
                0,
                2,
                1,
                0
            ],
            [
                0,
                3,
                7,
                0
            ],
            [
                0,
                3,
                7,
                0
            ],
            [
                0,
                3,
                7,
                0
            ],
            [
                0,
                3,
                7,
                0
            ],
            [
                0,
                3,
                7,
                0
            ],
            [
                0,
                3,
                11,
                0
            ],
            [
                1,
                2,
                0,
                0
            ],
            [
                1,
                2,
                2,
                0
            ],
            [
                1,
                4,
                14,
                0
            ],
            [
                1,
                4,
                14,
                0
            ],
            [
                1,
                4,
                14,
                0
            ],
            [
                1,
                2,
                2,
                0
            ],
            [
                1,
                4,
                14,
                0
            ],
            [
                2,
                4,
                14,
                0
            ],
            [
                3,
                2,
                1,
                0
            ],
            [
                3,
                2,
                0,
                0
            ],
            [
                3,
                2,
                0,
                0
            ],
            [
                3,
                4,
                15,
                0
            ],
            [
                3,
                4,
                15,
                0
            ],
            [
                3,
                3,
                19,
                5
            ],
            [
                3,
                2,
                5,
                1
            ],
            [
                3,
                2,
                5,
                1
            ],
            [
                4,
                2,
                4,
                0
            ],
            [
                4,
                3,
                28,
                14
            ],
            [
                4,
                2,
                0,
                0
            ],
            [
                4,
                3,
                31,
                17
            ],
            [
                4,
                3,
                32,
                18
            ],
            [
                4,
                3,
                34,
                20
            ],
            [
                4,
                3,
                35,
                21
            ],
            [
                4,
                3,
                35,
                21
            ],
            [
                4,
                3,
                24,
                10
            ],
            [
                4,
                3,
                19,
                5
            ],
            [
                4,
                2,
                4,
                0
            ],
            [
                4,
                3,
                35,
                21
            ],
            [
                4,
                3,
                35,
                21
            ],
            [
                5,
                3,
                35,
                21
            ],
            [
                5,
                3,
                35,
                21
            ],
            [
                5,
                3,
                35,
                21
            ],
            [
                5,
                3,
                35,
                21
            ],
            [
                5,
                4,
                35,
                7
            ],
            [
                5,
                4,
                35,
                7
            ],
            [
                5,
                4,
                35,
                7
            ],
            [
                6,
                3,
                34,
                20
            ],
            [
                6,
                4,
                34,
                6
            ],
            [
                6,
                4,
                34,
                6
            ],
            [
                6,
                3,
                34,
                20
            ],
            [
                6,
                2,
                3,
                1
            ],
            [
                7,
                2,
                2,
                0
            ],
            [
                7,
                3,
                34,
                20
            ],
            [
                7,
                3,
                34,
                20
            ],
            [
                7,
                3,
                33,
                19
            ],
            [
                7,
                2,
                9,
                7
            ],
            [
                7,
                4,
                34,
                6
            ],
            [
                7,
                3,
                34,
                20
            ],
            [
                8,
                2,
                4,
                0
            ],
            [
                8,
                3,
                34,
                20
            ],
            [
                8,
                2,
                4,
                0
            ],
            [
                8,
                3,
                34,
                20
            ],
            [
                8,
                3,
                34,
                20
            ],
            [
                8,
                4,
                35,
                7
            ],
            [
                8,
                2,
                4,
                0
            ],
            [
                8,
                2,
                13,
                9
            ],
            [
                9,
                2,
                4,
                0
            ],
            [
                9,
                2,
                13,
                9
            ],
            [
                9,
                3,
                34,
                20
            ],
            [
                9,
                3,
                34,
                20
            ],
            [
                9,
                4,
                34,
                6
            ],
            [
                9,
                4,
                34,
                6
            ],
            [
                9,
                2,
                3,
                0
            ],
            [
                9,
                4,
                35,
                7
            ],
            [
                10,
                2,
                15,
                13
            ],
            [
                10,
                4,
                32,
                4
            ],
            [
                10,
                3,
                32,
                18
            ],
            [
                10,
                4,
                32,
                4
            ],
            [
                10,
                2,
                10,
                8
            ],
            [
                10,
                3,
                32,
                18
            ],
            [
                11,
                3,
                31,
                17
            ],
            [
                11,
                3,
                31,
                17
            ],
            [
                11,
                4,
                31,
                3
            ],
            [
                11,
                4,
                34,
                6
            ],
            [
                11,
                2,
                16,
                14
            ],
            [
                12,
                3,
                33,
                19
            ],
            [
                12,
                2,
                15,
                13
            ],
            [
                12,
                3,
                30,
                16
            ],
            [
                12,
                3,
                33,
                19
            ],
            [
                12,
                3,
                33,
                19
            ],
            [
                12,
                3,
                33,
                19
            ],
            [
                12,
                4,
                33,
                5
            ],
            [
                12,
                3,
                33,
                19
            ],
            [
                12,
                3,
                33,
                19
            ],
            [
                12,
                2,
                9,
                7
            ],
            [
                12,
                2,
                15,
                13
            ],
            [
                12,
                3,
                34,
                20
            ],
            [
                12,
                3,
                34,
                20
            ],
            [
                12,
                2,
                22,
                20
            ],
            [
                12,
                2,
                20,
                18
            ],
            [
                13,
                2,
                22,
                18
            ],
            [
                13,
                2,
                22,
                18
            ],
            [
                13,
                4,
                33,
                5
            ],
            [
                13,
                3,
                35,
                21
            ],
            [
                13,
                2,
                20,
                16
            ],
            [
                13,
                2,
                22,
                18
            ],
            [
                13,
                3,
                33,
                19
            ],
            [
                13,
                2,
                22,
                18
            ],
            [
                14,
                2,
                25,
                21
            ],
            [
                14,
                3,
                32,
                18
            ],
            [
                14,
                3,
                33,
                19
            ],
            [
                14,
                2,
                25,
                21
            ],
            [
                14,
                2,
                26,
                22
            ],
            [
                14,
                4,
                34,
                6
            ],
            [
                14,
                2,
                26,
                22
            ],
            [
                14,
                2,
                26,
                22
            ],
            [
                15,
                3,
                31,
                17
            ],
            [
                15,
                3,
                31,
                17
            ],
            [
                15,
                2,
                25,
                23
            ],
            [
                15,
                2,
                24,
                22
            ],
            [
                15,
                3,
                31,
                17
            ],
            [
                15,
                3,
                32,
                18
            ],
            [
                15,
                3,
                32,
                18
            ],
            [
                15,
                3,
                32,
                18
            ],
            [
                15,
                4,
                30,
                2
            ],
            [
                15,
                4,
                32,
                4
            ],
            [
                16,
                2,
                24,
                22
            ],
            [
                16,
                3,
                31,
                17
            ],
            [
                16,
                2,
                23,
                21
            ],
            [
                16,
                4,
                31,
                3
            ],
            [
                16,
                2,
                24,
                22
            ],
            [
                16,
                2,
                27,
                25
            ],
            [
                16,
                3,
                31,
                17
            ],
            [
                16,
                2,
                27,
                25
            ],
            [
                16,
                2,
                27,
                25
            ],
            [
                16,
                2,
                28,
                26
            ],
            [
                16,
                2,
                28,
                26
            ],
            [
                17,
                2,
                28,
                26
            ],
            [
                17,
                3,
                33,
                19
            ],
            [
                17,
                4,
                33,
                5
            ],
            [
                17,
                2,
                28,
                26
            ],
            [
                17,
                4,
                33,
                5
            ],
            [
                17,
                4,
                33,
                5
            ],
            [
                17,
                3,
                33,
                19
            ],
            [
                17,
                3,
                34,
                20
            ],
            [
                17,
                2,
                28,
                26
            ],
            [
                17,
                2,
                30,
                28
            ],
            [
                17,
                3,
                34,
                20
            ],
            [
                17,
                3,
                34,
                20
            ],
            [
                17,
                2,
                30,
                28
            ],
            [
                17,
                2,
                30,
                28
            ],
            [
                18,
                2,
                32,
                28
            ],
            [
                18,
                4,
                33,
                5
            ],
            [
                18,
                3,
                33,
                19
            ],
            [
                18,
                4,
                33,
                5
            ],
            [
                18,
                3,
                33,
                19
            ],
            [
                18,
                4,
                33,
                5
            ],
            [
                18,
                4,
                33,
                5
            ],
            [
                18,
                3,
                33,
                19
            ],
            [
                18,
                2,
                32,
                28
            ],
            [
                19,
                3,
                33,
                19
            ],
            [
                19,
                3,
                33,
                19
            ],
            [
                19,
                2,
                31,
                27
            ],
            [
                19,
                2,
                31,
                27
            ],
            [
                19,
                3,
                34,
                20
            ],
            [
                19,
                2,
                31,
                27
            ],
            [
                19,
                2,
                31,
                27
            ],
            [
                20,
                3,
                31,
                17
            ],
            [
                20,
                2,
                29,
                27
            ],
            [
                20,
                4,
                31,
                3
            ],
            [
                20,
                4,
                31,
                3
            ],
            [
                20,
                4,
                31,
                3
            ],
            [
                20,
                2,
                29,
                27
            ],
            [
                20,
                3,
                31,
                17
            ],
            [
                20,
                2,
                29,
                27
            ],
            [
                20,
                3,
                31,
                17
            ],
            [
                20,
                3,
                35,
                21
            ],
            [
                21,
                3,
                34,
                20
            ],
            [
                21,
                3,
                34,
                20
            ],
            [
                21,
                4,
                34,
                6
            ],
            [
                21,
                3,
                34,
                20
            ],
            [
                21,
                2,
                28,
                26
            ],
            [
                21,
                2,
                34,
                32
            ],
            [
                21,
                3,
                35,
                21
            ],
            [
                21,
                3,
                35,
                21
            ],
            [
                21,
                4,
                35,
                7
            ],
            [
                22,
                2,
                27,
                25
            ],
            [
                22,
                2,
                28,
                26
            ],
            [
                22,
                3,
                34,
                20
            ],
            [
                22,
                3,
                35,
                21
            ],
            [
                22,
                4,
                34,
                6
            ],
            [
                22,
                4,
                36,
                8
            ],
            [
                22,
                2,
                28,
                26
            ],
            [
                23,
                2,
                27,
                23
            ],
            [
                23,
                2,
                27,
                23
            ],
            [
                23,
                2,
                33,
                29
            ],
            [
                23,
                2,
                28,
                24
            ],
            [
                23,
                2,
                27,
                23
            ],
            [
                23,
                3,
                35,
                21
            ],
            [
                23,
                2,
                28,
                24
            ],
            [
                23,
                2,
                28,
                24
            ],
            [
                23,
                3,
                35,
                21
            ],
            [
                24,
                3,
                34,
                20
            ],
            [
                24,
                3,
                35,
                21
            ],
            [
                24,
                2,
                27,
                23
            ],
            [
                24,
                3,
                35,
                21
            ],
            [
                24,
                3,
                35,
                21
            ],
            [
                24,
                4,
                38,
                10
            ],
            [
                24,
                4,
                35,
                7
            ],
            [
                24,
                3,
                35,
                21
            ],
            [
                25,
                2,
                25,
                23
            ],
            [
                25,
                3,
                35,
                21
            ],
            [
                25,
                3,
                35,
                21
            ],
            [
                25,
                3,
                35,
                21
            ],
            [
                25,
                2,
                25,
                23
            ],
            [
                25,
                4,
                35,
                7
            ],
            [
                25,
                2,
                25,
                23
            ],
            [
                25,
                3,
                36,
                22
            ],
            [
                26,
                2,
                24,
                22
            ],
            [
                26,
                2,
                35,
                33
            ],
            [
                26,
                4,
                35,
                7
            ],
            [
                26,
                3,
                35,
                21
            ],
            [
                26,
                4,
                35,
                7
            ],
            [
                26,
                4,
                36,
                8
            ],
            [
                26,
                4,
                36,
                8
            ],
            [
                26,
                4,
                36,
                8
            ],
            [
                26,
                2,
                29,
                27
            ],
            [
                26,
                2,
                29,
                27
            ],
            [
                26,
                4,
                36,
                8
            ],
            [
                26,
                3,
                38,
                24
            ],
            [
                26,
                4,
                37,
                9
            ],
            [
                27,
                2,
                29,
                27
            ],
            [
                27,
                4,
                36,
                8
            ],
            [
                27,
                4,
                37,
                9
            ],
            [
                27,
                2,
                23,
                21
            ],
            [
                27,
                3,
                41,
                27
            ],
            [
                27,
                3,
                40,
                26
            ],
            [
                27,
                3,
                40,
                26
            ],
            [
                27,
                3,
                40,
                26
            ],
            [
                27,
                3,
                40,
                26
            ],
            [
                27,
                2,
                26,
                24
            ],
            [
                27,
                3,
                42,
                28
            ],
            [
                28,
                4,
                40,
                12
            ],
            [
                28,
                4,
                40,
                12
            ],
            [
                28,
                2,
                27,
                23
            ],
            [
                28,
                2,
                28,
                24
            ],
            [
                28,
                3,
                39,
                25
            ],
            [
                28,
                2,
                25,
                21
            ],
            [
                28,
                3,
                40,
                26
            ],
            [
                28,
                4,
                40,
                12
            ],
            [
                29,
                4,
                40,
                12
            ],
            [
                29,
                3,
                40,
                26
            ],
            [
                29,
                2,
                27,
                23
            ],
            [
                29,
                4,
                40,
                12
            ],
            [
                29,
                4,
                40,
                12
            ],
            [
                29,
                4,
                41,
                13
            ],
            [
                29,
                2,
                28,
                24
            ],
            [
                29,
                4,
                41,
                13
            ],
            [
                29,
                4,
                41,
                13
            ],
            [
                29,
                2,
                24,
                20
            ],
            [
                29,
                3,
                42,
                28
            ],
            [
                29,
                2,
                25,
                21
            ],
            [
                29,
                2,
                28,
                24
            ],
            [
                29,
                4,
                41,
                13
            ]
        ],
        "lWaitDayByPriority": [
            7384,
            0,
            2007,
            3297,
            2080
        ],
        "objval": 2505.0364468182256,
        "std_occupancy": 44.878514196914246
    },
    "runtime": 1.5779368877410889,
    "simdays": 150,
    "solver": "daily_greedy"
}