{
    "arrivalrate": 5.0,
    "ins_name": 158,
    "ins_path": "/home/tusan/projects/def-roussea5/tusan/exp/2021_Oct/4linacs/lambda5.0/data",
    "lNoNewPatients": [
        143,
        0,
        47,
        58,
        38
    ],
    "lNoPatients": [
        217,
        0,
        53,
        113,
        51
    ],
    "lNoSections": [
        1890,
        0,
        124,
        954,
        812
    ],
    "mipgap": 0.014344195325720151,
    "noLinacs": 4,
    "noSlotsPerDay": 120,
    "planningHorizon": 80,
    "runresult": {
        "feasibility": true,
        "lAvgLateDayByPriority": [
            0.0,
            0.0,
            0.0,
            0.0,
            0.0
        ],
        "lAvgWaitDayByPriority": [
            6.6573426573426575,
            0.0,
            1.3404255319148937,
            8.931034482758621,
            9.763157894736842
        ],
        "lLateDayByPriority": [
            0,
            0,
            0,
            0,
            0
        ],
        "lWaitDayByPriority": [
            952,
            0,
            63,
            518,
            371
        ],
        "objval": 20232.09844769664
    },
    "runtime": 8.812609195709229,
    "simdays": 30,
    "solver": "static"
}