{
    "arrivalrate": 5.0,
    "ins_name": 160,
    "ins_path": "/ssd6/san/software/RTSP-scheduling/data/4linacs/lambda5.0/data",
    "lNoNewPatients": [
        135,
        1,
        43,
        59,
        32
    ],
    "lNoPatients": [
        244,
        1,
        48,
        132,
        63
    ],
    "lNoSections": [
        1929,
        1,
        105,
        1165,
        658
    ],
    "mipgap": 1.0,
    "noLinacs": 4,
    "noSlotsPerDay": 120,
    "planningHorizon": 80,
    "runresult": {
        "avg_occupancy": 35.71944444444444,
        "feasibility": true,
        "lAvgLateDayByPriority": [
            2.5555555555555554,
            4.0,
            2.5813953488372094,
            3.8983050847457625,
            0.0
        ],
        "lAvgWaitDayByPriority": [
            13.185185185185185,
            4.0,
            5.023255813953488,
            17.06779661016949,
            17.28125
        ],
        "lLateDayByPriority": [
            345,
            4,
            111,
            230,
            0
        ],
        "lOccupancy": {
            "0": [
                0.0,
                0.0,
                0.0,
                0.0,
                0.0,
                0.0,
                0.0,
                0.0,
                0.0,
                0.0,
                0.0,
                0.0,
                0.0,
                0.0,
                0.0,
                0.0,
                0.0,
                0.0,
                0.0,
                0.0,
                0.0,
                0.0,
                0.0,
                0.0,
                0.0,
                0.0,
                0.0,
                0.0,
                0.0,
                0.0,
                0.0,
                1.25,
                0.0,
                0.0,
                0.0,
                0.0,
                0.0,
                0.0,
                0.0,
                0.0,
                0.0,
                0.0,
                0.0,
                0.0,
                0.0,
                0.0,
                0.0,
                0.0,
                0.0,
                0.0,
                0.0,
                0.0,
                0.0,
                0.0,
                0.0,
                0.0,
                0.0,
                0.0,
                0.0,
                0.0,
                0.0,
                0.0,
                0.0,
                0.0,
                0.0,
                0.0,
                0.0,
                0.0,
                0.0,
                0.0,
                0.0,
                0.0,
                0.0,
                0.0,
                0.0,
                0.0,
                0.0,
                0.0,
                0.0,
                0.0,
                0.0,
                0.0,
                0.0,
                0.0,
                0.0,
                0.0,
                0.0,
                0.0,
                0.0,
                0.0,
                0.0,
                0.0,
                0.0,
                0.0,
                0.0,
                0.0,
                0.0,
                0.0,
                0.0,
                0.0,
                0.0,
                0.0,
                0.0,
                0.0,
                0.0,
                0.0,
                0.0,
                0.0,
                0.0,
                0.0,
                0.0,
                0.0,
                0.0,
                0.0,
                0.0,
                0.0,
                0.0,
                0.0,
                0.0,
                0.0,
                0.0,
                0.0,
                0.0,
                0.0,
                0.0,
                0.0,
                0.0,
                0.0,
                0.0,
                0.0,
                0.0,
                0.0,
                0.0,
                0.0,
                0.0,
                0.0,
                0.0,
                0.0,
                0.0,
                0.0,
                0.0,
                0.0,
                0.0,
                0.0,
                0.0,
                0.0,
                0.0,
                0.0,
                0.0,
                0.0
            ],
            "1": [
                5.416666666666667,
                5.833333333333333,
                5.208333333333334,
                6.666666666666667,
                5.625,
                7.916666666666666,
                2.9166666666666665,
                4.375,
                4.166666666666666,
                4.166666666666666,
                7.291666666666667,
                4.166666666666666,
                5.833333333333333,
                5.208333333333334,
                4.166666666666666,
                2.9166666666666665,
                1.4583333333333333,
                3.958333333333333,
                3.958333333333333,
                4.375,
                3.3333333333333335,
                4.791666666666667,
                4.375,
                4.166666666666666,
                4.166666666666666,
                4.166666666666666,
                5.416666666666667,
                7.708333333333334,
                6.666666666666667,
                7.291666666666667,
                7.708333333333334,
                5.625,
                6.458333333333334,
                6.458333333333334,
                6.041666666666667,
                8.75,
                5.625,
                3.125,
                1.4583333333333333,
                1.4583333333333333,
                1.4583333333333333,
                0.0,
                0.0,
                0.0,
                0.0,
                0.0,
                0.0,
                0.0,
                0.0,
                0.0,
                0.0,
                0.0,
                0.0,
                0.0,
                0.0,
                0.0,
                0.0,
                0.0,
                0.0,
                0.0,
                0.0,
                0.0,
                0.0,
                0.0,
                0.0,
                0.0,
                0.0,
                0.0,
                0.0,
                0.0,
                0.0,
                0.0,
                0.0,
                0.0,
                0.0,
                0.0,
                0.0,
                0.0,
                0.0,
                0.0,
                0.0,
                0.0,
                0.0,
                0.0,
                0.0,
                0.0,
                0.0,
                0.0,
                0.0,
                0.0,
                0.0,
                0.0,
                0.0,
                0.0,
                0.0,
                0.0,
                0.0,
                0.0,
                0.0,
                0.0,
                0.0,
                0.0,
                0.0,
                0.0,
                0.0,
                0.0,
                0.0,
                0.0,
                0.0,
                0.0,
                0.0,
                0.0,
                0.0,
                0.0,
                0.0,
                0.0,
                0.0,
                0.0,
                0.0,
                0.0,
                0.0,
                0.0,
                0.0,
                0.0,
                0.0,
                0.0,
                0.0,
                0.0,
                0.0,
                0.0,
                0.0,
                0.0,
                0.0,
                0.0,
                0.0,
                0.0,
                0.0,
                0.0,
                0.0,
                0.0,
                0.0,
                0.0,
                0.0,
                0.0,
                0.0,
                0.0,
                0.0,
                0.0,
                0.0,
                0.0
            ],
            "2": [
                67.91666666666667,
                67.08333333333333,
                67.08333333333333,
                68.75,
                67.91666666666667,
                71.66666666666667,
                71.875,
                73.95833333333334,
                74.58333333333333,
                75.20833333333333,
                68.95833333333333,
                62.5,
                57.91666666666667,
                56.25,
                54.166666666666664,
                50.83333333333333,
                48.541666666666664,
                46.666666666666664,
                51.87500000000001,
                51.87500000000001,
                51.87500000000001,
                50.83333333333333,
                52.708333333333336,
                50.83333333333333,
                52.708333333333336,
                51.66666666666667,
                48.75,
                49.375,
                48.75,
                47.5,
                49.583333333333336,
                51.87500000000001,
                53.541666666666664,
                51.24999999999999,
                51.87500000000001,
                55.208333333333336,
                53.541666666666664,
                55.41666666666667,
                56.041666666666664,
                57.291666666666664,
                57.291666666666664,
                54.37499999999999,
                50.625,
                49.166666666666664,
                49.166666666666664,
                47.291666666666664,
                47.291666666666664,
                47.291666666666664,
                47.291666666666664,
                45.83333333333333,
                45.83333333333333,
                44.375,
                41.458333333333336,
                41.458333333333336,
                41.458333333333336,
                39.791666666666664,
                38.333333333333336,
                36.875,
                36.875,
                35.41666666666667,
                33.958333333333336,
                31.041666666666668,
                31.041666666666668,
                27.916666666666668,
                21.458333333333332,
                21.458333333333332,
                20.0,
                17.083333333333332,
                12.291666666666666,
                6.458333333333334,
                1.6666666666666667,
                1.6666666666666667,
                0.0,
                0.0,
                0.0,
                0.0,
                0.0,
                0.0,
                0.0,
                0.0,
                0.0,
                0.0,
                0.0,
                0.0,
                0.0,
                0.0,
                0.0,
                0.0,
                0.0,
                0.0,
                0.0,
                0.0,
                0.0,
                0.0,
                0.0,
                0.0,
                0.0,
                0.0,
                0.0,
                0.0,
                0.0,
                0.0,
                0.0,
                0.0,
                0.0,
                0.0,
                0.0,
                0.0,
                0.0,
                0.0,
                0.0,
                0.0,
                0.0,
                0.0,
                0.0,
                0.0,
                0.0,
                0.0,
                0.0,
                0.0,
                0.0,
                0.0,
                0.0,
                0.0,
                0.0,
                0.0,
                0.0,
                0.0,
                0.0,
                0.0,
                0.0,
                0.0,
                0.0,
                0.0,
                0.0,
                0.0,
                0.0,
                0.0,
                0.0,
                0.0,
                0.0,
                0.0,
                0.0,
                0.0,
                0.0,
                0.0,
                0.0,
                0.0,
                0.0,
                0.0
            ],
            "3": [
                16.041666666666668,
                16.666666666666664,
                16.666666666666664,
                14.374999999999998,
                14.374999999999998,
                14.374999999999998,
                14.374999999999998,
                16.875,
                16.875,
                18.541666666666668,
                21.25,
                28.541666666666664,
                32.29166666666667,
                38.125,
                38.125,
                43.541666666666664,
                47.91666666666667,
                46.458333333333336,
                42.083333333333336,
                42.083333333333336,
                42.083333333333336,
                42.083333333333336,
                40.625,
                42.916666666666664,
                39.58333333333333,
                41.041666666666664,
                43.333333333333336,
                42.291666666666664,
                43.541666666666664,
                43.541666666666664,
                40.625,
                39.791666666666664,
                37.916666666666664,
                40.208333333333336,
                38.958333333333336,
                33.33333333333333,
                34.375,
                32.708333333333336,
                31.666666666666664,
                31.458333333333332,
                29.791666666666668,
                29.791666666666668,
                27.291666666666664,
                27.291666666666664,
                24.375,
                22.916666666666664,
                17.916666666666668,
                17.916666666666668,
                15.833333333333332,
                15.833333333333332,
                15.833333333333332,
                15.833333333333332,
                14.583333333333334,
                13.125,
                13.125,
                13.125,
                12.083333333333334,
                12.083333333333334,
                12.083333333333334,
                10.625,
                9.583333333333334,
                8.541666666666666,
                6.458333333333334,
                6.458333333333334,
                5.416666666666667,
                5.416666666666667,
                1.6666666666666667,
                1.6666666666666667,
                1.6666666666666667,
                1.6666666666666667,
                1.6666666666666667,
                1.6666666666666667,
                0.0,
                0.0,
                0.0,
                0.0,
                0.0,
                0.0,
                0.0,
                0.0,
                0.0,
                0.0,
                0.0,
                0.0,
                0.0,
                0.0,
                0.0,
                0.0,
                0.0,
                0.0,
                0.0,
                0.0,
                0.0,
                0.0,
                0.0,
                0.0,
                0.0,
                0.0,
                0.0,
                0.0,
                0.0,
                0.0,
                0.0,
                0.0,
                0.0,
                0.0,
                0.0,
                0.0,
                0.0,
                0.0,
                0.0,
                0.0,
                0.0,
                0.0,
                0.0,
                0.0,
                0.0,
                0.0,
                0.0,
                0.0,
                0.0,
                0.0,
                0.0,
                0.0,
                0.0,
                0.0,
                0.0,
                0.0,
                0.0,
                0.0,
                0.0,
                0.0,
                0.0,
                0.0,
                0.0,
                0.0,
                0.0,
                0.0,
                0.0,
                0.0,
                0.0,
                0.0,
                0.0,
                0.0,
                0.0,
                0.0,
                0.0,
                0.0,
                0.0,
                0.0
            ],
            "overall": [
                89.37500000000001,
                89.58333333333331,
                88.95833333333331,
                89.79166666666667,
                87.91666666666667,
                93.95833333333334,
                89.16666666666667,
                95.20833333333334,
                95.625,
                97.91666666666667,
                97.5,
                95.20833333333334,
                96.04166666666669,
                99.58333333333334,
                96.45833333333333,
                97.29166666666666,
                97.91666666666667,
                97.08333333333334,
                97.91666666666669,
                98.33333333333334,
                97.29166666666669,
                97.70833333333333,
                97.70833333333334,
                97.91666666666666,
                96.45833333333333,
                96.875,
                97.5,
                99.375,
                98.95833333333333,
                98.33333333333333,
                97.91666666666667,
                98.54166666666667,
                97.91666666666666,
                97.91666666666666,
                96.875,
                97.29166666666666,
                93.54166666666666,
                91.25,
                89.16666666666666,
                90.20833333333333,
                88.54166666666667,
                84.16666666666666,
                77.91666666666666,
                76.45833333333333,
                73.54166666666666,
                70.20833333333333,
                65.20833333333333,
                65.20833333333333,
                63.125,
                61.66666666666666,
                61.66666666666666,
                60.20833333333333,
                56.04166666666667,
                54.583333333333336,
                54.583333333333336,
                52.916666666666664,
                50.41666666666667,
                48.958333333333336,
                48.958333333333336,
                46.04166666666667,
                43.54166666666667,
                39.583333333333336,
                37.5,
                34.375,
                26.875,
                26.875,
                21.666666666666668,
                18.75,
                13.958333333333332,
                8.125,
                3.3333333333333335,
                3.3333333333333335,
                0.0,
                0.0,
                0.0,
                0.0,
                0.0,
                0.0,
                0.0,
                0.0,
                0.0,
                0.0,
                0.0,
                0.0,
                0.0,
                0.0,
                0.0,
                0.0,
                0.0,
                0.0,
                0.0,
                0.0,
                0.0,
                0.0,
                0.0,
                0.0,
                0.0,
                0.0,
                0.0,
                0.0,
                0.0,
                0.0,
                0.0,
                0.0,
                0.0,
                0.0,
                0.0,
                0.0,
                0.0,
                0.0,
                0.0,
                0.0,
                0.0,
                0.0,
                0.0,
                0.0,
                0.0,
                0.0,
                0.0,
                0.0,
                0.0,
                0.0,
                0.0,
                0.0,
                0.0,
                0.0,
                0.0,
                0.0,
                0.0,
                0.0,
                0.0,
                0.0,
                0.0,
                0.0,
                0.0,
                0.0,
                0.0,
                0.0,
                0.0,
                0.0,
                0.0,
                0.0,
                0.0,
                0.0,
                0.0,
                0.0,
                0.0,
                0.0,
                0.0,
                0.0
            ]
        },
        "lWaitAndOverdue": [
            [
                0,
                3,
                7,
                0
            ],
            [
                0,
                3,
                7,
                0
            ],
            [
                1,
                2,
                1,
                0
            ],
            [
                1,
                3,
                7,
                0
            ],
            [
                2,
                2,
                2,
                0
            ],
            [
                2,
                4,
                14,
                0
            ],
            [
                2,
                4,
                14,
                0
            ],
            [
                2,
                3,
                7,
                0
            ],
            [
                3,
                3,
                7,
                0
            ],
            [
                3,
                4,
                14,
                0
            ],
            [
                3,
                4,
                14,
                0
            ],
            [
                3,
                2,
                4,
                0
            ],
            [
                3,
                2,
                0,
                0
            ],
            [
                4,
                3,
                7,
                0
            ],
            [
                4,
                3,
                7,
                0
            ],
            [
                4,
                3,
                14,
                0
            ],
            [
                4,
                2,
                3,
                0
            ],
            [
                5,
                4,
                14,
                0
            ],
            [
                5,
                4,
                14,
                0
            ],
            [
                5,
                4,
                15,
                0
            ],
            [
                5,
                2,
                0,
                0
            ],
            [
                5,
                4,
                15,
                0
            ],
            [
                5,
                2,
                2,
                0
            ],
            [
                5,
                4,
                15,
                0
            ],
            [
                6,
                4,
                14,
                0
            ],
            [
                6,
                3,
                14,
                0
            ],
            [
                6,
                3,
                16,
                2
            ],
            [
                6,
                3,
                16,
                2
            ],
            [
                6,
                2,
                2,
                0
            ],
            [
                7,
                3,
                15,
                1
            ],
            [
                7,
                3,
                21,
                7
            ],
            [
                8,
                3,
                21,
                7
            ],
            [
                8,
                4,
                21,
                0
            ],
            [
                8,
                2,
                4,
                0
            ],
            [
                8,
                2,
                4,
                0
            ],
            [
                8,
                4,
                21,
                0
            ],
            [
                9,
                3,
                21,
                7
            ],
            [
                9,
                2,
                0,
                0
            ],
            [
                9,
                3,
                21,
                7
            ],
            [
                9,
                3,
                24,
                10
            ],
            [
                9,
                4,
                24,
                0
            ],
            [
                10,
                4,
                21,
                0
            ],
            [
                10,
                4,
                22,
                0
            ],
            [
                10,
                3,
                22,
                8
            ],
            [
                11,
                4,
                21,
                0
            ],
            [
                11,
                3,
                21,
                7
            ],
            [
                11,
                2,
                1,
                0
            ],
            [
                11,
                3,
                21,
                7
            ],
            [
                12,
                2,
                0,
                0
            ],
            [
                12,
                2,
                1,
                0
            ],
            [
                12,
                4,
                20,
                0
            ],
            [
                12,
                4,
                20,
                0
            ],
            [
                12,
                3,
                21,
                7
            ],
            [
                12,
                2,
                2,
                0
            ],
            [
                13,
                2,
                6,
                2
            ],
            [
                13,
                3,
                20,
                6
            ],
            [
                13,
                4,
                19,
                0
            ],
            [
                13,
                3,
                21,
                7
            ],
            [
                13,
                4,
                21,
                0
            ],
            [
                13,
                3,
                21,
                7
            ],
            [
                13,
                3,
                21,
                7
            ],
            [
                14,
                3,
                20,
                6
            ],
            [
                14,
                3,
                21,
                7
            ],
            [
                14,
                3,
                21,
                7
            ],
            [
                15,
                2,
                4,
                2
            ],
            [
                15,
                4,
                17,
                0
            ],
            [
                15,
                2,
                7,
                5
            ],
            [
                15,
                4,
                21,
                0
            ],
            [
                16,
                2,
                6,
                4
            ],
            [
                16,
                3,
                20,
                6
            ],
            [
                16,
                2,
                7,
                5
            ],
            [
                17,
                2,
                6,
                4
            ],
            [
                17,
                3,
                19,
                5
            ],
            [
                17,
                4,
                20,
                0
            ],
            [
                17,
                3,
                20,
                6
            ],
            [
                17,
                3,
                20,
                6
            ],
            [
                17,
                3,
                20,
                6
            ],
            [
                18,
                2,
                6,
                2
            ],
            [
                19,
                3,
                18,
                4
            ],
            [
                19,
                3,
                18,
                4
            ],
            [
                19,
                2,
                6,
                2
            ],
            [
                19,
                3,
                18,
                4
            ],
            [
                19,
                3,
                19,
                5
            ],
            [
                20,
                2,
                7,
                5
            ],
            [
                20,
                2,
                7,
                5
            ],
            [
                20,
                4,
                17,
                0
            ],
            [
                20,
                2,
                8,
                6
            ],
            [
                20,
                4,
                16,
                0
            ],
            [
                20,
                4,
                15,
                0
            ],
            [
                21,
                4,
                14,
                0
            ],
            [
                21,
                3,
                16,
                2
            ],
            [
                21,
                3,
                17,
                3
            ],
            [
                21,
                3,
                17,
                3
            ],
            [
                21,
                2,
                8,
                6
            ],
            [
                21,
                3,
                17,
                3
            ],
            [
                22,
                3,
                16,
                2
            ],
            [
                22,
                2,
                7,
                5
            ],
            [
                23,
                2,
                6,
                2
            ],
            [
                24,
                3,
                17,
                3
            ],
            [
                24,
                3,
                17,
                3
            ],
            [
                24,
                3,
                18,
                4
            ],
            [
                24,
                3,
                18,
                4
            ],
            [
                24,
                2,
                6,
                2
            ],
            [
                24,
                2,
                10,
                6
            ],
            [
                25,
                2,
                4,
                2
            ],
            [
                25,
                4,
                16,
                0
            ],
            [
                25,
                2,
                7,
                5
            ],
            [
                25,
                3,
                16,
                2
            ],
            [
                25,
                4,
                15,
                0
            ],
            [
                26,
                2,
                2,
                0
            ],
            [
                26,
                3,
                15,
                1
            ],
            [
                26,
                2,
                7,
                5
            ],
            [
                26,
                3,
                17,
                3
            ],
            [
                26,
                3,
                15,
                1
            ],
            [
                26,
                2,
                7,
                5
            ],
            [
                26,
                4,
                16,
                0
            ],
            [
                26,
                3,
                16,
                2
            ],
            [
                26,
                2,
                8,
                6
            ],
            [
                27,
                4,
                16,
                0
            ],
            [
                27,
                3,
                16,
                2
            ],
            [
                27,
                3,
                16,
                2
            ],
            [
                27,
                3,
                19,
                5
            ],
            [
                27,
                3,
                19,
                5
            ],
            [
                27,
                3,
                19,
                5
            ],
            [
                28,
                3,
                18,
                4
            ],
            [
                28,
                2,
                6,
                2
            ],
            [
                28,
                2,
                11,
                7
            ],
            [
                28,
                2,
                11,
                7
            ],
            [
                29,
                2,
                10,
                6
            ],
            [
                29,
                2,
                3,
                0
            ],
            [
                29,
                1,
                4,
                4
            ],
            [
                29,
                4,
                17,
                0
            ],
            [
                29,
                3,
                17,
                3
            ],
            [
                29,
                3,
                17,
                3
            ],
            [
                29,
                2,
                7,
                3
            ]
        ],
        "lWaitDayByPriority": [
            1780,
            4,
            216,
            1007,
            553
        ],
        "objval": 2335.0613051832875,
        "std_occupancy": 42.006693047685495
    },
    "runtime": 0.3963186740875244,
    "simdays": 150,
    "solver": "daily_greedy"
}