{
    "arrivalrate": 5.0,
    "ins_name": 225,
    "ins_path": "/ssd6/san/software/RTSP-scheduling/data/4linacs/lambda5.0/data",
    "lNoNewPatients": [
        140,
        0,
        42,
        61,
        37
    ],
    "lNoPatients": [
        236,
        0,
        45,
        129,
        62
    ],
    "lNoSections": [
        2019,
        0,
        103,
        1162,
        754
    ],
    "mipgap": 1.0,
    "noLinacs": 4,
    "noSlotsPerDay": 120,
    "planningHorizon": 80,
    "runresult": {
        "avg_occupancy": 34.265277777777776,
        "feasibility": true,
        "lAvgLateDayByPriority": [
            1.15,
            0.0,
            0.6666666666666666,
            2.180327868852459,
            0.0
        ],
        "lAvgWaitDayByPriority": [
            11.4,
            0.0,
            2.9523809523809526,
            14.491803278688524,
            15.891891891891891
        ],
        "lLateDayByPriority": [
            161,
            0,
            28,
            133,
            0
        ],
        "lOccupancy": {
            "0": [
                0.0,
                0.0,
                0.0,
                0.0,
                0.0,
                0.0,
                0.0,
                0.0,
                0.0,
                0.0,
                0.0,
                0.0,
                0.0,
                0.0,
                0.0,
                0.0,
                0.0,
                0.0,
                0.0,
                0.0,
                0.0,
                0.0,
                0.0,
                0.0,
                0.0,
                0.0,
                0.0,
                0.0,
                0.0,
                0.0,
                0.0,
                0.0,
                0.0,
                0.0,
                0.0,
                0.0,
                0.0,
                0.0,
                0.0,
                0.0,
                0.0,
                0.0,
                0.0,
                0.0,
                0.0,
                0.0,
                0.0,
                0.0,
                0.0,
                0.0,
                0.0,
                0.0,
                0.0,
                0.0,
                0.0,
                0.0,
                0.0,
                0.0,
                0.0,
                0.0,
                0.0,
                0.0,
                0.0,
                0.0,
                0.0,
                0.0,
                0.0,
                0.0,
                0.0,
                0.0,
                0.0,
                0.0,
                0.0,
                0.0,
                0.0,
                0.0,
                0.0,
                0.0,
                0.0,
                0.0,
                0.0,
                0.0,
                0.0,
                0.0,
                0.0,
                0.0,
                0.0,
                0.0,
                0.0,
                0.0,
                0.0,
                0.0,
                0.0,
                0.0,
                0.0,
                0.0,
                0.0,
                0.0,
                0.0,
                0.0,
                0.0,
                0.0,
                0.0,
                0.0,
                0.0,
                0.0,
                0.0,
                0.0,
                0.0,
                0.0,
                0.0,
                0.0,
                0.0,
                0.0,
                0.0,
                0.0,
                0.0,
                0.0,
                0.0,
                0.0,
                0.0,
                0.0,
                0.0,
                0.0,
                0.0,
                0.0,
                0.0,
                0.0,
                0.0,
                0.0,
                0.0,
                0.0,
                0.0,
                0.0,
                0.0,
                0.0,
                0.0,
                0.0,
                0.0,
                0.0,
                0.0,
                0.0,
                0.0,
                0.0,
                0.0,
                0.0,
                0.0,
                0.0,
                0.0,
                0.0
            ],
            "1": [
                4.166666666666666,
                6.875000000000001,
                10.0,
                10.0,
                5.416666666666667,
                4.166666666666666,
                1.4583333333333333,
                4.166666666666666,
                3.958333333333333,
                5.625,
                8.75,
                6.875000000000001,
                4.166666666666666,
                5.416666666666667,
                3.958333333333333,
                5.833333333333333,
                1.4583333333333333,
                3.958333333333333,
                3.958333333333333,
                5.833333333333333,
                4.791666666666667,
                6.25,
                5.416666666666667,
                5.416666666666667,
                5.625,
                5.416666666666667,
                9.166666666666666,
                8.541666666666666,
                6.666666666666667,
                6.875000000000001,
                4.791666666666667,
                4.791666666666667,
                4.791666666666667,
                3.125,
                1.4583333333333333,
                0.0,
                0.0,
                0.0,
                0.0,
                0.0,
                0.0,
                0.0,
                0.0,
                0.0,
                0.0,
                0.0,
                0.0,
                0.0,
                0.0,
                0.0,
                0.0,
                0.0,
                0.0,
                0.0,
                0.0,
                0.0,
                0.0,
                0.0,
                0.0,
                0.0,
                0.0,
                0.0,
                0.0,
                0.0,
                0.0,
                0.0,
                0.0,
                0.0,
                0.0,
                0.0,
                0.0,
                0.0,
                0.0,
                0.0,
                0.0,
                0.0,
                0.0,
                0.0,
                0.0,
                0.0,
                0.0,
                0.0,
                0.0,
                0.0,
                0.0,
                0.0,
                0.0,
                0.0,
                0.0,
                0.0,
                0.0,
                0.0,
                0.0,
                0.0,
                0.0,
                0.0,
                0.0,
                0.0,
                0.0,
                0.0,
                0.0,
                0.0,
                0.0,
                0.0,
                0.0,
                0.0,
                0.0,
                0.0,
                0.0,
                0.0,
                0.0,
                0.0,
                0.0,
                0.0,
                0.0,
                0.0,
                0.0,
                0.0,
                0.0,
                0.0,
                0.0,
                0.0,
                0.0,
                0.0,
                0.0,
                0.0,
                0.0,
                0.0,
                0.0,
                0.0,
                0.0,
                0.0,
                0.0,
                0.0,
                0.0,
                0.0,
                0.0,
                0.0,
                0.0,
                0.0,
                0.0,
                0.0,
                0.0,
                0.0,
                0.0,
                0.0,
                0.0,
                0.0,
                0.0,
                0.0
            ],
            "2": [
                67.91666666666667,
                70.0,
                67.29166666666667,
                66.45833333333333,
                67.5,
                69.58333333333333,
                73.33333333333333,
                77.29166666666667,
                76.04166666666666,
                71.875,
                62.708333333333336,
                60.83333333333333,
                56.875,
                51.87500000000001,
                48.125,
                49.583333333333336,
                49.583333333333336,
                46.25,
                48.125,
                50.0,
                50.0,
                50.83333333333333,
                52.708333333333336,
                52.708333333333336,
                51.24999999999999,
                50.208333333333336,
                46.25,
                46.875,
                48.333333333333336,
                48.95833333333333,
                47.291666666666664,
                51.87500000000001,
                52.29166666666667,
                51.041666666666664,
                46.875,
                51.041666666666664,
                49.583333333333336,
                51.24999999999999,
                57.49999999999999,
                56.458333333333336,
                56.25,
                45.416666666666664,
                42.5,
                42.5,
                42.5,
                42.5,
                42.5,
                42.5,
                42.5,
                42.5,
                41.041666666666664,
                38.125,
                36.666666666666664,
                36.666666666666664,
                36.666666666666664,
                35.0,
                35.0,
                32.083333333333336,
                32.083333333333336,
                29.166666666666668,
                29.166666666666668,
                27.708333333333336,
                24.583333333333332,
                23.125,
                16.666666666666664,
                16.666666666666664,
                15.208333333333332,
                13.750000000000002,
                6.25,
                1.6666666666666667,
                1.6666666666666667,
                1.6666666666666667,
                0.0,
                0.0,
                0.0,
                0.0,
                0.0,
                0.0,
                0.0,
                0.0,
                0.0,
                0.0,
                0.0,
                0.0,
                0.0,
                0.0,
                0.0,
                0.0,
                0.0,
                0.0,
                0.0,
                0.0,
                0.0,
                0.0,
                0.0,
                0.0,
                0.0,
                0.0,
                0.0,
                0.0,
                0.0,
                0.0,
                0.0,
                0.0,
                0.0,
                0.0,
                0.0,
                0.0,
                0.0,
                0.0,
                0.0,
                0.0,
                0.0,
                0.0,
                0.0,
                0.0,
                0.0,
                0.0,
                0.0,
                0.0,
                0.0,
                0.0,
                0.0,
                0.0,
                0.0,
                0.0,
                0.0,
                0.0,
                0.0,
                0.0,
                0.0,
                0.0,
                0.0,
                0.0,
                0.0,
                0.0,
                0.0,
                0.0,
                0.0,
                0.0,
                0.0,
                0.0,
                0.0,
                0.0,
                0.0,
                0.0,
                0.0,
                0.0,
                0.0,
                0.0
            ],
            "3": [
                16.041666666666668,
                14.583333333333334,
                14.583333333333334,
                14.583333333333334,
                15.625,
                17.083333333333332,
                18.125,
                17.083333333333332,
                17.291666666666668,
                18.75,
                26.041666666666668,
                30.0,
                31.874999999999996,
                34.166666666666664,
                41.458333333333336,
                40.0,
                43.541666666666664,
                46.458333333333336,
                45.0,
                42.083333333333336,
                42.083333333333336,
                42.083333333333336,
                40.625,
                41.041666666666664,
                41.458333333333336,
                40.625,
                44.166666666666664,
                42.70833333333333,
                42.083333333333336,
                39.166666666666664,
                39.166666666666664,
                37.708333333333336,
                36.25,
                36.875,
                40.208333333333336,
                37.291666666666664,
                36.45833333333333,
                34.583333333333336,
                30.833333333333336,
                31.458333333333332,
                29.583333333333332,
                29.583333333333332,
                28.125,
                26.041666666666668,
                21.666666666666668,
                20.625,
                17.708333333333336,
                17.708333333333336,
                16.666666666666664,
                14.583333333333334,
                14.583333333333334,
                14.583333333333334,
                14.583333333333334,
                14.583333333333334,
                13.125,
                13.125,
                12.083333333333334,
                12.083333333333334,
                12.083333333333334,
                10.625,
                10.625,
                7.5,
                6.458333333333334,
                6.458333333333334,
                6.458333333333334,
                6.458333333333334,
                6.458333333333334,
                1.6666666666666667,
                1.6666666666666667,
                1.6666666666666667,
                1.6666666666666667,
                1.6666666666666667,
                0.0,
                0.0,
                0.0,
                0.0,
                0.0,
                0.0,
                0.0,
                0.0,
                0.0,
                0.0,
                0.0,
                0.0,
                0.0,
                0.0,
                0.0,
                0.0,
                0.0,
                0.0,
                0.0,
                0.0,
                0.0,
                0.0,
                0.0,
                0.0,
                0.0,
                0.0,
                0.0,
                0.0,
                0.0,
                0.0,
                0.0,
                0.0,
                0.0,
                0.0,
                0.0,
                0.0,
                0.0,
                0.0,
                0.0,
                0.0,
                0.0,
                0.0,
                0.0,
                0.0,
                0.0,
                0.0,
                0.0,
                0.0,
                0.0,
                0.0,
                0.0,
                0.0,
                0.0,
                0.0,
                0.0,
                0.0,
                0.0,
                0.0,
                0.0,
                0.0,
                0.0,
                0.0,
                0.0,
                0.0,
                0.0,
                0.0,
                0.0,
                0.0,
                0.0,
                0.0,
                0.0,
                0.0,
                0.0,
                0.0,
                0.0,
                0.0,
                0.0,
                0.0
            ],
            "overall": [
                88.12500000000001,
                91.45833333333333,
                91.875,
                91.04166666666666,
                88.54166666666667,
                90.83333333333333,
                92.91666666666666,
                98.54166666666667,
                97.29166666666666,
                96.25,
                97.50000000000001,
                97.70833333333333,
                92.91666666666666,
                91.45833333333334,
                93.54166666666667,
                95.41666666666667,
                94.58333333333334,
                96.66666666666667,
                97.08333333333334,
                97.91666666666667,
                96.875,
                99.16666666666666,
                98.75,
                99.16666666666666,
                98.33333333333333,
                96.25,
                99.58333333333333,
                98.125,
                97.08333333333334,
                95.0,
                91.25,
                94.375,
                93.33333333333334,
                91.04166666666666,
                88.54166666666667,
                88.33333333333333,
                86.04166666666666,
                85.83333333333333,
                88.33333333333333,
                87.91666666666667,
                85.83333333333333,
                75.0,
                70.625,
                68.54166666666667,
                64.16666666666667,
                63.125,
                60.208333333333336,
                60.208333333333336,
                59.166666666666664,
                57.083333333333336,
                55.625,
                52.708333333333336,
                51.25,
                51.25,
                49.791666666666664,
                48.125,
                47.083333333333336,
                44.16666666666667,
                44.16666666666667,
                39.79166666666667,
                39.79166666666667,
                35.208333333333336,
                31.041666666666664,
                29.583333333333336,
                23.125,
                23.125,
                21.666666666666664,
                15.416666666666668,
                7.916666666666667,
                3.3333333333333335,
                3.3333333333333335,
                3.3333333333333335,
                0.0,
                0.0,
                0.0,
                0.0,
                0.0,
                0.0,
                0.0,
                0.0,
                0.0,
                0.0,
                0.0,
                0.0,
                0.0,
                0.0,
                0.0,
                0.0,
                0.0,
                0.0,
                0.0,
                0.0,
                0.0,
                0.0,
                0.0,
                0.0,
                0.0,
                0.0,
                0.0,
                0.0,
                0.0,
                0.0,
                0.0,
                0.0,
                0.0,
                0.0,
                0.0,
                0.0,
                0.0,
                0.0,
                0.0,
                0.0,
                0.0,
                0.0,
                0.0,
                0.0,
                0.0,
                0.0,
                0.0,
                0.0,
                0.0,
                0.0,
                0.0,
                0.0,
                0.0,
                0.0,
                0.0,
                0.0,
                0.0,
                0.0,
                0.0,
                0.0,
                0.0,
                0.0,
                0.0,
                0.0,
                0.0,
                0.0,
                0.0,
                0.0,
                0.0,
                0.0,
                0.0,
                0.0,
                0.0,
                0.0,
                0.0,
                0.0,
                0.0,
                0.0
            ]
        },
        "lWaitAndOverdue": [
            [
                0,
                4,
                14,
                0
            ],
            [
                0,
                4,
                14,
                0
            ],
            [
                0,
                4,
                14,
                0
            ],
            [
                0,
                3,
                7,
                0
            ],
            [
                0,
                4,
                14,
                0
            ],
            [
                0,
                2,
                1,
                0
            ],
            [
                0,
                3,
                7,
                0
            ],
            [
                0,
                4,
                14,
                0
            ],
            [
                0,
                3,
                7,
                0
            ],
            [
                0,
                2,
                2,
                0
            ],
            [
                1,
                3,
                7,
                0
            ],
            [
                1,
                2,
                0,
                0
            ],
            [
                1,
                2,
                2,
                0
            ],
            [
                1,
                3,
                7,
                0
            ],
            [
                2,
                2,
                0,
                0
            ],
            [
                2,
                3,
                7,
                0
            ],
            [
                2,
                4,
                14,
                0
            ],
            [
                2,
                3,
                7,
                0
            ],
            [
                2,
                3,
                9,
                0
            ],
            [
                2,
                2,
                0,
                0
            ],
            [
                3,
                3,
                8,
                0
            ],
            [
                3,
                2,
                1,
                0
            ],
            [
                3,
                4,
                14,
                0
            ],
            [
                3,
                4,
                14,
                0
            ],
            [
                4,
                3,
                7,
                0
            ],
            [
                4,
                3,
                7,
                0
            ],
            [
                4,
                4,
                14,
                0
            ],
            [
                4,
                4,
                14,
                0
            ],
            [
                5,
                2,
                2,
                0
            ],
            [
                5,
                2,
                2,
                0
            ],
            [
                5,
                3,
                9,
                0
            ],
            [
                5,
                3,
                9,
                0
            ],
            [
                6,
                3,
                10,
                0
            ],
            [
                6,
                2,
                2,
                0
            ],
            [
                6,
                4,
                14,
                0
            ],
            [
                6,
                4,
                14,
                0
            ],
            [
                6,
                4,
                14,
                0
            ],
            [
                7,
                2,
                2,
                0
            ],
            [
                7,
                4,
                14,
                0
            ],
            [
                7,
                2,
                2,
                0
            ],
            [
                7,
                4,
                14,
                0
            ],
            [
                7,
                4,
                14,
                0
            ],
            [
                8,
                3,
                14,
                0
            ],
            [
                8,
                3,
                14,
                0
            ],
            [
                8,
                3,
                15,
                1
            ],
            [
                8,
                2,
                4,
                0
            ],
            [
                8,
                3,
                19,
                5
            ],
            [
                8,
                3,
                8,
                0
            ],
            [
                8,
                3,
                20,
                6
            ],
            [
                9,
                4,
                20,
                0
            ],
            [
                9,
                2,
                4,
                0
            ],
            [
                10,
                2,
                0,
                0
            ],
            [
                10,
                4,
                18,
                0
            ],
            [
                10,
                3,
                7,
                0
            ],
            [
                10,
                2,
                1,
                0
            ],
            [
                11,
                3,
                17,
                3
            ],
            [
                11,
                3,
                20,
                6
            ],
            [
                11,
                4,
                20,
                0
            ],
            [
                12,
                4,
                20,
                0
            ],
            [
                12,
                4,
                19,
                0
            ],
            [
                12,
                3,
                20,
                6
            ],
            [
                12,
                4,
                20,
                0
            ],
            [
                13,
                3,
                19,
                5
            ],
            [
                13,
                2,
                1,
                0
            ],
            [
                13,
                3,
                19,
                5
            ],
            [
                13,
                2,
                4,
                0
            ],
            [
                13,
                2,
                0,
                0
            ],
            [
                13,
                4,
                19,
                0
            ],
            [
                14,
                4,
                18,
                0
            ],
            [
                14,
                3,
                19,
                5
            ],
            [
                14,
                2,
                4,
                0
            ],
            [
                15,
                2,
                2,
                0
            ],
            [
                15,
                3,
                16,
                2
            ],
            [
                15,
                4,
                17,
                0
            ],
            [
                15,
                3,
                17,
                3
            ],
            [
                15,
                4,
                17,
                0
            ],
            [
                15,
                3,
                17,
                3
            ],
            [
                16,
                3,
                16,
                2
            ],
            [
                16,
                3,
                17,
                3
            ],
            [
                16,
                3,
                17,
                3
            ],
            [
                16,
                3,
                17,
                3
            ],
            [
                16,
                2,
                3,
                1
            ],
            [
                16,
                4,
                17,
                0
            ],
            [
                17,
                2,
                5,
                3
            ],
            [
                17,
                4,
                16,
                0
            ],
            [
                17,
                2,
                5,
                3
            ],
            [
                17,
                3,
                20,
                6
            ],
            [
                17,
                2,
                6,
                4
            ],
            [
                18,
                2,
                5,
                1
            ],
            [
                18,
                3,
                15,
                1
            ],
            [
                18,
                4,
                19,
                0
            ],
            [
                18,
                3,
                19,
                5
            ],
            [
                18,
                3,
                19,
                5
            ],
            [
                18,
                3,
                19,
                5
            ],
            [
                19,
                2,
                4,
                0
            ],
            [
                19,
                3,
                19,
                5
            ],
            [
                19,
                3,
                19,
                5
            ],
            [
                19,
                2,
                5,
                1
            ],
            [
                20,
                3,
                16,
                2
            ],
            [
                20,
                3,
                17,
                3
            ],
            [
                20,
                2,
                2,
                0
            ],
            [
                20,
                2,
                4,
                2
            ],
            [
                21,
                4,
                17,
                0
            ],
            [
                21,
                2,
                6,
                4
            ],
            [
                21,
                4,
                16,
                0
            ],
            [
                21,
                4,
                16,
                0
            ],
            [
                21,
                4,
                17,
                0
            ],
            [
                22,
                3,
                16,
                2
            ],
            [
                22,
                3,
                16,
                2
            ],
            [
                23,
                3,
                15,
                1
            ],
            [
                23,
                2,
                5,
                1
            ],
            [
                23,
                3,
                15,
                1
            ],
            [
                23,
                3,
                18,
                4
            ],
            [
                23,
                2,
                5,
                1
            ],
            [
                23,
                2,
                5,
                1
            ],
            [
                24,
                3,
                17,
                3
            ],
            [
                24,
                3,
                17,
                3
            ],
            [
                24,
                3,
                17,
                3
            ],
            [
                24,
                3,
                17,
                3
            ],
            [
                24,
                2,
                5,
                1
            ],
            [
                24,
                2,
                5,
                1
            ],
            [
                24,
                2,
                5,
                1
            ],
            [
                25,
                4,
                15,
                0
            ],
            [
                25,
                2,
                3,
                1
            ],
            [
                25,
                3,
                17,
                3
            ],
            [
                26,
                4,
                14,
                0
            ],
            [
                26,
                2,
                3,
                1
            ],
            [
                26,
                3,
                13,
                0
            ],
            [
                26,
                2,
                3,
                1
            ],
            [
                26,
                3,
                16,
                2
            ],
            [
                26,
                3,
                16,
                2
            ],
            [
                28,
                2,
                1,
                0
            ],
            [
                28,
                4,
                15,
                0
            ],
            [
                28,
                3,
                13,
                0
            ],
            [
                29,
                2,
                3,
                0
            ],
            [
                29,
                4,
                14,
                0
            ],
            [
                29,
                3,
                14,
                0
            ],
            [
                29,
                3,
                14,
                0
            ],
            [
                29,
                3,
                17,
                3
            ],
            [
                29,
                3,
                17,
                3
            ]
        ],
        "lWaitDayByPriority": [
            1596,
            0,
            124,
            884,
            588
        ],
        "objval": 2262.7544992299095,
        "std_occupancy": 40.985732447702965
    },
    "runtime": 0.38942956924438477,
    "simdays": 150,
    "solver": "daily_greedy"
}