{
    "arrivalrate": 5.0,
    "ins_name": 289,
    "ins_path": "/home/tusan/projects/def-roussea5/tusan/exp/2021_Oct/4linacs/lambda5.0/data",
    "lNoNewPatients": [
        149,
        1,
        48,
        65,
        35
    ],
    "lNoPatients": [
        250,
        1,
        51,
        134,
        64
    ],
    "lNoSections": [
        2071,
        1,
        118,
        1244,
        708
    ],
    "mipgap": 0.01499511999173438,
    "noLinacs": 4,
    "noSlotsPerDay": 120,
    "planningHorizon": 80,
    "runresult": {
        "feasibility": true,
        "lAvgLateDayByPriority": [
            0.0,
            0.0,
            0.0,
            0.0,
            0.0
        ],
        "lAvgWaitDayByPriority": [
            11.04026845637584,
            0.0,
            1.2291666666666667,
            11.692307692307692,
            23.6
        ],
        "lLateDayByPriority": [
            0,
            0,
            0,
            0,
            0
        ],
        "lWaitDayByPriority": [
            1645,
            0,
            59,
            760,
            826
        ],
        "objval": 20247.58397435897
    },
    "runtime": 223.48291635513306,
    "simdays": 30,
    "solver": "static"
}