{
    "arrivalrate": 5.0,
    "ins_name": 316,
    "ins_path": "/home/tusan/projects/def-roussea5/tusan/exp/2021_Oct/4linacs/lambda5.0/data",
    "lNoNewPatients": [
        144,
        1,
        47,
        62,
        34
    ],
    "lNoPatients": [
        263,
        1,
        51,
        146,
        65
    ],
    "lNoSections": [
        2076,
        1,
        113,
        1274,
        688
    ],
    "mipgap": 0.014998868803907302,
    "noLinacs": 4,
    "noSlotsPerDay": 120,
    "planningHorizon": 80,
    "runresult": {
        "feasibility": true,
        "lAvgLateDayByPriority": [
            1.7777777777777777,
            0.0,
            0.0,
            2.806451612903226,
            2.411764705882353
        ],
        "lAvgWaitDayByPriority": [
            14.166666666666666,
            0.0,
            1.3404255319148937,
            15.725806451612904,
            29.470588235294116
        ],
        "lLateDayByPriority": [
            256,
            0,
            0,
            174,
            82
        ],
        "lWaitDayByPriority": [
            2040,
            0,
            63,
            975,
            1002
        ],
        "objval": 20263.818866324837
    },
    "runtime": 300.16175174713135,
    "simdays": 30,
    "solver": "static"
}