{
    "arrivalrate": 5.0,
    "ins_name": 390,
    "ins_path": "/home/tusan/projects/def-roussea5/tusan/exp/2021_Oct/4linacs/lambda5.0/data",
    "lNoNewPatients": [
        158,
        1,
        53,
        69,
        35
    ],
    "lNoPatients": [
        264,
        1,
        57,
        141,
        65
    ],
    "lNoSections": [
        2190,
        1,
        124,
        1352,
        713
    ],
    "mipgap": 1.0,
    "noLinacs": 4,
    "noSlotsPerDay": 120,
    "planningHorizon": 80,
    "runresult": {
        "feasibility": true,
        "lAvgLateDayByPriority": [
            3.9050632911392404,
            0.0,
            1.3962264150943395,
            7.869565217391305,
            0.0
        ],
        "lAvgWaitDayByPriority": [
            14.974683544303797,
            0.0,
            3.641509433962264,
            21.18840579710145,
            20.314285714285713
        ],
        "lLateDayByPriority": [
            617,
            0,
            74,
            543,
            0
        ],
        "lWaitDayByPriority": [
            2366,
            0,
            193,
            1462,
            711
        ],
        "objval": 20287.183577483494
    },
    "runtime": 4.955425500869751,
    "simdays": 30,
    "solver": "daily"
}