{
    "arrivalrate": 5.0,
    "ins_name": 405,
    "ins_path": "/home/tusan/projects/def-roussea5/tusan/exp/2021_Oct/4linacs/lambda5.0/data",
    "lNoNewPatients": [
        135,
        0,
        42,
        59,
        34
    ],
    "lNoPatients": [
        245,
        0,
        44,
        138,
        63
    ],
    "lNoSections": [
        1913,
        0,
        103,
        1105,
        705
    ],
    "mipgap": 0.014806941182844383,
    "noLinacs": 4,
    "noSlotsPerDay": 120,
    "planningHorizon": 80,
    "runresult": {
        "feasibility": true,
        "lAvgLateDayByPriority": [
            0.0,
            0.0,
            0.0,
            0.0,
            0.0
        ],
        "lAvgWaitDayByPriority": [
            10.748148148148148,
            0.0,
            1.4285714285714286,
            11.64406779661017,
            20.705882352941178
        ],
        "lLateDayByPriority": [
            0,
            0,
            0,
            0,
            0
        ],
        "lWaitDayByPriority": [
            1451,
            0,
            60,
            687,
            704
        ],
        "objval": 20246.635664435264
    },
    "runtime": 191.23334884643555,
    "simdays": 30,
    "solver": "static"
}