{
    "arrivalrate": 5.0,
    "ins_name": 406,
    "ins_path": "/home/tusan/projects/def-roussea5/tusan/exp/2021_Oct/4linacs/lambda5.0/data",
    "lNoNewPatients": [
        155,
        0,
        45,
        65,
        45
    ],
    "lNoPatients": [
        234,
        0,
        50,
        124,
        60
    ],
    "lNoSections": [
        2301,
        0,
        123,
        1244,
        934
    ],
    "mipgap": 0.014242896315061315,
    "noLinacs": 4,
    "noSlotsPerDay": 120,
    "planningHorizon": 80,
    "runresult": {
        "feasibility": true,
        "lAvgLateDayByPriority": [
            0.0,
            0.0,
            0.0,
            0.0,
            0.0
        ],
        "lAvgWaitDayByPriority": [
            7.967741935483871,
            0.0,
            1.5333333333333334,
            9.815384615384616,
            11.733333333333333
        ],
        "lLateDayByPriority": [
            0,
            0,
            0,
            0,
            0
        ],
        "lWaitDayByPriority": [
            1235,
            0,
            69,
            638,
            528
        ],
        "objval": 20236.882051282053
    },
    "runtime": 309.63237476348877,
    "simdays": 30,
    "solver": "static"
}