{
    "arrivalrate": 5.0,
    "ins_name": 425,
    "ins_path": "/ssd6/san/software/RTSP-scheduling/data/4linacs/lambda5.0/data",
    "lNoNewPatients": [
        139,
        1,
        46,
        60,
        32
    ],
    "lNoPatients": [
        245,
        1,
        50,
        132,
        62
    ],
    "lNoSections": [
        1922,
        1,
        112,
        1138,
        671
    ],
    "mipgap": 1.0,
    "noLinacs": 4,
    "noSlotsPerDay": 120,
    "planningHorizon": 80,
    "runresult": {
        "avg_occupancy": 34.90555555555556,
        "feasibility": true,
        "lAvgLateDayByPriority": [
            1.8992805755395683,
            5.0,
            0.782608695652174,
            3.716666666666667,
            0.0
        ],
        "lAvgWaitDayByPriority": [
            12.086330935251798,
            5.0,
            3.108695652173913,
            16.316666666666666,
            17.28125
        ],
        "lLateDayByPriority": [
            264,
            5,
            36,
            223,
            0
        ],
        "lOccupancy": {
            "0": [
                0.0,
                0.0,
                0.0,
                0.0,
                0.0,
                0.0,
                0.0,
                0.0,
                0.0,
                0.0,
                0.0,
                0.0,
                0.0,
                0.0,
                0.0,
                0.0,
                0.0,
                0.0,
                0.0,
                0.0,
                0.0,
                0.0,
                0.0,
                0.0,
                0.0,
                0.0,
                0.0,
                0.0,
                0.0,
                0.0,
                0.0,
                0.0,
                1.25,
                0.0,
                0.0,
                0.0,
                0.0,
                0.0,
                0.0,
                0.0,
                0.0,
                0.0,
                0.0,
                0.0,
                0.0,
                0.0,
                0.0,
                0.0,
                0.0,
                0.0,
                0.0,
                0.0,
                0.0,
                0.0,
                0.0,
                0.0,
                0.0,
                0.0,
                0.0,
                0.0,
                0.0,
                0.0,
                0.0,
                0.0,
                0.0,
                0.0,
                0.0,
                0.0,
                0.0,
                0.0,
                0.0,
                0.0,
                0.0,
                0.0,
                0.0,
                0.0,
                0.0,
                0.0,
                0.0,
                0.0,
                0.0,
                0.0,
                0.0,
                0.0,
                0.0,
                0.0,
                0.0,
                0.0,
                0.0,
                0.0,
                0.0,
                0.0,
                0.0,
                0.0,
                0.0,
                0.0,
                0.0,
                0.0,
                0.0,
                0.0,
                0.0,
                0.0,
                0.0,
                0.0,
                0.0,
                0.0,
                0.0,
                0.0,
                0.0,
                0.0,
                0.0,
                0.0,
                0.0,
                0.0,
                0.0,
                0.0,
                0.0,
                0.0,
                0.0,
                0.0,
                0.0,
                0.0,
                0.0,
                0.0,
                0.0,
                0.0,
                0.0,
                0.0,
                0.0,
                0.0,
                0.0,
                0.0,
                0.0,
                0.0,
                0.0,
                0.0,
                0.0,
                0.0,
                0.0,
                0.0,
                0.0,
                0.0,
                0.0,
                0.0,
                0.0,
                0.0,
                0.0,
                0.0,
                0.0,
                0.0
            ],
            "1": [
                5.416666666666667,
                7.5,
                8.958333333333334,
                5.208333333333334,
                5.208333333333334,
                5.625,
                5.416666666666667,
                2.9166666666666665,
                5.416666666666667,
                5.625,
                4.166666666666666,
                5.416666666666667,
                5.416666666666667,
                5.416666666666667,
                6.458333333333334,
                7.5,
                6.875000000000001,
                5.416666666666667,
                5.416666666666667,
                6.666666666666667,
                5.416666666666667,
                5.416666666666667,
                5.833333333333333,
                5.416666666666667,
                5.416666666666667,
                4.166666666666666,
                7.708333333333334,
                6.875000000000001,
                5.625,
                4.791666666666667,
                6.041666666666667,
                7.916666666666666,
                4.583333333333333,
                7.083333333333333,
                7.083333333333333,
                3.125,
                1.4583333333333333,
                0.0,
                0.0,
                0.0,
                0.0,
                0.0,
                0.0,
                0.0,
                0.0,
                0.0,
                0.0,
                0.0,
                0.0,
                0.0,
                0.0,
                0.0,
                0.0,
                0.0,
                0.0,
                0.0,
                0.0,
                0.0,
                0.0,
                0.0,
                0.0,
                0.0,
                0.0,
                0.0,
                0.0,
                0.0,
                0.0,
                0.0,
                0.0,
                0.0,
                0.0,
                0.0,
                0.0,
                0.0,
                0.0,
                0.0,
                0.0,
                0.0,
                0.0,
                0.0,
                0.0,
                0.0,
                0.0,
                0.0,
                0.0,
                0.0,
                0.0,
                0.0,
                0.0,
                0.0,
                0.0,
                0.0,
                0.0,
                0.0,
                0.0,
                0.0,
                0.0,
                0.0,
                0.0,
                0.0,
                0.0,
                0.0,
                0.0,
                0.0,
                0.0,
                0.0,
                0.0,
                0.0,
                0.0,
                0.0,
                0.0,
                0.0,
                0.0,
                0.0,
                0.0,
                0.0,
                0.0,
                0.0,
                0.0,
                0.0,
                0.0,
                0.0,
                0.0,
                0.0,
                0.0,
                0.0,
                0.0,
                0.0,
                0.0,
                0.0,
                0.0,
                0.0,
                0.0,
                0.0,
                0.0,
                0.0,
                0.0,
                0.0,
                0.0,
                0.0,
                0.0,
                0.0,
                0.0,
                0.0,
                0.0,
                0.0,
                0.0,
                0.0,
                0.0,
                0.0
            ],
            "2": [
                67.29166666666667,
                68.33333333333333,
                67.91666666666667,
                68.125,
                66.45833333333333,
                69.375,
                76.66666666666667,
                77.91666666666667,
                76.66666666666667,
                74.375,
                76.25,
                64.375,
                58.54166666666667,
                55.00000000000001,
                51.041666666666664,
                49.583333333333336,
                48.125,
                46.666666666666664,
                50.0,
                50.0,
                50.0,
                53.75,
                52.708333333333336,
                51.66666666666667,
                49.791666666666664,
                51.45833333333333,
                46.25,
                46.458333333333336,
                47.5,
                47.5,
                49.583333333333336,
                50.416666666666664,
                52.5,
                46.875,
                49.791666666666664,
                52.5,
                52.5,
                54.58333333333333,
                55.00000000000001,
                57.49999999999999,
                57.291666666666664,
                52.5,
                45.83333333333333,
                45.83333333333333,
                45.83333333333333,
                43.958333333333336,
                43.958333333333336,
                42.5,
                42.5,
                42.5,
                42.5,
                41.041666666666664,
                38.125,
                38.125,
                36.45833333333333,
                36.45833333333333,
                33.541666666666664,
                33.541666666666664,
                33.541666666666664,
                32.083333333333336,
                30.625000000000004,
                27.708333333333336,
                26.25,
                24.583333333333332,
                18.125,
                18.125,
                16.666666666666664,
                15.208333333333332,
                10.625,
                4.583333333333333,
                1.6666666666666667,
                1.6666666666666667,
                0.0,
                0.0,
                0.0,
                0.0,
                0.0,
                0.0,
                0.0,
                0.0,
                0.0,
                0.0,
                0.0,
                0.0,
                0.0,
                0.0,
                0.0,
                0.0,
                0.0,
                0.0,
                0.0,
                0.0,
                0.0,
                0.0,
                0.0,
                0.0,
                0.0,
                0.0,
                0.0,
                0.0,
                0.0,
                0.0,
                0.0,
                0.0,
                0.0,
                0.0,
                0.0,
                0.0,
                0.0,
                0.0,
                0.0,
                0.0,
                0.0,
                0.0,
                0.0,
                0.0,
                0.0,
                0.0,
                0.0,
                0.0,
                0.0,
                0.0,
                0.0,
                0.0,
                0.0,
                0.0,
                0.0,
                0.0,
                0.0,
                0.0,
                0.0,
                0.0,
                0.0,
                0.0,
                0.0,
                0.0,
                0.0,
                0.0,
                0.0,
                0.0,
                0.0,
                0.0,
                0.0,
                0.0,
                0.0,
                0.0,
                0.0,
                0.0,
                0.0,
                0.0
            ],
            "3": [
                17.083333333333332,
                15.625,
                14.583333333333334,
                13.333333333333334,
                15.416666666666668,
                15.416666666666668,
                15.416666666666668,
                15.416666666666668,
                15.416666666666668,
                18.75,
                18.75,
                29.375,
                34.375,
                38.54166666666667,
                40.0,
                41.458333333333336,
                43.541666666666664,
                46.458333333333336,
                42.083333333333336,
                42.083333333333336,
                42.083333333333336,
                39.58333333333333,
                41.041666666666664,
                41.041666666666664,
                43.333333333333336,
                42.5,
                45.208333333333336,
                43.958333333333336,
                43.541666666666664,
                43.541666666666664,
                40.625,
                39.166666666666664,
                38.54166666666667,
                43.125,
                40.208333333333336,
                37.291666666666664,
                34.583333333333336,
                33.125,
                31.25,
                29.583333333333332,
                29.583333333333332,
                28.125,
                25.624999999999996,
                23.125,
                23.125,
                19.166666666666668,
                16.666666666666664,
                16.666666666666664,
                16.666666666666664,
                14.583333333333334,
                14.583333333333334,
                14.583333333333334,
                13.125,
                13.125,
                13.125,
                13.125,
                13.125,
                12.083333333333334,
                12.083333333333334,
                10.625,
                10.625,
                7.5,
                6.458333333333334,
                6.458333333333334,
                6.458333333333334,
                2.7083333333333335,
                1.6666666666666667,
                1.6666666666666667,
                1.6666666666666667,
                1.6666666666666667,
                1.6666666666666667,
                1.6666666666666667,
                0.0,
                0.0,
                0.0,
                0.0,
                0.0,
                0.0,
                0.0,
                0.0,
                0.0,
                0.0,
                0.0,
                0.0,
                0.0,
                0.0,
                0.0,
                0.0,
                0.0,
                0.0,
                0.0,
                0.0,
                0.0,
                0.0,
                0.0,
                0.0,
                0.0,
                0.0,
                0.0,
                0.0,
                0.0,
                0.0,
                0.0,
                0.0,
                0.0,
                0.0,
                0.0,
                0.0,
                0.0,
                0.0,
                0.0,
                0.0,
                0.0,
                0.0,
                0.0,
                0.0,
                0.0,
                0.0,
                0.0,
                0.0,
                0.0,
                0.0,
                0.0,
                0.0,
                0.0,
                0.0,
                0.0,
                0.0,
                0.0,
                0.0,
                0.0,
                0.0,
                0.0,
                0.0,
                0.0,
                0.0,
                0.0,
                0.0,
                0.0,
                0.0,
                0.0,
                0.0,
                0.0,
                0.0,
                0.0,
                0.0,
                0.0,
                0.0,
                0.0,
                0.0
            ],
            "overall": [
                89.79166666666667,
                91.45833333333333,
                91.45833333333333,
                86.66666666666666,
                87.08333333333333,
                90.41666666666667,
                97.50000000000001,
                96.25000000000001,
                97.50000000000001,
                98.75,
                99.16666666666667,
                99.16666666666667,
                98.33333333333334,
                98.95833333333334,
                97.5,
                98.54166666666667,
                98.54166666666666,
                98.54166666666666,
                97.5,
                98.75,
                97.5,
                98.75,
                99.58333333333334,
                98.125,
                98.54166666666666,
                98.125,
                99.16666666666667,
                97.29166666666667,
                96.66666666666666,
                95.83333333333333,
                96.25,
                97.5,
                96.875,
                97.08333333333334,
                97.08333333333334,
                92.91666666666666,
                88.54166666666667,
                87.70833333333333,
                86.25,
                87.08333333333333,
                86.875,
                80.625,
                71.45833333333333,
                68.95833333333333,
                68.95833333333333,
                63.125,
                60.625,
                59.166666666666664,
                59.166666666666664,
                57.083333333333336,
                57.083333333333336,
                55.625,
                51.25,
                51.25,
                49.58333333333333,
                49.58333333333333,
                46.666666666666664,
                45.625,
                45.625,
                42.708333333333336,
                41.25,
                35.208333333333336,
                32.708333333333336,
                31.041666666666664,
                24.583333333333336,
                20.833333333333332,
                18.333333333333332,
                16.875,
                12.291666666666666,
                6.25,
                3.3333333333333335,
                3.3333333333333335,
                0.0,
                0.0,
                0.0,
                0.0,
                0.0,
                0.0,
                0.0,
                0.0,
                0.0,
                0.0,
                0.0,
                0.0,
                0.0,
                0.0,
                0.0,
                0.0,
                0.0,
                0.0,
                0.0,
                0.0,
                0.0,
                0.0,
                0.0,
                0.0,
                0.0,
                0.0,
                0.0,
                0.0,
                0.0,
                0.0,
                0.0,
                0.0,
                0.0,
                0.0,
                0.0,
                0.0,
                0.0,
                0.0,
                0.0,
                0.0,
                0.0,
                0.0,
                0.0,
                0.0,
                0.0,
                0.0,
                0.0,
                0.0,
                0.0,
                0.0,
                0.0,
                0.0,
                0.0,
                0.0,
                0.0,
                0.0,
                0.0,
                0.0,
                0.0,
                0.0,
                0.0,
                0.0,
                0.0,
                0.0,
                0.0,
                0.0,
                0.0,
                0.0,
                0.0,
                0.0,
                0.0,
                0.0,
                0.0,
                0.0,
                0.0,
                0.0,
                0.0,
                0.0
            ]
        },
        "lWaitAndOverdue": [
            [
                0,
                2,
                1,
                0
            ],
            [
                0,
                3,
                7,
                0
            ],
            [
                0,
                2,
                2,
                0
            ],
            [
                0,
                2,
                2,
                0
            ],
            [
                1,
                3,
                7,
                0
            ],
            [
                1,
                2,
                0,
                0
            ],
            [
                1,
                3,
                7,
                0
            ],
            [
                1,
                4,
                14,
                0
            ],
            [
                1,
                3,
                7,
                0
            ],
            [
                1,
                3,
                7,
                0
            ],
            [
                1,
                2,
                2,
                0
            ],
            [
                2,
                3,
                7,
                0
            ],
            [
                2,
                2,
                2,
                0
            ],
            [
                2,
                4,
                14,
                0
            ],
            [
                2,
                4,
                14,
                0
            ],
            [
                3,
                3,
                7,
                0
            ],
            [
                3,
                3,
                8,
                0
            ],
            [
                3,
                4,
                14,
                0
            ],
            [
                3,
                4,
                14,
                0
            ],
            [
                4,
                2,
                3,
                0
            ],
            [
                5,
                2,
                0,
                0
            ],
            [
                5,
                3,
                7,
                0
            ],
            [
                5,
                3,
                8,
                0
            ],
            [
                5,
                3,
                7,
                0
            ],
            [
                6,
                2,
                0,
                0
            ],
            [
                6,
                4,
                14,
                0
            ],
            [
                6,
                4,
                14,
                0
            ],
            [
                6,
                4,
                14,
                0
            ],
            [
                6,
                2,
                2,
                0
            ],
            [
                6,
                4,
                14,
                0
            ],
            [
                6,
                2,
                3,
                1
            ],
            [
                7,
                4,
                14,
                0
            ],
            [
                7,
                4,
                14,
                0
            ],
            [
                7,
                3,
                9,
                0
            ],
            [
                7,
                3,
                15,
                1
            ],
            [
                7,
                3,
                15,
                1
            ],
            [
                8,
                2,
                0,
                0
            ],
            [
                9,
                3,
                18,
                4
            ],
            [
                9,
                3,
                18,
                4
            ],
            [
                9,
                3,
                20,
                6
            ],
            [
                9,
                4,
                19,
                0
            ],
            [
                9,
                2,
                0,
                0
            ],
            [
                9,
                2,
                7,
                3
            ],
            [
                9,
                4,
                21,
                0
            ],
            [
                9,
                3,
                10,
                0
            ],
            [
                9,
                2,
                4,
                0
            ],
            [
                10,
                3,
                18,
                4
            ],
            [
                10,
                3,
                21,
                7
            ],
            [
                10,
                4,
                18,
                0
            ],
            [
                10,
                4,
                18,
                0
            ],
            [
                11,
                4,
                20,
                0
            ],
            [
                11,
                3,
                20,
                6
            ],
            [
                11,
                4,
                20,
                0
            ],
            [
                11,
                3,
                21,
                7
            ],
            [
                11,
                2,
                1,
                0
            ],
            [
                12,
                3,
                20,
                6
            ],
            [
                12,
                2,
                2,
                0
            ],
            [
                12,
                2,
                5,
                3
            ],
            [
                12,
                4,
                20,
                0
            ],
            [
                12,
                4,
                20,
                0
            ],
            [
                12,
                3,
                20,
                6
            ],
            [
                13,
                2,
                4,
                0
            ],
            [
                13,
                2,
                5,
                1
            ],
            [
                13,
                3,
                20,
                6
            ],
            [
                13,
                4,
                19,
                0
            ],
            [
                13,
                3,
                20,
                6
            ],
            [
                14,
                4,
                20,
                0
            ],
            [
                14,
                3,
                20,
                6
            ],
            [
                14,
                3,
                20,
                6
            ],
            [
                14,
                3,
                20,
                6
            ],
            [
                14,
                3,
                20,
                6
            ],
            [
                14,
                3,
                20,
                6
            ],
            [
                14,
                2,
                3,
                0
            ],
            [
                14,
                4,
                21,
                0
            ],
            [
                14,
                2,
                3,
                0
            ],
            [
                14,
                4,
                24,
                0
            ],
            [
                15,
                2,
                4,
                2
            ],
            [
                16,
                3,
                20,
                6
            ],
            [
                16,
                2,
                3,
                1
            ],
            [
                16,
                2,
                6,
                4
            ],
            [
                16,
                3,
                20,
                6
            ],
            [
                16,
                4,
                20,
                0
            ],
            [
                17,
                3,
                20,
                6
            ],
            [
                17,
                3,
                20,
                6
            ],
            [
                17,
                3,
                20,
                6
            ],
            [
                17,
                2,
                5,
                3
            ],
            [
                17,
                3,
                20,
                6
            ],
            [
                18,
                3,
                19,
                5
            ],
            [
                18,
                2,
                4,
                0
            ],
            [
                19,
                3,
                19,
                5
            ],
            [
                19,
                3,
                19,
                5
            ],
            [
                19,
                2,
                4,
                0
            ],
            [
                19,
                2,
                4,
                0
            ],
            [
                19,
                4,
                19,
                0
            ],
            [
                20,
                2,
                0,
                0
            ],
            [
                20,
                4,
                17,
                0
            ],
            [
                20,
                4,
                17,
                0
            ],
            [
                20,
                4,
                17,
                0
            ],
            [
                20,
                3,
                17,
                3
            ],
            [
                21,
                3,
                17,
                3
            ],
            [
                21,
                3,
                17,
                3
            ],
            [
                21,
                2,
                1,
                0
            ],
            [
                21,
                3,
                20,
                6
            ],
            [
                22,
                3,
                19,
                5
            ],
            [
                22,
                2,
                6,
                4
            ],
            [
                22,
                2,
                6,
                4
            ],
            [
                22,
                3,
                19,
                5
            ],
            [
                22,
                3,
                20,
                6
            ],
            [
                22,
                3,
                20,
                6
            ],
            [
                23,
                3,
                19,
                5
            ],
            [
                23,
                2,
                0,
                0
            ],
            [
                23,
                2,
                5,
                1
            ],
            [
                24,
                2,
                4,
                0
            ],
            [
                24,
                4,
                18,
                0
            ],
            [
                24,
                2,
                5,
                1
            ],
            [
                24,
                3,
                19,
                5
            ],
            [
                24,
                4,
                19,
                0
            ],
            [
                25,
                2,
                2,
                0
            ],
            [
                25,
                3,
                16,
                2
            ],
            [
                25,
                2,
                2,
                0
            ],
            [
                25,
                3,
                18,
                4
            ],
            [
                25,
                3,
                17,
                3
            ],
            [
                25,
                2,
                3,
                1
            ],
            [
                26,
                4,
                16,
                0
            ],
            [
                26,
                3,
                17,
                3
            ],
            [
                26,
                2,
                3,
                1
            ],
            [
                27,
                4,
                16,
                0
            ],
            [
                27,
                3,
                16,
                2
            ],
            [
                27,
                3,
                16,
                2
            ],
            [
                27,
                3,
                16,
                2
            ],
            [
                27,
                3,
                19,
                5
            ],
            [
                28,
                3,
                18,
                4
            ],
            [
                28,
                3,
                18,
                4
            ],
            [
                28,
                2,
                5,
                1
            ],
            [
                28,
                2,
                5,
                1
            ],
            [
                29,
                2,
                6,
                2
            ],
            [
                29,
                2,
                6,
                2
            ],
            [
                29,
                2,
                3,
                0
            ],
            [
                29,
                1,
                5,
                5
            ]
        ],
        "lWaitDayByPriority": [
            1680,
            5,
            143,
            979,
            553
        ],
        "objval": 2324.184148550725,
        "std_occupancy": 41.68441001837794
    },
    "runtime": 0.38820767402648926,
    "simdays": 150,
    "solver": "daily_greedy"
}