{
    "arrivalrate": 5.0,
    "ins_name": 425,
    "ins_path": "/home/tusan/projects/def-roussea5/tusan/exp/2021_Oct/4linacs/lambda5.0/data",
    "lNoNewPatients": [
        139,
        1,
        46,
        60,
        32
    ],
    "lNoPatients": [
        245,
        1,
        50,
        132,
        62
    ],
    "lNoSections": [
        1922,
        1,
        112,
        1138,
        671
    ],
    "mipgap": 0.014345670899508752,
    "noLinacs": 4,
    "noSlotsPerDay": 120,
    "planningHorizon": 80,
    "runresult": {
        "feasibility": true,
        "lAvgLateDayByPriority": [
            0.0,
            0.0,
            0.0,
            0.0,
            0.0
        ],
        "lAvgWaitDayByPriority": [
            10.359712230215827,
            0.0,
            1.8043478260869565,
            11.8,
            20.28125
        ],
        "lLateDayByPriority": [
            0,
            0,
            0,
            0,
            0
        ],
        "lWaitDayByPriority": [
            1440,
            0,
            83,
            708,
            649
        ],
        "objval": 20250.12472826087
    },
    "runtime": 269.6417944431305,
    "simdays": 30,
    "solver": "static"
}