{
    "arrivalrate": 5.0,
    "ins_name": 430,
    "ins_path": "/home/tusan/projects/def-roussea5/tusan/exp/2021_Oct/4linacs/lambda5.0/data",
    "lNoNewPatients": [
        151,
        1,
        58,
        61,
        31
    ],
    "lNoPatients": [
        276,
        1,
        63,
        140,
        72
    ],
    "lNoSections": [
        1981,
        1,
        167,
        1248,
        565
    ],
    "mipgap": 1.0,
    "noLinacs": 4,
    "noSlotsPerDay": 120,
    "planningHorizon": 80,
    "runresult": {
        "feasibility": true,
        "lAvgLateDayByPriority": [
            7.119205298013245,
            11.0,
            5.517241379310345,
            11.885245901639344,
            0.6129032258064516
        ],
        "lAvgWaitDayByPriority": [
            18.271523178807946,
            11.0,
            8.120689655172415,
            25.18032786885246,
            23.903225806451612
        ],
        "lLateDayByPriority": [
            1075,
            11,
            320,
            725,
            19
        ],
        "lWaitDayByPriority": [
            2759,
            11,
            471,
            1536,
            741
        ],
        "objval": 20469.305840733785
    },
    "runtime": 0.5094704627990723,
    "simdays": 30,
    "solver": "greedy"
}