{
    "arrivalrate": 6.0,
    "ins_name": 75,
    "ins_path": null,
    "lNoNewPatients": [
        189,
        2,
        82,
        59,
        46
    ],
    "lNoPatients": [
        362,
        2,
        88,
        171,
        101
    ],
    "lNoSections": [
        2334,
        11,
        243,
        1245,
        835
    ],
    "mipgap": 1.0,
    "noLinacs": 4,
    "noSlotsPerDay": 120,
    "planningHorizon": 80,
    "runresult": {
        "avg_occupancy": 51.1125,
        "feasibility": true,
        "lAvgLateDayByPriority": [
            24.84656084656085,
            21.5,
            25.829268292682926,
            28.11864406779661,
            19.043478260869566
        ],
        "lAvgWaitDayByPriority": [
            36.74074074074074,
            21.5,
            28.48780487804878,
            41.3728813559322,
            46.17391304347826
        ],
        "lLateDayByPriority": [
            4696,
            43,
            2118,
            1659,
            876
        ],
        "lOccupancy": {
            "0": [
                0.0,
                0.0,
                0.0,
                0.0,
                0.0,
                1.25,
                0.0,
                0.0,
                0.0,
                0.0,
                0.0,
                0.0,
                0.0,
                0.0,
                0.0,
                0.0,
                0.0,
                0.0,
                0.0,
                0.0,
                0.0,
                0.0,
                0.0,
                0.0,
                0.0,
                0.0,
                0.0,
                0.0,
                0.0,
                0.0,
                0.0,
                0.0,
                0.0,
                0.0,
                0.0,
                0.0,
                0.0,
                0.0,
                0.0,
                0.0,
                0.0,
                0.0,
                0.0,
                0.0,
                0.0,
                0.0,
                0.0,
                0.0,
                0.0,
                1.0416666666666665,
                1.0416666666666665,
                1.0416666666666665,
                1.0416666666666665,
                1.0416666666666665,
                1.0416666666666665,
                1.0416666666666665,
                1.0416666666666665,
                1.0416666666666665,
                1.0416666666666665,
                0.0,
                0.0,
                0.0,
                0.0,
                0.0,
                0.0,
                0.0,
                0.0,
                0.0,
                0.0,
                0.0,
                0.0,
                0.0,
                0.0,
                0.0,
                0.0,
                0.0,
                0.0,
                0.0,
                0.0,
                0.0,
                0.0,
                0.0,
                0.0,
                0.0,
                0.0,
                0.0,
                0.0,
                0.0,
                0.0,
                0.0,
                0.0,
                0.0,
                0.0,
                0.0,
                0.0,
                0.0,
                0.0,
                0.0,
                0.0,
                0.0,
                0.0,
                0.0,
                0.0,
                0.0,
                0.0,
                0.0,
                0.0,
                0.0,
                0.0,
                0.0,
                0.0,
                0.0,
                0.0,
                0.0,
                0.0,
                0.0,
                0.0,
                0.0,
                0.0,
                0.0,
                0.0,
                0.0,
                0.0,
                0.0,
                0.0,
                0.0,
                0.0,
                0.0,
                0.0,
                0.0,
                0.0,
                0.0,
                0.0,
                0.0,
                0.0,
                0.0,
                0.0,
                0.0,
                0.0,
                0.0,
                0.0,
                0.0,
                0.0,
                0.0,
                0.0,
                0.0,
                0.0,
                0.0,
                0.0,
                0.0
            ],
            "1": [
                12.5,
                10.0,
                10.833333333333334,
                4.583333333333333,
                4.791666666666667,
                11.458333333333332,
                12.083333333333334,
                3.958333333333333,
                3.125,
                1.4583333333333333,
                4.583333333333333,
                1.4583333333333333,
                1.6666666666666667,
                2.9166666666666665,
                1.6666666666666667,
                1.6666666666666667,
                1.6666666666666667,
                1.875,
                1.875,
                2.2916666666666665,
                2.2916666666666665,
                2.083333333333333,
                1.0416666666666665,
                1.0416666666666665,
                2.5,
                2.5,
                1.6666666666666667,
                2.7083333333333335,
                2.7083333333333335,
                4.375,
                3.125,
                3.3333333333333335,
                4.791666666666667,
                2.9166666666666665,
                1.6666666666666667,
                5.0,
                8.333333333333332,
                3.3333333333333335,
                4.791666666666667,
                7.916666666666666,
                10.416666666666668,
                12.708333333333332,
                9.583333333333334,
                9.583333333333334,
                9.166666666666666,
                8.75,
                7.5,
                9.375,
                13.333333333333334,
                17.916666666666668,
                14.166666666666666,
                10.833333333333334,
                10.833333333333334,
                8.125,
                6.666666666666667,
                7.5,
                7.5,
                7.5,
                7.5,
                5.208333333333334,
                3.958333333333333,
                3.958333333333333,
                5.208333333333334,
                5.208333333333334,
                6.875000000000001,
                10.0,
                10.416666666666668,
                6.458333333333334,
                1.6666666666666667,
                0.0,
                0.0,
                0.0,
                0.0,
                0.0,
                0.0,
                0.0,
                0.0,
                0.0,
                0.0,
                0.0,
                0.0,
                0.0,
                0.0,
                0.0,
                0.0,
                0.0,
                0.0,
                0.0,
                0.0,
                0.0,
                0.0,
                0.0,
                0.0,
                0.0,
                0.0,
                0.0,
                0.0,
                0.0,
                0.0,
                0.0,
                0.0,
                0.0,
                0.0,
                0.0,
                0.0,
                0.0,
                0.0,
                0.0,
                0.0,
                0.0,
                0.0,
                0.0,
                0.0,
                0.0,
                0.0,
                0.0,
                0.0,
                0.0,
                0.0,
                0.0,
                0.0,
                0.0,
                0.0,
                0.0,
                0.0,
                0.0,
                0.0,
                0.0,
                0.0,
                0.0,
                0.0,
                0.0,
                0.0,
                0.0,
                0.0,
                0.0,
                0.0,
                0.0,
                0.0,
                0.0,
                0.0,
                0.0,
                0.0,
                0.0,
                0.0,
                0.0,
                0.0,
                0.0,
                0.0,
                0.0
            ],
            "2": [
                67.29166666666667,
                68.75,
                68.125,
                68.125,
                68.125,
                66.04166666666667,
                61.875,
                62.291666666666664,
                61.66666666666667,
                62.291666666666664,
                58.54166666666667,
                57.91666666666667,
                57.91666666666667,
                58.958333333333336,
                58.958333333333336,
                60.416666666666664,
                60.20833333333333,
                58.333333333333336,
                55.41666666666667,
                55.41666666666667,
                55.41666666666667,
                58.12500000000001,
                58.958333333333336,
                55.41666666666667,
                56.041666666666664,
                52.708333333333336,
                55.41666666666667,
                57.08333333333333,
                57.08333333333333,
                55.00000000000001,
                53.541666666666664,
                56.666666666666664,
                59.583333333333336,
                56.041666666666664,
                57.49999999999999,
                54.58333333333333,
                53.125,
                59.791666666666664,
                60.20833333333333,
                55.625,
                54.166666666666664,
                52.29166666666667,
                56.666666666666664,
                58.54166666666667,
                58.12500000000001,
                63.74999999999999,
                64.375,
                64.375,
                60.62499999999999,
                56.875,
                57.49999999999999,
                57.291666666666664,
                56.875,
                56.875,
                58.958333333333336,
                60.20833333333333,
                60.20833333333333,
                58.75,
                61.04166666666667,
                63.125,
                61.25000000000001,
                57.70833333333333,
                58.75,
                58.75,
                55.625,
                54.166666666666664,
                56.458333333333336,
                55.208333333333336,
                47.291666666666664,
                44.166666666666664,
                42.5,
                39.166666666666664,
                32.5,
                30.833333333333336,
                30.833333333333336,
                28.541666666666664,
                28.541666666666664,
                28.541666666666664,
                26.875,
                26.875,
                26.875,
                26.875,
                26.875,
                24.375,
                23.125,
                20.625,
                17.708333333333336,
                16.041666666666668,
                14.374999999999998,
                11.875,
                11.875,
                11.875,
                10.625,
                10.625,
                8.958333333333334,
                5.416666666666667,
                2.9166666666666665,
                2.9166666666666665,
                2.9166666666666665,
                1.6666666666666667,
                0.0,
                0.0,
                0.0,
                0.0,
                0.0,
                0.0,
                0.0,
                0.0,
                0.0,
                0.0,
                0.0,
                0.0,
                0.0,
                0.0,
                0.0,
                0.0,
                0.0,
                0.0,
                0.0,
                0.0,
                0.0,
                0.0,
                0.0,
                0.0,
                0.0,
                0.0,
                0.0,
                0.0,
                0.0,
                0.0,
                0.0,
                0.0,
                0.0,
                0.0,
                0.0,
                0.0,
                0.0,
                0.0,
                0.0,
                0.0,
                0.0,
                0.0,
                0.0,
                0.0,
                0.0,
                0.0,
                0.0,
                0.0,
                0.0,
                0.0
            ],
            "3": [
                15.416666666666668,
                13.958333333333334,
                15.416666666666668,
                15.416666666666668,
                14.374999999999998,
                18.75,
                22.916666666666664,
                31.874999999999996,
                32.916666666666664,
                35.41666666666667,
                36.45833333333333,
                38.333333333333336,
                38.333333333333336,
                36.666666666666664,
                36.666666666666664,
                35.208333333333336,
                36.25,
                37.291666666666664,
                40.208333333333336,
                40.208333333333336,
                40.416666666666664,
                37.5,
                38.75,
                42.291666666666664,
                41.041666666666664,
                43.958333333333336,
                41.041666666666664,
                39.58333333333333,
                39.58333333333333,
                40.0,
                41.458333333333336,
                38.75,
                34.583333333333336,
                40.0,
                38.54166666666667,
                38.54166666666667,
                37.916666666666664,
                36.041666666666664,
                33.75,
                35.208333333333336,
                34.166666666666664,
                34.166666666666664,
                31.666666666666664,
                31.041666666666668,
                30.625000000000004,
                25.624999999999996,
                25.624999999999996,
                24.583333333333332,
                23.333333333333332,
                22.291666666666668,
                26.25,
                28.541666666666664,
                29.583333333333332,
                31.458333333333332,
                31.458333333333332,
                29.791666666666668,
                29.791666666666668,
                31.666666666666664,
                29.375,
                30.416666666666664,
                32.916666666666664,
                35.833333333333336,
                34.166666666666664,
                34.375,
                35.41666666666667,
                34.375,
                30.625000000000004,
                30.833333333333336,
                28.958333333333336,
                27.500000000000004,
                27.500000000000004,
                23.125,
                21.875,
                21.875,
                21.875,
                20.625,
                18.958333333333332,
                17.708333333333336,
                15.416666666666668,
                14.374999999999998,
                13.125,
                9.791666666666666,
                9.791666666666666,
                6.666666666666667,
                6.666666666666667,
                6.666666666666667,
                4.375,
                4.375,
                4.375,
                4.375,
                3.3333333333333335,
                0.0,
                0.0,
                0.0,
                0.0,
                0.0,
                0.0,
                0.0,
                0.0,
                0.0,
                0.0,
                0.0,
                0.0,
                0.0,
                0.0,
                0.0,
                0.0,
                0.0,
                0.0,
                0.0,
                0.0,
                0.0,
                0.0,
                0.0,
                0.0,
                0.0,
                0.0,
                0.0,
                0.0,
                0.0,
                0.0,
                0.0,
                0.0,
                0.0,
                0.0,
                0.0,
                0.0,
                0.0,
                0.0,
                0.0,
                0.0,
                0.0,
                0.0,
                0.0,
                0.0,
                0.0,
                0.0,
                0.0,
                0.0,
                0.0,
                0.0,
                0.0,
                0.0,
                0.0,
                0.0,
                0.0,
                0.0,
                0.0,
                0.0,
                0.0
            ],
            "overall": [
                95.20833333333334,
                92.70833333333333,
                94.375,
                88.125,
                87.29166666666667,
                97.5,
                96.875,
                98.125,
                97.70833333333334,
                99.16666666666667,
                99.58333333333334,
                97.70833333333334,
                97.91666666666667,
                98.54166666666666,
                97.29166666666666,
                97.29166666666666,
                98.125,
                97.5,
                97.5,
                97.91666666666667,
                98.125,
                97.70833333333334,
                98.75,
                98.75,
                99.58333333333333,
                99.16666666666667,
                98.125,
                99.375,
                99.375,
                99.375,
                98.125,
                98.75,
                98.95833333333334,
                98.95833333333333,
                97.70833333333333,
                98.125,
                99.375,
                99.16666666666666,
                98.75,
                98.75,
                98.75,
                99.16666666666666,
                97.91666666666666,
                99.16666666666667,
                97.91666666666667,
                98.125,
                97.5,
                98.33333333333333,
                97.29166666666666,
                98.12500000000001,
                98.95833333333333,
                97.70833333333331,
                98.33333333333333,
                97.5,
                98.125,
                98.54166666666667,
                98.54166666666667,
                98.95833333333334,
                98.95833333333334,
                98.75,
                98.125,
                97.5,
                98.125,
                98.33333333333334,
                97.91666666666667,
                98.54166666666666,
                97.5,
                92.5,
                77.91666666666666,
                71.66666666666667,
                70.0,
                62.291666666666664,
                54.375,
                52.708333333333336,
                52.708333333333336,
                49.166666666666664,
                47.5,
                46.25,
                42.29166666666667,
                41.25,
                40.0,
                36.666666666666664,
                36.666666666666664,
                31.041666666666668,
                29.791666666666668,
                27.291666666666668,
                22.083333333333336,
                20.416666666666668,
                18.75,
                16.25,
                15.208333333333334,
                11.875,
                10.625,
                10.625,
                8.958333333333334,
                5.416666666666667,
                2.9166666666666665,
                2.9166666666666665,
                2.9166666666666665,
                1.6666666666666667,
                0.0,
                0.0,
                0.0,
                0.0,
                0.0,
                0.0,
                0.0,
                0.0,
                0.0,
                0.0,
                0.0,
                0.0,
                0.0,
                0.0,
                0.0,
                0.0,
                0.0,
                0.0,
                0.0,
                0.0,
                0.0,
                0.0,
                0.0,
                0.0,
                0.0,
                0.0,
                0.0,
                0.0,
                0.0,
                0.0,
                0.0,
                0.0,
                0.0,
                0.0,
                0.0,
                0.0,
                0.0,
                0.0,
                0.0,
                0.0,
                0.0,
                0.0,
                0.0,
                0.0,
                0.0,
                0.0,
                0.0,
                0.0,
                0.0,
                0.0
            ]
        },
        "lWaitAndOverdue": [
            [
                0,
                2,
                0,
                0
            ],
            [
                0,
                2,
                0,
                0
            ],
            [
                0,
                2,
                0,
                0
            ],
            [
                0,
                4,
                28,
                0
            ],
            [
                0,
                2,
                2,
                0
            ],
            [
                0,
                3,
                9,
                0
            ],
            [
                1,
                4,
                10,
                0
            ],
            [
                1,
                2,
                0,
                0
            ],
            [
                1,
                3,
                6,
                0
            ],
            [
                1,
                2,
                1,
                0
            ],
            [
                2,
                3,
                7,
                0
            ],
            [
                2,
                3,
                12,
                0
            ],
            [
                2,
                2,
                0,
                0
            ],
            [
                2,
                4,
                7,
                0
            ],
            [
                3,
                3,
                14,
                0
            ],
            [
                3,
                2,
                1,
                0
            ],
            [
                3,
                4,
                27,
                0
            ],
            [
                3,
                3,
                14,
                0
            ],
            [
                3,
                3,
                11,
                0
            ],
            [
                3,
                3,
                8,
                0
            ],
            [
                4,
                3,
                10,
                0
            ],
            [
                4,
                3,
                6,
                0
            ],
            [
                4,
                3,
                13,
                0
            ],
            [
                4,
                2,
                3,
                0
            ],
            [
                4,
                2,
                4,
                0
            ],
            [
                4,
                2,
                4,
                0
            ],
            [
                4,
                2,
                3,
                0
            ],
            [
                4,
                2,
                3,
                0
            ],
            [
                5,
                1,
                0,
                0
            ],
            [
                5,
                4,
                43,
                15
            ],
            [
                5,
                3,
                44,
                30
            ],
            [
                5,
                3,
                44,
                30
            ],
            [
                5,
                2,
                0,
                0
            ],
            [
                6,
                4,
                43,
                15
            ],
            [
                6,
                3,
                43,
                29
            ],
            [
                6,
                3,
                43,
                29
            ],
            [
                6,
                2,
                1,
                0
            ],
            [
                6,
                3,
                43,
                29
            ],
            [
                7,
                2,
                7,
                5
            ],
            [
                7,
                2,
                5,
                3
            ],
            [
                7,
                2,
                5,
                3
            ],
            [
                7,
                3,
                43,
                29
            ],
            [
                7,
                4,
                43,
                15
            ],
            [
                7,
                3,
                43,
                29
            ],
            [
                7,
                2,
                30,
                28
            ],
            [
                7,
                2,
                14,
                12
            ],
            [
                7,
                3,
                43,
                29
            ],
            [
                7,
                4,
                43,
                15
            ],
            [
                7,
                2,
                15,
                13
            ],
            [
                7,
                3,
                43,
                29
            ],
            [
                8,
                2,
                15,
                11
            ],
            [
                8,
                2,
                33,
                29
            ],
            [
                8,
                2,
                40,
                36
            ],
            [
                8,
                2,
                39,
                35
            ],
            [
                8,
                2,
                39,
                35
            ],
            [
                9,
                2,
                33,
                29
            ],
            [
                9,
                2,
                14,
                10
            ],
            [
                9,
                4,
                42,
                14
            ],
            [
                9,
                2,
                6,
                2
            ],
            [
                9,
                4,
                42,
                14
            ],
            [
                10,
                3,
                49,
                35
            ],
            [
                10,
                4,
                45,
                17
            ],
            [
                10,
                2,
                39,
                37
            ],
            [
                10,
                2,
                18,
                16
            ],
            [
                10,
                2,
                18,
                16
            ],
            [
                10,
                4,
                44,
                16
            ],
            [
                11,
                3,
                44,
                30
            ],
            [
                11,
                2,
                20,
                18
            ],
            [
                11,
                3,
                49,
                35
            ],
            [
                11,
                3,
                48,
                34
            ],
            [
                12,
                3,
                44,
                30
            ],
            [
                12,
                4,
                44,
                16
            ],
            [
                12,
                3,
                43,
                29
            ],
            [
                12,
                4,
                42,
                14
            ],
            [
                13,
                3,
                41,
                27
            ],
            [
                13,
                2,
                19,
                15
            ],
            [
                13,
                2,
                36,
                32
            ],
            [
                13,
                4,
                43,
                15
            ],
            [
                14,
                3,
                40,
                26
            ],
            [
                14,
                2,
                35,
                31
            ],
            [
                14,
                2,
                38,
                34
            ],
            [
                14,
                2,
                38,
                34
            ],
            [
                14,
                3,
                40,
                26
            ],
            [
                14,
                4,
                35,
                7
            ],
            [
                14,
                2,
                39,
                35
            ],
            [
                14,
                2,
                39,
                35
            ],
            [
                14,
                3,
                41,
                27
            ],
            [
                15,
                2,
                22,
                20
            ],
            [
                15,
                2,
                42,
                40
            ],
            [
                15,
                3,
                52,
                38
            ],
            [
                15,
                3,
                49,
                35
            ],
            [
                15,
                4,
                49,
                21
            ],
            [
                15,
                4,
                49,
                21
            ],
            [
                15,
                3,
                52,
                38
            ],
            [
                16,
                3,
                52,
                38
            ],
            [
                16,
                2,
                41,
                39
            ],
            [
                16,
                3,
                48,
                34
            ],
            [
                16,
                2,
                42,
                40
            ],
            [
                16,
                4,
                50,
                22
            ],
            [
                16,
                2,
                43,
                41
            ],
            [
                16,
                2,
                44,
                42
            ],
            [
                16,
                2,
                44,
                42
            ],
            [
                16,
                2,
                15,
                13
            ],
            [
                16,
                4,
                50,
                22
            ],
            [
                17,
                4,
                47,
                19
            ],
            [
                17,
                4,
                50,
                22
            ],
            [
                17,
                4,
                50,
                22
            ],
            [
                17,
                3,
                47,
                33
            ],
            [
                17,
                2,
                43,
                41
            ],
            [
                17,
                3,
                49,
                35
            ],
            [
                17,
                2,
                44,
                42
            ],
            [
                17,
                2,
                44,
                42
            ],
            [
                17,
                3,
                48,
                34
            ],
            [
                17,
                2,
                44,
                42
            ],
            [
                18,
                2,
                46,
                42
            ],
            [
                18,
                2,
                46,
                42
            ],
            [
                18,
                1,
                43,
                43
            ],
            [
                18,
                2,
                46,
                42
            ],
            [
                18,
                2,
                46,
                42
            ],
            [
                18,
                3,
                53,
                39
            ],
            [
                19,
                3,
                49,
                35
            ],
            [
                19,
                4,
                45,
                17
            ],
            [
                19,
                3,
                47,
                33
            ],
            [
                19,
                2,
                4,
                0
            ],
            [
                19,
                4,
                46,
                18
            ],
            [
                19,
                4,
                46,
                18
            ],
            [
                19,
                2,
                12,
                8
            ],
            [
                19,
                4,
                46,
                18
            ],
            [
                19,
                4,
                46,
                18
            ],
            [
                19,
                4,
                48,
                20
            ],
            [
                20,
                3,
                53,
                39
            ],
            [
                20,
                4,
                51,
                23
            ],
            [
                20,
                3,
                53,
                39
            ],
            [
                20,
                3,
                58,
                44
            ],
            [
                20,
                4,
                56,
                28
            ],
            [
                20,
                4,
                52,
                24
            ],
            [
                20,
                3,
                58,
                44
            ],
            [
                20,
                2,
                10,
                8
            ],
            [
                21,
                2,
                45,
                43
            ],
            [
                21,
                3,
                52,
                38
            ],
            [
                21,
                4,
                59,
                31
            ],
            [
                21,
                4,
                55,
                27
            ],
            [
                21,
                4,
                51,
                23
            ],
            [
                21,
                4,
                52,
                24
            ],
            [
                21,
                2,
                9,
                7
            ],
            [
                22,
                2,
                47,
                45
            ],
            [
                22,
                4,
                57,
                29
            ],
            [
                22,
                2,
                47,
                45
            ],
            [
                22,
                4,
                55,
                27
            ],
            [
                22,
                2,
                47,
                45
            ],
            [
                22,
                3,
                49,
                35
            ],
            [
                23,
                3,
                49,
                35
            ],
            [
                23,
                3,
                49,
                35
            ],
            [
                23,
                3,
                50,
                36
            ],
            [
                23,
                2,
                14,
                10
            ],
            [
                23,
                4,
                55,
                27
            ],
            [
                23,
                4,
                54,
                26
            ],
            [
                23,
                3,
                54,
                40
            ],
            [
                24,
                2,
                20,
                16
            ],
            [
                24,
                4,
                47,
                19
            ],
            [
                24,
                3,
                45,
                31
            ],
            [
                24,
                2,
                46,
                42
            ],
            [
                25,
                3,
                57,
                43
            ],
            [
                25,
                2,
                46,
                44
            ],
            [
                26,
                2,
                24,
                22
            ],
            [
                26,
                2,
                41,
                39
            ],
            [
                26,
                2,
                48,
                46
            ],
            [
                26,
                2,
                48,
                46
            ],
            [
                26,
                2,
                49,
                47
            ],
            [
                26,
                4,
                56,
                28
            ],
            [
                27,
                4,
                55,
                27
            ],
            [
                27,
                4,
                55,
                27
            ],
            [
                27,
                3,
                55,
                41
            ],
            [
                27,
                2,
                51,
                49
            ],
            [
                27,
                2,
                49,
                47
            ],
            [
                27,
                4,
                55,
                27
            ],
            [
                27,
                3,
                56,
                42
            ],
            [
                27,
                4,
                56,
                28
            ],
            [
                27,
                3,
                55,
                41
            ],
            [
                28,
                2,
                53,
                49
            ],
            [
                28,
                3,
                55,
                41
            ],
            [
                28,
                3,
                55,
                41
            ],
            [
                28,
                2,
                53,
                49
            ],
            [
                28,
                2,
                53,
                49
            ],
            [
                28,
                2,
                53,
                49
            ],
            [
                29,
                2,
                53,
                49
            ],
            [
                29,
                2,
                53,
                49
            ],
            [
                29,
                2,
                53,
                49
            ],
            [
                29,
                3,
                54,
                40
            ]
        ],
        "lWaitDayByPriority": [
            6944,
            43,
            2336,
            2441,
            2124
        ],
        "objval": 2881.916233801248,
        "std_occupancy": 45.171643009480256
    },
    "runtime": 5.083826541900635,
    "simdays": 150,
    "solver": "weekly"
}