{
    "arrivalrate": 6.0,
    "ins_name": 110,
    "ins_path": null,
    "lNoNewPatients": [
        191,
        2,
        76,
        71,
        42
    ],
    "lNoPatients": [
        329,
        2,
        82,
        160,
        85
    ],
    "lNoSections": [
        2608,
        11,
        224,
        1549,
        824
    ],
    "mipgap": 1.0,
    "noLinacs": 4,
    "noSlotsPerDay": 120,
    "planningHorizon": 80,
    "runresult": {
        "avg_occupancy": 46.2375,
        "feasibility": true,
        "lAvgLateDayByPriority": [
            18.87958115183246,
            22.5,
            21.855263157894736,
            21.239436619718308,
            9.333333333333334
        ],
        "lAvgWaitDayByPriority": [
            30.486910994764397,
            22.5,
            24.223684210526315,
            34.478873239436616,
            35.45238095238095
        ],
        "lLateDayByPriority": [
            3606,
            45,
            1661,
            1508,
            392
        ],
        "lOccupancy": {
            "0": [
                0.0,
                0.0,
                0.0,
                0.0,
                0.0,
                0.0,
                0.0,
                0.0,
                0.0,
                0.0,
                0.0,
                0.0,
                0.0,
                0.0,
                0.0,
                0.0,
                0.0,
                1.25,
                0.0,
                0.0,
                0.0,
                0.0,
                0.0,
                0.0,
                0.0,
                0.0,
                0.0,
                0.0,
                0.0,
                0.0,
                0.0,
                0.0,
                0.0,
                0.0,
                0.0,
                0.0,
                0.0,
                0.0,
                0.0,
                0.0,
                0.0,
                0.0,
                0.0,
                0.0,
                0.0,
                0.0,
                0.0,
                0.0,
                0.0,
                0.0,
                0.0,
                0.0,
                1.0416666666666665,
                1.0416666666666665,
                1.0416666666666665,
                1.0416666666666665,
                1.0416666666666665,
                1.0416666666666665,
                1.0416666666666665,
                1.0416666666666665,
                1.0416666666666665,
                1.0416666666666665,
                0.0,
                0.0,
                0.0,
                0.0,
                0.0,
                0.0,
                0.0,
                0.0,
                0.0,
                0.0,
                0.0,
                0.0,
                0.0,
                0.0,
                0.0,
                0.0,
                0.0,
                0.0,
                0.0,
                0.0,
                0.0,
                0.0,
                0.0,
                0.0,
                0.0,
                0.0,
                0.0,
                0.0,
                0.0,
                0.0,
                0.0,
                0.0,
                0.0,
                0.0,
                0.0,
                0.0,
                0.0,
                0.0,
                0.0,
                0.0,
                0.0,
                0.0,
                0.0,
                0.0,
                0.0,
                0.0,
                0.0,
                0.0,
                0.0,
                0.0,
                0.0,
                0.0,
                0.0,
                0.0,
                0.0,
                0.0,
                0.0,
                0.0,
                0.0,
                0.0,
                0.0,
                0.0,
                0.0,
                0.0,
                0.0,
                0.0,
                0.0,
                0.0,
                0.0,
                0.0,
                0.0,
                0.0,
                0.0,
                0.0,
                0.0,
                0.0,
                0.0,
                0.0,
                0.0,
                0.0,
                0.0,
                0.0,
                0.0,
                0.0,
                0.0,
                0.0,
                0.0,
                0.0
            ],
            "1": [
                10.0,
                5.416666666666667,
                10.625,
                10.833333333333334,
                11.458333333333332,
                12.916666666666668,
                7.083333333333333,
                2.9166666666666665,
                2.9166666666666665,
                2.9166666666666665,
                2.5,
                5.625,
                3.75,
                1.25,
                1.875,
                2.083333333333333,
                2.5,
                0.0,
                1.4583333333333333,
                1.4583333333333333,
                3.958333333333333,
                2.7083333333333335,
                1.4583333333333333,
                1.4583333333333333,
                1.4583333333333333,
                1.4583333333333333,
                1.4583333333333333,
                3.3333333333333335,
                2.7083333333333335,
                3.125,
                3.125,
                3.125,
                3.3333333333333335,
                4.791666666666667,
                4.791666666666667,
                4.791666666666667,
                4.375,
                5.625,
                6.666666666666667,
                8.333333333333332,
                12.083333333333334,
                9.791666666666666,
                14.374999999999998,
                17.291666666666668,
                12.5,
                15.208333333333332,
                9.166666666666666,
                8.958333333333334,
                7.291666666666667,
                12.083333333333334,
                8.958333333333334,
                10.625,
                11.458333333333332,
                8.333333333333332,
                10.0,
                15.625,
                11.458333333333332,
                9.791666666666666,
                8.125,
                4.791666666666667,
                1.6666666666666667,
                0.0,
                0.0,
                0.0,
                0.0,
                0.0,
                0.0,
                0.0,
                0.0,
                0.0,
                0.0,
                0.0,
                0.0,
                0.0,
                0.0,
                0.0,
                0.0,
                0.0,
                0.0,
                0.0,
                0.0,
                0.0,
                0.0,
                0.0,
                0.0,
                0.0,
                0.0,
                0.0,
                0.0,
                0.0,
                0.0,
                0.0,
                0.0,
                0.0,
                0.0,
                0.0,
                0.0,
                0.0,
                0.0,
                0.0,
                0.0,
                0.0,
                0.0,
                0.0,
                0.0,
                0.0,
                0.0,
                0.0,
                0.0,
                0.0,
                0.0,
                0.0,
                0.0,
                0.0,
                0.0,
                0.0,
                0.0,
                0.0,
                0.0,
                0.0,
                0.0,
                0.0,
                0.0,
                0.0,
                0.0,
                0.0,
                0.0,
                0.0,
                0.0,
                0.0,
                0.0,
                0.0,
                0.0,
                0.0,
                0.0,
                0.0,
                0.0,
                0.0,
                0.0,
                0.0,
                0.0,
                0.0,
                0.0,
                0.0,
                0.0,
                0.0,
                0.0,
                0.0,
                0.0,
                0.0
            ],
            "2": [
                70.20833333333333,
                67.5,
                68.125,
                68.75,
                68.125,
                72.5,
                75.0,
                76.45833333333333,
                69.375,
                64.79166666666667,
                58.958333333333336,
                52.916666666666664,
                50.83333333333333,
                53.95833333333333,
                53.95833333333333,
                56.875,
                56.458333333333336,
                58.333333333333336,
                56.875,
                55.00000000000001,
                53.541666666666664,
                51.66666666666667,
                53.95833333333333,
                55.208333333333336,
                55.625,
                58.333333333333336,
                56.25,
                53.95833333333333,
                56.458333333333336,
                52.708333333333336,
                50.83333333333333,
                53.333333333333336,
                53.333333333333336,
                56.041666666666664,
                56.25,
                59.375,
                60.62499999999999,
                61.25000000000001,
                57.91666666666667,
                57.49999999999999,
                57.49999999999999,
                59.583333333333336,
                59.791666666666664,
                57.91666666666667,
                61.458333333333336,
                59.375,
                67.08333333333333,
                67.08333333333333,
                67.08333333333333,
                58.958333333333336,
                60.62499999999999,
                60.62499999999999,
                60.62499999999999,
                59.166666666666664,
                58.75,
                53.333333333333336,
                56.041666666666664,
                57.70833333333333,
                56.25,
                56.25,
                54.79166666666667,
                51.45833333333333,
                48.333333333333336,
                48.333333333333336,
                46.875,
                46.875,
                37.916666666666664,
                34.791666666666664,
                30.0,
                28.333333333333332,
                28.333333333333332,
                28.333333333333332,
                23.541666666666668,
                20.416666666666668,
                17.083333333333332,
                13.750000000000002,
                13.750000000000002,
                13.750000000000002,
                12.083333333333334,
                12.083333333333334,
                12.083333333333334,
                10.833333333333334,
                10.833333333333334,
                10.833333333333334,
                10.833333333333334,
                7.916666666666666,
                7.916666666666666,
                6.666666666666667,
                5.416666666666667,
                2.5,
                2.5,
                1.25,
                0.0,
                0.0,
                0.0,
                0.0,
                0.0,
                0.0,
                0.0,
                0.0,
                0.0,
                0.0,
                0.0,
                0.0,
                0.0,
                0.0,
                0.0,
                0.0,
                0.0,
                0.0,
                0.0,
                0.0,
                0.0,
                0.0,
                0.0,
                0.0,
                0.0,
                0.0,
                0.0,
                0.0,
                0.0,
                0.0,
                0.0,
                0.0,
                0.0,
                0.0,
                0.0,
                0.0,
                0.0,
                0.0,
                0.0,
                0.0,
                0.0,
                0.0,
                0.0,
                0.0,
                0.0,
                0.0,
                0.0,
                0.0,
                0.0,
                0.0,
                0.0,
                0.0,
                0.0,
                0.0,
                0.0,
                0.0,
                0.0,
                0.0
            ],
            "3": [
                13.541666666666666,
                14.374999999999998,
                14.374999999999998,
                12.916666666666668,
                14.374999999999998,
                14.374999999999998,
                17.291666666666668,
                18.75,
                25.624999999999996,
                30.0,
                37.291666666666664,
                40.833333333333336,
                44.583333333333336,
                42.70833333333333,
                42.70833333333333,
                39.166666666666664,
                39.166666666666664,
                39.166666666666664,
                40.208333333333336,
                41.25,
                41.25,
                45.0,
                42.291666666666664,
                41.875,
                41.875,
                39.166666666666664,
                41.66666666666667,
                41.66666666666667,
                40.208333333333336,
                43.541666666666664,
                44.583333333333336,
                42.083333333333336,
                42.083333333333336,
                38.125,
                38.333333333333336,
                34.375,
                34.583333333333336,
                32.708333333333336,
                35.0,
                33.541666666666664,
                29.375,
                29.791666666666668,
                25.0,
                23.958333333333336,
                23.958333333333336,
                24.791666666666668,
                22.916666666666664,
                22.916666666666664,
                23.541666666666668,
                25.208333333333332,
                27.291666666666664,
                26.25,
                26.458333333333332,
                29.583333333333332,
                28.541666666666664,
                26.25,
                27.291666666666664,
                26.666666666666668,
                28.541666666666664,
                28.958333333333336,
                27.916666666666668,
                27.916666666666668,
                21.875,
                21.875,
                20.833333333333336,
                19.791666666666664,
                19.791666666666664,
                19.791666666666664,
                18.125,
                16.458333333333332,
                14.791666666666666,
                14.791666666666666,
                13.541666666666666,
                13.541666666666666,
                12.083333333333334,
                12.083333333333334,
                12.083333333333334,
                9.791666666666666,
                7.291666666666667,
                5.208333333333334,
                5.208333333333334,
                5.208333333333334,
                5.208333333333334,
                4.166666666666666,
                4.166666666666666,
                4.166666666666666,
                1.0416666666666665,
                1.0416666666666665,
                1.0416666666666665,
                1.0416666666666665,
                1.0416666666666665,
                1.0416666666666665,
                0.0,
                0.0,
                0.0,
                0.0,
                0.0,
                0.0,
                0.0,
                0.0,
                0.0,
                0.0,
                0.0,
                0.0,
                0.0,
                0.0,
                0.0,
                0.0,
                0.0,
                0.0,
                0.0,
                0.0,
                0.0,
                0.0,
                0.0,
                0.0,
                0.0,
                0.0,
                0.0,
                0.0,
                0.0,
                0.0,
                0.0,
                0.0,
                0.0,
                0.0,
                0.0,
                0.0,
                0.0,
                0.0,
                0.0,
                0.0,
                0.0,
                0.0,
                0.0,
                0.0,
                0.0,
                0.0,
                0.0,
                0.0,
                0.0,
                0.0,
                0.0,
                0.0,
                0.0,
                0.0,
                0.0,
                0.0,
                0.0,
                0.0
            ],
            "overall": [
                93.75,
                87.29166666666667,
                93.125,
                92.5,
                93.95833333333333,
                99.79166666666667,
                99.375,
                98.125,
                97.91666666666667,
                97.70833333333334,
                98.75,
                99.375,
                99.16666666666666,
                97.91666666666666,
                98.54166666666666,
                98.125,
                98.125,
                98.75,
                98.54166666666667,
                97.70833333333334,
                98.75,
                99.375,
                97.70833333333333,
                98.54166666666667,
                98.95833333333334,
                98.95833333333334,
                99.375,
                98.95833333333334,
                99.375,
                99.375,
                98.54166666666666,
                98.54166666666667,
                98.75,
                98.95833333333333,
                99.375,
                98.54166666666667,
                99.58333333333334,
                99.58333333333334,
                99.58333333333334,
                99.375,
                98.95833333333333,
                99.16666666666667,
                99.16666666666666,
                99.16666666666669,
                97.91666666666669,
                99.375,
                99.16666666666666,
                98.95833333333331,
                97.91666666666667,
                96.25,
                96.875,
                97.5,
                99.58333333333331,
                98.12499999999999,
                98.33333333333334,
                96.25,
                95.83333333333331,
                95.20833333333333,
                93.95833333333334,
                91.04166666666667,
                85.41666666666667,
                80.41666666666666,
                70.20833333333334,
                70.20833333333334,
                67.70833333333334,
                66.66666666666666,
                57.70833333333333,
                54.58333333333333,
                48.125,
                44.791666666666664,
                43.125,
                43.125,
                37.083333333333336,
                33.958333333333336,
                29.166666666666664,
                25.833333333333336,
                25.833333333333336,
                23.541666666666668,
                19.375,
                17.291666666666668,
                17.291666666666668,
                16.041666666666668,
                16.041666666666668,
                15.0,
                15.0,
                12.083333333333332,
                8.958333333333332,
                7.708333333333334,
                6.458333333333334,
                3.5416666666666665,
                3.5416666666666665,
                2.2916666666666665,
                0.0,
                0.0,
                0.0,
                0.0,
                0.0,
                0.0,
                0.0,
                0.0,
                0.0,
                0.0,
                0.0,
                0.0,
                0.0,
                0.0,
                0.0,
                0.0,
                0.0,
                0.0,
                0.0,
                0.0,
                0.0,
                0.0,
                0.0,
                0.0,
                0.0,
                0.0,
                0.0,
                0.0,
                0.0,
                0.0,
                0.0,
                0.0,
                0.0,
                0.0,
                0.0,
                0.0,
                0.0,
                0.0,
                0.0,
                0.0,
                0.0,
                0.0,
                0.0,
                0.0,
                0.0,
                0.0,
                0.0,
                0.0,
                0.0,
                0.0,
                0.0,
                0.0,
                0.0,
                0.0,
                0.0,
                0.0,
                0.0,
                0.0
            ]
        },
        "lWaitAndOverdue": [
            [
                0,
                3,
                7,
                0
            ],
            [
                0,
                4,
                14,
                0
            ],
            [
                0,
                3,
                7,
                0
            ],
            [
                0,
                2,
                2,
                0
            ],
            [
                0,
                3,
                7,
                0
            ],
            [
                0,
                2,
                2,
                0
            ],
            [
                0,
                2,
                0,
                0
            ],
            [
                0,
                4,
                14,
                0
            ],
            [
                0,
                4,
                14,
                0
            ],
            [
                1,
                3,
                7,
                0
            ],
            [
                1,
                2,
                1,
                0
            ],
            [
                1,
                2,
                2,
                0
            ],
            [
                1,
                3,
                7,
                0
            ],
            [
                1,
                4,
                14,
                0
            ],
            [
                1,
                3,
                7,
                0
            ],
            [
                1,
                4,
                14,
                0
            ],
            [
                1,
                3,
                20,
                6
            ],
            [
                1,
                3,
                9,
                0
            ],
            [
                2,
                3,
                7,
                0
            ],
            [
                2,
                3,
                21,
                7
            ],
            [
                2,
                3,
                33,
                19
            ],
            [
                2,
                2,
                0,
                0
            ],
            [
                2,
                4,
                34,
                6
            ],
            [
                2,
                2,
                0,
                0
            ],
            [
                2,
                4,
                34,
                6
            ],
            [
                2,
                2,
                2,
                0
            ],
            [
                3,
                3,
                33,
                19
            ],
            [
                3,
                2,
                4,
                0
            ],
            [
                3,
                2,
                0,
                0
            ],
            [
                3,
                3,
                33,
                19
            ],
            [
                3,
                4,
                34,
                6
            ],
            [
                3,
                3,
                34,
                20
            ],
            [
                3,
                3,
                34,
                20
            ],
            [
                3,
                3,
                35,
                21
            ],
            [
                3,
                2,
                4,
                0
            ],
            [
                3,
                3,
                35,
                21
            ],
            [
                4,
                3,
                34,
                20
            ],
            [
                4,
                2,
                0,
                0
            ],
            [
                4,
                3,
                34,
                20
            ],
            [
                4,
                3,
                34,
                20
            ],
            [
                4,
                2,
                7,
                3
            ],
            [
                4,
                2,
                20,
                16
            ],
            [
                4,
                4,
                35,
                7
            ],
            [
                5,
                2,
                1,
                0
            ],
            [
                5,
                4,
                35,
                7
            ],
            [
                5,
                4,
                29,
                1
            ],
            [
                5,
                4,
                32,
                4
            ],
            [
                5,
                3,
                36,
                22
            ],
            [
                5,
                3,
                36,
                22
            ],
            [
                5,
                3,
                36,
                22
            ],
            [
                6,
                2,
                3,
                1
            ],
            [
                6,
                3,
                36,
                22
            ],
            [
                6,
                3,
                37,
                23
            ],
            [
                6,
                2,
                7,
                5
            ],
            [
                6,
                2,
                23,
                21
            ],
            [
                6,
                3,
                37,
                23
            ],
            [
                6,
                3,
                37,
                23
            ],
            [
                7,
                3,
                37,
                23
            ],
            [
                7,
                3,
                36,
                22
            ],
            [
                7,
                2,
                5,
                3
            ],
            [
                7,
                2,
                7,
                5
            ],
            [
                7,
                2,
                9,
                7
            ],
            [
                7,
                4,
                37,
                9
            ],
            [
                7,
                2,
                13,
                11
            ],
            [
                7,
                3,
                40,
                26
            ],
            [
                7,
                4,
                37,
                9
            ],
            [
                7,
                2,
                6,
                4
            ],
            [
                7,
                3,
                40,
                26
            ],
            [
                7,
                2,
                30,
                28
            ],
            [
                8,
                3,
                40,
                26
            ],
            [
                8,
                3,
                39,
                25
            ],
            [
                8,
                2,
                18,
                14
            ],
            [
                8,
                4,
                19,
                0
            ],
            [
                8,
                3,
                40,
                26
            ],
            [
                8,
                2,
                34,
                30
            ],
            [
                8,
                4,
                40,
                12
            ],
            [
                9,
                3,
                39,
                25
            ],
            [
                9,
                3,
                40,
                26
            ],
            [
                9,
                3,
                40,
                26
            ],
            [
                9,
                3,
                40,
                26
            ],
            [
                9,
                3,
                41,
                27
            ],
            [
                10,
                3,
                38,
                24
            ],
            [
                10,
                2,
                32,
                30
            ],
            [
                10,
                2,
                31,
                29
            ],
            [
                10,
                2,
                35,
                33
            ],
            [
                10,
                2,
                37,
                35
            ],
            [
                10,
                2,
                7,
                5
            ],
            [
                10,
                1,
                9,
                9
            ],
            [
                10,
                4,
                38,
                10
            ],
            [
                11,
                3,
                37,
                23
            ],
            [
                11,
                3,
                37,
                23
            ],
            [
                11,
                2,
                14,
                12
            ],
            [
                11,
                4,
                37,
                9
            ],
            [
                12,
                3,
                37,
                23
            ],
            [
                12,
                3,
                37,
                23
            ],
            [
                13,
                2,
                4,
                0
            ],
            [
                13,
                3,
                35,
                21
            ],
            [
                13,
                2,
                35,
                31
            ],
            [
                14,
                2,
                19,
                15
            ],
            [
                14,
                2,
                20,
                16
            ],
            [
                14,
                3,
                39,
                25
            ],
            [
                14,
                4,
                38,
                10
            ],
            [
                14,
                3,
                39,
                25
            ],
            [
                14,
                2,
                35,
                31
            ],
            [
                14,
                2,
                38,
                34
            ],
            [
                14,
                3,
                39,
                25
            ],
            [
                14,
                4,
                39,
                11
            ],
            [
                15,
                2,
                35,
                33
            ],
            [
                15,
                3,
                37,
                23
            ],
            [
                15,
                2,
                31,
                29
            ],
            [
                15,
                2,
                36,
                34
            ],
            [
                15,
                2,
                38,
                36
            ],
            [
                15,
                2,
                36,
                34
            ],
            [
                15,
                2,
                37,
                35
            ],
            [
                15,
                2,
                38,
                36
            ],
            [
                16,
                2,
                31,
                29
            ],
            [
                16,
                4,
                37,
                9
            ],
            [
                16,
                2,
                28,
                26
            ],
            [
                16,
                4,
                38,
                10
            ],
            [
                16,
                3,
                38,
                24
            ],
            [
                16,
                4,
                37,
                9
            ],
            [
                17,
                2,
                36,
                34
            ],
            [
                17,
                2,
                30,
                28
            ],
            [
                17,
                2,
                33,
                31
            ],
            [
                17,
                4,
                37,
                9
            ],
            [
                17,
                3,
                37,
                23
            ],
            [
                18,
                2,
                33,
                29
            ],
            [
                18,
                3,
                40,
                26
            ],
            [
                18,
                3,
                40,
                26
            ],
            [
                18,
                3,
                40,
                26
            ],
            [
                18,
                4,
                42,
                14
            ],
            [
                19,
                3,
                41,
                27
            ],
            [
                19,
                4,
                38,
                10
            ],
            [
                19,
                3,
                41,
                27
            ],
            [
                19,
                2,
                33,
                29
            ],
            [
                19,
                2,
                35,
                31
            ],
            [
                19,
                4,
                42,
                14
            ],
            [
                19,
                3,
                42,
                28
            ],
            [
                19,
                2,
                33,
                29
            ],
            [
                20,
                2,
                35,
                33
            ],
            [
                20,
                2,
                36,
                34
            ],
            [
                20,
                3,
                39,
                25
            ],
            [
                20,
                4,
                42,
                14
            ],
            [
                20,
                2,
                39,
                37
            ],
            [
                20,
                2,
                39,
                37
            ],
            [
                20,
                3,
                42,
                28
            ],
            [
                21,
                2,
                31,
                29
            ],
            [
                21,
                2,
                29,
                27
            ],
            [
                21,
                3,
                41,
                27
            ],
            [
                21,
                3,
                43,
                29
            ],
            [
                21,
                4,
                41,
                13
            ],
            [
                21,
                4,
                41,
                13
            ],
            [
                21,
                3,
                43,
                29
            ],
            [
                21,
                3,
                43,
                29
            ],
            [
                22,
                2,
                40,
                38
            ],
            [
                22,
                3,
                42,
                28
            ],
            [
                22,
                2,
                41,
                39
            ],
            [
                22,
                4,
                42,
                14
            ],
            [
                22,
                2,
                33,
                31
            ],
            [
                22,
                2,
                42,
                40
            ],
            [
                23,
                2,
                41,
                37
            ],
            [
                23,
                2,
                26,
                22
            ],
            [
                23,
                4,
                42,
                14
            ],
            [
                23,
                4,
                42,
                14
            ],
            [
                24,
                4,
                41,
                13
            ],
            [
                24,
                4,
                41,
                13
            ],
            [
                24,
                3,
                42,
                28
            ],
            [
                24,
                2,
                33,
                29
            ],
            [
                24,
                3,
                45,
                31
            ],
            [
                24,
                2,
                40,
                36
            ],
            [
                25,
                2,
                38,
                36
            ],
            [
                25,
                3,
                43,
                29
            ],
            [
                25,
                2,
                42,
                40
            ],
            [
                25,
                2,
                39,
                37
            ],
            [
                25,
                2,
                42,
                40
            ],
            [
                26,
                1,
                36,
                36
            ],
            [
                26,
                2,
                42,
                40
            ],
            [
                27,
                2,
                41,
                39
            ],
            [
                27,
                3,
                41,
                27
            ],
            [
                27,
                3,
                42,
                28
            ],
            [
                27,
                4,
                43,
                15
            ],
            [
                27,
                3,
                41,
                27
            ],
            [
                27,
                2,
                21,
                19
            ],
            [
                27,
                4,
                41,
                13
            ],
            [
                27,
                4,
                42,
                14
            ],
            [
                27,
                2,
                21,
                19
            ],
            [
                27,
                4,
                44,
                16
            ],
            [
                27,
                4,
                44,
                16
            ],
            [
                29,
                4,
                42,
                14
            ],
            [
                29,
                3,
                42,
                28
            ],
            [
                29,
                4,
                42,
                14
            ]
        ],
        "lWaitDayByPriority": [
            5823,
            45,
            1841,
            2448,
            1489
        ],
        "objval": 2812.096129408027,
        "std_occupancy": 45.31404199164284
    },
    "runtime": 0.7369778156280518,
    "simdays": 150,
    "solver": "daily_greedy"
}