{
    "arrivalrate": 6.0,
    "ins_name": 160,
    "ins_path": null,
    "lNoNewPatients": [
        166,
        2,
        69,
        53,
        42
    ],
    "lNoPatients": [
        340,
        2,
        77,
        163,
        98
    ],
    "lNoSections": [
        2092,
        11,
        216,
        1096,
        769
    ],
    "mipgap": 1.0,
    "noLinacs": 4,
    "noSlotsPerDay": 120,
    "planningHorizon": 80,
    "runresult": {
        "avg_occupancy": 48.91250000000001,
        "feasibility": true,
        "lAvgLateDayByPriority": [
            21.42168674698795,
            20.5,
            23.884057971014492,
            23.132075471698112,
            15.261904761904763
        ],
        "lAvgWaitDayByPriority": [
            33.5722891566265,
            20.5,
            26.463768115942027,
            36.132075471698116,
            42.642857142857146
        ],
        "lLateDayByPriority": [
            3556,
            41,
            1648,
            1226,
            641
        ],
        "lOccupancy": {
            "0": [
                0.0,
                0.0,
                0.0,
                1.25,
                0.0,
                0.0,
                0.0,
                0.0,
                0.0,
                0.0,
                0.0,
                0.0,
                0.0,
                0.0,
                0.0,
                0.0,
                0.0,
                0.0,
                0.0,
                0.0,
                0.0,
                0.0,
                0.0,
                0.0,
                0.0,
                0.0,
                0.0,
                0.0,
                0.0,
                0.0,
                0.0,
                0.0,
                0.0,
                0.0,
                0.0,
                0.0,
                0.0,
                0.0,
                0.0,
                0.0,
                0.0,
                0.0,
                0.0,
                0.0,
                0.0,
                0.0,
                0.0,
                0.0,
                0.0,
                0.0,
                1.0416666666666665,
                1.0416666666666665,
                1.0416666666666665,
                1.0416666666666665,
                1.0416666666666665,
                1.0416666666666665,
                1.0416666666666665,
                1.0416666666666665,
                1.0416666666666665,
                1.0416666666666665,
                0.0,
                0.0,
                0.0,
                0.0,
                0.0,
                0.0,
                0.0,
                0.0,
                0.0,
                0.0,
                0.0,
                0.0,
                0.0,
                0.0,
                0.0,
                0.0,
                0.0,
                0.0,
                0.0,
                0.0,
                0.0,
                0.0,
                0.0,
                0.0,
                0.0,
                0.0,
                0.0,
                0.0,
                0.0,
                0.0,
                0.0,
                0.0,
                0.0,
                0.0,
                0.0,
                0.0,
                0.0,
                0.0,
                0.0,
                0.0,
                0.0,
                0.0,
                0.0,
                0.0,
                0.0,
                0.0,
                0.0,
                0.0,
                0.0,
                0.0,
                0.0,
                0.0,
                0.0,
                0.0,
                0.0,
                0.0,
                0.0,
                0.0,
                0.0,
                0.0,
                0.0,
                0.0,
                0.0,
                0.0,
                0.0,
                0.0,
                0.0,
                0.0,
                0.0,
                0.0,
                0.0,
                0.0,
                0.0,
                0.0,
                0.0,
                0.0,
                0.0,
                0.0,
                0.0,
                0.0,
                0.0,
                0.0,
                0.0,
                0.0,
                0.0,
                0.0,
                0.0,
                0.0,
                0.0,
                0.0
            ],
            "1": [
                11.458333333333332,
                12.708333333333332,
                7.708333333333334,
                7.5,
                6.25,
                8.75,
                10.0,
                5.625,
                1.4583333333333333,
                1.25,
                1.875,
                1.875,
                1.25,
                2.9166666666666665,
                1.6666666666666667,
                1.6666666666666667,
                1.6666666666666667,
                1.6666666666666667,
                1.0416666666666665,
                1.0416666666666665,
                2.2916666666666665,
                1.0416666666666665,
                2.083333333333333,
                1.25,
                1.25,
                1.25,
                1.25,
                2.5,
                1.25,
                2.5,
                1.6666666666666667,
                1.4583333333333333,
                1.6666666666666667,
                1.6666666666666667,
                1.6666666666666667,
                1.6666666666666667,
                4.791666666666667,
                9.791666666666666,
                8.125,
                12.083333333333334,
                9.583333333333334,
                9.583333333333334,
                9.375,
                6.25,
                6.25,
                9.166666666666666,
                16.875,
                16.666666666666664,
                10.208333333333334,
                8.958333333333334,
                6.041666666666667,
                8.125,
                13.750000000000002,
                9.791666666666666,
                9.791666666666666,
                8.333333333333332,
                4.375,
                4.375,
                6.458333333333334,
                9.791666666666666,
                10.0,
                8.958333333333334,
                5.208333333333334,
                3.958333333333333,
                3.958333333333333,
                1.0416666666666665,
                1.0416666666666665,
                1.0416666666666665,
                1.0416666666666665,
                1.0416666666666665,
                0.0,
                0.0,
                0.0,
                0.0,
                0.0,
                0.0,
                0.0,
                0.0,
                0.0,
                0.0,
                0.0,
                0.0,
                0.0,
                0.0,
                0.0,
                0.0,
                0.0,
                0.0,
                0.0,
                0.0,
                0.0,
                0.0,
                0.0,
                0.0,
                0.0,
                0.0,
                0.0,
                0.0,
                0.0,
                0.0,
                0.0,
                0.0,
                0.0,
                0.0,
                0.0,
                0.0,
                0.0,
                0.0,
                0.0,
                0.0,
                0.0,
                0.0,
                0.0,
                0.0,
                0.0,
                0.0,
                0.0,
                0.0,
                0.0,
                0.0,
                0.0,
                0.0,
                0.0,
                0.0,
                0.0,
                0.0,
                0.0,
                0.0,
                0.0,
                0.0,
                0.0,
                0.0,
                0.0,
                0.0,
                0.0,
                0.0,
                0.0,
                0.0,
                0.0,
                0.0,
                0.0,
                0.0,
                0.0,
                0.0,
                0.0,
                0.0,
                0.0,
                0.0,
                0.0,
                0.0
            ],
            "2": [
                67.70833333333334,
                69.375,
                66.66666666666666,
                66.25,
                67.91666666666667,
                68.75,
                61.04166666666667,
                59.791666666666664,
                63.541666666666664,
                62.5,
                60.83333333333333,
                59.791666666666664,
                60.62499999999999,
                58.75,
                60.20833333333333,
                62.291666666666664,
                62.291666666666664,
                58.958333333333336,
                58.958333333333336,
                58.958333333333336,
                57.70833333333333,
                60.0,
                60.83333333333333,
                56.666666666666664,
                59.375,
                57.291666666666664,
                58.75,
                58.54166666666667,
                58.75,
                58.333333333333336,
                56.875,
                61.458333333333336,
                63.541666666666664,
                56.25,
                57.70833333333333,
                57.91666666666667,
                55.00000000000001,
                51.87500000000001,
                58.54166666666667,
                54.166666666666664,
                56.666666666666664,
                58.12500000000001,
                56.666666666666664,
                60.83333333333333,
                64.58333333333334,
                63.125,
                57.49999999999999,
                56.25,
                56.875,
                56.875,
                61.04166666666667,
                59.583333333333336,
                56.666666666666664,
                55.41666666666667,
                55.41666666666667,
                55.208333333333336,
                58.333333333333336,
                57.70833333333333,
                57.70833333333333,
                54.79166666666667,
                56.458333333333336,
                58.958333333333336,
                58.75,
                56.875,
                51.66666666666667,
                50.0,
                48.541666666666664,
                47.083333333333336,
                38.125,
                35.0,
                31.874999999999996,
                25.208333333333332,
                25.208333333333332,
                20.833333333333336,
                20.833333333333336,
                20.833333333333336,
                20.833333333333336,
                20.833333333333336,
                20.833333333333336,
                20.833333333333336,
                18.333333333333332,
                16.041666666666668,
                16.041666666666668,
                14.374999999999998,
                14.374999999999998,
                14.374999999999998,
                10.208333333333334,
                8.958333333333334,
                6.458333333333334,
                6.458333333333334,
                2.9166666666666665,
                1.6666666666666667,
                1.6666666666666667,
                1.6666666666666667,
                1.6666666666666667,
                0.0,
                0.0,
                0.0,
                0.0,
                0.0,
                0.0,
                0.0,
                0.0,
                0.0,
                0.0,
                0.0,
                0.0,
                0.0,
                0.0,
                0.0,
                0.0,
                0.0,
                0.0,
                0.0,
                0.0,
                0.0,
                0.0,
                0.0,
                0.0,
                0.0,
                0.0,
                0.0,
                0.0,
                0.0,
                0.0,
                0.0,
                0.0,
                0.0,
                0.0,
                0.0,
                0.0,
                0.0,
                0.0,
                0.0,
                0.0,
                0.0,
                0.0,
                0.0,
                0.0,
                0.0,
                0.0,
                0.0,
                0.0,
                0.0,
                0.0,
                0.0,
                0.0,
                0.0,
                0.0,
                0.0
            ],
            "3": [
                15.416666666666668,
                13.958333333333334,
                15.416666666666668,
                15.416666666666668,
                18.333333333333332,
                20.208333333333332,
                27.083333333333332,
                33.33333333333333,
                32.916666666666664,
                34.375,
                36.25,
                37.291666666666664,
                37.083333333333336,
                37.083333333333336,
                37.083333333333336,
                34.166666666666664,
                34.166666666666664,
                37.708333333333336,
                37.708333333333336,
                38.333333333333336,
                37.916666666666664,
                36.45833333333333,
                36.45833333333333,
                40.833333333333336,
                38.75,
                39.791666666666664,
                38.333333333333336,
                38.333333333333336,
                38.333333333333336,
                38.54166666666667,
                40.0,
                36.041666666666664,
                33.125,
                40.208333333333336,
                39.791666666666664,
                40.0,
                38.54166666666667,
                37.291666666666664,
                32.708333333333336,
                32.5,
                32.916666666666664,
                31.25,
                33.125,
                30.625000000000004,
                28.125,
                26.666666666666668,
                25.416666666666664,
                26.458333333333332,
                32.083333333333336,
                33.33333333333333,
                31.25,
                30.0,
                28.125,
                32.29166666666667,
                32.29166666666667,
                34.583333333333336,
                35.833333333333336,
                35.833333333333336,
                33.33333333333333,
                33.33333333333333,
                30.833333333333336,
                28.333333333333332,
                30.833333333333336,
                34.166666666666664,
                38.54166666666667,
                38.54166666666667,
                30.416666666666664,
                28.541666666666664,
                25.624999999999996,
                25.624999999999996,
                25.624999999999996,
                22.916666666666664,
                22.916666666666664,
                17.291666666666668,
                16.041666666666668,
                16.041666666666668,
                16.041666666666668,
                16.041666666666668,
                14.374999999999998,
                13.125,
                13.125,
                7.916666666666666,
                6.875000000000001,
                5.833333333333333,
                4.583333333333333,
                4.583333333333333,
                4.583333333333333,
                1.0416666666666665,
                0.0,
                0.0,
                0.0,
                0.0,
                0.0,
                0.0,
                0.0,
                0.0,
                0.0,
                0.0,
                0.0,
                0.0,
                0.0,
                0.0,
                0.0,
                0.0,
                0.0,
                0.0,
                0.0,
                0.0,
                0.0,
                0.0,
                0.0,
                0.0,
                0.0,
                0.0,
                0.0,
                0.0,
                0.0,
                0.0,
                0.0,
                0.0,
                0.0,
                0.0,
                0.0,
                0.0,
                0.0,
                0.0,
                0.0,
                0.0,
                0.0,
                0.0,
                0.0,
                0.0,
                0.0,
                0.0,
                0.0,
                0.0,
                0.0,
                0.0,
                0.0,
                0.0,
                0.0,
                0.0,
                0.0,
                0.0,
                0.0,
                0.0,
                0.0,
                0.0,
                0.0,
                0.0
            ],
            "overall": [
                94.58333333333334,
                96.04166666666666,
                89.79166666666666,
                90.41666666666667,
                92.5,
                97.70833333333333,
                98.125,
                98.74999999999999,
                97.91666666666666,
                98.125,
                98.95833333333333,
                98.95833333333333,
                98.95833333333333,
                98.75,
                98.95833333333333,
                98.125,
                98.125,
                98.33333333333334,
                97.70833333333334,
                98.33333333333334,
                97.91666666666666,
                97.5,
                99.375,
                98.75,
                99.375,
                98.33333333333333,
                98.33333333333334,
                99.375,
                98.33333333333334,
                99.375,
                98.54166666666666,
                98.95833333333334,
                98.33333333333333,
                98.125,
                99.16666666666666,
                99.58333333333334,
                98.33333333333334,
                98.95833333333334,
                99.375,
                98.75,
                99.16666666666666,
                98.95833333333334,
                99.16666666666666,
                97.70833333333333,
                98.95833333333334,
                98.95833333333334,
                99.79166666666666,
                99.37499999999999,
                99.16666666666666,
                99.16666666666666,
                99.375,
                98.75,
                99.58333333333333,
                98.54166666666667,
                98.54166666666667,
                99.16666666666666,
                99.58333333333334,
                98.95833333333333,
                98.54166666666666,
                98.95833333333333,
                97.29166666666669,
                96.25,
                94.79166666666667,
                95.0,
                94.16666666666669,
                89.58333333333334,
                80.0,
                76.66666666666666,
                64.79166666666666,
                61.66666666666666,
                57.49999999999999,
                48.125,
                48.125,
                38.125,
                36.875,
                36.875,
                36.875,
                36.875,
                35.208333333333336,
                33.958333333333336,
                31.458333333333332,
                23.958333333333336,
                22.916666666666668,
                20.208333333333332,
                18.958333333333332,
                18.958333333333332,
                14.791666666666668,
                10.0,
                6.458333333333334,
                6.458333333333334,
                2.9166666666666665,
                1.6666666666666667,
                1.6666666666666667,
                1.6666666666666667,
                1.6666666666666667,
                0.0,
                0.0,
                0.0,
                0.0,
                0.0,
                0.0,
                0.0,
                0.0,
                0.0,
                0.0,
                0.0,
                0.0,
                0.0,
                0.0,
                0.0,
                0.0,
                0.0,
                0.0,
                0.0,
                0.0,
                0.0,
                0.0,
                0.0,
                0.0,
                0.0,
                0.0,
                0.0,
                0.0,
                0.0,
                0.0,
                0.0,
                0.0,
                0.0,
                0.0,
                0.0,
                0.0,
                0.0,
                0.0,
                0.0,
                0.0,
                0.0,
                0.0,
                0.0,
                0.0,
                0.0,
                0.0,
                0.0,
                0.0,
                0.0,
                0.0,
                0.0,
                0.0,
                0.0,
                0.0,
                0.0
            ]
        },
        "lWaitAndOverdue": [
            [
                0,
                3,
                4,
                0
            ],
            [
                0,
                4,
                28,
                0
            ],
            [
                0,
                2,
                2,
                0
            ],
            [
                0,
                3,
                10,
                0
            ],
            [
                0,
                2,
                2,
                0
            ],
            [
                0,
                3,
                9,
                0
            ],
            [
                0,
                3,
                14,
                0
            ],
            [
                0,
                2,
                1,
                0
            ],
            [
                0,
                4,
                9,
                0
            ],
            [
                0,
                3,
                10,
                0
            ],
            [
                0,
                2,
                0,
                0
            ],
            [
                1,
                4,
                44,
                16
            ],
            [
                1,
                3,
                13,
                0
            ],
            [
                1,
                3,
                8,
                0
            ],
            [
                1,
                3,
                6,
                0
            ],
            [
                2,
                3,
                14,
                0
            ],
            [
                2,
                3,
                7,
                0
            ],
            [
                2,
                3,
                14,
                0
            ],
            [
                2,
                2,
                0,
                0
            ],
            [
                2,
                2,
                1,
                0
            ],
            [
                3,
                2,
                1,
                0
            ],
            [
                3,
                2,
                4,
                0
            ],
            [
                3,
                2,
                0,
                0
            ],
            [
                3,
                1,
                0,
                0
            ],
            [
                3,
                4,
                36,
                8
            ],
            [
                4,
                3,
                39,
                25
            ],
            [
                4,
                3,
                27,
                13
            ],
            [
                4,
                2,
                4,
                0
            ],
            [
                4,
                4,
                21,
                0
            ],
            [
                4,
                3,
                6,
                0
            ],
            [
                4,
                3,
                27,
                13
            ],
            [
                5,
                2,
                2,
                0
            ],
            [
                5,
                3,
                45,
                31
            ],
            [
                5,
                2,
                10,
                8
            ],
            [
                5,
                2,
                2,
                0
            ],
            [
                5,
                2,
                4,
                2
            ],
            [
                5,
                3,
                45,
                31
            ],
            [
                5,
                4,
                39,
                11
            ],
            [
                5,
                3,
                45,
                31
            ],
            [
                6,
                2,
                42,
                40
            ],
            [
                6,
                2,
                6,
                4
            ],
            [
                6,
                3,
                44,
                30
            ],
            [
                7,
                4,
                43,
                15
            ],
            [
                7,
                2,
                6,
                4
            ],
            [
                8,
                3,
                42,
                28
            ],
            [
                8,
                2,
                14,
                10
            ],
            [
                8,
                2,
                34,
                30
            ],
            [
                8,
                2,
                41,
                37
            ],
            [
                8,
                2,
                41,
                37
            ],
            [
                8,
                2,
                42,
                38
            ],
            [
                8,
                2,
                42,
                38
            ],
            [
                9,
                2,
                5,
                1
            ],
            [
                9,
                4,
                42,
                14
            ],
            [
                9,
                2,
                17,
                13
            ],
            [
                10,
                4,
                43,
                15
            ],
            [
                10,
                3,
                45,
                31
            ],
            [
                10,
                4,
                43,
                15
            ],
            [
                11,
                2,
                37,
                35
            ],
            [
                11,
                2,
                16,
                14
            ],
            [
                11,
                2,
                17,
                15
            ],
            [
                11,
                4,
                41,
                13
            ],
            [
                11,
                3,
                42,
                28
            ],
            [
                12,
                2,
                20,
                18
            ],
            [
                12,
                3,
                44,
                30
            ],
            [
                12,
                3,
                43,
                29
            ],
            [
                12,
                3,
                41,
                27
            ],
            [
                12,
                4,
                42,
                14
            ],
            [
                12,
                3,
                41,
                27
            ],
            [
                13,
                4,
                39,
                11
            ],
            [
                13,
                3,
                39,
                25
            ],
            [
                13,
                2,
                25,
                21
            ],
            [
                13,
                2,
                36,
                32
            ],
            [
                13,
                4,
                41,
                13
            ],
            [
                14,
                3,
                41,
                27
            ],
            [
                14,
                2,
                35,
                31
            ],
            [
                14,
                2,
                35,
                31
            ],
            [
                14,
                2,
                35,
                31
            ],
            [
                14,
                3,
                38,
                24
            ],
            [
                14,
                4,
                39,
                11
            ],
            [
                15,
                2,
                42,
                40
            ],
            [
                15,
                2,
                43,
                41
            ],
            [
                15,
                3,
                45,
                31
            ],
            [
                15,
                2,
                42,
                40
            ],
            [
                15,
                2,
                42,
                40
            ],
            [
                15,
                3,
                45,
                31
            ],
            [
                15,
                3,
                49,
                35
            ],
            [
                16,
                4,
                44,
                16
            ],
            [
                16,
                4,
                43,
                15
            ],
            [
                16,
                3,
                48,
                34
            ],
            [
                16,
                3,
                48,
                34
            ],
            [
                17,
                2,
                40,
                38
            ],
            [
                17,
                3,
                42,
                28
            ],
            [
                17,
                2,
                41,
                39
            ],
            [
                17,
                4,
                43,
                15
            ],
            [
                17,
                2,
                41,
                39
            ],
            [
                18,
                2,
                41,
                37
            ],
            [
                18,
                2,
                40,
                36
            ],
            [
                18,
                2,
                13,
                9
            ],
            [
                19,
                4,
                42,
                14
            ],
            [
                19,
                4,
                41,
                13
            ],
            [
                19,
                4,
                41,
                13
            ],
            [
                19,
                4,
                41,
                13
            ],
            [
                19,
                3,
                40,
                26
            ],
            [
                19,
                2,
                39,
                35
            ],
            [
                19,
                3,
                41,
                27
            ],
            [
                19,
                2,
                40,
                36
            ],
            [
                20,
                2,
                43,
                41
            ],
            [
                20,
                3,
                45,
                31
            ],
            [
                20,
                2,
                44,
                42
            ],
            [
                20,
                2,
                43,
                41
            ],
            [
                20,
                2,
                43,
                41
            ],
            [
                21,
                1,
                41,
                41
            ],
            [
                21,
                2,
                44,
                42
            ],
            [
                21,
                2,
                42,
                40
            ],
            [
                21,
                3,
                44,
                30
            ],
            [
                21,
                3,
                49,
                35
            ],
            [
                21,
                4,
                42,
                14
            ],
            [
                21,
                3,
                44,
                30
            ],
            [
                21,
                2,
                1,
                0
            ],
            [
                22,
                4,
                43,
                15
            ],
            [
                22,
                4,
                43,
                15
            ],
            [
                22,
                2,
                13,
                11
            ],
            [
                22,
                4,
                43,
                15
            ],
            [
                22,
                4,
                43,
                15
            ],
            [
                22,
                4,
                47,
                19
            ],
            [
                23,
                3,
                46,
                32
            ],
            [
                23,
                4,
                46,
                18
            ],
            [
                24,
                3,
                46,
                32
            ],
            [
                24,
                3,
                46,
                32
            ],
            [
                24,
                4,
                46,
                18
            ],
            [
                24,
                4,
                42,
                14
            ],
            [
                24,
                3,
                47,
                33
            ],
            [
                25,
                2,
                2,
                0
            ],
            [
                25,
                2,
                42,
                40
            ],
            [
                25,
                3,
                50,
                36
            ],
            [
                25,
                4,
                51,
                23
            ],
            [
                25,
                4,
                53,
                25
            ],
            [
                25,
                4,
                51,
                23
            ],
            [
                25,
                4,
                50,
                22
            ],
            [
                25,
                2,
                23,
                21
            ],
            [
                25,
                2,
                43,
                41
            ],
            [
                25,
                4,
                53,
                25
            ],
            [
                25,
                2,
                45,
                43
            ],
            [
                25,
                4,
                51,
                23
            ],
            [
                26,
                2,
                44,
                42
            ],
            [
                26,
                3,
                49,
                35
            ],
            [
                26,
                3,
                49,
                35
            ],
            [
                26,
                3,
                48,
                34
            ],
            [
                26,
                3,
                50,
                36
            ],
            [
                27,
                2,
                2,
                0
            ],
            [
                27,
                4,
                50,
                22
            ],
            [
                27,
                4,
                50,
                22
            ],
            [
                27,
                3,
                49,
                35
            ],
            [
                27,
                2,
                44,
                42
            ],
            [
                28,
                4,
                46,
                18
            ],
            [
                28,
                3,
                47,
                33
            ],
            [
                28,
                2,
                43,
                39
            ],
            [
                29,
                3,
                45,
                31
            ],
            [
                29,
                2,
                42,
                38
            ],
            [
                29,
                2,
                45,
                41
            ],
            [
                29,
                2,
                45,
                41
            ],
            [
                29,
                2,
                45,
                41
            ],
            [
                29,
                2,
                0,
                0
            ],
            [
                29,
                2,
                45,
                41
            ],
            [
                29,
                4,
                47,
                19
            ],
            [
                29,
                4,
                49,
                21
            ]
        ],
        "lWaitDayByPriority": [
            5573,
            41,
            1826,
            1915,
            1791
        ],
        "objval": 2831.190651978593,
        "std_occupancy": 45.83910866391112
    },
    "runtime": 4.993423223495483,
    "simdays": 150,
    "solver": "weekly"
}