{
    "arrivalrate": 6.0,
    "ins_name": 185,
    "ins_path": null,
    "lNoNewPatients": [
        164,
        2,
        66,
        55,
        41
    ],
    "lNoPatients": [
        343,
        2,
        73,
        171,
        97
    ],
    "lNoSections": [
        2137,
        11,
        194,
        1178,
        754
    ],
    "mipgap": 1.0,
    "noLinacs": 4,
    "noSlotsPerDay": 120,
    "planningHorizon": 80,
    "runresult": {
        "avg_occupancy": 49.25833333333333,
        "feasibility": true,
        "lAvgLateDayByPriority": [
            22.871951219512194,
            22.0,
            23.454545454545453,
            26.963636363636365,
            16.48780487804878
        ],
        "lAvgWaitDayByPriority": [
            35.073170731707314,
            22.0,
            26.015151515151516,
            40.14545454545455,
            43.48780487804878
        ],
        "lLateDayByPriority": [
            3751,
            44,
            1548,
            1483,
            676
        ],
        "lOccupancy": {
            "0": [
                0.0,
                0.0,
                0.0,
                0.0,
                0.0,
                1.25,
                0.0,
                0.0,
                0.0,
                0.0,
                0.0,
                0.0,
                0.0,
                0.0,
                0.0,
                0.0,
                0.0,
                0.0,
                0.0,
                0.0,
                0.0,
                0.0,
                0.0,
                0.0,
                0.0,
                0.0,
                0.0,
                0.0,
                0.0,
                0.0,
                0.0,
                0.0,
                0.0,
                0.0,
                0.0,
                0.0,
                0.0,
                0.0,
                0.0,
                0.0,
                0.0,
                0.0,
                0.0,
                0.0,
                0.0,
                0.0,
                0.0,
                0.0,
                0.0,
                0.0,
                0.0,
                0.0,
                0.0,
                1.0416666666666665,
                1.0416666666666665,
                1.0416666666666665,
                1.0416666666666665,
                1.0416666666666665,
                1.0416666666666665,
                1.0416666666666665,
                1.0416666666666665,
                1.0416666666666665,
                1.0416666666666665,
                0.0,
                0.0,
                0.0,
                0.0,
                0.0,
                0.0,
                0.0,
                0.0,
                0.0,
                0.0,
                0.0,
                0.0,
                0.0,
                0.0,
                0.0,
                0.0,
                0.0,
                0.0,
                0.0,
                0.0,
                0.0,
                0.0,
                0.0,
                0.0,
                0.0,
                0.0,
                0.0,
                0.0,
                0.0,
                0.0,
                0.0,
                0.0,
                0.0,
                0.0,
                0.0,
                0.0,
                0.0,
                0.0,
                0.0,
                0.0,
                0.0,
                0.0,
                0.0,
                0.0,
                0.0,
                0.0,
                0.0,
                0.0,
                0.0,
                0.0,
                0.0,
                0.0,
                0.0,
                0.0,
                0.0,
                0.0,
                0.0,
                0.0,
                0.0,
                0.0,
                0.0,
                0.0,
                0.0,
                0.0,
                0.0,
                0.0,
                0.0,
                0.0,
                0.0,
                0.0,
                0.0,
                0.0,
                0.0,
                0.0,
                0.0,
                0.0,
                0.0,
                0.0,
                0.0,
                0.0,
                0.0,
                0.0,
                0.0,
                0.0,
                0.0,
                0.0,
                0.0
            ],
            "1": [
                7.5,
                2.7083333333333335,
                9.375,
                9.583333333333334,
                1.4583333333333333,
                4.375,
                4.791666666666667,
                4.791666666666667,
                3.958333333333333,
                4.375,
                3.5416666666666665,
                4.791666666666667,
                1.6666666666666667,
                2.5,
                2.5,
                1.0416666666666665,
                2.5,
                2.5,
                2.5,
                2.5,
                2.7083333333333335,
                1.4583333333333333,
                1.6666666666666667,
                3.958333333333333,
                3.3333333333333335,
                3.5416666666666665,
                2.9166666666666665,
                1.6666666666666667,
                1.6666666666666667,
                2.5,
                1.25,
                2.9166666666666665,
                1.6666666666666667,
                1.6666666666666667,
                1.6666666666666667,
                1.6666666666666667,
                1.25,
                2.5,
                2.7083333333333335,
                4.583333333333333,
                9.583333333333334,
                9.791666666666666,
                7.708333333333334,
                11.458333333333332,
                10.625,
                13.333333333333334,
                6.875000000000001,
                11.875,
                11.875,
                11.875,
                12.291666666666666,
                8.958333333333334,
                14.583333333333334,
                13.958333333333334,
                12.708333333333332,
                12.708333333333332,
                12.708333333333332,
                9.375,
                4.583333333333333,
                1.6666666666666667,
                4.166666666666666,
                1.6666666666666667,
                0.0,
                0.0,
                0.0,
                0.0,
                0.0,
                0.0,
                0.0,
                0.0,
                0.0,
                0.0,
                0.0,
                0.0,
                0.0,
                0.0,
                0.0,
                0.0,
                0.0,
                0.0,
                0.0,
                0.0,
                0.0,
                0.0,
                0.0,
                0.0,
                0.0,
                0.0,
                0.0,
                0.0,
                0.0,
                0.0,
                0.0,
                0.0,
                0.0,
                0.0,
                0.0,
                0.0,
                0.0,
                0.0,
                0.0,
                0.0,
                0.0,
                0.0,
                0.0,
                0.0,
                0.0,
                0.0,
                0.0,
                0.0,
                0.0,
                0.0,
                0.0,
                0.0,
                0.0,
                0.0,
                0.0,
                0.0,
                0.0,
                0.0,
                0.0,
                0.0,
                0.0,
                0.0,
                0.0,
                0.0,
                0.0,
                0.0,
                0.0,
                0.0,
                0.0,
                0.0,
                0.0,
                0.0,
                0.0,
                0.0,
                0.0,
                0.0,
                0.0,
                0.0,
                0.0,
                0.0,
                0.0,
                0.0,
                0.0,
                0.0,
                0.0,
                0.0,
                0.0,
                0.0
            ],
            "2": [
                70.41666666666667,
                70.20833333333333,
                67.91666666666667,
                70.0,
                68.33333333333333,
                74.16666666666667,
                73.33333333333333,
                74.58333333333333,
                68.54166666666667,
                63.125,
                61.04166666666667,
                59.375,
                58.54166666666667,
                57.08333333333333,
                57.49999999999999,
                57.08333333333333,
                58.54166666666667,
                58.54166666666667,
                58.54166666666667,
                56.25,
                53.333333333333336,
                53.75,
                52.29166666666667,
                56.041666666666664,
                55.833333333333336,
                54.37499999999999,
                57.49999999999999,
                55.41666666666667,
                55.00000000000001,
                56.666666666666664,
                55.00000000000001,
                54.58333333333333,
                54.79166666666667,
                59.375,
                60.83333333333333,
                58.958333333333336,
                57.91666666666667,
                62.708333333333336,
                59.166666666666664,
                59.166666666666664,
                59.375,
                56.458333333333336,
                56.875,
                56.666666666666664,
                58.333333333333336,
                58.54166666666667,
                63.95833333333333,
                60.83333333333333,
                60.83333333333333,
                60.62499999999999,
                60.416666666666664,
                62.291666666666664,
                60.0,
                56.875,
                57.291666666666664,
                57.49999999999999,
                57.49999999999999,
                57.70833333333333,
                62.083333333333336,
                60.62499999999999,
                61.04166666666667,
                58.12500000000001,
                58.12500000000001,
                58.54166666666667,
                58.54166666666667,
                56.875,
                50.0,
                46.666666666666664,
                41.875,
                40.416666666666664,
                37.5,
                32.708333333333336,
                27.916666666666668,
                24.791666666666668,
                21.458333333333332,
                21.458333333333332,
                19.791666666666664,
                19.791666666666664,
                19.791666666666664,
                19.791666666666664,
                18.541666666666668,
                18.541666666666668,
                18.541666666666668,
                16.875,
                16.875,
                15.625,
                15.625,
                13.125,
                10.208333333333334,
                7.708333333333334,
                5.208333333333334,
                3.958333333333333,
                3.958333333333333,
                1.6666666666666667,
                1.6666666666666667,
                1.6666666666666667,
                1.6666666666666667,
                1.6666666666666667,
                1.6666666666666667,
                0.0,
                0.0,
                0.0,
                0.0,
                0.0,
                0.0,
                0.0,
                0.0,
                0.0,
                0.0,
                0.0,
                0.0,
                0.0,
                0.0,
                0.0,
                0.0,
                0.0,
                0.0,
                0.0,
                0.0,
                0.0,
                0.0,
                0.0,
                0.0,
                0.0,
                0.0,
                0.0,
                0.0,
                0.0,
                0.0,
                0.0,
                0.0,
                0.0,
                0.0,
                0.0,
                0.0,
                0.0,
                0.0,
                0.0,
                0.0,
                0.0,
                0.0,
                0.0,
                0.0,
                0.0,
                0.0,
                0.0,
                0.0,
                0.0,
                0.0,
                0.0
            ],
            "3": [
                13.541666666666666,
                14.374999999999998,
                15.416666666666668,
                14.374999999999998,
                14.374999999999998,
                14.374999999999998,
                15.833333333333332,
                18.75,
                25.624999999999996,
                31.458333333333332,
                34.375,
                34.375,
                39.375,
                39.375,
                38.958333333333336,
                40.625,
                37.291666666666664,
                37.291666666666664,
                37.291666666666664,
                39.375,
                42.291666666666664,
                43.125,
                43.125,
                39.166666666666664,
                40.208333333333336,
                40.833333333333336,
                38.958333333333336,
                41.458333333333336,
                41.041666666666664,
                39.58333333333333,
                42.916666666666664,
                41.041666666666664,
                41.458333333333336,
                37.5,
                36.041666666666664,
                38.54166666666667,
                38.54166666666667,
                34.583333333333336,
                37.916666666666664,
                35.0,
                29.791666666666668,
                33.125,
                34.166666666666664,
                31.25,
                29.583333333333332,
                27.708333333333336,
                27.916666666666668,
                26.875,
                26.875,
                26.875,
                26.666666666666668,
                26.666666666666668,
                23.333333333333332,
                26.666666666666668,
                26.041666666666668,
                25.416666666666664,
                25.416666666666664,
                30.416666666666664,
                29.791666666666668,
                31.041666666666668,
                30.416666666666664,
                32.708333333333336,
                34.791666666666664,
                34.791666666666664,
                33.75,
                34.166666666666664,
                34.375,
                32.5,
                26.041666666666668,
                26.041666666666668,
                24.375,
                22.916666666666664,
                21.666666666666668,
                21.666666666666668,
                20.416666666666668,
                20.416666666666668,
                20.416666666666668,
                16.041666666666668,
                13.541666666666666,
                12.5,
                10.833333333333334,
                6.458333333333334,
                6.458333333333334,
                6.458333333333334,
                6.458333333333334,
                5.416666666666667,
                4.375,
                2.083333333333333,
                2.083333333333333,
                2.083333333333333,
                2.083333333333333,
                1.0416666666666665,
                1.0416666666666665,
                0.0,
                0.0,
                0.0,
                0.0,
                0.0,
                0.0,
                0.0,
                0.0,
                0.0,
                0.0,
                0.0,
                0.0,
                0.0,
                0.0,
                0.0,
                0.0,
                0.0,
                0.0,
                0.0,
                0.0,
                0.0,
                0.0,
                0.0,
                0.0,
                0.0,
                0.0,
                0.0,
                0.0,
                0.0,
                0.0,
                0.0,
                0.0,
                0.0,
                0.0,
                0.0,
                0.0,
                0.0,
                0.0,
                0.0,
                0.0,
                0.0,
                0.0,
                0.0,
                0.0,
                0.0,
                0.0,
                0.0,
                0.0,
                0.0,
                0.0,
                0.0,
                0.0,
                0.0,
                0.0,
                0.0,
                0.0,
                0.0
            ],
            "overall": [
                91.45833333333334,
                87.29166666666666,
                92.70833333333334,
                93.95833333333333,
                84.16666666666666,
                94.16666666666667,
                93.95833333333333,
                98.125,
                98.125,
                98.95833333333333,
                98.95833333333334,
                98.54166666666667,
                99.58333333333334,
                98.95833333333333,
                98.95833333333333,
                98.75,
                98.33333333333334,
                98.33333333333334,
                98.33333333333334,
                98.125,
                98.33333333333334,
                98.33333333333334,
                97.08333333333334,
                99.16666666666666,
                99.375,
                98.75,
                99.375,
                98.54166666666667,
                97.70833333333334,
                98.75,
                99.16666666666667,
                98.54166666666666,
                97.91666666666667,
                98.54166666666666,
                98.54166666666666,
                99.16666666666667,
                97.70833333333334,
                99.79166666666669,
                99.79166666666666,
                98.75,
                98.75,
                99.375,
                98.75,
                99.375,
                98.54166666666667,
                99.58333333333334,
                98.75,
                99.58333333333333,
                99.58333333333333,
                99.375,
                99.375,
                97.91666666666667,
                97.91666666666666,
                98.54166666666667,
                97.08333333333333,
                96.66666666666666,
                96.66666666666666,
                98.54166666666666,
                97.50000000000001,
                94.375,
                96.66666666666666,
                93.54166666666669,
                93.95833333333334,
                93.33333333333334,
                92.29166666666667,
                91.04166666666666,
                84.375,
                79.16666666666666,
                67.91666666666667,
                66.45833333333333,
                61.875,
                55.625,
                49.583333333333336,
                46.458333333333336,
                41.875,
                41.875,
                40.20833333333333,
                35.83333333333333,
                33.33333333333333,
                32.291666666666664,
                29.375,
                25.0,
                25.0,
                23.333333333333336,
                23.333333333333336,
                21.041666666666668,
                20.0,
                15.208333333333332,
                12.291666666666668,
                9.791666666666668,
                7.291666666666667,
                5.0,
                5.0,
                1.6666666666666667,
                1.6666666666666667,
                1.6666666666666667,
                1.6666666666666667,
                1.6666666666666667,
                1.6666666666666667,
                0.0,
                0.0,
                0.0,
                0.0,
                0.0,
                0.0,
                0.0,
                0.0,
                0.0,
                0.0,
                0.0,
                0.0,
                0.0,
                0.0,
                0.0,
                0.0,
                0.0,
                0.0,
                0.0,
                0.0,
                0.0,
                0.0,
                0.0,
                0.0,
                0.0,
                0.0,
                0.0,
                0.0,
                0.0,
                0.0,
                0.0,
                0.0,
                0.0,
                0.0,
                0.0,
                0.0,
                0.0,
                0.0,
                0.0,
                0.0,
                0.0,
                0.0,
                0.0,
                0.0,
                0.0,
                0.0,
                0.0,
                0.0,
                0.0,
                0.0,
                0.0
            ]
        },
        "lWaitAndOverdue": [
            [
                0,
                3,
                7,
                0
            ],
            [
                0,
                3,
                7,
                0
            ],
            [
                0,
                3,
                7,
                0
            ],
            [
                0,
                3,
                7,
                0
            ],
            [
                0,
                2,
                2,
                0
            ],
            [
                1,
                2,
                1,
                0
            ],
            [
                1,
                2,
                2,
                0
            ],
            [
                2,
                4,
                14,
                0
            ],
            [
                2,
                2,
                1,
                0
            ],
            [
                2,
                3,
                7,
                0
            ],
            [
                2,
                4,
                14,
                0
            ],
            [
                2,
                2,
                0,
                0
            ],
            [
                2,
                3,
                7,
                0
            ],
            [
                3,
                2,
                4,
                0
            ],
            [
                3,
                3,
                11,
                0
            ],
            [
                3,
                3,
                14,
                0
            ],
            [
                3,
                2,
                0,
                0
            ],
            [
                3,
                4,
                18,
                0
            ],
            [
                4,
                3,
                18,
                4
            ],
            [
                4,
                2,
                10,
                6
            ],
            [
                4,
                4,
                25,
                0
            ],
            [
                4,
                3,
                40,
                26
            ],
            [
                4,
                3,
                45,
                31
            ],
            [
                4,
                3,
                47,
                33
            ],
            [
                4,
                3,
                47,
                33
            ],
            [
                4,
                3,
                47,
                33
            ],
            [
                5,
                3,
                44,
                30
            ],
            [
                5,
                2,
                1,
                0
            ],
            [
                5,
                2,
                15,
                13
            ],
            [
                5,
                2,
                23,
                21
            ],
            [
                5,
                2,
                10,
                8
            ],
            [
                5,
                2,
                0,
                0
            ],
            [
                5,
                1,
                0,
                0
            ],
            [
                6,
                4,
                44,
                16
            ],
            [
                6,
                3,
                44,
                30
            ],
            [
                6,
                3,
                44,
                30
            ],
            [
                6,
                2,
                3,
                1
            ],
            [
                6,
                4,
                44,
                16
            ],
            [
                6,
                3,
                44,
                30
            ],
            [
                6,
                3,
                44,
                30
            ],
            [
                7,
                2,
                1,
                0
            ],
            [
                7,
                3,
                43,
                29
            ],
            [
                7,
                2,
                23,
                21
            ],
            [
                7,
                2,
                5,
                3
            ],
            [
                7,
                2,
                6,
                4
            ],
            [
                7,
                3,
                43,
                29
            ],
            [
                7,
                4,
                43,
                15
            ],
            [
                8,
                3,
                46,
                32
            ],
            [
                8,
                2,
                43,
                39
            ],
            [
                8,
                2,
                5,
                1
            ],
            [
                8,
                3,
                46,
                32
            ],
            [
                8,
                4,
                32,
                4
            ],
            [
                9,
                2,
                24,
                20
            ],
            [
                9,
                3,
                46,
                32
            ],
            [
                9,
                2,
                10,
                6
            ],
            [
                9,
                2,
                32,
                28
            ],
            [
                9,
                2,
                45,
                41
            ],
            [
                9,
                2,
                46,
                42
            ],
            [
                9,
                2,
                46,
                42
            ],
            [
                9,
                2,
                46,
                42
            ],
            [
                9,
                2,
                28,
                24
            ],
            [
                10,
                4,
                43,
                15
            ],
            [
                10,
                2,
                14,
                12
            ],
            [
                10,
                4,
                43,
                15
            ],
            [
                10,
                3,
                44,
                30
            ],
            [
                10,
                4,
                43,
                15
            ],
            [
                11,
                2,
                42,
                40
            ],
            [
                11,
                2,
                16,
                14
            ],
            [
                12,
                2,
                34,
                32
            ],
            [
                12,
                4,
                42,
                14
            ],
            [
                12,
                3,
                43,
                29
            ],
            [
                13,
                2,
                19,
                15
            ],
            [
                13,
                3,
                43,
                29
            ],
            [
                13,
                3,
                47,
                33
            ],
            [
                13,
                3,
                46,
                32
            ],
            [
                13,
                4,
                47,
                19
            ],
            [
                13,
                3,
                47,
                33
            ],
            [
                14,
                4,
                42,
                14
            ],
            [
                14,
                3,
                47,
                33
            ],
            [
                14,
                2,
                39,
                35
            ],
            [
                14,
                2,
                40,
                36
            ],
            [
                14,
                4,
                47,
                19
            ],
            [
                15,
                3,
                44,
                30
            ],
            [
                15,
                2,
                38,
                36
            ],
            [
                15,
                2,
                38,
                36
            ],
            [
                16,
                2,
                43,
                41
            ],
            [
                16,
                3,
                43,
                29
            ],
            [
                16,
                4,
                43,
                15
            ],
            [
                17,
                2,
                42,
                40
            ],
            [
                17,
                2,
                40,
                38
            ],
            [
                17,
                3,
                43,
                29
            ],
            [
                17,
                2,
                37,
                35
            ],
            [
                17,
                2,
                40,
                38
            ],
            [
                18,
                3,
                43,
                29
            ],
            [
                18,
                3,
                43,
                29
            ],
            [
                18,
                4,
                42,
                14
            ],
            [
                18,
                4,
                46,
                18
            ],
            [
                18,
                3,
                46,
                32
            ],
            [
                18,
                3,
                47,
                33
            ],
            [
                18,
                2,
                41,
                37
            ],
            [
                19,
                3,
                47,
                33
            ],
            [
                19,
                2,
                41,
                37
            ],
            [
                19,
                4,
                48,
                20
            ],
            [
                19,
                2,
                47,
                43
            ],
            [
                19,
                2,
                47,
                43
            ],
            [
                19,
                2,
                47,
                43
            ],
            [
                20,
                2,
                11,
                9
            ],
            [
                20,
                4,
                45,
                17
            ],
            [
                20,
                4,
                45,
                17
            ],
            [
                20,
                4,
                45,
                17
            ],
            [
                20,
                4,
                46,
                18
            ],
            [
                20,
                3,
                46,
                32
            ],
            [
                20,
                2,
                30,
                28
            ],
            [
                20,
                3,
                46,
                32
            ],
            [
                20,
                2,
                42,
                40
            ],
            [
                20,
                2,
                44,
                42
            ],
            [
                20,
                3,
                46,
                32
            ],
            [
                20,
                2,
                45,
                43
            ],
            [
                21,
                2,
                44,
                42
            ],
            [
                21,
                2,
                44,
                42
            ],
            [
                21,
                1,
                44,
                44
            ],
            [
                21,
                2,
                45,
                43
            ],
            [
                21,
                2,
                45,
                43
            ],
            [
                21,
                3,
                48,
                34
            ],
            [
                21,
                3,
                50,
                36
            ],
            [
                21,
                4,
                50,
                22
            ],
            [
                21,
                3,
                50,
                36
            ],
            [
                22,
                2,
                1,
                0
            ],
            [
                23,
                4,
                46,
                18
            ],
            [
                23,
                4,
                48,
                20
            ],
            [
                23,
                2,
                21,
                17
            ],
            [
                23,
                4,
                48,
                20
            ],
            [
                23,
                4,
                48,
                20
            ],
            [
                23,
                4,
                49,
                21
            ],
            [
                23,
                3,
                49,
                35
            ],
            [
                23,
                4,
                49,
                21
            ],
            [
                24,
                3,
                48,
                34
            ],
            [
                24,
                3,
                48,
                34
            ],
            [
                24,
                4,
                49,
                21
            ],
            [
                25,
                4,
                49,
                21
            ],
            [
                25,
                3,
                49,
                35
            ],
            [
                25,
                2,
                16,
                14
            ],
            [
                25,
                2,
                44,
                42
            ],
            [
                25,
                3,
                49,
                35
            ],
            [
                26,
                4,
                48,
                20
            ],
            [
                27,
                4,
                48,
                20
            ],
            [
                27,
                4,
                48,
                20
            ],
            [
                27,
                4,
                48,
                20
            ],
            [
                27,
                2,
                16,
                14
            ],
            [
                27,
                2,
                28,
                26
            ],
            [
                27,
                4,
                49,
                21
            ],
            [
                27,
                2,
                47,
                45
            ],
            [
                28,
                4,
                48,
                20
            ],
            [
                28,
                2,
                36,
                32
            ],
            [
                28,
                3,
                49,
                35
            ],
            [
                28,
                3,
                49,
                35
            ],
            [
                28,
                3,
                50,
                36
            ],
            [
                28,
                3,
                50,
                36
            ],
            [
                29,
                2,
                4,
                0
            ],
            [
                29,
                4,
                52,
                24
            ],
            [
                29,
                4,
                52,
                24
            ],
            [
                29,
                3,
                53,
                39
            ],
            [
                29,
                2,
                17,
                13
            ],
            [
                29,
                4,
                53,
                25
            ]
        ],
        "lWaitDayByPriority": [
            5752,
            44,
            1717,
            2208,
            1783
        ],
        "objval": 2852.690761271249,
        "std_occupancy": 45.33763817387475
    },
    "runtime": 0.7173495292663574,
    "simdays": 150,
    "solver": "daily_greedy"
}