{
    "arrivalrate": 6.0,
    "ins_name": 425,
    "ins_path": null,
    "lNoNewPatients": [
        181,
        1,
        70,
        70,
        40
    ],
    "lNoPatients": [
        308,
        1,
        73,
        155,
        79
    ],
    "lNoSections": [
        2346,
        1,
        199,
        1378,
        768
    ],
    "mipgap": 1.0,
    "noLinacs": 4,
    "noSlotsPerDay": 120,
    "planningHorizon": 80,
    "runresult": {
        "avg_occupancy": 43.8,
        "feasibility": true,
        "lAvgLateDayByPriority": [
            15.165745856353592,
            21.0,
            19.957142857142856,
            16.02857142857143,
            5.125
        ],
        "lAvgWaitDayByPriority": [
            26.8121546961326,
            21.0,
            22.428571428571427,
            29.185714285714287,
            30.475
        ],
        "lLateDayByPriority": [
            2745,
            21,
            1397,
            1122,
            205
        ],
        "lOccupancy": {
            "0": [
                0.0,
                0.0,
                0.0,
                0.0,
                0.0,
                0.0,
                0.0,
                0.0,
                0.0,
                0.0,
                0.0,
                0.0,
                0.0,
                0.0,
                0.0,
                0.0,
                0.0,
                0.0,
                0.0,
                0.0,
                0.0,
                0.0,
                0.0,
                0.0,
                0.0,
                0.0,
                0.0,
                0.0,
                0.0,
                0.0,
                1.25,
                0.0,
                0.0,
                0.0,
                0.0,
                0.0,
                0.0,
                0.0,
                0.0,
                0.0,
                0.0,
                0.0,
                0.0,
                0.0,
                0.0,
                0.0,
                0.0,
                0.0,
                0.0,
                0.0,
                0.0,
                0.0,
                0.0,
                0.0,
                0.0,
                0.0,
                0.0,
                0.0,
                0.0,
                0.0,
                0.0,
                0.0,
                0.0,
                0.0,
                0.0,
                0.0,
                0.0,
                0.0,
                0.0,
                0.0,
                0.0,
                0.0,
                0.0,
                0.0,
                0.0,
                0.0,
                0.0,
                0.0,
                0.0,
                0.0,
                0.0,
                0.0,
                0.0,
                0.0,
                0.0,
                0.0,
                0.0,
                0.0,
                0.0,
                0.0,
                0.0,
                0.0,
                0.0,
                0.0,
                0.0,
                0.0,
                0.0,
                0.0,
                0.0,
                0.0,
                0.0,
                0.0,
                0.0,
                0.0,
                0.0,
                0.0,
                0.0,
                0.0,
                0.0,
                0.0,
                0.0,
                0.0,
                0.0,
                0.0,
                0.0,
                0.0,
                0.0,
                0.0,
                0.0,
                0.0,
                0.0,
                0.0,
                0.0,
                0.0,
                0.0,
                0.0,
                0.0,
                0.0,
                0.0,
                0.0,
                0.0,
                0.0,
                0.0,
                0.0,
                0.0,
                0.0,
                0.0,
                0.0,
                0.0,
                0.0,
                0.0,
                0.0,
                0.0,
                0.0,
                0.0,
                0.0,
                0.0,
                0.0,
                0.0,
                0.0
            ],
            "1": [
                5.625,
                7.5,
                8.125,
                5.416666666666667,
                9.791666666666666,
                7.083333333333333,
                7.083333333333333,
                2.9166666666666665,
                1.4583333333333333,
                4.375,
                2.9166666666666665,
                2.9166666666666665,
                2.9166666666666665,
                4.166666666666666,
                4.375,
                3.75,
                2.083333333333333,
                1.25,
                1.25,
                1.4583333333333333,
                1.4583333333333333,
                1.4583333333333333,
                1.4583333333333333,
                1.4583333333333333,
                1.4583333333333333,
                2.7083333333333335,
                2.7083333333333335,
                2.7083333333333335,
                3.125,
                3.3333333333333335,
                1.25,
                2.7083333333333335,
                2.7083333333333335,
                3.75,
                6.25,
                6.041666666666667,
                8.333333333333332,
                8.333333333333332,
                7.291666666666667,
                6.041666666666667,
                12.083333333333334,
                12.083333333333334,
                13.125,
                14.374999999999998,
                17.291666666666668,
                10.625,
                9.166666666666666,
                9.166666666666666,
                9.166666666666666,
                6.25,
                7.916666666666666,
                10.416666666666668,
                9.583333333333334,
                9.375,
                6.875000000000001,
                6.666666666666667,
                9.791666666666666,
                6.666666666666667,
                3.3333333333333335,
                3.3333333333333335,
                0.0,
                0.0,
                0.0,
                0.0,
                0.0,
                0.0,
                0.0,
                0.0,
                0.0,
                0.0,
                0.0,
                0.0,
                0.0,
                0.0,
                0.0,
                0.0,
                0.0,
                0.0,
                0.0,
                0.0,
                0.0,
                0.0,
                0.0,
                0.0,
                0.0,
                0.0,
                0.0,
                0.0,
                0.0,
                0.0,
                0.0,
                0.0,
                0.0,
                0.0,
                0.0,
                0.0,
                0.0,
                0.0,
                0.0,
                0.0,
                0.0,
                0.0,
                0.0,
                0.0,
                0.0,
                0.0,
                0.0,
                0.0,
                0.0,
                0.0,
                0.0,
                0.0,
                0.0,
                0.0,
                0.0,
                0.0,
                0.0,
                0.0,
                0.0,
                0.0,
                0.0,
                0.0,
                0.0,
                0.0,
                0.0,
                0.0,
                0.0,
                0.0,
                0.0,
                0.0,
                0.0,
                0.0,
                0.0,
                0.0,
                0.0,
                0.0,
                0.0,
                0.0,
                0.0,
                0.0,
                0.0,
                0.0,
                0.0,
                0.0,
                0.0,
                0.0,
                0.0,
                0.0,
                0.0,
                0.0
            ],
            "2": [
                68.95833333333333,
                70.0,
                68.33333333333333,
                66.45833333333333,
                66.25,
                66.875,
                77.08333333333334,
                75.0,
                77.08333333333334,
                71.25,
                67.29166666666667,
                56.875,
                55.00000000000001,
                51.87500000000001,
                51.87500000000001,
                49.375,
                53.125,
                56.041666666666664,
                53.75,
                53.75,
                52.708333333333336,
                50.416666666666664,
                50.416666666666664,
                50.0,
                48.95833333333333,
                51.24999999999999,
                51.66666666666667,
                53.95833333333333,
                53.333333333333336,
                56.458333333333336,
                52.29166666666667,
                55.208333333333336,
                54.79166666666667,
                56.458333333333336,
                56.458333333333336,
                58.12500000000001,
                55.208333333333336,
                60.20833333333333,
                58.958333333333336,
                61.66666666666667,
                58.75,
                62.083333333333336,
                61.04166666666667,
                61.25000000000001,
                59.375,
                64.58333333333334,
                65.83333333333333,
                66.04166666666667,
                66.04166666666667,
                66.04166666666667,
                64.375,
                62.916666666666664,
                64.16666666666667,
                63.33333333333333,
                63.74999999999999,
                62.083333333333336,
                58.75,
                53.95833333333333,
                52.5,
                51.041666666666664,
                47.91666666666667,
                44.79166666666667,
                43.541666666666664,
                40.416666666666664,
                37.291666666666664,
                35.833333333333336,
                31.666666666666664,
                28.541666666666664,
                25.208333333333332,
                23.75,
                20.416666666666668,
                20.416666666666668,
                18.75,
                17.083333333333332,
                12.083333333333334,
                9.166666666666666,
                7.5,
                7.5,
                5.833333333333333,
                4.583333333333333,
                2.9166666666666665,
                2.9166666666666665,
                2.9166666666666665,
                2.9166666666666665,
                2.9166666666666665,
                2.9166666666666665,
                1.6666666666666667,
                0.0,
                0.0,
                0.0,
                0.0,
                0.0,
                0.0,
                0.0,
                0.0,
                0.0,
                0.0,
                0.0,
                0.0,
                0.0,
                0.0,
                0.0,
                0.0,
                0.0,
                0.0,
                0.0,
                0.0,
                0.0,
                0.0,
                0.0,
                0.0,
                0.0,
                0.0,
                0.0,
                0.0,
                0.0,
                0.0,
                0.0,
                0.0,
                0.0,
                0.0,
                0.0,
                0.0,
                0.0,
                0.0,
                0.0,
                0.0,
                0.0,
                0.0,
                0.0,
                0.0,
                0.0,
                0.0,
                0.0,
                0.0,
                0.0,
                0.0,
                0.0,
                0.0,
                0.0,
                0.0,
                0.0,
                0.0,
                0.0,
                0.0,
                0.0,
                0.0,
                0.0,
                0.0,
                0.0
            ],
            "3": [
                13.541666666666666,
                14.583333333333334,
                15.625,
                16.666666666666664,
                16.666666666666664,
                15.416666666666668,
                14.374999999999998,
                15.833333333333332,
                18.75,
                22.916666666666664,
                28.541666666666664,
                38.75,
                41.25,
                42.70833333333333,
                42.70833333333333,
                45.625,
                42.70833333333333,
                40.625,
                43.541666666666664,
                43.541666666666664,
                44.583333333333336,
                46.041666666666664,
                46.458333333333336,
                46.875,
                46.458333333333336,
                44.583333333333336,
                43.541666666666664,
                42.083333333333336,
                42.083333333333336,
                39.166666666666664,
                44.583333333333336,
                40.625,
                40.625,
                39.166666666666664,
                36.45833333333333,
                34.791666666666664,
                34.375,
                30.0,
                31.874999999999996,
                30.208333333333332,
                27.708333333333336,
                24.791666666666668,
                23.958333333333336,
                22.083333333333332,
                22.5,
                23.958333333333336,
                23.958333333333336,
                23.958333333333336,
                23.958333333333336,
                25.624999999999996,
                25.624999999999996,
                23.75,
                23.75,
                24.791666666666668,
                24.791666666666668,
                26.041666666666668,
                26.25,
                28.333333333333332,
                25.624999999999996,
                24.583333333333332,
                22.5,
                22.5,
                21.458333333333332,
                16.666666666666664,
                15.416666666666668,
                14.374999999999998,
                14.374999999999998,
                14.374999999999998,
                13.333333333333334,
                11.666666666666666,
                11.666666666666666,
                11.666666666666666,
                8.333333333333332,
                8.333333333333332,
                6.875000000000001,
                5.625,
                5.625,
                5.625,
                5.625,
                5.625,
                4.375,
                4.375,
                3.125,
                3.125,
                3.125,
                3.125,
                2.083333333333333,
                2.083333333333333,
                2.083333333333333,
                2.083333333333333,
                0.0,
                0.0,
                0.0,
                0.0,
                0.0,
                0.0,
                0.0,
                0.0,
                0.0,
                0.0,
                0.0,
                0.0,
                0.0,
                0.0,
                0.0,
                0.0,
                0.0,
                0.0,
                0.0,
                0.0,
                0.0,
                0.0,
                0.0,
                0.0,
                0.0,
                0.0,
                0.0,
                0.0,
                0.0,
                0.0,
                0.0,
                0.0,
                0.0,
                0.0,
                0.0,
                0.0,
                0.0,
                0.0,
                0.0,
                0.0,
                0.0,
                0.0,
                0.0,
                0.0,
                0.0,
                0.0,
                0.0,
                0.0,
                0.0,
                0.0,
                0.0,
                0.0,
                0.0,
                0.0,
                0.0,
                0.0,
                0.0,
                0.0,
                0.0,
                0.0
            ],
            "overall": [
                88.125,
                92.08333333333333,
                92.08333333333333,
                88.54166666666666,
                92.70833333333334,
                89.375,
                98.54166666666667,
                93.75,
                97.29166666666667,
                98.54166666666666,
                98.75,
                98.54166666666666,
                99.16666666666667,
                98.75,
                98.95833333333334,
                98.75,
                97.91666666666666,
                97.91666666666666,
                98.54166666666666,
                98.75,
                98.75,
                97.91666666666666,
                98.33333333333334,
                98.33333333333334,
                96.875,
                98.54166666666666,
                97.91666666666667,
                98.75,
                98.54166666666667,
                98.95833333333334,
                99.375,
                98.54166666666667,
                98.125,
                99.375,
                99.16666666666666,
                98.95833333333334,
                97.91666666666667,
                98.54166666666666,
                98.125,
                97.91666666666667,
                98.54166666666666,
                98.95833333333334,
                98.125,
                97.70833333333333,
                99.16666666666667,
                99.16666666666669,
                98.95833333333334,
                99.16666666666669,
                99.16666666666669,
                97.91666666666667,
                97.91666666666667,
                97.08333333333333,
                97.5,
                97.5,
                95.41666666666667,
                94.79166666666667,
                94.79166666666667,
                88.95833333333333,
                81.45833333333333,
                78.95833333333333,
                70.41666666666667,
                67.29166666666667,
                65.0,
                57.08333333333333,
                52.70833333333333,
                50.208333333333336,
                46.041666666666664,
                42.916666666666664,
                38.541666666666664,
                35.416666666666664,
                32.083333333333336,
                32.083333333333336,
                27.083333333333332,
                25.416666666666664,
                18.958333333333336,
                14.791666666666666,
                13.125,
                13.125,
                11.458333333333332,
                10.208333333333332,
                7.291666666666666,
                7.291666666666666,
                6.041666666666666,
                6.041666666666666,
                6.041666666666666,
                6.041666666666666,
                3.75,
                2.083333333333333,
                2.083333333333333,
                2.083333333333333,
                0.0,
                0.0,
                0.0,
                0.0,
                0.0,
                0.0,
                0.0,
                0.0,
                0.0,
                0.0,
                0.0,
                0.0,
                0.0,
                0.0,
                0.0,
                0.0,
                0.0,
                0.0,
                0.0,
                0.0,
                0.0,
                0.0,
                0.0,
                0.0,
                0.0,
                0.0,
                0.0,
                0.0,
                0.0,
                0.0,
                0.0,
                0.0,
                0.0,
                0.0,
                0.0,
                0.0,
                0.0,
                0.0,
                0.0,
                0.0,
                0.0,
                0.0,
                0.0,
                0.0,
                0.0,
                0.0,
                0.0,
                0.0,
                0.0,
                0.0,
                0.0,
                0.0,
                0.0,
                0.0,
                0.0,
                0.0,
                0.0,
                0.0,
                0.0,
                0.0
            ]
        },
        "lWaitAndOverdue": [
            [
                0,
                2,
                0,
                0
            ],
            [
                0,
                3,
                8,
                0
            ],
            [
                0,
                3,
                10,
                0
            ],
            [
                0,
                3,
                8,
                0
            ],
            [
                0,
                4,
                14,
                0
            ],
            [
                0,
                2,
                2,
                0
            ],
            [
                1,
                2,
                0,
                0
            ],
            [
                1,
                4,
                14,
                0
            ],
            [
                1,
                3,
                7,
                0
            ],
            [
                1,
                2,
                1,
                0
            ],
            [
                1,
                3,
                9,
                0
            ],
            [
                1,
                3,
                7,
                0
            ],
            [
                1,
                4,
                14,
                0
            ],
            [
                1,
                4,
                14,
                0
            ],
            [
                1,
                4,
                14,
                0
            ],
            [
                2,
                3,
                8,
                0
            ],
            [
                2,
                4,
                14,
                0
            ],
            [
                2,
                3,
                9,
                0
            ],
            [
                2,
                2,
                1,
                0
            ],
            [
                2,
                3,
                9,
                0
            ],
            [
                2,
                2,
                2,
                0
            ],
            [
                2,
                2,
                0,
                0
            ],
            [
                3,
                4,
                14,
                0
            ],
            [
                3,
                4,
                20,
                0
            ],
            [
                3,
                3,
                28,
                14
            ],
            [
                3,
                2,
                8,
                4
            ],
            [
                3,
                2,
                1,
                0
            ],
            [
                3,
                3,
                8,
                0
            ],
            [
                3,
                4,
                29,
                1
            ],
            [
                4,
                3,
                31,
                17
            ],
            [
                4,
                4,
                31,
                3
            ],
            [
                4,
                3,
                31,
                17
            ],
            [
                4,
                3,
                31,
                17
            ],
            [
                4,
                3,
                12,
                0
            ],
            [
                5,
                3,
                28,
                14
            ],
            [
                5,
                3,
                28,
                14
            ],
            [
                5,
                2,
                0,
                0
            ],
            [
                5,
                4,
                29,
                1
            ],
            [
                5,
                2,
                4,
                2
            ],
            [
                5,
                4,
                29,
                1
            ],
            [
                6,
                2,
                10,
                8
            ],
            [
                6,
                3,
                29,
                15
            ],
            [
                6,
                2,
                0,
                0
            ],
            [
                6,
                2,
                17,
                15
            ],
            [
                6,
                3,
                28,
                14
            ],
            [
                7,
                4,
                28,
                0
            ],
            [
                7,
                3,
                29,
                15
            ],
            [
                7,
                3,
                29,
                15
            ],
            [
                7,
                3,
                29,
                15
            ],
            [
                7,
                2,
                0,
                0
            ],
            [
                8,
                3,
                29,
                15
            ],
            [
                8,
                3,
                29,
                15
            ],
            [
                8,
                2,
                7,
                3
            ],
            [
                9,
                3,
                28,
                14
            ],
            [
                9,
                3,
                28,
                14
            ],
            [
                9,
                2,
                7,
                3
            ],
            [
                9,
                2,
                24,
                20
            ],
            [
                9,
                4,
                31,
                3
            ],
            [
                9,
                2,
                10,
                6
            ],
            [
                9,
                4,
                31,
                3
            ],
            [
                9,
                4,
                31,
                3
            ],
            [
                10,
                4,
                28,
                0
            ],
            [
                10,
                3,
                28,
                14
            ],
            [
                10,
                3,
                29,
                15
            ],
            [
                10,
                3,
                29,
                15
            ],
            [
                10,
                2,
                24,
                22
            ],
            [
                10,
                3,
                30,
                16
            ],
            [
                10,
                3,
                31,
                17
            ],
            [
                11,
                2,
                24,
                22
            ],
            [
                11,
                2,
                28,
                26
            ],
            [
                11,
                3,
                30,
                16
            ],
            [
                11,
                3,
                31,
                17
            ],
            [
                11,
                3,
                34,
                20
            ],
            [
                11,
                3,
                30,
                16
            ],
            [
                11,
                2,
                20,
                18
            ],
            [
                11,
                2,
                31,
                29
            ],
            [
                12,
                2,
                33,
                31
            ],
            [
                12,
                4,
                33,
                5
            ],
            [
                12,
                2,
                34,
                32
            ],
            [
                12,
                3,
                35,
                21
            ],
            [
                13,
                4,
                33,
                5
            ],
            [
                13,
                2,
                4,
                0
            ],
            [
                13,
                3,
                33,
                19
            ],
            [
                13,
                2,
                32,
                28
            ],
            [
                13,
                3,
                34,
                20
            ],
            [
                13,
                3,
                34,
                20
            ],
            [
                13,
                2,
                34,
                30
            ],
            [
                13,
                4,
                35,
                7
            ],
            [
                13,
                3,
                35,
                21
            ],
            [
                13,
                2,
                33,
                29
            ],
            [
                13,
                4,
                36,
                8
            ],
            [
                13,
                3,
                36,
                22
            ],
            [
                14,
                3,
                35,
                21
            ],
            [
                14,
                3,
                35,
                21
            ],
            [
                14,
                3,
                35,
                21
            ],
            [
                14,
                3,
                35,
                21
            ],
            [
                14,
                3,
                35,
                21
            ],
            [
                15,
                2,
                32,
                30
            ],
            [
                15,
                2,
                35,
                33
            ],
            [
                15,
                2,
                35,
                33
            ],
            [
                15,
                2,
                35,
                33
            ],
            [
                15,
                2,
                16,
                14
            ],
            [
                15,
                1,
                21,
                21
            ],
            [
                15,
                4,
                35,
                7
            ],
            [
                15,
                3,
                35,
                21
            ],
            [
                15,
                3,
                35,
                21
            ],
            [
                15,
                2,
                21,
                19
            ],
            [
                16,
                4,
                34,
                6
            ],
            [
                16,
                3,
                34,
                20
            ],
            [
                16,
                3,
                35,
                21
            ],
            [
                16,
                2,
                0,
                0
            ],
            [
                16,
                3,
                34,
                20
            ],
            [
                17,
                2,
                33,
                31
            ],
            [
                17,
                2,
                33,
                31
            ],
            [
                17,
                2,
                20,
                18
            ],
            [
                17,
                3,
                34,
                20
            ],
            [
                17,
                4,
                35,
                7
            ],
            [
                18,
                3,
                34,
                20
            ],
            [
                18,
                2,
                34,
                30
            ],
            [
                18,
                2,
                33,
                29
            ],
            [
                18,
                3,
                34,
                20
            ],
            [
                19,
                4,
                33,
                5
            ],
            [
                19,
                2,
                33,
                29
            ],
            [
                19,
                3,
                34,
                20
            ],
            [
                19,
                2,
                20,
                16
            ],
            [
                19,
                2,
                33,
                29
            ],
            [
                20,
                2,
                32,
                30
            ],
            [
                20,
                2,
                30,
                28
            ],
            [
                20,
                2,
                31,
                29
            ],
            [
                20,
                2,
                31,
                29
            ],
            [
                20,
                2,
                16,
                14
            ],
            [
                21,
                4,
                34,
                6
            ],
            [
                21,
                2,
                17,
                15
            ],
            [
                21,
                4,
                31,
                3
            ],
            [
                21,
                3,
                34,
                20
            ],
            [
                21,
                4,
                34,
                6
            ],
            [
                21,
                2,
                31,
                29
            ],
            [
                21,
                2,
                23,
                21
            ],
            [
                21,
                2,
                23,
                21
            ],
            [
                22,
                4,
                33,
                5
            ],
            [
                22,
                3,
                33,
                19
            ],
            [
                22,
                2,
                26,
                24
            ],
            [
                22,
                3,
                35,
                21
            ],
            [
                22,
                3,
                40,
                26
            ],
            [
                23,
                3,
                32,
                18
            ],
            [
                23,
                4,
                36,
                8
            ],
            [
                23,
                3,
                39,
                25
            ],
            [
                23,
                4,
                39,
                11
            ],
            [
                23,
                3,
                33,
                19
            ],
            [
                23,
                2,
                26,
                22
            ],
            [
                23,
                2,
                34,
                30
            ],
            [
                23,
                4,
                39,
                11
            ],
            [
                24,
                3,
                38,
                24
            ],
            [
                24,
                2,
                28,
                24
            ],
            [
                24,
                2,
                39,
                35
            ],
            [
                24,
                2,
                33,
                29
            ],
            [
                24,
                3,
                40,
                26
            ],
            [
                24,
                4,
                40,
                12
            ],
            [
                24,
                2,
                38,
                34
            ],
            [
                24,
                2,
                41,
                37
            ],
            [
                25,
                3,
                38,
                24
            ],
            [
                25,
                2,
                37,
                35
            ],
            [
                25,
                2,
                25,
                23
            ],
            [
                25,
                3,
                38,
                24
            ],
            [
                25,
                3,
                38,
                24
            ],
            [
                25,
                4,
                38,
                10
            ],
            [
                25,
                4,
                38,
                10
            ],
            [
                26,
                3,
                38,
                24
            ],
            [
                26,
                3,
                38,
                24
            ],
            [
                26,
                2,
                37,
                35
            ],
            [
                27,
                3,
                36,
                22
            ],
            [
                27,
                2,
                36,
                34
            ],
            [
                28,
                4,
                39,
                11
            ],
            [
                28,
                2,
                36,
                32
            ],
            [
                28,
                2,
                40,
                36
            ],
            [
                29,
                2,
                38,
                34
            ],
            [
                29,
                2,
                18,
                14
            ],
            [
                29,
                4,
                39,
                11
            ],
            [
                29,
                4,
                40,
                12
            ],
            [
                29,
                4,
                40,
                12
            ],
            [
                29,
                4,
                40,
                12
            ]
        ],
        "lWaitDayByPriority": [
            4853,
            21,
            1570,
            2043,
            1219
        ],
        "objval": 2756.057142857143,
        "std_occupancy": 45.259141188395425
    },
    "runtime": 0.6299254894256592,
    "simdays": 150,
    "solver": "greedy"
}