{
    "arrivalrate": 6.0,
    "ins_name": 110,
    "ins_path": null,
    "lNoNewPatients": [
        191,
        2,
        76,
        71,
        42
    ],
    "lNoPatients": [
        329,
        2,
        82,
        160,
        85
    ],
    "lNoSections": [
        2608,
        11,
        224,
        1549,
        824
    ],
    "mipgap": 1.0,
    "noLinacs": 4,
    "noSlotsPerDay": 120,
    "planningHorizon": 80,
    "runresult": {
        "avg_occupancy": 46.237500000000004,
        "feasibility": true,
        "lAvgLateDayByPriority": [
            16.413612565445025,
            13.5,
            10.736842105263158,
            24.704225352112676,
            12.80952380952381
        ],
        "lAvgWaitDayByPriority": [
            28.115183246073297,
            13.5,
            12.921052631578947,
            38.309859154929576,
            39.07142857142857
        ],
        "lLateDayByPriority": [
            3135,
            27,
            816,
            1754,
            538
        ],
        "lOccupancy": {
            "0": [
                0.0,
                0.0,
                0.0,
                0.0,
                0.0,
                0.0,
                0.0,
                0.0,
                0.0,
                0.0,
                0.0,
                0.0,
                0.0,
                0.0,
                1.25,
                0.0,
                0.0,
                0.0,
                0.0,
                0.0,
                0.0,
                0.0,
                0.0,
                0.0,
                0.0,
                0.0,
                0.0,
                0.0,
                0.0,
                0.0,
                0.0,
                0.0,
                0.0,
                0.0,
                0.0,
                0.0,
                0.0,
                0.0,
                0.0,
                0.0,
                0.0,
                0.0,
                0.0,
                1.0416666666666665,
                1.0416666666666665,
                1.0416666666666665,
                1.0416666666666665,
                1.0416666666666665,
                1.0416666666666665,
                1.0416666666666665,
                1.0416666666666665,
                1.0416666666666665,
                1.0416666666666665,
                0.0,
                0.0,
                0.0,
                0.0,
                0.0,
                0.0,
                0.0,
                0.0,
                0.0,
                0.0,
                0.0,
                0.0,
                0.0,
                0.0,
                0.0,
                0.0,
                0.0,
                0.0,
                0.0,
                0.0,
                0.0,
                0.0,
                0.0,
                0.0,
                0.0,
                0.0,
                0.0,
                0.0,
                0.0,
                0.0,
                0.0,
                0.0,
                0.0,
                0.0,
                0.0,
                0.0,
                0.0,
                0.0,
                0.0,
                0.0,
                0.0,
                0.0,
                0.0,
                0.0,
                0.0,
                0.0,
                0.0,
                0.0,
                0.0,
                0.0,
                0.0,
                0.0,
                0.0,
                0.0,
                0.0,
                0.0,
                0.0,
                0.0,
                0.0,
                0.0,
                0.0,
                0.0,
                0.0,
                0.0,
                0.0,
                0.0,
                0.0,
                0.0,
                0.0,
                0.0,
                0.0,
                0.0,
                0.0,
                0.0,
                0.0,
                0.0,
                0.0,
                0.0,
                0.0,
                0.0,
                0.0,
                0.0,
                0.0,
                0.0,
                0.0,
                0.0,
                0.0,
                0.0,
                0.0,
                0.0,
                0.0,
                0.0,
                0.0,
                0.0,
                0.0,
                0.0,
                0.0
            ],
            "1": [
                10.0,
                5.416666666666667,
                10.625,
                10.833333333333334,
                14.166666666666666,
                15.625,
                11.458333333333332,
                10.208333333333334,
                7.083333333333333,
                5.208333333333334,
                4.375,
                7.5,
                5.625,
                4.375,
                3.125,
                3.958333333333333,
                3.3333333333333335,
                3.3333333333333335,
                4.375,
                3.125,
                5.0,
                3.958333333333333,
                5.0,
                5.416666666666667,
                4.583333333333333,
                4.583333333333333,
                3.958333333333333,
                6.458333333333334,
                6.458333333333334,
                7.708333333333334,
                7.291666666666667,
                8.333333333333332,
                6.25,
                7.083333333333333,
                9.166666666666666,
                11.041666666666666,
                12.916666666666668,
                10.833333333333334,
                10.625,
                9.166666666666666,
                13.750000000000002,
                13.750000000000002,
                13.958333333333334,
                12.708333333333332,
                12.708333333333332,
                11.458333333333332,
                9.791666666666666,
                3.125,
                3.125,
                1.6666666666666667,
                0.0,
                0.0,
                0.0,
                0.0,
                0.0,
                0.0,
                0.0,
                0.0,
                0.0,
                5.625,
                0.0,
                0.0,
                0.0,
                0.0,
                0.0,
                0.0,
                0.0,
                0.0,
                0.0,
                0.0,
                0.0,
                0.0,
                0.0,
                0.0,
                0.0,
                0.0,
                0.0,
                0.0,
                0.0,
                0.0,
                0.0,
                0.0,
                0.0,
                0.0,
                0.0,
                0.0,
                0.0,
                0.0,
                0.0,
                0.0,
                0.0,
                0.0,
                0.0,
                0.0,
                0.0,
                0.0,
                0.0,
                0.0,
                0.0,
                0.0,
                0.0,
                0.0,
                0.0,
                0.0,
                0.0,
                0.0,
                0.0,
                0.0,
                0.0,
                0.0,
                0.0,
                0.0,
                0.0,
                0.0,
                0.0,
                0.0,
                0.0,
                0.0,
                0.0,
                0.0,
                0.0,
                0.0,
                0.0,
                0.0,
                0.0,
                0.0,
                0.0,
                0.0,
                0.0,
                0.0,
                0.0,
                0.0,
                0.0,
                0.0,
                0.0,
                0.0,
                0.0,
                0.0,
                0.0,
                0.0,
                0.0,
                0.0,
                0.0,
                0.0,
                0.0,
                0.0,
                0.0,
                0.0,
                0.0,
                0.0
            ],
            "2": [
                70.20833333333333,
                67.5,
                68.125,
                68.75,
                68.125,
                69.16666666666667,
                68.54166666666667,
                69.58333333333333,
                64.16666666666667,
                61.25000000000001,
                57.291666666666664,
                51.45833333333333,
                49.375,
                52.5,
                52.5,
                55.41666666666667,
                55.00000000000001,
                55.208333333333336,
                53.75,
                53.75,
                52.29166666666667,
                50.416666666666664,
                50.83333333333333,
                52.083333333333336,
                52.5,
                54.79166666666667,
                54.79166666666667,
                51.041666666666664,
                52.083333333333336,
                52.916666666666664,
                54.79166666666667,
                50.83333333333333,
                49.375,
                52.916666666666664,
                54.58333333333333,
                53.95833333333333,
                50.83333333333333,
                56.041666666666664,
                55.208333333333336,
                57.291666666666664,
                54.37499999999999,
                56.041666666666664,
                59.375,
                61.25000000000001,
                59.375,
                61.04166666666667,
                59.166666666666664,
                59.375,
                59.583333333333336,
                59.583333333333336,
                58.12500000000001,
                58.333333333333336,
                61.875,
                59.583333333333336,
                61.25000000000001,
                59.583333333333336,
                57.70833333333333,
                56.25,
                54.79166666666667,
                53.333333333333336,
                57.91666666666667,
                56.041666666666664,
                52.708333333333336,
                48.333333333333336,
                48.333333333333336,
                48.333333333333336,
                45.83333333333333,
                42.70833333333333,
                34.791666666666664,
                34.791666666666664,
                30.0,
                28.333333333333332,
                28.333333333333332,
                28.333333333333332,
                26.666666666666668,
                21.666666666666668,
                15.416666666666668,
                15.416666666666668,
                15.416666666666668,
                13.750000000000002,
                13.750000000000002,
                12.083333333333334,
                12.083333333333334,
                12.083333333333334,
                12.083333333333334,
                10.833333333333334,
                10.833333333333334,
                10.833333333333334,
                7.916666666666666,
                7.916666666666666,
                7.916666666666666,
                5.416666666666667,
                5.416666666666667,
                1.25,
                0.0,
                0.0,
                0.0,
                0.0,
                0.0,
                0.0,
                0.0,
                0.0,
                0.0,
                0.0,
                0.0,
                0.0,
                0.0,
                0.0,
                0.0,
                0.0,
                0.0,
                0.0,
                0.0,
                0.0,
                0.0,
                0.0,
                0.0,
                0.0,
                0.0,
                0.0,
                0.0,
                0.0,
                0.0,
                0.0,
                0.0,
                0.0,
                0.0,
                0.0,
                0.0,
                0.0,
                0.0,
                0.0,
                0.0,
                0.0,
                0.0,
                0.0,
                0.0,
                0.0,
                0.0,
                0.0,
                0.0,
                0.0,
                0.0,
                0.0,
                0.0,
                0.0,
                0.0,
                0.0,
                0.0,
                0.0
            ],
            "3": [
                13.541666666666666,
                14.374999999999998,
                14.374999999999998,
                12.916666666666668,
                14.374999999999998,
                14.374999999999998,
                17.291666666666668,
                18.75,
                25.624999999999996,
                30.0,
                37.291666666666664,
                39.791666666666664,
                43.541666666666664,
                41.66666666666667,
                41.66666666666667,
                39.166666666666664,
                39.166666666666664,
                39.166666666666664,
                40.208333333333336,
                41.25,
                41.25,
                45.0,
                42.291666666666664,
                41.875,
                41.875,
                39.166666666666664,
                40.625,
                40.625,
                39.166666666666664,
                37.708333333333336,
                36.25,
                39.58333333333333,
                42.083333333333336,
                38.125,
                35.208333333333336,
                33.75,
                35.41666666666667,
                31.041666666666668,
                32.708333333333336,
                31.25,
                29.375,
                27.916666666666668,
                25.0,
                22.5,
                24.583333333333332,
                22.916666666666664,
                23.958333333333336,
                23.958333333333336,
                22.916666666666664,
                22.916666666666664,
                23.541666666666668,
                22.5,
                20.208333333333332,
                23.541666666666668,
                21.666666666666668,
                23.75,
                26.25,
                27.500000000000004,
                27.291666666666664,
                25.624999999999996,
                25.416666666666664,
                26.875,
                27.916666666666668,
                27.916666666666668,
                21.875,
                21.875,
                20.833333333333336,
                20.833333333333336,
                20.833333333333336,
                20.833333333333336,
                19.791666666666664,
                16.458333333333332,
                14.791666666666666,
                13.333333333333334,
                13.333333333333334,
                12.083333333333334,
                12.083333333333334,
                12.083333333333334,
                12.083333333333334,
                12.083333333333334,
                10.833333333333334,
                6.458333333333334,
                5.208333333333334,
                5.208333333333334,
                5.208333333333334,
                5.208333333333334,
                5.208333333333334,
                5.208333333333334,
                4.166666666666666,
                3.125,
                3.125,
                1.0416666666666665,
                1.0416666666666665,
                1.0416666666666665,
                1.0416666666666665,
                0.0,
                0.0,
                0.0,
                0.0,
                0.0,
                0.0,
                0.0,
                0.0,
                0.0,
                0.0,
                0.0,
                0.0,
                0.0,
                0.0,
                0.0,
                0.0,
                0.0,
                0.0,
                0.0,
                0.0,
                0.0,
                0.0,
                0.0,
                0.0,
                0.0,
                0.0,
                0.0,
                0.0,
                0.0,
                0.0,
                0.0,
                0.0,
                0.0,
                0.0,
                0.0,
                0.0,
                0.0,
                0.0,
                0.0,
                0.0,
                0.0,
                0.0,
                0.0,
                0.0,
                0.0,
                0.0,
                0.0,
                0.0,
                0.0,
                0.0,
                0.0,
                0.0,
                0.0,
                0.0,
                0.0
            ],
            "overall": [
                93.75,
                87.29166666666667,
                93.125,
                92.5,
                96.66666666666667,
                99.16666666666667,
                97.29166666666667,
                98.54166666666666,
                96.875,
                96.45833333333334,
                98.95833333333333,
                98.75,
                98.54166666666666,
                98.54166666666667,
                98.54166666666667,
                98.54166666666667,
                97.5,
                97.70833333333334,
                98.33333333333334,
                98.125,
                98.54166666666667,
                99.375,
                98.125,
                99.375,
                98.95833333333334,
                98.54166666666667,
                99.375,
                98.125,
                97.70833333333334,
                98.33333333333334,
                98.33333333333334,
                98.74999999999999,
                97.70833333333334,
                98.125,
                98.95833333333333,
                98.75,
                99.16666666666667,
                97.91666666666667,
                98.54166666666669,
                97.70833333333333,
                97.5,
                97.70833333333334,
                98.33333333333333,
                97.5,
                97.70833333333333,
                96.45833333333334,
                93.95833333333334,
                87.5,
                86.66666666666666,
                85.20833333333334,
                82.70833333333334,
                81.875,
                83.125,
                83.125,
                82.91666666666667,
                83.33333333333334,
                83.95833333333333,
                83.75,
                82.08333333333334,
                84.58333333333333,
                83.33333333333334,
                82.91666666666666,
                80.625,
                76.25,
                70.20833333333334,
                70.20833333333334,
                66.66666666666666,
                63.541666666666664,
                55.625,
                55.625,
                49.791666666666664,
                44.791666666666664,
                43.125,
                41.666666666666664,
                40.0,
                33.75,
                27.5,
                27.5,
                27.5,
                25.833333333333336,
                24.583333333333336,
                18.541666666666668,
                17.291666666666668,
                17.291666666666668,
                17.291666666666668,
                16.041666666666668,
                16.041666666666668,
                16.041666666666668,
                12.083333333333332,
                11.041666666666666,
                11.041666666666666,
                6.458333333333334,
                6.458333333333334,
                2.2916666666666665,
                1.0416666666666665,
                0.0,
                0.0,
                0.0,
                0.0,
                0.0,
                0.0,
                0.0,
                0.0,
                0.0,
                0.0,
                0.0,
                0.0,
                0.0,
                0.0,
                0.0,
                0.0,
                0.0,
                0.0,
                0.0,
                0.0,
                0.0,
                0.0,
                0.0,
                0.0,
                0.0,
                0.0,
                0.0,
                0.0,
                0.0,
                0.0,
                0.0,
                0.0,
                0.0,
                0.0,
                0.0,
                0.0,
                0.0,
                0.0,
                0.0,
                0.0,
                0.0,
                0.0,
                0.0,
                0.0,
                0.0,
                0.0,
                0.0,
                0.0,
                0.0,
                0.0,
                0.0,
                0.0,
                0.0,
                0.0,
                0.0
            ]
        },
        "lWaitAndOverdue": [
            [
                0,
                3,
                10,
                0
            ],
            [
                0,
                4,
                14,
                0
            ],
            [
                0,
                3,
                7,
                0
            ],
            [
                0,
                2,
                2,
                0
            ],
            [
                0,
                3,
                8,
                0
            ],
            [
                0,
                2,
                2,
                0
            ],
            [
                0,
                2,
                0,
                0
            ],
            [
                0,
                4,
                14,
                0
            ],
            [
                0,
                4,
                14,
                0
            ],
            [
                1,
                3,
                8,
                0
            ],
            [
                1,
                2,
                1,
                0
            ],
            [
                1,
                2,
                2,
                0
            ],
            [
                1,
                3,
                9,
                0
            ],
            [
                1,
                4,
                14,
                0
            ],
            [
                1,
                3,
                20,
                6
            ],
            [
                1,
                4,
                20,
                0
            ],
            [
                1,
                3,
                34,
                20
            ],
            [
                1,
                3,
                35,
                21
            ],
            [
                2,
                3,
                23,
                9
            ],
            [
                2,
                3,
                34,
                20
            ],
            [
                2,
                3,
                34,
                20
            ],
            [
                2,
                2,
                0,
                0
            ],
            [
                2,
                4,
                34,
                6
            ],
            [
                2,
                2,
                0,
                0
            ],
            [
                2,
                4,
                34,
                6
            ],
            [
                2,
                2,
                2,
                0
            ],
            [
                3,
                3,
                35,
                21
            ],
            [
                3,
                2,
                4,
                0
            ],
            [
                3,
                2,
                0,
                0
            ],
            [
                3,
                3,
                34,
                20
            ],
            [
                3,
                4,
                34,
                6
            ],
            [
                3,
                3,
                35,
                21
            ],
            [
                3,
                3,
                35,
                21
            ],
            [
                3,
                3,
                36,
                22
            ],
            [
                3,
                2,
                4,
                0
            ],
            [
                3,
                3,
                36,
                22
            ],
            [
                4,
                3,
                35,
                21
            ],
            [
                4,
                2,
                0,
                0
            ],
            [
                4,
                3,
                38,
                24
            ],
            [
                4,
                3,
                39,
                25
            ],
            [
                4,
                2,
                0,
                0
            ],
            [
                4,
                2,
                0,
                0
            ],
            [
                4,
                4,
                39,
                11
            ],
            [
                5,
                2,
                1,
                0
            ],
            [
                5,
                4,
                37,
                9
            ],
            [
                5,
                4,
                36,
                8
            ],
            [
                5,
                4,
                36,
                8
            ],
            [
                5,
                3,
                38,
                24
            ],
            [
                5,
                3,
                38,
                24
            ],
            [
                5,
                3,
                38,
                24
            ],
            [
                6,
                2,
                0,
                0
            ],
            [
                6,
                3,
                37,
                23
            ],
            [
                6,
                3,
                38,
                24
            ],
            [
                6,
                2,
                1,
                0
            ],
            [
                6,
                2,
                1,
                0
            ],
            [
                6,
                3,
                38,
                24
            ],
            [
                6,
                3,
                41,
                27
            ],
            [
                7,
                3,
                40,
                26
            ],
            [
                7,
                3,
                36,
                22
            ],
            [
                7,
                2,
                2,
                0
            ],
            [
                7,
                2,
                2,
                0
            ],
            [
                7,
                2,
                6,
                4
            ],
            [
                7,
                4,
                41,
                13
            ],
            [
                7,
                2,
                6,
                4
            ],
            [
                7,
                3,
                42,
                28
            ],
            [
                7,
                4,
                41,
                13
            ],
            [
                7,
                2,
                0,
                0
            ],
            [
                7,
                3,
                41,
                27
            ],
            [
                7,
                2,
                5,
                3
            ],
            [
                8,
                3,
                41,
                27
            ],
            [
                8,
                3,
                41,
                27
            ],
            [
                8,
                2,
                6,
                2
            ],
            [
                8,
                4,
                19,
                0
            ],
            [
                8,
                3,
                41,
                27
            ],
            [
                8,
                2,
                11,
                7
            ],
            [
                8,
                4,
                42,
                14
            ],
            [
                9,
                3,
                41,
                27
            ],
            [
                9,
                3,
                41,
                27
            ],
            [
                9,
                3,
                41,
                27
            ],
            [
                9,
                3,
                42,
                28
            ],
            [
                9,
                3,
                42,
                28
            ],
            [
                10,
                3,
                42,
                28
            ],
            [
                10,
                2,
                8,
                6
            ],
            [
                10,
                2,
                10,
                8
            ],
            [
                10,
                2,
                10,
                8
            ],
            [
                10,
                2,
                15,
                13
            ],
            [
                10,
                2,
                3,
                1
            ],
            [
                10,
                1,
                4,
                4
            ],
            [
                10,
                4,
                42,
                14
            ],
            [
                11,
                3,
                41,
                27
            ],
            [
                11,
                3,
                41,
                27
            ],
            [
                11,
                2,
                9,
                7
            ],
            [
                11,
                4,
                41,
                13
            ],
            [
                12,
                3,
                40,
                26
            ],
            [
                12,
                3,
                41,
                27
            ],
            [
                13,
                2,
                4,
                0
            ],
            [
                13,
                3,
                40,
                26
            ],
            [
                13,
                2,
                14,
                10
            ],
            [
                14,
                2,
                10,
                6
            ],
            [
                14,
                2,
                13,
                9
            ],
            [
                14,
                3,
                40,
                26
            ],
            [
                14,
                4,
                38,
                10
            ],
            [
                14,
                3,
                41,
                27
            ],
            [
                14,
                2,
                19,
                15
            ],
            [
                14,
                2,
                14,
                10
            ],
            [
                14,
                3,
                40,
                26
            ],
            [
                14,
                4,
                42,
                14
            ],
            [
                15,
                2,
                14,
                12
            ],
            [
                15,
                3,
                37,
                23
            ],
            [
                15,
                2,
                9,
                7
            ],
            [
                15,
                2,
                16,
                14
            ],
            [
                15,
                2,
                22,
                20
            ],
            [
                15,
                2,
                17,
                15
            ],
            [
                15,
                2,
                23,
                21
            ],
            [
                15,
                2,
                18,
                16
            ],
            [
                16,
                2,
                22,
                20
            ],
            [
                16,
                4,
                38,
                10
            ],
            [
                16,
                2,
                14,
                12
            ],
            [
                16,
                4,
                37,
                9
            ],
            [
                16,
                3,
                41,
                27
            ],
            [
                16,
                4,
                41,
                13
            ],
            [
                17,
                2,
                21,
                19
            ],
            [
                17,
                2,
                16,
                14
            ],
            [
                17,
                2,
                22,
                20
            ],
            [
                17,
                4,
                41,
                13
            ],
            [
                17,
                3,
                42,
                28
            ],
            [
                18,
                2,
                18,
                14
            ],
            [
                18,
                3,
                46,
                32
            ],
            [
                18,
                3,
                48,
                34
            ],
            [
                18,
                3,
                42,
                28
            ],
            [
                18,
                4,
                46,
                18
            ],
            [
                19,
                3,
                46,
                32
            ],
            [
                19,
                4,
                48,
                20
            ],
            [
                19,
                3,
                47,
                33
            ],
            [
                19,
                2,
                17,
                13
            ],
            [
                19,
                2,
                21,
                17
            ],
            [
                19,
                4,
                48,
                20
            ],
            [
                19,
                3,
                48,
                34
            ],
            [
                19,
                2,
                20,
                16
            ],
            [
                20,
                2,
                22,
                20
            ],
            [
                20,
                2,
                21,
                19
            ],
            [
                20,
                3,
                45,
                31
            ],
            [
                20,
                4,
                45,
                17
            ],
            [
                20,
                2,
                23,
                21
            ],
            [
                20,
                2,
                28,
                26
            ],
            [
                20,
                3,
                46,
                32
            ],
            [
                21,
                2,
                17,
                15
            ],
            [
                21,
                2,
                20,
                18
            ],
            [
                21,
                3,
                45,
                31
            ],
            [
                21,
                3,
                48,
                34
            ],
            [
                21,
                4,
                48,
                20
            ],
            [
                21,
                4,
                48,
                20
            ],
            [
                21,
                3,
                48,
                34
            ],
            [
                21,
                3,
                48,
                34
            ],
            [
                22,
                2,
                26,
                24
            ],
            [
                22,
                3,
                47,
                33
            ],
            [
                22,
                2,
                26,
                24
            ],
            [
                22,
                4,
                48,
                20
            ],
            [
                22,
                2,
                19,
                17
            ],
            [
                22,
                2,
                27,
                25
            ],
            [
                23,
                2,
                26,
                22
            ],
            [
                23,
                2,
                19,
                15
            ],
            [
                23,
                4,
                47,
                19
            ],
            [
                23,
                4,
                47,
                19
            ],
            [
                24,
                4,
                47,
                19
            ],
            [
                24,
                4,
                48,
                20
            ],
            [
                24,
                3,
                48,
                34
            ],
            [
                24,
                2,
                24,
                20
            ],
            [
                24,
                3,
                48,
                34
            ],
            [
                24,
                2,
                19,
                15
            ],
            [
                25,
                2,
                23,
                21
            ],
            [
                25,
                3,
                45,
                31
            ],
            [
                25,
                2,
                46,
                44
            ],
            [
                25,
                2,
                23,
                21
            ],
            [
                25,
                2,
                23,
                21
            ],
            [
                26,
                1,
                23,
                23
            ],
            [
                26,
                2,
                27,
                25
            ],
            [
                27,
                2,
                26,
                24
            ],
            [
                27,
                3,
                47,
                33
            ],
            [
                27,
                3,
                47,
                33
            ],
            [
                27,
                4,
                47,
                19
            ],
            [
                27,
                3,
                47,
                33
            ],
            [
                27,
                2,
                5,
                3
            ],
            [
                27,
                4,
                48,
                20
            ],
            [
                27,
                4,
                48,
                20
            ],
            [
                27,
                2,
                15,
                13
            ],
            [
                27,
                4,
                48,
                20
            ],
            [
                27,
                4,
                48,
                20
            ],
            [
                29,
                4,
                46,
                18
            ],
            [
                29,
                3,
                46,
                32
            ],
            [
                29,
                4,
                47,
                19
            ]
        ],
        "lWaitDayByPriority": [
            5370,
            27,
            982,
            2720,
            1641
        ],
        "objval": 2603.342405309047,
        "std_occupancy": 43.654387785383804
    },
    "runtime": 0.7137813568115234,
    "simdays": 150,
    "solver": "greedy"
}