{
    "arrivalrate": 6.0,
    "ins_name": 135,
    "ins_path": null,
    "lNoNewPatients": [
        174,
        2,
        73,
        58,
        41
    ],
    "lNoPatients": [
        338,
        2,
        78,
        163,
        95
    ],
    "lNoSections": [
        2251,
        11,
        225,
        1261,
        754
    ],
    "mipgap": 1.0,
    "noLinacs": 4,
    "noSlotsPerDay": 120,
    "planningHorizon": 80,
    "runresult": {
        "avg_occupancy": 48.55694444444445,
        "feasibility": true,
        "lAvgLateDayByPriority": [
            20.06896551724138,
            19.0,
            17.273972602739725,
            25.603448275862068,
            17.26829268292683
        ],
        "lAvgWaitDayByPriority": [
            32.07471264367816,
            19.0,
            19.82191780821918,
            38.98275862068966,
            44.75609756097561
        ],
        "lLateDayByPriority": [
            3492,
            38,
            1261,
            1485,
            708
        ],
        "lOccupancy": {
            "0": [
                0.0,
                0.0,
                0.0,
                0.0,
                0.0,
                0.0,
                1.25,
                0.0,
                0.0,
                0.0,
                0.0,
                0.0,
                0.0,
                0.0,
                0.0,
                0.0,
                0.0,
                0.0,
                0.0,
                0.0,
                0.0,
                0.0,
                0.0,
                0.0,
                0.0,
                0.0,
                0.0,
                0.0,
                0.0,
                0.0,
                0.0,
                0.0,
                0.0,
                0.0,
                0.0,
                0.0,
                0.0,
                0.0,
                0.0,
                0.0,
                0.0,
                0.0,
                0.0,
                0.0,
                0.0,
                0.0,
                0.0,
                0.0,
                0.0,
                1.0416666666666665,
                1.0416666666666665,
                1.0416666666666665,
                1.0416666666666665,
                1.0416666666666665,
                1.0416666666666665,
                1.0416666666666665,
                1.0416666666666665,
                1.0416666666666665,
                1.0416666666666665,
                0.0,
                0.0,
                0.0,
                0.0,
                0.0,
                0.0,
                0.0,
                0.0,
                0.0,
                0.0,
                0.0,
                0.0,
                0.0,
                0.0,
                0.0,
                0.0,
                0.0,
                0.0,
                0.0,
                0.0,
                0.0,
                0.0,
                0.0,
                0.0,
                0.0,
                0.0,
                0.0,
                0.0,
                0.0,
                0.0,
                0.0,
                0.0,
                0.0,
                0.0,
                0.0,
                0.0,
                0.0,
                0.0,
                0.0,
                0.0,
                0.0,
                0.0,
                0.0,
                0.0,
                0.0,
                0.0,
                0.0,
                0.0,
                0.0,
                0.0,
                0.0,
                0.0,
                0.0,
                0.0,
                0.0,
                0.0,
                0.0,
                0.0,
                0.0,
                0.0,
                0.0,
                0.0,
                0.0,
                0.0,
                0.0,
                0.0,
                0.0,
                0.0,
                0.0,
                0.0,
                0.0,
                0.0,
                0.0,
                0.0,
                0.0,
                0.0,
                0.0,
                0.0,
                0.0,
                0.0,
                0.0,
                0.0,
                0.0,
                0.0,
                0.0,
                0.0,
                0.0,
                0.0,
                0.0,
                0.0,
                0.0
            ],
            "1": [
                7.5,
                15.0,
                6.875000000000001,
                7.291666666666667,
                8.75,
                8.958333333333334,
                7.708333333333334,
                7.291666666666667,
                3.125,
                5.416666666666667,
                3.958333333333333,
                6.25,
                4.375,
                3.125,
                3.125,
                3.5416666666666665,
                4.166666666666666,
                4.166666666666666,
                4.166666666666666,
                4.375,
                4.375,
                3.3333333333333335,
                3.3333333333333335,
                3.3333333333333335,
                4.375,
                4.166666666666666,
                3.958333333333333,
                4.166666666666666,
                4.583333333333333,
                4.166666666666666,
                3.125,
                3.5416666666666665,
                5.0,
                3.3333333333333335,
                3.3333333333333335,
                4.583333333333333,
                7.916666666666666,
                7.5,
                7.708333333333334,
                6.25,
                6.25,
                10.416666666666668,
                10.416666666666668,
                10.625,
                10.625,
                12.083333333333334,
                11.041666666666666,
                11.041666666666666,
                9.375,
                9.166666666666666,
                9.791666666666666,
                9.583333333333334,
                9.791666666666666,
                8.75,
                8.75,
                10.625,
                2.7083333333333335,
                2.7083333333333335,
                2.7083333333333335,
                2.7083333333333335,
                1.0416666666666665,
                1.0416666666666665,
                1.0416666666666665,
                0.0,
                0.0,
                0.0,
                0.0,
                0.0,
                0.0,
                0.0,
                0.0,
                0.0,
                0.0,
                0.0,
                0.0,
                0.0,
                0.0,
                0.0,
                0.0,
                0.0,
                0.0,
                0.0,
                0.0,
                0.0,
                0.0,
                0.0,
                0.0,
                0.0,
                0.0,
                0.0,
                0.0,
                0.0,
                0.0,
                0.0,
                0.0,
                0.0,
                0.0,
                0.0,
                0.0,
                0.0,
                0.0,
                0.0,
                0.0,
                0.0,
                0.0,
                0.0,
                0.0,
                0.0,
                0.0,
                0.0,
                0.0,
                0.0,
                0.0,
                0.0,
                0.0,
                0.0,
                0.0,
                0.0,
                0.0,
                0.0,
                0.0,
                0.0,
                0.0,
                0.0,
                0.0,
                0.0,
                0.0,
                0.0,
                0.0,
                0.0,
                0.0,
                0.0,
                0.0,
                0.0,
                0.0,
                0.0,
                0.0,
                0.0,
                0.0,
                0.0,
                0.0,
                0.0,
                0.0,
                0.0,
                0.0,
                0.0,
                0.0,
                0.0,
                0.0,
                0.0
            ],
            "2": [
                67.29166666666667,
                68.95833333333333,
                68.125,
                66.45833333333333,
                66.66666666666666,
                64.79166666666667,
                57.70833333333333,
                59.166666666666664,
                59.375,
                59.375,
                59.791666666666664,
                54.58333333333333,
                55.833333333333336,
                56.666666666666664,
                59.583333333333336,
                59.375,
                57.49999999999999,
                56.666666666666664,
                55.208333333333336,
                54.79166666666667,
                56.25,
                58.958333333333336,
                55.41666666666667,
                58.958333333333336,
                58.54166666666667,
                58.333333333333336,
                56.25,
                56.25,
                56.458333333333336,
                54.58333333333333,
                54.58333333333333,
                60.83333333333333,
                58.958333333333336,
                57.291666666666664,
                57.91666666666667,
                50.208333333333336,
                51.66666666666667,
                56.458333333333336,
                58.75,
                57.91666666666667,
                61.66666666666667,
                61.458333333333336,
                62.708333333333336,
                58.958333333333336,
                58.958333333333336,
                59.166666666666664,
                60.20833333333333,
                60.20833333333333,
                59.791666666666664,
                59.791666666666664,
                56.25,
                56.25,
                58.12500000000001,
                58.54166666666667,
                58.54166666666667,
                56.458333333333336,
                54.58333333333333,
                54.79166666666667,
                54.79166666666667,
                53.125,
                53.125,
                55.625,
                54.58333333333333,
                55.833333333333336,
                50.83333333333333,
                49.375,
                47.91666666666667,
                42.916666666666664,
                39.791666666666664,
                38.333333333333336,
                33.33333333333333,
                30.208333333333332,
                26.875,
                26.875,
                23.75,
                20.833333333333336,
                20.833333333333336,
                20.833333333333336,
                20.833333333333336,
                20.833333333333336,
                20.833333333333336,
                19.791666666666664,
                16.041666666666668,
                16.041666666666668,
                16.041666666666668,
                14.374999999999998,
                14.374999999999998,
                11.875,
                11.875,
                11.875,
                10.625,
                9.375,
                6.875000000000001,
                3.958333333333333,
                1.6666666666666667,
                1.6666666666666667,
                1.6666666666666667,
                0.0,
                0.0,
                0.0,
                0.0,
                0.0,
                0.0,
                0.0,
                0.0,
                0.0,
                0.0,
                0.0,
                0.0,
                0.0,
                0.0,
                0.0,
                0.0,
                0.0,
                0.0,
                0.0,
                0.0,
                0.0,
                0.0,
                0.0,
                0.0,
                0.0,
                0.0,
                0.0,
                0.0,
                0.0,
                0.0,
                0.0,
                0.0,
                0.0,
                0.0,
                0.0,
                0.0,
                0.0,
                0.0,
                0.0,
                0.0,
                0.0,
                0.0,
                0.0,
                0.0,
                0.0,
                0.0,
                0.0,
                0.0,
                0.0,
                0.0,
                0.0,
                0.0,
                0.0
            ],
            "3": [
                14.374999999999998,
                12.916666666666668,
                14.374999999999998,
                15.833333333333332,
                17.291666666666668,
                20.208333333333332,
                27.083333333333332,
                31.458333333333332,
                36.25,
                34.375,
                34.375,
                37.291666666666664,
                38.54166666666667,
                38.54166666666667,
                35.208333333333336,
                35.208333333333336,
                36.25,
                37.708333333333336,
                39.166666666666664,
                38.54166666666667,
                37.083333333333336,
                34.375,
                39.791666666666664,
                36.45833333333333,
                36.666666666666664,
                36.666666666666664,
                38.333333333333336,
                38.333333333333336,
                38.333333333333336,
                39.791666666666664,
                39.791666666666664,
                34.375,
                35.0,
                37.291666666666664,
                37.5,
                43.541666666666664,
                39.58333333333333,
                34.375,
                31.874999999999996,
                33.75,
                30.416666666666664,
                27.500000000000004,
                25.416666666666664,
                28.958333333333336,
                28.749999999999996,
                27.708333333333336,
                27.708333333333336,
                26.666666666666668,
                27.500000000000004,
                27.708333333333336,
                31.041666666666668,
                31.041666666666668,
                29.375,
                29.375,
                29.166666666666668,
                28.125,
                32.083333333333336,
                31.25,
                29.791666666666668,
                31.041666666666668,
                30.208333333333332,
                28.125,
                29.375,
                28.333333333333332,
                32.5,
                33.33333333333333,
                31.25,
                29.583333333333332,
                27.708333333333336,
                26.458333333333332,
                24.791666666666668,
                23.125,
                23.125,
                23.125,
                21.666666666666668,
                16.875,
                14.791666666666666,
                14.791666666666666,
                13.541666666666666,
                11.875,
                11.875,
                9.791666666666666,
                7.708333333333334,
                5.625,
                3.3333333333333335,
                3.3333333333333335,
                3.3333333333333335,
                3.3333333333333335,
                3.3333333333333335,
                2.083333333333333,
                1.0416666666666665,
                1.0416666666666665,
                0.0,
                0.0,
                0.0,
                0.0,
                0.0,
                0.0,
                0.0,
                0.0,
                0.0,
                0.0,
                0.0,
                0.0,
                0.0,
                0.0,
                0.0,
                0.0,
                0.0,
                0.0,
                0.0,
                0.0,
                0.0,
                0.0,
                0.0,
                0.0,
                0.0,
                0.0,
                0.0,
                0.0,
                0.0,
                0.0,
                0.0,
                0.0,
                0.0,
                0.0,
                0.0,
                0.0,
                0.0,
                0.0,
                0.0,
                0.0,
                0.0,
                0.0,
                0.0,
                0.0,
                0.0,
                0.0,
                0.0,
                0.0,
                0.0,
                0.0,
                0.0,
                0.0,
                0.0,
                0.0,
                0.0,
                0.0,
                0.0,
                0.0
            ],
            "overall": [
                89.16666666666667,
                96.875,
                89.375,
                89.58333333333333,
                92.70833333333333,
                93.95833333333333,
                93.74999999999999,
                97.91666666666666,
                98.75,
                99.16666666666667,
                98.125,
                98.125,
                98.75,
                98.33333333333334,
                97.91666666666667,
                98.125,
                97.91666666666666,
                98.54166666666666,
                98.54166666666666,
                97.70833333333334,
                97.70833333333334,
                96.66666666666667,
                98.54166666666667,
                98.75,
                99.58333333333334,
                99.16666666666666,
                98.54166666666667,
                98.75,
                99.375,
                98.54166666666666,
                97.5,
                98.75,
                98.95833333333334,
                97.91666666666666,
                98.75,
                98.33333333333334,
                99.16666666666666,
                98.33333333333334,
                98.33333333333333,
                97.91666666666667,
                98.33333333333334,
                99.375,
                98.54166666666666,
                98.54166666666669,
                98.33333333333334,
                98.95833333333334,
                98.95833333333334,
                97.91666666666667,
                96.66666666666666,
                97.70833333333334,
                98.125,
                97.91666666666667,
                98.33333333333334,
                97.70833333333334,
                97.50000000000001,
                96.25,
                90.41666666666666,
                89.79166666666667,
                88.33333333333334,
                86.875,
                84.375,
                84.79166666666666,
                85.0,
                84.16666666666667,
                83.33333333333333,
                82.70833333333333,
                79.16666666666667,
                72.5,
                67.5,
                64.79166666666667,
                58.125,
                53.33333333333333,
                50.0,
                50.0,
                45.41666666666667,
                37.708333333333336,
                35.625,
                35.625,
                34.375,
                32.708333333333336,
                32.708333333333336,
                29.58333333333333,
                23.75,
                21.666666666666668,
                19.375,
                17.708333333333332,
                17.708333333333332,
                15.208333333333334,
                15.208333333333334,
                13.958333333333332,
                11.666666666666666,
                10.416666666666666,
                6.875000000000001,
                3.958333333333333,
                1.6666666666666667,
                1.6666666666666667,
                1.6666666666666667,
                0.0,
                0.0,
                0.0,
                0.0,
                0.0,
                0.0,
                0.0,
                0.0,
                0.0,
                0.0,
                0.0,
                0.0,
                0.0,
                0.0,
                0.0,
                0.0,
                0.0,
                0.0,
                0.0,
                0.0,
                0.0,
                0.0,
                0.0,
                0.0,
                0.0,
                0.0,
                0.0,
                0.0,
                0.0,
                0.0,
                0.0,
                0.0,
                0.0,
                0.0,
                0.0,
                0.0,
                0.0,
                0.0,
                0.0,
                0.0,
                0.0,
                0.0,
                0.0,
                0.0,
                0.0,
                0.0,
                0.0,
                0.0,
                0.0,
                0.0,
                0.0,
                0.0,
                0.0
            ]
        },
        "lWaitAndOverdue": [
            [
                0,
                3,
                7,
                0
            ],
            [
                0,
                2,
                0,
                0
            ],
            [
                0,
                2,
                1,
                0
            ],
            [
                0,
                3,
                37,
                23
            ],
            [
                0,
                3,
                17,
                3
            ],
            [
                0,
                3,
                21,
                7
            ],
            [
                1,
                3,
                16,
                2
            ],
            [
                1,
                2,
                0,
                0
            ],
            [
                1,
                2,
                0,
                0
            ],
            [
                1,
                2,
                0,
                0
            ],
            [
                1,
                4,
                48,
                20
            ],
            [
                1,
                2,
                0,
                0
            ],
            [
                1,
                3,
                9,
                0
            ],
            [
                2,
                4,
                28,
                0
            ],
            [
                2,
                2,
                2,
                0
            ],
            [
                2,
                3,
                13,
                0
            ],
            [
                2,
                2,
                2,
                0
            ],
            [
                2,
                3,
                7,
                0
            ],
            [
                2,
                3,
                12,
                0
            ],
            [
                3,
                2,
                4,
                0
            ],
            [
                3,
                4,
                7,
                0
            ],
            [
                3,
                3,
                6,
                0
            ],
            [
                3,
                2,
                0,
                0
            ],
            [
                3,
                4,
                43,
                15
            ],
            [
                3,
                3,
                40,
                26
            ],
            [
                4,
                3,
                42,
                28
            ],
            [
                4,
                3,
                12,
                0
            ],
            [
                4,
                3,
                41,
                27
            ],
            [
                4,
                3,
                10,
                0
            ],
            [
                5,
                3,
                43,
                29
            ],
            [
                5,
                2,
                1,
                0
            ],
            [
                5,
                2,
                4,
                2
            ],
            [
                5,
                2,
                0,
                0
            ],
            [
                6,
                2,
                3,
                1
            ],
            [
                6,
                2,
                0,
                0
            ],
            [
                6,
                1,
                0,
                0
            ],
            [
                6,
                4,
                42,
                14
            ],
            [
                7,
                3,
                42,
                28
            ],
            [
                7,
                3,
                43,
                29
            ],
            [
                7,
                2,
                6,
                4
            ],
            [
                7,
                4,
                40,
                12
            ],
            [
                7,
                3,
                42,
                28
            ],
            [
                7,
                3,
                43,
                29
            ],
            [
                7,
                2,
                0,
                0
            ],
            [
                7,
                3,
                41,
                27
            ],
            [
                7,
                2,
                6,
                4
            ],
            [
                7,
                2,
                6,
                4
            ],
            [
                7,
                2,
                7,
                5
            ],
            [
                7,
                3,
                42,
                28
            ],
            [
                8,
                4,
                39,
                11
            ],
            [
                8,
                3,
                42,
                28
            ],
            [
                8,
                2,
                12,
                8
            ],
            [
                8,
                2,
                11,
                7
            ],
            [
                8,
                3,
                41,
                27
            ],
            [
                9,
                4,
                38,
                10
            ],
            [
                9,
                2,
                13,
                9
            ],
            [
                9,
                3,
                42,
                28
            ],
            [
                9,
                2,
                11,
                7
            ],
            [
                9,
                2,
                14,
                10
            ],
            [
                9,
                2,
                33,
                29
            ],
            [
                9,
                2,
                14,
                10
            ],
            [
                9,
                2,
                34,
                30
            ],
            [
                9,
                2,
                21,
                17
            ],
            [
                10,
                2,
                18,
                16
            ],
            [
                10,
                4,
                45,
                17
            ],
            [
                10,
                2,
                10,
                8
            ],
            [
                10,
                4,
                46,
                18
            ],
            [
                10,
                3,
                49,
                35
            ],
            [
                11,
                4,
                45,
                17
            ],
            [
                11,
                2,
                20,
                18
            ],
            [
                11,
                2,
                20,
                18
            ],
            [
                11,
                2,
                21,
                19
            ],
            [
                11,
                4,
                42,
                14
            ],
            [
                11,
                3,
                42,
                28
            ],
            [
                12,
                2,
                21,
                19
            ],
            [
                12,
                3,
                40,
                26
            ],
            [
                12,
                3,
                48,
                34
            ],
            [
                12,
                3,
                42,
                28
            ],
            [
                12,
                4,
                43,
                15
            ],
            [
                13,
                3,
                41,
                27
            ],
            [
                13,
                4,
                36,
                8
            ],
            [
                14,
                3,
                40,
                26
            ],
            [
                14,
                2,
                20,
                16
            ],
            [
                14,
                2,
                27,
                23
            ],
            [
                14,
                4,
                41,
                13
            ],
            [
                14,
                3,
                35,
                21
            ],
            [
                14,
                2,
                31,
                27
            ],
            [
                14,
                2,
                21,
                17
            ],
            [
                14,
                2,
                32,
                28
            ],
            [
                15,
                3,
                45,
                31
            ],
            [
                15,
                4,
                46,
                18
            ],
            [
                15,
                2,
                32,
                30
            ],
            [
                15,
                2,
                21,
                19
            ],
            [
                15,
                3,
                51,
                37
            ],
            [
                15,
                2,
                22,
                20
            ],
            [
                15,
                2,
                36,
                34
            ],
            [
                15,
                3,
                49,
                35
            ],
            [
                16,
                3,
                51,
                37
            ],
            [
                16,
                4,
                44,
                16
            ],
            [
                16,
                4,
                42,
                14
            ],
            [
                16,
                3,
                50,
                36
            ],
            [
                16,
                3,
                50,
                36
            ],
            [
                16,
                2,
                35,
                33
            ],
            [
                17,
                3,
                44,
                30
            ],
            [
                17,
                2,
                35,
                33
            ],
            [
                18,
                4,
                46,
                18
            ],
            [
                18,
                2,
                19,
                15
            ],
            [
                18,
                2,
                39,
                35
            ],
            [
                18,
                2,
                35,
                31
            ],
            [
                18,
                2,
                14,
                10
            ],
            [
                18,
                4,
                46,
                18
            ],
            [
                19,
                4,
                45,
                17
            ],
            [
                19,
                4,
                45,
                17
            ],
            [
                19,
                4,
                41,
                13
            ],
            [
                19,
                3,
                42,
                28
            ],
            [
                19,
                2,
                38,
                34
            ],
            [
                19,
                3,
                42,
                28
            ],
            [
                20,
                2,
                22,
                20
            ],
            [
                20,
                2,
                36,
                34
            ],
            [
                20,
                3,
                49,
                35
            ],
            [
                21,
                2,
                48,
                46
            ],
            [
                21,
                2,
                35,
                33
            ],
            [
                21,
                2,
                35,
                33
            ],
            [
                21,
                1,
                38,
                38
            ],
            [
                21,
                2,
                36,
                34
            ],
            [
                21,
                2,
                38,
                36
            ],
            [
                22,
                3,
                54,
                40
            ],
            [
                22,
                3,
                51,
                37
            ],
            [
                22,
                4,
                48,
                20
            ],
            [
                22,
                3,
                50,
                36
            ],
            [
                22,
                2,
                6,
                4
            ],
            [
                22,
                4,
                44,
                16
            ],
            [
                23,
                4,
                47,
                19
            ],
            [
                23,
                2,
                21,
                17
            ],
            [
                23,
                4,
                46,
                18
            ],
            [
                23,
                4,
                47,
                19
            ],
            [
                23,
                4,
                50,
                22
            ],
            [
                24,
                3,
                49,
                35
            ],
            [
                24,
                4,
                49,
                21
            ],
            [
                24,
                3,
                47,
                33
            ],
            [
                24,
                3,
                47,
                33
            ],
            [
                24,
                4,
                52,
                24
            ],
            [
                24,
                4,
                47,
                19
            ],
            [
                24,
                3,
                53,
                39
            ],
            [
                24,
                2,
                25,
                21
            ],
            [
                24,
                2,
                38,
                34
            ],
            [
                25,
                3,
                51,
                37
            ],
            [
                25,
                4,
                52,
                24
            ],
            [
                25,
                4,
                53,
                25
            ],
            [
                25,
                4,
                51,
                23
            ],
            [
                25,
                4,
                52,
                24
            ],
            [
                25,
                2,
                24,
                22
            ],
            [
                26,
                2,
                35,
                33
            ],
            [
                26,
                4,
                55,
                27
            ],
            [
                26,
                2,
                35,
                33
            ],
            [
                26,
                4,
                52,
                24
            ],
            [
                27,
                2,
                34,
                32
            ],
            [
                27,
                3,
                48,
                34
            ],
            [
                27,
                3,
                48,
                34
            ],
            [
                28,
                3,
                50,
                36
            ],
            [
                28,
                3,
                48,
                34
            ],
            [
                28,
                2,
                13,
                9
            ],
            [
                28,
                4,
                54,
                26
            ],
            [
                28,
                4,
                50,
                22
            ],
            [
                28,
                3,
                50,
                36
            ],
            [
                28,
                2,
                22,
                18
            ],
            [
                28,
                4,
                48,
                20
            ],
            [
                29,
                3,
                46,
                32
            ],
            [
                29,
                2,
                33,
                29
            ],
            [
                29,
                3,
                48,
                34
            ],
            [
                29,
                2,
                33,
                29
            ],
            [
                29,
                2,
                34,
                30
            ],
            [
                29,
                2,
                34,
                30
            ],
            [
                29,
                2,
                38,
                34
            ]
        ],
        "lWaitDayByPriority": [
            5581,
            38,
            1447,
            2261,
            1835
        ],
        "objval": 2751.103747825386,
        "std_occupancy": 44.58040032321822
    },
    "runtime": 5.133509635925293,
    "simdays": 150,
    "solver": "weekly"
}