{
    "arrivalrate": 6.0,
    "ins_name": 200,
    "ins_path": null,
    "lNoNewPatients": [
        156,
        2,
        66,
        55,
        33
    ],
    "lNoPatients": [
        307,
        2,
        71,
        151,
        83
    ],
    "lNoSections": [
        2071,
        11,
        198,
        1217,
        645
    ],
    "mipgap": 1.0,
    "noLinacs": 4,
    "noSlotsPerDay": 120,
    "planningHorizon": 80,
    "runresult": {
        "avg_occupancy": 43.980555555555554,
        "feasibility": true,
        "lAvgLateDayByPriority": [
            14.166666666666666,
            10.5,
            9.863636363636363,
            22.490909090909092,
            9.121212121212121
        ],
        "lAvgWaitDayByPriority": [
            25.378205128205128,
            10.5,
            12.181818181818182,
            35.72727272727273,
            35.42424242424242
        ],
        "lLateDayByPriority": [
            2210,
            21,
            651,
            1237,
            301
        ],
        "lOccupancy": {
            "0": [
                0.0,
                0.0,
                0.0,
                0.0,
                0.0,
                0.0,
                0.0,
                0.0,
                0.0,
                0.0,
                1.25,
                0.0,
                0.0,
                0.0,
                0.0,
                0.0,
                0.0,
                0.0,
                0.0,
                0.0,
                0.0,
                0.0,
                0.0,
                0.0,
                0.0,
                0.0,
                0.0,
                0.0,
                0.0,
                0.0,
                0.0,
                0.0,
                0.0,
                0.0,
                0.0,
                0.0,
                0.0,
                0.0,
                0.0,
                0.0,
                0.0,
                0.0,
                1.0416666666666665,
                1.0416666666666665,
                1.0416666666666665,
                1.0416666666666665,
                1.0416666666666665,
                1.0416666666666665,
                1.0416666666666665,
                1.0416666666666665,
                1.0416666666666665,
                1.0416666666666665,
                0.0,
                0.0,
                0.0,
                0.0,
                0.0,
                0.0,
                0.0,
                0.0,
                0.0,
                0.0,
                0.0,
                0.0,
                0.0,
                0.0,
                0.0,
                0.0,
                0.0,
                0.0,
                0.0,
                0.0,
                0.0,
                0.0,
                0.0,
                0.0,
                0.0,
                0.0,
                0.0,
                0.0,
                0.0,
                0.0,
                0.0,
                0.0,
                0.0,
                0.0,
                0.0,
                0.0,
                0.0,
                0.0,
                0.0,
                0.0,
                0.0,
                0.0,
                0.0,
                0.0,
                0.0,
                0.0,
                0.0,
                0.0,
                0.0,
                0.0,
                0.0,
                0.0,
                0.0,
                0.0,
                0.0,
                0.0,
                0.0,
                0.0,
                0.0,
                0.0,
                0.0,
                0.0,
                0.0,
                0.0,
                0.0,
                0.0,
                0.0,
                0.0,
                0.0,
                0.0,
                0.0,
                0.0,
                0.0,
                0.0,
                0.0,
                0.0,
                0.0,
                0.0,
                0.0,
                0.0,
                0.0,
                0.0,
                0.0,
                0.0,
                0.0,
                0.0,
                0.0,
                0.0,
                0.0,
                0.0,
                0.0,
                0.0,
                0.0,
                0.0,
                0.0,
                0.0,
                0.0,
                0.0
            ],
            "1": [
                7.291666666666667,
                4.166666666666666,
                8.75,
                8.958333333333334,
                12.5,
                7.5,
                5.416666666666667,
                5.208333333333334,
                6.875000000000001,
                4.791666666666667,
                6.458333333333334,
                4.791666666666667,
                3.3333333333333335,
                3.958333333333333,
                4.375,
                4.375,
                3.958333333333333,
                3.958333333333333,
                3.125,
                4.791666666666667,
                4.791666666666667,
                4.791666666666667,
                5.416666666666667,
                7.083333333333333,
                5.208333333333334,
                5.208333333333334,
                5.208333333333334,
                3.958333333333333,
                5.208333333333334,
                5.0,
                5.0,
                3.3333333333333335,
                6.666666666666667,
                6.666666666666667,
                9.166666666666666,
                9.166666666666666,
                10.625,
                10.833333333333334,
                10.625,
                9.583333333333334,
                9.791666666666666,
                10.416666666666668,
                8.958333333333334,
                8.958333333333334,
                9.375,
                10.833333333333334,
                11.458333333333332,
                8.125,
                8.125,
                1.6666666666666667,
                1.6666666666666667,
                0.0,
                0.0,
                0.0,
                0.0,
                5.625,
                0.0,
                0.0,
                0.0,
                0.0,
                0.0,
                0.0,
                0.0,
                0.0,
                0.0,
                0.0,
                0.0,
                0.0,
                0.0,
                0.0,
                0.0,
                0.0,
                0.0,
                0.0,
                0.0,
                0.0,
                0.0,
                0.0,
                0.0,
                0.0,
                0.0,
                0.0,
                0.0,
                0.0,
                0.0,
                0.0,
                0.0,
                0.0,
                0.0,
                0.0,
                0.0,
                0.0,
                0.0,
                0.0,
                0.0,
                0.0,
                0.0,
                0.0,
                0.0,
                0.0,
                0.0,
                0.0,
                0.0,
                0.0,
                0.0,
                0.0,
                0.0,
                0.0,
                0.0,
                0.0,
                0.0,
                0.0,
                0.0,
                0.0,
                0.0,
                0.0,
                0.0,
                0.0,
                0.0,
                0.0,
                0.0,
                0.0,
                0.0,
                0.0,
                0.0,
                0.0,
                0.0,
                0.0,
                0.0,
                0.0,
                0.0,
                0.0,
                0.0,
                0.0,
                0.0,
                0.0,
                0.0,
                0.0,
                0.0,
                0.0,
                0.0,
                0.0,
                0.0,
                0.0,
                0.0,
                0.0,
                0.0,
                0.0,
                0.0,
                0.0
            ],
            "2": [
                69.58333333333333,
                68.125,
                68.125,
                65.83333333333333,
                63.125,
                66.875,
                61.66666666666667,
                58.958333333333336,
                56.458333333333336,
                52.29166666666667,
                52.29166666666667,
                51.87500000000001,
                52.29166666666667,
                55.208333333333336,
                51.87500000000001,
                51.87500000000001,
                51.041666666666664,
                50.625,
                50.625,
                51.041666666666664,
                52.916666666666664,
                53.75,
                52.5,
                51.45833333333333,
                49.166666666666664,
                51.66666666666667,
                53.541666666666664,
                53.541666666666664,
                51.87500000000001,
                50.0,
                52.916666666666664,
                56.666666666666664,
                52.29166666666667,
                54.58333333333333,
                56.041666666666664,
                54.79166666666667,
                56.458333333333336,
                55.625,
                55.833333333333336,
                54.58333333333333,
                54.58333333333333,
                57.70833333333333,
                57.70833333333333,
                59.375,
                62.916666666666664,
                62.916666666666664,
                63.74999999999999,
                63.33333333333333,
                64.375,
                60.20833333333333,
                63.541666666666664,
                63.541666666666664,
                60.62499999999999,
                58.333333333333336,
                59.583333333333336,
                56.25,
                62.083333333333336,
                60.62499999999999,
                57.91666666666667,
                54.79166666666667,
                51.66666666666667,
                50.0,
                50.0,
                48.541666666666664,
                40.625,
                35.0,
                33.541666666666664,
                28.749999999999996,
                27.083333333333332,
                27.083333333333332,
                27.083333333333332,
                22.291666666666668,
                18.958333333333332,
                17.5,
                15.833333333333332,
                12.5,
                12.5,
                10.833333333333334,
                10.833333333333334,
                10.833333333333334,
                10.833333333333334,
                9.583333333333334,
                9.583333333333334,
                8.333333333333332,
                6.666666666666667,
                6.666666666666667,
                5.416666666666667,
                4.166666666666666,
                4.166666666666666,
                1.25,
                1.25,
                0.0,
                0.0,
                0.0,
                0.0,
                0.0,
                0.0,
                0.0,
                0.0,
                0.0,
                0.0,
                0.0,
                0.0,
                0.0,
                0.0,
                0.0,
                0.0,
                0.0,
                0.0,
                0.0,
                0.0,
                0.0,
                0.0,
                0.0,
                0.0,
                0.0,
                0.0,
                0.0,
                0.0,
                0.0,
                0.0,
                0.0,
                0.0,
                0.0,
                0.0,
                0.0,
                0.0,
                0.0,
                0.0,
                0.0,
                0.0,
                0.0,
                0.0,
                0.0,
                0.0,
                0.0,
                0.0,
                0.0,
                0.0,
                0.0,
                0.0,
                0.0,
                0.0,
                0.0,
                0.0,
                0.0,
                0.0,
                0.0,
                0.0,
                0.0
            ],
            "3": [
                13.958333333333334,
                15.416666666666668,
                15.416666666666668,
                16.875,
                20.208333333333332,
                22.916666666666664,
                30.0,
                34.375,
                34.375,
                38.125,
                36.25,
                41.041666666666664,
                42.083333333333336,
                38.958333333333336,
                42.5,
                42.5,
                43.541666666666664,
                43.541666666666664,
                43.333333333333336,
                41.66666666666667,
                40.208333333333336,
                39.791666666666664,
                41.041666666666664,
                41.041666666666664,
                45.0,
                42.083333333333336,
                40.625,
                40.625,
                42.083333333333336,
                43.541666666666664,
                40.833333333333336,
                38.125,
                37.708333333333336,
                36.875,
                33.541666666666664,
                35.208333333333336,
                32.29166666666667,
                32.083333333333336,
                30.833333333333336,
                31.874999999999996,
                31.874999999999996,
                29.583333333333332,
                29.791666666666668,
                28.333333333333332,
                23.541666666666668,
                20.625,
                20.625,
                19.166666666666668,
                19.166666666666668,
                22.916666666666664,
                20.416666666666668,
                20.416666666666668,
                23.958333333333336,
                25.208333333333332,
                23.958333333333336,
                23.958333333333336,
                22.291666666666668,
                23.75,
                23.125,
                22.083333333333332,
                20.833333333333336,
                19.791666666666664,
                19.791666666666664,
                19.791666666666664,
                18.75,
                18.75,
                18.75,
                18.75,
                15.416666666666668,
                13.750000000000002,
                13.750000000000002,
                12.5,
                11.041666666666666,
                11.041666666666666,
                11.041666666666666,
                11.041666666666666,
                11.041666666666666,
                7.5,
                4.166666666666666,
                4.166666666666666,
                4.166666666666666,
                4.166666666666666,
                3.125,
                3.125,
                3.125,
                1.0416666666666665,
                1.0416666666666665,
                0.0,
                0.0,
                0.0,
                0.0,
                0.0,
                0.0,
                0.0,
                0.0,
                0.0,
                0.0,
                0.0,
                0.0,
                0.0,
                0.0,
                0.0,
                0.0,
                0.0,
                0.0,
                0.0,
                0.0,
                0.0,
                0.0,
                0.0,
                0.0,
                0.0,
                0.0,
                0.0,
                0.0,
                0.0,
                0.0,
                0.0,
                0.0,
                0.0,
                0.0,
                0.0,
                0.0,
                0.0,
                0.0,
                0.0,
                0.0,
                0.0,
                0.0,
                0.0,
                0.0,
                0.0,
                0.0,
                0.0,
                0.0,
                0.0,
                0.0,
                0.0,
                0.0,
                0.0,
                0.0,
                0.0,
                0.0,
                0.0,
                0.0,
                0.0,
                0.0,
                0.0,
                0.0,
                0.0
            ],
            "overall": [
                90.83333333333333,
                87.70833333333334,
                92.29166666666667,
                91.66666666666666,
                95.83333333333333,
                97.29166666666666,
                97.08333333333334,
                98.54166666666667,
                97.70833333333334,
                95.20833333333334,
                96.25,
                97.70833333333334,
                97.70833333333334,
                98.125,
                98.75,
                98.75,
                98.54166666666666,
                98.125,
                97.08333333333334,
                97.5,
                97.91666666666666,
                98.33333333333333,
                98.95833333333333,
                99.58333333333333,
                99.375,
                98.95833333333334,
                99.375,
                98.125,
                99.16666666666669,
                98.54166666666666,
                98.75,
                98.125,
                96.66666666666667,
                98.125,
                98.75,
                99.16666666666667,
                99.37500000000001,
                98.54166666666666,
                97.29166666666669,
                96.04166666666666,
                96.25,
                97.70833333333333,
                97.5,
                97.70833333333333,
                96.875,
                95.41666666666666,
                96.87499999999999,
                91.66666666666667,
                92.70833333333334,
                85.83333333333333,
                86.66666666666667,
                85.0,
                84.58333333333333,
                83.54166666666667,
                83.54166666666667,
                85.83333333333334,
                84.375,
                84.375,
                81.04166666666667,
                76.875,
                72.5,
                69.79166666666666,
                69.79166666666666,
                68.33333333333333,
                59.375,
                53.75,
                52.291666666666664,
                47.5,
                42.5,
                40.833333333333336,
                40.833333333333336,
                34.79166666666667,
                30.0,
                28.541666666666664,
                26.875,
                23.541666666666664,
                23.541666666666664,
                18.333333333333336,
                15.0,
                15.0,
                15.0,
                13.75,
                12.708333333333334,
                11.458333333333332,
                9.791666666666668,
                7.708333333333334,
                6.458333333333334,
                4.166666666666666,
                4.166666666666666,
                1.25,
                1.25,
                0.0,
                0.0,
                0.0,
                0.0,
                0.0,
                0.0,
                0.0,
                0.0,
                0.0,
                0.0,
                0.0,
                0.0,
                0.0,
                0.0,
                0.0,
                0.0,
                0.0,
                0.0,
                0.0,
                0.0,
                0.0,
                0.0,
                0.0,
                0.0,
                0.0,
                0.0,
                0.0,
                0.0,
                0.0,
                0.0,
                0.0,
                0.0,
                0.0,
                0.0,
                0.0,
                0.0,
                0.0,
                0.0,
                0.0,
                0.0,
                0.0,
                0.0,
                0.0,
                0.0,
                0.0,
                0.0,
                0.0,
                0.0,
                0.0,
                0.0,
                0.0,
                0.0,
                0.0,
                0.0,
                0.0,
                0.0,
                0.0,
                0.0,
                0.0
            ]
        },
        "lWaitAndOverdue": [
            [
                0,
                3,
                7,
                0
            ],
            [
                0,
                2,
                0,
                0
            ],
            [
                0,
                3,
                7,
                0
            ],
            [
                0,
                3,
                7,
                0
            ],
            [
                0,
                2,
                1,
                0
            ],
            [
                0,
                3,
                7,
                0
            ],
            [
                1,
                3,
                7,
                0
            ],
            [
                1,
                2,
                1,
                0
            ],
            [
                1,
                2,
                1,
                0
            ],
            [
                1,
                4,
                14,
                0
            ],
            [
                2,
                2,
                2,
                0
            ],
            [
                2,
                4,
                14,
                0
            ],
            [
                2,
                4,
                20,
                0
            ],
            [
                2,
                4,
                21,
                0
            ],
            [
                2,
                3,
                40,
                26
            ],
            [
                2,
                3,
                7,
                0
            ],
            [
                2,
                3,
                41,
                27
            ],
            [
                2,
                2,
                2,
                0
            ],
            [
                2,
                3,
                41,
                27
            ],
            [
                3,
                3,
                40,
                26
            ],
            [
                3,
                2,
                0,
                0
            ],
            [
                3,
                2,
                0,
                0
            ],
            [
                3,
                3,
                40,
                26
            ],
            [
                3,
                3,
                40,
                26
            ],
            [
                3,
                3,
                40,
                26
            ],
            [
                4,
                3,
                40,
                26
            ],
            [
                4,
                2,
                4,
                0
            ],
            [
                4,
                2,
                0,
                0
            ],
            [
                4,
                2,
                3,
                0
            ],
            [
                5,
                4,
                38,
                10
            ],
            [
                5,
                2,
                2,
                0
            ],
            [
                5,
                3,
                38,
                24
            ],
            [
                5,
                4,
                37,
                9
            ],
            [
                5,
                2,
                3,
                1
            ],
            [
                6,
                3,
                37,
                23
            ],
            [
                6,
                2,
                2,
                0
            ],
            [
                7,
                3,
                37,
                23
            ],
            [
                7,
                3,
                37,
                23
            ],
            [
                7,
                2,
                1,
                0
            ],
            [
                7,
                4,
                15,
                0
            ],
            [
                7,
                3,
                37,
                23
            ],
            [
                8,
                2,
                4,
                0
            ],
            [
                8,
                4,
                39,
                11
            ],
            [
                8,
                3,
                39,
                25
            ],
            [
                8,
                3,
                40,
                26
            ],
            [
                9,
                3,
                39,
                25
            ],
            [
                9,
                3,
                39,
                25
            ],
            [
                9,
                3,
                39,
                25
            ],
            [
                9,
                3,
                40,
                26
            ],
            [
                9,
                2,
                0,
                0
            ],
            [
                10,
                2,
                3,
                1
            ],
            [
                10,
                2,
                3,
                1
            ],
            [
                10,
                2,
                8,
                6
            ],
            [
                10,
                2,
                4,
                2
            ],
            [
                10,
                1,
                0,
                0
            ],
            [
                11,
                4,
                36,
                8
            ],
            [
                11,
                3,
                36,
                22
            ],
            [
                11,
                3,
                36,
                22
            ],
            [
                11,
                2,
                6,
                4
            ],
            [
                11,
                4,
                36,
                8
            ],
            [
                12,
                3,
                36,
                22
            ],
            [
                12,
                3,
                36,
                22
            ],
            [
                12,
                2,
                1,
                0
            ],
            [
                12,
                3,
                36,
                22
            ],
            [
                12,
                2,
                8,
                6
            ],
            [
                12,
                2,
                9,
                7
            ],
            [
                12,
                2,
                9,
                7
            ],
            [
                13,
                3,
                36,
                22
            ],
            [
                13,
                4,
                36,
                8
            ],
            [
                14,
                3,
                39,
                25
            ],
            [
                14,
                2,
                10,
                6
            ],
            [
                14,
                2,
                12,
                8
            ],
            [
                14,
                3,
                39,
                25
            ],
            [
                14,
                4,
                39,
                11
            ],
            [
                14,
                2,
                12,
                8
            ],
            [
                14,
                3,
                39,
                25
            ],
            [
                14,
                2,
                13,
                9
            ],
            [
                14,
                2,
                13,
                9
            ],
            [
                15,
                2,
                18,
                16
            ],
            [
                15,
                2,
                21,
                19
            ],
            [
                15,
                2,
                21,
                19
            ],
            [
                15,
                2,
                10,
                8
            ],
            [
                16,
                2,
                9,
                7
            ],
            [
                16,
                4,
                36,
                8
            ],
            [
                16,
                2,
                10,
                8
            ],
            [
                16,
                4,
                36,
                8
            ],
            [
                16,
                3,
                38,
                24
            ],
            [
                16,
                4,
                35,
                7
            ],
            [
                16,
                2,
                22,
                20
            ],
            [
                16,
                2,
                13,
                11
            ],
            [
                16,
                2,
                13,
                11
            ],
            [
                16,
                4,
                35,
                7
            ],
            [
                17,
                3,
                36,
                22
            ],
            [
                17,
                2,
                13,
                11
            ],
            [
                17,
                3,
                37,
                23
            ],
            [
                17,
                3,
                41,
                27
            ],
            [
                18,
                3,
                41,
                27
            ],
            [
                18,
                4,
                41,
                13
            ],
            [
                18,
                3,
                41,
                27
            ],
            [
                18,
                4,
                36,
                8
            ],
            [
                18,
                3,
                42,
                28
            ],
            [
                18,
                2,
                14,
                10
            ],
            [
                18,
                2,
                20,
                16
            ],
            [
                18,
                4,
                43,
                15
            ],
            [
                19,
                3,
                42,
                28
            ],
            [
                19,
                2,
                21,
                17
            ],
            [
                19,
                2,
                13,
                9
            ],
            [
                19,
                2,
                24,
                20
            ],
            [
                19,
                3,
                41,
                27
            ],
            [
                19,
                4,
                42,
                14
            ],
            [
                19,
                2,
                26,
                22
            ],
            [
                20,
                2,
                24,
                22
            ],
            [
                20,
                3,
                39,
                25
            ],
            [
                20,
                2,
                14,
                12
            ],
            [
                21,
                2,
                17,
                15
            ],
            [
                21,
                3,
                41,
                27
            ],
            [
                21,
                3,
                41,
                27
            ],
            [
                21,
                4,
                38,
                10
            ],
            [
                21,
                4,
                38,
                10
            ],
            [
                21,
                3,
                42,
                28
            ],
            [
                22,
                3,
                42,
                28
            ],
            [
                22,
                2,
                23,
                21
            ],
            [
                22,
                3,
                40,
                26
            ],
            [
                22,
                2,
                23,
                21
            ],
            [
                23,
                4,
                41,
                13
            ],
            [
                23,
                2,
                25,
                21
            ],
            [
                23,
                2,
                26,
                22
            ],
            [
                24,
                2,
                26,
                22
            ],
            [
                24,
                2,
                5,
                1
            ],
            [
                24,
                4,
                40,
                12
            ],
            [
                24,
                4,
                40,
                12
            ],
            [
                25,
                4,
                38,
                10
            ],
            [
                25,
                4,
                37,
                9
            ],
            [
                25,
                3,
                38,
                24
            ],
            [
                25,
                2,
                22,
                20
            ],
            [
                25,
                3,
                39,
                25
            ],
            [
                26,
                2,
                15,
                13
            ],
            [
                26,
                2,
                24,
                22
            ],
            [
                26,
                3,
                42,
                28
            ],
            [
                26,
                2,
                41,
                39
            ],
            [
                26,
                2,
                24,
                22
            ],
            [
                26,
                2,
                24,
                22
            ],
            [
                27,
                1,
                21,
                21
            ],
            [
                27,
                2,
                27,
                25
            ],
            [
                27,
                2,
                26,
                24
            ],
            [
                27,
                3,
                41,
                27
            ],
            [
                27,
                3,
                41,
                27
            ],
            [
                27,
                4,
                42,
                14
            ],
            [
                27,
                3,
                41,
                27
            ],
            [
                27,
                2,
                1,
                0
            ],
            [
                28,
                4,
                41,
                13
            ],
            [
                28,
                4,
                41,
                13
            ],
            [
                28,
                2,
                12,
                8
            ],
            [
                28,
                4,
                42,
                14
            ],
            [
                29,
                4,
                41,
                13
            ],
            [
                29,
                4,
                41,
                13
            ]
        ],
        "lWaitDayByPriority": [
            3959,
            21,
            804,
            1965,
            1169
        ],
        "objval": 2549.945454545454,
        "std_occupancy": 44.0837806285506
    },
    "runtime": 0.5986056327819824,
    "simdays": 150,
    "solver": "daily_greedy"
}