{
    "arrivalrate": 6.0,
    "ins_name": 220,
    "ins_path": null,
    "lNoNewPatients": [
        180,
        2,
        72,
        62,
        44
    ],
    "lNoPatients": [
        342,
        2,
        79,
        165,
        96
    ],
    "lNoSections": [
        2411,
        11,
        210,
        1369,
        821
    ],
    "mipgap": 1.0,
    "noLinacs": 4,
    "noSlotsPerDay": 120,
    "planningHorizon": 80,
    "runresult": {
        "avg_occupancy": 48.93888888888889,
        "feasibility": true,
        "lAvgLateDayByPriority": [
            20.488888888888887,
            17.5,
            15.555555555555555,
            28.20967741935484,
            17.818181818181817
        ],
        "lAvgWaitDayByPriority": [
            32.6,
            17.5,
            17.84722222222222,
            41.75806451612903,
            44.52272727272727
        ],
        "lLateDayByPriority": [
            3688,
            35,
            1120,
            1749,
            784
        ],
        "lOccupancy": {
            "0": [
                0.0,
                0.0,
                0.0,
                0.0,
                0.0,
                0.0,
                0.0,
                1.25,
                0.0,
                0.0,
                0.0,
                0.0,
                0.0,
                0.0,
                0.0,
                0.0,
                0.0,
                0.0,
                0.0,
                0.0,
                0.0,
                0.0,
                0.0,
                0.0,
                0.0,
                0.0,
                0.0,
                0.0,
                0.0,
                0.0,
                0.0,
                0.0,
                0.0,
                0.0,
                0.0,
                0.0,
                0.0,
                0.0,
                0.0,
                0.0,
                0.0,
                0.0,
                0.0,
                0.0,
                0.0,
                0.0,
                1.0416666666666665,
                1.0416666666666665,
                1.0416666666666665,
                1.0416666666666665,
                1.0416666666666665,
                1.0416666666666665,
                1.0416666666666665,
                1.0416666666666665,
                1.0416666666666665,
                1.0416666666666665,
                0.0,
                0.0,
                0.0,
                0.0,
                0.0,
                0.0,
                0.0,
                0.0,
                0.0,
                0.0,
                0.0,
                0.0,
                0.0,
                0.0,
                0.0,
                0.0,
                0.0,
                0.0,
                0.0,
                0.0,
                0.0,
                0.0,
                0.0,
                0.0,
                0.0,
                0.0,
                0.0,
                0.0,
                0.0,
                0.0,
                0.0,
                0.0,
                0.0,
                0.0,
                0.0,
                0.0,
                0.0,
                0.0,
                0.0,
                0.0,
                0.0,
                0.0,
                0.0,
                0.0,
                0.0,
                0.0,
                0.0,
                0.0,
                0.0,
                0.0,
                0.0,
                0.0,
                0.0,
                0.0,
                0.0,
                0.0,
                0.0,
                0.0,
                0.0,
                0.0,
                0.0,
                0.0,
                0.0,
                0.0,
                0.0,
                0.0,
                0.0,
                0.0,
                0.0,
                0.0,
                0.0,
                0.0,
                0.0,
                0.0,
                0.0,
                0.0,
                0.0,
                0.0,
                0.0,
                0.0,
                0.0,
                0.0,
                0.0,
                0.0,
                0.0,
                0.0,
                0.0,
                0.0,
                0.0,
                0.0,
                0.0,
                0.0,
                0.0,
                0.0
            ],
            "1": [
                8.75,
                5.625,
                5.833333333333333,
                10.416666666666668,
                2.9166666666666665,
                10.416666666666668,
                7.5,
                6.458333333333334,
                8.125,
                8.75,
                6.25,
                5.416666666666667,
                4.791666666666667,
                4.375,
                4.375,
                5.416666666666667,
                3.5416666666666665,
                2.9166666666666665,
                4.375,
                3.125,
                3.958333333333333,
                3.958333333333333,
                3.958333333333333,
                3.958333333333333,
                3.958333333333333,
                4.375,
                3.3333333333333335,
                3.3333333333333335,
                4.791666666666667,
                4.583333333333333,
                4.583333333333333,
                4.583333333333333,
                3.3333333333333335,
                3.3333333333333335,
                5.0,
                4.791666666666667,
                7.083333333333333,
                6.25,
                7.291666666666667,
                8.958333333333334,
                9.166666666666666,
                11.875,
                10.0,
                10.625,
                8.958333333333334,
                10.625,
                10.0,
                12.291666666666666,
                12.083333333333334,
                12.083333333333334,
                12.083333333333334,
                11.25,
                6.041666666666667,
                4.166666666666666,
                4.166666666666666,
                1.6666666666666667,
                5.625,
                0.0,
                0.0,
                0.0,
                0.0,
                0.0,
                0.0,
                0.0,
                0.0,
                0.0,
                0.0,
                0.0,
                0.0,
                0.0,
                0.0,
                0.0,
                0.0,
                0.0,
                0.0,
                0.0,
                0.0,
                0.0,
                0.0,
                0.0,
                0.0,
                0.0,
                0.0,
                0.0,
                0.0,
                0.0,
                0.0,
                0.0,
                0.0,
                0.0,
                0.0,
                0.0,
                0.0,
                0.0,
                0.0,
                0.0,
                0.0,
                0.0,
                0.0,
                0.0,
                0.0,
                0.0,
                0.0,
                0.0,
                0.0,
                0.0,
                0.0,
                0.0,
                0.0,
                0.0,
                0.0,
                0.0,
                0.0,
                0.0,
                0.0,
                0.0,
                0.0,
                0.0,
                0.0,
                0.0,
                0.0,
                0.0,
                0.0,
                0.0,
                0.0,
                0.0,
                0.0,
                0.0,
                0.0,
                0.0,
                0.0,
                0.0,
                0.0,
                0.0,
                0.0,
                0.0,
                0.0,
                0.0,
                0.0,
                0.0,
                0.0,
                0.0,
                0.0,
                0.0,
                0.0,
                0.0,
                0.0,
                0.0,
                0.0,
                0.0
            ],
            "2": [
                65.83333333333333,
                67.5,
                67.5,
                66.66666666666666,
                66.25,
                68.54166666666667,
                69.58333333333333,
                64.79166666666667,
                58.75,
                56.25,
                53.333333333333336,
                51.66666666666667,
                51.66666666666667,
                50.208333333333336,
                53.541666666666664,
                56.666666666666664,
                58.75,
                60.20833333333333,
                55.41666666666667,
                53.541666666666664,
                53.541666666666664,
                53.541666666666664,
                55.625,
                56.041666666666664,
                57.70833333333333,
                55.833333333333336,
                55.625,
                54.58333333333333,
                56.458333333333336,
                56.458333333333336,
                56.041666666666664,
                56.041666666666664,
                59.166666666666664,
                57.291666666666664,
                58.12500000000001,
                56.666666666666664,
                57.08333333333333,
                57.291666666666664,
                57.291666666666664,
                58.54166666666667,
                58.958333333333336,
                56.041666666666664,
                59.791666666666664,
                59.791666666666664,
                59.375,
                59.583333333333336,
                59.375,
                61.66666666666667,
                61.66666666666667,
                61.66666666666667,
                58.75,
                60.62499999999999,
                60.62499999999999,
                59.166666666666664,
                57.91666666666667,
                56.458333333333336,
                54.58333333333333,
                57.91666666666667,
                56.25,
                56.25,
                56.458333333333336,
                56.458333333333336,
                50.416666666666664,
                51.66666666666667,
                51.66666666666667,
                49.583333333333336,
                50.208333333333336,
                50.416666666666664,
                45.416666666666664,
                40.0,
                38.333333333333336,
                38.333333333333336,
                33.541666666666664,
                26.875,
                25.416666666666664,
                25.416666666666664,
                23.75,
                23.75,
                22.083333333333332,
                20.833333333333336,
                20.833333333333336,
                20.833333333333336,
                20.833333333333336,
                20.833333333333336,
                19.583333333333332,
                16.875,
                16.875,
                14.374999999999998,
                13.125,
                11.875,
                8.958333333333334,
                7.708333333333334,
                6.458333333333334,
                5.208333333333334,
                5.208333333333334,
                2.9166666666666665,
                1.6666666666666667,
                1.6666666666666667,
                1.6666666666666667,
                1.6666666666666667,
                0.0,
                0.0,
                0.0,
                0.0,
                0.0,
                0.0,
                0.0,
                0.0,
                0.0,
                0.0,
                0.0,
                0.0,
                0.0,
                0.0,
                0.0,
                0.0,
                0.0,
                0.0,
                0.0,
                0.0,
                0.0,
                0.0,
                0.0,
                0.0,
                0.0,
                0.0,
                0.0,
                0.0,
                0.0,
                0.0,
                0.0,
                0.0,
                0.0,
                0.0,
                0.0,
                0.0,
                0.0,
                0.0,
                0.0,
                0.0,
                0.0,
                0.0,
                0.0,
                0.0,
                0.0,
                0.0,
                0.0,
                0.0,
                0.0,
                0.0
            ],
            "3": [
                15.416666666666668,
                14.374999999999998,
                12.916666666666668,
                14.374999999999998,
                14.374999999999998,
                15.833333333333332,
                17.291666666666668,
                24.166666666666668,
                30.0,
                32.916666666666664,
                38.958333333333336,
                41.875,
                41.875,
                43.125,
                40.208333333333336,
                36.25,
                36.25,
                34.791666666666664,
                38.75,
                42.083333333333336,
                40.625,
                39.375,
                37.916666666666664,
                38.54166666666667,
                37.708333333333336,
                39.166666666666664,
                39.166666666666664,
                40.208333333333336,
                36.875,
                38.333333333333336,
                38.333333333333336,
                38.333333333333336,
                35.833333333333336,
                36.25,
                35.41666666666667,
                35.41666666666667,
                33.541666666666664,
                33.33333333333333,
                33.33333333333333,
                31.25,
                30.833333333333336,
                29.791666666666668,
                28.541666666666664,
                28.541666666666664,
                28.749999999999996,
                27.500000000000004,
                27.500000000000004,
                23.958333333333336,
                23.958333333333336,
                23.958333333333336,
                27.500000000000004,
                25.624999999999996,
                24.166666666666668,
                27.916666666666668,
                27.291666666666664,
                26.041666666666668,
                26.041666666666668,
                26.041666666666668,
                27.500000000000004,
                27.708333333333336,
                28.125,
                28.125,
                33.541666666666664,
                32.5,
                32.5,
                34.375,
                32.916666666666664,
                32.916666666666664,
                32.916666666666664,
                27.708333333333336,
                26.041666666666668,
                22.916666666666664,
                21.666666666666668,
                21.666666666666668,
                21.666666666666668,
                20.416666666666668,
                20.416666666666668,
                20.416666666666668,
                17.916666666666668,
                13.541666666666666,
                13.541666666666666,
                10.833333333333334,
                7.5,
                7.5,
                6.458333333333334,
                6.458333333333334,
                5.416666666666667,
                4.375,
                2.083333333333333,
                2.083333333333333,
                2.083333333333333,
                2.083333333333333,
                1.0416666666666665,
                1.0416666666666665,
                1.0416666666666665,
                0.0,
                0.0,
                0.0,
                0.0,
                0.0,
                0.0,
                0.0,
                0.0,
                0.0,
                0.0,
                0.0,
                0.0,
                0.0,
                0.0,
                0.0,
                0.0,
                0.0,
                0.0,
                0.0,
                0.0,
                0.0,
                0.0,
                0.0,
                0.0,
                0.0,
                0.0,
                0.0,
                0.0,
                0.0,
                0.0,
                0.0,
                0.0,
                0.0,
                0.0,
                0.0,
                0.0,
                0.0,
                0.0,
                0.0,
                0.0,
                0.0,
                0.0,
                0.0,
                0.0,
                0.0,
                0.0,
                0.0,
                0.0,
                0.0,
                0.0,
                0.0,
                0.0,
                0.0,
                0.0,
                0.0
            ],
            "overall": [
                90.0,
                87.5,
                86.25,
                91.45833333333333,
                83.54166666666667,
                94.79166666666667,
                94.375,
                96.66666666666667,
                96.875,
                97.91666666666666,
                98.54166666666667,
                98.95833333333334,
                98.33333333333334,
                97.70833333333334,
                98.125,
                98.33333333333333,
                98.54166666666666,
                97.91666666666666,
                98.54166666666667,
                98.75,
                98.125,
                96.875,
                97.5,
                98.54166666666667,
                99.375,
                99.375,
                98.125,
                98.125,
                98.125,
                99.375,
                98.95833333333334,
                98.95833333333334,
                98.33333333333334,
                96.875,
                98.54166666666669,
                96.875,
                97.70833333333331,
                96.875,
                97.91666666666666,
                98.75,
                98.95833333333334,
                97.70833333333333,
                98.33333333333331,
                98.95833333333331,
                97.08333333333333,
                97.70833333333334,
                97.91666666666667,
                98.95833333333334,
                98.75,
                98.75,
                99.375,
                98.54166666666666,
                91.875,
                92.29166666666667,
                90.41666666666666,
                85.20833333333334,
                86.25,
                83.95833333333334,
                83.75,
                83.95833333333334,
                84.58333333333334,
                84.58333333333334,
                83.95833333333333,
                84.16666666666667,
                84.16666666666667,
                83.95833333333334,
                83.125,
                83.33333333333333,
                78.33333333333333,
                67.70833333333334,
                64.375,
                61.25,
                55.20833333333333,
                48.54166666666667,
                47.08333333333333,
                45.83333333333333,
                44.16666666666667,
                44.16666666666667,
                40.0,
                34.375,
                34.375,
                31.66666666666667,
                28.333333333333336,
                28.333333333333336,
                26.041666666666664,
                23.333333333333336,
                22.291666666666668,
                18.75,
                15.208333333333332,
                13.958333333333332,
                11.041666666666668,
                9.791666666666668,
                7.5,
                6.25,
                6.25,
                2.9166666666666665,
                1.6666666666666667,
                1.6666666666666667,
                1.6666666666666667,
                1.6666666666666667,
                0.0,
                0.0,
                0.0,
                0.0,
                0.0,
                0.0,
                0.0,
                0.0,
                0.0,
                0.0,
                0.0,
                0.0,
                0.0,
                0.0,
                0.0,
                0.0,
                0.0,
                0.0,
                0.0,
                0.0,
                0.0,
                0.0,
                0.0,
                0.0,
                0.0,
                0.0,
                0.0,
                0.0,
                0.0,
                0.0,
                0.0,
                0.0,
                0.0,
                0.0,
                0.0,
                0.0,
                0.0,
                0.0,
                0.0,
                0.0,
                0.0,
                0.0,
                0.0,
                0.0,
                0.0,
                0.0,
                0.0,
                0.0,
                0.0,
                0.0
            ]
        },
        "lWaitAndOverdue": [
            [
                0,
                2,
                0,
                0
            ],
            [
                0,
                4,
                14,
                0
            ],
            [
                0,
                4,
                14,
                0
            ],
            [
                0,
                4,
                14,
                0
            ],
            [
                0,
                3,
                7,
                0
            ],
            [
                0,
                3,
                7,
                0
            ],
            [
                1,
                3,
                7,
                0
            ],
            [
                1,
                2,
                1,
                0
            ],
            [
                1,
                3,
                7,
                0
            ],
            [
                2,
                3,
                15,
                1
            ],
            [
                2,
                2,
                1,
                0
            ],
            [
                2,
                2,
                1,
                0
            ],
            [
                2,
                3,
                19,
                5
            ],
            [
                2,
                3,
                37,
                23
            ],
            [
                2,
                3,
                43,
                29
            ],
            [
                3,
                3,
                42,
                28
            ],
            [
                3,
                2,
                4,
                0
            ],
            [
                3,
                2,
                4,
                0
            ],
            [
                3,
                2,
                0,
                0
            ],
            [
                3,
                4,
                43,
                15
            ],
            [
                3,
                2,
                0,
                0
            ],
            [
                3,
                3,
                43,
                29
            ],
            [
                4,
                4,
                41,
                13
            ],
            [
                4,
                2,
                3,
                0
            ],
            [
                4,
                3,
                46,
                32
            ],
            [
                5,
                2,
                1,
                0
            ],
            [
                5,
                3,
                43,
                29
            ],
            [
                5,
                3,
                15,
                1
            ],
            [
                5,
                2,
                0,
                0
            ],
            [
                5,
                4,
                18,
                0
            ],
            [
                6,
                3,
                43,
                29
            ],
            [
                6,
                2,
                0,
                0
            ],
            [
                6,
                4,
                43,
                15
            ],
            [
                6,
                3,
                43,
                29
            ],
            [
                6,
                3,
                43,
                29
            ],
            [
                6,
                3,
                43,
                29
            ],
            [
                6,
                3,
                43,
                29
            ],
            [
                6,
                3,
                17,
                3
            ],
            [
                7,
                3,
                43,
                29
            ],
            [
                7,
                2,
                0,
                0
            ],
            [
                7,
                2,
                2,
                0
            ],
            [
                7,
                2,
                1,
                0
            ],
            [
                7,
                2,
                6,
                4
            ],
            [
                7,
                2,
                2,
                0
            ],
            [
                7,
                1,
                0,
                0
            ],
            [
                8,
                4,
                42,
                14
            ],
            [
                8,
                3,
                42,
                28
            ],
            [
                8,
                3,
                43,
                29
            ],
            [
                8,
                2,
                7,
                3
            ],
            [
                8,
                4,
                41,
                13
            ],
            [
                8,
                3,
                43,
                29
            ],
            [
                8,
                3,
                43,
                29
            ],
            [
                8,
                2,
                6,
                2
            ],
            [
                8,
                3,
                43,
                29
            ],
            [
                8,
                2,
                7,
                3
            ],
            [
                9,
                2,
                10,
                6
            ],
            [
                9,
                2,
                0,
                0
            ],
            [
                9,
                3,
                45,
                31
            ],
            [
                9,
                4,
                45,
                17
            ],
            [
                10,
                3,
                18,
                4
            ],
            [
                10,
                2,
                10,
                8
            ],
            [
                10,
                2,
                7,
                5
            ],
            [
                10,
                3,
                42,
                28
            ],
            [
                10,
                4,
                23,
                0
            ],
            [
                10,
                2,
                8,
                6
            ],
            [
                10,
                3,
                42,
                28
            ],
            [
                11,
                2,
                13,
                11
            ],
            [
                11,
                2,
                13,
                11
            ],
            [
                11,
                2,
                42,
                40
            ],
            [
                11,
                2,
                20,
                18
            ],
            [
                11,
                2,
                20,
                18
            ],
            [
                11,
                2,
                34,
                32
            ],
            [
                11,
                2,
                8,
                6
            ],
            [
                11,
                4,
                43,
                15
            ],
            [
                12,
                2,
                2,
                0
            ],
            [
                12,
                4,
                41,
                13
            ],
            [
                12,
                3,
                42,
                28
            ],
            [
                12,
                4,
                44,
                16
            ],
            [
                13,
                2,
                25,
                21
            ],
            [
                13,
                2,
                11,
                7
            ],
            [
                13,
                2,
                12,
                8
            ],
            [
                13,
                4,
                42,
                14
            ],
            [
                13,
                3,
                43,
                29
            ],
            [
                13,
                2,
                14,
                10
            ],
            [
                13,
                3,
                48,
                34
            ],
            [
                13,
                3,
                48,
                34
            ],
            [
                13,
                3,
                46,
                32
            ],
            [
                13,
                4,
                46,
                18
            ],
            [
                14,
                3,
                48,
                34
            ],
            [
                14,
                4,
                52,
                24
            ],
            [
                14,
                3,
                46,
                32
            ],
            [
                14,
                2,
                28,
                24
            ],
            [
                15,
                2,
                28,
                26
            ],
            [
                15,
                4,
                49,
                21
            ],
            [
                15,
                3,
                49,
                35
            ],
            [
                15,
                2,
                29,
                27
            ],
            [
                16,
                2,
                28,
                26
            ],
            [
                16,
                2,
                28,
                26
            ],
            [
                16,
                3,
                48,
                34
            ],
            [
                16,
                4,
                48,
                20
            ],
            [
                16,
                2,
                29,
                27
            ],
            [
                16,
                2,
                36,
                34
            ],
            [
                17,
                3,
                47,
                33
            ],
            [
                17,
                2,
                30,
                28
            ],
            [
                18,
                2,
                33,
                29
            ],
            [
                18,
                3,
                47,
                33
            ],
            [
                18,
                3,
                47,
                33
            ],
            [
                18,
                4,
                47,
                19
            ],
            [
                18,
                4,
                47,
                19
            ],
            [
                18,
                3,
                48,
                34
            ],
            [
                19,
                3,
                48,
                34
            ],
            [
                19,
                2,
                33,
                29
            ],
            [
                19,
                3,
                46,
                32
            ],
            [
                19,
                2,
                34,
                30
            ],
            [
                19,
                4,
                48,
                20
            ],
            [
                19,
                2,
                31,
                27
            ],
            [
                19,
                2,
                38,
                34
            ],
            [
                20,
                2,
                36,
                34
            ],
            [
                20,
                2,
                4,
                2
            ],
            [
                20,
                4,
                45,
                17
            ],
            [
                20,
                4,
                45,
                17
            ],
            [
                20,
                4,
                45,
                17
            ],
            [
                20,
                4,
                46,
                18
            ],
            [
                20,
                3,
                46,
                32
            ],
            [
                20,
                2,
                24,
                22
            ],
            [
                20,
                3,
                46,
                32
            ],
            [
                20,
                2,
                31,
                29
            ],
            [
                20,
                2,
                36,
                34
            ],
            [
                20,
                3,
                46,
                32
            ],
            [
                21,
                2,
                49,
                47
            ],
            [
                21,
                2,
                35,
                33
            ],
            [
                21,
                2,
                36,
                34
            ],
            [
                21,
                1,
                35,
                35
            ],
            [
                21,
                2,
                36,
                34
            ],
            [
                22,
                2,
                36,
                34
            ],
            [
                22,
                3,
                49,
                35
            ],
            [
                22,
                3,
                49,
                35
            ],
            [
                22,
                4,
                50,
                22
            ],
            [
                22,
                3,
                50,
                36
            ],
            [
                22,
                2,
                5,
                3
            ],
            [
                22,
                4,
                50,
                22
            ],
            [
                22,
                4,
                51,
                23
            ],
            [
                22,
                2,
                8,
                6
            ],
            [
                22,
                4,
                51,
                23
            ],
            [
                23,
                4,
                50,
                22
            ],
            [
                23,
                4,
                53,
                25
            ],
            [
                23,
                3,
                53,
                39
            ],
            [
                23,
                4,
                50,
                22
            ],
            [
                23,
                3,
                53,
                39
            ],
            [
                24,
                3,
                52,
                38
            ],
            [
                24,
                4,
                52,
                24
            ],
            [
                24,
                4,
                54,
                26
            ],
            [
                24,
                3,
                54,
                40
            ],
            [
                24,
                2,
                10,
                6
            ],
            [
                25,
                2,
                36,
                34
            ],
            [
                25,
                3,
                51,
                37
            ],
            [
                25,
                4,
                51,
                23
            ],
            [
                25,
                4,
                51,
                23
            ],
            [
                25,
                4,
                51,
                23
            ],
            [
                25,
                4,
                51,
                23
            ],
            [
                26,
                2,
                23,
                21
            ],
            [
                26,
                2,
                29,
                27
            ],
            [
                27,
                4,
                54,
                26
            ],
            [
                27,
                2,
                34,
                32
            ],
            [
                27,
                4,
                50,
                22
            ],
            [
                27,
                2,
                28,
                26
            ],
            [
                27,
                3,
                54,
                40
            ],
            [
                27,
                3,
                55,
                41
            ],
            [
                28,
                3,
                54,
                40
            ],
            [
                28,
                3,
                49,
                35
            ],
            [
                28,
                2,
                1,
                0
            ],
            [
                28,
                4,
                54,
                26
            ],
            [
                28,
                4,
                54,
                26
            ],
            [
                28,
                3,
                55,
                41
            ],
            [
                28,
                2,
                22,
                18
            ],
            [
                28,
                4,
                56,
                28
            ],
            [
                29,
                3,
                52,
                38
            ],
            [
                29,
                2,
                33,
                29
            ],
            [
                29,
                3,
                53,
                39
            ],
            [
                29,
                2,
                33,
                29
            ]
        ],
        "lWaitDayByPriority": [
            5868,
            35,
            1285,
            2589,
            1959
        ],
        "objval": 2718.836428804171,
        "std_occupancy": 43.99386627771795
    },
    "runtime": 0.7679307460784912,
    "simdays": 150,
    "solver": "daily_greedy"
}