{
    "arrivalrate": 6.0,
    "ins_name": 320,
    "ins_path": null,
    "lNoNewPatients": [
        178,
        2,
        70,
        62,
        44
    ],
    "lNoPatients": [
        343,
        2,
        79,
        165,
        97
    ],
    "lNoSections": [
        2409,
        11,
        208,
        1369,
        821
    ],
    "mipgap": 1.0,
    "noLinacs": 4,
    "noSlotsPerDay": 120,
    "planningHorizon": 80,
    "runresult": {
        "avg_occupancy": 48.89027777777778,
        "feasibility": true,
        "lAvgLateDayByPriority": [
            20.573033707865168,
            14.0,
            14.314285714285715,
            30.258064516129032,
            17.181818181818183
        ],
        "lAvgWaitDayByPriority": [
            32.938202247191015,
            14.0,
            16.885714285714286,
            43.806451612903224,
            44.02272727272727
        ],
        "lLateDayByPriority": [
            3662,
            28,
            1002,
            1876,
            756
        ],
        "lOccupancy": {
            "0": [
                0.0,
                0.0,
                0.0,
                0.0,
                0.0,
                0.0,
                1.25,
                0.0,
                0.0,
                0.0,
                0.0,
                0.0,
                0.0,
                0.0,
                0.0,
                0.0,
                0.0,
                0.0,
                0.0,
                0.0,
                0.0,
                0.0,
                0.0,
                0.0,
                0.0,
                0.0,
                0.0,
                0.0,
                0.0,
                0.0,
                0.0,
                0.0,
                0.0,
                0.0,
                0.0,
                0.0,
                0.0,
                0.0,
                0.0,
                0.0,
                0.0,
                0.0,
                1.0416666666666665,
                1.0416666666666665,
                1.0416666666666665,
                1.0416666666666665,
                1.0416666666666665,
                1.0416666666666665,
                1.0416666666666665,
                1.0416666666666665,
                1.0416666666666665,
                1.0416666666666665,
                0.0,
                0.0,
                0.0,
                0.0,
                0.0,
                0.0,
                0.0,
                0.0,
                0.0,
                0.0,
                0.0,
                0.0,
                0.0,
                0.0,
                0.0,
                0.0,
                0.0,
                0.0,
                0.0,
                0.0,
                0.0,
                0.0,
                0.0,
                0.0,
                0.0,
                0.0,
                0.0,
                0.0,
                0.0,
                0.0,
                0.0,
                0.0,
                0.0,
                0.0,
                0.0,
                0.0,
                0.0,
                0.0,
                0.0,
                0.0,
                0.0,
                0.0,
                0.0,
                0.0,
                0.0,
                0.0,
                0.0,
                0.0,
                0.0,
                0.0,
                0.0,
                0.0,
                0.0,
                0.0,
                0.0,
                0.0,
                0.0,
                0.0,
                0.0,
                0.0,
                0.0,
                0.0,
                0.0,
                0.0,
                0.0,
                0.0,
                0.0,
                0.0,
                0.0,
                0.0,
                0.0,
                0.0,
                0.0,
                0.0,
                0.0,
                0.0,
                0.0,
                0.0,
                0.0,
                0.0,
                0.0,
                0.0,
                0.0,
                0.0,
                0.0,
                0.0,
                0.0,
                0.0,
                0.0,
                0.0,
                0.0,
                0.0,
                0.0,
                0.0,
                0.0,
                0.0,
                0.0,
                0.0
            ],
            "1": [
                12.708333333333332,
                8.541666666666666,
                8.958333333333334,
                12.916666666666668,
                12.083333333333334,
                7.291666666666667,
                7.708333333333334,
                9.583333333333334,
                10.416666666666668,
                10.0,
                6.458333333333334,
                6.458333333333334,
                5.0,
                4.791666666666667,
                4.166666666666666,
                3.958333333333333,
                3.958333333333333,
                3.958333333333333,
                4.375,
                3.3333333333333335,
                3.3333333333333335,
                3.3333333333333335,
                4.583333333333333,
                6.666666666666667,
                2.9166666666666665,
                4.791666666666667,
                3.3333333333333335,
                5.833333333333333,
                4.583333333333333,
                5.0,
                3.3333333333333335,
                3.958333333333333,
                4.166666666666666,
                4.166666666666666,
                4.166666666666666,
                8.333333333333332,
                7.5,
                8.958333333333334,
                6.25,
                7.916666666666666,
                12.5,
                10.833333333333334,
                11.041666666666666,
                9.375,
                9.375,
                10.0,
                9.583333333333334,
                10.208333333333334,
                10.208333333333334,
                9.583333333333334,
                6.458333333333334,
                6.458333333333334,
                3.75,
                1.25,
                0.0,
                0.0,
                0.0,
                5.625,
                0.0,
                0.0,
                0.0,
                0.0,
                0.0,
                0.0,
                0.0,
                0.0,
                0.0,
                0.0,
                0.0,
                0.0,
                0.0,
                0.0,
                0.0,
                0.0,
                0.0,
                0.0,
                0.0,
                0.0,
                0.0,
                0.0,
                0.0,
                0.0,
                0.0,
                0.0,
                0.0,
                0.0,
                0.0,
                0.0,
                0.0,
                0.0,
                0.0,
                0.0,
                0.0,
                0.0,
                0.0,
                0.0,
                0.0,
                0.0,
                0.0,
                0.0,
                0.0,
                0.0,
                0.0,
                0.0,
                0.0,
                0.0,
                0.0,
                0.0,
                0.0,
                0.0,
                0.0,
                0.0,
                0.0,
                0.0,
                0.0,
                0.0,
                0.0,
                0.0,
                0.0,
                0.0,
                0.0,
                0.0,
                0.0,
                0.0,
                0.0,
                0.0,
                0.0,
                0.0,
                0.0,
                0.0,
                0.0,
                0.0,
                0.0,
                0.0,
                0.0,
                0.0,
                0.0,
                0.0,
                0.0,
                0.0,
                0.0,
                0.0,
                0.0,
                0.0,
                0.0,
                0.0,
                0.0,
                0.0,
                0.0,
                0.0
            ],
            "2": [
                67.29166666666667,
                66.04166666666667,
                67.08333333333333,
                66.66666666666666,
                63.74999999999999,
                70.0,
                64.375,
                58.333333333333336,
                54.58333333333333,
                55.00000000000001,
                52.708333333333336,
                52.708333333333336,
                50.208333333333336,
                51.24999999999999,
                52.708333333333336,
                56.25,
                56.25,
                54.37499999999999,
                52.083333333333336,
                51.66666666666667,
                53.541666666666664,
                55.41666666666667,
                58.54166666666667,
                53.125,
                58.75,
                54.79166666666667,
                52.916666666666664,
                56.458333333333336,
                54.79166666666667,
                54.79166666666667,
                56.041666666666664,
                59.166666666666664,
                60.62499999999999,
                59.791666666666664,
                59.166666666666664,
                54.79166666666667,
                57.291666666666664,
                59.166666666666664,
                57.70833333333333,
                58.958333333333336,
                56.666666666666664,
                59.791666666666664,
                57.91666666666667,
                59.791666666666664,
                59.791666666666664,
                61.458333333333336,
                60.20833333333333,
                63.95833333333333,
                63.541666666666664,
                62.5,
                62.5,
                61.04166666666667,
                59.166666666666664,
                55.833333333333336,
                56.041666666666664,
                54.58333333333333,
                54.58333333333333,
                53.125,
                56.25,
                56.041666666666664,
                54.58333333333333,
                53.125,
                52.083333333333336,
                51.66666666666667,
                48.541666666666664,
                50.0,
                50.416666666666664,
                50.416666666666664,
                45.416666666666664,
                40.0,
                38.333333333333336,
                36.875,
                35.208333333333336,
                31.874999999999996,
                27.083333333333332,
                25.416666666666664,
                23.75,
                23.75,
                22.083333333333332,
                22.083333333333332,
                22.083333333333332,
                20.833333333333336,
                20.833333333333336,
                19.166666666666668,
                19.166666666666668,
                16.875,
                16.875,
                14.374999999999998,
                13.125,
                10.625,
                10.625,
                6.458333333333334,
                5.208333333333334,
                5.208333333333334,
                5.208333333333334,
                2.9166666666666665,
                1.6666666666666667,
                1.6666666666666667,
                1.6666666666666667,
                0.0,
                0.0,
                0.0,
                0.0,
                0.0,
                0.0,
                0.0,
                0.0,
                0.0,
                0.0,
                0.0,
                0.0,
                0.0,
                0.0,
                0.0,
                0.0,
                0.0,
                0.0,
                0.0,
                0.0,
                0.0,
                0.0,
                0.0,
                0.0,
                0.0,
                0.0,
                0.0,
                0.0,
                0.0,
                0.0,
                0.0,
                0.0,
                0.0,
                0.0,
                0.0,
                0.0,
                0.0,
                0.0,
                0.0,
                0.0,
                0.0,
                0.0,
                0.0,
                0.0,
                0.0,
                0.0,
                0.0,
                0.0,
                0.0,
                0.0,
                0.0
            ],
            "3": [
                16.666666666666664,
                16.666666666666664,
                15.416666666666668,
                16.666666666666664,
                18.125,
                18.125,
                25.208333333333332,
                29.583333333333332,
                34.375,
                34.375,
                40.0,
                40.0,
                43.125,
                41.66666666666667,
                41.25,
                38.333333333333336,
                38.333333333333336,
                39.791666666666664,
                41.25,
                43.541666666666664,
                40.625,
                37.708333333333336,
                36.45833333333333,
                39.375,
                36.25,
                39.166666666666664,
                41.66666666666667,
                36.875,
                38.54166666666667,
                38.54166666666667,
                38.54166666666667,
                35.833333333333336,
                34.375,
                35.41666666666667,
                35.41666666666667,
                35.41666666666667,
                33.958333333333336,
                31.041666666666668,
                33.33333333333333,
                30.833333333333336,
                29.791666666666668,
                26.875,
                28.541666666666664,
                27.291666666666664,
                27.291666666666664,
                24.375,
                25.208333333333332,
                22.291666666666668,
                23.541666666666668,
                24.791666666666668,
                25.624999999999996,
                24.166666666666668,
                27.708333333333336,
                28.958333333333336,
                28.749999999999996,
                28.749999999999996,
                28.749999999999996,
                28.125,
                27.500000000000004,
                28.125,
                29.166666666666668,
                30.208333333333332,
                32.29166666666667,
                32.5,
                34.375,
                33.33333333333333,
                32.916666666666664,
                31.25,
                29.375,
                27.708333333333336,
                26.041666666666668,
                23.125,
                21.666666666666668,
                21.666666666666668,
                20.416666666666668,
                20.416666666666668,
                20.416666666666668,
                18.125,
                14.583333333333334,
                13.541666666666666,
                12.5,
                10.833333333333334,
                7.5,
                6.458333333333334,
                5.416666666666667,
                4.375,
                3.3333333333333335,
                3.3333333333333335,
                2.083333333333333,
                2.083333333333333,
                2.083333333333333,
                2.083333333333333,
                1.0416666666666665,
                0.0,
                0.0,
                0.0,
                0.0,
                0.0,
                0.0,
                0.0,
                0.0,
                0.0,
                0.0,
                0.0,
                0.0,
                0.0,
                0.0,
                0.0,
                0.0,
                0.0,
                0.0,
                0.0,
                0.0,
                0.0,
                0.0,
                0.0,
                0.0,
                0.0,
                0.0,
                0.0,
                0.0,
                0.0,
                0.0,
                0.0,
                0.0,
                0.0,
                0.0,
                0.0,
                0.0,
                0.0,
                0.0,
                0.0,
                0.0,
                0.0,
                0.0,
                0.0,
                0.0,
                0.0,
                0.0,
                0.0,
                0.0,
                0.0,
                0.0,
                0.0,
                0.0,
                0.0,
                0.0,
                0.0,
                0.0,
                0.0
            ],
            "overall": [
                96.66666666666666,
                91.25,
                91.45833333333333,
                96.25,
                93.95833333333333,
                95.41666666666667,
                98.54166666666666,
                97.5,
                99.375,
                99.375,
                99.16666666666667,
                99.16666666666667,
                98.33333333333334,
                97.70833333333333,
                98.125,
                98.54166666666667,
                98.54166666666667,
                98.125,
                97.70833333333334,
                98.54166666666667,
                97.5,
                96.45833333333334,
                99.58333333333334,
                99.16666666666666,
                97.91666666666666,
                98.75,
                97.91666666666667,
                99.16666666666667,
                97.91666666666669,
                98.33333333333334,
                97.91666666666667,
                98.95833333333334,
                99.16666666666666,
                99.375,
                98.75,
                98.54166666666667,
                98.75,
                99.16666666666667,
                97.29166666666666,
                97.70833333333334,
                98.95833333333333,
                97.5,
                98.54166666666666,
                97.5,
                97.5,
                96.875,
                96.04166666666666,
                97.5,
                98.33333333333333,
                97.91666666666667,
                95.625,
                92.70833333333334,
                90.625,
                86.04166666666667,
                84.79166666666666,
                83.33333333333333,
                83.33333333333333,
                86.875,
                83.75,
                84.16666666666666,
                83.75,
                83.33333333333333,
                84.375,
                84.16666666666667,
                82.91666666666666,
                83.33333333333333,
                83.33333333333333,
                81.66666666666666,
                74.79166666666666,
                67.70833333333334,
                64.375,
                60.0,
                56.875,
                53.541666666666664,
                47.5,
                45.83333333333333,
                44.16666666666667,
                41.875,
                36.666666666666664,
                35.625,
                34.58333333333333,
                31.66666666666667,
                28.333333333333336,
                25.625,
                24.583333333333336,
                21.25,
                20.208333333333332,
                17.708333333333332,
                15.208333333333332,
                12.708333333333332,
                12.708333333333332,
                8.541666666666668,
                6.25,
                5.208333333333334,
                5.208333333333334,
                2.9166666666666665,
                1.6666666666666667,
                1.6666666666666667,
                1.6666666666666667,
                0.0,
                0.0,
                0.0,
                0.0,
                0.0,
                0.0,
                0.0,
                0.0,
                0.0,
                0.0,
                0.0,
                0.0,
                0.0,
                0.0,
                0.0,
                0.0,
                0.0,
                0.0,
                0.0,
                0.0,
                0.0,
                0.0,
                0.0,
                0.0,
                0.0,
                0.0,
                0.0,
                0.0,
                0.0,
                0.0,
                0.0,
                0.0,
                0.0,
                0.0,
                0.0,
                0.0,
                0.0,
                0.0,
                0.0,
                0.0,
                0.0,
                0.0,
                0.0,
                0.0,
                0.0,
                0.0,
                0.0,
                0.0,
                0.0,
                0.0,
                0.0
            ]
        },
        "lWaitAndOverdue": [
            [
                0,
                4,
                14,
                0
            ],
            [
                0,
                4,
                14,
                0
            ],
            [
                0,
                4,
                14,
                0
            ],
            [
                0,
                3,
                7,
                0
            ],
            [
                0,
                3,
                7,
                0
            ],
            [
                0,
                3,
                7,
                0
            ],
            [
                0,
                2,
                0,
                0
            ],
            [
                0,
                3,
                7,
                0
            ],
            [
                1,
                3,
                20,
                6
            ],
            [
                1,
                2,
                2,
                0
            ],
            [
                1,
                2,
                2,
                0
            ],
            [
                1,
                3,
                20,
                6
            ],
            [
                1,
                3,
                41,
                27
            ],
            [
                1,
                3,
                44,
                30
            ],
            [
                1,
                3,
                44,
                30
            ],
            [
                2,
                2,
                2,
                0
            ],
            [
                2,
                2,
                2,
                0
            ],
            [
                2,
                2,
                0,
                0
            ],
            [
                2,
                4,
                43,
                15
            ],
            [
                2,
                2,
                2,
                0
            ],
            [
                2,
                3,
                44,
                30
            ],
            [
                2,
                4,
                43,
                15
            ],
            [
                2,
                2,
                1,
                0
            ],
            [
                2,
                3,
                47,
                33
            ],
            [
                2,
                2,
                1,
                0
            ],
            [
                3,
                3,
                47,
                33
            ],
            [
                3,
                3,
                27,
                13
            ],
            [
                3,
                2,
                0,
                0
            ],
            [
                3,
                4,
                22,
                0
            ],
            [
                3,
                3,
                47,
                33
            ],
            [
                3,
                2,
                4,
                0
            ],
            [
                3,
                4,
                48,
                20
            ],
            [
                3,
                3,
                48,
                34
            ],
            [
                4,
                3,
                47,
                33
            ],
            [
                4,
                3,
                47,
                33
            ],
            [
                4,
                3,
                47,
                33
            ],
            [
                4,
                3,
                47,
                33
            ],
            [
                4,
                3,
                48,
                34
            ],
            [
                5,
                2,
                1,
                0
            ],
            [
                5,
                2,
                2,
                0
            ],
            [
                5,
                2,
                2,
                0
            ],
            [
                6,
                2,
                2,
                0
            ],
            [
                6,
                2,
                2,
                0
            ],
            [
                6,
                1,
                0,
                0
            ],
            [
                6,
                4,
                44,
                16
            ],
            [
                6,
                3,
                44,
                30
            ],
            [
                6,
                3,
                45,
                31
            ],
            [
                6,
                2,
                2,
                0
            ],
            [
                7,
                4,
                43,
                15
            ],
            [
                7,
                3,
                44,
                30
            ],
            [
                7,
                3,
                44,
                30
            ],
            [
                7,
                2,
                1,
                0
            ],
            [
                8,
                3,
                43,
                29
            ],
            [
                8,
                2,
                1,
                0
            ],
            [
                8,
                2,
                4,
                0
            ],
            [
                8,
                2,
                1,
                0
            ],
            [
                8,
                3,
                46,
                32
            ],
            [
                8,
                4,
                43,
                15
            ],
            [
                8,
                3,
                46,
                32
            ],
            [
                8,
                2,
                7,
                3
            ],
            [
                9,
                2,
                4,
                0
            ],
            [
                9,
                3,
                46,
                32
            ],
            [
                9,
                4,
                25,
                0
            ],
            [
                9,
                2,
                5,
                1
            ],
            [
                9,
                3,
                46,
                32
            ],
            [
                9,
                2,
                7,
                3
            ],
            [
                9,
                2,
                10,
                6
            ],
            [
                9,
                2,
                20,
                16
            ],
            [
                9,
                2,
                13,
                9
            ],
            [
                10,
                2,
                14,
                12
            ],
            [
                10,
                2,
                21,
                19
            ],
            [
                10,
                2,
                7,
                5
            ],
            [
                10,
                4,
                44,
                16
            ],
            [
                11,
                2,
                8,
                6
            ],
            [
                11,
                4,
                43,
                15
            ],
            [
                11,
                3,
                44,
                30
            ],
            [
                11,
                4,
                44,
                16
            ],
            [
                11,
                2,
                21,
                19
            ],
            [
                11,
                2,
                15,
                13
            ],
            [
                11,
                2,
                22,
                20
            ],
            [
                11,
                4,
                44,
                16
            ],
            [
                11,
                3,
                48,
                34
            ],
            [
                11,
                2,
                17,
                15
            ],
            [
                12,
                3,
                48,
                34
            ],
            [
                12,
                3,
                49,
                35
            ],
            [
                12,
                3,
                50,
                36
            ],
            [
                12,
                4,
                50,
                22
            ],
            [
                12,
                3,
                50,
                36
            ],
            [
                12,
                4,
                48,
                20
            ],
            [
                13,
                3,
                49,
                35
            ],
            [
                13,
                2,
                22,
                18
            ],
            [
                13,
                2,
                25,
                21
            ],
            [
                13,
                4,
                49,
                21
            ],
            [
                13,
                3,
                49,
                35
            ],
            [
                14,
                2,
                25,
                21
            ],
            [
                14,
                2,
                31,
                27
            ],
            [
                14,
                2,
                31,
                27
            ],
            [
                14,
                3,
                49,
                35
            ],
            [
                14,
                4,
                49,
                21
            ],
            [
                15,
                2,
                29,
                27
            ],
            [
                15,
                2,
                30,
                28
            ],
            [
                15,
                3,
                46,
                32
            ],
            [
                15,
                2,
                29,
                27
            ],
            [
                15,
                2,
                23,
                21
            ],
            [
                16,
                3,
                48,
                34
            ],
            [
                16,
                3,
                48,
                34
            ],
            [
                16,
                4,
                48,
                20
            ],
            [
                16,
                4,
                48,
                20
            ],
            [
                16,
                3,
                48,
                34
            ],
            [
                16,
                3,
                49,
                35
            ],
            [
                17,
                2,
                29,
                27
            ],
            [
                18,
                3,
                48,
                34
            ],
            [
                18,
                2,
                29,
                25
            ],
            [
                18,
                4,
                48,
                20
            ],
            [
                18,
                2,
                32,
                28
            ],
            [
                18,
                2,
                33,
                29
            ],
            [
                18,
                2,
                33,
                29
            ],
            [
                19,
                2,
                12,
                8
            ],
            [
                19,
                4,
                47,
                19
            ],
            [
                20,
                4,
                44,
                16
            ],
            [
                20,
                4,
                45,
                17
            ],
            [
                20,
                4,
                45,
                17
            ],
            [
                20,
                3,
                46,
                32
            ],
            [
                20,
                2,
                28,
                26
            ],
            [
                21,
                3,
                45,
                31
            ],
            [
                21,
                2,
                27,
                25
            ],
            [
                21,
                2,
                29,
                27
            ],
            [
                21,
                3,
                45,
                31
            ],
            [
                22,
                2,
                49,
                47
            ],
            [
                22,
                2,
                28,
                26
            ],
            [
                22,
                2,
                30,
                28
            ],
            [
                22,
                1,
                28,
                28
            ],
            [
                22,
                2,
                33,
                31
            ],
            [
                23,
                2,
                33,
                29
            ],
            [
                23,
                3,
                49,
                35
            ],
            [
                23,
                3,
                49,
                35
            ],
            [
                23,
                4,
                49,
                21
            ],
            [
                23,
                3,
                49,
                35
            ],
            [
                24,
                2,
                11,
                7
            ],
            [
                24,
                4,
                42,
                14
            ],
            [
                24,
                4,
                47,
                19
            ],
            [
                24,
                2,
                32,
                28
            ],
            [
                24,
                4,
                48,
                20
            ],
            [
                24,
                4,
                49,
                21
            ],
            [
                24,
                4,
                49,
                21
            ],
            [
                24,
                3,
                49,
                35
            ],
            [
                24,
                4,
                49,
                21
            ],
            [
                25,
                3,
                46,
                32
            ],
            [
                25,
                3,
                50,
                36
            ],
            [
                25,
                4,
                46,
                18
            ],
            [
                25,
                4,
                49,
                21
            ],
            [
                25,
                3,
                51,
                37
            ],
            [
                26,
                2,
                29,
                27
            ],
            [
                26,
                2,
                29,
                27
            ],
            [
                26,
                3,
                49,
                35
            ],
            [
                26,
                4,
                49,
                21
            ],
            [
                26,
                4,
                50,
                22
            ],
            [
                27,
                4,
                49,
                21
            ],
            [
                27,
                4,
                49,
                21
            ],
            [
                27,
                2,
                28,
                26
            ],
            [
                27,
                2,
                28,
                26
            ],
            [
                27,
                4,
                51,
                23
            ],
            [
                27,
                2,
                30,
                28
            ],
            [
                27,
                4,
                50,
                22
            ],
            [
                28,
                2,
                29,
                25
            ],
            [
                28,
                3,
                53,
                39
            ],
            [
                28,
                3,
                54,
                40
            ],
            [
                28,
                3,
                54,
                40
            ],
            [
                28,
                3,
                49,
                35
            ],
            [
                28,
                2,
                13,
                9
            ],
            [
                28,
                4,
                54,
                26
            ],
            [
                28,
                4,
                54,
                26
            ],
            [
                29,
                3,
                53,
                39
            ],
            [
                29,
                2,
                27,
                23
            ],
            [
                29,
                4,
                54,
                26
            ],
            [
                29,
                3,
                52,
                38
            ],
            [
                29,
                2,
                31,
                27
            ],
            [
                29,
                3,
                53,
                39
            ]
        ],
        "lWaitDayByPriority": [
            5863,
            28,
            1182,
            2716,
            1937
        ],
        "objval": 2672.4404901550065,
        "std_occupancy": 44.13239299536015
    },
    "runtime": 0.7768864631652832,
    "simdays": 150,
    "solver": "daily_greedy"
}