{
    "arrivalrate": 6.0,
    "ins_name": 350,
    "ins_path": null,
    "lNoNewPatients": [
        173,
        2,
        75,
        53,
        43
    ],
    "lNoPatients": [
        351,
        2,
        85,
        165,
        99
    ],
    "lNoSections": [
        2199,
        11,
        231,
        1168,
        789
    ],
    "mipgap": 1.0,
    "noLinacs": 4,
    "noSlotsPerDay": 120,
    "planningHorizon": 80,
    "runresult": {
        "avg_occupancy": 49.87638888888889,
        "feasibility": true,
        "lAvgLateDayByPriority": [
            24.09248554913295,
            20.5,
            21.946666666666665,
            30.77358490566038,
            19.767441860465116
        ],
        "lAvgWaitDayByPriority": [
            35.98843930635838,
            20.5,
            24.533333333333335,
            43.9811320754717,
            46.83720930232558
        ],
        "lLateDayByPriority": [
            4168,
            41,
            1646,
            1631,
            850
        ],
        "lOccupancy": {
            "0": [
                0.0,
                0.0,
                1.25,
                0.0,
                0.0,
                0.0,
                0.0,
                0.0,
                0.0,
                0.0,
                0.0,
                0.0,
                0.0,
                0.0,
                0.0,
                0.0,
                0.0,
                0.0,
                0.0,
                0.0,
                0.0,
                0.0,
                0.0,
                0.0,
                0.0,
                0.0,
                0.0,
                0.0,
                0.0,
                0.0,
                0.0,
                0.0,
                0.0,
                0.0,
                0.0,
                0.0,
                0.0,
                0.0,
                0.0,
                0.0,
                0.0,
                0.0,
                0.0,
                0.0,
                0.0,
                1.0416666666666665,
                1.0416666666666665,
                1.0416666666666665,
                1.0416666666666665,
                1.0416666666666665,
                1.0416666666666665,
                1.0416666666666665,
                1.0416666666666665,
                1.0416666666666665,
                1.0416666666666665,
                0.0,
                0.0,
                0.0,
                0.0,
                0.0,
                0.0,
                0.0,
                0.0,
                0.0,
                0.0,
                0.0,
                0.0,
                0.0,
                0.0,
                0.0,
                0.0,
                0.0,
                0.0,
                0.0,
                0.0,
                0.0,
                0.0,
                0.0,
                0.0,
                0.0,
                0.0,
                0.0,
                0.0,
                0.0,
                0.0,
                0.0,
                0.0,
                0.0,
                0.0,
                0.0,
                0.0,
                0.0,
                0.0,
                0.0,
                0.0,
                0.0,
                0.0,
                0.0,
                0.0,
                0.0,
                0.0,
                0.0,
                0.0,
                0.0,
                0.0,
                0.0,
                0.0,
                0.0,
                0.0,
                0.0,
                0.0,
                0.0,
                0.0,
                0.0,
                0.0,
                0.0,
                0.0,
                0.0,
                0.0,
                0.0,
                0.0,
                0.0,
                0.0,
                0.0,
                0.0,
                0.0,
                0.0,
                0.0,
                0.0,
                0.0,
                0.0,
                0.0,
                0.0,
                0.0,
                0.0,
                0.0,
                0.0,
                0.0,
                0.0,
                0.0,
                0.0,
                0.0,
                0.0,
                0.0,
                0.0,
                0.0,
                0.0,
                0.0,
                0.0,
                0.0
            ],
            "1": [
                12.916666666666668,
                5.416666666666667,
                7.5,
                9.583333333333334,
                13.333333333333334,
                8.75,
                7.083333333333333,
                7.708333333333334,
                3.5416666666666665,
                3.5416666666666665,
                3.958333333333333,
                4.166666666666666,
                4.166666666666666,
                4.375,
                4.375,
                3.3333333333333335,
                4.583333333333333,
                3.3333333333333335,
                3.125,
                4.791666666666667,
                4.166666666666666,
                5.0,
                3.3333333333333335,
                5.0,
                5.208333333333334,
                3.3333333333333335,
                5.0,
                4.583333333333333,
                3.3333333333333335,
                5.0,
                4.791666666666667,
                3.3333333333333335,
                3.75,
                3.958333333333333,
                3.958333333333333,
                3.958333333333333,
                5.208333333333334,
                5.208333333333334,
                2.9166666666666665,
                6.875000000000001,
                6.666666666666667,
                6.875000000000001,
                6.041666666666667,
                7.5,
                6.875000000000001,
                8.125,
                6.666666666666667,
                6.666666666666667,
                6.666666666666667,
                6.666666666666667,
                10.833333333333334,
                14.791666666666666,
                10.833333333333334,
                9.791666666666666,
                8.125,
                10.0,
                10.625,
                10.625,
                10.208333333333334,
                10.208333333333334,
                10.416666666666668,
                6.875000000000001,
                1.0416666666666665,
                0.0,
                0.0,
                0.0,
                0.0,
                0.0,
                0.0,
                0.0,
                0.0,
                0.0,
                0.0,
                0.0,
                0.0,
                0.0,
                0.0,
                0.0,
                0.0,
                0.0,
                0.0,
                0.0,
                0.0,
                0.0,
                0.0,
                0.0,
                0.0,
                0.0,
                0.0,
                0.0,
                0.0,
                0.0,
                0.0,
                0.0,
                0.0,
                0.0,
                0.0,
                0.0,
                0.0,
                0.0,
                0.0,
                0.0,
                0.0,
                0.0,
                0.0,
                0.0,
                0.0,
                0.0,
                0.0,
                0.0,
                0.0,
                0.0,
                0.0,
                0.0,
                0.0,
                0.0,
                0.0,
                0.0,
                0.0,
                0.0,
                0.0,
                0.0,
                0.0,
                0.0,
                0.0,
                0.0,
                0.0,
                0.0,
                0.0,
                0.0,
                0.0,
                0.0,
                0.0,
                0.0,
                0.0,
                0.0,
                0.0,
                0.0,
                0.0,
                0.0,
                0.0,
                0.0,
                0.0,
                0.0,
                0.0,
                0.0,
                0.0,
                0.0,
                0.0,
                0.0
            ],
            "2": [
                70.20833333333333,
                68.125,
                68.125,
                65.625,
                63.33333333333333,
                61.25000000000001,
                64.58333333333334,
                56.666666666666664,
                59.791666666666664,
                57.291666666666664,
                53.95833333333333,
                53.541666666666664,
                57.291666666666664,
                57.49999999999999,
                57.49999999999999,
                57.08333333333333,
                55.208333333333336,
                53.95833333333333,
                54.37499999999999,
                54.37499999999999,
                57.91666666666667,
                54.79166666666667,
                59.375,
                54.166666666666664,
                54.37499999999999,
                53.541666666666664,
                55.208333333333336,
                55.41666666666667,
                51.24999999999999,
                51.24999999999999,
                56.666666666666664,
                60.20833333333333,
                55.833333333333336,
                56.041666666666664,
                56.25,
                56.458333333333336,
                57.49999999999999,
                62.916666666666664,
                63.541666666666664,
                57.91666666666667,
                59.583333333333336,
                62.291666666666664,
                62.291666666666664,
                66.25,
                65.625,
                63.541666666666664,
                63.33333333333333,
                62.916666666666664,
                62.916666666666664,
                62.083333333333336,
                57.08333333333333,
                55.41666666666667,
                57.08333333333333,
                57.291666666666664,
                57.291666666666664,
                58.54166666666667,
                58.75,
                58.75,
                59.375,
                59.375,
                56.458333333333336,
                52.916666666666664,
                51.24999999999999,
                51.87500000000001,
                52.916666666666664,
                54.58333333333333,
                52.083333333333336,
                46.041666666666664,
                41.25,
                37.916666666666664,
                36.25,
                32.916666666666664,
                29.583333333333332,
                27.916666666666668,
                26.666666666666668,
                26.666666666666668,
                26.666666666666668,
                26.666666666666668,
                26.666666666666668,
                25.0,
                23.75,
                23.75,
                21.25,
                21.25,
                20.208333333333332,
                18.541666666666668,
                14.374999999999998,
                13.125,
                9.375,
                9.375,
                9.375,
                7.083333333333333,
                7.083333333333333,
                7.083333333333333,
                7.083333333333333,
                7.083333333333333,
                4.583333333333333,
                4.583333333333333,
                2.9166666666666665,
                0.0,
                0.0,
                0.0,
                0.0,
                0.0,
                0.0,
                0.0,
                0.0,
                0.0,
                0.0,
                0.0,
                0.0,
                0.0,
                0.0,
                0.0,
                0.0,
                0.0,
                0.0,
                0.0,
                0.0,
                0.0,
                0.0,
                0.0,
                0.0,
                0.0,
                0.0,
                0.0,
                0.0,
                0.0,
                0.0,
                0.0,
                0.0,
                0.0,
                0.0,
                0.0,
                0.0,
                0.0,
                0.0,
                0.0,
                0.0,
                0.0,
                0.0,
                0.0,
                0.0,
                0.0,
                0.0,
                0.0,
                0.0,
                0.0,
                0.0,
                0.0
            ],
            "3": [
                12.916666666666668,
                14.374999999999998,
                14.374999999999998,
                17.291666666666668,
                18.75,
                27.083333333333332,
                27.083333333333332,
                34.375,
                36.041666666666664,
                38.333333333333336,
                40.208333333333336,
                40.208333333333336,
                36.875,
                36.875,
                36.875,
                36.875,
                37.916666666666664,
                41.66666666666667,
                40.208333333333336,
                38.958333333333336,
                36.041666666666664,
                39.166666666666664,
                35.625,
                40.0,
                39.58333333333333,
                40.625,
                38.75,
                38.75,
                43.541666666666664,
                41.66666666666667,
                37.708333333333336,
                34.791666666666664,
                39.166666666666664,
                39.375,
                38.333333333333336,
                37.083333333333336,
                36.45833333333333,
                30.625000000000004,
                31.666666666666664,
                33.541666666666664,
                32.083333333333336,
                28.958333333333336,
                29.583333333333332,
                24.166666666666668,
                26.041666666666668,
                26.041666666666668,
                27.083333333333332,
                27.083333333333332,
                27.083333333333332,
                27.291666666666664,
                29.166666666666668,
                27.500000000000004,
                28.541666666666664,
                30.625000000000004,
                30.625000000000004,
                29.583333333333332,
                29.375,
                29.375,
                28.333333333333332,
                28.541666666666664,
                30.625000000000004,
                32.708333333333336,
                32.708333333333336,
                31.041666666666668,
                30.833333333333336,
                29.583333333333332,
                32.5,
                30.625000000000004,
                29.375,
                26.25,
                26.25,
                26.25,
                25.208333333333332,
                22.916666666666664,
                21.666666666666668,
                18.125,
                18.125,
                18.125,
                16.041666666666668,
                14.791666666666666,
                11.041666666666666,
                8.75,
                8.75,
                5.625,
                5.625,
                5.625,
                4.375,
                4.375,
                3.3333333333333335,
                3.3333333333333335,
                3.3333333333333335,
                0.0,
                0.0,
                0.0,
                0.0,
                0.0,
                0.0,
                0.0,
                0.0,
                0.0,
                0.0,
                0.0,
                0.0,
                0.0,
                0.0,
                0.0,
                0.0,
                0.0,
                0.0,
                0.0,
                0.0,
                0.0,
                0.0,
                0.0,
                0.0,
                0.0,
                0.0,
                0.0,
                0.0,
                0.0,
                0.0,
                0.0,
                0.0,
                0.0,
                0.0,
                0.0,
                0.0,
                0.0,
                0.0,
                0.0,
                0.0,
                0.0,
                0.0,
                0.0,
                0.0,
                0.0,
                0.0,
                0.0,
                0.0,
                0.0,
                0.0,
                0.0,
                0.0,
                0.0,
                0.0,
                0.0,
                0.0,
                0.0,
                0.0,
                0.0
            ],
            "overall": [
                96.04166666666667,
                87.91666666666667,
                91.25,
                92.5,
                95.41666666666666,
                97.08333333333333,
                98.75,
                98.75,
                99.375,
                99.16666666666666,
                98.125,
                97.91666666666666,
                98.33333333333333,
                98.75,
                98.75,
                97.29166666666666,
                97.70833333333334,
                98.95833333333334,
                97.70833333333333,
                98.125,
                98.125,
                98.95833333333334,
                98.33333333333334,
                99.16666666666666,
                99.16666666666666,
                97.5,
                98.95833333333334,
                98.75,
                98.125,
                97.91666666666666,
                99.16666666666666,
                98.33333333333333,
                98.75,
                99.375,
                98.54166666666667,
                97.5,
                99.16666666666666,
                98.75,
                98.125,
                98.33333333333334,
                98.33333333333334,
                98.125,
                97.91666666666666,
                97.91666666666667,
                98.54166666666667,
                98.75,
                98.12499999999999,
                97.70833333333333,
                97.70833333333333,
                97.08333333333334,
                98.125,
                98.75,
                97.5,
                98.75,
                97.08333333333333,
                98.125,
                98.75,
                98.75,
                97.91666666666666,
                98.125,
                97.5,
                92.5,
                85.0,
                82.91666666666667,
                83.75,
                84.16666666666666,
                84.58333333333334,
                76.66666666666667,
                70.625,
                64.16666666666666,
                62.5,
                59.166666666666664,
                54.791666666666664,
                50.83333333333333,
                48.333333333333336,
                44.79166666666667,
                44.79166666666667,
                44.79166666666667,
                42.708333333333336,
                39.791666666666664,
                34.791666666666664,
                32.5,
                30.0,
                26.875,
                25.833333333333332,
                24.166666666666668,
                18.75,
                17.5,
                12.708333333333334,
                12.708333333333334,
                12.708333333333334,
                7.083333333333333,
                7.083333333333333,
                7.083333333333333,
                7.083333333333333,
                7.083333333333333,
                4.583333333333333,
                4.583333333333333,
                2.9166666666666665,
                0.0,
                0.0,
                0.0,
                0.0,
                0.0,
                0.0,
                0.0,
                0.0,
                0.0,
                0.0,
                0.0,
                0.0,
                0.0,
                0.0,
                0.0,
                0.0,
                0.0,
                0.0,
                0.0,
                0.0,
                0.0,
                0.0,
                0.0,
                0.0,
                0.0,
                0.0,
                0.0,
                0.0,
                0.0,
                0.0,
                0.0,
                0.0,
                0.0,
                0.0,
                0.0,
                0.0,
                0.0,
                0.0,
                0.0,
                0.0,
                0.0,
                0.0,
                0.0,
                0.0,
                0.0,
                0.0,
                0.0,
                0.0,
                0.0,
                0.0,
                0.0
            ]
        },
        "lWaitAndOverdue": [
            [
                0,
                2,
                2,
                0
            ],
            [
                0,
                4,
                10,
                0
            ],
            [
                0,
                3,
                7,
                0
            ],
            [
                1,
                3,
                9,
                0
            ],
            [
                1,
                3,
                7,
                0
            ],
            [
                1,
                3,
                7,
                0
            ],
            [
                1,
                3,
                6,
                0
            ],
            [
                1,
                3,
                6,
                0
            ],
            [
                2,
                2,
                1,
                0
            ],
            [
                2,
                2,
                0,
                0
            ],
            [
                2,
                2,
                1,
                0
            ],
            [
                2,
                2,
                2,
                0
            ],
            [
                2,
                2,
                0,
                0
            ],
            [
                2,
                1,
                0,
                0
            ],
            [
                2,
                4,
                27,
                0
            ],
            [
                2,
                3,
                21,
                7
            ],
            [
                3,
                3,
                42,
                28
            ],
            [
                3,
                2,
                1,
                0
            ],
            [
                3,
                4,
                42,
                14
            ],
            [
                3,
                3,
                46,
                32
            ],
            [
                4,
                3,
                45,
                31
            ],
            [
                4,
                2,
                4,
                0
            ],
            [
                4,
                3,
                47,
                33
            ],
            [
                4,
                2,
                4,
                0
            ],
            [
                5,
                2,
                2,
                0
            ],
            [
                5,
                2,
                2,
                0
            ],
            [
                5,
                3,
                45,
                31
            ],
            [
                5,
                4,
                42,
                14
            ],
            [
                5,
                3,
                45,
                31
            ],
            [
                5,
                2,
                8,
                6
            ],
            [
                5,
                2,
                3,
                1
            ],
            [
                6,
                3,
                44,
                30
            ],
            [
                6,
                4,
                15,
                0
            ],
            [
                6,
                2,
                3,
                1
            ],
            [
                6,
                3,
                44,
                30
            ],
            [
                6,
                2,
                6,
                4
            ],
            [
                6,
                2,
                9,
                7
            ],
            [
                6,
                2,
                21,
                19
            ],
            [
                6,
                2,
                9,
                7
            ],
            [
                7,
                2,
                21,
                19
            ],
            [
                7,
                2,
                15,
                13
            ],
            [
                8,
                2,
                15,
                11
            ],
            [
                8,
                4,
                43,
                15
            ],
            [
                8,
                2,
                4,
                0
            ],
            [
                8,
                4,
                43,
                15
            ],
            [
                8,
                3,
                46,
                32
            ],
            [
                8,
                4,
                43,
                15
            ],
            [
                9,
                2,
                19,
                15
            ],
            [
                9,
                2,
                11,
                7
            ],
            [
                9,
                2,
                14,
                10
            ],
            [
                9,
                4,
                41,
                13
            ],
            [
                9,
                3,
                45,
                31
            ],
            [
                9,
                2,
                14,
                10
            ],
            [
                9,
                3,
                46,
                32
            ],
            [
                9,
                3,
                48,
                34
            ],
            [
                9,
                3,
                46,
                32
            ],
            [
                9,
                4,
                47,
                19
            ],
            [
                9,
                3,
                48,
                34
            ],
            [
                9,
                4,
                27,
                0
            ],
            [
                10,
                3,
                43,
                29
            ],
            [
                10,
                2,
                14,
                12
            ],
            [
                10,
                2,
                22,
                20
            ],
            [
                10,
                4,
                46,
                18
            ],
            [
                10,
                3,
                46,
                32
            ],
            [
                10,
                2,
                30,
                28
            ],
            [
                11,
                2,
                29,
                27
            ],
            [
                11,
                2,
                30,
                28
            ],
            [
                11,
                3,
                45,
                31
            ],
            [
                11,
                4,
                45,
                17
            ],
            [
                11,
                2,
                38,
                36
            ],
            [
                12,
                2,
                42,
                40
            ],
            [
                12,
                3,
                47,
                33
            ],
            [
                12,
                2,
                15,
                13
            ],
            [
                12,
                2,
                37,
                35
            ],
            [
                12,
                3,
                47,
                33
            ],
            [
                13,
                3,
                47,
                33
            ],
            [
                13,
                4,
                46,
                18
            ],
            [
                13,
                4,
                47,
                19
            ],
            [
                13,
                3,
                47,
                33
            ],
            [
                13,
                3,
                48,
                34
            ],
            [
                13,
                2,
                42,
                38
            ],
            [
                13,
                3,
                48,
                34
            ],
            [
                13,
                2,
                42,
                38
            ],
            [
                13,
                4,
                50,
                22
            ],
            [
                13,
                2,
                15,
                11
            ],
            [
                13,
                2,
                46,
                42
            ],
            [
                13,
                2,
                47,
                43
            ],
            [
                14,
                2,
                19,
                15
            ],
            [
                14,
                4,
                49,
                21
            ],
            [
                15,
                4,
                49,
                21
            ],
            [
                15,
                4,
                49,
                21
            ],
            [
                15,
                4,
                49,
                21
            ],
            [
                15,
                3,
                46,
                32
            ],
            [
                15,
                2,
                24,
                22
            ],
            [
                15,
                3,
                46,
                32
            ],
            [
                15,
                2,
                18,
                16
            ],
            [
                16,
                2,
                44,
                42
            ],
            [
                16,
                3,
                49,
                35
            ],
            [
                16,
                2,
                49,
                47
            ],
            [
                16,
                2,
                44,
                42
            ],
            [
                16,
                2,
                45,
                43
            ],
            [
                16,
                1,
                41,
                41
            ],
            [
                16,
                2,
                48,
                46
            ],
            [
                17,
                2,
                48,
                46
            ],
            [
                17,
                3,
                49,
                35
            ],
            [
                18,
                3,
                49,
                35
            ],
            [
                18,
                4,
                21,
                0
            ],
            [
                18,
                3,
                50,
                36
            ],
            [
                18,
                2,
                1,
                0
            ],
            [
                18,
                4,
                49,
                21
            ],
            [
                18,
                4,
                48,
                20
            ],
            [
                18,
                2,
                18,
                14
            ],
            [
                18,
                4,
                49,
                21
            ],
            [
                19,
                4,
                52,
                24
            ],
            [
                19,
                4,
                53,
                25
            ],
            [
                19,
                3,
                52,
                38
            ],
            [
                19,
                4,
                52,
                24
            ],
            [
                20,
                3,
                50,
                36
            ],
            [
                20,
                3,
                50,
                36
            ],
            [
                20,
                4,
                52,
                24
            ],
            [
                20,
                4,
                52,
                24
            ],
            [
                20,
                3,
                52,
                38
            ],
            [
                20,
                2,
                22,
                20
            ],
            [
                20,
                2,
                44,
                42
            ],
            [
                20,
                3,
                52,
                38
            ],
            [
                20,
                4,
                53,
                25
            ],
            [
                20,
                4,
                53,
                25
            ],
            [
                21,
                4,
                55,
                27
            ],
            [
                21,
                4,
                55,
                27
            ],
            [
                21,
                2,
                24,
                22
            ],
            [
                22,
                2,
                41,
                39
            ],
            [
                22,
                4,
                55,
                27
            ],
            [
                22,
                2,
                26,
                24
            ],
            [
                23,
                4,
                54,
                26
            ],
            [
                23,
                2,
                42,
                38
            ],
            [
                23,
                3,
                56,
                42
            ],
            [
                23,
                3,
                56,
                42
            ],
            [
                23,
                3,
                56,
                42
            ],
            [
                23,
                3,
                56,
                42
            ],
            [
                23,
                2,
                22,
                18
            ],
            [
                23,
                4,
                57,
                29
            ],
            [
                24,
                4,
                59,
                31
            ],
            [
                24,
                3,
                59,
                45
            ],
            [
                24,
                2,
                25,
                21
            ],
            [
                24,
                4,
                59,
                31
            ],
            [
                24,
                3,
                56,
                42
            ],
            [
                24,
                2,
                45,
                41
            ],
            [
                25,
                3,
                57,
                43
            ],
            [
                25,
                2,
                25,
                23
            ],
            [
                25,
                2,
                42,
                40
            ],
            [
                25,
                2,
                38,
                36
            ],
            [
                25,
                2,
                43,
                41
            ],
            [
                25,
                2,
                22,
                20
            ],
            [
                25,
                2,
                42,
                40
            ],
            [
                26,
                4,
                56,
                28
            ],
            [
                26,
                4,
                56,
                28
            ],
            [
                27,
                4,
                55,
                27
            ],
            [
                27,
                3,
                55,
                41
            ],
            [
                27,
                2,
                42,
                40
            ],
            [
                27,
                2,
                42,
                40
            ],
            [
                27,
                4,
                55,
                27
            ],
            [
                28,
                3,
                54,
                40
            ],
            [
                28,
                4,
                54,
                26
            ],
            [
                28,
                3,
                54,
                40
            ],
            [
                28,
                2,
                21,
                17
            ],
            [
                28,
                3,
                54,
                40
            ],
            [
                28,
                3,
                55,
                41
            ],
            [
                29,
                2,
                41,
                37
            ],
            [
                29,
                2,
                41,
                37
            ],
            [
                29,
                2,
                31,
                27
            ],
            [
                29,
                2,
                45,
                41
            ],
            [
                29,
                2,
                45,
                41
            ],
            [
                29,
                2,
                31,
                27
            ]
        ],
        "lWaitDayByPriority": [
            6226,
            41,
            1840,
            2331,
            2014
        ],
        "objval": 2834.139368143922,
        "std_occupancy": 44.81720264768408
    },
    "runtime": 5.09581995010376,
    "simdays": 150,
    "solver": "daily"
}