{
    "arrivalrate": 6.0,
    "ins_name": 355,
    "ins_path": null,
    "lNoNewPatients": [
        173,
        2,
        71,
        63,
        37
    ],
    "lNoPatients": [
        332,
        2,
        78,
        164,
        88
    ],
    "lNoSections": [
        2384,
        11,
        213,
        1419,
        741
    ],
    "mipgap": 1.0,
    "noLinacs": 4,
    "noSlotsPerDay": 120,
    "planningHorizon": 80,
    "runresult": {
        "avg_occupancy": 47.81111111111111,
        "feasibility": true,
        "lAvgLateDayByPriority": [
            17.46242774566474,
            15.0,
            11.732394366197184,
            25.77777777777778,
            14.432432432432432
        ],
        "lAvgWaitDayByPriority": [
            29.040462427745666,
            15.0,
            13.971830985915492,
            39.15873015873016,
            41.486486486486484
        ],
        "lLateDayByPriority": [
            3021,
            30,
            833,
            1624,
            534
        ],
        "lOccupancy": {
            "0": [
                0.0,
                0.0,
                0.0,
                0.0,
                0.0,
                0.0,
                0.0,
                0.0,
                0.0,
                0.0,
                0.0,
                0.0,
                0.0,
                0.0,
                0.0,
                1.25,
                0.0,
                0.0,
                0.0,
                0.0,
                0.0,
                0.0,
                0.0,
                0.0,
                0.0,
                0.0,
                0.0,
                0.0,
                0.0,
                0.0,
                0.0,
                0.0,
                0.0,
                0.0,
                0.0,
                0.0,
                0.0,
                0.0,
                0.0,
                0.0,
                0.0,
                0.0,
                0.0,
                0.0,
                1.0416666666666665,
                1.0416666666666665,
                1.0416666666666665,
                1.0416666666666665,
                1.0416666666666665,
                1.0416666666666665,
                1.0416666666666665,
                1.0416666666666665,
                1.0416666666666665,
                1.0416666666666665,
                0.0,
                0.0,
                0.0,
                0.0,
                0.0,
                0.0,
                0.0,
                0.0,
                0.0,
                0.0,
                0.0,
                0.0,
                0.0,
                0.0,
                0.0,
                0.0,
                0.0,
                0.0,
                0.0,
                0.0,
                0.0,
                0.0,
                0.0,
                0.0,
                0.0,
                0.0,
                0.0,
                0.0,
                0.0,
                0.0,
                0.0,
                0.0,
                0.0,
                0.0,
                0.0,
                0.0,
                0.0,
                0.0,
                0.0,
                0.0,
                0.0,
                0.0,
                0.0,
                0.0,
                0.0,
                0.0,
                0.0,
                0.0,
                0.0,
                0.0,
                0.0,
                0.0,
                0.0,
                0.0,
                0.0,
                0.0,
                0.0,
                0.0,
                0.0,
                0.0,
                0.0,
                0.0,
                0.0,
                0.0,
                0.0,
                0.0,
                0.0,
                0.0,
                0.0,
                0.0,
                0.0,
                0.0,
                0.0,
                0.0,
                0.0,
                0.0,
                0.0,
                0.0,
                0.0,
                0.0,
                0.0,
                0.0,
                0.0,
                0.0,
                0.0,
                0.0,
                0.0,
                0.0,
                0.0,
                0.0,
                0.0,
                0.0,
                0.0,
                0.0,
                0.0,
                0.0
            ],
            "1": [
                7.291666666666667,
                8.125,
                16.041666666666668,
                10.833333333333334,
                11.458333333333332,
                12.083333333333334,
                10.833333333333334,
                4.583333333333333,
                7.083333333333333,
                4.375,
                5.625,
                4.791666666666667,
                4.791666666666667,
                4.791666666666667,
                5.208333333333334,
                3.125,
                4.375,
                3.3333333333333335,
                3.958333333333333,
                4.166666666666666,
                4.791666666666667,
                4.583333333333333,
                3.958333333333333,
                3.958333333333333,
                4.166666666666666,
                4.166666666666666,
                4.583333333333333,
                5.833333333333333,
                4.583333333333333,
                4.583333333333333,
                4.583333333333333,
                4.375,
                3.3333333333333335,
                3.3333333333333335,
                6.458333333333334,
                6.666666666666667,
                8.75,
                9.166666666666666,
                10.625,
                10.416666666666668,
                8.958333333333334,
                10.0,
                12.291666666666666,
                10.625,
                10.625,
                10.625,
                13.125,
                13.333333333333334,
                9.583333333333334,
                9.583333333333334,
                8.333333333333332,
                5.0,
                1.6666666666666667,
                0.0,
                0.0,
                0.0,
                0.0,
                0.0,
                5.625,
                0.0,
                0.0,
                0.0,
                0.0,
                0.0,
                0.0,
                0.0,
                0.0,
                0.0,
                0.0,
                0.0,
                0.0,
                0.0,
                0.0,
                0.0,
                0.0,
                0.0,
                0.0,
                0.0,
                0.0,
                0.0,
                0.0,
                0.0,
                0.0,
                0.0,
                0.0,
                0.0,
                0.0,
                0.0,
                0.0,
                0.0,
                0.0,
                0.0,
                0.0,
                0.0,
                0.0,
                0.0,
                0.0,
                0.0,
                0.0,
                0.0,
                0.0,
                0.0,
                0.0,
                0.0,
                0.0,
                0.0,
                0.0,
                0.0,
                0.0,
                0.0,
                0.0,
                0.0,
                0.0,
                0.0,
                0.0,
                0.0,
                0.0,
                0.0,
                0.0,
                0.0,
                0.0,
                0.0,
                0.0,
                0.0,
                0.0,
                0.0,
                0.0,
                0.0,
                0.0,
                0.0,
                0.0,
                0.0,
                0.0,
                0.0,
                0.0,
                0.0,
                0.0,
                0.0,
                0.0,
                0.0,
                0.0,
                0.0,
                0.0,
                0.0,
                0.0,
                0.0,
                0.0,
                0.0,
                0.0,
                0.0
            ],
            "2": [
                69.375,
                68.125,
                66.66666666666666,
                67.91666666666667,
                68.54166666666667,
                71.875,
                69.79166666666666,
                70.20833333333333,
                67.70833333333334,
                62.291666666666664,
                60.416666666666664,
                59.583333333333336,
                55.625,
                54.166666666666664,
                56.666666666666664,
                56.666666666666664,
                56.25,
                57.291666666666664,
                58.333333333333336,
                56.041666666666664,
                55.00000000000001,
                55.00000000000001,
                53.125,
                54.58333333333333,
                57.70833333333333,
                58.54166666666667,
                58.333333333333336,
                56.875,
                56.666666666666664,
                57.91666666666667,
                57.91666666666667,
                56.25,
                51.041666666666664,
                51.041666666666664,
                52.5,
                51.87500000000001,
                53.333333333333336,
                57.291666666666664,
                54.79166666666667,
                55.208333333333336,
                54.166666666666664,
                57.70833333333333,
                56.666666666666664,
                56.666666666666664,
                56.875,
                56.875,
                54.79166666666667,
                57.91666666666667,
                57.91666666666667,
                57.91666666666667,
                58.333333333333336,
                58.333333333333336,
                61.875,
                56.25,
                58.12500000000001,
                57.91666666666667,
                56.041666666666664,
                53.95833333333333,
                53.125,
                53.125,
                56.25,
                56.25,
                56.041666666666664,
                55.41666666666667,
                53.75,
                53.75,
                53.75,
                52.29166666666667,
                44.166666666666664,
                39.791666666666664,
                33.541666666666664,
                33.541666666666664,
                33.541666666666664,
                30.208333333333332,
                26.875,
                20.416666666666668,
                18.958333333333332,
                17.291666666666668,
                17.291666666666668,
                15.625,
                14.374999999999998,
                14.374999999999998,
                14.374999999999998,
                14.374999999999998,
                14.374999999999998,
                14.374999999999998,
                14.374999999999998,
                14.374999999999998,
                12.708333333333332,
                11.458333333333332,
                10.208333333333334,
                8.958333333333334,
                7.708333333333334,
                3.5416666666666665,
                3.5416666666666665,
                2.2916666666666665,
                0.0,
                0.0,
                0.0,
                0.0,
                0.0,
                0.0,
                0.0,
                0.0,
                0.0,
                0.0,
                0.0,
                0.0,
                0.0,
                0.0,
                0.0,
                0.0,
                0.0,
                0.0,
                0.0,
                0.0,
                0.0,
                0.0,
                0.0,
                0.0,
                0.0,
                0.0,
                0.0,
                0.0,
                0.0,
                0.0,
                0.0,
                0.0,
                0.0,
                0.0,
                0.0,
                0.0,
                0.0,
                0.0,
                0.0,
                0.0,
                0.0,
                0.0,
                0.0,
                0.0,
                0.0,
                0.0,
                0.0,
                0.0,
                0.0,
                0.0,
                0.0,
                0.0,
                0.0,
                0.0
            ],
            "3": [
                14.583333333333334,
                15.416666666666668,
                15.416666666666668,
                15.416666666666668,
                14.374999999999998,
                14.374999999999998,
                15.833333333333332,
                17.291666666666668,
                18.75,
                31.458333333333332,
                32.916666666666664,
                34.375,
                38.54166666666667,
                40.416666666666664,
                37.083333333333336,
                37.083333333333336,
                37.083333333333336,
                37.5,
                35.625,
                37.708333333333336,
                38.75,
                39.166666666666664,
                41.041666666666664,
                39.58333333333333,
                37.291666666666664,
                35.41666666666667,
                35.625,
                37.083333333333336,
                37.708333333333336,
                36.25,
                36.25,
                37.708333333333336,
                42.5,
                43.541666666666664,
                39.166666666666664,
                39.166666666666664,
                36.875,
                31.874999999999996,
                33.125,
                33.125,
                32.29166666666667,
                29.375,
                29.375,
                31.041666666666668,
                29.375,
                29.375,
                29.791666666666668,
                25.416666666666664,
                26.041666666666668,
                26.041666666666668,
                24.791666666666668,
                24.791666666666668,
                22.708333333333332,
                27.708333333333336,
                26.25,
                26.25,
                27.500000000000004,
                29.375,
                28.125,
                30.0,
                27.083333333333332,
                27.916666666666668,
                27.916666666666668,
                27.916666666666668,
                27.916666666666668,
                24.166666666666668,
                24.166666666666668,
                23.125,
                22.083333333333332,
                22.083333333333332,
                20.416666666666668,
                20.416666666666668,
                18.75,
                17.083333333333332,
                17.083333333333332,
                15.625,
                14.374999999999998,
                14.374999999999998,
                13.125,
                13.125,
                11.875,
                7.5,
                6.25,
                6.25,
                6.25,
                6.25,
                5.208333333333334,
                5.208333333333334,
                5.208333333333334,
                5.208333333333334,
                3.125,
                2.083333333333333,
                2.083333333333333,
                2.083333333333333,
                2.083333333333333,
                0.0,
                0.0,
                0.0,
                0.0,
                0.0,
                0.0,
                0.0,
                0.0,
                0.0,
                0.0,
                0.0,
                0.0,
                0.0,
                0.0,
                0.0,
                0.0,
                0.0,
                0.0,
                0.0,
                0.0,
                0.0,
                0.0,
                0.0,
                0.0,
                0.0,
                0.0,
                0.0,
                0.0,
                0.0,
                0.0,
                0.0,
                0.0,
                0.0,
                0.0,
                0.0,
                0.0,
                0.0,
                0.0,
                0.0,
                0.0,
                0.0,
                0.0,
                0.0,
                0.0,
                0.0,
                0.0,
                0.0,
                0.0,
                0.0,
                0.0,
                0.0,
                0.0,
                0.0,
                0.0,
                0.0
            ],
            "overall": [
                91.25,
                91.66666666666667,
                98.125,
                94.16666666666667,
                94.375,
                98.33333333333333,
                96.45833333333331,
                92.08333333333333,
                93.54166666666667,
                98.12499999999999,
                98.95833333333331,
                98.75,
                98.95833333333334,
                99.375,
                98.95833333333334,
                98.125,
                97.70833333333334,
                98.125,
                97.91666666666667,
                97.91666666666666,
                98.54166666666667,
                98.75,
                98.125,
                98.125,
                99.16666666666666,
                98.125,
                98.54166666666667,
                99.79166666666667,
                98.95833333333334,
                98.75,
                98.75,
                98.33333333333334,
                96.875,
                97.91666666666666,
                98.125,
                97.70833333333334,
                98.95833333333334,
                98.33333333333333,
                98.54166666666667,
                98.75,
                95.41666666666667,
                97.08333333333333,
                98.33333333333333,
                98.33333333333333,
                97.91666666666667,
                97.91666666666667,
                98.75000000000001,
                97.70833333333334,
                94.58333333333334,
                94.58333333333334,
                92.5,
                89.16666666666667,
                87.29166666666666,
                85.0,
                84.375,
                84.16666666666667,
                83.54166666666667,
                83.33333333333333,
                86.875,
                83.125,
                83.33333333333333,
                84.16666666666667,
                83.95833333333333,
                83.33333333333334,
                81.66666666666667,
                77.91666666666667,
                77.91666666666667,
                75.41666666666667,
                66.25,
                61.875,
                53.95833333333333,
                53.95833333333333,
                52.291666666666664,
                47.291666666666664,
                43.95833333333333,
                36.04166666666667,
                33.33333333333333,
                31.666666666666664,
                30.416666666666668,
                28.75,
                26.25,
                21.875,
                20.625,
                20.625,
                20.625,
                20.625,
                19.583333333333332,
                19.583333333333332,
                17.916666666666664,
                16.666666666666664,
                13.333333333333334,
                11.041666666666668,
                9.791666666666668,
                5.625,
                5.625,
                2.2916666666666665,
                0.0,
                0.0,
                0.0,
                0.0,
                0.0,
                0.0,
                0.0,
                0.0,
                0.0,
                0.0,
                0.0,
                0.0,
                0.0,
                0.0,
                0.0,
                0.0,
                0.0,
                0.0,
                0.0,
                0.0,
                0.0,
                0.0,
                0.0,
                0.0,
                0.0,
                0.0,
                0.0,
                0.0,
                0.0,
                0.0,
                0.0,
                0.0,
                0.0,
                0.0,
                0.0,
                0.0,
                0.0,
                0.0,
                0.0,
                0.0,
                0.0,
                0.0,
                0.0,
                0.0,
                0.0,
                0.0,
                0.0,
                0.0,
                0.0,
                0.0,
                0.0,
                0.0,
                0.0,
                0.0
            ]
        },
        "lWaitAndOverdue": [
            [
                0,
                2,
                0,
                0
            ],
            [
                0,
                3,
                7,
                0
            ],
            [
                0,
                2,
                2,
                0
            ],
            [
                0,
                2,
                1,
                0
            ],
            [
                0,
                3,
                10,
                0
            ],
            [
                1,
                4,
                22,
                0
            ],
            [
                1,
                3,
                10,
                0
            ],
            [
                1,
                3,
                10,
                0
            ],
            [
                1,
                3,
                10,
                0
            ],
            [
                1,
                2,
                1,
                0
            ],
            [
                1,
                3,
                9,
                0
            ],
            [
                1,
                3,
                8,
                0
            ],
            [
                2,
                2,
                0,
                0
            ],
            [
                2,
                3,
                42,
                28
            ],
            [
                2,
                3,
                9,
                0
            ],
            [
                2,
                2,
                0,
                0
            ],
            [
                2,
                2,
                2,
                0
            ],
            [
                2,
                4,
                42,
                14
            ],
            [
                2,
                2,
                2,
                0
            ],
            [
                2,
                4,
                42,
                14
            ],
            [
                3,
                4,
                42,
                14
            ],
            [
                3,
                4,
                43,
                15
            ],
            [
                3,
                3,
                42,
                28
            ],
            [
                4,
                3,
                42,
                28
            ],
            [
                4,
                3,
                42,
                28
            ],
            [
                4,
                2,
                0,
                0
            ],
            [
                4,
                3,
                45,
                31
            ],
            [
                4,
                3,
                45,
                31
            ],
            [
                4,
                2,
                3,
                0
            ],
            [
                4,
                2,
                0,
                0
            ],
            [
                4,
                3,
                45,
                31
            ],
            [
                4,
                3,
                46,
                32
            ],
            [
                5,
                3,
                43,
                29
            ],
            [
                5,
                3,
                43,
                29
            ],
            [
                5,
                2,
                0,
                0
            ],
            [
                5,
                2,
                1,
                0
            ],
            [
                5,
                2,
                0,
                0
            ],
            [
                6,
                4,
                42,
                14
            ],
            [
                6,
                2,
                2,
                0
            ],
            [
                6,
                3,
                43,
                29
            ],
            [
                6,
                4,
                43,
                15
            ],
            [
                7,
                2,
                2,
                0
            ],
            [
                7,
                3,
                42,
                28
            ],
            [
                7,
                2,
                0,
                0
            ],
            [
                7,
                3,
                42,
                28
            ],
            [
                7,
                3,
                42,
                28
            ],
            [
                8,
                2,
                4,
                0
            ],
            [
                8,
                4,
                13,
                0
            ],
            [
                8,
                3,
                42,
                28
            ],
            [
                8,
                2,
                5,
                1
            ],
            [
                9,
                4,
                45,
                17
            ],
            [
                9,
                3,
                45,
                31
            ],
            [
                9,
                3,
                41,
                27
            ],
            [
                9,
                3,
                42,
                28
            ],
            [
                9,
                3,
                42,
                28
            ],
            [
                10,
                3,
                42,
                28
            ],
            [
                10,
                3,
                42,
                28
            ],
            [
                10,
                2,
                2,
                0
            ],
            [
                10,
                2,
                3,
                1
            ],
            [
                11,
                2,
                3,
                1
            ],
            [
                11,
                2,
                9,
                7
            ],
            [
                11,
                2,
                3,
                1
            ],
            [
                11,
                1,
                6,
                6
            ],
            [
                11,
                4,
                37,
                9
            ],
            [
                12,
                3,
                40,
                26
            ],
            [
                12,
                3,
                40,
                26
            ],
            [
                12,
                2,
                6,
                4
            ],
            [
                12,
                4,
                35,
                7
            ],
            [
                13,
                3,
                40,
                26
            ],
            [
                13,
                3,
                40,
                26
            ],
            [
                13,
                2,
                1,
                0
            ],
            [
                13,
                3,
                40,
                26
            ],
            [
                13,
                2,
                8,
                4
            ],
            [
                13,
                2,
                6,
                2
            ],
            [
                13,
                2,
                11,
                7
            ],
            [
                13,
                3,
                40,
                26
            ],
            [
                14,
                4,
                38,
                10
            ],
            [
                14,
                3,
                40,
                26
            ],
            [
                14,
                2,
                14,
                10
            ],
            [
                14,
                2,
                10,
                6
            ],
            [
                14,
                3,
                40,
                26
            ],
            [
                14,
                4,
                14,
                0
            ],
            [
                15,
                2,
                8,
                6
            ],
            [
                15,
                3,
                37,
                23
            ],
            [
                15,
                2,
                8,
                6
            ],
            [
                15,
                2,
                15,
                13
            ],
            [
                15,
                2,
                37,
                35
            ],
            [
                15,
                2,
                15,
                13
            ],
            [
                15,
                2,
                22,
                20
            ],
            [
                15,
                2,
                25,
                23
            ],
            [
                15,
                2,
                9,
                7
            ],
            [
                15,
                4,
                38,
                10
            ],
            [
                15,
                2,
                15,
                13
            ],
            [
                16,
                4,
                41,
                13
            ],
            [
                16,
                3,
                41,
                27
            ],
            [
                16,
                4,
                38,
                10
            ],
            [
                16,
                2,
                21,
                19
            ],
            [
                16,
                2,
                15,
                13
            ],
            [
                16,
                2,
                15,
                13
            ],
            [
                16,
                4,
                36,
                8
            ],
            [
                16,
                3,
                38,
                24
            ],
            [
                16,
                2,
                17,
                15
            ],
            [
                17,
                3,
                49,
                35
            ],
            [
                17,
                3,
                47,
                33
            ],
            [
                17,
                3,
                42,
                28
            ],
            [
                17,
                4,
                43,
                15
            ],
            [
                17,
                3,
                42,
                28
            ],
            [
                17,
                4,
                41,
                13
            ],
            [
                18,
                3,
                41,
                27
            ],
            [
                18,
                2,
                25,
                21
            ],
            [
                18,
                2,
                25,
                21
            ],
            [
                19,
                4,
                48,
                20
            ],
            [
                19,
                3,
                45,
                31
            ],
            [
                19,
                2,
                25,
                21
            ],
            [
                19,
                2,
                25,
                21
            ],
            [
                19,
                2,
                26,
                22
            ],
            [
                19,
                3,
                47,
                33
            ],
            [
                20,
                4,
                45,
                17
            ],
            [
                20,
                2,
                24,
                22
            ],
            [
                20,
                2,
                29,
                27
            ],
            [
                20,
                3,
                45,
                31
            ],
            [
                20,
                2,
                22,
                20
            ],
            [
                20,
                2,
                29,
                27
            ],
            [
                21,
                3,
                45,
                31
            ],
            [
                21,
                3,
                45,
                31
            ],
            [
                21,
                4,
                44,
                16
            ],
            [
                21,
                4,
                44,
                16
            ],
            [
                21,
                3,
                48,
                34
            ],
            [
                21,
                3,
                48,
                34
            ],
            [
                22,
                2,
                29,
                27
            ],
            [
                22,
                3,
                48,
                34
            ],
            [
                22,
                2,
                29,
                27
            ],
            [
                22,
                4,
                48,
                20
            ],
            [
                22,
                2,
                21,
                19
            ],
            [
                23,
                2,
                33,
                29
            ],
            [
                23,
                2,
                28,
                24
            ],
            [
                23,
                2,
                11,
                7
            ],
            [
                23,
                4,
                48,
                20
            ],
            [
                24,
                4,
                47,
                19
            ],
            [
                24,
                4,
                47,
                19
            ],
            [
                24,
                4,
                47,
                19
            ],
            [
                25,
                3,
                44,
                30
            ],
            [
                25,
                2,
                16,
                14
            ],
            [
                25,
                3,
                45,
                31
            ],
            [
                25,
                2,
                17,
                15
            ],
            [
                26,
                2,
                28,
                26
            ],
            [
                26,
                3,
                44,
                30
            ],
            [
                26,
                2,
                44,
                42
            ],
            [
                26,
                2,
                28,
                26
            ],
            [
                26,
                2,
                29,
                27
            ],
            [
                26,
                1,
                24,
                24
            ],
            [
                26,
                2,
                29,
                27
            ],
            [
                26,
                2,
                22,
                20
            ],
            [
                27,
                3,
                47,
                33
            ],
            [
                27,
                3,
                47,
                33
            ],
            [
                27,
                4,
                44,
                16
            ],
            [
                27,
                3,
                47,
                33
            ],
            [
                27,
                2,
                6,
                4
            ],
            [
                28,
                4,
                47,
                19
            ],
            [
                28,
                4,
                47,
                19
            ],
            [
                28,
                2,
                15,
                11
            ],
            [
                28,
                4,
                47,
                19
            ],
            [
                28,
                4,
                47,
                19
            ],
            [
                28,
                4,
                47,
                19
            ],
            [
                28,
                3,
                48,
                34
            ],
            [
                28,
                4,
                48,
                20
            ],
            [
                28,
                3,
                48,
                34
            ],
            [
                29,
                3,
                48,
                34
            ],
            [
                29,
                4,
                48,
                20
            ],
            [
                29,
                4,
                47,
                19
            ],
            [
                29,
                3,
                48,
                34
            ],
            [
                29,
                2,
                27,
                23
            ],
            [
                29,
                2,
                27,
                23
            ]
        ],
        "lWaitDayByPriority": [
            5024,
            30,
            992,
            2467,
            1535
        ],
        "objval": 2637.3061310807793,
        "std_occupancy": 43.92788404776151
    },
    "runtime": 5.3669421672821045,
    "simdays": 150,
    "solver": "daily"
}