{
    "arrivalrate": 6.0,
    "ins_name": 450,
    "ins_path": null,
    "lNoNewPatients": [
        222,
        3,
        94,
        75,
        50
    ],
    "lNoPatients": [
        391,
        3,
        99,
        184,
        105
    ],
    "lNoSections": [
        2829,
        16,
        274,
        1638,
        901
    ],
    "mipgap": 1.0,
    "noLinacs": 4,
    "noSlotsPerDay": 120,
    "planningHorizon": 80,
    "runresult": {
        "avg_occupancy": 54.543055555555554,
        "feasibility": true,
        "lAvgLateDayByPriority": [
            27.47747747747748,
            26.666666666666668,
            23.45744680851064,
            34.50666666666667,
            24.54
        ],
        "lAvgWaitDayByPriority": [
            39.427927927927925,
            26.666666666666668,
            26.074468085106382,
            48.13333333333333,
            52.24
        ],
        "lLateDayByPriority": [
            6100,
            80,
            2205,
            2588,
            1227
        ],
        "lOccupancy": {
            "0": [
                0.0,
                0.0,
                0.0,
                0.0,
                0.0,
                0.0,
                1.25,
                0.0,
                0.0,
                0.0,
                0.0,
                0.0,
                0.0,
                0.0,
                0.0,
                0.0,
                0.0,
                0.0,
                0.0,
                0.0,
                0.0,
                0.0,
                0.0,
                0.0,
                0.0,
                0.0,
                0.0,
                0.0,
                0.0,
                0.0,
                0.0,
                0.0,
                0.0,
                0.0,
                0.0,
                0.0,
                0.0,
                0.0,
                0.0,
                0.0,
                0.0,
                1.0416666666666665,
                1.0416666666666665,
                1.0416666666666665,
                1.0416666666666665,
                1.0416666666666665,
                1.0416666666666665,
                1.0416666666666665,
                1.0416666666666665,
                1.0416666666666665,
                1.0416666666666665,
                0.0,
                0.0,
                0.0,
                0.0,
                0.0,
                0.0,
                0.0,
                0.0,
                0.0,
                1.25,
                1.25,
                1.25,
                1.25,
                1.25,
                0.0,
                0.0,
                0.0,
                0.0,
                0.0,
                0.0,
                0.0,
                0.0,
                0.0,
                0.0,
                0.0,
                0.0,
                0.0,
                0.0,
                0.0,
                0.0,
                0.0,
                0.0,
                0.0,
                0.0,
                0.0,
                0.0,
                0.0,
                0.0,
                0.0,
                0.0,
                0.0,
                0.0,
                0.0,
                0.0,
                0.0,
                0.0,
                0.0,
                0.0,
                0.0,
                0.0,
                0.0,
                0.0,
                0.0,
                0.0,
                0.0,
                0.0,
                0.0,
                0.0,
                0.0,
                0.0,
                0.0,
                0.0,
                0.0,
                0.0,
                0.0,
                0.0,
                0.0,
                0.0,
                0.0,
                0.0,
                0.0,
                0.0,
                0.0,
                0.0,
                0.0,
                0.0,
                0.0,
                0.0,
                0.0,
                0.0,
                0.0,
                0.0,
                0.0,
                0.0,
                0.0,
                0.0,
                0.0,
                0.0,
                0.0,
                0.0,
                0.0,
                0.0,
                0.0,
                0.0,
                0.0,
                0.0,
                0.0,
                0.0,
                0.0
            ],
            "1": [
                5.625,
                5.416666666666667,
                8.75,
                12.083333333333334,
                4.583333333333333,
                8.75,
                10.416666666666668,
                16.041666666666668,
                12.083333333333334,
                4.583333333333333,
                4.583333333333333,
                3.5416666666666665,
                3.5416666666666665,
                4.791666666666667,
                4.791666666666667,
                4.375,
                4.375,
                4.375,
                5.625,
                6.041666666666667,
                4.791666666666667,
                4.166666666666666,
                4.166666666666666,
                4.583333333333333,
                3.3333333333333335,
                4.583333333333333,
                3.3333333333333335,
                5.0,
                4.583333333333333,
                3.958333333333333,
                4.583333333333333,
                4.166666666666666,
                2.9166666666666665,
                2.9166666666666665,
                5.208333333333334,
                4.166666666666666,
                5.625,
                8.958333333333334,
                7.083333333333333,
                7.916666666666666,
                9.791666666666666,
                12.083333333333334,
                9.166666666666666,
                7.708333333333334,
                9.375,
                9.375,
                9.791666666666666,
                9.791666666666666,
                9.791666666666666,
                10.0,
                10.0,
                13.333333333333334,
                11.25,
                10.416666666666668,
                11.25,
                8.75,
                8.75,
                10.625,
                10.833333333333334,
                12.708333333333332,
                12.708333333333332,
                6.458333333333334,
                2.2916666666666665,
                2.2916666666666665,
                2.2916666666666665,
                1.0416666666666665,
                1.0416666666666665,
                0.0,
                0.0,
                0.0,
                0.0,
                0.0,
                0.0,
                0.0,
                0.0,
                0.0,
                0.0,
                0.0,
                0.0,
                0.0,
                0.0,
                0.0,
                0.0,
                0.0,
                0.0,
                0.0,
                0.0,
                0.0,
                0.0,
                0.0,
                0.0,
                0.0,
                0.0,
                0.0,
                0.0,
                0.0,
                0.0,
                0.0,
                0.0,
                0.0,
                0.0,
                0.0,
                0.0,
                0.0,
                0.0,
                0.0,
                0.0,
                0.0,
                0.0,
                0.0,
                0.0,
                0.0,
                0.0,
                0.0,
                0.0,
                0.0,
                0.0,
                0.0,
                0.0,
                0.0,
                0.0,
                0.0,
                0.0,
                0.0,
                0.0,
                0.0,
                0.0,
                0.0,
                0.0,
                0.0,
                0.0,
                0.0,
                0.0,
                0.0,
                0.0,
                0.0,
                0.0,
                0.0,
                0.0,
                0.0,
                0.0,
                0.0,
                0.0,
                0.0,
                0.0,
                0.0,
                0.0,
                0.0,
                0.0,
                0.0
            ],
            "2": [
                67.5,
                67.29166666666667,
                66.66666666666666,
                66.66666666666666,
                65.83333333333333,
                65.0,
                60.416666666666664,
                57.08333333333333,
                56.25,
                58.54166666666667,
                58.12500000000001,
                58.54166666666667,
                57.70833333333333,
                57.291666666666664,
                62.291666666666664,
                59.583333333333336,
                59.791666666666664,
                59.791666666666664,
                56.875,
                53.541666666666664,
                55.00000000000001,
                59.166666666666664,
                58.12500000000001,
                60.20833333333333,
                61.875,
                57.49999999999999,
                56.25,
                54.37499999999999,
                58.12500000000001,
                57.91666666666667,
                56.458333333333336,
                61.04166666666667,
                62.708333333333336,
                58.958333333333336,
                57.70833333333333,
                56.458333333333336,
                56.458333333333336,
                50.416666666666664,
                56.666666666666664,
                58.75,
                57.291666666666664,
                57.70833333333333,
                61.458333333333336,
                62.5,
                58.333333333333336,
                59.375,
                60.83333333333333,
                61.04166666666667,
                56.875,
                56.875,
                58.12500000000001,
                56.666666666666664,
                62.291666666666664,
                59.166666666666664,
                57.70833333333333,
                54.58333333333333,
                54.58333333333333,
                51.87500000000001,
                51.87500000000001,
                48.95833333333333,
                48.95833333333333,
                50.0,
                52.29166666666667,
                52.29166666666667,
                49.166666666666664,
                49.166666666666664,
                50.208333333333336,
                53.333333333333336,
                49.375,
                48.541666666666664,
                49.791666666666664,
                50.0,
                50.625,
                52.5,
                52.29166666666667,
                48.75,
                45.83333333333333,
                42.083333333333336,
                40.208333333333336,
                40.208333333333336,
                40.208333333333336,
                38.54166666666667,
                37.5,
                36.25,
                36.25,
                36.25,
                35.0,
                28.333333333333332,
                28.333333333333332,
                28.333333333333332,
                24.583333333333332,
                24.583333333333332,
                23.333333333333332,
                23.333333333333332,
                19.375,
                19.375,
                16.875,
                14.374999999999998,
                13.125,
                10.625,
                8.958333333333334,
                7.916666666666666,
                7.916666666666666,
                6.666666666666667,
                5.0,
                1.25,
                1.25,
                0.0,
                0.0,
                0.0,
                0.0,
                0.0,
                0.0,
                0.0,
                0.0,
                0.0,
                0.0,
                0.0,
                0.0,
                0.0,
                0.0,
                0.0,
                0.0,
                0.0,
                0.0,
                0.0,
                0.0,
                0.0,
                0.0,
                0.0,
                0.0,
                0.0,
                0.0,
                0.0,
                0.0,
                0.0,
                0.0,
                0.0,
                0.0,
                0.0,
                0.0,
                0.0,
                0.0,
                0.0,
                0.0,
                0.0,
                0.0,
                0.0,
                0.0,
                0.0
            ],
            "3": [
                15.416666666666668,
                15.416666666666668,
                15.416666666666668,
                15.416666666666668,
                15.833333333333332,
                17.291666666666668,
                22.916666666666664,
                25.624999999999996,
                28.541666666666664,
                34.375,
                36.25,
                36.25,
                36.25,
                36.25,
                31.25,
                34.166666666666664,
                33.75,
                33.75,
                36.25,
                39.58333333333333,
                38.54166666666667,
                35.41666666666667,
                36.875,
                34.166666666666664,
                34.166666666666664,
                37.083333333333336,
                39.166666666666664,
                39.166666666666664,
                36.25,
                36.25,
                37.708333333333336,
                33.541666666666664,
                33.33333333333333,
                35.41666666666667,
                35.833333333333336,
                37.5,
                37.708333333333336,
                40.208333333333336,
                34.583333333333336,
                31.874999999999996,
                31.874999999999996,
                27.916666666666668,
                28.333333333333332,
                27.916666666666668,
                29.583333333333332,
                27.916666666666668,
                26.875,
                27.291666666666664,
                31.041666666666668,
                30.0,
                28.749999999999996,
                27.708333333333336,
                25.208333333333332,
                28.125,
                29.375,
                33.75,
                33.75,
                35.625,
                36.45833333333333,
                36.666666666666664,
                36.666666666666664,
                34.583333333333336,
                32.29166666666667,
                32.29166666666667,
                35.208333333333336,
                35.208333333333336,
                33.33333333333333,
                30.625000000000004,
                33.75,
                35.625,
                34.375,
                34.375,
                32.29166666666667,
                29.583333333333332,
                29.791666666666668,
                27.083333333333332,
                24.583333333333332,
                21.041666666666668,
                20.0,
                16.666666666666664,
                15.416666666666668,
                15.416666666666668,
                14.166666666666666,
                11.25,
                10.208333333333334,
                10.208333333333334,
                9.166666666666666,
                9.166666666666666,
                7.083333333333333,
                6.041666666666667,
                5.0,
                5.0,
                2.5,
                1.25,
                1.25,
                1.25,
                1.25,
                1.25,
                1.25,
                1.25,
                1.25,
                1.25,
                1.25,
                1.25,
                1.25,
                0.0,
                0.0,
                0.0,
                0.0,
                0.0,
                0.0,
                0.0,
                0.0,
                0.0,
                0.0,
                0.0,
                0.0,
                0.0,
                0.0,
                0.0,
                0.0,
                0.0,
                0.0,
                0.0,
                0.0,
                0.0,
                0.0,
                0.0,
                0.0,
                0.0,
                0.0,
                0.0,
                0.0,
                0.0,
                0.0,
                0.0,
                0.0,
                0.0,
                0.0,
                0.0,
                0.0,
                0.0,
                0.0,
                0.0,
                0.0,
                0.0,
                0.0,
                0.0,
                0.0,
                0.0
            ],
            "overall": [
                88.54166666666667,
                88.12500000000001,
                90.83333333333333,
                94.16666666666666,
                86.24999999999999,
                91.04166666666667,
                95.0,
                98.75,
                96.875,
                97.5,
                98.95833333333334,
                98.33333333333334,
                97.5,
                98.33333333333333,
                98.33333333333333,
                98.125,
                97.91666666666666,
                97.91666666666666,
                98.75,
                99.16666666666666,
                98.33333333333334,
                98.75,
                99.16666666666667,
                98.95833333333331,
                99.375,
                99.16666666666666,
                98.75,
                98.54166666666666,
                98.95833333333334,
                98.125,
                98.75,
                98.75,
                98.95833333333333,
                97.29166666666667,
                98.75,
                98.125,
                99.79166666666667,
                99.58333333333334,
                98.33333333333334,
                98.54166666666667,
                98.95833333333333,
                98.75,
                100.0,
                99.16666666666667,
                98.33333333333333,
                97.70833333333334,
                98.54166666666666,
                99.16666666666666,
                98.75,
                97.91666666666667,
                97.91666666666667,
                97.70833333333334,
                98.74999999999999,
                97.70833333333333,
                98.33333333333333,
                97.08333333333333,
                97.08333333333333,
                98.125,
                99.16666666666667,
                98.33333333333331,
                99.58333333333331,
                92.29166666666667,
                88.125,
                88.125,
                87.91666666666666,
                85.41666666666666,
                84.58333333333333,
                83.95833333333334,
                83.125,
                84.16666666666666,
                84.16666666666666,
                84.375,
                82.91666666666667,
                82.08333333333333,
                82.08333333333334,
                75.83333333333333,
                70.41666666666666,
                63.125,
                60.208333333333336,
                56.875,
                55.625,
                53.95833333333334,
                51.666666666666664,
                47.5,
                46.458333333333336,
                46.458333333333336,
                44.166666666666664,
                37.5,
                35.416666666666664,
                34.375,
                29.583333333333332,
                29.583333333333332,
                25.833333333333332,
                24.583333333333332,
                20.625,
                20.625,
                18.125,
                15.624999999999998,
                14.375,
                11.875,
                10.208333333333334,
                9.166666666666666,
                9.166666666666666,
                7.916666666666667,
                6.25,
                1.25,
                1.25,
                0.0,
                0.0,
                0.0,
                0.0,
                0.0,
                0.0,
                0.0,
                0.0,
                0.0,
                0.0,
                0.0,
                0.0,
                0.0,
                0.0,
                0.0,
                0.0,
                0.0,
                0.0,
                0.0,
                0.0,
                0.0,
                0.0,
                0.0,
                0.0,
                0.0,
                0.0,
                0.0,
                0.0,
                0.0,
                0.0,
                0.0,
                0.0,
                0.0,
                0.0,
                0.0,
                0.0,
                0.0,
                0.0,
                0.0,
                0.0,
                0.0,
                0.0,
                0.0
            ]
        },
        "lWaitAndOverdue": [
            [
                0,
                3,
                16,
                2
            ],
            [
                0,
                3,
                16,
                2
            ],
            [
                0,
                3,
                16,
                2
            ],
            [
                1,
                2,
                0,
                0
            ],
            [
                1,
                2,
                2,
                0
            ],
            [
                1,
                2,
                1,
                0
            ],
            [
                1,
                4,
                49,
                21
            ],
            [
                2,
                2,
                1,
                0
            ],
            [
                2,
                3,
                9,
                0
            ],
            [
                2,
                4,
                42,
                14
            ],
            [
                3,
                2,
                0,
                0
            ],
            [
                3,
                3,
                11,
                0
            ],
            [
                3,
                2,
                0,
                0
            ],
            [
                3,
                3,
                8,
                0
            ],
            [
                3,
                3,
                11,
                0
            ],
            [
                3,
                2,
                4,
                0
            ],
            [
                4,
                4,
                13,
                0
            ],
            [
                4,
                3,
                14,
                0
            ],
            [
                4,
                2,
                3,
                0
            ],
            [
                4,
                4,
                45,
                17
            ],
            [
                4,
                3,
                28,
                14
            ],
            [
                4,
                3,
                6,
                0
            ],
            [
                4,
                3,
                11,
                0
            ],
            [
                4,
                3,
                32,
                18
            ],
            [
                5,
                3,
                46,
                32
            ],
            [
                5,
                3,
                45,
                31
            ],
            [
                5,
                2,
                1,
                0
            ],
            [
                5,
                2,
                0,
                0
            ],
            [
                5,
                2,
                2,
                0
            ],
            [
                5,
                2,
                1,
                0
            ],
            [
                6,
                2,
                1,
                0
            ],
            [
                6,
                1,
                0,
                0
            ],
            [
                6,
                4,
                44,
                16
            ],
            [
                6,
                3,
                44,
                30
            ],
            [
                6,
                3,
                45,
                31
            ],
            [
                6,
                2,
                2,
                0
            ],
            [
                6,
                4,
                43,
                15
            ],
            [
                6,
                3,
                44,
                30
            ],
            [
                6,
                3,
                45,
                31
            ],
            [
                6,
                2,
                1,
                0
            ],
            [
                7,
                3,
                43,
                29
            ],
            [
                7,
                2,
                5,
                3
            ],
            [
                7,
                2,
                0,
                0
            ],
            [
                7,
                2,
                1,
                0
            ],
            [
                7,
                3,
                44,
                30
            ],
            [
                7,
                4,
                42,
                14
            ],
            [
                8,
                3,
                40,
                26
            ],
            [
                8,
                2,
                7,
                3
            ],
            [
                8,
                2,
                5,
                1
            ],
            [
                8,
                3,
                42,
                28
            ],
            [
                8,
                4,
                41,
                13
            ],
            [
                8,
                2,
                6,
                2
            ],
            [
                8,
                3,
                43,
                29
            ],
            [
                8,
                2,
                11,
                7
            ],
            [
                8,
                2,
                11,
                7
            ],
            [
                8,
                2,
                0,
                0
            ],
            [
                9,
                2,
                10,
                6
            ],
            [
                9,
                2,
                14,
                10
            ],
            [
                9,
                2,
                17,
                13
            ],
            [
                9,
                2,
                18,
                14
            ],
            [
                10,
                4,
                52,
                24
            ],
            [
                10,
                2,
                10,
                8
            ],
            [
                10,
                4,
                51,
                23
            ],
            [
                10,
                3,
                58,
                44
            ],
            [
                10,
                4,
                45,
                17
            ],
            [
                10,
                2,
                17,
                15
            ],
            [
                10,
                2,
                15,
                13
            ],
            [
                10,
                2,
                16,
                14
            ],
            [
                10,
                4,
                46,
                18
            ],
            [
                10,
                3,
                49,
                35
            ],
            [
                10,
                2,
                21,
                19
            ],
            [
                11,
                3,
                48,
                34
            ],
            [
                11,
                3,
                48,
                34
            ],
            [
                11,
                3,
                50,
                36
            ],
            [
                11,
                4,
                51,
                23
            ],
            [
                11,
                3,
                45,
                31
            ],
            [
                12,
                4,
                42,
                14
            ],
            [
                12,
                3,
                54,
                40
            ],
            [
                12,
                2,
                21,
                19
            ],
            [
                12,
                2,
                22,
                20
            ],
            [
                12,
                4,
                50,
                22
            ],
            [
                12,
                3,
                41,
                27
            ],
            [
                12,
                2,
                23,
                21
            ],
            [
                12,
                2,
                30,
                28
            ],
            [
                12,
                2,
                33,
                31
            ],
            [
                13,
                3,
                42,
                28
            ],
            [
                13,
                4,
                42,
                14
            ],
            [
                13,
                2,
                34,
                30
            ],
            [
                13,
                2,
                39,
                35
            ],
            [
                13,
                3,
                47,
                33
            ],
            [
                13,
                2,
                25,
                21
            ],
            [
                13,
                2,
                32,
                28
            ],
            [
                13,
                3,
                49,
                35
            ],
            [
                13,
                3,
                41,
                27
            ],
            [
                13,
                4,
                43,
                15
            ],
            [
                13,
                4,
                43,
                15
            ],
            [
                13,
                3,
                49,
                35
            ],
            [
                14,
                3,
                40,
                26
            ],
            [
                14,
                2,
                35,
                31
            ],
            [
                14,
                3,
                41,
                27
            ],
            [
                14,
                2,
                35,
                31
            ],
            [
                14,
                4,
                45,
                17
            ],
            [
                14,
                2,
                33,
                29
            ],
            [
                14,
                2,
                39,
                35
            ],
            [
                14,
                2,
                39,
                35
            ],
            [
                15,
                2,
                17,
                15
            ],
            [
                15,
                4,
                58,
                30
            ],
            [
                15,
                4,
                52,
                24
            ],
            [
                15,
                4,
                56,
                28
            ],
            [
                16,
                4,
                55,
                27
            ],
            [
                16,
                3,
                51,
                37
            ],
            [
                16,
                2,
                35,
                33
            ],
            [
                16,
                3,
                57,
                43
            ],
            [
                16,
                2,
                38,
                36
            ],
            [
                16,
                2,
                38,
                36
            ],
            [
                16,
                3,
                57,
                43
            ],
            [
                16,
                2,
                49,
                47
            ],
            [
                16,
                2,
                38,
                36
            ],
            [
                16,
                2,
                41,
                39
            ],
            [
                16,
                1,
                35,
                35
            ],
            [
                16,
                2,
                42,
                40
            ],
            [
                17,
                2,
                41,
                39
            ],
            [
                17,
                3,
                62,
                48
            ],
            [
                17,
                3,
                62,
                48
            ],
            [
                17,
                4,
                50,
                22
            ],
            [
                17,
                3,
                56,
                42
            ],
            [
                17,
                2,
                16,
                14
            ],
            [
                17,
                4,
                51,
                23
            ],
            [
                17,
                4,
                57,
                29
            ],
            [
                17,
                2,
                23,
                21
            ],
            [
                18,
                4,
                50,
                22
            ],
            [
                18,
                4,
                53,
                25
            ],
            [
                18,
                4,
                55,
                27
            ],
            [
                18,
                3,
                55,
                41
            ],
            [
                18,
                4,
                53,
                25
            ],
            [
                18,
                3,
                55,
                41
            ],
            [
                19,
                3,
                47,
                33
            ],
            [
                19,
                4,
                55,
                27
            ],
            [
                19,
                4,
                54,
                26
            ],
            [
                19,
                3,
                60,
                46
            ],
            [
                19,
                2,
                26,
                22
            ],
            [
                19,
                2,
                40,
                36
            ],
            [
                19,
                3,
                54,
                40
            ],
            [
                19,
                4,
                49,
                21
            ],
            [
                19,
                4,
                56,
                28
            ],
            [
                19,
                4,
                56,
                28
            ],
            [
                19,
                4,
                54,
                26
            ],
            [
                20,
                2,
                22,
                20
            ],
            [
                20,
                2,
                39,
                37
            ],
            [
                20,
                4,
                67,
                39
            ],
            [
                20,
                2,
                42,
                40
            ],
            [
                20,
                4,
                65,
                37
            ],
            [
                20,
                2,
                39,
                37
            ],
            [
                20,
                3,
                67,
                53
            ],
            [
                20,
                3,
                66,
                52
            ],
            [
                20,
                3,
                66,
                52
            ],
            [
                20,
                3,
                58,
                44
            ],
            [
                20,
                2,
                15,
                13
            ],
            [
                21,
                4,
                65,
                37
            ],
            [
                21,
                4,
                65,
                37
            ],
            [
                21,
                3,
                70,
                56
            ],
            [
                21,
                2,
                29,
                27
            ],
            [
                21,
                4,
                59,
                31
            ],
            [
                21,
                3,
                57,
                43
            ],
            [
                22,
                2,
                41,
                39
            ],
            [
                22,
                3,
                62,
                48
            ],
            [
                22,
                2,
                40,
                38
            ],
            [
                22,
                2,
                41,
                39
            ],
            [
                22,
                2,
                42,
                40
            ],
            [
                22,
                2,
                42,
                40
            ],
            [
                23,
                2,
                26,
                22
            ],
            [
                23,
                2,
                41,
                37
            ],
            [
                23,
                4,
                62,
                34
            ],
            [
                23,
                4,
                62,
                34
            ],
            [
                23,
                4,
                57,
                29
            ],
            [
                23,
                3,
                61,
                47
            ],
            [
                23,
                2,
                42,
                38
            ],
            [
                23,
                2,
                43,
                39
            ],
            [
                23,
                4,
                57,
                29
            ],
            [
                24,
                3,
                61,
                47
            ],
            [
                24,
                4,
                59,
                31
            ],
            [
                24,
                3,
                61,
                47
            ],
            [
                24,
                2,
                35,
                31
            ],
            [
                24,
                3,
                61,
                47
            ],
            [
                24,
                3,
                63,
                49
            ],
            [
                24,
                2,
                42,
                38
            ],
            [
                24,
                2,
                47,
                43
            ],
            [
                24,
                2,
                40,
                36
            ],
            [
                24,
                2,
                47,
                43
            ],
            [
                24,
                2,
                47,
                43
            ],
            [
                25,
                2,
                39,
                37
            ],
            [
                25,
                3,
                63,
                49
            ],
            [
                25,
                4,
                67,
                39
            ],
            [
                25,
                2,
                46,
                44
            ],
            [
                26,
                2,
                43,
                41
            ],
            [
                26,
                2,
                44,
                42
            ],
            [
                26,
                2,
                38,
                36
            ],
            [
                26,
                3,
                66,
                52
            ],
            [
                26,
                4,
                58,
                30
            ],
            [
                27,
                3,
                62,
                48
            ],
            [
                27,
                3,
                62,
                48
            ],
            [
                27,
                3,
                63,
                49
            ],
            [
                27,
                4,
                63,
                35
            ],
            [
                27,
                3,
                63,
                49
            ],
            [
                27,
                3,
                63,
                49
            ],
            [
                27,
                3,
                63,
                49
            ],
            [
                27,
                3,
                63,
                49
            ],
            [
                27,
                2,
                44,
                42
            ],
            [
                28,
                3,
                62,
                48
            ],
            [
                28,
                2,
                43,
                39
            ],
            [
                28,
                2,
                41,
                37
            ],
            [
                28,
                4,
                63,
                35
            ],
            [
                28,
                3,
                63,
                49
            ],
            [
                28,
                2,
                43,
                39
            ],
            [
                29,
                3,
                62,
                48
            ],
            [
                29,
                3,
                63,
                49
            ],
            [
                29,
                1,
                45,
                45
            ],
            [
                29,
                2,
                45,
                41
            ],
            [
                29,
                3,
                62,
                48
            ],
            [
                29,
                2,
                45,
                41
            ],
            [
                29,
                2,
                45,
                41
            ],
            [
                29,
                2,
                46,
                42
            ]
        ],
        "lWaitDayByPriority": [
            8753,
            80,
            2451,
            3610,
            2612
        ],
        "objval": 2936.955460992908,
        "std_occupancy": 43.56469152430699
    },
    "runtime": 6.588886022567749,
    "simdays": 150,
    "solver": "weekly"
}