{
    "arrivalrate": 6.0,
    "ins_name": 35,
    "ins_path": null,
    "lNoNewPatients": [
        171,
        2,
        69,
        59,
        41
    ],
    "lNoPatients": [
        326,
        2,
        76,
        157,
        91
    ],
    "lNoSections": [
        2302,
        11,
        205,
        1286,
        800
    ],
    "mipgap": 1.0,
    "noLinacs": 4,
    "noSlotsPerDay": 120,
    "planningHorizon": 80,
    "runresult": {
        "avg_occupancy": 46.829166666666666,
        "feasibility": true,
        "lAvgLateDayByPriority": [
            19.34502923976608,
            18.0,
            19.942028985507246,
            23.694915254237287,
            12.146341463414634
        ],
        "lAvgWaitDayByPriority": [
            31.257309941520468,
            18.0,
            22.63768115942029,
            36.898305084745765,
            38.292682926829265
        ],
        "lLateDayByPriority": [
            3308,
            36,
            1376,
            1398,
            498
        ],
        "lOccupancy": {
            "0": [
                0.0,
                0.0,
                0.0,
                0.0,
                0.0,
                0.0,
                1.25,
                0.0,
                0.0,
                0.0,
                0.0,
                0.0,
                0.0,
                0.0,
                0.0,
                0.0,
                0.0,
                0.0,
                0.0,
                0.0,
                0.0,
                0.0,
                0.0,
                0.0,
                0.0,
                0.0,
                0.0,
                0.0,
                0.0,
                0.0,
                0.0,
                0.0,
                0.0,
                0.0,
                0.0,
                0.0,
                0.0,
                0.0,
                0.0,
                0.0,
                0.0,
                0.0,
                0.0,
                0.0,
                0.0,
                0.0,
                0.0,
                0.0,
                0.0,
                1.0416666666666665,
                1.0416666666666665,
                1.0416666666666665,
                1.0416666666666665,
                1.0416666666666665,
                1.0416666666666665,
                1.0416666666666665,
                1.0416666666666665,
                1.0416666666666665,
                1.0416666666666665,
                0.0,
                0.0,
                0.0,
                0.0,
                0.0,
                0.0,
                0.0,
                0.0,
                0.0,
                0.0,
                0.0,
                0.0,
                0.0,
                0.0,
                0.0,
                0.0,
                0.0,
                0.0,
                0.0,
                0.0,
                0.0,
                0.0,
                0.0,
                0.0,
                0.0,
                0.0,
                0.0,
                0.0,
                0.0,
                0.0,
                0.0,
                0.0,
                0.0,
                0.0,
                0.0,
                0.0,
                0.0,
                0.0,
                0.0,
                0.0,
                0.0,
                0.0,
                0.0,
                0.0,
                0.0,
                0.0,
                0.0,
                0.0,
                0.0,
                0.0,
                0.0,
                0.0,
                0.0,
                0.0,
                0.0,
                0.0,
                0.0,
                0.0,
                0.0,
                0.0,
                0.0,
                0.0,
                0.0,
                0.0,
                0.0,
                0.0,
                0.0,
                0.0,
                0.0,
                0.0,
                0.0,
                0.0,
                0.0,
                0.0,
                0.0,
                0.0,
                0.0,
                0.0,
                0.0,
                0.0,
                0.0,
                0.0,
                0.0,
                0.0,
                0.0,
                0.0,
                0.0,
                0.0,
                0.0,
                0.0,
                0.0
            ],
            "1": [
                8.75,
                8.958333333333334,
                9.583333333333334,
                8.333333333333332,
                11.25,
                7.083333333333333,
                4.375,
                3.125,
                3.125,
                3.125,
                5.625,
                2.9166666666666665,
                3.75,
                1.6666666666666667,
                3.125,
                3.3333333333333335,
                3.958333333333333,
                2.7083333333333335,
                3.125,
                4.375,
                3.5416666666666665,
                2.5,
                4.166666666666666,
                2.9166666666666665,
                2.9166666666666665,
                2.9166666666666665,
                4.791666666666667,
                3.3333333333333335,
                4.166666666666666,
                4.166666666666666,
                2.7083333333333335,
                3.958333333333333,
                3.125,
                3.3333333333333335,
                5.0,
                5.833333333333333,
                5.833333333333333,
                5.833333333333333,
                8.958333333333334,
                8.75,
                12.5,
                7.291666666666667,
                7.291666666666667,
                8.958333333333334,
                8.958333333333334,
                10.0,
                8.125,
                5.0,
                8.541666666666666,
                9.791666666666666,
                8.333333333333332,
                11.666666666666666,
                17.291666666666668,
                12.5,
                12.083333333333334,
                12.083333333333334,
                7.916666666666666,
                3.958333333333333,
                1.25,
                0.0,
                0.0,
                0.0,
                0.0,
                0.0,
                0.0,
                0.0,
                0.0,
                0.0,
                0.0,
                0.0,
                0.0,
                0.0,
                0.0,
                0.0,
                0.0,
                0.0,
                0.0,
                0.0,
                0.0,
                0.0,
                0.0,
                0.0,
                0.0,
                0.0,
                0.0,
                0.0,
                0.0,
                0.0,
                0.0,
                0.0,
                0.0,
                0.0,
                0.0,
                0.0,
                0.0,
                0.0,
                0.0,
                0.0,
                0.0,
                0.0,
                0.0,
                0.0,
                0.0,
                0.0,
                0.0,
                0.0,
                0.0,
                0.0,
                0.0,
                0.0,
                0.0,
                0.0,
                0.0,
                0.0,
                0.0,
                0.0,
                0.0,
                0.0,
                0.0,
                0.0,
                0.0,
                0.0,
                0.0,
                0.0,
                0.0,
                0.0,
                0.0,
                0.0,
                0.0,
                0.0,
                0.0,
                0.0,
                0.0,
                0.0,
                0.0,
                0.0,
                0.0,
                0.0,
                0.0,
                0.0,
                0.0,
                0.0,
                0.0,
                0.0,
                0.0,
                0.0,
                0.0,
                0.0,
                0.0,
                0.0
            ],
            "2": [
                68.54166666666667,
                68.125,
                66.66666666666666,
                66.25,
                64.375,
                61.04166666666667,
                62.916666666666664,
                57.291666666666664,
                57.291666666666664,
                53.541666666666664,
                55.41666666666667,
                57.08333333333333,
                58.54166666666667,
                58.12500000000001,
                57.291666666666664,
                59.375,
                54.58333333333333,
                54.58333333333333,
                55.00000000000001,
                56.25,
                57.08333333333333,
                58.958333333333336,
                56.875,
                54.58333333333333,
                55.833333333333336,
                55.833333333333336,
                57.49999999999999,
                57.49999999999999,
                54.58333333333333,
                56.041666666666664,
                59.166666666666664,
                58.75,
                58.12500000000001,
                58.333333333333336,
                58.958333333333336,
                60.416666666666664,
                60.416666666666664,
                60.0,
                60.62499999999999,
                60.83333333333333,
                56.875,
                60.62499999999999,
                62.916666666666664,
                64.58333333333334,
                64.58333333333334,
                63.33333333333333,
                63.125,
                64.79166666666667,
                61.875,
                57.49999999999999,
                57.08333333333333,
                55.41666666666667,
                53.75,
                58.12500000000001,
                58.12500000000001,
                55.41666666666667,
                56.458333333333336,
                56.875,
                57.291666666666664,
                54.166666666666664,
                52.29166666666667,
                52.5,
                52.916666666666664,
                51.24999999999999,
                44.583333333333336,
                37.708333333333336,
                36.041666666666664,
                36.041666666666664,
                31.25,
                31.25,
                26.25,
                21.25,
                18.125,
                18.125,
                18.125,
                18.125,
                18.125,
                18.125,
                16.875,
                16.875,
                15.208333333333332,
                15.208333333333332,
                13.958333333333334,
                12.708333333333332,
                11.458333333333332,
                10.208333333333334,
                6.041666666666667,
                6.041666666666667,
                3.5416666666666665,
                2.2916666666666665,
                2.2916666666666665,
                0.0,
                0.0,
                0.0,
                0.0,
                0.0,
                0.0,
                0.0,
                0.0,
                0.0,
                0.0,
                0.0,
                0.0,
                0.0,
                0.0,
                0.0,
                0.0,
                0.0,
                0.0,
                0.0,
                0.0,
                0.0,
                0.0,
                0.0,
                0.0,
                0.0,
                0.0,
                0.0,
                0.0,
                0.0,
                0.0,
                0.0,
                0.0,
                0.0,
                0.0,
                0.0,
                0.0,
                0.0,
                0.0,
                0.0,
                0.0,
                0.0,
                0.0,
                0.0,
                0.0,
                0.0,
                0.0,
                0.0,
                0.0,
                0.0,
                0.0,
                0.0,
                0.0,
                0.0,
                0.0,
                0.0,
                0.0,
                0.0,
                0.0,
                0.0
            ],
            "3": [
                14.374999999999998,
                14.374999999999998,
                15.833333333333332,
                17.291666666666668,
                21.666666666666668,
                30.625000000000004,
                30.625000000000004,
                37.5,
                38.958333333333336,
                42.70833333333333,
                38.333333333333336,
                38.333333333333336,
                37.291666666666664,
                37.708333333333336,
                37.291666666666664,
                35.833333333333336,
                39.791666666666664,
                40.625,
                39.375,
                37.916666666666664,
                36.45833333333333,
                36.45833333333333,
                38.75,
                41.25,
                39.791666666666664,
                39.791666666666664,
                36.875,
                38.333333333333336,
                39.791666666666664,
                38.333333333333336,
                35.833333333333336,
                35.833333333333336,
                36.25,
                35.41666666666667,
                33.75,
                32.5,
                32.5,
                32.708333333333336,
                29.375,
                29.583333333333332,
                29.791666666666668,
                29.791666666666668,
                27.916666666666668,
                25.0,
                25.0,
                25.833333333333336,
                25.624999999999996,
                26.666666666666668,
                27.708333333333336,
                30.416666666666664,
                30.0,
                28.958333333333336,
                27.083333333333332,
                27.083333333333332,
                28.125,
                30.208333333333332,
                31.25,
                31.25,
                31.458333333333332,
                35.41666666666667,
                35.41666666666667,
                35.41666666666667,
                31.458333333333332,
                31.458333333333332,
                31.458333333333332,
                26.041666666666668,
                24.375,
                24.375,
                21.458333333333332,
                21.458333333333332,
                20.0,
                18.75,
                18.75,
                18.75,
                15.208333333333332,
                11.875,
                11.875,
                10.833333333333334,
                9.583333333333334,
                7.5,
                6.458333333333334,
                5.416666666666667,
                4.375,
                3.3333333333333335,
                2.083333333333333,
                2.083333333333333,
                2.083333333333333,
                2.083333333333333,
                2.083333333333333,
                1.0416666666666665,
                0.0,
                0.0,
                0.0,
                0.0,
                0.0,
                0.0,
                0.0,
                0.0,
                0.0,
                0.0,
                0.0,
                0.0,
                0.0,
                0.0,
                0.0,
                0.0,
                0.0,
                0.0,
                0.0,
                0.0,
                0.0,
                0.0,
                0.0,
                0.0,
                0.0,
                0.0,
                0.0,
                0.0,
                0.0,
                0.0,
                0.0,
                0.0,
                0.0,
                0.0,
                0.0,
                0.0,
                0.0,
                0.0,
                0.0,
                0.0,
                0.0,
                0.0,
                0.0,
                0.0,
                0.0,
                0.0,
                0.0,
                0.0,
                0.0,
                0.0,
                0.0,
                0.0,
                0.0,
                0.0,
                0.0,
                0.0,
                0.0,
                0.0,
                0.0,
                0.0
            ],
            "overall": [
                91.66666666666667,
                91.45833333333333,
                92.08333333333331,
                91.875,
                97.29166666666667,
                98.75,
                99.16666666666666,
                97.91666666666666,
                99.375,
                99.375,
                99.375,
                98.33333333333333,
                99.58333333333334,
                97.5,
                97.70833333333333,
                98.54166666666667,
                98.33333333333333,
                97.91666666666666,
                97.5,
                98.54166666666666,
                97.08333333333331,
                97.91666666666666,
                99.79166666666666,
                98.75,
                98.54166666666666,
                98.54166666666666,
                99.16666666666666,
                99.16666666666666,
                98.54166666666666,
                98.54166666666666,
                97.70833333333334,
                98.54166666666667,
                97.5,
                97.08333333333334,
                97.70833333333334,
                98.75,
                98.75,
                98.54166666666666,
                98.95833333333333,
                99.16666666666666,
                99.16666666666667,
                97.70833333333333,
                98.125,
                98.54166666666667,
                98.54166666666667,
                99.16666666666666,
                96.875,
                96.45833333333334,
                98.125,
                98.75,
                96.45833333333333,
                97.08333333333334,
                99.16666666666667,
                98.75,
                99.375,
                98.75,
                96.66666666666667,
                93.125,
                91.04166666666666,
                89.58333333333334,
                87.70833333333334,
                87.91666666666667,
                84.375,
                82.70833333333333,
                76.04166666666667,
                63.75,
                60.416666666666664,
                60.416666666666664,
                52.70833333333333,
                52.70833333333333,
                46.25,
                40.0,
                36.875,
                36.875,
                33.33333333333333,
                30.0,
                30.0,
                28.958333333333336,
                26.458333333333336,
                24.375,
                21.666666666666664,
                20.625,
                18.333333333333336,
                16.041666666666664,
                13.541666666666664,
                12.291666666666668,
                8.125,
                8.125,
                5.625,
                3.333333333333333,
                2.2916666666666665,
                0.0,
                0.0,
                0.0,
                0.0,
                0.0,
                0.0,
                0.0,
                0.0,
                0.0,
                0.0,
                0.0,
                0.0,
                0.0,
                0.0,
                0.0,
                0.0,
                0.0,
                0.0,
                0.0,
                0.0,
                0.0,
                0.0,
                0.0,
                0.0,
                0.0,
                0.0,
                0.0,
                0.0,
                0.0,
                0.0,
                0.0,
                0.0,
                0.0,
                0.0,
                0.0,
                0.0,
                0.0,
                0.0,
                0.0,
                0.0,
                0.0,
                0.0,
                0.0,
                0.0,
                0.0,
                0.0,
                0.0,
                0.0,
                0.0,
                0.0,
                0.0,
                0.0,
                0.0,
                0.0,
                0.0,
                0.0,
                0.0,
                0.0,
                0.0
            ]
        },
        "lWaitAndOverdue": [
            [
                0,
                2,
                1,
                0
            ],
            [
                0,
                4,
                7,
                0
            ],
            [
                0,
                4,
                7,
                0
            ],
            [
                0,
                4,
                9,
                0
            ],
            [
                0,
                3,
                7,
                0
            ],
            [
                0,
                3,
                4,
                0
            ],
            [
                0,
                3,
                8,
                0
            ],
            [
                0,
                2,
                0,
                0
            ],
            [
                0,
                3,
                7,
                0
            ],
            [
                0,
                3,
                10,
                0
            ],
            [
                1,
                2,
                0,
                0
            ],
            [
                1,
                2,
                1,
                0
            ],
            [
                1,
                3,
                10,
                0
            ],
            [
                1,
                3,
                36,
                22
            ],
            [
                1,
                3,
                42,
                28
            ],
            [
                1,
                3,
                8,
                0
            ],
            [
                2,
                2,
                2,
                0
            ],
            [
                2,
                2,
                0,
                0
            ],
            [
                2,
                2,
                2,
                0
            ],
            [
                2,
                4,
                43,
                15
            ],
            [
                2,
                2,
                2,
                0
            ],
            [
                2,
                3,
                42,
                28
            ],
            [
                3,
                4,
                41,
                13
            ],
            [
                3,
                2,
                0,
                0
            ],
            [
                3,
                3,
                42,
                28
            ],
            [
                3,
                2,
                4,
                0
            ],
            [
                3,
                3,
                43,
                29
            ],
            [
                3,
                3,
                11,
                0
            ],
            [
                4,
                2,
                10,
                6
            ],
            [
                4,
                4,
                13,
                0
            ],
            [
                4,
                3,
                41,
                27
            ],
            [
                4,
                2,
                10,
                6
            ],
            [
                5,
                4,
                42,
                14
            ],
            [
                5,
                3,
                42,
                28
            ],
            [
                5,
                3,
                39,
                25
            ],
            [
                5,
                3,
                42,
                28
            ],
            [
                5,
                3,
                42,
                28
            ],
            [
                6,
                3,
                21,
                7
            ],
            [
                6,
                3,
                41,
                27
            ],
            [
                6,
                2,
                9,
                7
            ],
            [
                6,
                2,
                10,
                8
            ],
            [
                6,
                2,
                16,
                14
            ],
            [
                6,
                2,
                21,
                19
            ],
            [
                6,
                2,
                7,
                5
            ],
            [
                6,
                1,
                0,
                0
            ],
            [
                6,
                4,
                38,
                10
            ],
            [
                7,
                3,
                40,
                26
            ],
            [
                7,
                3,
                41,
                27
            ],
            [
                7,
                2,
                7,
                5
            ],
            [
                7,
                4,
                42,
                14
            ],
            [
                8,
                3,
                41,
                27
            ],
            [
                8,
                3,
                41,
                27
            ],
            [
                8,
                2,
                6,
                2
            ],
            [
                8,
                3,
                41,
                27
            ],
            [
                8,
                2,
                20,
                16
            ],
            [
                8,
                2,
                11,
                7
            ],
            [
                9,
                2,
                11,
                7
            ],
            [
                9,
                3,
                42,
                28
            ],
            [
                9,
                4,
                40,
                12
            ],
            [
                9,
                3,
                41,
                27
            ],
            [
                9,
                2,
                27,
                23
            ],
            [
                9,
                2,
                17,
                13
            ],
            [
                9,
                3,
                40,
                26
            ],
            [
                9,
                4,
                40,
                12
            ],
            [
                9,
                2,
                25,
                21
            ],
            [
                9,
                3,
                41,
                27
            ],
            [
                10,
                2,
                23,
                21
            ],
            [
                10,
                2,
                28,
                26
            ],
            [
                10,
                2,
                42,
                40
            ],
            [
                10,
                2,
                31,
                29
            ],
            [
                10,
                2,
                35,
                33
            ],
            [
                11,
                2,
                37,
                35
            ],
            [
                11,
                2,
                7,
                5
            ],
            [
                11,
                4,
                38,
                10
            ],
            [
                12,
                2,
                9,
                7
            ],
            [
                12,
                4,
                40,
                12
            ],
            [
                12,
                3,
                41,
                27
            ],
            [
                12,
                4,
                40,
                12
            ],
            [
                12,
                2,
                36,
                34
            ],
            [
                12,
                2,
                15,
                13
            ],
            [
                13,
                2,
                15,
                11
            ],
            [
                13,
                4,
                41,
                13
            ],
            [
                13,
                3,
                40,
                26
            ],
            [
                13,
                2,
                19,
                15
            ],
            [
                13,
                3,
                41,
                27
            ],
            [
                13,
                3,
                42,
                28
            ],
            [
                13,
                3,
                41,
                27
            ],
            [
                13,
                4,
                41,
                13
            ],
            [
                13,
                3,
                40,
                26
            ],
            [
                14,
                4,
                45,
                17
            ],
            [
                14,
                3,
                45,
                31
            ],
            [
                14,
                2,
                28,
                24
            ],
            [
                14,
                2,
                35,
                31
            ],
            [
                15,
                4,
                43,
                15
            ],
            [
                15,
                3,
                43,
                29
            ],
            [
                15,
                2,
                28,
                26
            ],
            [
                15,
                2,
                42,
                40
            ],
            [
                15,
                2,
                38,
                36
            ],
            [
                15,
                3,
                42,
                28
            ],
            [
                16,
                4,
                42,
                14
            ],
            [
                16,
                2,
                37,
                35
            ],
            [
                16,
                2,
                42,
                40
            ],
            [
                17,
                3,
                41,
                27
            ],
            [
                17,
                2,
                40,
                38
            ],
            [
                17,
                2,
                26,
                24
            ],
            [
                17,
                3,
                41,
                27
            ],
            [
                17,
                3,
                41,
                27
            ],
            [
                18,
                4,
                41,
                13
            ],
            [
                18,
                4,
                41,
                13
            ],
            [
                18,
                3,
                41,
                27
            ],
            [
                18,
                3,
                40,
                26
            ],
            [
                19,
                2,
                39,
                35
            ],
            [
                19,
                3,
                42,
                28
            ],
            [
                19,
                2,
                41,
                37
            ],
            [
                19,
                4,
                42,
                14
            ],
            [
                19,
                2,
                41,
                37
            ],
            [
                19,
                2,
                42,
                38
            ],
            [
                20,
                2,
                39,
                37
            ],
            [
                20,
                2,
                9,
                7
            ],
            [
                20,
                4,
                39,
                11
            ],
            [
                20,
                4,
                38,
                10
            ],
            [
                20,
                4,
                39,
                11
            ],
            [
                20,
                4,
                42,
                14
            ],
            [
                21,
                3,
                41,
                27
            ],
            [
                21,
                2,
                28,
                26
            ],
            [
                22,
                3,
                41,
                27
            ],
            [
                22,
                2,
                40,
                38
            ],
            [
                22,
                2,
                41,
                39
            ],
            [
                23,
                3,
                42,
                28
            ],
            [
                23,
                2,
                41,
                37
            ],
            [
                23,
                2,
                40,
                36
            ],
            [
                23,
                2,
                40,
                36
            ],
            [
                23,
                1,
                36,
                36
            ],
            [
                23,
                2,
                40,
                36
            ],
            [
                23,
                2,
                42,
                38
            ],
            [
                23,
                3,
                42,
                28
            ],
            [
                24,
                3,
                41,
                27
            ],
            [
                24,
                4,
                39,
                11
            ],
            [
                24,
                3,
                41,
                27
            ],
            [
                24,
                2,
                5,
                1
            ],
            [
                24,
                4,
                40,
                12
            ],
            [
                24,
                4,
                42,
                14
            ],
            [
                25,
                2,
                9,
                7
            ],
            [
                25,
                4,
                42,
                14
            ],
            [
                25,
                4,
                42,
                14
            ],
            [
                25,
                4,
                43,
                15
            ],
            [
                25,
                3,
                43,
                29
            ],
            [
                25,
                4,
                43,
                15
            ],
            [
                25,
                3,
                43,
                29
            ],
            [
                25,
                3,
                44,
                30
            ],
            [
                25,
                4,
                43,
                15
            ],
            [
                26,
                4,
                43,
                15
            ],
            [
                26,
                3,
                44,
                30
            ],
            [
                26,
                2,
                17,
                15
            ],
            [
                26,
                2,
                37,
                35
            ],
            [
                27,
                3,
                43,
                29
            ],
            [
                27,
                4,
                43,
                15
            ],
            [
                27,
                4,
                43,
                15
            ],
            [
                27,
                4,
                44,
                16
            ],
            [
                28,
                4,
                43,
                15
            ],
            [
                28,
                2,
                25,
                21
            ],
            [
                28,
                2,
                35,
                31
            ],
            [
                28,
                4,
                43,
                15
            ],
            [
                28,
                2,
                40,
                36
            ],
            [
                28,
                4,
                43,
                15
            ],
            [
                29,
                2,
                35,
                31
            ],
            [
                29,
                3,
                46,
                32
            ],
            [
                29,
                3,
                47,
                33
            ],
            [
                29,
                3,
                47,
                33
            ],
            [
                29,
                3,
                45,
                31
            ],
            [
                29,
                2,
                4,
                0
            ]
        ],
        "lWaitDayByPriority": [
            5345,
            36,
            1562,
            2177,
            1570
        ],
        "objval": 2755.3510853089374,
        "std_occupancy": 45.301643782517964
    },
    "runtime": 5.165667772293091,
    "simdays": 150,
    "solver": "daily"
}