{
    "arrivalrate": 6.0,
    "ins_name": 50,
    "ins_path": null,
    "lNoNewPatients": [
        163,
        2,
        67,
        55,
        39
    ],
    "lNoPatients": [
        330,
        2,
        77,
        158,
        93
    ],
    "lNoSections": [
        2232,
        11,
        203,
        1252,
        766
    ],
    "mipgap": 1.0,
    "noLinacs": 4,
    "noSlotsPerDay": 120,
    "planningHorizon": 80,
    "runresult": {
        "avg_occupancy": 47.27083333333333,
        "feasibility": true,
        "lAvgLateDayByPriority": [
            19.895705521472394,
            27.0,
            20.597014925373134,
            23.672727272727272,
            13.0
        ],
        "lAvgWaitDayByPriority": [
            31.88957055214724,
            27.0,
            23.26865671641791,
            36.81818181818182,
            40.0
        ],
        "lLateDayByPriority": [
            3243,
            54,
            1380,
            1302,
            507
        ],
        "lOccupancy": {
            "0": [
                0.0,
                0.0,
                0.0,
                0.0,
                0.0,
                0.0,
                0.0,
                0.0,
                0.0,
                0.0,
                0.0,
                0.0,
                0.0,
                0.0,
                0.0,
                0.0,
                1.25,
                0.0,
                0.0,
                0.0,
                0.0,
                0.0,
                0.0,
                0.0,
                0.0,
                0.0,
                0.0,
                0.0,
                0.0,
                0.0,
                0.0,
                0.0,
                0.0,
                0.0,
                0.0,
                0.0,
                0.0,
                0.0,
                0.0,
                0.0,
                0.0,
                0.0,
                0.0,
                0.0,
                0.0,
                0.0,
                0.0,
                0.0,
                0.0,
                0.0,
                0.0,
                0.0,
                1.0416666666666665,
                1.0416666666666665,
                1.0416666666666665,
                1.0416666666666665,
                1.0416666666666665,
                1.0416666666666665,
                1.0416666666666665,
                1.0416666666666665,
                1.0416666666666665,
                1.0416666666666665,
                0.0,
                0.0,
                0.0,
                0.0,
                0.0,
                0.0,
                0.0,
                0.0,
                0.0,
                0.0,
                0.0,
                0.0,
                0.0,
                0.0,
                0.0,
                0.0,
                0.0,
                0.0,
                0.0,
                0.0,
                0.0,
                0.0,
                0.0,
                0.0,
                0.0,
                0.0,
                0.0,
                0.0,
                0.0,
                0.0,
                0.0,
                0.0,
                0.0,
                0.0,
                0.0,
                0.0,
                0.0,
                0.0,
                0.0,
                0.0,
                0.0,
                0.0,
                0.0,
                0.0,
                0.0,
                0.0,
                0.0,
                0.0,
                0.0,
                0.0,
                0.0,
                0.0,
                0.0,
                0.0,
                0.0,
                0.0,
                0.0,
                0.0,
                0.0,
                0.0,
                0.0,
                0.0,
                0.0,
                0.0,
                0.0,
                0.0,
                0.0,
                0.0,
                0.0,
                0.0,
                0.0,
                0.0,
                0.0,
                0.0,
                0.0,
                0.0,
                0.0,
                0.0,
                0.0,
                0.0,
                0.0,
                0.0,
                0.0,
                0.0,
                0.0,
                0.0,
                0.0,
                0.0
            ],
            "1": [
                8.958333333333334,
                14.374999999999998,
                6.875000000000001,
                8.333333333333332,
                7.291666666666667,
                8.333333333333332,
                4.375,
                5.625,
                4.791666666666667,
                4.791666666666667,
                2.5,
                2.9166666666666665,
                4.791666666666667,
                3.125,
                3.125,
                1.4583333333333333,
                1.4583333333333333,
                3.958333333333333,
                5.416666666666667,
                3.5416666666666665,
                4.166666666666666,
                3.5416666666666665,
                2.9166666666666665,
                4.375,
                3.125,
                2.9166666666666665,
                3.75,
                3.958333333333333,
                3.958333333333333,
                2.7083333333333335,
                2.9166666666666665,
                5.0,
                1.6666666666666667,
                1.6666666666666667,
                3.3333333333333335,
                5.0,
                6.458333333333334,
                5.0,
                3.3333333333333335,
                3.3333333333333335,
                6.458333333333334,
                6.25,
                7.083333333333333,
                8.75,
                8.333333333333332,
                7.5,
                10.625,
                7.291666666666667,
                7.291666666666667,
                8.958333333333334,
                12.083333333333334,
                10.416666666666668,
                9.791666666666666,
                16.666666666666664,
                14.166666666666666,
                12.083333333333334,
                12.083333333333334,
                8.75,
                7.083333333333333,
                1.25,
                0.0,
                0.0,
                0.0,
                0.0,
                0.0,
                0.0,
                0.0,
                0.0,
                0.0,
                0.0,
                0.0,
                0.0,
                0.0,
                0.0,
                0.0,
                0.0,
                0.0,
                0.0,
                0.0,
                0.0,
                0.0,
                0.0,
                0.0,
                0.0,
                0.0,
                0.0,
                0.0,
                0.0,
                0.0,
                0.0,
                0.0,
                0.0,
                0.0,
                0.0,
                0.0,
                0.0,
                0.0,
                0.0,
                0.0,
                0.0,
                0.0,
                0.0,
                0.0,
                0.0,
                0.0,
                0.0,
                0.0,
                0.0,
                0.0,
                0.0,
                0.0,
                0.0,
                0.0,
                0.0,
                0.0,
                0.0,
                0.0,
                0.0,
                0.0,
                0.0,
                0.0,
                0.0,
                0.0,
                0.0,
                0.0,
                0.0,
                0.0,
                0.0,
                0.0,
                0.0,
                0.0,
                0.0,
                0.0,
                0.0,
                0.0,
                0.0,
                0.0,
                0.0,
                0.0,
                0.0,
                0.0,
                0.0,
                0.0,
                0.0,
                0.0,
                0.0,
                0.0,
                0.0,
                0.0,
                0.0
            ],
            "2": [
                68.33333333333333,
                69.16666666666667,
                68.54166666666667,
                68.125,
                66.25,
                65.625,
                65.83333333333333,
                62.083333333333336,
                60.0,
                60.0,
                57.91666666666667,
                58.75,
                57.291666666666664,
                58.333333333333336,
                58.333333333333336,
                60.0,
                58.12500000000001,
                55.208333333333336,
                53.333333333333336,
                53.75,
                55.208333333333336,
                58.333333333333336,
                58.333333333333336,
                57.291666666666664,
                56.666666666666664,
                56.666666666666664,
                56.041666666666664,
                56.041666666666664,
                56.041666666666664,
                57.91666666666667,
                56.041666666666664,
                59.583333333333336,
                63.125,
                57.70833333333333,
                58.54166666666667,
                57.49999999999999,
                59.583333333333336,
                59.375,
                60.416666666666664,
                60.83333333333333,
                55.00000000000001,
                57.291666666666664,
                60.62499999999999,
                62.291666666666664,
                62.5,
                63.125,
                57.291666666666664,
                60.83333333333333,
                62.083333333333336,
                62.083333333333336,
                58.75,
                57.70833333333333,
                56.25,
                53.125,
                56.041666666666664,
                56.25,
                54.79166666666667,
                54.58333333333333,
                57.70833333333333,
                59.791666666666664,
                58.333333333333336,
                53.75,
                52.083333333333336,
                50.208333333333336,
                45.416666666666664,
                45.416666666666664,
                39.58333333333333,
                34.791666666666664,
                33.33333333333333,
                31.666666666666664,
                28.333333333333332,
                23.333333333333332,
                20.0,
                18.541666666666668,
                16.875,
                16.875,
                16.875,
                16.875,
                15.625,
                15.625,
                13.958333333333334,
                12.708333333333332,
                12.708333333333332,
                12.708333333333332,
                10.208333333333334,
                10.208333333333334,
                10.208333333333334,
                8.541666666666666,
                6.041666666666667,
                3.5416666666666665,
                2.2916666666666665,
                2.2916666666666665,
                0.0,
                0.0,
                0.0,
                0.0,
                0.0,
                0.0,
                0.0,
                0.0,
                0.0,
                0.0,
                0.0,
                0.0,
                0.0,
                0.0,
                0.0,
                0.0,
                0.0,
                0.0,
                0.0,
                0.0,
                0.0,
                0.0,
                0.0,
                0.0,
                0.0,
                0.0,
                0.0,
                0.0,
                0.0,
                0.0,
                0.0,
                0.0,
                0.0,
                0.0,
                0.0,
                0.0,
                0.0,
                0.0,
                0.0,
                0.0,
                0.0,
                0.0,
                0.0,
                0.0,
                0.0,
                0.0,
                0.0,
                0.0,
                0.0,
                0.0,
                0.0,
                0.0,
                0.0,
                0.0,
                0.0,
                0.0,
                0.0,
                0.0
            ],
            "3": [
                15.416666666666668,
                15.416666666666668,
                15.416666666666668,
                15.416666666666668,
                16.875,
                18.333333333333332,
                24.166666666666668,
                31.458333333333332,
                33.958333333333336,
                33.958333333333336,
                39.166666666666664,
                37.291666666666664,
                36.875,
                36.25,
                36.25,
                36.25,
                37.291666666666664,
                38.75,
                40.208333333333336,
                40.625,
                38.333333333333336,
                36.875,
                37.291666666666664,
                37.916666666666664,
                39.166666666666664,
                39.166666666666664,
                38.75,
                38.75,
                38.75,
                37.291666666666664,
                39.166666666666664,
                33.33333333333333,
                31.458333333333332,
                37.916666666666664,
                37.916666666666664,
                36.041666666666664,
                33.125,
                33.541666666666664,
                33.33333333333333,
                33.125,
                35.833333333333336,
                33.33333333333333,
                31.25,
                28.333333333333332,
                27.500000000000004,
                27.500000000000004,
                30.0,
                30.0,
                28.958333333333336,
                27.916666666666668,
                27.916666666666668,
                29.791666666666668,
                31.666666666666664,
                28.125,
                28.125,
                28.125,
                29.166666666666668,
                32.5,
                31.041666666666668,
                28.958333333333336,
                31.041666666666668,
                32.5,
                33.33333333333333,
                33.33333333333333,
                33.33333333333333,
                29.791666666666668,
                26.041666666666668,
                24.375,
                24.375,
                24.375,
                20.0,
                20.0,
                20.0,
                18.75,
                17.5,
                17.5,
                13.958333333333334,
                11.875,
                11.875,
                9.791666666666666,
                7.708333333333334,
                6.458333333333334,
                6.458333333333334,
                5.416666666666667,
                3.3333333333333335,
                3.3333333333333335,
                2.083333333333333,
                2.083333333333333,
                2.083333333333333,
                2.083333333333333,
                2.083333333333333,
                0.0,
                0.0,
                0.0,
                0.0,
                0.0,
                0.0,
                0.0,
                0.0,
                0.0,
                0.0,
                0.0,
                0.0,
                0.0,
                0.0,
                0.0,
                0.0,
                0.0,
                0.0,
                0.0,
                0.0,
                0.0,
                0.0,
                0.0,
                0.0,
                0.0,
                0.0,
                0.0,
                0.0,
                0.0,
                0.0,
                0.0,
                0.0,
                0.0,
                0.0,
                0.0,
                0.0,
                0.0,
                0.0,
                0.0,
                0.0,
                0.0,
                0.0,
                0.0,
                0.0,
                0.0,
                0.0,
                0.0,
                0.0,
                0.0,
                0.0,
                0.0,
                0.0,
                0.0,
                0.0,
                0.0,
                0.0,
                0.0,
                0.0,
                0.0
            ],
            "overall": [
                92.70833333333333,
                98.95833333333334,
                90.83333333333334,
                91.875,
                90.41666666666667,
                92.29166666666666,
                94.375,
                99.16666666666667,
                98.75,
                98.75,
                99.58333333333334,
                98.95833333333333,
                98.95833333333333,
                97.70833333333334,
                97.70833333333334,
                97.70833333333334,
                98.125,
                97.91666666666667,
                98.95833333333334,
                97.91666666666666,
                97.70833333333334,
                98.75,
                98.54166666666666,
                99.58333333333333,
                98.95833333333333,
                98.75,
                98.54166666666666,
                98.75,
                98.75,
                97.91666666666667,
                98.125,
                97.91666666666667,
                96.25,
                97.29166666666666,
                99.79166666666667,
                98.54166666666666,
                99.16666666666667,
                97.91666666666666,
                97.08333333333333,
                97.29166666666666,
                97.29166666666669,
                96.875,
                98.95833333333333,
                99.37499999999999,
                98.33333333333333,
                98.125,
                97.91666666666666,
                98.125,
                98.33333333333334,
                98.95833333333334,
                98.75,
                97.91666666666667,
                98.75,
                98.95833333333333,
                99.375,
                97.5,
                97.08333333333334,
                96.875,
                96.875,
                91.04166666666666,
                90.41666666666667,
                87.29166666666666,
                85.41666666666666,
                83.54166666666666,
                78.75,
                75.20833333333333,
                65.625,
                59.166666666666664,
                57.70833333333333,
                56.041666666666664,
                48.33333333333333,
                43.33333333333333,
                40.0,
                37.29166666666667,
                34.375,
                34.375,
                30.833333333333336,
                28.75,
                27.5,
                25.416666666666664,
                21.666666666666668,
                19.166666666666664,
                19.166666666666664,
                18.125,
                13.541666666666668,
                13.541666666666668,
                12.291666666666668,
                10.625,
                8.125,
                5.625,
                4.375,
                2.2916666666666665,
                0.0,
                0.0,
                0.0,
                0.0,
                0.0,
                0.0,
                0.0,
                0.0,
                0.0,
                0.0,
                0.0,
                0.0,
                0.0,
                0.0,
                0.0,
                0.0,
                0.0,
                0.0,
                0.0,
                0.0,
                0.0,
                0.0,
                0.0,
                0.0,
                0.0,
                0.0,
                0.0,
                0.0,
                0.0,
                0.0,
                0.0,
                0.0,
                0.0,
                0.0,
                0.0,
                0.0,
                0.0,
                0.0,
                0.0,
                0.0,
                0.0,
                0.0,
                0.0,
                0.0,
                0.0,
                0.0,
                0.0,
                0.0,
                0.0,
                0.0,
                0.0,
                0.0,
                0.0,
                0.0,
                0.0,
                0.0,
                0.0,
                0.0
            ]
        },
        "lWaitAndOverdue": [
            [
                0,
                4,
                10,
                0
            ],
            [
                0,
                3,
                7,
                0
            ],
            [
                1,
                3,
                8,
                0
            ],
            [
                1,
                3,
                7,
                0
            ],
            [
                1,
                2,
                2,
                0
            ],
            [
                1,
                3,
                7,
                0
            ],
            [
                1,
                3,
                8,
                0
            ],
            [
                1,
                2,
                0,
                0
            ],
            [
                1,
                2,
                0,
                0
            ],
            [
                1,
                3,
                7,
                0
            ],
            [
                1,
                3,
                44,
                30
            ],
            [
                1,
                3,
                7,
                0
            ],
            [
                2,
                3,
                43,
                29
            ],
            [
                2,
                2,
                2,
                0
            ],
            [
                3,
                2,
                0,
                0
            ],
            [
                3,
                2,
                1,
                0
            ],
            [
                4,
                4,
                41,
                13
            ],
            [
                4,
                2,
                3,
                0
            ],
            [
                4,
                3,
                42,
                28
            ],
            [
                4,
                4,
                41,
                13
            ],
            [
                4,
                2,
                4,
                0
            ],
            [
                4,
                3,
                17,
                3
            ],
            [
                4,
                2,
                3,
                0
            ],
            [
                5,
                3,
                42,
                28
            ],
            [
                5,
                3,
                39,
                25
            ],
            [
                5,
                2,
                2,
                0
            ],
            [
                5,
                4,
                7,
                0
            ],
            [
                5,
                3,
                43,
                29
            ],
            [
                5,
                2,
                3,
                1
            ],
            [
                6,
                4,
                43,
                15
            ],
            [
                6,
                3,
                42,
                28
            ],
            [
                6,
                3,
                43,
                29
            ],
            [
                6,
                3,
                42,
                28
            ],
            [
                6,
                3,
                43,
                29
            ],
            [
                6,
                3,
                43,
                29
            ],
            [
                6,
                3,
                43,
                29
            ],
            [
                6,
                2,
                7,
                5
            ],
            [
                6,
                2,
                8,
                6
            ],
            [
                7,
                2,
                7,
                5
            ],
            [
                7,
                2,
                14,
                12
            ],
            [
                7,
                2,
                6,
                4
            ],
            [
                7,
                1,
                13,
                13
            ],
            [
                7,
                4,
                42,
                14
            ],
            [
                7,
                3,
                42,
                28
            ],
            [
                7,
                3,
                42,
                28
            ],
            [
                7,
                2,
                15,
                13
            ],
            [
                7,
                4,
                43,
                15
            ],
            [
                8,
                3,
                42,
                28
            ],
            [
                8,
                3,
                42,
                28
            ],
            [
                8,
                2,
                4,
                0
            ],
            [
                8,
                3,
                42,
                28
            ],
            [
                8,
                2,
                14,
                10
            ],
            [
                8,
                2,
                15,
                11
            ],
            [
                9,
                2,
                17,
                13
            ],
            [
                9,
                3,
                42,
                28
            ],
            [
                9,
                4,
                42,
                14
            ],
            [
                9,
                3,
                42,
                28
            ],
            [
                9,
                2,
                20,
                16
            ],
            [
                9,
                2,
                18,
                14
            ],
            [
                9,
                3,
                42,
                28
            ],
            [
                9,
                4,
                31,
                3
            ],
            [
                10,
                2,
                21,
                19
            ],
            [
                10,
                3,
                39,
                25
            ],
            [
                10,
                2,
                21,
                19
            ],
            [
                10,
                2,
                22,
                20
            ],
            [
                11,
                2,
                28,
                26
            ],
            [
                11,
                2,
                29,
                27
            ],
            [
                11,
                2,
                31,
                29
            ],
            [
                12,
                2,
                34,
                32
            ],
            [
                12,
                2,
                14,
                12
            ],
            [
                13,
                4,
                39,
                11
            ],
            [
                13,
                2,
                11,
                7
            ],
            [
                13,
                4,
                39,
                11
            ],
            [
                13,
                3,
                40,
                26
            ],
            [
                13,
                4,
                36,
                8
            ],
            [
                13,
                2,
                34,
                30
            ],
            [
                14,
                2,
                19,
                15
            ],
            [
                14,
                2,
                38,
                34
            ],
            [
                14,
                4,
                38,
                10
            ],
            [
                14,
                3,
                40,
                26
            ],
            [
                14,
                2,
                20,
                16
            ],
            [
                14,
                3,
                40,
                26
            ],
            [
                14,
                3,
                41,
                27
            ],
            [
                15,
                3,
                37,
                23
            ],
            [
                15,
                4,
                39,
                11
            ],
            [
                15,
                3,
                39,
                25
            ],
            [
                15,
                4,
                37,
                9
            ],
            [
                16,
                3,
                41,
                27
            ],
            [
                16,
                2,
                27,
                25
            ],
            [
                16,
                2,
                35,
                33
            ],
            [
                16,
                4,
                42,
                14
            ],
            [
                16,
                3,
                41,
                27
            ],
            [
                16,
                2,
                36,
                34
            ],
            [
                16,
                2,
                38,
                36
            ],
            [
                16,
                2,
                38,
                36
            ],
            [
                16,
                3,
                41,
                27
            ],
            [
                17,
                4,
                41,
                13
            ],
            [
                17,
                2,
                40,
                38
            ],
            [
                17,
                2,
                41,
                39
            ],
            [
                17,
                3,
                41,
                27
            ],
            [
                17,
                2,
                28,
                26
            ],
            [
                19,
                2,
                33,
                29
            ],
            [
                19,
                3,
                39,
                25
            ],
            [
                19,
                3,
                40,
                26
            ],
            [
                19,
                4,
                39,
                11
            ],
            [
                19,
                4,
                39,
                11
            ],
            [
                19,
                3,
                40,
                26
            ],
            [
                20,
                3,
                38,
                24
            ],
            [
                20,
                2,
                37,
                35
            ],
            [
                20,
                3,
                38,
                24
            ],
            [
                21,
                2,
                38,
                36
            ],
            [
                21,
                4,
                38,
                10
            ],
            [
                21,
                2,
                27,
                25
            ],
            [
                21,
                2,
                41,
                39
            ],
            [
                21,
                2,
                41,
                39
            ],
            [
                21,
                2,
                13,
                11
            ],
            [
                21,
                4,
                42,
                14
            ],
            [
                21,
                4,
                42,
                14
            ],
            [
                22,
                4,
                41,
                13
            ],
            [
                22,
                4,
                41,
                13
            ],
            [
                22,
                3,
                41,
                27
            ],
            [
                22,
                2,
                35,
                33
            ],
            [
                22,
                3,
                41,
                27
            ],
            [
                22,
                2,
                29,
                27
            ],
            [
                23,
                2,
                41,
                37
            ],
            [
                23,
                3,
                43,
                29
            ],
            [
                23,
                2,
                42,
                38
            ],
            [
                23,
                2,
                41,
                37
            ],
            [
                23,
                2,
                42,
                38
            ],
            [
                23,
                1,
                41,
                41
            ],
            [
                23,
                2,
                43,
                39
            ],
            [
                23,
                2,
                43,
                39
            ],
            [
                24,
                3,
                42,
                28
            ],
            [
                24,
                3,
                45,
                31
            ],
            [
                24,
                4,
                40,
                12
            ],
            [
                24,
                3,
                45,
                31
            ],
            [
                24,
                2,
                4,
                0
            ],
            [
                24,
                4,
                41,
                13
            ],
            [
                25,
                4,
                43,
                15
            ],
            [
                25,
                2,
                36,
                34
            ],
            [
                25,
                4,
                44,
                16
            ],
            [
                25,
                4,
                44,
                16
            ],
            [
                25,
                4,
                44,
                16
            ],
            [
                25,
                3,
                44,
                30
            ],
            [
                25,
                4,
                45,
                17
            ],
            [
                26,
                3,
                44,
                30
            ],
            [
                26,
                3,
                44,
                30
            ],
            [
                26,
                4,
                44,
                16
            ],
            [
                26,
                4,
                44,
                16
            ],
            [
                26,
                3,
                45,
                31
            ],
            [
                27,
                2,
                21,
                19
            ],
            [
                28,
                2,
                36,
                32
            ],
            [
                28,
                3,
                43,
                29
            ],
            [
                28,
                4,
                46,
                18
            ],
            [
                28,
                4,
                47,
                19
            ],
            [
                28,
                4,
                46,
                18
            ],
            [
                28,
                4,
                46,
                18
            ],
            [
                29,
                2,
                33,
                29
            ],
            [
                29,
                2,
                34,
                30
            ],
            [
                29,
                4,
                47,
                19
            ],
            [
                29,
                2,
                41,
                37
            ],
            [
                29,
                4,
                46,
                18
            ],
            [
                29,
                2,
                38,
                34
            ]
        ],
        "lWaitDayByPriority": [
            5198,
            54,
            1559,
            2025,
            1560
        ],
        "objval": 2863.774491180461,
        "std_occupancy": 45.259045737452475
    },
    "runtime": 5.038831949234009,
    "simdays": 150,
    "solver": "daily"
}