{
    "arrivalrate": 6.0,
    "ins_name": 100,
    "ins_path": null,
    "lNoNewPatients": [
        152,
        1,
        65,
        56,
        30
    ],
    "lNoPatients": [
        306,
        1,
        69,
        157,
        79
    ],
    "lNoSections": [
        1999,
        1,
        191,
        1237,
        570
    ],
    "mipgap": 1.0,
    "noLinacs": 4,
    "noSlotsPerDay": 120,
    "planningHorizon": 80,
    "runresult": {
        "avg_occupancy": 44.3375,
        "feasibility": true,
        "lAvgLateDayByPriority": [
            15.578947368421053,
            21.0,
            15.615384615384615,
            19.660714285714285,
            7.7
        ],
        "lAvgWaitDayByPriority": [
            26.70394736842105,
            21.0,
            18.184615384615384,
            33.017857142857146,
            33.56666666666667
        ],
        "lLateDayByPriority": [
            2368,
            21,
            1015,
            1101,
            231
        ],
        "lOccupancy": {
            "0": [
                0.0,
                0.0,
                0.0,
                0.0,
                0.0,
                0.0,
                0.0,
                0.0,
                0.0,
                0.0,
                0.0,
                0.0,
                0.0,
                0.0,
                0.0,
                0.0,
                0.0,
                0.0,
                0.0,
                0.0,
                0.0,
                0.0,
                0.0,
                0.0,
                0.0,
                0.0,
                1.25,
                0.0,
                0.0,
                0.0,
                0.0,
                0.0,
                0.0,
                0.0,
                0.0,
                0.0,
                0.0,
                0.0,
                0.0,
                0.0,
                0.0,
                0.0,
                0.0,
                0.0,
                0.0,
                0.0,
                0.0,
                0.0,
                0.0,
                0.0,
                0.0,
                0.0,
                0.0,
                0.0,
                0.0,
                0.0,
                0.0,
                0.0,
                0.0,
                0.0,
                0.0,
                0.0,
                0.0,
                0.0,
                0.0,
                0.0,
                0.0,
                0.0,
                0.0,
                0.0,
                0.0,
                0.0,
                0.0,
                0.0,
                0.0,
                0.0,
                0.0,
                0.0,
                0.0,
                0.0,
                0.0,
                0.0,
                0.0,
                0.0,
                0.0,
                0.0,
                0.0,
                0.0,
                0.0,
                0.0,
                0.0,
                0.0,
                0.0,
                0.0,
                0.0,
                0.0,
                0.0,
                0.0,
                0.0,
                0.0,
                0.0,
                0.0,
                0.0,
                0.0,
                0.0,
                0.0,
                0.0,
                0.0,
                0.0,
                0.0,
                0.0,
                0.0,
                0.0,
                0.0,
                0.0,
                0.0,
                0.0,
                0.0,
                0.0,
                0.0,
                0.0,
                0.0,
                0.0,
                0.0,
                0.0,
                0.0,
                0.0,
                0.0,
                0.0,
                0.0,
                0.0,
                0.0,
                0.0,
                0.0,
                0.0,
                0.0,
                0.0,
                0.0,
                0.0,
                0.0,
                0.0,
                0.0,
                0.0,
                0.0,
                0.0,
                0.0,
                0.0,
                0.0,
                0.0,
                0.0
            ],
            "1": [
                6.666666666666667,
                8.75,
                6.875000000000001,
                8.75,
                5.833333333333333,
                11.041666666666666,
                5.416666666666667,
                6.041666666666667,
                5.833333333333333,
                8.333333333333332,
                2.7083333333333335,
                3.958333333333333,
                2.7083333333333335,
                2.7083333333333335,
                2.2916666666666665,
                3.125,
                3.125,
                3.125,
                3.3333333333333335,
                3.3333333333333335,
                2.5,
                3.125,
                3.125,
                3.125,
                3.125,
                3.125,
                3.125,
                2.5,
                2.5,
                2.9166666666666665,
                4.791666666666667,
                4.166666666666666,
                4.166666666666666,
                4.791666666666667,
                6.041666666666667,
                5.833333333333333,
                6.041666666666667,
                4.375,
                6.875000000000001,
                4.583333333333333,
                7.708333333333334,
                7.083333333333333,
                7.708333333333334,
                9.583333333333334,
                8.958333333333334,
                10.625,
                8.958333333333334,
                8.958333333333334,
                8.958333333333334,
                7.916666666666666,
                8.125,
                6.25,
                7.916666666666666,
                7.916666666666666,
                11.041666666666666,
                6.666666666666667,
                8.958333333333334,
                1.6666666666666667,
                1.6666666666666667,
                1.6666666666666667,
                0.0,
                0.0,
                0.0,
                0.0,
                0.0,
                0.0,
                0.0,
                0.0,
                0.0,
                0.0,
                0.0,
                0.0,
                0.0,
                0.0,
                0.0,
                0.0,
                0.0,
                0.0,
                0.0,
                0.0,
                0.0,
                0.0,
                0.0,
                0.0,
                0.0,
                0.0,
                0.0,
                0.0,
                0.0,
                0.0,
                0.0,
                0.0,
                0.0,
                0.0,
                0.0,
                0.0,
                0.0,
                0.0,
                0.0,
                0.0,
                0.0,
                0.0,
                0.0,
                0.0,
                0.0,
                0.0,
                0.0,
                0.0,
                0.0,
                0.0,
                0.0,
                0.0,
                0.0,
                0.0,
                0.0,
                0.0,
                0.0,
                0.0,
                0.0,
                0.0,
                0.0,
                0.0,
                0.0,
                0.0,
                0.0,
                0.0,
                0.0,
                0.0,
                0.0,
                0.0,
                0.0,
                0.0,
                0.0,
                0.0,
                0.0,
                0.0,
                0.0,
                0.0,
                0.0,
                0.0,
                0.0,
                0.0,
                0.0,
                0.0,
                0.0,
                0.0,
                0.0,
                0.0,
                0.0,
                0.0
            ],
            "2": [
                69.375,
                68.125,
                67.70833333333334,
                68.75,
                68.33333333333333,
                68.125,
                71.875,
                72.08333333333333,
                68.75,
                61.66666666666667,
                60.83333333333333,
                57.91666666666667,
                59.375,
                59.375,
                59.791666666666664,
                54.37499999999999,
                56.666666666666664,
                58.333333333333336,
                58.333333333333336,
                58.333333333333336,
                56.041666666666664,
                53.125,
                53.125,
                54.58333333333333,
                58.333333333333336,
                58.12500000000001,
                60.416666666666664,
                61.66666666666667,
                58.12500000000001,
                57.291666666666664,
                57.49999999999999,
                57.70833333333333,
                57.291666666666664,
                53.541666666666664,
                55.00000000000001,
                58.54166666666667,
                57.08333333333333,
                60.20833333333333,
                57.49999999999999,
                55.833333333333336,
                58.958333333333336,
                62.291666666666664,
                59.375,
                56.666666666666664,
                60.0,
                59.791666666666664,
                60.0,
                60.0,
                62.916666666666664,
                59.583333333333336,
                59.583333333333336,
                59.375,
                59.166666666666664,
                61.04166666666667,
                57.291666666666664,
                59.375,
                54.58333333333333,
                54.58333333333333,
                51.87500000000001,
                50.416666666666664,
                50.416666666666664,
                48.95833333333333,
                47.5,
                45.83333333333333,
                42.70833333333333,
                39.58333333333333,
                39.58333333333333,
                36.666666666666664,
                30.208333333333332,
                27.500000000000004,
                24.166666666666668,
                24.166666666666668,
                22.5,
                16.041666666666668,
                14.374999999999998,
                12.916666666666668,
                9.583333333333334,
                8.333333333333332,
                6.666666666666667,
                6.666666666666667,
                6.666666666666667,
                6.666666666666667,
                6.666666666666667,
                6.666666666666667,
                6.666666666666667,
                5.0,
                5.0,
                3.75,
                1.25,
                1.25,
                0.0,
                0.0,
                0.0,
                0.0,
                0.0,
                0.0,
                0.0,
                0.0,
                0.0,
                0.0,
                0.0,
                0.0,
                0.0,
                0.0,
                0.0,
                0.0,
                0.0,
                0.0,
                0.0,
                0.0,
                0.0,
                0.0,
                0.0,
                0.0,
                0.0,
                0.0,
                0.0,
                0.0,
                0.0,
                0.0,
                0.0,
                0.0,
                0.0,
                0.0,
                0.0,
                0.0,
                0.0,
                0.0,
                0.0,
                0.0,
                0.0,
                0.0,
                0.0,
                0.0,
                0.0,
                0.0,
                0.0,
                0.0,
                0.0,
                0.0,
                0.0,
                0.0,
                0.0,
                0.0,
                0.0,
                0.0,
                0.0,
                0.0,
                0.0,
                0.0
            ],
            "3": [
                14.583333333333334,
                15.625,
                15.416666666666668,
                15.416666666666668,
                14.374999999999998,
                14.374999999999998,
                15.833333333333332,
                18.75,
                23.125,
                28.541666666666664,
                34.375,
                37.291666666666664,
                37.291666666666664,
                37.291666666666664,
                37.291666666666664,
                40.208333333333336,
                38.54166666666667,
                37.083333333333336,
                37.083333333333336,
                37.083333333333336,
                39.166666666666664,
                42.916666666666664,
                41.458333333333336,
                40.0,
                36.875,
                37.291666666666664,
                35.0,
                35.208333333333336,
                38.75,
                38.333333333333336,
                36.875,
                36.875,
                37.916666666666664,
                40.208333333333336,
                37.708333333333336,
                34.791666666666664,
                35.0,
                32.5,
                33.541666666666664,
                36.45833333333333,
                31.666666666666664,
                28.958333333333336,
                30.833333333333336,
                32.083333333333336,
                30.416666666666664,
                27.916666666666668,
                27.916666666666668,
                27.916666666666668,
                26.041666666666668,
                29.583333333333332,
                28.958333333333336,
                29.791666666666668,
                29.791666666666668,
                27.708333333333336,
                28.749999999999996,
                28.541666666666664,
                29.791666666666668,
                27.083333333333332,
                27.083333333333332,
                26.041666666666668,
                26.041666666666668,
                21.458333333333332,
                20.416666666666668,
                19.166666666666668,
                18.125,
                18.125,
                13.333333333333334,
                13.333333333333334,
                11.666666666666666,
                11.666666666666666,
                10.0,
                10.0,
                8.333333333333332,
                5.625,
                5.625,
                5.625,
                5.625,
                5.625,
                5.625,
                4.375,
                4.375,
                3.125,
                3.125,
                3.125,
                2.083333333333333,
                2.083333333333333,
                2.083333333333333,
                2.083333333333333,
                1.0416666666666665,
                0.0,
                0.0,
                0.0,
                0.0,
                0.0,
                0.0,
                0.0,
                0.0,
                0.0,
                0.0,
                0.0,
                0.0,
                0.0,
                0.0,
                0.0,
                0.0,
                0.0,
                0.0,
                0.0,
                0.0,
                0.0,
                0.0,
                0.0,
                0.0,
                0.0,
                0.0,
                0.0,
                0.0,
                0.0,
                0.0,
                0.0,
                0.0,
                0.0,
                0.0,
                0.0,
                0.0,
                0.0,
                0.0,
                0.0,
                0.0,
                0.0,
                0.0,
                0.0,
                0.0,
                0.0,
                0.0,
                0.0,
                0.0,
                0.0,
                0.0,
                0.0,
                0.0,
                0.0,
                0.0,
                0.0,
                0.0,
                0.0,
                0.0,
                0.0,
                0.0,
                0.0
            ],
            "overall": [
                90.625,
                92.5,
                90.00000000000001,
                92.91666666666667,
                88.54166666666666,
                93.54166666666667,
                93.125,
                96.875,
                97.70833333333333,
                98.54166666666666,
                97.91666666666666,
                99.16666666666667,
                99.375,
                99.375,
                99.375,
                97.70833333333333,
                98.33333333333334,
                98.54166666666667,
                98.75,
                98.75,
                97.70833333333333,
                99.16666666666666,
                97.70833333333334,
                97.70833333333333,
                98.33333333333334,
                98.54166666666667,
                99.79166666666666,
                99.375,
                99.375,
                98.54166666666666,
                99.16666666666666,
                98.75,
                99.375,
                98.54166666666666,
                98.75,
                99.16666666666666,
                98.125,
                97.08333333333333,
                97.91666666666666,
                96.875,
                98.33333333333334,
                98.33333333333334,
                97.91666666666666,
                98.33333333333334,
                99.375,
                98.33333333333333,
                96.875,
                96.875,
                97.91666666666667,
                97.08333333333333,
                96.66666666666669,
                95.41666666666667,
                96.875,
                96.66666666666669,
                97.08333333333333,
                94.58333333333334,
                93.33333333333333,
                83.33333333333333,
                80.625,
                78.125,
                76.45833333333333,
                70.41666666666666,
                67.91666666666667,
                65.0,
                60.83333333333333,
                57.70833333333333,
                52.916666666666664,
                50.0,
                41.875,
                39.16666666666667,
                34.16666666666667,
                34.16666666666667,
                30.833333333333332,
                21.666666666666668,
                20.0,
                18.541666666666668,
                15.208333333333334,
                13.958333333333332,
                12.291666666666668,
                11.041666666666668,
                11.041666666666668,
                9.791666666666668,
                9.791666666666668,
                9.791666666666668,
                8.75,
                7.083333333333333,
                7.083333333333333,
                5.833333333333333,
                2.2916666666666665,
                1.25,
                0.0,
                0.0,
                0.0,
                0.0,
                0.0,
                0.0,
                0.0,
                0.0,
                0.0,
                0.0,
                0.0,
                0.0,
                0.0,
                0.0,
                0.0,
                0.0,
                0.0,
                0.0,
                0.0,
                0.0,
                0.0,
                0.0,
                0.0,
                0.0,
                0.0,
                0.0,
                0.0,
                0.0,
                0.0,
                0.0,
                0.0,
                0.0,
                0.0,
                0.0,
                0.0,
                0.0,
                0.0,
                0.0,
                0.0,
                0.0,
                0.0,
                0.0,
                0.0,
                0.0,
                0.0,
                0.0,
                0.0,
                0.0,
                0.0,
                0.0,
                0.0,
                0.0,
                0.0,
                0.0,
                0.0,
                0.0,
                0.0,
                0.0,
                0.0,
                0.0
            ]
        },
        "lWaitAndOverdue": [
            [
                0,
                2,
                0,
                0
            ],
            [
                0,
                4,
                8,
                0
            ],
            [
                0,
                2,
                1,
                0
            ],
            [
                1,
                4,
                10,
                0
            ],
            [
                1,
                2,
                0,
                0
            ],
            [
                1,
                3,
                7,
                0
            ],
            [
                2,
                2,
                1,
                0
            ],
            [
                2,
                2,
                1,
                0
            ],
            [
                2,
                3,
                9,
                0
            ],
            [
                2,
                4,
                12,
                0
            ],
            [
                3,
                3,
                7,
                0
            ],
            [
                3,
                3,
                11,
                0
            ],
            [
                3,
                3,
                6,
                0
            ],
            [
                3,
                2,
                4,
                0
            ],
            [
                4,
                3,
                14,
                0
            ],
            [
                4,
                3,
                17,
                3
            ],
            [
                4,
                2,
                3,
                0
            ],
            [
                4,
                3,
                12,
                0
            ],
            [
                4,
                3,
                10,
                0
            ],
            [
                4,
                2,
                3,
                0
            ],
            [
                4,
                2,
                0,
                0
            ],
            [
                5,
                4,
                38,
                10
            ],
            [
                5,
                2,
                0,
                0
            ],
            [
                5,
                4,
                37,
                9
            ],
            [
                5,
                4,
                31,
                3
            ],
            [
                5,
                4,
                29,
                1
            ],
            [
                5,
                3,
                25,
                11
            ],
            [
                5,
                3,
                28,
                14
            ],
            [
                6,
                3,
                36,
                22
            ],
            [
                6,
                2,
                2,
                0
            ],
            [
                6,
                3,
                37,
                23
            ],
            [
                7,
                3,
                37,
                23
            ],
            [
                7,
                2,
                0,
                0
            ],
            [
                7,
                2,
                2,
                0
            ],
            [
                7,
                3,
                40,
                26
            ],
            [
                7,
                3,
                40,
                26
            ],
            [
                7,
                3,
                40,
                26
            ],
            [
                7,
                3,
                41,
                27
            ],
            [
                7,
                2,
                2,
                0
            ],
            [
                7,
                2,
                2,
                0
            ],
            [
                8,
                2,
                1,
                0
            ],
            [
                8,
                4,
                40,
                12
            ],
            [
                8,
                2,
                5,
                1
            ],
            [
                8,
                3,
                40,
                26
            ],
            [
                8,
                4,
                40,
                12
            ],
            [
                9,
                2,
                5,
                1
            ],
            [
                9,
                3,
                39,
                25
            ],
            [
                9,
                2,
                10,
                6
            ],
            [
                9,
                3,
                40,
                26
            ],
            [
                9,
                3,
                40,
                26
            ],
            [
                9,
                2,
                17,
                13
            ],
            [
                9,
                4,
                18,
                0
            ],
            [
                10,
                3,
                38,
                24
            ],
            [
                10,
                2,
                15,
                13
            ],
            [
                10,
                4,
                39,
                11
            ],
            [
                10,
                3,
                39,
                25
            ],
            [
                10,
                3,
                39,
                25
            ],
            [
                10,
                3,
                39,
                25
            ],
            [
                11,
                3,
                41,
                27
            ],
            [
                11,
                3,
                41,
                27
            ],
            [
                11,
                3,
                36,
                22
            ],
            [
                11,
                2,
                9,
                7
            ],
            [
                11,
                2,
                14,
                12
            ],
            [
                11,
                2,
                17,
                15
            ],
            [
                11,
                2,
                22,
                20
            ],
            [
                11,
                2,
                2,
                0
            ],
            [
                11,
                1,
                21,
                21
            ],
            [
                12,
                4,
                37,
                9
            ],
            [
                12,
                3,
                40,
                26
            ],
            [
                12,
                3,
                40,
                26
            ],
            [
                12,
                2,
                23,
                21
            ],
            [
                13,
                4,
                35,
                7
            ],
            [
                13,
                3,
                39,
                25
            ],
            [
                13,
                3,
                39,
                25
            ],
            [
                13,
                2,
                1,
                0
            ],
            [
                13,
                3,
                39,
                25
            ],
            [
                13,
                2,
                22,
                18
            ],
            [
                13,
                2,
                25,
                21
            ],
            [
                13,
                2,
                25,
                21
            ],
            [
                13,
                3,
                39,
                25
            ],
            [
                13,
                4,
                40,
                12
            ],
            [
                13,
                3,
                40,
                26
            ],
            [
                14,
                2,
                28,
                24
            ],
            [
                14,
                2,
                27,
                23
            ],
            [
                14,
                3,
                39,
                25
            ],
            [
                14,
                4,
                40,
                12
            ],
            [
                15,
                2,
                25,
                23
            ],
            [
                16,
                3,
                37,
                23
            ],
            [
                16,
                2,
                24,
                22
            ],
            [
                17,
                2,
                26,
                24
            ],
            [
                17,
                2,
                36,
                34
            ],
            [
                17,
                2,
                27,
                25
            ],
            [
                17,
                2,
                33,
                31
            ],
            [
                17,
                2,
                33,
                31
            ],
            [
                17,
                2,
                20,
                18
            ],
            [
                17,
                4,
                36,
                8
            ],
            [
                18,
                2,
                19,
                15
            ],
            [
                18,
                4,
                35,
                7
            ],
            [
                18,
                3,
                36,
                22
            ],
            [
                18,
                4,
                36,
                8
            ],
            [
                19,
                2,
                32,
                28
            ],
            [
                19,
                2,
                19,
                15
            ],
            [
                19,
                2,
                27,
                23
            ],
            [
                19,
                4,
                35,
                7
            ],
            [
                20,
                3,
                32,
                18
            ],
            [
                20,
                2,
                17,
                15
            ],
            [
                20,
                3,
                35,
                21
            ],
            [
                20,
                3,
                38,
                24
            ],
            [
                20,
                3,
                36,
                22
            ],
            [
                21,
                4,
                37,
                9
            ],
            [
                21,
                3,
                37,
                23
            ],
            [
                21,
                4,
                38,
                10
            ],
            [
                21,
                3,
                31,
                17
            ],
            [
                21,
                2,
                21,
                19
            ],
            [
                22,
                2,
                30,
                28
            ],
            [
                22,
                4,
                37,
                9
            ],
            [
                22,
                3,
                37,
                23
            ],
            [
                22,
                2,
                26,
                24
            ],
            [
                23,
                2,
                26,
                22
            ],
            [
                23,
                2,
                32,
                28
            ],
            [
                24,
                3,
                34,
                20
            ],
            [
                24,
                4,
                38,
                10
            ],
            [
                24,
                2,
                32,
                28
            ],
            [
                25,
                2,
                23,
                21
            ],
            [
                25,
                3,
                36,
                22
            ],
            [
                25,
                2,
                25,
                23
            ],
            [
                25,
                2,
                35,
                33
            ],
            [
                25,
                3,
                36,
                22
            ],
            [
                25,
                3,
                36,
                22
            ],
            [
                25,
                4,
                36,
                8
            ],
            [
                26,
                4,
                35,
                7
            ],
            [
                26,
                3,
                36,
                22
            ],
            [
                26,
                3,
                37,
                23
            ],
            [
                27,
                2,
                33,
                31
            ],
            [
                27,
                3,
                37,
                23
            ],
            [
                27,
                2,
                34,
                32
            ],
            [
                27,
                4,
                37,
                9
            ],
            [
                28,
                2,
                32,
                28
            ],
            [
                28,
                2,
                36,
                32
            ],
            [
                28,
                2,
                34,
                30
            ],
            [
                28,
                2,
                14,
                10
            ],
            [
                28,
                4,
                36,
                8
            ],
            [
                28,
                4,
                39,
                11
            ],
            [
                29,
                4,
                39,
                11
            ],
            [
                29,
                4,
                39,
                11
            ],
            [
                29,
                3,
                38,
                24
            ],
            [
                29,
                2,
                21,
                17
            ],
            [
                29,
                3,
                38,
                24
            ],
            [
                29,
                2,
                24,
                20
            ],
            [
                29,
                2,
                38,
                34
            ],
            [
                29,
                3,
                38,
                24
            ],
            [
                29,
                2,
                39,
                35
            ]
        ],
        "lWaitDayByPriority": [
            4059,
            21,
            1182,
            1849,
            1007
        ],
        "objval": 2722.4067765567765,
        "std_occupancy": 45.08418738921992
    },
    "runtime": 4.769782066345215,
    "simdays": 150,
    "solver": "daily"
}