{
    "arrivalrate": 6.0,
    "ins_name": 135,
    "ins_path": null,
    "lNoNewPatients": [
        174,
        2,
        73,
        58,
        41
    ],
    "lNoPatients": [
        338,
        2,
        78,
        163,
        95
    ],
    "lNoSections": [
        2251,
        11,
        225,
        1261,
        754
    ],
    "mipgap": 1.0,
    "noLinacs": 4,
    "noSlotsPerDay": 120,
    "planningHorizon": 80,
    "runresult": {
        "avg_occupancy": 48.55694444444445,
        "feasibility": true,
        "lAvgLateDayByPriority": [
            13.160919540229886,
            1.5,
            0.8767123287671232,
            28.379310344827587,
            14.073170731707316
        ],
        "lAvgWaitDayByPriority": [
            24.833333333333332,
            1.5,
            2.5753424657534247,
            42.37931034482759,
            40.78048780487805
        ],
        "lLateDayByPriority": [
            2290,
            3,
            64,
            1646,
            577
        ],
        "lOccupancy": {
            "0": [
                0.0,
                0.0,
                0.0,
                0.0,
                0.0,
                0.0,
                1.25,
                0.0,
                0.0,
                0.0,
                0.0,
                0.0,
                0.0,
                0.0,
                0.0,
                0.0,
                0.0,
                0.0,
                0.0,
                0.0,
                0.0,
                0.0,
                0.0,
                0.0,
                1.0416666666666665,
                1.0416666666666665,
                1.0416666666666665,
                1.0416666666666665,
                1.0416666666666665,
                1.0416666666666665,
                1.0416666666666665,
                1.0416666666666665,
                1.0416666666666665,
                1.0416666666666665,
                0.0,
                0.0,
                0.0,
                0.0,
                0.0,
                0.0,
                0.0,
                0.0,
                0.0,
                0.0,
                0.0,
                0.0,
                0.0,
                0.0,
                0.0,
                0.0,
                0.0,
                0.0,
                0.0,
                0.0,
                0.0,
                0.0,
                0.0,
                0.0,
                0.0,
                0.0,
                0.0,
                0.0,
                0.0,
                0.0,
                0.0,
                0.0,
                0.0,
                0.0,
                0.0,
                0.0,
                0.0,
                0.0,
                0.0,
                0.0,
                0.0,
                0.0,
                0.0,
                0.0,
                0.0,
                0.0,
                0.0,
                0.0,
                0.0,
                0.0,
                0.0,
                0.0,
                0.0,
                0.0,
                0.0,
                0.0,
                0.0,
                0.0,
                0.0,
                0.0,
                0.0,
                0.0,
                0.0,
                0.0,
                0.0,
                0.0,
                0.0,
                0.0,
                0.0,
                0.0,
                0.0,
                0.0,
                0.0,
                0.0,
                0.0,
                0.0,
                0.0,
                0.0,
                0.0,
                0.0,
                0.0,
                0.0,
                0.0,
                0.0,
                0.0,
                0.0,
                0.0,
                0.0,
                0.0,
                0.0,
                0.0,
                0.0,
                0.0,
                0.0,
                0.0,
                0.0,
                0.0,
                0.0,
                0.0,
                0.0,
                0.0,
                0.0,
                0.0,
                0.0,
                0.0,
                0.0,
                0.0,
                0.0,
                0.0,
                0.0,
                0.0,
                0.0,
                0.0,
                0.0,
                0.0,
                0.0
            ],
            "1": [
                7.5,
                15.0,
                6.875000000000001,
                7.291666666666667,
                8.75,
                8.958333333333334,
                10.208333333333334,
                12.5,
                10.625,
                16.25,
                12.708333333333332,
                10.833333333333334,
                14.583333333333334,
                12.708333333333332,
                10.625,
                12.5,
                10.0,
                13.958333333333334,
                14.374999999999998,
                13.750000000000002,
                12.708333333333332,
                10.625,
                10.625,
                12.916666666666668,
                14.583333333333334,
                12.083333333333334,
                6.458333333333334,
                6.25,
                4.375,
                4.791666666666667,
                2.5,
                2.9166666666666665,
                1.0416666666666665,
                4.166666666666666,
                4.166666666666666,
                4.583333333333333,
                5.625,
                8.125,
                6.875000000000001,
                6.875000000000001,
                2.7083333333333335,
                2.7083333333333335,
                2.7083333333333335,
                1.0416666666666665,
                1.0416666666666665,
                1.0416666666666665,
                0.0,
                0.0,
                0.0,
                0.0,
                0.0,
                0.0,
                0.0,
                0.0,
                0.0,
                0.0,
                0.0,
                0.0,
                0.0,
                0.0,
                0.0,
                0.0,
                0.0,
                0.0,
                0.0,
                0.0,
                0.0,
                0.0,
                0.0,
                0.0,
                0.0,
                0.0,
                0.0,
                0.0,
                0.0,
                0.0,
                0.0,
                0.0,
                0.0,
                0.0,
                0.0,
                0.0,
                0.0,
                0.0,
                0.0,
                0.0,
                0.0,
                0.0,
                0.0,
                0.0,
                0.0,
                0.0,
                0.0,
                0.0,
                0.0,
                0.0,
                0.0,
                0.0,
                0.0,
                0.0,
                0.0,
                0.0,
                0.0,
                0.0,
                0.0,
                0.0,
                0.0,
                0.0,
                0.0,
                0.0,
                0.0,
                0.0,
                0.0,
                0.0,
                0.0,
                0.0,
                0.0,
                0.0,
                0.0,
                0.0,
                0.0,
                0.0,
                0.0,
                0.0,
                0.0,
                0.0,
                0.0,
                0.0,
                0.0,
                0.0,
                0.0,
                0.0,
                0.0,
                0.0,
                0.0,
                0.0,
                0.0,
                0.0,
                0.0,
                0.0,
                0.0,
                0.0,
                0.0,
                0.0,
                0.0,
                0.0,
                0.0,
                0.0,
                0.0,
                0.0
            ],
            "2": [
                67.29166666666667,
                68.95833333333333,
                68.125,
                66.45833333333333,
                66.66666666666666,
                63.33333333333333,
                56.25,
                52.29166666666667,
                48.75,
                48.75,
                49.166666666666664,
                46.25,
                45.83333333333333,
                45.83333333333333,
                48.75,
                48.75,
                46.875,
                46.041666666666664,
                44.583333333333336,
                46.041666666666664,
                47.5,
                50.208333333333336,
                44.79166666666667,
                48.333333333333336,
                47.91666666666667,
                47.708333333333336,
                52.708333333333336,
                52.708333333333336,
                54.37499999999999,
                50.625,
                56.25,
                60.83333333333333,
                60.62499999999999,
                50.208333333333336,
                48.75,
                51.24999999999999,
                53.541666666666664,
                54.58333333333333,
                52.916666666666664,
                47.708333333333336,
                47.083333333333336,
                53.75,
                58.958333333333336,
                58.75,
                61.875,
                61.66666666666667,
                63.541666666666664,
                62.083333333333336,
                65.41666666666667,
                63.33333333333333,
                63.125,
                64.79166666666667,
                63.33333333333333,
                63.541666666666664,
                63.541666666666664,
                63.74999999999999,
                65.41666666666667,
                63.74999999999999,
                63.74999999999999,
                60.62499999999999,
                60.62499999999999,
                59.583333333333336,
                59.583333333333336,
                59.583333333333336,
                56.458333333333336,
                54.58333333333333,
                56.875,
                55.41666666666667,
                51.041666666666664,
                48.125,
                48.125,
                44.583333333333336,
                43.125,
                41.875,
                35.208333333333336,
                31.874999999999996,
                27.083333333333332,
                25.416666666666664,
                22.083333333333332,
                22.083333333333332,
                22.083333333333332,
                18.75,
                18.75,
                15.833333333333332,
                14.583333333333334,
                14.583333333333334,
                13.541666666666666,
                13.541666666666666,
                11.875,
                8.958333333333334,
                6.458333333333334,
                5.208333333333334,
                5.208333333333334,
                5.208333333333334,
                2.9166666666666665,
                2.9166666666666665,
                1.6666666666666667,
                1.6666666666666667,
                1.6666666666666667,
                0.0,
                0.0,
                0.0,
                0.0,
                0.0,
                0.0,
                0.0,
                0.0,
                0.0,
                0.0,
                0.0,
                0.0,
                0.0,
                0.0,
                0.0,
                0.0,
                0.0,
                0.0,
                0.0,
                0.0,
                0.0,
                0.0,
                0.0,
                0.0,
                0.0,
                0.0,
                0.0,
                0.0,
                0.0,
                0.0,
                0.0,
                0.0,
                0.0,
                0.0,
                0.0,
                0.0,
                0.0,
                0.0,
                0.0,
                0.0,
                0.0,
                0.0,
                0.0,
                0.0,
                0.0,
                0.0,
                0.0,
                0.0,
                0.0,
                0.0,
                0.0
            ],
            "3": [
                14.374999999999998,
                12.916666666666668,
                14.374999999999998,
                15.833333333333332,
                17.291666666666668,
                20.208333333333332,
                27.083333333333332,
                31.458333333333332,
                34.375,
                34.375,
                36.25,
                37.291666666666664,
                38.54166666666667,
                38.54166666666667,
                35.208333333333336,
                35.208333333333336,
                36.25,
                37.708333333333336,
                39.166666666666664,
                38.54166666666667,
                37.083333333333336,
                34.375,
                38.75,
                37.291666666666664,
                35.625,
                35.625,
                37.291666666666664,
                37.291666666666664,
                39.166666666666664,
                38.75,
                38.75,
                34.375,
                36.041666666666664,
                40.625,
                43.125,
                43.125,
                39.791666666666664,
                35.833333333333336,
                36.25,
                34.375,
                34.791666666666664,
                30.208333333333332,
                28.958333333333336,
                28.749999999999996,
                25.833333333333336,
                26.041666666666668,
                25.624999999999996,
                24.583333333333332,
                24.583333333333332,
                25.208333333333332,
                23.75,
                23.75,
                24.791666666666668,
                25.208333333333332,
                24.166666666666668,
                24.791666666666668,
                24.791666666666668,
                26.041666666666668,
                24.583333333333332,
                26.666666666666668,
                28.749999999999996,
                29.791666666666668,
                29.791666666666668,
                29.791666666666668,
                32.083333333333336,
                33.958333333333336,
                31.874999999999996,
                31.874999999999996,
                30.208333333333332,
                30.208333333333332,
                28.541666666666664,
                26.041666666666668,
                25.0,
                22.916666666666664,
                22.916666666666664,
                18.125,
                15.833333333333332,
                15.833333333333332,
                14.791666666666666,
                14.791666666666666,
                13.125,
                9.375,
                9.375,
                9.375,
                7.083333333333333,
                5.0,
                5.0,
                5.0,
                3.3333333333333335,
                3.3333333333333335,
                2.083333333333333,
                2.083333333333333,
                0.0,
                0.0,
                0.0,
                0.0,
                0.0,
                0.0,
                0.0,
                0.0,
                0.0,
                0.0,
                0.0,
                0.0,
                0.0,
                0.0,
                0.0,
                0.0,
                0.0,
                0.0,
                0.0,
                0.0,
                0.0,
                0.0,
                0.0,
                0.0,
                0.0,
                0.0,
                0.0,
                0.0,
                0.0,
                0.0,
                0.0,
                0.0,
                0.0,
                0.0,
                0.0,
                0.0,
                0.0,
                0.0,
                0.0,
                0.0,
                0.0,
                0.0,
                0.0,
                0.0,
                0.0,
                0.0,
                0.0,
                0.0,
                0.0,
                0.0,
                0.0,
                0.0,
                0.0,
                0.0,
                0.0,
                0.0,
                0.0,
                0.0
            ],
            "overall": [
                89.16666666666667,
                96.875,
                89.375,
                89.58333333333333,
                92.70833333333333,
                92.49999999999999,
                94.79166666666666,
                96.25,
                93.75,
                99.375,
                98.125,
                94.375,
                98.95833333333334,
                97.08333333333333,
                94.58333333333334,
                96.45833333333334,
                93.125,
                97.70833333333334,
                98.125,
                98.33333333333334,
                97.29166666666666,
                95.20833333333334,
                94.16666666666667,
                98.54166666666666,
                99.16666666666667,
                96.45833333333334,
                97.5,
                97.29166666666666,
                98.95833333333331,
                95.20833333333334,
                98.54166666666666,
                99.16666666666666,
                98.75,
                96.04166666666667,
                96.04166666666666,
                98.95833333333333,
                98.95833333333333,
                98.54166666666666,
                96.04166666666666,
                88.95833333333334,
                84.58333333333334,
                86.66666666666667,
                90.625,
                88.54166666666666,
                88.75,
                88.75,
                89.16666666666666,
                86.66666666666667,
                90.0,
                88.54166666666666,
                86.875,
                88.54166666666667,
                88.125,
                88.75,
                87.70833333333333,
                88.54166666666666,
                90.20833333333334,
                89.79166666666666,
                88.33333333333333,
                87.29166666666666,
                89.37499999999999,
                89.375,
                89.375,
                89.375,
                88.54166666666667,
                88.54166666666666,
                88.75,
                87.29166666666667,
                81.25,
                78.33333333333333,
                76.66666666666666,
                70.625,
                68.125,
                64.79166666666666,
                58.125,
                50.0,
                42.916666666666664,
                41.25,
                36.875,
                36.875,
                35.20833333333333,
                28.125,
                28.125,
                25.208333333333332,
                21.666666666666668,
                19.583333333333336,
                18.541666666666664,
                18.541666666666664,
                15.208333333333334,
                12.291666666666668,
                8.541666666666668,
                7.291666666666667,
                5.208333333333334,
                5.208333333333334,
                2.9166666666666665,
                2.9166666666666665,
                1.6666666666666667,
                1.6666666666666667,
                1.6666666666666667,
                0.0,
                0.0,
                0.0,
                0.0,
                0.0,
                0.0,
                0.0,
                0.0,
                0.0,
                0.0,
                0.0,
                0.0,
                0.0,
                0.0,
                0.0,
                0.0,
                0.0,
                0.0,
                0.0,
                0.0,
                0.0,
                0.0,
                0.0,
                0.0,
                0.0,
                0.0,
                0.0,
                0.0,
                0.0,
                0.0,
                0.0,
                0.0,
                0.0,
                0.0,
                0.0,
                0.0,
                0.0,
                0.0,
                0.0,
                0.0,
                0.0,
                0.0,
                0.0,
                0.0,
                0.0,
                0.0,
                0.0,
                0.0,
                0.0,
                0.0,
                0.0
            ]
        },
        "lWaitAndOverdue": [
            [
                0,
                3,
                53,
                39
            ],
            [
                0,
                2,
                0,
                0
            ],
            [
                0,
                2,
                1,
                0
            ],
            [
                0,
                3,
                57,
                43
            ],
            [
                0,
                3,
                58,
                44
            ],
            [
                0,
                3,
                58,
                44
            ],
            [
                1,
                3,
                51,
                37
            ],
            [
                1,
                2,
                0,
                0
            ],
            [
                1,
                2,
                0,
                0
            ],
            [
                1,
                2,
                0,
                0
            ],
            [
                1,
                4,
                83,
                55
            ],
            [
                1,
                2,
                0,
                0
            ],
            [
                1,
                3,
                41,
                27
            ],
            [
                2,
                4,
                41,
                13
            ],
            [
                2,
                2,
                2,
                0
            ],
            [
                2,
                3,
                44,
                30
            ],
            [
                2,
                2,
                2,
                0
            ],
            [
                2,
                3,
                34,
                20
            ],
            [
                2,
                3,
                23,
                9
            ],
            [
                3,
                2,
                4,
                0
            ],
            [
                3,
                4,
                11,
                0
            ],
            [
                3,
                3,
                54,
                40
            ],
            [
                3,
                2,
                0,
                0
            ],
            [
                3,
                4,
                74,
                46
            ],
            [
                3,
                3,
                57,
                43
            ],
            [
                4,
                3,
                55,
                41
            ],
            [
                4,
                3,
                45,
                31
            ],
            [
                4,
                3,
                59,
                45
            ],
            [
                4,
                3,
                35,
                21
            ],
            [
                5,
                3,
                46,
                32
            ],
            [
                5,
                2,
                1,
                0
            ],
            [
                5,
                2,
                2,
                0
            ],
            [
                5,
                2,
                0,
                0
            ],
            [
                6,
                2,
                0,
                0
            ],
            [
                6,
                2,
                0,
                0
            ],
            [
                6,
                1,
                0,
                0
            ],
            [
                6,
                4,
                37,
                9
            ],
            [
                7,
                3,
                51,
                37
            ],
            [
                7,
                3,
                51,
                37
            ],
            [
                7,
                2,
                0,
                0
            ],
            [
                7,
                4,
                35,
                7
            ],
            [
                7,
                3,
                40,
                26
            ],
            [
                7,
                3,
                54,
                40
            ],
            [
                7,
                2,
                0,
                0
            ],
            [
                7,
                3,
                48,
                34
            ],
            [
                7,
                2,
                1,
                0
            ],
            [
                7,
                2,
                2,
                0
            ],
            [
                7,
                2,
                1,
                0
            ],
            [
                7,
                3,
                61,
                47
            ],
            [
                8,
                4,
                35,
                7
            ],
            [
                8,
                3,
                26,
                12
            ],
            [
                8,
                2,
                0,
                0
            ],
            [
                8,
                2,
                4,
                0
            ],
            [
                8,
                3,
                28,
                14
            ],
            [
                9,
                4,
                20,
                0
            ],
            [
                9,
                2,
                3,
                0
            ],
            [
                9,
                3,
                55,
                41
            ],
            [
                9,
                2,
                3,
                0
            ],
            [
                9,
                2,
                0,
                0
            ],
            [
                9,
                2,
                0,
                0
            ],
            [
                9,
                2,
                4,
                0
            ],
            [
                9,
                2,
                4,
                0
            ],
            [
                9,
                2,
                3,
                0
            ],
            [
                10,
                2,
                2,
                0
            ],
            [
                10,
                4,
                59,
                31
            ],
            [
                10,
                2,
                2,
                0
            ],
            [
                10,
                4,
                49,
                21
            ],
            [
                10,
                3,
                35,
                21
            ],
            [
                11,
                4,
                31,
                3
            ],
            [
                11,
                2,
                0,
                0
            ],
            [
                11,
                2,
                2,
                0
            ],
            [
                11,
                2,
                1,
                0
            ],
            [
                11,
                4,
                31,
                3
            ],
            [
                11,
                3,
                50,
                36
            ],
            [
                12,
                2,
                1,
                0
            ],
            [
                12,
                3,
                33,
                19
            ],
            [
                12,
                3,
                34,
                20
            ],
            [
                12,
                3,
                50,
                36
            ],
            [
                12,
                4,
                30,
                2
            ],
            [
                13,
                3,
                54,
                40
            ],
            [
                13,
                4,
                21,
                0
            ],
            [
                14,
                3,
                31,
                17
            ],
            [
                14,
                2,
                0,
                0
            ],
            [
                14,
                2,
                3,
                0
            ],
            [
                14,
                4,
                49,
                21
            ],
            [
                14,
                3,
                21,
                7
            ],
            [
                14,
                2,
                0,
                0
            ],
            [
                14,
                2,
                4,
                0
            ],
            [
                14,
                2,
                0,
                0
            ],
            [
                15,
                3,
                30,
                16
            ],
            [
                15,
                4,
                30,
                2
            ],
            [
                15,
                2,
                2,
                0
            ],
            [
                15,
                2,
                2,
                0
            ],
            [
                15,
                3,
                30,
                16
            ],
            [
                15,
                2,
                0,
                0
            ],
            [
                15,
                2,
                0,
                0
            ],
            [
                15,
                3,
                52,
                38
            ],
            [
                16,
                3,
                20,
                6
            ],
            [
                16,
                4,
                36,
                8
            ],
            [
                16,
                4,
                30,
                2
            ],
            [
                16,
                3,
                55,
                41
            ],
            [
                16,
                3,
                22,
                8
            ],
            [
                16,
                2,
                2,
                0
            ],
            [
                17,
                3,
                29,
                15
            ],
            [
                17,
                2,
                0,
                0
            ],
            [
                18,
                4,
                40,
                12
            ],
            [
                18,
                2,
                0,
                0
            ],
            [
                18,
                2,
                4,
                0
            ],
            [
                18,
                2,
                5,
                1
            ],
            [
                18,
                2,
                1,
                0
            ],
            [
                18,
                4,
                33,
                5
            ],
            [
                19,
                4,
                33,
                5
            ],
            [
                19,
                4,
                39,
                11
            ],
            [
                19,
                4,
                34,
                6
            ],
            [
                19,
                3,
                27,
                13
            ],
            [
                19,
                2,
                4,
                0
            ],
            [
                19,
                3,
                31,
                17
            ],
            [
                20,
                2,
                2,
                0
            ],
            [
                20,
                2,
                1,
                0
            ],
            [
                20,
                3,
                39,
                25
            ],
            [
                21,
                2,
                2,
                0
            ],
            [
                21,
                2,
                3,
                1
            ],
            [
                21,
                2,
                3,
                1
            ],
            [
                21,
                1,
                3,
                3
            ],
            [
                21,
                2,
                16,
                14
            ],
            [
                21,
                2,
                3,
                1
            ],
            [
                22,
                3,
                48,
                34
            ],
            [
                22,
                3,
                40,
                26
            ],
            [
                22,
                4,
                22,
                0
            ],
            [
                22,
                3,
                40,
                26
            ],
            [
                22,
                2,
                2,
                0
            ],
            [
                22,
                4,
                41,
                13
            ],
            [
                23,
                4,
                42,
                14
            ],
            [
                23,
                2,
                1,
                0
            ],
            [
                23,
                4,
                41,
                13
            ],
            [
                23,
                4,
                42,
                14
            ],
            [
                23,
                4,
                48,
                20
            ],
            [
                24,
                3,
                47,
                33
            ],
            [
                24,
                4,
                49,
                21
            ],
            [
                24,
                3,
                49,
                35
            ],
            [
                24,
                3,
                26,
                12
            ],
            [
                24,
                4,
                52,
                24
            ],
            [
                24,
                4,
                49,
                21
            ],
            [
                24,
                3,
                53,
                39
            ],
            [
                24,
                2,
                0,
                0
            ],
            [
                24,
                2,
                17,
                13
            ],
            [
                25,
                3,
                50,
                36
            ],
            [
                25,
                4,
                46,
                18
            ],
            [
                25,
                4,
                53,
                25
            ],
            [
                25,
                4,
                50,
                22
            ],
            [
                25,
                4,
                53,
                25
            ],
            [
                25,
                2,
                2,
                0
            ],
            [
                26,
                2,
                2,
                0
            ],
            [
                26,
                4,
                23,
                0
            ],
            [
                26,
                2,
                3,
                1
            ],
            [
                26,
                4,
                55,
                27
            ],
            [
                27,
                2,
                8,
                6
            ],
            [
                27,
                3,
                19,
                5
            ],
            [
                27,
                3,
                27,
                13
            ],
            [
                28,
                3,
                19,
                5
            ],
            [
                28,
                3,
                53,
                39
            ],
            [
                28,
                2,
                1,
                0
            ],
            [
                28,
                4,
                53,
                25
            ],
            [
                28,
                4,
                54,
                26
            ],
            [
                28,
                3,
                54,
                40
            ],
            [
                28,
                2,
                4,
                0
            ],
            [
                28,
                4,
                18,
                0
            ],
            [
                29,
                3,
                53,
                39
            ],
            [
                29,
                2,
                12,
                8
            ],
            [
                29,
                3,
                53,
                39
            ],
            [
                29,
                2,
                4,
                0
            ],
            [
                29,
                2,
                6,
                2
            ],
            [
                29,
                2,
                11,
                7
            ],
            [
                29,
                2,
                13,
                9
            ]
        ],
        "lWaitDayByPriority": [
            4321,
            3,
            188,
            2458,
            1672
        ],
        "objval": 2368.7424162125417,
        "std_occupancy": 43.579396841735964
    },
    "runtime": 5.943634986877441,
    "simdays": 150,
    "solver": "online_prediction"
}