{
    "arrivalrate": 6.0,
    "ins_name": 180,
    "ins_path": null,
    "lNoNewPatients": [
        183,
        2,
        73,
        66,
        42
    ],
    "lNoPatients": [
        327,
        2,
        76,
        160,
        89
    ],
    "lNoSections": [
        2539,
        11,
        219,
        1489,
        820
    ],
    "mipgap": 1.0,
    "noLinacs": 4,
    "noSlotsPerDay": 120,
    "planningHorizon": 80,
    "runresult": {
        "avg_occupancy": 47.136111111111106,
        "feasibility": true,
        "lAvgLateDayByPriority": [
            17.08743169398907,
            14.5,
            16.63013698630137,
            21.71212121212121,
            10.738095238095237
        ],
        "lAvgWaitDayByPriority": [
            29.103825136612024,
            14.5,
            19.26027397260274,
            35.06060606060606,
            37.54761904761905
        ],
        "lLateDayByPriority": [
            3127,
            29,
            1214,
            1433,
            451
        ],
        "lOccupancy": {
            "0": [
                0.0,
                0.0,
                0.0,
                0.0,
                0.0,
                0.0,
                0.0,
                0.0,
                0.0,
                0.0,
                0.0,
                0.0,
                1.25,
                0.0,
                0.0,
                0.0,
                0.0,
                0.0,
                0.0,
                0.0,
                0.0,
                0.0,
                0.0,
                0.0,
                0.0,
                0.0,
                0.0,
                0.0,
                0.0,
                0.0,
                0.0,
                0.0,
                0.0,
                0.0,
                0.0,
                0.0,
                0.0,
                0.0,
                0.0,
                0.0,
                0.0,
                0.0,
                0.0,
                0.0,
                0.0,
                1.0416666666666665,
                1.0416666666666665,
                1.0416666666666665,
                1.0416666666666665,
                1.0416666666666665,
                1.0416666666666665,
                1.0416666666666665,
                1.0416666666666665,
                1.0416666666666665,
                1.0416666666666665,
                0.0,
                0.0,
                0.0,
                0.0,
                0.0,
                0.0,
                0.0,
                0.0,
                0.0,
                0.0,
                0.0,
                0.0,
                0.0,
                0.0,
                0.0,
                0.0,
                0.0,
                0.0,
                0.0,
                0.0,
                0.0,
                0.0,
                0.0,
                0.0,
                0.0,
                0.0,
                0.0,
                0.0,
                0.0,
                0.0,
                0.0,
                0.0,
                0.0,
                0.0,
                0.0,
                0.0,
                0.0,
                0.0,
                0.0,
                0.0,
                0.0,
                0.0,
                0.0,
                0.0,
                0.0,
                0.0,
                0.0,
                0.0,
                0.0,
                0.0,
                0.0,
                0.0,
                0.0,
                0.0,
                0.0,
                0.0,
                0.0,
                0.0,
                0.0,
                0.0,
                0.0,
                0.0,
                0.0,
                0.0,
                0.0,
                0.0,
                0.0,
                0.0,
                0.0,
                0.0,
                0.0,
                0.0,
                0.0,
                0.0,
                0.0,
                0.0,
                0.0,
                0.0,
                0.0,
                0.0,
                0.0,
                0.0,
                0.0,
                0.0,
                0.0,
                0.0,
                0.0,
                0.0,
                0.0,
                0.0,
                0.0,
                0.0,
                0.0,
                0.0,
                0.0
            ],
            "1": [
                8.75,
                5.833333333333333,
                9.583333333333334,
                6.875000000000001,
                6.875000000000001,
                7.5,
                5.833333333333333,
                4.166666666666666,
                2.7083333333333335,
                4.583333333333333,
                3.958333333333333,
                5.208333333333334,
                2.2916666666666665,
                3.958333333333333,
                3.125,
                3.3333333333333335,
                3.3333333333333335,
                3.3333333333333335,
                4.166666666666666,
                3.125,
                3.125,
                3.125,
                3.125,
                4.375,
                3.125,
                4.166666666666666,
                5.416666666666667,
                4.583333333333333,
                4.583333333333333,
                2.9166666666666665,
                5.208333333333334,
                5.208333333333334,
                5.416666666666667,
                3.958333333333333,
                4.791666666666667,
                7.708333333333334,
                7.708333333333334,
                6.666666666666667,
                7.916666666666666,
                6.25,
                8.125,
                11.25,
                11.458333333333332,
                10.625,
                10.416666666666668,
                11.666666666666666,
                8.541666666666666,
                7.5,
                7.708333333333334,
                9.375,
                8.125,
                8.125,
                8.125,
                10.0,
                8.333333333333332,
                13.958333333333334,
                6.666666666666667,
                6.666666666666667,
                0.0,
                0.0,
                0.0,
                0.0,
                0.0,
                0.0,
                0.0,
                0.0,
                0.0,
                0.0,
                0.0,
                0.0,
                0.0,
                0.0,
                0.0,
                0.0,
                0.0,
                0.0,
                0.0,
                0.0,
                0.0,
                0.0,
                0.0,
                0.0,
                0.0,
                0.0,
                0.0,
                0.0,
                0.0,
                0.0,
                0.0,
                0.0,
                0.0,
                0.0,
                0.0,
                0.0,
                0.0,
                0.0,
                0.0,
                0.0,
                0.0,
                0.0,
                0.0,
                0.0,
                0.0,
                0.0,
                0.0,
                0.0,
                0.0,
                0.0,
                0.0,
                0.0,
                0.0,
                0.0,
                0.0,
                0.0,
                0.0,
                0.0,
                0.0,
                0.0,
                0.0,
                0.0,
                0.0,
                0.0,
                0.0,
                0.0,
                0.0,
                0.0,
                0.0,
                0.0,
                0.0,
                0.0,
                0.0,
                0.0,
                0.0,
                0.0,
                0.0,
                0.0,
                0.0,
                0.0,
                0.0,
                0.0,
                0.0,
                0.0,
                0.0,
                0.0,
                0.0,
                0.0,
                0.0,
                0.0,
                0.0,
                0.0
            ],
            "2": [
                68.75,
                70.625,
                68.54166666666667,
                68.125,
                66.25,
                68.75,
                66.45833333333333,
                62.5,
                61.875,
                59.583333333333336,
                56.666666666666664,
                53.333333333333336,
                51.87500000000001,
                53.541666666666664,
                55.41666666666667,
                56.666666666666664,
                56.666666666666664,
                56.875,
                55.41666666666667,
                53.541666666666664,
                53.333333333333336,
                54.79166666666667,
                57.291666666666664,
                55.833333333333336,
                60.0,
                56.666666666666664,
                58.333333333333336,
                56.041666666666664,
                56.041666666666664,
                54.37499999999999,
                51.66666666666667,
                56.25,
                57.91666666666667,
                56.25,
                60.416666666666664,
                58.958333333333336,
                57.70833333333333,
                58.958333333333336,
                62.083333333333336,
                62.5,
                61.04166666666667,
                59.583333333333336,
                59.375,
                59.375,
                59.375,
                59.166666666666664,
                61.04166666666667,
                62.708333333333336,
                62.708333333333336,
                60.83333333333333,
                59.166666666666664,
                59.166666666666664,
                57.49999999999999,
                54.79166666666667,
                54.79166666666667,
                52.916666666666664,
                54.79166666666667,
                54.79166666666667,
                57.70833333333333,
                57.70833333333333,
                58.12500000000001,
                56.666666666666664,
                55.00000000000001,
                51.66666666666667,
                48.541666666666664,
                45.416666666666664,
                39.58333333333333,
                38.125,
                34.791666666666664,
                33.125,
                33.125,
                26.666666666666668,
                26.666666666666668,
                21.875,
                20.208333333333332,
                17.291666666666668,
                17.291666666666668,
                15.625,
                15.625,
                15.625,
                15.625,
                15.625,
                15.625,
                15.625,
                12.708333333333332,
                12.708333333333332,
                10.208333333333334,
                10.208333333333334,
                7.708333333333334,
                4.791666666666667,
                3.5416666666666665,
                2.2916666666666665,
                2.2916666666666665,
                0.0,
                0.0,
                0.0,
                0.0,
                0.0,
                0.0,
                0.0,
                0.0,
                0.0,
                0.0,
                0.0,
                0.0,
                0.0,
                0.0,
                0.0,
                0.0,
                0.0,
                0.0,
                0.0,
                0.0,
                0.0,
                0.0,
                0.0,
                0.0,
                0.0,
                0.0,
                0.0,
                0.0,
                0.0,
                0.0,
                0.0,
                0.0,
                0.0,
                0.0,
                0.0,
                0.0,
                0.0,
                0.0,
                0.0,
                0.0,
                0.0,
                0.0,
                0.0,
                0.0,
                0.0,
                0.0,
                0.0,
                0.0,
                0.0,
                0.0,
                0.0,
                0.0,
                0.0,
                0.0,
                0.0,
                0.0,
                0.0
            ],
            "3": [
                14.374999999999998,
                12.916666666666668,
                14.374999999999998,
                14.374999999999998,
                15.833333333333332,
                18.75,
                25.624999999999996,
                30.0,
                34.375,
                34.375,
                38.333333333333336,
                41.041666666666664,
                42.916666666666664,
                41.458333333333336,
                39.58333333333333,
                38.125,
                38.125,
                38.125,
                39.58333333333333,
                42.5,
                41.458333333333336,
                38.54166666666667,
                38.75,
                38.75,
                35.625,
                38.125,
                35.208333333333336,
                38.54166666666667,
                38.54166666666667,
                41.041666666666664,
                41.66666666666667,
                37.708333333333336,
                36.25,
                37.916666666666664,
                32.5,
                32.5,
                32.916666666666664,
                31.874999999999996,
                28.958333333333336,
                28.958333333333336,
                29.791666666666668,
                27.916666666666668,
                27.916666666666668,
                27.916666666666668,
                27.916666666666668,
                27.291666666666664,
                27.083333333333332,
                26.25,
                26.25,
                26.666666666666668,
                27.708333333333336,
                27.708333333333336,
                27.500000000000004,
                29.791666666666668,
                31.666666666666664,
                28.125,
                30.208333333333332,
                30.208333333333332,
                30.0,
                30.208333333333332,
                29.791666666666668,
                28.541666666666664,
                27.500000000000004,
                26.458333333333332,
                26.458333333333332,
                26.458333333333332,
                25.416666666666664,
                25.416666666666664,
                23.75,
                20.416666666666668,
                20.416666666666668,
                17.708333333333336,
                17.708333333333336,
                17.708333333333336,
                16.458333333333332,
                16.458333333333332,
                15.416666666666668,
                12.916666666666668,
                9.583333333333334,
                8.541666666666666,
                6.25,
                6.25,
                6.25,
                5.208333333333334,
                5.208333333333334,
                5.208333333333334,
                2.083333333333333,
                2.083333333333333,
                2.083333333333333,
                2.083333333333333,
                2.083333333333333,
                1.0416666666666665,
                1.0416666666666665,
                0.0,
                0.0,
                0.0,
                0.0,
                0.0,
                0.0,
                0.0,
                0.0,
                0.0,
                0.0,
                0.0,
                0.0,
                0.0,
                0.0,
                0.0,
                0.0,
                0.0,
                0.0,
                0.0,
                0.0,
                0.0,
                0.0,
                0.0,
                0.0,
                0.0,
                0.0,
                0.0,
                0.0,
                0.0,
                0.0,
                0.0,
                0.0,
                0.0,
                0.0,
                0.0,
                0.0,
                0.0,
                0.0,
                0.0,
                0.0,
                0.0,
                0.0,
                0.0,
                0.0,
                0.0,
                0.0,
                0.0,
                0.0,
                0.0,
                0.0,
                0.0,
                0.0,
                0.0,
                0.0,
                0.0,
                0.0,
                0.0
            ],
            "overall": [
                91.875,
                89.375,
                92.5,
                89.375,
                88.95833333333333,
                95.0,
                97.91666666666666,
                96.66666666666667,
                98.95833333333333,
                98.54166666666667,
                98.95833333333334,
                99.58333333333334,
                98.33333333333334,
                98.95833333333334,
                98.125,
                98.125,
                98.125,
                98.33333333333334,
                99.16666666666666,
                99.16666666666666,
                97.91666666666667,
                96.45833333333334,
                99.16666666666666,
                98.95833333333334,
                98.75,
                98.95833333333333,
                98.95833333333334,
                99.16666666666667,
                99.16666666666667,
                98.33333333333331,
                98.54166666666669,
                99.16666666666667,
                99.58333333333334,
                98.125,
                97.70833333333333,
                99.16666666666667,
                98.33333333333331,
                97.5,
                98.95833333333334,
                97.70833333333334,
                98.95833333333334,
                98.75000000000001,
                98.75,
                97.91666666666667,
                97.70833333333334,
                99.16666666666666,
                97.70833333333333,
                97.5,
                97.70833333333334,
                97.91666666666667,
                96.04166666666666,
                96.04166666666666,
                94.16666666666666,
                95.62500000000001,
                95.83333333333334,
                95.0,
                91.66666666666667,
                91.66666666666667,
                87.70833333333333,
                87.91666666666666,
                87.91666666666667,
                85.20833333333333,
                82.50000000000001,
                78.125,
                75.0,
                71.875,
                65.0,
                63.541666666666664,
                58.541666666666664,
                53.54166666666667,
                53.54166666666667,
                44.375,
                44.375,
                39.583333333333336,
                36.666666666666664,
                33.75,
                32.708333333333336,
                28.541666666666668,
                25.208333333333336,
                24.166666666666664,
                21.875,
                21.875,
                21.875,
                20.833333333333336,
                17.916666666666664,
                17.916666666666664,
                12.291666666666668,
                12.291666666666668,
                9.791666666666668,
                6.875,
                5.625,
                3.333333333333333,
                3.333333333333333,
                0.0,
                0.0,
                0.0,
                0.0,
                0.0,
                0.0,
                0.0,
                0.0,
                0.0,
                0.0,
                0.0,
                0.0,
                0.0,
                0.0,
                0.0,
                0.0,
                0.0,
                0.0,
                0.0,
                0.0,
                0.0,
                0.0,
                0.0,
                0.0,
                0.0,
                0.0,
                0.0,
                0.0,
                0.0,
                0.0,
                0.0,
                0.0,
                0.0,
                0.0,
                0.0,
                0.0,
                0.0,
                0.0,
                0.0,
                0.0,
                0.0,
                0.0,
                0.0,
                0.0,
                0.0,
                0.0,
                0.0,
                0.0,
                0.0,
                0.0,
                0.0,
                0.0,
                0.0,
                0.0,
                0.0,
                0.0,
                0.0
            ]
        },
        "lWaitAndOverdue": [
            [
                0,
                3,
                7,
                0
            ],
            [
                0,
                3,
                7,
                0
            ],
            [
                0,
                2,
                0,
                0
            ],
            [
                0,
                4,
                14,
                0
            ],
            [
                0,
                2,
                1,
                0
            ],
            [
                0,
                4,
                14,
                0
            ],
            [
                0,
                2,
                2,
                0
            ],
            [
                0,
                3,
                8,
                0
            ],
            [
                0,
                2,
                2,
                0
            ],
            [
                0,
                2,
                0,
                0
            ],
            [
                0,
                3,
                10,
                0
            ],
            [
                1,
                4,
                14,
                0
            ],
            [
                1,
                3,
                7,
                0
            ],
            [
                2,
                3,
                9,
                0
            ],
            [
                2,
                3,
                15,
                1
            ],
            [
                2,
                2,
                0,
                0
            ],
            [
                2,
                3,
                27,
                13
            ],
            [
                2,
                3,
                33,
                19
            ],
            [
                2,
                2,
                1,
                0
            ],
            [
                3,
                3,
                7,
                0
            ],
            [
                3,
                3,
                18,
                4
            ],
            [
                3,
                2,
                1,
                0
            ],
            [
                3,
                2,
                0,
                0
            ],
            [
                3,
                4,
                34,
                6
            ],
            [
                3,
                2,
                0,
                0
            ],
            [
                3,
                4,
                36,
                8
            ],
            [
                3,
                4,
                39,
                11
            ],
            [
                3,
                4,
                39,
                11
            ],
            [
                4,
                3,
                38,
                24
            ],
            [
                4,
                3,
                38,
                24
            ],
            [
                4,
                3,
                38,
                24
            ],
            [
                4,
                2,
                4,
                0
            ],
            [
                5,
                3,
                36,
                22
            ],
            [
                5,
                3,
                36,
                22
            ],
            [
                5,
                2,
                0,
                0
            ],
            [
                5,
                2,
                1,
                0
            ],
            [
                5,
                3,
                36,
                22
            ],
            [
                5,
                3,
                37,
                23
            ],
            [
                5,
                3,
                38,
                24
            ],
            [
                6,
                3,
                37,
                23
            ],
            [
                6,
                2,
                3,
                1
            ],
            [
                6,
                2,
                7,
                5
            ],
            [
                6,
                2,
                3,
                1
            ],
            [
                6,
                4,
                37,
                9
            ],
            [
                7,
                2,
                8,
                6
            ],
            [
                7,
                3,
                37,
                23
            ],
            [
                7,
                4,
                36,
                8
            ],
            [
                7,
                2,
                5,
                3
            ],
            [
                7,
                3,
                37,
                23
            ],
            [
                8,
                2,
                8,
                4
            ],
            [
                8,
                3,
                39,
                25
            ],
            [
                8,
                3,
                36,
                22
            ],
            [
                8,
                2,
                14,
                10
            ],
            [
                8,
                4,
                20,
                0
            ],
            [
                8,
                3,
                39,
                25
            ],
            [
                8,
                2,
                11,
                7
            ],
            [
                8,
                4,
                40,
                12
            ],
            [
                8,
                3,
                40,
                26
            ],
            [
                8,
                3,
                41,
                27
            ],
            [
                8,
                3,
                41,
                27
            ],
            [
                8,
                3,
                41,
                27
            ],
            [
                9,
                3,
                40,
                26
            ],
            [
                9,
                3,
                40,
                26
            ],
            [
                9,
                2,
                14,
                10
            ],
            [
                9,
                2,
                14,
                10
            ],
            [
                9,
                2,
                18,
                14
            ],
            [
                9,
                2,
                24,
                20
            ],
            [
                10,
                2,
                1,
                0
            ],
            [
                10,
                1,
                2,
                2
            ],
            [
                10,
                4,
                37,
                9
            ],
            [
                10,
                3,
                38,
                24
            ],
            [
                10,
                3,
                38,
                24
            ],
            [
                10,
                2,
                17,
                15
            ],
            [
                10,
                4,
                37,
                9
            ],
            [
                10,
                3,
                38,
                24
            ],
            [
                11,
                3,
                37,
                23
            ],
            [
                11,
                2,
                1,
                0
            ],
            [
                11,
                3,
                37,
                23
            ],
            [
                12,
                2,
                16,
                14
            ],
            [
                12,
                2,
                21,
                19
            ],
            [
                12,
                2,
                20,
                18
            ],
            [
                12,
                3,
                36,
                22
            ],
            [
                13,
                4,
                35,
                7
            ],
            [
                13,
                3,
                36,
                22
            ],
            [
                13,
                2,
                29,
                25
            ],
            [
                13,
                2,
                21,
                17
            ],
            [
                13,
                3,
                39,
                25
            ],
            [
                13,
                4,
                39,
                11
            ],
            [
                14,
                2,
                21,
                17
            ],
            [
                14,
                3,
                38,
                24
            ],
            [
                14,
                2,
                19,
                15
            ],
            [
                14,
                2,
                24,
                20
            ],
            [
                14,
                2,
                39,
                35
            ],
            [
                14,
                2,
                31,
                27
            ],
            [
                14,
                2,
                31,
                27
            ],
            [
                14,
                2,
                32,
                28
            ],
            [
                14,
                2,
                24,
                20
            ],
            [
                15,
                4,
                37,
                9
            ],
            [
                15,
                2,
                21,
                19
            ],
            [
                15,
                4,
                36,
                8
            ],
            [
                15,
                3,
                37,
                23
            ],
            [
                15,
                4,
                37,
                9
            ],
            [
                15,
                2,
                30,
                28
            ],
            [
                16,
                2,
                21,
                19
            ],
            [
                16,
                2,
                22,
                20
            ],
            [
                16,
                4,
                36,
                8
            ],
            [
                16,
                3,
                41,
                27
            ],
            [
                17,
                2,
                21,
                19
            ],
            [
                17,
                3,
                41,
                27
            ],
            [
                17,
                3,
                42,
                28
            ],
            [
                17,
                3,
                40,
                26
            ],
            [
                17,
                4,
                41,
                13
            ],
            [
                18,
                3,
                41,
                27
            ],
            [
                18,
                4,
                39,
                11
            ],
            [
                18,
                3,
                34,
                20
            ],
            [
                18,
                2,
                27,
                23
            ],
            [
                18,
                2,
                32,
                28
            ],
            [
                18,
                4,
                43,
                15
            ],
            [
                18,
                3,
                43,
                29
            ],
            [
                19,
                2,
                27,
                23
            ],
            [
                19,
                2,
                33,
                29
            ],
            [
                19,
                2,
                33,
                29
            ],
            [
                19,
                3,
                39,
                25
            ],
            [
                19,
                4,
                40,
                12
            ],
            [
                20,
                2,
                30,
                28
            ],
            [
                20,
                2,
                35,
                33
            ],
            [
                20,
                3,
                39,
                25
            ],
            [
                20,
                2,
                24,
                22
            ],
            [
                20,
                2,
                35,
                33
            ],
            [
                21,
                3,
                41,
                27
            ],
            [
                21,
                3,
                41,
                27
            ],
            [
                21,
                4,
                41,
                13
            ],
            [
                21,
                4,
                42,
                14
            ],
            [
                21,
                3,
                42,
                28
            ],
            [
                21,
                3,
                43,
                29
            ],
            [
                21,
                2,
                35,
                33
            ],
            [
                21,
                3,
                42,
                28
            ],
            [
                23,
                2,
                35,
                31
            ],
            [
                23,
                4,
                41,
                13
            ],
            [
                23,
                2,
                25,
                21
            ],
            [
                23,
                2,
                41,
                37
            ],
            [
                24,
                2,
                35,
                31
            ],
            [
                24,
                2,
                12,
                8
            ],
            [
                24,
                4,
                40,
                12
            ],
            [
                24,
                4,
                41,
                13
            ],
            [
                24,
                4,
                41,
                13
            ],
            [
                24,
                4,
                41,
                13
            ],
            [
                24,
                3,
                41,
                27
            ],
            [
                24,
                2,
                26,
                22
            ],
            [
                25,
                3,
                38,
                24
            ],
            [
                25,
                2,
                24,
                22
            ],
            [
                25,
                2,
                36,
                34
            ],
            [
                25,
                3,
                38,
                24
            ],
            [
                25,
                2,
                42,
                40
            ],
            [
                25,
                2,
                38,
                36
            ],
            [
                26,
                2,
                37,
                35
            ],
            [
                26,
                1,
                27,
                27
            ],
            [
                26,
                2,
                37,
                35
            ],
            [
                26,
                2,
                30,
                28
            ],
            [
                26,
                3,
                42,
                28
            ],
            [
                26,
                3,
                42,
                28
            ],
            [
                27,
                4,
                37,
                9
            ],
            [
                27,
                3,
                41,
                27
            ],
            [
                27,
                2,
                8,
                6
            ],
            [
                27,
                4,
                41,
                13
            ],
            [
                27,
                4,
                41,
                13
            ],
            [
                28,
                2,
                22,
                18
            ],
            [
                28,
                4,
                42,
                14
            ],
            [
                28,
                4,
                42,
                14
            ],
            [
                28,
                4,
                42,
                14
            ],
            [
                28,
                3,
                42,
                28
            ],
            [
                28,
                4,
                42,
                14
            ],
            [
                28,
                3,
                42,
                28
            ],
            [
                28,
                3,
                42,
                28
            ],
            [
                28,
                4,
                43,
                15
            ],
            [
                29,
                4,
                45,
                17
            ],
            [
                29,
                3,
                45,
                31
            ],
            [
                29,
                2,
                10,
                6
            ],
            [
                29,
                2,
                34,
                30
            ],
            [
                29,
                3,
                45,
                31
            ],
            [
                29,
                4,
                45,
                17
            ],
            [
                29,
                4,
                45,
                17
            ],
            [
                29,
                4,
                45,
                17
            ]
        ],
        "lWaitDayByPriority": [
            5326,
            29,
            1406,
            2314,
            1577
        ],
        "objval": 2673.7913182707703,
        "std_occupancy": 44.73735846341344
    },
    "runtime": 0.738811731338501,
    "simdays": 150,
    "solver": "greedy"
}