{
    "arrivalrate": 6.0,
    "ins_name": 240,
    "ins_path": null,
    "lNoNewPatients": [
        190,
        2,
        82,
        59,
        47
    ],
    "lNoPatients": [
        366,
        2,
        89,
        173,
        102
    ],
    "lNoSections": [
        2353,
        11,
        243,
        1245,
        854
    ],
    "mipgap": 1.0,
    "noLinacs": 4,
    "noSlotsPerDay": 120,
    "planningHorizon": 80,
    "runresult": {
        "avg_occupancy": 51.32083333333333,
        "feasibility": true,
        "lAvgLateDayByPriority": [
            14.952631578947368,
            3.5,
            2.4878048780487805,
            31.576271186440678,
            16.319148936170212
        ],
        "lAvgWaitDayByPriority": [
            26.96315789473684,
            3.5,
            4.7317073170731705,
            45.57627118644068,
            43.38297872340426
        ],
        "lLateDayByPriority": [
            2841,
            7,
            204,
            1863,
            767
        ],
        "lOccupancy": {
            "0": [
                0.0,
                0.0,
                0.0,
                0.0,
                1.25,
                0.0,
                0.0,
                0.0,
                0.0,
                0.0,
                0.0,
                0.0,
                0.0,
                0.0,
                0.0,
                0.0,
                0.0,
                0.0,
                0.0,
                0.0,
                0.0,
                0.0,
                0.0,
                1.0416666666666665,
                1.0416666666666665,
                1.0416666666666665,
                1.0416666666666665,
                1.0416666666666665,
                1.0416666666666665,
                1.0416666666666665,
                1.0416666666666665,
                1.0416666666666665,
                1.0416666666666665,
                0.0,
                0.0,
                0.0,
                0.0,
                0.0,
                0.0,
                0.0,
                0.0,
                0.0,
                0.0,
                0.0,
                0.0,
                0.0,
                0.0,
                0.0,
                0.0,
                0.0,
                0.0,
                0.0,
                0.0,
                0.0,
                0.0,
                0.0,
                0.0,
                0.0,
                0.0,
                0.0,
                0.0,
                0.0,
                0.0,
                0.0,
                0.0,
                0.0,
                0.0,
                0.0,
                0.0,
                0.0,
                0.0,
                0.0,
                0.0,
                0.0,
                0.0,
                0.0,
                0.0,
                0.0,
                0.0,
                0.0,
                0.0,
                0.0,
                0.0,
                0.0,
                0.0,
                0.0,
                0.0,
                0.0,
                0.0,
                0.0,
                0.0,
                0.0,
                0.0,
                0.0,
                0.0,
                0.0,
                0.0,
                0.0,
                0.0,
                0.0,
                0.0,
                0.0,
                0.0,
                0.0,
                0.0,
                0.0,
                0.0,
                0.0,
                0.0,
                0.0,
                0.0,
                0.0,
                0.0,
                0.0,
                0.0,
                0.0,
                0.0,
                0.0,
                0.0,
                0.0,
                0.0,
                0.0,
                0.0,
                0.0,
                0.0,
                0.0,
                0.0,
                0.0,
                0.0,
                0.0,
                0.0,
                0.0,
                0.0,
                0.0,
                0.0,
                0.0,
                0.0,
                0.0,
                0.0,
                0.0,
                0.0,
                0.0,
                0.0,
                0.0,
                0.0,
                0.0,
                0.0,
                0.0,
                0.0,
                0.0
            ],
            "1": [
                8.541666666666666,
                7.708333333333334,
                11.666666666666666,
                6.458333333333334,
                10.208333333333334,
                7.083333333333333,
                7.083333333333333,
                11.875,
                14.166666666666666,
                14.166666666666666,
                11.666666666666666,
                13.750000000000002,
                13.125,
                11.25,
                12.083333333333334,
                9.166666666666666,
                13.958333333333334,
                12.083333333333334,
                14.374999999999998,
                11.041666666666666,
                10.625,
                13.333333333333334,
                16.25,
                12.291666666666666,
                12.291666666666666,
                11.25,
                13.958333333333334,
                8.75,
                6.875000000000001,
                3.958333333333333,
                5.208333333333334,
                5.625,
                3.75,
                10.208333333333334,
                3.958333333333333,
                2.7083333333333335,
                2.7083333333333335,
                2.7083333333333335,
                5.208333333333334,
                5.208333333333334,
                6.458333333333334,
                6.458333333333334,
                5.208333333333334,
                5.0,
                5.0,
                5.0,
                3.125,
                0.0,
                0.0,
                0.0,
                0.0,
                0.0,
                0.0,
                0.0,
                0.0,
                0.0,
                0.0,
                0.0,
                0.0,
                0.0,
                0.0,
                0.0,
                0.0,
                0.0,
                0.0,
                0.0,
                0.0,
                0.0,
                0.0,
                0.0,
                0.0,
                0.0,
                0.0,
                0.0,
                0.0,
                0.0,
                0.0,
                0.0,
                0.0,
                0.0,
                0.0,
                0.0,
                0.0,
                0.0,
                0.0,
                0.0,
                0.0,
                0.0,
                0.0,
                0.0,
                0.0,
                0.0,
                0.0,
                0.0,
                0.0,
                0.0,
                0.0,
                0.0,
                0.0,
                0.0,
                0.0,
                0.0,
                0.0,
                0.0,
                0.0,
                0.0,
                0.0,
                0.0,
                0.0,
                0.0,
                0.0,
                0.0,
                0.0,
                0.0,
                0.0,
                0.0,
                0.0,
                0.0,
                0.0,
                0.0,
                0.0,
                0.0,
                0.0,
                0.0,
                0.0,
                0.0,
                0.0,
                0.0,
                0.0,
                0.0,
                0.0,
                0.0,
                0.0,
                0.0,
                0.0,
                0.0,
                0.0,
                0.0,
                0.0,
                0.0,
                0.0,
                0.0,
                0.0,
                0.0,
                0.0,
                0.0,
                0.0,
                0.0,
                0.0,
                0.0
            ],
            "2": [
                67.5,
                66.25,
                68.125,
                69.58333333333333,
                68.54166666666667,
                61.875,
                60.0,
                57.49999999999999,
                56.25,
                50.83333333333333,
                48.95833333333333,
                48.333333333333336,
                46.875,
                47.708333333333336,
                49.166666666666664,
                49.166666666666664,
                49.375,
                50.83333333333333,
                44.166666666666664,
                46.041666666666664,
                49.791666666666664,
                49.166666666666664,
                48.125,
                45.625,
                49.375,
                47.291666666666664,
                45.416666666666664,
                49.166666666666664,
                54.79166666666667,
                56.25,
                55.833333333333336,
                55.41666666666667,
                58.54166666666667,
                47.91666666666667,
                53.125,
                55.833333333333336,
                55.208333333333336,
                57.291666666666664,
                59.375,
                59.166666666666664,
                55.625,
                58.333333333333336,
                60.20833333333333,
                60.20833333333333,
                60.0,
                60.0,
                54.79166666666667,
                51.041666666666664,
                56.041666666666664,
                57.91666666666667,
                61.25000000000001,
                60.0,
                60.20833333333333,
                60.0,
                61.66666666666667,
                58.54166666666667,
                61.66666666666667,
                63.125,
                63.33333333333333,
                65.41666666666667,
                62.5,
                62.5,
                59.583333333333336,
                57.91666666666667,
                56.458333333333336,
                55.625,
                58.54166666666667,
                57.08333333333333,
                53.541666666666664,
                55.208333333333336,
                53.75,
                52.29166666666667,
                51.041666666666664,
                46.875,
                45.625,
                41.25,
                41.25,
                41.25,
                37.916666666666664,
                36.25,
                35.0,
                33.33333333333333,
                30.0,
                26.666666666666668,
                26.666666666666668,
                22.291666666666668,
                19.375,
                18.125,
                16.458333333333332,
                13.541666666666666,
                12.291666666666666,
                10.625,
                8.333333333333332,
                8.333333333333332,
                8.333333333333332,
                8.333333333333332,
                7.083333333333333,
                5.833333333333333,
                5.833333333333333,
                2.9166666666666665,
                2.9166666666666665,
                1.6666666666666667,
                0.0,
                0.0,
                0.0,
                0.0,
                0.0,
                0.0,
                0.0,
                0.0,
                0.0,
                0.0,
                0.0,
                0.0,
                0.0,
                0.0,
                0.0,
                0.0,
                0.0,
                0.0,
                0.0,
                0.0,
                0.0,
                0.0,
                0.0,
                0.0,
                0.0,
                0.0,
                0.0,
                0.0,
                0.0,
                0.0,
                0.0,
                0.0,
                0.0,
                0.0,
                0.0,
                0.0,
                0.0,
                0.0,
                0.0,
                0.0,
                0.0,
                0.0,
                0.0,
                0.0,
                0.0,
                0.0,
                0.0,
                0.0
            ],
            "3": [
                15.416666666666668,
                15.416666666666668,
                15.833333333333332,
                14.374999999999998,
                14.374999999999998,
                21.666666666666668,
                22.916666666666664,
                25.624999999999996,
                27.083333333333332,
                32.916666666666664,
                34.375,
                35.41666666666667,
                37.291666666666664,
                38.54166666666667,
                35.208333333333336,
                35.208333333333336,
                35.208333333333336,
                33.75,
                39.166666666666664,
                41.458333333333336,
                36.875,
                36.45833333333333,
                35.208333333333336,
                40.0,
                36.666666666666664,
                38.125,
                37.708333333333336,
                39.58333333333333,
                36.25,
                36.25,
                36.25,
                36.041666666666664,
                34.375,
                40.625,
                41.041666666666664,
                39.166666666666664,
                40.416666666666664,
                38.333333333333336,
                34.375,
                35.0,
                36.25,
                33.75,
                33.75,
                32.5,
                32.708333333333336,
                29.791666666666668,
                28.333333333333332,
                27.916666666666668,
                27.916666666666668,
                28.333333333333332,
                29.375,
                28.125,
                28.125,
                27.083333333333332,
                27.083333333333332,
                27.500000000000004,
                29.166666666666668,
                28.125,
                27.291666666666664,
                25.0,
                27.083333333333332,
                27.083333333333332,
                28.333333333333332,
                29.375,
                30.416666666666664,
                31.666666666666664,
                28.541666666666664,
                29.791666666666668,
                33.125,
                32.083333333333336,
                29.791666666666668,
                27.500000000000004,
                27.500000000000004,
                26.25,
                25.208333333333332,
                23.125,
                23.125,
                21.666666666666668,
                21.666666666666668,
                20.625,
                20.625,
                17.916666666666668,
                15.0,
                11.666666666666666,
                10.625,
                8.541666666666666,
                8.541666666666666,
                8.541666666666666,
                7.5,
                4.583333333333333,
                3.3333333333333335,
                2.2916666666666665,
                1.0416666666666665,
                0.0,
                0.0,
                0.0,
                0.0,
                0.0,
                0.0,
                0.0,
                0.0,
                0.0,
                0.0,
                0.0,
                0.0,
                0.0,
                0.0,
                0.0,
                0.0,
                0.0,
                0.0,
                0.0,
                0.0,
                0.0,
                0.0,
                0.0,
                0.0,
                0.0,
                0.0,
                0.0,
                0.0,
                0.0,
                0.0,
                0.0,
                0.0,
                0.0,
                0.0,
                0.0,
                0.0,
                0.0,
                0.0,
                0.0,
                0.0,
                0.0,
                0.0,
                0.0,
                0.0,
                0.0,
                0.0,
                0.0,
                0.0,
                0.0,
                0.0,
                0.0,
                0.0,
                0.0,
                0.0,
                0.0,
                0.0,
                0.0
            ],
            "overall": [
                91.45833333333334,
                89.375,
                95.625,
                90.41666666666666,
                94.375,
                90.625,
                90.0,
                95.0,
                97.5,
                97.91666666666666,
                95.0,
                97.5,
                97.29166666666666,
                97.5,
                96.45833333333334,
                93.54166666666666,
                98.54166666666667,
                96.66666666666666,
                97.70833333333333,
                98.54166666666666,
                97.29166666666666,
                98.95833333333333,
                99.58333333333334,
                98.95833333333333,
                99.375,
                97.70833333333333,
                98.125,
                98.54166666666666,
                98.95833333333334,
                97.5,
                98.33333333333334,
                98.125,
                97.70833333333334,
                98.75,
                98.125,
                97.70833333333334,
                98.33333333333334,
                98.33333333333334,
                98.95833333333333,
                99.375,
                98.33333333333334,
                98.54166666666667,
                99.16666666666666,
                97.70833333333333,
                97.70833333333334,
                94.79166666666667,
                86.25,
                78.95833333333333,
                83.95833333333333,
                86.25,
                90.625,
                88.125,
                88.33333333333333,
                87.08333333333333,
                88.75,
                86.04166666666667,
                90.83333333333334,
                91.25,
                90.625,
                90.41666666666667,
                89.58333333333333,
                89.58333333333333,
                87.91666666666667,
                87.29166666666667,
                86.875,
                87.29166666666666,
                87.08333333333334,
                86.875,
                86.66666666666666,
                87.29166666666667,
                83.54166666666667,
                79.79166666666667,
                78.54166666666667,
                73.125,
                70.83333333333333,
                64.375,
                64.375,
                62.91666666666667,
                59.58333333333333,
                56.875,
                55.625,
                51.25,
                45.0,
                38.333333333333336,
                37.29166666666667,
                30.833333333333336,
                27.916666666666664,
                26.666666666666664,
                23.958333333333332,
                18.125,
                15.625,
                12.916666666666666,
                9.374999999999998,
                8.333333333333332,
                8.333333333333332,
                8.333333333333332,
                7.083333333333333,
                5.833333333333333,
                5.833333333333333,
                2.9166666666666665,
                2.9166666666666665,
                1.6666666666666667,
                0.0,
                0.0,
                0.0,
                0.0,
                0.0,
                0.0,
                0.0,
                0.0,
                0.0,
                0.0,
                0.0,
                0.0,
                0.0,
                0.0,
                0.0,
                0.0,
                0.0,
                0.0,
                0.0,
                0.0,
                0.0,
                0.0,
                0.0,
                0.0,
                0.0,
                0.0,
                0.0,
                0.0,
                0.0,
                0.0,
                0.0,
                0.0,
                0.0,
                0.0,
                0.0,
                0.0,
                0.0,
                0.0,
                0.0,
                0.0,
                0.0,
                0.0,
                0.0,
                0.0,
                0.0,
                0.0,
                0.0,
                0.0
            ]
        },
        "lWaitAndOverdue": [
            [
                0,
                2,
                2,
                0
            ],
            [
                0,
                2,
                2,
                0
            ],
            [
                0,
                4,
                84,
                56
            ],
            [
                0,
                2,
                1,
                0
            ],
            [
                0,
                3,
                37,
                23
            ],
            [
                0,
                4,
                45,
                17
            ],
            [
                1,
                2,
                1,
                0
            ],
            [
                1,
                3,
                45,
                31
            ],
            [
                1,
                2,
                1,
                0
            ],
            [
                1,
                3,
                45,
                31
            ],
            [
                1,
                3,
                24,
                10
            ],
            [
                1,
                2,
                0,
                0
            ],
            [
                1,
                4,
                16,
                0
            ],
            [
                2,
                3,
                64,
                50
            ],
            [
                2,
                2,
                0,
                0
            ],
            [
                2,
                4,
                76,
                48
            ],
            [
                2,
                3,
                65,
                51
            ],
            [
                2,
                3,
                68,
                54
            ],
            [
                2,
                3,
                47,
                33
            ],
            [
                2,
                3,
                68,
                54
            ],
            [
                3,
                3,
                35,
                21
            ],
            [
                3,
                3,
                54,
                40
            ],
            [
                3,
                2,
                0,
                0
            ],
            [
                3,
                2,
                4,
                0
            ],
            [
                4,
                2,
                4,
                0
            ],
            [
                4,
                2,
                0,
                0
            ],
            [
                4,
                2,
                0,
                0
            ],
            [
                4,
                1,
                0,
                0
            ],
            [
                4,
                4,
                41,
                13
            ],
            [
                5,
                3,
                59,
                45
            ],
            [
                5,
                3,
                59,
                45
            ],
            [
                5,
                2,
                2,
                0
            ],
            [
                5,
                4,
                37,
                9
            ],
            [
                5,
                3,
                43,
                29
            ],
            [
                5,
                3,
                63,
                49
            ],
            [
                6,
                2,
                0,
                0
            ],
            [
                6,
                3,
                48,
                34
            ],
            [
                6,
                2,
                1,
                0
            ],
            [
                6,
                2,
                2,
                0
            ],
            [
                6,
                2,
                1,
                0
            ],
            [
                6,
                3,
                59,
                45
            ],
            [
                7,
                4,
                34,
                6
            ],
            [
                7,
                3,
                22,
                8
            ],
            [
                7,
                2,
                0,
                0
            ],
            [
                7,
                2,
                1,
                0
            ],
            [
                7,
                3,
                30,
                16
            ],
            [
                7,
                4,
                16,
                0
            ],
            [
                8,
                2,
                1,
                0
            ],
            [
                8,
                3,
                62,
                48
            ],
            [
                8,
                2,
                0,
                0
            ],
            [
                8,
                2,
                4,
                0
            ],
            [
                8,
                2,
                1,
                0
            ],
            [
                9,
                2,
                0,
                0
            ],
            [
                9,
                2,
                3,
                0
            ],
            [
                9,
                2,
                4,
                0
            ],
            [
                9,
                2,
                3,
                0
            ],
            [
                9,
                4,
                66,
                38
            ],
            [
                9,
                2,
                3,
                0
            ],
            [
                9,
                4,
                54,
                26
            ],
            [
                9,
                3,
                41,
                27
            ],
            [
                10,
                4,
                36,
                8
            ],
            [
                10,
                2,
                1,
                0
            ],
            [
                10,
                2,
                2,
                0
            ],
            [
                10,
                2,
                2,
                0
            ],
            [
                10,
                4,
                37,
                9
            ],
            [
                10,
                3,
                60,
                46
            ],
            [
                10,
                2,
                2,
                0
            ],
            [
                10,
                3,
                37,
                23
            ],
            [
                11,
                3,
                36,
                22
            ],
            [
                11,
                3,
                64,
                50
            ],
            [
                11,
                4,
                36,
                8
            ],
            [
                11,
                3,
                63,
                49
            ],
            [
                11,
                4,
                22,
                0
            ],
            [
                12,
                3,
                37,
                23
            ],
            [
                12,
                2,
                0,
                0
            ],
            [
                12,
                2,
                1,
                0
            ],
            [
                13,
                4,
                36,
                8
            ],
            [
                13,
                3,
                21,
                7
            ],
            [
                13,
                2,
                4,
                0
            ],
            [
                13,
                2,
                1,
                0
            ],
            [
                13,
                2,
                0,
                0
            ],
            [
                13,
                3,
                34,
                20
            ],
            [
                13,
                4,
                35,
                7
            ],
            [
                14,
                2,
                4,
                0
            ],
            [
                14,
                2,
                4,
                0
            ],
            [
                14,
                3,
                38,
                24
            ],
            [
                14,
                2,
                4,
                0
            ],
            [
                14,
                2,
                0,
                0
            ],
            [
                14,
                3,
                60,
                46
            ],
            [
                15,
                3,
                21,
                7
            ],
            [
                15,
                4,
                36,
                8
            ],
            [
                15,
                4,
                35,
                7
            ],
            [
                15,
                3,
                57,
                43
            ],
            [
                15,
                3,
                21,
                7
            ],
            [
                15,
                2,
                2,
                0
            ],
            [
                16,
                3,
                34,
                20
            ],
            [
                16,
                2,
                2,
                0
            ],
            [
                16,
                4,
                41,
                13
            ],
            [
                16,
                2,
                2,
                0
            ],
            [
                16,
                2,
                3,
                1
            ],
            [
                16,
                2,
                6,
                4
            ],
            [
                16,
                2,
                1,
                0
            ],
            [
                16,
                4,
                34,
                6
            ],
            [
                16,
                4,
                36,
                8
            ],
            [
                16,
                4,
                42,
                14
            ],
            [
                16,
                4,
                36,
                8
            ],
            [
                16,
                3,
                35,
                21
            ],
            [
                17,
                2,
                5,
                3
            ],
            [
                17,
                3,
                33,
                19
            ],
            [
                17,
                2,
                5,
                3
            ],
            [
                17,
                2,
                6,
                4
            ],
            [
                17,
                3,
                33,
                19
            ],
            [
                17,
                2,
                7,
                5
            ],
            [
                18,
                2,
                5,
                1
            ],
            [
                18,
                2,
                7,
                3
            ],
            [
                18,
                1,
                7,
                7
            ],
            [
                18,
                2,
                7,
                3
            ],
            [
                18,
                2,
                11,
                7
            ],
            [
                19,
                3,
                55,
                41
            ],
            [
                19,
                3,
                31,
                17
            ],
            [
                19,
                4,
                21,
                0
            ],
            [
                19,
                3,
                40,
                26
            ],
            [
                19,
                2,
                4,
                0
            ],
            [
                20,
                4,
                39,
                11
            ],
            [
                20,
                4,
                39,
                11
            ],
            [
                20,
                2,
                7,
                5
            ],
            [
                20,
                4,
                42,
                14
            ],
            [
                20,
                4,
                43,
                15
            ],
            [
                20,
                4,
                43,
                15
            ],
            [
                21,
                3,
                44,
                30
            ],
            [
                21,
                4,
                48,
                20
            ],
            [
                21,
                3,
                50,
                36
            ],
            [
                21,
                3,
                29,
                15
            ],
            [
                21,
                4,
                51,
                23
            ],
            [
                21,
                4,
                51,
                23
            ],
            [
                22,
                3,
                51,
                37
            ],
            [
                22,
                2,
                6,
                4
            ],
            [
                22,
                2,
                6,
                4
            ],
            [
                22,
                3,
                51,
                37
            ],
            [
                22,
                4,
                56,
                28
            ],
            [
                22,
                4,
                56,
                28
            ],
            [
                22,
                4,
                57,
                29
            ],
            [
                22,
                4,
                58,
                30
            ],
            [
                23,
                2,
                5,
                1
            ],
            [
                23,
                2,
                5,
                1
            ],
            [
                23,
                4,
                27,
                0
            ],
            [
                23,
                2,
                5,
                1
            ],
            [
                23,
                4,
                60,
                32
            ],
            [
                24,
                2,
                6,
                2
            ],
            [
                24,
                3,
                27,
                13
            ],
            [
                24,
                3,
                27,
                13
            ],
            [
                25,
                3,
                25,
                11
            ],
            [
                25,
                3,
                56,
                42
            ],
            [
                25,
                2,
                1,
                0
            ],
            [
                25,
                4,
                25,
                0
            ],
            [
                25,
                4,
                57,
                29
            ],
            [
                25,
                3,
                57,
                43
            ],
            [
                25,
                2,
                3,
                1
            ],
            [
                26,
                4,
                27,
                0
            ],
            [
                26,
                3,
                55,
                41
            ],
            [
                26,
                2,
                7,
                5
            ],
            [
                26,
                3,
                56,
                42
            ],
            [
                27,
                2,
                6,
                4
            ],
            [
                27,
                2,
                8,
                6
            ],
            [
                27,
                2,
                8,
                6
            ],
            [
                27,
                2,
                8,
                6
            ],
            [
                27,
                2,
                5,
                3
            ],
            [
                27,
                2,
                15,
                13
            ],
            [
                28,
                4,
                55,
                27
            ],
            [
                28,
                4,
                56,
                28
            ],
            [
                28,
                4,
                56,
                28
            ],
            [
                28,
                3,
                56,
                42
            ],
            [
                28,
                2,
                14,
                10
            ],
            [
                28,
                2,
                14,
                10
            ],
            [
                28,
                4,
                56,
                28
            ],
            [
                28,
                3,
                56,
                42
            ],
            [
                28,
                4,
                26,
                0
            ],
            [
                28,
                3,
                57,
                43
            ],
            [
                28,
                2,
                7,
                3
            ],
            [
                29,
                3,
                56,
                42
            ],
            [
                29,
                3,
                32,
                18
            ],
            [
                29,
                2,
                20,
                16
            ],
            [
                29,
                2,
                20,
                16
            ],
            [
                29,
                2,
                6,
                2
            ],
            [
                29,
                2,
                17,
                13
            ],
            [
                29,
                2,
                20,
                16
            ],
            [
                29,
                2,
                6,
                2
            ],
            [
                29,
                3,
                56,
                42
            ],
            [
                29,
                4,
                59,
                31
            ],
            [
                29,
                2,
                24,
                20
            ]
        ],
        "lWaitDayByPriority": [
            5123,
            7,
            388,
            2689,
            2039
        ],
        "objval": 2425.159548081237,
        "std_occupancy": 43.605209017641705
    },
    "runtime": 2.755836009979248,
    "simdays": 150,
    "solver": "online_prediction"
}