{
    "arrivalrate": 6.0,
    "ins_name": 275,
    "ins_path": null,
    "lNoNewPatients": [
        161,
        2,
        68,
        49,
        42
    ],
    "lNoPatients": [
        348,
        2,
        77,
        169,
        100
    ],
    "lNoSections": [
        2074,
        11,
        217,
        1090,
        756
    ],
    "mipgap": 1.0,
    "noLinacs": 4,
    "noSlotsPerDay": 120,
    "planningHorizon": 80,
    "runresult": {
        "avg_occupancy": 50.475,
        "feasibility": true,
        "lAvgLateDayByPriority": [
            23.956521739130434,
            21.5,
            23.397058823529413,
            28.571428571428573,
            19.595238095238095
        ],
        "lAvgWaitDayByPriority": [
            35.95652173913044,
            21.5,
            25.764705882352942,
            41.57142857142857,
            46.595238095238095
        ],
        "lLateDayByPriority": [
            3857,
            43,
            1591,
            1400,
            823
        ],
        "lOccupancy": {
            "0": [
                0.0,
                1.25,
                0.0,
                0.0,
                0.0,
                0.0,
                0.0,
                0.0,
                0.0,
                0.0,
                0.0,
                0.0,
                0.0,
                0.0,
                0.0,
                0.0,
                0.0,
                0.0,
                0.0,
                0.0,
                0.0,
                0.0,
                0.0,
                0.0,
                0.0,
                0.0,
                0.0,
                0.0,
                0.0,
                0.0,
                0.0,
                0.0,
                0.0,
                0.0,
                0.0,
                0.0,
                0.0,
                0.0,
                0.0,
                0.0,
                0.0,
                0.0,
                0.0,
                0.0,
                0.0,
                0.0,
                0.0,
                0.0,
                1.0416666666666665,
                1.0416666666666665,
                1.0416666666666665,
                1.0416666666666665,
                1.0416666666666665,
                1.0416666666666665,
                1.0416666666666665,
                1.0416666666666665,
                1.0416666666666665,
                1.0416666666666665,
                0.0,
                0.0,
                0.0,
                0.0,
                0.0,
                0.0,
                0.0,
                0.0,
                0.0,
                0.0,
                0.0,
                0.0,
                0.0,
                0.0,
                0.0,
                0.0,
                0.0,
                0.0,
                0.0,
                0.0,
                0.0,
                0.0,
                0.0,
                0.0,
                0.0,
                0.0,
                0.0,
                0.0,
                0.0,
                0.0,
                0.0,
                0.0,
                0.0,
                0.0,
                0.0,
                0.0,
                0.0,
                0.0,
                0.0,
                0.0,
                0.0,
                0.0,
                0.0,
                0.0,
                0.0,
                0.0,
                0.0,
                0.0,
                0.0,
                0.0,
                0.0,
                0.0,
                0.0,
                0.0,
                0.0,
                0.0,
                0.0,
                0.0,
                0.0,
                0.0,
                0.0,
                0.0,
                0.0,
                0.0,
                0.0,
                0.0,
                0.0,
                0.0,
                0.0,
                0.0,
                0.0,
                0.0,
                0.0,
                0.0,
                0.0,
                0.0,
                0.0,
                0.0,
                0.0,
                0.0,
                0.0,
                0.0,
                0.0,
                0.0,
                0.0,
                0.0,
                0.0,
                0.0,
                0.0,
                0.0,
                0.0,
                0.0
            ],
            "1": [
                14.374999999999998,
                10.208333333333334,
                11.666666666666666,
                12.708333333333332,
                13.750000000000002,
                11.458333333333332,
                4.583333333333333,
                4.583333333333333,
                3.125,
                4.166666666666666,
                2.2916666666666665,
                2.2916666666666665,
                2.2916666666666665,
                3.958333333333333,
                2.9166666666666665,
                1.6666666666666667,
                1.6666666666666667,
                1.6666666666666667,
                1.6666666666666667,
                4.166666666666666,
                4.166666666666666,
                3.3333333333333335,
                1.6666666666666667,
                3.3333333333333335,
                1.6666666666666667,
                4.166666666666666,
                4.791666666666667,
                3.5416666666666665,
                2.7083333333333335,
                2.7083333333333335,
                2.7083333333333335,
                2.7083333333333335,
                2.7083333333333335,
                1.6666666666666667,
                1.6666666666666667,
                2.9166666666666665,
                2.9166666666666665,
                2.9166666666666665,
                2.9166666666666665,
                2.9166666666666665,
                2.9166666666666665,
                6.25,
                6.25,
                7.5,
                13.958333333333334,
                9.583333333333334,
                10.833333333333334,
                9.166666666666666,
                9.166666666666666,
                9.166666666666666,
                12.083333333333334,
                8.125,
                8.125,
                9.791666666666666,
                9.791666666666666,
                8.541666666666666,
                7.708333333333334,
                5.0,
                5.833333333333333,
                7.708333333333334,
                8.125,
                6.875000000000001,
                6.875000000000001,
                6.875000000000001,
                6.875000000000001,
                2.2916666666666665,
                1.0416666666666665,
                0.0,
                0.0,
                0.0,
                0.0,
                0.0,
                0.0,
                0.0,
                0.0,
                0.0,
                0.0,
                0.0,
                0.0,
                0.0,
                0.0,
                0.0,
                0.0,
                0.0,
                0.0,
                0.0,
                0.0,
                0.0,
                0.0,
                0.0,
                0.0,
                0.0,
                0.0,
                0.0,
                0.0,
                0.0,
                0.0,
                0.0,
                0.0,
                0.0,
                0.0,
                0.0,
                0.0,
                0.0,
                0.0,
                0.0,
                0.0,
                0.0,
                0.0,
                0.0,
                0.0,
                0.0,
                0.0,
                0.0,
                0.0,
                0.0,
                0.0,
                0.0,
                0.0,
                0.0,
                0.0,
                0.0,
                0.0,
                0.0,
                0.0,
                0.0,
                0.0,
                0.0,
                0.0,
                0.0,
                0.0,
                0.0,
                0.0,
                0.0,
                0.0,
                0.0,
                0.0,
                0.0,
                0.0,
                0.0,
                0.0,
                0.0,
                0.0,
                0.0,
                0.0,
                0.0,
                0.0,
                0.0,
                0.0,
                0.0
            ],
            "2": [
                69.16666666666667,
                69.58333333333333,
                68.125,
                67.70833333333334,
                67.08333333333333,
                69.16666666666667,
                65.41666666666667,
                65.625,
                62.291666666666664,
                59.375,
                60.20833333333333,
                58.54166666666667,
                55.208333333333336,
                57.49999999999999,
                57.49999999999999,
                58.54166666666667,
                58.54166666666667,
                58.54166666666667,
                55.41666666666667,
                55.41666666666667,
                57.70833333333333,
                59.375,
                57.91666666666667,
                59.791666666666664,
                55.833333333333336,
                57.08333333333333,
                56.666666666666664,
                58.333333333333336,
                58.54166666666667,
                58.12500000000001,
                56.666666666666664,
                60.20833333333333,
                60.20833333333333,
                60.62499999999999,
                60.416666666666664,
                57.91666666666667,
                53.125,
                60.20833333333333,
                61.04166666666667,
                61.458333333333336,
                61.66666666666667,
                63.74999999999999,
                63.74999999999999,
                63.74999999999999,
                57.49999999999999,
                63.33333333333333,
                61.458333333333336,
                63.125,
                59.166666666666664,
                59.166666666666664,
                57.70833333333333,
                57.70833333333333,
                57.49999999999999,
                55.625,
                56.875,
                55.41666666666667,
                58.54166666666667,
                60.83333333333333,
                59.375,
                57.08333333333333,
                55.41666666666667,
                53.95833333333333,
                54.58333333333333,
                52.916666666666664,
                52.083333333333336,
                48.333333333333336,
                50.416666666666664,
                47.291666666666664,
                41.041666666666664,
                36.25,
                34.583333333333336,
                34.583333333333336,
                31.25,
                29.583333333333332,
                29.583333333333332,
                29.583333333333332,
                27.916666666666668,
                26.666666666666668,
                25.416666666666664,
                25.416666666666664,
                23.75,
                23.75,
                23.75,
                23.75,
                21.458333333333332,
                20.208333333333332,
                14.791666666666666,
                13.541666666666666,
                11.875,
                10.625,
                9.375,
                9.375,
                9.375,
                7.708333333333334,
                6.458333333333334,
                4.166666666666666,
                2.9166666666666665,
                2.9166666666666665,
                1.6666666666666667,
                0.0,
                0.0,
                0.0,
                0.0,
                0.0,
                0.0,
                0.0,
                0.0,
                0.0,
                0.0,
                0.0,
                0.0,
                0.0,
                0.0,
                0.0,
                0.0,
                0.0,
                0.0,
                0.0,
                0.0,
                0.0,
                0.0,
                0.0,
                0.0,
                0.0,
                0.0,
                0.0,
                0.0,
                0.0,
                0.0,
                0.0,
                0.0,
                0.0,
                0.0,
                0.0,
                0.0,
                0.0,
                0.0,
                0.0,
                0.0,
                0.0,
                0.0,
                0.0,
                0.0,
                0.0,
                0.0,
                0.0,
                0.0,
                0.0,
                0.0,
                0.0
            ],
            "3": [
                14.374999999999998,
                14.374999999999998,
                14.374999999999998,
                14.374999999999998,
                17.291666666666668,
                17.291666666666668,
                26.875,
                28.333333333333332,
                32.708333333333336,
                35.208333333333336,
                36.666666666666664,
                37.708333333333336,
                40.833333333333336,
                37.5,
                37.5,
                37.5,
                37.5,
                37.5,
                40.208333333333336,
                39.58333333333333,
                37.291666666666664,
                35.833333333333336,
                37.916666666666664,
                35.625,
                40.416666666666664,
                37.708333333333336,
                37.708333333333336,
                36.25,
                36.25,
                37.291666666666664,
                38.75,
                35.833333333333336,
                35.833333333333336,
                35.833333333333336,
                35.833333333333336,
                38.125,
                43.125,
                35.208333333333336,
                34.583333333333336,
                33.33333333333333,
                33.541666666666664,
                29.583333333333332,
                29.583333333333332,
                27.083333333333332,
                27.708333333333336,
                25.208333333333332,
                25.416666666666664,
                25.416666666666664,
                30.0,
                30.0,
                28.541666666666664,
                31.458333333333332,
                32.708333333333336,
                32.708333333333336,
                31.458333333333332,
                32.916666666666664,
                31.874999999999996,
                30.833333333333336,
                31.874999999999996,
                34.583333333333336,
                34.583333333333336,
                36.041666666666664,
                36.041666666666664,
                37.708333333333336,
                37.708333333333336,
                40.416666666666664,
                35.833333333333336,
                30.625000000000004,
                30.625000000000004,
                29.166666666666668,
                29.166666666666668,
                26.875,
                21.875,
                21.875,
                19.375,
                19.375,
                18.333333333333332,
                16.25,
                13.541666666666666,
                12.291666666666666,
                8.75,
                7.708333333333334,
                7.708333333333334,
                7.708333333333334,
                5.416666666666667,
                4.375,
                4.375,
                4.375,
                4.375,
                4.375,
                2.083333333333333,
                0.0,
                0.0,
                0.0,
                0.0,
                0.0,
                0.0,
                0.0,
                0.0,
                0.0,
                0.0,
                0.0,
                0.0,
                0.0,
                0.0,
                0.0,
                0.0,
                0.0,
                0.0,
                0.0,
                0.0,
                0.0,
                0.0,
                0.0,
                0.0,
                0.0,
                0.0,
                0.0,
                0.0,
                0.0,
                0.0,
                0.0,
                0.0,
                0.0,
                0.0,
                0.0,
                0.0,
                0.0,
                0.0,
                0.0,
                0.0,
                0.0,
                0.0,
                0.0,
                0.0,
                0.0,
                0.0,
                0.0,
                0.0,
                0.0,
                0.0,
                0.0,
                0.0,
                0.0,
                0.0,
                0.0,
                0.0,
                0.0,
                0.0,
                0.0
            ],
            "overall": [
                97.91666666666667,
                95.41666666666666,
                94.16666666666667,
                94.79166666666667,
                98.125,
                97.91666666666667,
                96.875,
                98.54166666666666,
                98.125,
                98.75,
                99.16666666666666,
                98.54166666666667,
                98.33333333333334,
                98.95833333333333,
                97.91666666666666,
                97.70833333333334,
                97.70833333333334,
                97.70833333333334,
                97.29166666666667,
                99.16666666666666,
                99.16666666666666,
                98.54166666666667,
                97.5,
                98.75,
                97.91666666666666,
                98.95833333333333,
                99.16666666666666,
                98.125,
                97.5,
                98.125,
                98.125,
                98.75,
                98.75,
                98.125,
                97.91666666666666,
                98.95833333333334,
                99.16666666666666,
                98.33333333333333,
                98.54166666666667,
                97.70833333333333,
                98.125,
                99.58333333333333,
                99.58333333333333,
                98.33333333333333,
                99.16666666666666,
                98.12499999999999,
                97.70833333333334,
                97.70833333333334,
                99.375,
                99.375,
                99.375,
                98.33333333333333,
                99.375,
                99.16666666666666,
                99.16666666666666,
                97.91666666666666,
                99.16666666666667,
                97.70833333333334,
                97.08333333333333,
                99.375,
                98.125,
                96.875,
                97.5,
                97.5,
                96.66666666666667,
                91.04166666666666,
                87.29166666666666,
                77.91666666666667,
                71.66666666666667,
                65.41666666666667,
                63.75,
                61.458333333333336,
                53.125,
                51.45833333333333,
                48.95833333333333,
                48.95833333333333,
                46.25,
                42.91666666666667,
                38.95833333333333,
                37.70833333333333,
                32.5,
                31.458333333333336,
                31.458333333333336,
                31.458333333333336,
                26.875,
                24.583333333333332,
                19.166666666666664,
                17.916666666666664,
                16.25,
                15.0,
                11.458333333333332,
                9.375,
                9.375,
                7.708333333333334,
                6.458333333333334,
                4.166666666666666,
                2.9166666666666665,
                2.9166666666666665,
                1.6666666666666667,
                0.0,
                0.0,
                0.0,
                0.0,
                0.0,
                0.0,
                0.0,
                0.0,
                0.0,
                0.0,
                0.0,
                0.0,
                0.0,
                0.0,
                0.0,
                0.0,
                0.0,
                0.0,
                0.0,
                0.0,
                0.0,
                0.0,
                0.0,
                0.0,
                0.0,
                0.0,
                0.0,
                0.0,
                0.0,
                0.0,
                0.0,
                0.0,
                0.0,
                0.0,
                0.0,
                0.0,
                0.0,
                0.0,
                0.0,
                0.0,
                0.0,
                0.0,
                0.0,
                0.0,
                0.0,
                0.0,
                0.0,
                0.0,
                0.0,
                0.0,
                0.0
            ]
        },
        "lWaitAndOverdue": [
            [
                0,
                3,
                7,
                0
            ],
            [
                0,
                3,
                4,
                0
            ],
            [
                0,
                3,
                11,
                0
            ],
            [
                0,
                2,
                0,
                0
            ],
            [
                0,
                2,
                2,
                0
            ],
            [
                0,
                2,
                2,
                0
            ],
            [
                1,
                2,
                2,
                0
            ],
            [
                1,
                2,
                1,
                0
            ],
            [
                1,
                1,
                0,
                0
            ],
            [
                1,
                4,
                7,
                0
            ],
            [
                1,
                3,
                7,
                0
            ],
            [
                1,
                3,
                14,
                0
            ],
            [
                1,
                2,
                1,
                0
            ],
            [
                1,
                4,
                10,
                0
            ],
            [
                2,
                3,
                7,
                0
            ],
            [
                2,
                3,
                6,
                0
            ],
            [
                2,
                2,
                1,
                0
            ],
            [
                2,
                3,
                22,
                8
            ],
            [
                2,
                2,
                2,
                0
            ],
            [
                2,
                2,
                2,
                0
            ],
            [
                2,
                2,
                0,
                0
            ],
            [
                3,
                3,
                27,
                13
            ],
            [
                3,
                4,
                40,
                12
            ],
            [
                3,
                3,
                7,
                0
            ],
            [
                3,
                2,
                0,
                0
            ],
            [
                4,
                2,
                3,
                0
            ],
            [
                5,
                3,
                39,
                25
            ],
            [
                5,
                4,
                25,
                0
            ],
            [
                5,
                2,
                4,
                2
            ],
            [
                5,
                3,
                46,
                32
            ],
            [
                5,
                2,
                4,
                2
            ],
            [
                5,
                2,
                10,
                8
            ],
            [
                5,
                2,
                0,
                0
            ],
            [
                6,
                2,
                16,
                14
            ],
            [
                6,
                2,
                23,
                21
            ],
            [
                7,
                2,
                27,
                25
            ],
            [
                7,
                2,
                2,
                0
            ],
            [
                7,
                4,
                47,
                19
            ],
            [
                7,
                2,
                6,
                4
            ],
            [
                7,
                4,
                44,
                16
            ],
            [
                7,
                3,
                47,
                33
            ],
            [
                7,
                4,
                40,
                12
            ],
            [
                7,
                2,
                36,
                34
            ],
            [
                8,
                2,
                6,
                2
            ],
            [
                8,
                2,
                7,
                3
            ],
            [
                8,
                4,
                39,
                11
            ],
            [
                9,
                3,
                45,
                31
            ],
            [
                9,
                2,
                14,
                10
            ],
            [
                9,
                3,
                46,
                32
            ],
            [
                9,
                3,
                46,
                32
            ],
            [
                9,
                3,
                42,
                28
            ],
            [
                10,
                4,
                52,
                24
            ],
            [
                10,
                3,
                50,
                36
            ],
            [
                10,
                4,
                36,
                8
            ],
            [
                10,
                3,
                46,
                32
            ],
            [
                10,
                2,
                15,
                13
            ],
            [
                10,
                2,
                38,
                36
            ],
            [
                10,
                4,
                52,
                24
            ],
            [
                10,
                3,
                49,
                35
            ],
            [
                11,
                2,
                34,
                32
            ],
            [
                11,
                2,
                20,
                18
            ],
            [
                11,
                2,
                42,
                40
            ],
            [
                11,
                3,
                48,
                34
            ],
            [
                11,
                4,
                51,
                23
            ],
            [
                11,
                2,
                42,
                40
            ],
            [
                12,
                2,
                44,
                42
            ],
            [
                12,
                3,
                47,
                33
            ],
            [
                13,
                2,
                14,
                10
            ],
            [
                13,
                2,
                42,
                38
            ],
            [
                13,
                3,
                49,
                35
            ],
            [
                13,
                3,
                46,
                32
            ],
            [
                13,
                4,
                43,
                15
            ],
            [
                13,
                4,
                43,
                15
            ],
            [
                13,
                3,
                48,
                34
            ],
            [
                13,
                3,
                46,
                32
            ],
            [
                14,
                2,
                42,
                38
            ],
            [
                14,
                3,
                45,
                31
            ],
            [
                14,
                2,
                42,
                38
            ],
            [
                14,
                4,
                46,
                18
            ],
            [
                14,
                2,
                19,
                15
            ],
            [
                15,
                2,
                46,
                44
            ],
            [
                15,
                2,
                39,
                37
            ],
            [
                15,
                2,
                4,
                2
            ],
            [
                15,
                4,
                52,
                24
            ],
            [
                15,
                4,
                51,
                23
            ],
            [
                16,
                4,
                55,
                27
            ],
            [
                16,
                4,
                49,
                21
            ],
            [
                16,
                3,
                50,
                36
            ],
            [
                16,
                2,
                16,
                14
            ],
            [
                16,
                3,
                51,
                37
            ],
            [
                16,
                2,
                45,
                43
            ],
            [
                16,
                2,
                48,
                46
            ],
            [
                16,
                3,
                55,
                41
            ],
            [
                16,
                2,
                48,
                46
            ],
            [
                17,
                2,
                47,
                45
            ],
            [
                17,
                2,
                48,
                46
            ],
            [
                17,
                1,
                43,
                43
            ],
            [
                17,
                2,
                48,
                46
            ],
            [
                18,
                2,
                47,
                43
            ],
            [
                18,
                3,
                53,
                39
            ],
            [
                18,
                3,
                53,
                39
            ],
            [
                18,
                4,
                47,
                19
            ],
            [
                18,
                3,
                49,
                35
            ],
            [
                18,
                2,
                4,
                0
            ],
            [
                18,
                4,
                47,
                19
            ],
            [
                19,
                4,
                47,
                19
            ],
            [
                19,
                2,
                3,
                0
            ],
            [
                19,
                4,
                47,
                19
            ],
            [
                19,
                4,
                46,
                18
            ],
            [
                19,
                4,
                52,
                24
            ],
            [
                19,
                3,
                49,
                35
            ],
            [
                20,
                4,
                52,
                24
            ],
            [
                20,
                3,
                50,
                36
            ],
            [
                20,
                3,
                56,
                42
            ],
            [
                20,
                4,
                53,
                25
            ],
            [
                21,
                4,
                51,
                23
            ],
            [
                21,
                3,
                57,
                43
            ],
            [
                21,
                2,
                35,
                33
            ],
            [
                21,
                2,
                44,
                42
            ],
            [
                21,
                3,
                52,
                38
            ],
            [
                21,
                4,
                50,
                22
            ],
            [
                22,
                4,
                51,
                23
            ],
            [
                22,
                4,
                49,
                21
            ],
            [
                22,
                4,
                50,
                22
            ],
            [
                22,
                2,
                37,
                35
            ],
            [
                23,
                2,
                46,
                42
            ],
            [
                23,
                4,
                54,
                26
            ],
            [
                23,
                2,
                47,
                43
            ],
            [
                23,
                4,
                50,
                22
            ],
            [
                23,
                2,
                46,
                42
            ],
            [
                23,
                3,
                48,
                34
            ],
            [
                23,
                3,
                47,
                33
            ],
            [
                23,
                3,
                48,
                34
            ],
            [
                23,
                3,
                50,
                36
            ],
            [
                24,
                2,
                34,
                30
            ],
            [
                24,
                4,
                53,
                25
            ],
            [
                24,
                4,
                55,
                27
            ],
            [
                24,
                3,
                52,
                38
            ],
            [
                25,
                2,
                35,
                33
            ],
            [
                25,
                4,
                53,
                25
            ],
            [
                25,
                3,
                53,
                39
            ],
            [
                25,
                2,
                45,
                43
            ],
            [
                25,
                3,
                53,
                39
            ],
            [
                26,
                2,
                45,
                43
            ],
            [
                26,
                2,
                41,
                39
            ],
            [
                26,
                2,
                43,
                41
            ],
            [
                26,
                2,
                48,
                46
            ],
            [
                26,
                2,
                30,
                28
            ],
            [
                27,
                2,
                47,
                45
            ],
            [
                27,
                4,
                54,
                26
            ],
            [
                27,
                4,
                54,
                26
            ],
            [
                27,
                4,
                54,
                26
            ],
            [
                27,
                3,
                54,
                40
            ],
            [
                28,
                2,
                46,
                42
            ],
            [
                28,
                2,
                47,
                43
            ],
            [
                28,
                4,
                53,
                25
            ],
            [
                28,
                3,
                54,
                40
            ],
            [
                29,
                4,
                53,
                25
            ],
            [
                29,
                3,
                53,
                39
            ],
            [
                29,
                2,
                28,
                24
            ],
            [
                29,
                3,
                53,
                39
            ]
        ],
        "lWaitDayByPriority": [
            5789,
            43,
            1752,
            2037,
            1957
        ],
        "objval": 2853.8774509803916,
        "std_occupancy": 45.303088869426006
    },
    "runtime": 4.376884698867798,
    "simdays": 150,
    "solver": "weekly"
}