{
    "arrivalrate": 6.0,
    "ins_name": 280,
    "ins_path": null,
    "lNoNewPatients": [
        175,
        2,
        71,
        63,
        39
    ],
    "lNoPatients": [
        330,
        2,
        75,
        164,
        89
    ],
    "lNoSections": [
        2375,
        11,
        212,
        1391,
        761
    ],
    "mipgap": 1.0,
    "noLinacs": 4,
    "noSlotsPerDay": 120,
    "planningHorizon": 80,
    "runresult": {
        "avg_occupancy": 47.336111111111116,
        "feasibility": true,
        "lAvgLateDayByPriority": [
            17.805714285714284,
            23.5,
            18.014084507042252,
            21.666666666666668,
            10.897435897435898
        ],
        "lAvgWaitDayByPriority": [
            29.514285714285716,
            23.5,
            20.43661971830986,
            35.19047619047619,
            37.17948717948718
        ],
        "lLateDayByPriority": [
            3116,
            47,
            1279,
            1365,
            425
        ],
        "lOccupancy": {
            "0": [
                0.0,
                0.0,
                0.0,
                0.0,
                0.0,
                0.0,
                0.0,
                0.0,
                0.0,
                0.0,
                0.0,
                0.0,
                0.0,
                0.0,
                0.0,
                0.0,
                0.0,
                0.0,
                1.25,
                0.0,
                0.0,
                0.0,
                0.0,
                0.0,
                0.0,
                0.0,
                0.0,
                0.0,
                0.0,
                0.0,
                0.0,
                0.0,
                0.0,
                0.0,
                0.0,
                0.0,
                0.0,
                0.0,
                0.0,
                0.0,
                0.0,
                0.0,
                0.0,
                0.0,
                0.0,
                0.0,
                0.0,
                0.0,
                0.0,
                0.0,
                0.0,
                0.0,
                0.0,
                0.0,
                1.0416666666666665,
                1.0416666666666665,
                1.0416666666666665,
                1.0416666666666665,
                1.0416666666666665,
                1.0416666666666665,
                1.0416666666666665,
                1.0416666666666665,
                1.0416666666666665,
                1.0416666666666665,
                0.0,
                0.0,
                0.0,
                0.0,
                0.0,
                0.0,
                0.0,
                0.0,
                0.0,
                0.0,
                0.0,
                0.0,
                0.0,
                0.0,
                0.0,
                0.0,
                0.0,
                0.0,
                0.0,
                0.0,
                0.0,
                0.0,
                0.0,
                0.0,
                0.0,
                0.0,
                0.0,
                0.0,
                0.0,
                0.0,
                0.0,
                0.0,
                0.0,
                0.0,
                0.0,
                0.0,
                0.0,
                0.0,
                0.0,
                0.0,
                0.0,
                0.0,
                0.0,
                0.0,
                0.0,
                0.0,
                0.0,
                0.0,
                0.0,
                0.0,
                0.0,
                0.0,
                0.0,
                0.0,
                0.0,
                0.0,
                0.0,
                0.0,
                0.0,
                0.0,
                0.0,
                0.0,
                0.0,
                0.0,
                0.0,
                0.0,
                0.0,
                0.0,
                0.0,
                0.0,
                0.0,
                0.0,
                0.0,
                0.0,
                0.0,
                0.0,
                0.0,
                0.0,
                0.0,
                0.0,
                0.0,
                0.0,
                0.0,
                0.0,
                0.0,
                0.0
            ],
            "1": [
                6.666666666666667,
                7.708333333333334,
                7.708333333333334,
                4.791666666666667,
                9.583333333333334,
                6.875000000000001,
                7.708333333333334,
                2.7083333333333335,
                2.7083333333333335,
                2.7083333333333335,
                3.958333333333333,
                3.958333333333333,
                3.3333333333333335,
                2.7083333333333335,
                3.958333333333333,
                3.125,
                3.125,
                3.125,
                1.6666666666666667,
                2.9166666666666665,
                2.5,
                2.5,
                3.3333333333333335,
                3.3333333333333335,
                2.7083333333333335,
                3.125,
                3.125,
                3.125,
                3.958333333333333,
                5.208333333333334,
                2.9166666666666665,
                2.9166666666666665,
                2.9166666666666665,
                4.791666666666667,
                4.791666666666667,
                5.0,
                6.458333333333334,
                4.375,
                5.625,
                5.833333333333333,
                6.041666666666667,
                8.333333333333332,
                9.375,
                13.125,
                5.0,
                6.041666666666667,
                8.958333333333334,
                8.958333333333334,
                10.208333333333334,
                10.208333333333334,
                9.166666666666666,
                12.291666666666666,
                9.166666666666666,
                7.916666666666666,
                11.041666666666666,
                9.583333333333334,
                13.958333333333334,
                8.125,
                8.125,
                8.125,
                3.125,
                0.0,
                0.0,
                0.0,
                0.0,
                0.0,
                0.0,
                0.0,
                0.0,
                0.0,
                0.0,
                0.0,
                0.0,
                0.0,
                0.0,
                0.0,
                0.0,
                0.0,
                0.0,
                0.0,
                0.0,
                0.0,
                0.0,
                0.0,
                0.0,
                0.0,
                0.0,
                0.0,
                0.0,
                0.0,
                0.0,
                0.0,
                0.0,
                0.0,
                0.0,
                0.0,
                0.0,
                0.0,
                0.0,
                0.0,
                0.0,
                0.0,
                0.0,
                0.0,
                0.0,
                0.0,
                0.0,
                0.0,
                0.0,
                0.0,
                0.0,
                0.0,
                0.0,
                0.0,
                0.0,
                0.0,
                0.0,
                0.0,
                0.0,
                0.0,
                0.0,
                0.0,
                0.0,
                0.0,
                0.0,
                0.0,
                0.0,
                0.0,
                0.0,
                0.0,
                0.0,
                0.0,
                0.0,
                0.0,
                0.0,
                0.0,
                0.0,
                0.0,
                0.0,
                0.0,
                0.0,
                0.0,
                0.0,
                0.0,
                0.0,
                0.0,
                0.0,
                0.0,
                0.0,
                0.0
            ],
            "2": [
                69.16666666666667,
                68.33333333333333,
                67.91666666666667,
                67.70833333333334,
                69.79166666666666,
                70.0,
                68.125,
                72.91666666666666,
                71.66666666666667,
                65.83333333333333,
                59.583333333333336,
                57.291666666666664,
                57.291666666666664,
                57.70833333333333,
                54.79166666666667,
                54.79166666666667,
                54.79166666666667,
                56.666666666666664,
                57.70833333333333,
                57.70833333333333,
                56.041666666666664,
                55.00000000000001,
                53.125,
                55.00000000000001,
                60.416666666666664,
                61.66666666666667,
                58.12500000000001,
                58.958333333333336,
                56.666666666666664,
                52.5,
                56.041666666666664,
                56.041666666666664,
                55.41666666666667,
                53.125,
                55.833333333333336,
                56.041666666666664,
                56.25,
                60.416666666666664,
                56.041666666666664,
                56.666666666666664,
                59.583333333333336,
                60.83333333333333,
                58.12500000000001,
                56.666666666666664,
                61.458333333333336,
                61.458333333333336,
                60.0,
                60.0,
                63.33333333333333,
                63.33333333333333,
                63.33333333333333,
                57.70833333333333,
                59.166666666666664,
                59.583333333333336,
                59.166666666666664,
                58.12500000000001,
                56.25,
                59.166666666666664,
                56.458333333333336,
                56.458333333333336,
                57.70833333333333,
                59.375,
                57.91666666666667,
                56.25,
                53.125,
                50.0,
                46.666666666666664,
                41.041666666666664,
                37.916666666666664,
                34.583333333333336,
                31.25,
                31.25,
                26.25,
                24.583333333333332,
                19.791666666666664,
                15.0,
                15.0,
                12.083333333333334,
                12.083333333333334,
                12.083333333333334,
                12.083333333333334,
                12.083333333333334,
                12.083333333333334,
                12.083333333333334,
                12.083333333333334,
                10.416666666666668,
                10.416666666666668,
                9.166666666666666,
                6.666666666666667,
                6.666666666666667,
                3.75,
                2.5,
                1.25,
                0.0,
                0.0,
                0.0,
                0.0,
                0.0,
                0.0,
                0.0,
                0.0,
                0.0,
                0.0,
                0.0,
                0.0,
                0.0,
                0.0,
                0.0,
                0.0,
                0.0,
                0.0,
                0.0,
                0.0,
                0.0,
                0.0,
                0.0,
                0.0,
                0.0,
                0.0,
                0.0,
                0.0,
                0.0,
                0.0,
                0.0,
                0.0,
                0.0,
                0.0,
                0.0,
                0.0,
                0.0,
                0.0,
                0.0,
                0.0,
                0.0,
                0.0,
                0.0,
                0.0,
                0.0,
                0.0,
                0.0,
                0.0,
                0.0,
                0.0,
                0.0,
                0.0,
                0.0,
                0.0,
                0.0,
                0.0,
                0.0
            ],
            "3": [
                15.0,
                15.416666666666668,
                15.416666666666668,
                15.416666666666668,
                14.374999999999998,
                14.374999999999998,
                17.291666666666668,
                18.541666666666668,
                22.916666666666664,
                30.0,
                35.833333333333336,
                37.291666666666664,
                38.75,
                38.333333333333336,
                40.208333333333336,
                41.041666666666664,
                41.041666666666664,
                38.125,
                38.125,
                38.125,
                39.166666666666664,
                41.458333333333336,
                42.5,
                40.0,
                34.375,
                34.375,
                37.5,
                37.291666666666664,
                38.75,
                41.041666666666664,
                39.58333333333333,
                39.58333333333333,
                40.416666666666664,
                40.416666666666664,
                37.708333333333336,
                37.291666666666664,
                36.45833333333333,
                32.5,
                35.833333333333336,
                35.625,
                31.874999999999996,
                28.958333333333336,
                30.833333333333336,
                27.916666666666668,
                30.416666666666664,
                29.791666666666668,
                28.541666666666664,
                28.541666666666664,
                25.0,
                25.0,
                25.416666666666664,
                27.708333333333336,
                28.749999999999996,
                27.708333333333336,
                26.25,
                28.333333333333332,
                27.083333333333332,
                27.083333333333332,
                30.0,
                29.166666666666668,
                31.458333333333332,
                30.208333333333332,
                26.458333333333332,
                25.208333333333332,
                24.166666666666668,
                23.125,
                23.125,
                22.083333333333332,
                22.083333333333332,
                20.416666666666668,
                20.416666666666668,
                18.75,
                17.083333333333332,
                17.083333333333332,
                14.374999999999998,
                14.374999999999998,
                13.125,
                13.125,
                12.083333333333334,
                9.791666666666666,
                6.25,
                6.25,
                6.25,
                6.25,
                5.208333333333334,
                5.208333333333334,
                5.208333333333334,
                5.208333333333334,
                2.083333333333333,
                2.083333333333333,
                2.083333333333333,
                2.083333333333333,
                2.083333333333333,
                1.0416666666666665,
                0.0,
                0.0,
                0.0,
                0.0,
                0.0,
                0.0,
                0.0,
                0.0,
                0.0,
                0.0,
                0.0,
                0.0,
                0.0,
                0.0,
                0.0,
                0.0,
                0.0,
                0.0,
                0.0,
                0.0,
                0.0,
                0.0,
                0.0,
                0.0,
                0.0,
                0.0,
                0.0,
                0.0,
                0.0,
                0.0,
                0.0,
                0.0,
                0.0,
                0.0,
                0.0,
                0.0,
                0.0,
                0.0,
                0.0,
                0.0,
                0.0,
                0.0,
                0.0,
                0.0,
                0.0,
                0.0,
                0.0,
                0.0,
                0.0,
                0.0,
                0.0,
                0.0,
                0.0,
                0.0,
                0.0,
                0.0
            ],
            "overall": [
                90.83333333333334,
                91.45833333333333,
                91.04166666666667,
                87.91666666666669,
                93.74999999999999,
                91.25,
                93.125,
                94.16666666666666,
                97.29166666666666,
                98.54166666666666,
                99.375,
                98.54166666666666,
                99.375,
                98.75,
                98.95833333333334,
                98.95833333333334,
                98.95833333333334,
                97.91666666666666,
                98.75,
                98.75,
                97.70833333333333,
                98.95833333333334,
                98.95833333333334,
                98.33333333333334,
                97.5,
                99.16666666666667,
                98.75,
                99.375,
                99.375,
                98.75,
                98.54166666666666,
                98.54166666666666,
                98.75,
                98.33333333333333,
                98.33333333333334,
                98.33333333333333,
                99.16666666666666,
                97.29166666666666,
                97.5,
                98.125,
                97.5,
                98.125,
                98.33333333333334,
                97.70833333333333,
                96.875,
                97.29166666666667,
                97.5,
                97.5,
                98.54166666666666,
                98.54166666666666,
                97.91666666666666,
                97.70833333333334,
                97.08333333333333,
                95.20833333333334,
                97.5,
                97.08333333333333,
                98.33333333333333,
                95.41666666666666,
                95.625,
                94.79166666666667,
                93.33333333333333,
                90.625,
                85.41666666666667,
                82.5,
                77.29166666666667,
                73.125,
                69.79166666666666,
                63.125,
                60.0,
                55.0,
                51.66666666666667,
                50.0,
                43.33333333333333,
                41.666666666666664,
                34.166666666666664,
                29.375,
                28.125,
                25.208333333333336,
                24.166666666666668,
                21.875,
                18.333333333333336,
                18.333333333333336,
                18.333333333333336,
                18.333333333333336,
                17.291666666666668,
                15.625000000000002,
                15.625000000000002,
                14.375,
                8.75,
                8.75,
                5.833333333333333,
                4.583333333333333,
                3.333333333333333,
                1.0416666666666665,
                0.0,
                0.0,
                0.0,
                0.0,
                0.0,
                0.0,
                0.0,
                0.0,
                0.0,
                0.0,
                0.0,
                0.0,
                0.0,
                0.0,
                0.0,
                0.0,
                0.0,
                0.0,
                0.0,
                0.0,
                0.0,
                0.0,
                0.0,
                0.0,
                0.0,
                0.0,
                0.0,
                0.0,
                0.0,
                0.0,
                0.0,
                0.0,
                0.0,
                0.0,
                0.0,
                0.0,
                0.0,
                0.0,
                0.0,
                0.0,
                0.0,
                0.0,
                0.0,
                0.0,
                0.0,
                0.0,
                0.0,
                0.0,
                0.0,
                0.0,
                0.0,
                0.0,
                0.0,
                0.0,
                0.0,
                0.0
            ]
        },
        "lWaitAndOverdue": [
            [
                0,
                3,
                4,
                0
            ],
            [
                0,
                2,
                1,
                0
            ],
            [
                0,
                4,
                10,
                0
            ],
            [
                0,
                2,
                1,
                0
            ],
            [
                0,
                4,
                10,
                0
            ],
            [
                1,
                2,
                1,
                0
            ],
            [
                1,
                3,
                8,
                0
            ],
            [
                1,
                2,
                2,
                0
            ],
            [
                1,
                2,
                0,
                0
            ],
            [
                1,
                3,
                10,
                0
            ],
            [
                1,
                4,
                10,
                0
            ],
            [
                1,
                3,
                13,
                0
            ],
            [
                1,
                3,
                13,
                0
            ],
            [
                1,
                3,
                8,
                0
            ],
            [
                2,
                2,
                2,
                0
            ],
            [
                2,
                3,
                12,
                0
            ],
            [
                2,
                3,
                15,
                1
            ],
            [
                2,
                2,
                2,
                0
            ],
            [
                3,
                3,
                28,
                14
            ],
            [
                3,
                3,
                29,
                15
            ],
            [
                3,
                2,
                1,
                0
            ],
            [
                3,
                2,
                1,
                0
            ],
            [
                3,
                4,
                36,
                8
            ],
            [
                4,
                2,
                0,
                0
            ],
            [
                4,
                4,
                40,
                12
            ],
            [
                4,
                4,
                32,
                4
            ],
            [
                4,
                4,
                40,
                12
            ],
            [
                4,
                3,
                40,
                26
            ],
            [
                5,
                3,
                37,
                23
            ],
            [
                5,
                3,
                37,
                23
            ],
            [
                5,
                2,
                1,
                0
            ],
            [
                6,
                3,
                37,
                23
            ],
            [
                6,
                3,
                37,
                23
            ],
            [
                6,
                2,
                0,
                0
            ],
            [
                6,
                2,
                3,
                1
            ],
            [
                7,
                3,
                37,
                23
            ],
            [
                7,
                3,
                40,
                26
            ],
            [
                7,
                3,
                41,
                27
            ],
            [
                7,
                3,
                37,
                23
            ],
            [
                7,
                2,
                2,
                0
            ],
            [
                7,
                2,
                6,
                4
            ],
            [
                8,
                2,
                6,
                2
            ],
            [
                8,
                4,
                40,
                12
            ],
            [
                8,
                2,
                8,
                4
            ],
            [
                8,
                3,
                41,
                27
            ],
            [
                8,
                4,
                39,
                11
            ],
            [
                9,
                2,
                3,
                0
            ],
            [
                9,
                3,
                40,
                26
            ],
            [
                9,
                2,
                10,
                6
            ],
            [
                9,
                3,
                41,
                27
            ],
            [
                9,
                3,
                40,
                26
            ],
            [
                10,
                2,
                14,
                12
            ],
            [
                10,
                4,
                15,
                0
            ],
            [
                10,
                3,
                38,
                24
            ],
            [
                10,
                2,
                15,
                13
            ],
            [
                11,
                4,
                38,
                10
            ],
            [
                11,
                3,
                38,
                24
            ],
            [
                11,
                3,
                38,
                24
            ],
            [
                11,
                3,
                38,
                24
            ],
            [
                11,
                3,
                41,
                27
            ],
            [
                11,
                3,
                41,
                27
            ],
            [
                11,
                3,
                36,
                22
            ],
            [
                11,
                2,
                15,
                13
            ],
            [
                11,
                2,
                17,
                15
            ],
            [
                12,
                2,
                19,
                17
            ],
            [
                12,
                2,
                22,
                20
            ],
            [
                12,
                2,
                1,
                0
            ],
            [
                12,
                1,
                8,
                8
            ],
            [
                12,
                4,
                36,
                8
            ],
            [
                13,
                3,
                39,
                25
            ],
            [
                13,
                3,
                39,
                25
            ],
            [
                13,
                2,
                8,
                4
            ],
            [
                14,
                4,
                34,
                6
            ],
            [
                14,
                3,
                38,
                24
            ],
            [
                14,
                3,
                38,
                24
            ],
            [
                15,
                2,
                8,
                6
            ],
            [
                15,
                3,
                35,
                21
            ],
            [
                16,
                2,
                20,
                18
            ],
            [
                16,
                2,
                23,
                21
            ],
            [
                16,
                2,
                10,
                8
            ],
            [
                16,
                3,
                35,
                21
            ],
            [
                16,
                4,
                30,
                2
            ],
            [
                16,
                3,
                35,
                21
            ],
            [
                16,
                2,
                27,
                25
            ],
            [
                17,
                2,
                23,
                21
            ],
            [
                17,
                3,
                34,
                20
            ],
            [
                17,
                4,
                35,
                7
            ],
            [
                17,
                2,
                26,
                24
            ],
            [
                17,
                3,
                35,
                21
            ],
            [
                17,
                2,
                27,
                25
            ],
            [
                18,
                2,
                27,
                23
            ],
            [
                18,
                2,
                35,
                31
            ],
            [
                18,
                2,
                28,
                24
            ],
            [
                18,
                2,
                32,
                28
            ],
            [
                18,
                2,
                35,
                31
            ],
            [
                18,
                2,
                18,
                14
            ],
            [
                19,
                4,
                35,
                7
            ],
            [
                19,
                2,
                14,
                10
            ],
            [
                19,
                4,
                35,
                7
            ],
            [
                19,
                3,
                35,
                21
            ],
            [
                19,
                4,
                35,
                7
            ],
            [
                19,
                2,
                32,
                28
            ],
            [
                19,
                2,
                19,
                15
            ],
            [
                19,
                2,
                20,
                16
            ],
            [
                20,
                4,
                32,
                4
            ],
            [
                20,
                3,
                35,
                21
            ],
            [
                20,
                2,
                22,
                20
            ],
            [
                20,
                3,
                39,
                25
            ],
            [
                20,
                3,
                38,
                24
            ],
            [
                20,
                3,
                32,
                18
            ],
            [
                20,
                4,
                36,
                8
            ],
            [
                20,
                3,
                35,
                21
            ],
            [
                20,
                4,
                35,
                7
            ],
            [
                20,
                3,
                32,
                18
            ],
            [
                20,
                2,
                23,
                21
            ],
            [
                21,
                2,
                31,
                29
            ],
            [
                21,
                4,
                41,
                13
            ],
            [
                21,
                3,
                37,
                23
            ],
            [
                21,
                2,
                35,
                33
            ],
            [
                21,
                2,
                29,
                27
            ],
            [
                21,
                2,
                35,
                33
            ],
            [
                21,
                3,
                37,
                23
            ],
            [
                21,
                4,
                42,
                14
            ],
            [
                21,
                2,
                35,
                33
            ],
            [
                22,
                2,
                41,
                39
            ],
            [
                22,
                3,
                42,
                28
            ],
            [
                22,
                2,
                27,
                25
            ],
            [
                22,
                2,
                36,
                34
            ],
            [
                22,
                3,
                42,
                28
            ],
            [
                22,
                3,
                42,
                28
            ],
            [
                22,
                4,
                41,
                13
            ],
            [
                22,
                4,
                42,
                14
            ],
            [
                22,
                3,
                42,
                28
            ],
            [
                22,
                3,
                43,
                29
            ],
            [
                22,
                2,
                40,
                38
            ],
            [
                23,
                3,
                43,
                29
            ],
            [
                23,
                2,
                39,
                35
            ],
            [
                23,
                4,
                46,
                18
            ],
            [
                23,
                2,
                27,
                23
            ],
            [
                23,
                2,
                43,
                39
            ],
            [
                23,
                2,
                41,
                37
            ],
            [
                23,
                2,
                21,
                17
            ],
            [
                23,
                4,
                46,
                18
            ],
            [
                24,
                4,
                45,
                17
            ],
            [
                24,
                4,
                45,
                17
            ],
            [
                24,
                4,
                45,
                17
            ],
            [
                24,
                3,
                45,
                31
            ],
            [
                24,
                2,
                31,
                27
            ],
            [
                24,
                3,
                45,
                31
            ],
            [
                24,
                2,
                27,
                23
            ],
            [
                25,
                2,
                42,
                40
            ],
            [
                25,
                3,
                44,
                30
            ],
            [
                25,
                2,
                43,
                41
            ],
            [
                25,
                2,
                42,
                40
            ],
            [
                25,
                2,
                42,
                40
            ],
            [
                25,
                1,
                39,
                39
            ],
            [
                26,
                2,
                42,
                40
            ],
            [
                26,
                2,
                43,
                41
            ],
            [
                26,
                3,
                43,
                29
            ],
            [
                26,
                3,
                43,
                29
            ],
            [
                26,
                4,
                44,
                16
            ],
            [
                27,
                3,
                42,
                28
            ],
            [
                27,
                2,
                13,
                11
            ],
            [
                27,
                4,
                43,
                15
            ],
            [
                27,
                4,
                43,
                15
            ],
            [
                27,
                2,
                16,
                14
            ],
            [
                27,
                4,
                44,
                16
            ],
            [
                28,
                4,
                46,
                18
            ],
            [
                28,
                4,
                46,
                18
            ],
            [
                28,
                3,
                46,
                32
            ],
            [
                28,
                4,
                46,
                18
            ],
            [
                29,
                3,
                46,
                32
            ],
            [
                29,
                3,
                46,
                32
            ],
            [
                29,
                4,
                46,
                18
            ],
            [
                29,
                4,
                46,
                18
            ]
        ],
        "lWaitDayByPriority": [
            5165,
            47,
            1451,
            2217,
            1450
        ],
        "objval": 2785.8143476242067,
        "std_occupancy": 45.08032688339317
    },
    "runtime": 7.634213209152222,
    "simdays": 150,
    "solver": "daily"
}