{
    "arrivalrate": 6.0,
    "ins_name": 350,
    "ins_path": null,
    "lNoNewPatients": [
        173,
        2,
        75,
        53,
        43
    ],
    "lNoPatients": [
        351,
        2,
        85,
        165,
        99
    ],
    "lNoSections": [
        2199,
        11,
        231,
        1168,
        789
    ],
    "mipgap": 1.0,
    "noLinacs": 4,
    "noSlotsPerDay": 120,
    "planningHorizon": 80,
    "runresult": {
        "avg_occupancy": 49.87638888888889,
        "feasibility": true,
        "lAvgLateDayByPriority": [
            24.277456647398843,
            22.5,
            23.92,
            28.452830188679247,
            19.837209302325583
        ],
        "lAvgWaitDayByPriority": [
            36.34104046242775,
            22.5,
            26.506666666666668,
            41.490566037735846,
            47.7906976744186
        ],
        "lLateDayByPriority": [
            4200,
            45,
            1794,
            1508,
            853
        ],
        "lOccupancy": {
            "0": [
                0.0,
                0.0,
                1.25,
                0.0,
                0.0,
                0.0,
                0.0,
                0.0,
                0.0,
                0.0,
                0.0,
                0.0,
                0.0,
                0.0,
                0.0,
                0.0,
                0.0,
                0.0,
                0.0,
                0.0,
                0.0,
                0.0,
                0.0,
                0.0,
                0.0,
                0.0,
                0.0,
                0.0,
                0.0,
                0.0,
                0.0,
                0.0,
                0.0,
                0.0,
                0.0,
                0.0,
                0.0,
                0.0,
                0.0,
                0.0,
                0.0,
                0.0,
                0.0,
                0.0,
                0.0,
                0.0,
                0.0,
                0.0,
                0.0,
                1.0416666666666665,
                1.0416666666666665,
                1.0416666666666665,
                1.0416666666666665,
                1.0416666666666665,
                1.0416666666666665,
                1.0416666666666665,
                1.0416666666666665,
                1.0416666666666665,
                1.0416666666666665,
                0.0,
                0.0,
                0.0,
                0.0,
                0.0,
                0.0,
                0.0,
                0.0,
                0.0,
                0.0,
                0.0,
                0.0,
                0.0,
                0.0,
                0.0,
                0.0,
                0.0,
                0.0,
                0.0,
                0.0,
                0.0,
                0.0,
                0.0,
                0.0,
                0.0,
                0.0,
                0.0,
                0.0,
                0.0,
                0.0,
                0.0,
                0.0,
                0.0,
                0.0,
                0.0,
                0.0,
                0.0,
                0.0,
                0.0,
                0.0,
                0.0,
                0.0,
                0.0,
                0.0,
                0.0,
                0.0,
                0.0,
                0.0,
                0.0,
                0.0,
                0.0,
                0.0,
                0.0,
                0.0,
                0.0,
                0.0,
                0.0,
                0.0,
                0.0,
                0.0,
                0.0,
                0.0,
                0.0,
                0.0,
                0.0,
                0.0,
                0.0,
                0.0,
                0.0,
                0.0,
                0.0,
                0.0,
                0.0,
                0.0,
                0.0,
                0.0,
                0.0,
                0.0,
                0.0,
                0.0,
                0.0,
                0.0,
                0.0,
                0.0,
                0.0,
                0.0,
                0.0,
                0.0,
                0.0,
                0.0,
                0.0
            ],
            "1": [
                12.916666666666668,
                5.416666666666667,
                7.5,
                9.583333333333334,
                13.333333333333334,
                8.75,
                7.083333333333333,
                7.708333333333334,
                3.5416666666666665,
                3.5416666666666665,
                2.7083333333333335,
                2.2916666666666665,
                2.2916666666666665,
                2.2916666666666665,
                2.2916666666666665,
                1.25,
                3.125,
                4.791666666666667,
                2.9166666666666665,
                3.958333333333333,
                2.9166666666666665,
                3.3333333333333335,
                1.6666666666666667,
                3.3333333333333335,
                1.6666666666666667,
                3.125,
                3.125,
                3.3333333333333335,
                2.9166666666666665,
                2.9166666666666665,
                2.9166666666666665,
                2.9166666666666665,
                2.5,
                3.125,
                1.875,
                5.0,
                4.375,
                4.166666666666666,
                3.3333333333333335,
                4.791666666666667,
                6.458333333333334,
                7.708333333333334,
                4.583333333333333,
                10.833333333333334,
                14.166666666666666,
                13.541666666666666,
                11.875,
                11.875,
                10.625,
                11.25,
                9.791666666666666,
                9.791666666666666,
                9.791666666666666,
                8.125,
                7.708333333333334,
                8.958333333333334,
                6.458333333333334,
                6.458333333333334,
                6.25,
                7.708333333333334,
                8.125,
                8.75,
                10.208333333333334,
                10.208333333333334,
                5.625,
                1.0416666666666665,
                1.0416666666666665,
                1.0416666666666665,
                0.0,
                0.0,
                0.0,
                0.0,
                0.0,
                0.0,
                0.0,
                0.0,
                0.0,
                0.0,
                0.0,
                0.0,
                0.0,
                0.0,
                0.0,
                0.0,
                0.0,
                0.0,
                0.0,
                0.0,
                0.0,
                0.0,
                0.0,
                0.0,
                0.0,
                0.0,
                0.0,
                0.0,
                0.0,
                0.0,
                0.0,
                0.0,
                0.0,
                0.0,
                0.0,
                0.0,
                0.0,
                0.0,
                0.0,
                0.0,
                0.0,
                0.0,
                0.0,
                0.0,
                0.0,
                0.0,
                0.0,
                0.0,
                0.0,
                0.0,
                0.0,
                0.0,
                0.0,
                0.0,
                0.0,
                0.0,
                0.0,
                0.0,
                0.0,
                0.0,
                0.0,
                0.0,
                0.0,
                0.0,
                0.0,
                0.0,
                0.0,
                0.0,
                0.0,
                0.0,
                0.0,
                0.0,
                0.0,
                0.0,
                0.0,
                0.0,
                0.0,
                0.0,
                0.0,
                0.0,
                0.0,
                0.0
            ],
            "2": [
                70.20833333333333,
                68.125,
                68.125,
                65.625,
                63.33333333333333,
                61.25000000000001,
                64.58333333333334,
                56.666666666666664,
                61.458333333333336,
                58.958333333333336,
                57.291666666666664,
                56.875,
                60.62499999999999,
                60.83333333333333,
                60.83333333333333,
                60.416666666666664,
                58.54166666666667,
                55.625,
                56.041666666666664,
                57.49999999999999,
                61.04166666666667,
                57.91666666666667,
                62.5,
                57.291666666666664,
                59.166666666666664,
                56.666666666666664,
                58.333333333333336,
                58.54166666666667,
                54.37499999999999,
                54.37499999999999,
                59.791666666666664,
                63.33333333333333,
                58.958333333333336,
                59.166666666666664,
                59.375,
                56.25,
                59.166666666666664,
                63.125,
                61.875,
                57.70833333333333,
                57.70833333333333,
                59.375,
                63.125,
                61.66666666666667,
                59.166666666666664,
                58.333333333333336,
                58.333333333333336,
                58.333333333333336,
                59.375,
                57.91666666666667,
                58.958333333333336,
                57.91666666666667,
                57.91666666666667,
                58.12500000000001,
                56.666666666666664,
                55.41666666666667,
                56.25,
                57.291666666666664,
                54.37499999999999,
                56.666666666666664,
                55.625,
                55.208333333333336,
                53.541666666666664,
                49.375,
                48.75,
                51.66666666666667,
                49.166666666666664,
                41.25,
                36.45833333333333,
                34.791666666666664,
                33.125,
                27.916666666666668,
                27.916666666666668,
                27.916666666666668,
                27.916666666666668,
                27.916666666666668,
                27.916666666666668,
                25.624999999999996,
                25.624999999999996,
                25.624999999999996,
                25.624999999999996,
                22.708333333333332,
                22.708333333333332,
                20.208333333333332,
                17.708333333333336,
                16.041666666666668,
                13.541666666666666,
                11.875,
                11.875,
                9.375,
                9.375,
                9.375,
                7.708333333333334,
                7.708333333333334,
                6.458333333333334,
                6.458333333333334,
                2.9166666666666665,
                2.9166666666666665,
                1.6666666666666667,
                0.0,
                0.0,
                0.0,
                0.0,
                0.0,
                0.0,
                0.0,
                0.0,
                0.0,
                0.0,
                0.0,
                0.0,
                0.0,
                0.0,
                0.0,
                0.0,
                0.0,
                0.0,
                0.0,
                0.0,
                0.0,
                0.0,
                0.0,
                0.0,
                0.0,
                0.0,
                0.0,
                0.0,
                0.0,
                0.0,
                0.0,
                0.0,
                0.0,
                0.0,
                0.0,
                0.0,
                0.0,
                0.0,
                0.0,
                0.0,
                0.0,
                0.0,
                0.0,
                0.0,
                0.0,
                0.0,
                0.0,
                0.0,
                0.0,
                0.0,
                0.0
            ],
            "3": [
                12.916666666666668,
                14.374999999999998,
                14.374999999999998,
                17.291666666666668,
                18.75,
                27.083333333333332,
                27.083333333333332,
                34.375,
                34.375,
                36.666666666666664,
                38.54166666666667,
                38.54166666666667,
                35.208333333333336,
                35.208333333333336,
                35.208333333333336,
                35.208333333333336,
                36.25,
                38.125,
                38.54166666666667,
                37.291666666666664,
                34.375,
                37.291666666666664,
                33.75,
                38.125,
                37.708333333333336,
                38.75,
                36.875,
                36.875,
                41.041666666666664,
                41.041666666666664,
                37.083333333333336,
                33.125,
                37.5,
                36.041666666666664,
                36.875,
                36.25,
                35.625,
                31.666666666666664,
                33.125,
                35.41666666666667,
                34.583333333333336,
                31.25,
                30.208333333333332,
                25.833333333333336,
                24.791666666666668,
                26.666666666666668,
                28.749999999999996,
                28.749999999999996,
                28.333333333333332,
                28.541666666666664,
                28.749999999999996,
                30.0,
                30.0,
                31.041666666666668,
                33.33333333333333,
                33.541666666666664,
                35.0,
                33.75,
                36.875,
                35.208333333333336,
                35.208333333333336,
                34.166666666666664,
                34.166666666666664,
                37.916666666666664,
                38.75,
                35.833333333333336,
                32.29166666666667,
                32.29166666666667,
                27.708333333333336,
                26.25,
                26.25,
                25.208333333333332,
                25.208333333333332,
                22.916666666666664,
                18.75,
                17.708333333333336,
                16.666666666666664,
                15.625,
                12.291666666666666,
                8.75,
                8.75,
                7.708333333333334,
                7.708333333333334,
                6.666666666666667,
                4.375,
                4.375,
                4.375,
                3.3333333333333335,
                2.2916666666666665,
                1.0416666666666665,
                1.0416666666666665,
                0.0,
                0.0,
                0.0,
                0.0,
                0.0,
                0.0,
                0.0,
                0.0,
                0.0,
                0.0,
                0.0,
                0.0,
                0.0,
                0.0,
                0.0,
                0.0,
                0.0,
                0.0,
                0.0,
                0.0,
                0.0,
                0.0,
                0.0,
                0.0,
                0.0,
                0.0,
                0.0,
                0.0,
                0.0,
                0.0,
                0.0,
                0.0,
                0.0,
                0.0,
                0.0,
                0.0,
                0.0,
                0.0,
                0.0,
                0.0,
                0.0,
                0.0,
                0.0,
                0.0,
                0.0,
                0.0,
                0.0,
                0.0,
                0.0,
                0.0,
                0.0,
                0.0,
                0.0,
                0.0,
                0.0,
                0.0,
                0.0,
                0.0,
                0.0
            ],
            "overall": [
                96.04166666666667,
                87.91666666666667,
                91.25,
                92.5,
                95.41666666666666,
                97.08333333333333,
                98.75,
                98.75,
                99.375,
                99.16666666666666,
                98.54166666666667,
                97.70833333333334,
                98.125,
                98.33333333333333,
                98.33333333333333,
                96.875,
                97.91666666666667,
                98.54166666666666,
                97.5,
                98.75,
                98.33333333333334,
                98.54166666666667,
                97.91666666666667,
                98.75,
                98.54166666666666,
                98.54166666666666,
                98.33333333333334,
                98.75,
                98.33333333333331,
                98.33333333333331,
                99.79166666666666,
                99.375,
                98.95833333333334,
                98.33333333333333,
                98.125,
                97.5,
                99.16666666666666,
                98.95833333333334,
                98.33333333333333,
                97.91666666666666,
                98.75,
                98.33333333333333,
                97.91666666666666,
                98.33333333333334,
                98.125,
                98.54166666666667,
                98.95833333333334,
                98.95833333333334,
                98.33333333333333,
                98.75,
                98.54166666666667,
                98.75,
                98.75,
                98.33333333333334,
                98.74999999999999,
                98.95833333333334,
                98.75,
                98.54166666666666,
                98.54166666666666,
                99.58333333333334,
                98.95833333333334,
                98.125,
                97.91666666666666,
                97.5,
                93.125,
                88.54166666666667,
                82.5,
                74.58333333333334,
                64.16666666666666,
                61.041666666666664,
                59.375,
                53.125,
                53.125,
                50.83333333333333,
                46.66666666666667,
                45.625,
                44.58333333333333,
                41.25,
                37.916666666666664,
                34.375,
                34.375,
                30.416666666666664,
                30.416666666666664,
                26.875,
                22.083333333333336,
                20.416666666666668,
                17.916666666666664,
                15.208333333333334,
                14.166666666666666,
                10.416666666666666,
                10.416666666666666,
                9.375,
                7.708333333333334,
                7.708333333333334,
                6.458333333333334,
                6.458333333333334,
                2.9166666666666665,
                2.9166666666666665,
                1.6666666666666667,
                0.0,
                0.0,
                0.0,
                0.0,
                0.0,
                0.0,
                0.0,
                0.0,
                0.0,
                0.0,
                0.0,
                0.0,
                0.0,
                0.0,
                0.0,
                0.0,
                0.0,
                0.0,
                0.0,
                0.0,
                0.0,
                0.0,
                0.0,
                0.0,
                0.0,
                0.0,
                0.0,
                0.0,
                0.0,
                0.0,
                0.0,
                0.0,
                0.0,
                0.0,
                0.0,
                0.0,
                0.0,
                0.0,
                0.0,
                0.0,
                0.0,
                0.0,
                0.0,
                0.0,
                0.0,
                0.0,
                0.0,
                0.0,
                0.0,
                0.0,
                0.0
            ]
        },
        "lWaitAndOverdue": [
            [
                0,
                2,
                2,
                0
            ],
            [
                0,
                4,
                49,
                21
            ],
            [
                0,
                3,
                7,
                0
            ],
            [
                1,
                3,
                9,
                0
            ],
            [
                1,
                3,
                7,
                0
            ],
            [
                1,
                3,
                7,
                0
            ],
            [
                1,
                3,
                6,
                0
            ],
            [
                1,
                3,
                6,
                0
            ],
            [
                2,
                2,
                1,
                0
            ],
            [
                2,
                2,
                0,
                0
            ],
            [
                2,
                2,
                1,
                0
            ],
            [
                2,
                2,
                2,
                0
            ],
            [
                2,
                2,
                0,
                0
            ],
            [
                2,
                1,
                0,
                0
            ],
            [
                2,
                4,
                36,
                8
            ],
            [
                2,
                3,
                8,
                0
            ],
            [
                3,
                3,
                29,
                15
            ],
            [
                3,
                2,
                1,
                0
            ],
            [
                3,
                4,
                26,
                0
            ],
            [
                3,
                3,
                11,
                0
            ],
            [
                4,
                3,
                41,
                27
            ],
            [
                4,
                2,
                4,
                0
            ],
            [
                4,
                3,
                21,
                7
            ],
            [
                4,
                2,
                4,
                0
            ],
            [
                5,
                2,
                2,
                0
            ],
            [
                5,
                2,
                2,
                0
            ],
            [
                5,
                3,
                45,
                31
            ],
            [
                5,
                4,
                45,
                17
            ],
            [
                5,
                3,
                43,
                29
            ],
            [
                5,
                2,
                15,
                13
            ],
            [
                5,
                2,
                3,
                1
            ],
            [
                6,
                3,
                44,
                30
            ],
            [
                6,
                4,
                43,
                15
            ],
            [
                6,
                2,
                3,
                1
            ],
            [
                6,
                3,
                44,
                30
            ],
            [
                6,
                2,
                6,
                4
            ],
            [
                6,
                2,
                15,
                13
            ],
            [
                6,
                2,
                41,
                39
            ],
            [
                6,
                2,
                21,
                19
            ],
            [
                7,
                2,
                41,
                39
            ],
            [
                7,
                2,
                27,
                25
            ],
            [
                8,
                2,
                5,
                1
            ],
            [
                8,
                4,
                43,
                15
            ],
            [
                8,
                2,
                7,
                3
            ],
            [
                8,
                4,
                43,
                15
            ],
            [
                8,
                3,
                46,
                32
            ],
            [
                8,
                4,
                42,
                14
            ],
            [
                9,
                2,
                26,
                22
            ],
            [
                9,
                2,
                7,
                3
            ],
            [
                9,
                2,
                13,
                9
            ],
            [
                9,
                4,
                41,
                13
            ],
            [
                9,
                3,
                42,
                28
            ],
            [
                9,
                2,
                10,
                6
            ],
            [
                9,
                3,
                47,
                33
            ],
            [
                9,
                3,
                46,
                32
            ],
            [
                9,
                3,
                41,
                27
            ],
            [
                9,
                4,
                42,
                14
            ],
            [
                9,
                3,
                42,
                28
            ],
            [
                9,
                4,
                45,
                17
            ],
            [
                10,
                3,
                46,
                32
            ],
            [
                10,
                2,
                17,
                15
            ],
            [
                10,
                2,
                39,
                37
            ],
            [
                10,
                4,
                49,
                21
            ],
            [
                10,
                3,
                49,
                35
            ],
            [
                10,
                2,
                42,
                40
            ],
            [
                11,
                2,
                29,
                27
            ],
            [
                11,
                2,
                44,
                42
            ],
            [
                11,
                3,
                48,
                34
            ],
            [
                11,
                4,
                48,
                20
            ],
            [
                11,
                2,
                44,
                42
            ],
            [
                12,
                2,
                29,
                27
            ],
            [
                12,
                3,
                47,
                33
            ],
            [
                12,
                2,
                21,
                19
            ],
            [
                12,
                2,
                43,
                41
            ],
            [
                12,
                3,
                47,
                33
            ],
            [
                13,
                3,
                46,
                32
            ],
            [
                13,
                4,
                47,
                19
            ],
            [
                13,
                4,
                47,
                19
            ],
            [
                13,
                3,
                49,
                35
            ],
            [
                13,
                3,
                49,
                35
            ],
            [
                13,
                2,
                42,
                38
            ],
            [
                13,
                3,
                49,
                35
            ],
            [
                13,
                2,
                43,
                39
            ],
            [
                13,
                4,
                49,
                21
            ],
            [
                13,
                2,
                29,
                25
            ],
            [
                13,
                2,
                40,
                36
            ],
            [
                13,
                2,
                43,
                39
            ],
            [
                14,
                2,
                10,
                6
            ],
            [
                14,
                4,
                49,
                21
            ],
            [
                15,
                4,
                49,
                21
            ],
            [
                15,
                4,
                53,
                25
            ],
            [
                15,
                4,
                50,
                22
            ],
            [
                15,
                3,
                49,
                35
            ],
            [
                15,
                2,
                42,
                40
            ],
            [
                15,
                3,
                49,
                35
            ],
            [
                15,
                2,
                31,
                29
            ],
            [
                16,
                2,
                44,
                42
            ],
            [
                16,
                3,
                49,
                35
            ],
            [
                16,
                2,
                45,
                43
            ],
            [
                16,
                2,
                48,
                46
            ],
            [
                16,
                2,
                48,
                46
            ],
            [
                16,
                1,
                45,
                45
            ],
            [
                16,
                2,
                48,
                46
            ],
            [
                17,
                2,
                47,
                45
            ],
            [
                17,
                3,
                51,
                37
            ],
            [
                18,
                3,
                49,
                35
            ],
            [
                18,
                4,
                46,
                18
            ],
            [
                18,
                3,
                47,
                33
            ],
            [
                18,
                2,
                1,
                0
            ],
            [
                18,
                4,
                47,
                19
            ],
            [
                18,
                4,
                47,
                19
            ],
            [
                18,
                2,
                11,
                7
            ],
            [
                18,
                4,
                49,
                21
            ],
            [
                19,
                4,
                52,
                24
            ],
            [
                19,
                4,
                52,
                24
            ],
            [
                19,
                3,
                46,
                32
            ],
            [
                19,
                4,
                49,
                21
            ],
            [
                20,
                3,
                53,
                39
            ],
            [
                20,
                3,
                53,
                39
            ],
            [
                20,
                4,
                53,
                25
            ],
            [
                20,
                4,
                52,
                24
            ],
            [
                20,
                3,
                59,
                45
            ],
            [
                20,
                2,
                10,
                8
            ],
            [
                20,
                2,
                45,
                43
            ],
            [
                20,
                3,
                53,
                39
            ],
            [
                20,
                4,
                52,
                24
            ],
            [
                20,
                4,
                52,
                24
            ],
            [
                21,
                4,
                51,
                23
            ],
            [
                21,
                4,
                49,
                21
            ],
            [
                21,
                2,
                21,
                19
            ],
            [
                22,
                2,
                44,
                42
            ],
            [
                22,
                4,
                48,
                20
            ],
            [
                22,
                2,
                47,
                45
            ],
            [
                23,
                4,
                50,
                22
            ],
            [
                23,
                2,
                46,
                42
            ],
            [
                23,
                3,
                47,
                33
            ],
            [
                23,
                3,
                53,
                39
            ],
            [
                23,
                3,
                47,
                33
            ],
            [
                23,
                3,
                54,
                40
            ],
            [
                23,
                2,
                11,
                7
            ],
            [
                23,
                4,
                56,
                28
            ],
            [
                24,
                4,
                49,
                21
            ],
            [
                24,
                3,
                49,
                35
            ],
            [
                24,
                2,
                21,
                17
            ],
            [
                24,
                4,
                48,
                20
            ],
            [
                24,
                3,
                47,
                33
            ],
            [
                24,
                2,
                45,
                41
            ],
            [
                25,
                3,
                53,
                39
            ],
            [
                25,
                2,
                21,
                19
            ],
            [
                25,
                2,
                15,
                13
            ],
            [
                25,
                2,
                45,
                43
            ],
            [
                25,
                2,
                45,
                43
            ],
            [
                25,
                2,
                8,
                6
            ],
            [
                25,
                2,
                45,
                43
            ],
            [
                26,
                4,
                52,
                24
            ],
            [
                26,
                4,
                52,
                24
            ],
            [
                27,
                4,
                50,
                22
            ],
            [
                27,
                3,
                54,
                40
            ],
            [
                27,
                2,
                47,
                45
            ],
            [
                27,
                2,
                44,
                42
            ],
            [
                27,
                4,
                50,
                22
            ],
            [
                28,
                3,
                53,
                39
            ],
            [
                28,
                4,
                53,
                25
            ],
            [
                28,
                3,
                54,
                40
            ],
            [
                28,
                2,
                13,
                9
            ],
            [
                28,
                3,
                54,
                40
            ],
            [
                28,
                3,
                54,
                40
            ],
            [
                29,
                2,
                46,
                42
            ],
            [
                29,
                2,
                47,
                43
            ],
            [
                29,
                2,
                42,
                38
            ],
            [
                29,
                2,
                48,
                44
            ],
            [
                29,
                2,
                48,
                44
            ],
            [
                29,
                2,
                45,
                41
            ]
        ],
        "lWaitDayByPriority": [
            6287,
            45,
            1988,
            2199,
            2055
        ],
        "objval": 2874.0579698698257,
        "std_occupancy": 45.229085717381544
    },
    "runtime": 4.423367261886597,
    "simdays": 150,
    "solver": "weekly"
}