{
    "arrivalrate": 6.0,
    "ins_name": 370,
    "ins_path": null,
    "lNoNewPatients": [
        191,
        2,
        79,
        63,
        47
    ],
    "lNoPatients": [
        356,
        2,
        85,
        170,
        99
    ],
    "lNoSections": [
        2542,
        11,
        243,
        1402,
        886
    ],
    "mipgap": 1.0,
    "noLinacs": 4,
    "noSlotsPerDay": 120,
    "planningHorizon": 80,
    "runresult": {
        "avg_occupancy": 50.35277777777778,
        "feasibility": true,
        "lAvgLateDayByPriority": [
            22.774869109947645,
            21.0,
            20.50632911392405,
            29.126984126984127,
            18.148936170212767
        ],
        "lAvgWaitDayByPriority": [
            34.769633507853406,
            21.0,
            22.873417721518987,
            42.55555555555556,
            44.91489361702128
        ],
        "lLateDayByPriority": [
            4350,
            42,
            1620,
            1835,
            853
        ],
        "lOccupancy": {
            "0": [
                0.0,
                0.0,
                0.0,
                0.0,
                0.0,
                0.0,
                0.0,
                0.0,
                0.0,
                1.25,
                0.0,
                0.0,
                0.0,
                0.0,
                0.0,
                0.0,
                0.0,
                0.0,
                0.0,
                0.0,
                0.0,
                0.0,
                0.0,
                0.0,
                0.0,
                0.0,
                0.0,
                0.0,
                0.0,
                0.0,
                0.0,
                0.0,
                0.0,
                0.0,
                0.0,
                0.0,
                0.0,
                0.0,
                0.0,
                0.0,
                0.0,
                0.0,
                0.0,
                0.0,
                0.0,
                0.0,
                0.0,
                0.0,
                0.0,
                1.0416666666666665,
                1.0416666666666665,
                1.0416666666666665,
                1.0416666666666665,
                1.0416666666666665,
                1.0416666666666665,
                1.0416666666666665,
                1.0416666666666665,
                1.0416666666666665,
                1.0416666666666665,
                0.0,
                0.0,
                0.0,
                0.0,
                0.0,
                0.0,
                0.0,
                0.0,
                0.0,
                0.0,
                0.0,
                0.0,
                0.0,
                0.0,
                0.0,
                0.0,
                0.0,
                0.0,
                0.0,
                0.0,
                0.0,
                0.0,
                0.0,
                0.0,
                0.0,
                0.0,
                0.0,
                0.0,
                0.0,
                0.0,
                0.0,
                0.0,
                0.0,
                0.0,
                0.0,
                0.0,
                0.0,
                0.0,
                0.0,
                0.0,
                0.0,
                0.0,
                0.0,
                0.0,
                0.0,
                0.0,
                0.0,
                0.0,
                0.0,
                0.0,
                0.0,
                0.0,
                0.0,
                0.0,
                0.0,
                0.0,
                0.0,
                0.0,
                0.0,
                0.0,
                0.0,
                0.0,
                0.0,
                0.0,
                0.0,
                0.0,
                0.0,
                0.0,
                0.0,
                0.0,
                0.0,
                0.0,
                0.0,
                0.0,
                0.0,
                0.0,
                0.0,
                0.0,
                0.0,
                0.0,
                0.0,
                0.0,
                0.0,
                0.0,
                0.0,
                0.0,
                0.0,
                0.0,
                0.0,
                0.0,
                0.0
            ],
            "1": [
                4.375,
                6.875000000000001,
                12.291666666666666,
                11.25,
                12.708333333333332,
                7.5,
                9.583333333333334,
                9.583333333333334,
                6.25,
                6.25,
                3.3333333333333335,
                5.208333333333334,
                3.75,
                3.5416666666666665,
                3.5416666666666665,
                1.6666666666666667,
                1.6666666666666667,
                1.6666666666666667,
                3.125,
                3.125,
                2.7083333333333335,
                3.958333333333333,
                2.7083333333333335,
                2.7083333333333335,
                2.7083333333333335,
                2.9166666666666665,
                2.9166666666666665,
                2.9166666666666665,
                2.9166666666666665,
                3.3333333333333335,
                3.958333333333333,
                1.6666666666666667,
                3.3333333333333335,
                2.9166666666666665,
                1.6666666666666667,
                1.6666666666666667,
                5.416666666666667,
                7.5,
                6.041666666666667,
                5.208333333333334,
                6.458333333333334,
                9.583333333333334,
                8.541666666666666,
                10.208333333333334,
                8.333333333333332,
                9.166666666666666,
                9.583333333333334,
                7.291666666666667,
                10.416666666666668,
                8.958333333333334,
                7.916666666666666,
                8.333333333333332,
                12.5,
                11.458333333333332,
                17.916666666666668,
                12.291666666666666,
                11.666666666666666,
                12.5,
                12.708333333333332,
                11.041666666666666,
                6.875000000000001,
                3.958333333333333,
                3.958333333333333,
                1.0416666666666665,
                1.0416666666666665,
                1.0416666666666665,
                0.0,
                0.0,
                0.0,
                0.0,
                0.0,
                0.0,
                0.0,
                0.0,
                0.0,
                0.0,
                0.0,
                0.0,
                0.0,
                0.0,
                0.0,
                0.0,
                0.0,
                0.0,
                0.0,
                0.0,
                0.0,
                0.0,
                0.0,
                0.0,
                0.0,
                0.0,
                0.0,
                0.0,
                0.0,
                0.0,
                0.0,
                0.0,
                0.0,
                0.0,
                0.0,
                0.0,
                0.0,
                0.0,
                0.0,
                0.0,
                0.0,
                0.0,
                0.0,
                0.0,
                0.0,
                0.0,
                0.0,
                0.0,
                0.0,
                0.0,
                0.0,
                0.0,
                0.0,
                0.0,
                0.0,
                0.0,
                0.0,
                0.0,
                0.0,
                0.0,
                0.0,
                0.0,
                0.0,
                0.0,
                0.0,
                0.0,
                0.0,
                0.0,
                0.0,
                0.0,
                0.0,
                0.0,
                0.0,
                0.0,
                0.0,
                0.0,
                0.0,
                0.0,
                0.0,
                0.0,
                0.0,
                0.0,
                0.0,
                0.0
            ],
            "2": [
                68.33333333333333,
                67.29166666666667,
                67.29166666666667,
                68.95833333333333,
                66.66666666666666,
                63.95833333333333,
                65.83333333333333,
                63.541666666666664,
                59.375,
                59.791666666666664,
                55.208333333333336,
                52.5,
                54.37499999999999,
                55.625,
                55.625,
                58.75,
                59.791666666666664,
                59.791666666666664,
                56.25,
                56.25,
                53.333333333333336,
                53.75,
                54.166666666666664,
                58.333333333333336,
                60.20833333333333,
                58.958333333333336,
                55.41666666666667,
                56.458333333333336,
                56.25,
                56.458333333333336,
                56.458333333333336,
                57.70833333333333,
                59.375,
                61.25000000000001,
                59.583333333333336,
                61.04166666666667,
                58.333333333333336,
                57.08333333333333,
                57.70833333333333,
                62.5,
                59.375,
                59.583333333333336,
                58.333333333333336,
                60.0,
                60.0,
                62.291666666666664,
                65.625,
                65.625,
                60.83333333333333,
                60.62499999999999,
                59.166666666666664,
                62.083333333333336,
                57.08333333333333,
                57.08333333333333,
                54.37499999999999,
                57.70833333333333,
                57.49999999999999,
                57.49999999999999,
                54.79166666666667,
                57.70833333333333,
                57.49999999999999,
                56.666666666666664,
                54.58333333333333,
                53.333333333333336,
                53.333333333333336,
                54.58333333333333,
                51.24999999999999,
                46.041666666666664,
                46.041666666666664,
                41.25,
                36.45833333333333,
                33.125,
                31.458333333333332,
                29.791666666666668,
                25.0,
                25.0,
                23.333333333333332,
                23.333333333333332,
                23.333333333333332,
                23.333333333333332,
                23.333333333333332,
                22.083333333333332,
                21.041666666666668,
                21.041666666666668,
                18.125,
                18.125,
                18.125,
                15.625,
                13.958333333333334,
                8.958333333333334,
                7.708333333333334,
                7.708333333333334,
                6.458333333333334,
                6.458333333333334,
                4.166666666666666,
                2.9166666666666665,
                2.9166666666666665,
                2.9166666666666665,
                1.25,
                1.25,
                0.0,
                0.0,
                0.0,
                0.0,
                0.0,
                0.0,
                0.0,
                0.0,
                0.0,
                0.0,
                0.0,
                0.0,
                0.0,
                0.0,
                0.0,
                0.0,
                0.0,
                0.0,
                0.0,
                0.0,
                0.0,
                0.0,
                0.0,
                0.0,
                0.0,
                0.0,
                0.0,
                0.0,
                0.0,
                0.0,
                0.0,
                0.0,
                0.0,
                0.0,
                0.0,
                0.0,
                0.0,
                0.0,
                0.0,
                0.0,
                0.0,
                0.0,
                0.0,
                0.0,
                0.0,
                0.0,
                0.0,
                0.0,
                0.0,
                0.0
            ],
            "3": [
                15.416666666666668,
                15.416666666666668,
                15.416666666666668,
                13.958333333333334,
                15.416666666666668,
                18.333333333333332,
                22.708333333333332,
                25.624999999999996,
                31.458333333333332,
                31.458333333333332,
                40.833333333333336,
                40.833333333333336,
                40.833333333333336,
                39.375,
                39.375,
                37.708333333333336,
                36.25,
                36.25,
                38.333333333333336,
                39.166666666666664,
                41.66666666666667,
                41.25,
                41.458333333333336,
                38.54166666666667,
                35.833333333333336,
                37.291666666666664,
                40.833333333333336,
                39.375,
                39.375,
                39.375,
                38.333333333333336,
                38.333333333333336,
                35.833333333333336,
                34.375,
                36.041666666666664,
                35.41666666666667,
                35.208333333333336,
                35.208333333333336,
                35.208333333333336,
                30.0,
                31.666666666666664,
                28.749999999999996,
                31.25,
                28.749999999999996,
                30.625000000000004,
                27.916666666666668,
                23.958333333333336,
                23.958333333333336,
                26.875,
                26.875,
                28.958333333333336,
                26.875,
                28.125,
                27.708333333333336,
                26.041666666666668,
                27.916666666666668,
                27.083333333333332,
                28.125,
                30.208333333333332,
                30.208333333333332,
                30.208333333333332,
                32.29166666666667,
                34.375,
                34.375,
                34.375,
                34.791666666666664,
                37.916666666666664,
                36.666666666666664,
                32.916666666666664,
                29.583333333333332,
                27.916666666666668,
                25.208333333333332,
                25.208333333333332,
                25.208333333333332,
                23.958333333333336,
                23.958333333333336,
                22.708333333333332,
                21.666666666666668,
                17.083333333333332,
                16.041666666666668,
                14.374999999999998,
                11.041666666666666,
                9.791666666666666,
                8.75,
                8.75,
                8.75,
                6.666666666666667,
                4.375,
                4.375,
                4.375,
                4.375,
                3.125,
                0.0,
                0.0,
                0.0,
                0.0,
                0.0,
                0.0,
                0.0,
                0.0,
                0.0,
                0.0,
                0.0,
                0.0,
                0.0,
                0.0,
                0.0,
                0.0,
                0.0,
                0.0,
                0.0,
                0.0,
                0.0,
                0.0,
                0.0,
                0.0,
                0.0,
                0.0,
                0.0,
                0.0,
                0.0,
                0.0,
                0.0,
                0.0,
                0.0,
                0.0,
                0.0,
                0.0,
                0.0,
                0.0,
                0.0,
                0.0,
                0.0,
                0.0,
                0.0,
                0.0,
                0.0,
                0.0,
                0.0,
                0.0,
                0.0,
                0.0,
                0.0,
                0.0,
                0.0,
                0.0,
                0.0,
                0.0,
                0.0,
                0.0
            ],
            "overall": [
                88.125,
                89.58333333333334,
                95.00000000000001,
                94.16666666666666,
                94.79166666666666,
                89.79166666666666,
                98.12499999999999,
                98.75,
                97.08333333333333,
                98.74999999999999,
                99.375,
                98.54166666666667,
                98.95833333333333,
                98.54166666666666,
                98.54166666666666,
                98.125,
                97.70833333333333,
                97.70833333333333,
                97.70833333333334,
                98.54166666666666,
                97.70833333333334,
                98.95833333333334,
                98.33333333333334,
                99.58333333333334,
                98.75,
                99.16666666666666,
                99.16666666666667,
                98.75,
                98.54166666666666,
                99.16666666666667,
                98.75,
                97.70833333333333,
                98.54166666666667,
                98.54166666666667,
                97.29166666666666,
                98.125,
                98.95833333333334,
                99.79166666666666,
                98.95833333333333,
                97.70833333333333,
                97.5,
                97.91666666666667,
                98.125,
                98.95833333333333,
                98.95833333333333,
                99.375,
                99.16666666666666,
                96.875,
                98.125,
                97.5,
                97.08333333333334,
                98.33333333333333,
                98.75,
                97.29166666666666,
                99.375,
                98.95833333333333,
                97.29166666666666,
                99.16666666666666,
                98.75,
                98.95833333333333,
                94.58333333333333,
                92.91666666666667,
                92.91666666666666,
                88.75,
                88.75,
                90.41666666666666,
                89.16666666666666,
                82.70833333333333,
                78.95833333333333,
                70.83333333333333,
                64.375,
                58.33333333333333,
                56.666666666666664,
                55.0,
                48.958333333333336,
                48.958333333333336,
                46.041666666666664,
                45.0,
                40.416666666666664,
                39.375,
                37.70833333333333,
                33.125,
                30.833333333333336,
                29.791666666666668,
                26.875,
                26.875,
                24.791666666666668,
                20.0,
                18.333333333333336,
                13.333333333333334,
                12.083333333333334,
                10.833333333333334,
                6.458333333333334,
                6.458333333333334,
                4.166666666666666,
                2.9166666666666665,
                2.9166666666666665,
                2.9166666666666665,
                1.25,
                1.25,
                0.0,
                0.0,
                0.0,
                0.0,
                0.0,
                0.0,
                0.0,
                0.0,
                0.0,
                0.0,
                0.0,
                0.0,
                0.0,
                0.0,
                0.0,
                0.0,
                0.0,
                0.0,
                0.0,
                0.0,
                0.0,
                0.0,
                0.0,
                0.0,
                0.0,
                0.0,
                0.0,
                0.0,
                0.0,
                0.0,
                0.0,
                0.0,
                0.0,
                0.0,
                0.0,
                0.0,
                0.0,
                0.0,
                0.0,
                0.0,
                0.0,
                0.0,
                0.0,
                0.0,
                0.0,
                0.0,
                0.0,
                0.0,
                0.0,
                0.0
            ]
        },
        "lWaitAndOverdue": [
            [
                0,
                2,
                2,
                0
            ],
            [
                0,
                4,
                14,
                0
            ],
            [
                0,
                4,
                14,
                0
            ],
            [
                0,
                4,
                14,
                0
            ],
            [
                1,
                3,
                7,
                0
            ],
            [
                1,
                3,
                9,
                0
            ],
            [
                1,
                3,
                10,
                0
            ],
            [
                1,
                2,
                1,
                0
            ],
            [
                1,
                3,
                8,
                0
            ],
            [
                1,
                3,
                7,
                0
            ],
            [
                1,
                2,
                2,
                0
            ],
            [
                1,
                2,
                0,
                0
            ],
            [
                1,
                3,
                7,
                0
            ],
            [
                2,
                3,
                19,
                5
            ],
            [
                2,
                3,
                41,
                27
            ],
            [
                2,
                3,
                44,
                30
            ],
            [
                2,
                2,
                1,
                0
            ],
            [
                2,
                2,
                1,
                0
            ],
            [
                2,
                2,
                2,
                0
            ],
            [
                2,
                4,
                44,
                16
            ],
            [
                2,
                2,
                0,
                0
            ],
            [
                2,
                3,
                44,
                30
            ],
            [
                2,
                4,
                44,
                16
            ],
            [
                2,
                2,
                2,
                0
            ],
            [
                2,
                3,
                47,
                33
            ],
            [
                3,
                2,
                1,
                0
            ],
            [
                3,
                3,
                48,
                34
            ],
            [
                3,
                3,
                18,
                4
            ],
            [
                3,
                2,
                1,
                0
            ],
            [
                4,
                4,
                21,
                0
            ],
            [
                4,
                3,
                46,
                32
            ],
            [
                4,
                2,
                3,
                0
            ],
            [
                4,
                4,
                46,
                18
            ],
            [
                4,
                3,
                47,
                33
            ],
            [
                4,
                3,
                47,
                33
            ],
            [
                4,
                3,
                47,
                33
            ],
            [
                5,
                3,
                45,
                31
            ],
            [
                5,
                3,
                45,
                31
            ],
            [
                5,
                3,
                46,
                32
            ],
            [
                5,
                2,
                1,
                0
            ],
            [
                5,
                2,
                1,
                0
            ],
            [
                5,
                2,
                1,
                0
            ],
            [
                5,
                2,
                8,
                6
            ],
            [
                6,
                2,
                3,
                1
            ],
            [
                6,
                1,
                3,
                3
            ],
            [
                6,
                4,
                45,
                17
            ],
            [
                6,
                3,
                45,
                31
            ],
            [
                6,
                3,
                45,
                31
            ],
            [
                7,
                2,
                2,
                0
            ],
            [
                7,
                4,
                19,
                0
            ],
            [
                7,
                3,
                44,
                30
            ],
            [
                7,
                3,
                44,
                30
            ],
            [
                7,
                2,
                2,
                0
            ],
            [
                7,
                3,
                44,
                30
            ],
            [
                7,
                2,
                8,
                6
            ],
            [
                7,
                2,
                5,
                3
            ],
            [
                8,
                2,
                5,
                1
            ],
            [
                8,
                3,
                46,
                32
            ],
            [
                8,
                4,
                46,
                18
            ],
            [
                8,
                3,
                46,
                32
            ],
            [
                9,
                2,
                13,
                9
            ],
            [
                9,
                2,
                6,
                2
            ],
            [
                9,
                3,
                45,
                31
            ],
            [
                9,
                4,
                45,
                17
            ],
            [
                9,
                2,
                7,
                3
            ],
            [
                9,
                3,
                46,
                32
            ],
            [
                9,
                2,
                17,
                13
            ],
            [
                9,
                2,
                17,
                13
            ],
            [
                9,
                2,
                46,
                42
            ],
            [
                10,
                2,
                21,
                19
            ],
            [
                10,
                2,
                25,
                23
            ],
            [
                10,
                2,
                37,
                35
            ],
            [
                10,
                2,
                21,
                19
            ],
            [
                10,
                4,
                44,
                16
            ],
            [
                10,
                2,
                2,
                0
            ],
            [
                11,
                4,
                42,
                14
            ],
            [
                11,
                3,
                44,
                30
            ],
            [
                11,
                4,
                43,
                15
            ],
            [
                11,
                2,
                38,
                36
            ],
            [
                11,
                2,
                14,
                12
            ],
            [
                11,
                2,
                22,
                20
            ],
            [
                11,
                4,
                43,
                15
            ],
            [
                11,
                3,
                43,
                29
            ],
            [
                12,
                2,
                26,
                24
            ],
            [
                12,
                3,
                47,
                33
            ],
            [
                12,
                3,
                48,
                34
            ],
            [
                12,
                3,
                43,
                29
            ],
            [
                12,
                4,
                47,
                19
            ],
            [
                12,
                3,
                48,
                34
            ],
            [
                12,
                4,
                44,
                16
            ],
            [
                13,
                3,
                49,
                35
            ],
            [
                13,
                2,
                27,
                23
            ],
            [
                13,
                2,
                36,
                32
            ],
            [
                14,
                4,
                48,
                20
            ],
            [
                14,
                3,
                48,
                34
            ],
            [
                15,
                2,
                36,
                34
            ],
            [
                15,
                2,
                29,
                27
            ],
            [
                15,
                2,
                37,
                35
            ],
            [
                15,
                3,
                45,
                31
            ],
            [
                15,
                4,
                45,
                17
            ],
            [
                15,
                2,
                42,
                40
            ],
            [
                16,
                2,
                34,
                32
            ],
            [
                16,
                3,
                44,
                30
            ],
            [
                16,
                2,
                30,
                28
            ],
            [
                16,
                2,
                36,
                34
            ],
            [
                17,
                3,
                44,
                30
            ],
            [
                17,
                3,
                44,
                30
            ],
            [
                17,
                4,
                47,
                19
            ],
            [
                17,
                4,
                47,
                19
            ],
            [
                18,
                3,
                47,
                33
            ],
            [
                18,
                3,
                47,
                33
            ],
            [
                18,
                2,
                40,
                36
            ],
            [
                18,
                3,
                47,
                33
            ],
            [
                18,
                2,
                42,
                38
            ],
            [
                18,
                4,
                47,
                19
            ],
            [
                18,
                2,
                29,
                25
            ],
            [
                18,
                2,
                42,
                38
            ],
            [
                18,
                2,
                43,
                39
            ],
            [
                19,
                2,
                20,
                16
            ],
            [
                19,
                4,
                47,
                19
            ],
            [
                19,
                4,
                48,
                20
            ],
            [
                19,
                4,
                48,
                20
            ],
            [
                19,
                4,
                49,
                21
            ],
            [
                19,
                3,
                49,
                35
            ],
            [
                20,
                2,
                30,
                28
            ],
            [
                20,
                3,
                46,
                32
            ],
            [
                20,
                2,
                31,
                29
            ],
            [
                20,
                2,
                43,
                41
            ],
            [
                20,
                3,
                46,
                32
            ],
            [
                20,
                2,
                46,
                44
            ],
            [
                20,
                2,
                43,
                41
            ],
            [
                20,
                2,
                44,
                42
            ],
            [
                20,
                1,
                39,
                39
            ],
            [
                21,
                2,
                45,
                43
            ],
            [
                21,
                2,
                45,
                43
            ],
            [
                21,
                3,
                48,
                34
            ],
            [
                21,
                3,
                48,
                34
            ],
            [
                21,
                4,
                48,
                20
            ],
            [
                21,
                3,
                49,
                35
            ],
            [
                21,
                2,
                13,
                11
            ],
            [
                22,
                4,
                48,
                20
            ],
            [
                22,
                4,
                49,
                21
            ],
            [
                22,
                2,
                21,
                19
            ],
            [
                22,
                4,
                50,
                22
            ],
            [
                22,
                4,
                50,
                22
            ],
            [
                23,
                4,
                50,
                22
            ],
            [
                23,
                3,
                50,
                36
            ],
            [
                23,
                4,
                50,
                22
            ],
            [
                23,
                3,
                50,
                36
            ],
            [
                23,
                3,
                50,
                36
            ],
            [
                24,
                4,
                49,
                21
            ],
            [
                24,
                4,
                49,
                21
            ],
            [
                24,
                3,
                53,
                39
            ],
            [
                24,
                2,
                18,
                14
            ],
            [
                25,
                2,
                42,
                40
            ],
            [
                25,
                3,
                49,
                35
            ],
            [
                25,
                4,
                49,
                21
            ],
            [
                25,
                4,
                50,
                22
            ],
            [
                25,
                4,
                50,
                22
            ],
            [
                25,
                4,
                50,
                22
            ],
            [
                26,
                2,
                16,
                14
            ],
            [
                26,
                2,
                27,
                25
            ],
            [
                26,
                4,
                50,
                22
            ],
            [
                26,
                2,
                36,
                34
            ],
            [
                26,
                4,
                50,
                22
            ],
            [
                26,
                2,
                37,
                35
            ],
            [
                26,
                3,
                51,
                37
            ],
            [
                26,
                3,
                52,
                38
            ],
            [
                26,
                3,
                52,
                38
            ],
            [
                26,
                3,
                52,
                38
            ],
            [
                26,
                2,
                16,
                14
            ],
            [
                26,
                4,
                55,
                27
            ],
            [
                27,
                4,
                54,
                26
            ],
            [
                27,
                3,
                54,
                40
            ],
            [
                27,
                2,
                23,
                21
            ],
            [
                27,
                4,
                55,
                27
            ],
            [
                27,
                3,
                49,
                35
            ],
            [
                27,
                2,
                42,
                40
            ],
            [
                27,
                3,
                54,
                40
            ],
            [
                27,
                2,
                36,
                34
            ],
            [
                27,
                2,
                37,
                35
            ],
            [
                27,
                2,
                41,
                39
            ],
            [
                27,
                2,
                41,
                39
            ],
            [
                28,
                2,
                25,
                21
            ],
            [
                28,
                2,
                40,
                36
            ],
            [
                28,
                4,
                54,
                26
            ],
            [
                28,
                4,
                55,
                27
            ],
            [
                28,
                4,
                55,
                27
            ],
            [
                29,
                3,
                54,
                40
            ],
            [
                29,
                2,
                41,
                37
            ],
            [
                29,
                2,
                41,
                37
            ]
        ],
        "lWaitDayByPriority": [
            6641,
            42,
            1807,
            2681,
            2111
        ],
        "objval": 2814.986875798888,
        "std_occupancy": 44.979811229148986
    },
    "runtime": 0.8180902004241943,
    "simdays": 150,
    "solver": "greedy"
}