{
    "arrivalrate": 6.0,
    "ins_name": 425,
    "ins_path": null,
    "lNoNewPatients": [
        181,
        1,
        70,
        70,
        40
    ],
    "lNoPatients": [
        308,
        1,
        73,
        155,
        79
    ],
    "lNoSections": [
        2346,
        1,
        199,
        1378,
        768
    ],
    "mipgap": 1.0,
    "noLinacs": 4,
    "noSlotsPerDay": 120,
    "planningHorizon": 80,
    "runresult": {
        "avg_occupancy": 43.8,
        "feasibility": true,
        "lAvgLateDayByPriority": [
            14.734806629834255,
            22.0,
            19.014285714285716,
            16.042857142857144,
            4.775
        ],
        "lAvgWaitDayByPriority": [
            26.425414364640883,
            22.0,
            21.542857142857144,
            29.4,
            29.875
        ],
        "lLateDayByPriority": [
            2667,
            22,
            1331,
            1123,
            191
        ],
        "lOccupancy": {
            "0": [
                0.0,
                0.0,
                0.0,
                0.0,
                0.0,
                0.0,
                0.0,
                0.0,
                0.0,
                0.0,
                0.0,
                0.0,
                0.0,
                0.0,
                0.0,
                0.0,
                0.0,
                0.0,
                0.0,
                0.0,
                0.0,
                0.0,
                0.0,
                0.0,
                0.0,
                0.0,
                0.0,
                0.0,
                0.0,
                0.0,
                0.0,
                1.25,
                0.0,
                0.0,
                0.0,
                0.0,
                0.0,
                0.0,
                0.0,
                0.0,
                0.0,
                0.0,
                0.0,
                0.0,
                0.0,
                0.0,
                0.0,
                0.0,
                0.0,
                0.0,
                0.0,
                0.0,
                0.0,
                0.0,
                0.0,
                0.0,
                0.0,
                0.0,
                0.0,
                0.0,
                0.0,
                0.0,
                0.0,
                0.0,
                0.0,
                0.0,
                0.0,
                0.0,
                0.0,
                0.0,
                0.0,
                0.0,
                0.0,
                0.0,
                0.0,
                0.0,
                0.0,
                0.0,
                0.0,
                0.0,
                0.0,
                0.0,
                0.0,
                0.0,
                0.0,
                0.0,
                0.0,
                0.0,
                0.0,
                0.0,
                0.0,
                0.0,
                0.0,
                0.0,
                0.0,
                0.0,
                0.0,
                0.0,
                0.0,
                0.0,
                0.0,
                0.0,
                0.0,
                0.0,
                0.0,
                0.0,
                0.0,
                0.0,
                0.0,
                0.0,
                0.0,
                0.0,
                0.0,
                0.0,
                0.0,
                0.0,
                0.0,
                0.0,
                0.0,
                0.0,
                0.0,
                0.0,
                0.0,
                0.0,
                0.0,
                0.0,
                0.0,
                0.0,
                0.0,
                0.0,
                0.0,
                0.0,
                0.0,
                0.0,
                0.0,
                0.0,
                0.0,
                0.0,
                0.0,
                0.0,
                0.0,
                0.0,
                0.0,
                0.0,
                0.0,
                0.0,
                0.0,
                0.0,
                0.0,
                0.0
            ],
            "1": [
                5.625,
                7.5,
                8.125,
                5.416666666666667,
                9.791666666666666,
                7.083333333333333,
                5.208333333333334,
                1.4583333333333333,
                1.4583333333333333,
                4.375,
                1.4583333333333333,
                2.9166666666666665,
                2.9166666666666665,
                2.9166666666666665,
                2.7083333333333335,
                3.3333333333333335,
                4.166666666666666,
                2.7083333333333335,
                2.7083333333333335,
                2.7083333333333335,
                2.7083333333333335,
                2.7083333333333335,
                2.7083333333333335,
                2.7083333333333335,
                1.4583333333333333,
                5.0,
                6.041666666666667,
                5.208333333333334,
                5.208333333333334,
                4.166666666666666,
                5.416666666666667,
                4.166666666666666,
                5.416666666666667,
                5.416666666666667,
                6.875000000000001,
                6.666666666666667,
                6.041666666666667,
                6.875000000000001,
                8.125,
                6.041666666666667,
                9.375,
                9.583333333333334,
                10.625,
                9.375,
                14.374999999999998,
                7.916666666666666,
                7.916666666666666,
                7.916666666666666,
                7.916666666666666,
                7.916666666666666,
                10.416666666666668,
                12.708333333333332,
                7.916666666666666,
                7.916666666666666,
                7.916666666666666,
                8.541666666666666,
                8.125,
                3.3333333333333335,
                3.3333333333333335,
                1.6666666666666667,
                0.0,
                0.0,
                0.0,
                0.0,
                0.0,
                0.0,
                0.0,
                0.0,
                0.0,
                0.0,
                0.0,
                0.0,
                0.0,
                0.0,
                0.0,
                0.0,
                0.0,
                0.0,
                0.0,
                0.0,
                0.0,
                0.0,
                0.0,
                0.0,
                0.0,
                0.0,
                0.0,
                0.0,
                0.0,
                0.0,
                0.0,
                0.0,
                0.0,
                0.0,
                0.0,
                0.0,
                0.0,
                0.0,
                0.0,
                0.0,
                0.0,
                0.0,
                0.0,
                0.0,
                0.0,
                0.0,
                0.0,
                0.0,
                0.0,
                0.0,
                0.0,
                0.0,
                0.0,
                0.0,
                0.0,
                0.0,
                0.0,
                0.0,
                0.0,
                0.0,
                0.0,
                0.0,
                0.0,
                0.0,
                0.0,
                0.0,
                0.0,
                0.0,
                0.0,
                0.0,
                0.0,
                0.0,
                0.0,
                0.0,
                0.0,
                0.0,
                0.0,
                0.0,
                0.0,
                0.0,
                0.0,
                0.0,
                0.0,
                0.0,
                0.0,
                0.0,
                0.0,
                0.0,
                0.0,
                0.0
            ],
            "2": [
                68.95833333333333,
                70.0,
                68.33333333333333,
                66.45833333333333,
                66.25,
                70.625,
                77.08333333333334,
                75.0,
                71.45833333333333,
                66.66666666666666,
                62.708333333333336,
                57.08333333333333,
                54.79166666666667,
                55.00000000000001,
                55.00000000000001,
                52.708333333333336,
                54.58333333333333,
                57.49999999999999,
                55.208333333333336,
                55.208333333333336,
                54.166666666666664,
                51.87500000000001,
                51.87500000000001,
                50.0,
                50.416666666666664,
                49.166666666666664,
                51.66666666666667,
                57.08333333333333,
                54.79166666666667,
                56.458333333333336,
                52.708333333333336,
                53.75,
                53.333333333333336,
                53.75,
                53.75,
                56.458333333333336,
                55.208333333333336,
                59.791666666666664,
                60.62499999999999,
                58.333333333333336,
                59.375,
                62.083333333333336,
                62.5,
                61.25000000000001,
                59.791666666666664,
                65.20833333333333,
                65.20833333333333,
                65.0,
                65.0,
                66.25,
                61.04166666666667,
                58.958333333333336,
                62.083333333333336,
                62.083333333333336,
                62.5,
                62.5,
                60.62499999999999,
                53.95833333333333,
                51.041666666666664,
                51.041666666666664,
                47.91666666666667,
                43.541666666666664,
                40.416666666666664,
                40.416666666666664,
                38.75,
                37.291666666666664,
                34.375,
                32.708333333333336,
                26.875,
                25.208333333333332,
                18.75,
                18.75,
                18.75,
                18.75,
                12.291666666666666,
                10.625,
                7.5,
                4.166666666666666,
                4.166666666666666,
                4.166666666666666,
                4.166666666666666,
                4.166666666666666,
                2.9166666666666665,
                2.9166666666666665,
                2.9166666666666665,
                2.9166666666666665,
                2.9166666666666665,
                1.25,
                1.25,
                0.0,
                0.0,
                0.0,
                0.0,
                0.0,
                0.0,
                0.0,
                0.0,
                0.0,
                0.0,
                0.0,
                0.0,
                0.0,
                0.0,
                0.0,
                0.0,
                0.0,
                0.0,
                0.0,
                0.0,
                0.0,
                0.0,
                0.0,
                0.0,
                0.0,
                0.0,
                0.0,
                0.0,
                0.0,
                0.0,
                0.0,
                0.0,
                0.0,
                0.0,
                0.0,
                0.0,
                0.0,
                0.0,
                0.0,
                0.0,
                0.0,
                0.0,
                0.0,
                0.0,
                0.0,
                0.0,
                0.0,
                0.0,
                0.0,
                0.0,
                0.0,
                0.0,
                0.0,
                0.0,
                0.0,
                0.0,
                0.0,
                0.0,
                0.0,
                0.0,
                0.0
            ],
            "3": [
                13.541666666666666,
                14.583333333333334,
                15.625,
                16.666666666666664,
                16.666666666666664,
                15.416666666666668,
                15.833333333333332,
                19.791666666666664,
                24.583333333333332,
                28.333333333333332,
                33.958333333333336,
                38.333333333333336,
                41.25,
                41.25,
                41.25,
                42.70833333333333,
                39.791666666666664,
                37.708333333333336,
                40.625,
                40.625,
                41.66666666666667,
                44.166666666666664,
                44.583333333333336,
                45.0,
                44.583333333333336,
                44.583333333333336,
                40.625,
                36.666666666666664,
                39.166666666666664,
                37.708333333333336,
                41.041666666666664,
                39.58333333333333,
                40.625,
                40.625,
                37.916666666666664,
                34.166666666666664,
                35.833333333333336,
                31.874999999999996,
                30.0,
                32.708333333333336,
                29.166666666666668,
                26.25,
                25.0,
                27.291666666666664,
                24.791666666666668,
                23.958333333333336,
                23.958333333333336,
                23.958333333333336,
                23.958333333333336,
                22.916666666666664,
                25.208333333333332,
                26.458333333333332,
                26.25,
                26.25,
                26.25,
                26.25,
                26.25,
                27.708333333333336,
                26.25,
                24.583333333333332,
                24.583333333333332,
                21.458333333333332,
                20.416666666666668,
                15.416666666666668,
                15.416666666666668,
                14.374999999999998,
                14.374999999999998,
                14.374999999999998,
                13.333333333333334,
                11.666666666666666,
                11.666666666666666,
                11.666666666666666,
                8.333333333333332,
                8.333333333333332,
                8.333333333333332,
                6.875000000000001,
                5.625,
                5.625,
                5.625,
                5.625,
                5.625,
                4.375,
                3.125,
                3.125,
                3.125,
                2.083333333333333,
                2.083333333333333,
                2.083333333333333,
                2.083333333333333,
                1.0416666666666665,
                0.0,
                0.0,
                0.0,
                0.0,
                0.0,
                0.0,
                0.0,
                0.0,
                0.0,
                0.0,
                0.0,
                0.0,
                0.0,
                0.0,
                0.0,
                0.0,
                0.0,
                0.0,
                0.0,
                0.0,
                0.0,
                0.0,
                0.0,
                0.0,
                0.0,
                0.0,
                0.0,
                0.0,
                0.0,
                0.0,
                0.0,
                0.0,
                0.0,
                0.0,
                0.0,
                0.0,
                0.0,
                0.0,
                0.0,
                0.0,
                0.0,
                0.0,
                0.0,
                0.0,
                0.0,
                0.0,
                0.0,
                0.0,
                0.0,
                0.0,
                0.0,
                0.0,
                0.0,
                0.0,
                0.0,
                0.0,
                0.0,
                0.0,
                0.0,
                0.0
            ],
            "overall": [
                88.125,
                92.08333333333333,
                92.08333333333333,
                88.54166666666666,
                92.70833333333334,
                93.125,
                98.125,
                96.25,
                97.49999999999999,
                99.37499999999999,
                98.125,
                98.33333333333333,
                98.95833333333334,
                99.16666666666667,
                98.95833333333334,
                98.75,
                98.54166666666666,
                97.91666666666666,
                98.54166666666667,
                98.54166666666667,
                98.54166666666667,
                98.75,
                99.16666666666669,
                97.70833333333334,
                96.45833333333334,
                98.75,
                98.33333333333334,
                98.95833333333333,
                99.16666666666667,
                98.33333333333334,
                99.16666666666666,
                98.75,
                99.375,
                99.79166666666666,
                98.54166666666666,
                97.29166666666666,
                97.08333333333334,
                98.54166666666667,
                98.75,
                97.08333333333334,
                97.91666666666667,
                97.91666666666667,
                98.125,
                97.91666666666666,
                98.95833333333333,
                97.08333333333334,
                97.08333333333334,
                96.875,
                96.875,
                97.08333333333334,
                96.66666666666667,
                98.125,
                96.25,
                96.25,
                96.66666666666667,
                97.29166666666667,
                95.0,
                85.0,
                80.625,
                77.29166666666666,
                72.5,
                65.0,
                60.83333333333333,
                55.83333333333333,
                54.16666666666667,
                51.666666666666664,
                48.75,
                47.083333333333336,
                40.208333333333336,
                36.875,
                30.416666666666664,
                30.416666666666664,
                27.083333333333332,
                27.083333333333332,
                20.625,
                17.5,
                13.125,
                9.791666666666666,
                9.791666666666666,
                9.791666666666666,
                9.791666666666666,
                8.541666666666666,
                6.041666666666666,
                6.041666666666666,
                6.041666666666666,
                5.0,
                5.0,
                3.333333333333333,
                3.333333333333333,
                1.0416666666666665,
                0.0,
                0.0,
                0.0,
                0.0,
                0.0,
                0.0,
                0.0,
                0.0,
                0.0,
                0.0,
                0.0,
                0.0,
                0.0,
                0.0,
                0.0,
                0.0,
                0.0,
                0.0,
                0.0,
                0.0,
                0.0,
                0.0,
                0.0,
                0.0,
                0.0,
                0.0,
                0.0,
                0.0,
                0.0,
                0.0,
                0.0,
                0.0,
                0.0,
                0.0,
                0.0,
                0.0,
                0.0,
                0.0,
                0.0,
                0.0,
                0.0,
                0.0,
                0.0,
                0.0,
                0.0,
                0.0,
                0.0,
                0.0,
                0.0,
                0.0,
                0.0,
                0.0,
                0.0,
                0.0,
                0.0,
                0.0,
                0.0,
                0.0,
                0.0,
                0.0
            ]
        },
        "lWaitAndOverdue": [
            [
                0,
                2,
                0,
                0
            ],
            [
                0,
                3,
                8,
                0
            ],
            [
                0,
                3,
                10,
                0
            ],
            [
                0,
                3,
                8,
                0
            ],
            [
                0,
                4,
                9,
                0
            ],
            [
                0,
                2,
                2,
                0
            ],
            [
                1,
                2,
                0,
                0
            ],
            [
                1,
                4,
                9,
                0
            ],
            [
                1,
                3,
                7,
                0
            ],
            [
                1,
                2,
                1,
                0
            ],
            [
                1,
                3,
                9,
                0
            ],
            [
                1,
                3,
                6,
                0
            ],
            [
                1,
                4,
                7,
                0
            ],
            [
                1,
                4,
                10,
                0
            ],
            [
                1,
                4,
                8,
                0
            ],
            [
                2,
                3,
                9,
                0
            ],
            [
                2,
                4,
                12,
                0
            ],
            [
                2,
                3,
                13,
                0
            ],
            [
                2,
                2,
                1,
                0
            ],
            [
                2,
                3,
                13,
                0
            ],
            [
                2,
                2,
                2,
                0
            ],
            [
                2,
                2,
                0,
                0
            ],
            [
                3,
                4,
                32,
                4
            ],
            [
                3,
                4,
                32,
                4
            ],
            [
                3,
                3,
                14,
                0
            ],
            [
                3,
                2,
                8,
                4
            ],
            [
                3,
                2,
                1,
                0
            ],
            [
                3,
                3,
                13,
                0
            ],
            [
                3,
                4,
                26,
                0
            ],
            [
                4,
                3,
                31,
                17
            ],
            [
                4,
                4,
                28,
                0
            ],
            [
                4,
                3,
                31,
                17
            ],
            [
                4,
                3,
                31,
                17
            ],
            [
                4,
                3,
                13,
                0
            ],
            [
                5,
                3,
                29,
                15
            ],
            [
                5,
                3,
                29,
                15
            ],
            [
                5,
                2,
                0,
                0
            ],
            [
                5,
                4,
                28,
                0
            ],
            [
                5,
                2,
                8,
                6
            ],
            [
                5,
                4,
                29,
                1
            ],
            [
                6,
                2,
                13,
                11
            ],
            [
                6,
                3,
                29,
                15
            ],
            [
                6,
                2,
                14,
                12
            ],
            [
                6,
                2,
                14,
                12
            ],
            [
                6,
                3,
                28,
                14
            ],
            [
                7,
                4,
                29,
                1
            ],
            [
                7,
                3,
                28,
                14
            ],
            [
                7,
                3,
                29,
                15
            ],
            [
                7,
                3,
                28,
                14
            ],
            [
                7,
                2,
                2,
                0
            ],
            [
                8,
                3,
                28,
                14
            ],
            [
                8,
                3,
                29,
                15
            ],
            [
                8,
                2,
                13,
                9
            ],
            [
                9,
                3,
                28,
                14
            ],
            [
                9,
                3,
                28,
                14
            ],
            [
                9,
                2,
                14,
                10
            ],
            [
                9,
                2,
                19,
                15
            ],
            [
                9,
                4,
                31,
                3
            ],
            [
                9,
                2,
                7,
                3
            ],
            [
                9,
                4,
                31,
                3
            ],
            [
                9,
                4,
                27,
                0
            ],
            [
                10,
                4,
                30,
                2
            ],
            [
                10,
                3,
                29,
                15
            ],
            [
                10,
                3,
                29,
                15
            ],
            [
                10,
                3,
                31,
                17
            ],
            [
                10,
                2,
                21,
                19
            ],
            [
                10,
                3,
                31,
                17
            ],
            [
                10,
                3,
                30,
                16
            ],
            [
                11,
                2,
                20,
                18
            ],
            [
                11,
                2,
                21,
                19
            ],
            [
                11,
                3,
                31,
                17
            ],
            [
                11,
                3,
                34,
                20
            ],
            [
                11,
                3,
                35,
                21
            ],
            [
                11,
                3,
                34,
                20
            ],
            [
                11,
                2,
                21,
                19
            ],
            [
                11,
                2,
                22,
                20
            ],
            [
                12,
                2,
                20,
                18
            ],
            [
                12,
                4,
                34,
                6
            ],
            [
                12,
                2,
                22,
                20
            ],
            [
                12,
                3,
                35,
                21
            ],
            [
                13,
                4,
                33,
                5
            ],
            [
                13,
                2,
                21,
                17
            ],
            [
                13,
                3,
                33,
                19
            ],
            [
                13,
                2,
                22,
                18
            ],
            [
                13,
                3,
                35,
                21
            ],
            [
                13,
                3,
                34,
                20
            ],
            [
                13,
                2,
                29,
                25
            ],
            [
                13,
                4,
                34,
                6
            ],
            [
                13,
                3,
                34,
                20
            ],
            [
                13,
                2,
                29,
                25
            ],
            [
                13,
                4,
                36,
                8
            ],
            [
                13,
                3,
                34,
                20
            ],
            [
                14,
                3,
                35,
                21
            ],
            [
                14,
                3,
                35,
                21
            ],
            [
                14,
                3,
                35,
                21
            ],
            [
                14,
                3,
                38,
                24
            ],
            [
                14,
                3,
                38,
                24
            ],
            [
                15,
                2,
                28,
                26
            ],
            [
                15,
                2,
                28,
                26
            ],
            [
                15,
                2,
                30,
                28
            ],
            [
                15,
                2,
                30,
                28
            ],
            [
                15,
                2,
                21,
                19
            ],
            [
                15,
                1,
                22,
                22
            ],
            [
                15,
                4,
                35,
                7
            ],
            [
                15,
                3,
                35,
                21
            ],
            [
                15,
                3,
                35,
                21
            ],
            [
                15,
                2,
                23,
                21
            ],
            [
                16,
                4,
                31,
                3
            ],
            [
                16,
                3,
                35,
                21
            ],
            [
                16,
                3,
                35,
                21
            ],
            [
                16,
                2,
                0,
                0
            ],
            [
                16,
                3,
                35,
                21
            ],
            [
                17,
                2,
                30,
                28
            ],
            [
                17,
                2,
                26,
                24
            ],
            [
                17,
                2,
                22,
                20
            ],
            [
                17,
                3,
                34,
                20
            ],
            [
                17,
                4,
                34,
                6
            ],
            [
                18,
                3,
                34,
                20
            ],
            [
                18,
                2,
                34,
                30
            ],
            [
                18,
                2,
                32,
                28
            ],
            [
                18,
                3,
                34,
                20
            ],
            [
                19,
                4,
                34,
                6
            ],
            [
                19,
                2,
                31,
                27
            ],
            [
                19,
                3,
                34,
                20
            ],
            [
                19,
                2,
                14,
                10
            ],
            [
                19,
                2,
                32,
                28
            ],
            [
                20,
                2,
                32,
                30
            ],
            [
                20,
                2,
                29,
                27
            ],
            [
                20,
                2,
                32,
                30
            ],
            [
                20,
                2,
                32,
                30
            ],
            [
                20,
                2,
                22,
                20
            ],
            [
                21,
                4,
                34,
                6
            ],
            [
                21,
                2,
                17,
                15
            ],
            [
                21,
                4,
                34,
                6
            ],
            [
                21,
                3,
                34,
                20
            ],
            [
                21,
                4,
                31,
                3
            ],
            [
                21,
                2,
                34,
                32
            ],
            [
                21,
                2,
                23,
                21
            ],
            [
                21,
                2,
                23,
                21
            ],
            [
                22,
                4,
                28,
                0
            ],
            [
                22,
                3,
                33,
                19
            ],
            [
                22,
                2,
                26,
                24
            ],
            [
                22,
                3,
                33,
                19
            ],
            [
                22,
                3,
                36,
                22
            ],
            [
                23,
                3,
                34,
                20
            ],
            [
                23,
                4,
                39,
                11
            ],
            [
                23,
                3,
                34,
                20
            ],
            [
                23,
                4,
                28,
                0
            ],
            [
                23,
                3,
                36,
                22
            ],
            [
                23,
                2,
                26,
                22
            ],
            [
                23,
                2,
                33,
                29
            ],
            [
                23,
                4,
                39,
                11
            ],
            [
                24,
                3,
                39,
                25
            ],
            [
                24,
                2,
                24,
                20
            ],
            [
                24,
                2,
                38,
                34
            ],
            [
                24,
                2,
                32,
                28
            ],
            [
                24,
                3,
                39,
                25
            ],
            [
                24,
                4,
                39,
                11
            ],
            [
                24,
                2,
                38,
                34
            ],
            [
                24,
                2,
                39,
                35
            ],
            [
                25,
                3,
                37,
                23
            ],
            [
                25,
                2,
                22,
                20
            ],
            [
                25,
                2,
                35,
                33
            ],
            [
                25,
                3,
                37,
                23
            ],
            [
                25,
                3,
                39,
                25
            ],
            [
                25,
                4,
                37,
                9
            ],
            [
                25,
                4,
                38,
                10
            ],
            [
                26,
                3,
                38,
                24
            ],
            [
                26,
                3,
                38,
                24
            ],
            [
                26,
                2,
                35,
                33
            ],
            [
                27,
                3,
                41,
                27
            ],
            [
                27,
                2,
                35,
                33
            ],
            [
                28,
                4,
                40,
                12
            ],
            [
                28,
                2,
                39,
                35
            ],
            [
                28,
                2,
                40,
                36
            ],
            [
                29,
                2,
                35,
                31
            ],
            [
                29,
                2,
                19,
                15
            ],
            [
                29,
                4,
                40,
                12
            ],
            [
                29,
                4,
                39,
                11
            ],
            [
                29,
                4,
                40,
                12
            ],
            [
                29,
                4,
                40,
                12
            ]
        ],
        "lWaitDayByPriority": [
            4783,
            22,
            1508,
            2058,
            1195
        ],
        "objval": 2756.535714285714,
        "std_occupancy": 45.158841829373465
    },
    "runtime": 5.427876710891724,
    "simdays": 150,
    "solver": "daily"
}