{
    "arrivalrate": 6.0,
    "ins_name": 450,
    "ins_path": null,
    "lNoNewPatients": [
        222,
        3,
        94,
        75,
        50
    ],
    "lNoPatients": [
        391,
        3,
        99,
        184,
        105
    ],
    "lNoSections": [
        2829,
        16,
        274,
        1638,
        901
    ],
    "mipgap": 1.0,
    "noLinacs": 4,
    "noSlotsPerDay": 120,
    "planningHorizon": 80,
    "runresult": {
        "avg_occupancy": 54.54305555555556,
        "feasibility": true,
        "lAvgLateDayByPriority": [
            29.333333333333332,
            35.333333333333336,
            29.414893617021278,
            33.333333333333336,
            22.82
        ],
        "lAvgWaitDayByPriority": [
            41.130630630630634,
            35.333333333333336,
            32.1063829787234,
            46.93333333333333,
            49.74
        ],
        "lLateDayByPriority": [
            6512,
            106,
            2765,
            2500,
            1141
        ],
        "lOccupancy": {
            "0": [
                0.0,
                0.0,
                0.0,
                0.0,
                0.0,
                0.0,
                1.25,
                0.0,
                0.0,
                0.0,
                0.0,
                0.0,
                0.0,
                0.0,
                0.0,
                0.0,
                0.0,
                0.0,
                0.0,
                0.0,
                0.0,
                0.0,
                0.0,
                0.0,
                0.0,
                0.0,
                0.0,
                0.0,
                0.0,
                0.0,
                0.0,
                0.0,
                0.0,
                0.0,
                0.0,
                0.0,
                0.0,
                0.0,
                0.0,
                0.0,
                0.0,
                0.0,
                0.0,
                0.0,
                0.0,
                0.0,
                0.0,
                0.0,
                0.0,
                0.0,
                0.0,
                0.0,
                1.0416666666666665,
                1.0416666666666665,
                1.0416666666666665,
                1.0416666666666665,
                1.0416666666666665,
                1.0416666666666665,
                1.0416666666666665,
                1.0416666666666665,
                1.0416666666666665,
                1.0416666666666665,
                0.0,
                0.0,
                0.0,
                0.0,
                0.0,
                0.0,
                0.0,
                1.25,
                1.25,
                1.25,
                1.25,
                1.25,
                0.0,
                0.0,
                0.0,
                0.0,
                0.0,
                0.0,
                0.0,
                0.0,
                0.0,
                0.0,
                0.0,
                0.0,
                0.0,
                0.0,
                0.0,
                0.0,
                0.0,
                0.0,
                0.0,
                0.0,
                0.0,
                0.0,
                0.0,
                0.0,
                0.0,
                0.0,
                0.0,
                0.0,
                0.0,
                0.0,
                0.0,
                0.0,
                0.0,
                0.0,
                0.0,
                0.0,
                0.0,
                0.0,
                0.0,
                0.0,
                0.0,
                0.0,
                0.0,
                0.0,
                0.0,
                0.0,
                0.0,
                0.0,
                0.0,
                0.0,
                0.0,
                0.0,
                0.0,
                0.0,
                0.0,
                0.0,
                0.0,
                0.0,
                0.0,
                0.0,
                0.0,
                0.0,
                0.0,
                0.0,
                0.0,
                0.0,
                0.0,
                0.0,
                0.0,
                0.0,
                0.0,
                0.0,
                0.0,
                0.0,
                0.0,
                0.0
            ],
            "1": [
                5.625,
                5.416666666666667,
                8.75,
                12.083333333333334,
                4.583333333333333,
                7.291666666666667,
                8.958333333333334,
                11.458333333333332,
                7.5,
                4.375,
                2.7083333333333335,
                3.3333333333333335,
                2.7083333333333335,
                3.125,
                3.125,
                3.125,
                3.125,
                3.5416666666666665,
                4.166666666666666,
                4.166666666666666,
                2.7083333333333335,
                2.7083333333333335,
                2.7083333333333335,
                2.9166666666666665,
                3.958333333333333,
                5.0,
                4.166666666666666,
                2.9166666666666665,
                4.583333333333333,
                2.9166666666666665,
                1.6666666666666667,
                4.166666666666666,
                4.791666666666667,
                3.3333333333333335,
                2.9166666666666665,
                4.166666666666666,
                4.166666666666666,
                4.583333333333333,
                4.583333333333333,
                6.25,
                5.208333333333334,
                5.833333333333333,
                6.041666666666667,
                4.583333333333333,
                6.25,
                7.708333333333334,
                8.958333333333334,
                10.625,
                9.166666666666666,
                9.166666666666666,
                11.041666666666666,
                7.708333333333334,
                11.041666666666666,
                11.875,
                15.833333333333332,
                10.208333333333334,
                9.166666666666666,
                8.125,
                6.458333333333334,
                8.333333333333332,
                8.125,
                9.791666666666666,
                9.583333333333334,
                9.583333333333334,
                10.416666666666668,
                9.375,
                8.75,
                8.75,
                10.416666666666668,
                7.916666666666666,
                3.5416666666666665,
                3.5416666666666665,
                3.5416666666666665,
                2.2916666666666665,
                0.0,
                0.0,
                0.0,
                0.0,
                0.0,
                0.0,
                0.0,
                0.0,
                0.0,
                0.0,
                0.0,
                0.0,
                0.0,
                0.0,
                0.0,
                0.0,
                0.0,
                0.0,
                0.0,
                0.0,
                0.0,
                0.0,
                0.0,
                0.0,
                0.0,
                0.0,
                0.0,
                0.0,
                0.0,
                0.0,
                0.0,
                0.0,
                0.0,
                0.0,
                0.0,
                0.0,
                0.0,
                0.0,
                0.0,
                0.0,
                0.0,
                0.0,
                0.0,
                0.0,
                0.0,
                0.0,
                0.0,
                0.0,
                0.0,
                0.0,
                0.0,
                0.0,
                0.0,
                0.0,
                0.0,
                0.0,
                0.0,
                0.0,
                0.0,
                0.0,
                0.0,
                0.0,
                0.0,
                0.0,
                0.0,
                0.0,
                0.0,
                0.0,
                0.0,
                0.0,
                0.0,
                0.0,
                0.0,
                0.0,
                0.0,
                0.0
            ],
            "2": [
                67.5,
                67.29166666666667,
                66.66666666666666,
                66.66666666666666,
                67.5,
                66.66666666666666,
                62.083333333333336,
                60.416666666666664,
                58.958333333333336,
                57.49999999999999,
                57.08333333333333,
                55.833333333333336,
                54.37499999999999,
                57.70833333333333,
                61.04166666666667,
                58.333333333333336,
                58.12500000000001,
                58.12500000000001,
                55.208333333333336,
                51.87500000000001,
                53.333333333333336,
                57.49999999999999,
                56.458333333333336,
                58.54166666666667,
                58.54166666666667,
                54.166666666666664,
                52.916666666666664,
                51.041666666666664,
                54.79166666666667,
                56.25,
                56.458333333333336,
                61.04166666666667,
                62.708333333333336,
                60.62499999999999,
                59.375,
                58.12500000000001,
                59.583333333333336,
                58.54166666666667,
                62.083333333333336,
                63.95833333333333,
                60.83333333333333,
                62.083333333333336,
                63.33333333333333,
                65.0,
                63.125,
                65.0,
                62.5,
                62.291666666666664,
                63.33333333333333,
                61.66666666666667,
                59.791666666666664,
                60.20833333333333,
                58.54166666666667,
                58.333333333333336,
                55.833333333333336,
                57.291666666666664,
                57.291666666666664,
                55.625,
                56.875,
                53.95833333333333,
                55.41666666666667,
                55.00000000000001,
                55.00000000000001,
                56.875,
                54.79166666666667,
                54.58333333333333,
                51.041666666666664,
                53.333333333333336,
                53.333333333333336,
                52.708333333333336,
                53.75,
                53.541666666666664,
                52.083333333333336,
                48.75,
                47.083333333333336,
                40.208333333333336,
                40.208333333333336,
                40.208333333333336,
                40.208333333333336,
                40.208333333333336,
                40.208333333333336,
                37.291666666666664,
                37.291666666666664,
                37.291666666666664,
                35.0,
                33.75,
                32.5,
                28.333333333333332,
                24.166666666666668,
                21.666666666666668,
                21.666666666666668,
                21.666666666666668,
                21.666666666666668,
                17.916666666666668,
                15.625,
                14.374999999999998,
                13.125,
                11.875,
                9.166666666666666,
                9.166666666666666,
                6.25,
                5.0,
                3.75,
                1.25,
                0.0,
                0.0,
                0.0,
                0.0,
                0.0,
                0.0,
                0.0,
                0.0,
                0.0,
                0.0,
                0.0,
                0.0,
                0.0,
                0.0,
                0.0,
                0.0,
                0.0,
                0.0,
                0.0,
                0.0,
                0.0,
                0.0,
                0.0,
                0.0,
                0.0,
                0.0,
                0.0,
                0.0,
                0.0,
                0.0,
                0.0,
                0.0,
                0.0,
                0.0,
                0.0,
                0.0,
                0.0,
                0.0,
                0.0,
                0.0,
                0.0,
                0.0,
                0.0,
                0.0,
                0.0,
                0.0
            ],
            "3": [
                15.416666666666668,
                15.416666666666668,
                15.416666666666668,
                15.416666666666668,
                15.833333333333332,
                17.291666666666668,
                25.0,
                27.708333333333336,
                30.625000000000004,
                36.45833333333333,
                39.375,
                39.375,
                41.25,
                37.5,
                34.375,
                37.291666666666664,
                36.875,
                36.875,
                39.375,
                42.70833333333333,
                41.66666666666667,
                38.54166666666667,
                40.0,
                37.291666666666664,
                37.291666666666664,
                40.208333333333336,
                42.291666666666664,
                44.166666666666664,
                39.375,
                39.375,
                39.791666666666664,
                33.541666666666664,
                32.29166666666667,
                34.375,
                36.45833333333333,
                36.45833333333333,
                35.833333333333336,
                35.41666666666667,
                31.458333333333332,
                28.749999999999996,
                32.5,
                30.208333333333332,
                28.749999999999996,
                27.708333333333336,
                27.916666666666668,
                25.0,
                27.500000000000004,
                25.833333333333336,
                26.666666666666668,
                26.666666666666668,
                26.666666666666668,
                29.375,
                26.666666666666668,
                26.875,
                26.041666666666668,
                30.208333333333332,
                31.458333333333332,
                33.541666666666664,
                34.166666666666664,
                34.375,
                33.33333333333333,
                33.33333333333333,
                33.541666666666664,
                32.5,
                34.375,
                34.375,
                37.916666666666664,
                35.41666666666667,
                34.583333333333336,
                34.583333333333336,
                33.125,
                31.458333333333332,
                30.0,
                30.0,
                28.749999999999996,
                24.375,
                21.875,
                19.791666666666664,
                18.75,
                17.5,
                14.583333333333334,
                13.541666666666666,
                10.208333333333334,
                10.208333333333334,
                10.208333333333334,
                9.166666666666666,
                7.916666666666666,
                5.625,
                5.625,
                5.625,
                4.583333333333333,
                3.5416666666666665,
                1.25,
                1.25,
                1.25,
                1.25,
                1.25,
                1.25,
                1.25,
                1.25,
                1.25,
                0.0,
                0.0,
                0.0,
                0.0,
                0.0,
                0.0,
                0.0,
                0.0,
                0.0,
                0.0,
                0.0,
                0.0,
                0.0,
                0.0,
                0.0,
                0.0,
                0.0,
                0.0,
                0.0,
                0.0,
                0.0,
                0.0,
                0.0,
                0.0,
                0.0,
                0.0,
                0.0,
                0.0,
                0.0,
                0.0,
                0.0,
                0.0,
                0.0,
                0.0,
                0.0,
                0.0,
                0.0,
                0.0,
                0.0,
                0.0,
                0.0,
                0.0,
                0.0,
                0.0,
                0.0,
                0.0,
                0.0,
                0.0,
                0.0
            ],
            "overall": [
                88.54166666666667,
                88.12500000000001,
                90.83333333333333,
                94.16666666666666,
                87.91666666666666,
                91.25,
                97.29166666666667,
                99.58333333333334,
                97.08333333333334,
                98.33333333333331,
                99.16666666666666,
                98.54166666666667,
                98.33333333333333,
                98.33333333333333,
                98.54166666666667,
                98.75,
                98.125,
                98.54166666666667,
                98.75,
                98.75,
                97.70833333333334,
                98.75,
                99.16666666666667,
                98.75,
                99.79166666666667,
                99.375,
                99.375,
                98.125,
                98.75,
                98.54166666666666,
                97.91666666666666,
                98.75,
                99.79166666666667,
                98.33333333333333,
                98.75,
                98.75,
                99.58333333333334,
                98.54166666666669,
                98.125,
                98.95833333333333,
                98.54166666666666,
                98.125,
                98.125,
                97.29166666666666,
                97.29166666666667,
                97.70833333333333,
                98.95833333333333,
                98.75,
                99.16666666666667,
                97.50000000000001,
                97.5,
                97.29166666666666,
                97.29166666666667,
                98.125,
                98.75000000000001,
                98.74999999999999,
                98.95833333333333,
                98.33333333333334,
                98.54166666666666,
                97.70833333333333,
                97.91666666666667,
                99.16666666666667,
                98.125,
                98.95833333333333,
                99.58333333333334,
                98.33333333333333,
                97.70833333333333,
                97.5,
                98.33333333333334,
                96.45833333333334,
                91.66666666666666,
                89.79166666666666,
                86.875,
                82.29166666666666,
                75.83333333333333,
                64.58333333333334,
                62.083333333333336,
                60.0,
                58.958333333333336,
                57.708333333333336,
                54.79166666666667,
                50.83333333333333,
                47.5,
                47.5,
                45.208333333333336,
                42.916666666666664,
                40.416666666666664,
                33.95833333333333,
                29.791666666666668,
                27.291666666666668,
                26.25,
                25.208333333333336,
                22.916666666666668,
                19.166666666666668,
                16.875,
                15.624999999999998,
                14.375,
                13.125,
                10.416666666666666,
                10.416666666666666,
                7.5,
                5.0,
                3.75,
                1.25,
                0.0,
                0.0,
                0.0,
                0.0,
                0.0,
                0.0,
                0.0,
                0.0,
                0.0,
                0.0,
                0.0,
                0.0,
                0.0,
                0.0,
                0.0,
                0.0,
                0.0,
                0.0,
                0.0,
                0.0,
                0.0,
                0.0,
                0.0,
                0.0,
                0.0,
                0.0,
                0.0,
                0.0,
                0.0,
                0.0,
                0.0,
                0.0,
                0.0,
                0.0,
                0.0,
                0.0,
                0.0,
                0.0,
                0.0,
                0.0,
                0.0,
                0.0,
                0.0,
                0.0,
                0.0,
                0.0
            ]
        },
        "lWaitAndOverdue": [
            [
                0,
                3,
                9,
                0
            ],
            [
                0,
                3,
                4,
                0
            ],
            [
                0,
                3,
                10,
                0
            ],
            [
                1,
                2,
                0,
                0
            ],
            [
                1,
                2,
                2,
                0
            ],
            [
                1,
                2,
                1,
                0
            ],
            [
                1,
                4,
                7,
                0
            ],
            [
                2,
                2,
                1,
                0
            ],
            [
                2,
                3,
                9,
                0
            ],
            [
                2,
                4,
                12,
                0
            ],
            [
                3,
                2,
                0,
                0
            ],
            [
                3,
                3,
                11,
                0
            ],
            [
                3,
                2,
                0,
                0
            ],
            [
                3,
                3,
                14,
                0
            ],
            [
                3,
                3,
                11,
                0
            ],
            [
                3,
                2,
                4,
                0
            ],
            [
                4,
                4,
                12,
                0
            ],
            [
                4,
                3,
                35,
                21
            ],
            [
                4,
                2,
                3,
                0
            ],
            [
                4,
                4,
                42,
                14
            ],
            [
                4,
                3,
                18,
                4
            ],
            [
                4,
                3,
                38,
                24
            ],
            [
                4,
                3,
                18,
                4
            ],
            [
                4,
                3,
                39,
                25
            ],
            [
                5,
                3,
                43,
                29
            ],
            [
                5,
                3,
                43,
                29
            ],
            [
                5,
                2,
                1,
                0
            ],
            [
                5,
                2,
                8,
                6
            ],
            [
                5,
                2,
                2,
                0
            ],
            [
                5,
                2,
                1,
                0
            ],
            [
                6,
                2,
                2,
                0
            ],
            [
                6,
                1,
                0,
                0
            ],
            [
                6,
                4,
                42,
                14
            ],
            [
                6,
                3,
                43,
                29
            ],
            [
                6,
                3,
                43,
                29
            ],
            [
                6,
                2,
                2,
                0
            ],
            [
                6,
                4,
                43,
                15
            ],
            [
                6,
                3,
                43,
                29
            ],
            [
                6,
                3,
                43,
                29
            ],
            [
                6,
                2,
                1,
                0
            ],
            [
                7,
                3,
                43,
                29
            ],
            [
                7,
                2,
                8,
                6
            ],
            [
                7,
                2,
                1,
                0
            ],
            [
                7,
                2,
                2,
                0
            ],
            [
                7,
                3,
                43,
                29
            ],
            [
                7,
                4,
                43,
                15
            ],
            [
                8,
                3,
                42,
                28
            ],
            [
                8,
                2,
                14,
                10
            ],
            [
                8,
                2,
                5,
                1
            ],
            [
                8,
                3,
                43,
                29
            ],
            [
                8,
                4,
                27,
                0
            ],
            [
                8,
                2,
                13,
                9
            ],
            [
                8,
                3,
                43,
                29
            ],
            [
                8,
                2,
                14,
                10
            ],
            [
                8,
                2,
                18,
                14
            ],
            [
                8,
                2,
                25,
                21
            ],
            [
                9,
                2,
                25,
                21
            ],
            [
                9,
                2,
                32,
                28
            ],
            [
                9,
                2,
                33,
                29
            ],
            [
                9,
                2,
                20,
                16
            ],
            [
                10,
                4,
                43,
                15
            ],
            [
                10,
                2,
                0,
                0
            ],
            [
                10,
                4,
                42,
                14
            ],
            [
                10,
                3,
                43,
                29
            ],
            [
                10,
                4,
                42,
                14
            ],
            [
                10,
                2,
                37,
                35
            ],
            [
                10,
                2,
                2,
                0
            ],
            [
                10,
                2,
                22,
                20
            ],
            [
                10,
                4,
                42,
                14
            ],
            [
                10,
                3,
                39,
                25
            ],
            [
                10,
                2,
                22,
                20
            ],
            [
                11,
                3,
                42,
                28
            ],
            [
                11,
                3,
                45,
                31
            ],
            [
                11,
                3,
                44,
                30
            ],
            [
                11,
                4,
                45,
                17
            ],
            [
                11,
                3,
                45,
                31
            ],
            [
                12,
                4,
                48,
                20
            ],
            [
                12,
                3,
                42,
                28
            ],
            [
                12,
                2,
                22,
                20
            ],
            [
                12,
                2,
                41,
                39
            ],
            [
                12,
                4,
                48,
                20
            ],
            [
                12,
                3,
                47,
                33
            ],
            [
                12,
                2,
                41,
                39
            ],
            [
                12,
                2,
                27,
                25
            ],
            [
                12,
                2,
                42,
                40
            ],
            [
                13,
                3,
                47,
                33
            ],
            [
                13,
                4,
                48,
                20
            ],
            [
                13,
                2,
                43,
                39
            ],
            [
                13,
                2,
                48,
                44
            ],
            [
                13,
                3,
                48,
                34
            ],
            [
                13,
                2,
                28,
                24
            ],
            [
                13,
                2,
                29,
                25
            ],
            [
                13,
                3,
                48,
                34
            ],
            [
                13,
                3,
                48,
                34
            ],
            [
                13,
                4,
                49,
                21
            ],
            [
                13,
                4,
                49,
                21
            ],
            [
                13,
                3,
                49,
                35
            ],
            [
                14,
                3,
                53,
                39
            ],
            [
                14,
                2,
                47,
                43
            ],
            [
                14,
                3,
                48,
                34
            ],
            [
                14,
                2,
                48,
                44
            ],
            [
                14,
                4,
                53,
                25
            ],
            [
                14,
                2,
                38,
                34
            ],
            [
                14,
                2,
                52,
                48
            ],
            [
                14,
                2,
                48,
                44
            ],
            [
                15,
                2,
                17,
                15
            ],
            [
                15,
                4,
                50,
                22
            ],
            [
                15,
                4,
                46,
                18
            ],
            [
                15,
                4,
                50,
                22
            ],
            [
                16,
                4,
                52,
                24
            ],
            [
                16,
                3,
                51,
                37
            ],
            [
                16,
                2,
                49,
                47
            ],
            [
                16,
                3,
                52,
                38
            ],
            [
                16,
                2,
                31,
                29
            ],
            [
                16,
                2,
                50,
                48
            ],
            [
                16,
                3,
                52,
                38
            ],
            [
                16,
                2,
                52,
                50
            ],
            [
                16,
                2,
                50,
                48
            ],
            [
                16,
                2,
                50,
                48
            ],
            [
                16,
                1,
                50,
                50
            ],
            [
                16,
                2,
                51,
                49
            ],
            [
                17,
                2,
                50,
                48
            ],
            [
                17,
                3,
                54,
                40
            ],
            [
                17,
                3,
                54,
                40
            ],
            [
                17,
                4,
                50,
                22
            ],
            [
                17,
                3,
                54,
                40
            ],
            [
                17,
                2,
                9,
                7
            ],
            [
                17,
                4,
                54,
                26
            ],
            [
                17,
                4,
                54,
                26
            ],
            [
                17,
                2,
                35,
                33
            ],
            [
                18,
                4,
                53,
                25
            ],
            [
                18,
                4,
                53,
                25
            ],
            [
                18,
                4,
                54,
                26
            ],
            [
                18,
                3,
                54,
                40
            ],
            [
                18,
                4,
                55,
                27
            ],
            [
                18,
                3,
                55,
                41
            ],
            [
                19,
                3,
                59,
                45
            ],
            [
                19,
                4,
                56,
                28
            ],
            [
                19,
                4,
                55,
                27
            ],
            [
                19,
                3,
                60,
                46
            ],
            [
                19,
                2,
                24,
                20
            ],
            [
                19,
                2,
                54,
                50
            ],
            [
                19,
                3,
                55,
                41
            ],
            [
                19,
                4,
                55,
                27
            ],
            [
                19,
                4,
                56,
                28
            ],
            [
                19,
                4,
                54,
                26
            ],
            [
                19,
                4,
                55,
                27
            ],
            [
                20,
                2,
                35,
                33
            ],
            [
                20,
                2,
                45,
                43
            ],
            [
                20,
                4,
                60,
                32
            ],
            [
                20,
                2,
                51,
                49
            ],
            [
                20,
                4,
                58,
                30
            ],
            [
                20,
                2,
                51,
                49
            ],
            [
                20,
                3,
                57,
                43
            ],
            [
                20,
                3,
                60,
                46
            ],
            [
                20,
                3,
                59,
                45
            ],
            [
                20,
                3,
                56,
                42
            ],
            [
                20,
                2,
                11,
                9
            ],
            [
                21,
                4,
                63,
                35
            ],
            [
                21,
                4,
                62,
                34
            ],
            [
                21,
                3,
                62,
                48
            ],
            [
                21,
                2,
                35,
                33
            ],
            [
                21,
                4,
                63,
                35
            ],
            [
                21,
                3,
                59,
                45
            ],
            [
                22,
                2,
                50,
                48
            ],
            [
                22,
                3,
                62,
                48
            ],
            [
                22,
                2,
                51,
                49
            ],
            [
                22,
                2,
                34,
                32
            ],
            [
                22,
                2,
                50,
                48
            ],
            [
                22,
                2,
                54,
                52
            ],
            [
                23,
                2,
                22,
                18
            ],
            [
                23,
                2,
                54,
                50
            ],
            [
                23,
                4,
                62,
                34
            ],
            [
                23,
                4,
                62,
                34
            ],
            [
                23,
                4,
                62,
                34
            ],
            [
                23,
                3,
                62,
                48
            ],
            [
                23,
                2,
                54,
                50
            ],
            [
                23,
                2,
                55,
                51
            ],
            [
                23,
                4,
                62,
                34
            ],
            [
                24,
                3,
                61,
                47
            ],
            [
                24,
                4,
                61,
                33
            ],
            [
                24,
                3,
                61,
                47
            ],
            [
                24,
                2,
                25,
                21
            ],
            [
                24,
                3,
                61,
                47
            ],
            [
                24,
                3,
                61,
                47
            ],
            [
                24,
                2,
                59,
                55
            ],
            [
                24,
                2,
                54,
                50
            ],
            [
                24,
                2,
                34,
                30
            ],
            [
                24,
                2,
                54,
                50
            ],
            [
                24,
                2,
                60,
                56
            ],
            [
                25,
                2,
                32,
                30
            ],
            [
                25,
                3,
                58,
                44
            ],
            [
                25,
                4,
                58,
                30
            ],
            [
                25,
                2,
                58,
                56
            ],
            [
                26,
                2,
                52,
                50
            ],
            [
                26,
                2,
                56,
                54
            ],
            [
                26,
                2,
                49,
                47
            ],
            [
                26,
                3,
                58,
                44
            ],
            [
                26,
                4,
                58,
                30
            ],
            [
                27,
                3,
                57,
                43
            ],
            [
                27,
                3,
                57,
                43
            ],
            [
                27,
                3,
                57,
                43
            ],
            [
                27,
                4,
                57,
                29
            ],
            [
                27,
                3,
                58,
                44
            ],
            [
                27,
                3,
                58,
                44
            ],
            [
                27,
                3,
                58,
                44
            ],
            [
                27,
                3,
                61,
                47
            ],
            [
                27,
                2,
                57,
                55
            ],
            [
                28,
                3,
                60,
                46
            ],
            [
                28,
                2,
                56,
                52
            ],
            [
                28,
                2,
                56,
                52
            ],
            [
                28,
                4,
                60,
                32
            ],
            [
                28,
                3,
                60,
                46
            ],
            [
                28,
                2,
                50,
                46
            ],
            [
                29,
                3,
                60,
                46
            ],
            [
                29,
                3,
                61,
                47
            ],
            [
                29,
                1,
                56,
                56
            ],
            [
                29,
                2,
                56,
                52
            ],
            [
                29,
                3,
                60,
                46
            ],
            [
                29,
                2,
                56,
                52
            ],
            [
                29,
                2,
                49,
                45
            ],
            [
                29,
                2,
                56,
                52
            ]
        ],
        "lWaitDayByPriority": [
            9131,
            106,
            3018,
            3520,
            2487
        ],
        "objval": 3091.972056737589,
        "std_occupancy": 44.6683489568839
    },
    "runtime": 6.239792585372925,
    "simdays": 150,
    "solver": "daily"
}