{
    "arrivalrate": 6.0,
    "ins_name": 455,
    "ins_path": null,
    "lNoNewPatients": [
        173,
        2,
        70,
        61,
        40
    ],
    "lNoPatients": [
        334,
        2,
        77,
        162,
        93
    ],
    "lNoSections": [
        2408,
        11,
        211,
        1381,
        805
    ],
    "mipgap": 1.0,
    "noLinacs": 4,
    "noSlotsPerDay": 120,
    "planningHorizon": 80,
    "runresult": {
        "avg_occupancy": 48.24583333333333,
        "feasibility": true,
        "lAvgLateDayByPriority": [
            20.410404624277458,
            20.0,
            18.442857142857143,
            26.508196721311474,
            14.575
        ],
        "lAvgWaitDayByPriority": [
            32.45086705202312,
            20.0,
            20.97142857142857,
            39.885245901639344,
            41.825
        ],
        "lLateDayByPriority": [
            3531,
            40,
            1291,
            1617,
            583
        ],
        "lOccupancy": {
            "0": [
                0.0,
                0.0,
                0.0,
                0.0,
                0.0,
                0.0,
                0.0,
                0.0,
                0.0,
                0.0,
                0.0,
                1.25,
                0.0,
                0.0,
                0.0,
                0.0,
                0.0,
                0.0,
                0.0,
                0.0,
                0.0,
                0.0,
                0.0,
                0.0,
                0.0,
                0.0,
                0.0,
                0.0,
                0.0,
                0.0,
                0.0,
                0.0,
                0.0,
                0.0,
                0.0,
                0.0,
                0.0,
                0.0,
                0.0,
                0.0,
                0.0,
                0.0,
                0.0,
                0.0,
                0.0,
                0.0,
                0.0,
                0.0,
                0.0,
                1.0416666666666665,
                1.0416666666666665,
                1.0416666666666665,
                1.0416666666666665,
                1.0416666666666665,
                1.0416666666666665,
                1.0416666666666665,
                1.0416666666666665,
                1.0416666666666665,
                1.0416666666666665,
                0.0,
                0.0,
                0.0,
                0.0,
                0.0,
                0.0,
                0.0,
                0.0,
                0.0,
                0.0,
                0.0,
                0.0,
                0.0,
                0.0,
                0.0,
                0.0,
                0.0,
                0.0,
                0.0,
                0.0,
                0.0,
                0.0,
                0.0,
                0.0,
                0.0,
                0.0,
                0.0,
                0.0,
                0.0,
                0.0,
                0.0,
                0.0,
                0.0,
                0.0,
                0.0,
                0.0,
                0.0,
                0.0,
                0.0,
                0.0,
                0.0,
                0.0,
                0.0,
                0.0,
                0.0,
                0.0,
                0.0,
                0.0,
                0.0,
                0.0,
                0.0,
                0.0,
                0.0,
                0.0,
                0.0,
                0.0,
                0.0,
                0.0,
                0.0,
                0.0,
                0.0,
                0.0,
                0.0,
                0.0,
                0.0,
                0.0,
                0.0,
                0.0,
                0.0,
                0.0,
                0.0,
                0.0,
                0.0,
                0.0,
                0.0,
                0.0,
                0.0,
                0.0,
                0.0,
                0.0,
                0.0,
                0.0,
                0.0,
                0.0,
                0.0,
                0.0,
                0.0,
                0.0,
                0.0,
                0.0,
                0.0
            ],
            "1": [
                12.083333333333334,
                9.583333333333334,
                9.791666666666666,
                7.083333333333333,
                7.291666666666667,
                8.125,
                7.291666666666667,
                6.041666666666667,
                5.625,
                8.541666666666666,
                5.625,
                3.125,
                4.791666666666667,
                3.125,
                3.125,
                4.375,
                3.125,
                3.125,
                1.4583333333333333,
                2.5,
                4.166666666666666,
                2.9166666666666665,
                2.9166666666666665,
                2.9166666666666665,
                3.5416666666666665,
                3.125,
                1.875,
                2.2916666666666665,
                3.5416666666666665,
                3.5416666666666665,
                3.5416666666666665,
                4.166666666666666,
                3.125,
                3.3333333333333335,
                1.6666666666666667,
                6.458333333333334,
                6.041666666666667,
                4.375,
                4.375,
                7.291666666666667,
                7.291666666666667,
                7.5,
                10.625,
                13.750000000000002,
                9.166666666666666,
                9.166666666666666,
                9.166666666666666,
                11.041666666666666,
                10.625,
                6.666666666666667,
                9.791666666666666,
                10.833333333333334,
                10.833333333333334,
                10.833333333333334,
                9.166666666666666,
                7.708333333333334,
                10.625,
                5.0,
                5.0,
                3.3333333333333335,
                1.6666666666666667,
                0.0,
                0.0,
                0.0,
                0.0,
                0.0,
                0.0,
                0.0,
                0.0,
                0.0,
                0.0,
                0.0,
                0.0,
                0.0,
                0.0,
                0.0,
                0.0,
                0.0,
                0.0,
                0.0,
                0.0,
                0.0,
                0.0,
                0.0,
                0.0,
                0.0,
                0.0,
                0.0,
                0.0,
                0.0,
                0.0,
                0.0,
                0.0,
                0.0,
                0.0,
                0.0,
                0.0,
                0.0,
                0.0,
                0.0,
                0.0,
                0.0,
                0.0,
                0.0,
                0.0,
                0.0,
                0.0,
                0.0,
                0.0,
                0.0,
                0.0,
                0.0,
                0.0,
                0.0,
                0.0,
                0.0,
                0.0,
                0.0,
                0.0,
                0.0,
                0.0,
                0.0,
                0.0,
                0.0,
                0.0,
                0.0,
                0.0,
                0.0,
                0.0,
                0.0,
                0.0,
                0.0,
                0.0,
                0.0,
                0.0,
                0.0,
                0.0,
                0.0,
                0.0,
                0.0,
                0.0,
                0.0,
                0.0,
                0.0,
                0.0,
                0.0,
                0.0,
                0.0,
                0.0,
                0.0
            ],
            "2": [
                67.08333333333333,
                67.08333333333333,
                67.08333333333333,
                69.375,
                67.08333333333333,
                69.79166666666666,
                75.83333333333333,
                74.79166666666667,
                67.08333333333333,
                65.20833333333333,
                58.54166666666667,
                55.833333333333336,
                55.41666666666667,
                53.75,
                54.166666666666664,
                53.75,
                55.208333333333336,
                55.208333333333336,
                55.41666666666667,
                52.083333333333336,
                50.208333333333336,
                49.166666666666664,
                50.625,
                53.333333333333336,
                51.24999999999999,
                53.541666666666664,
                54.37499999999999,
                54.166666666666664,
                51.45833333333333,
                54.58333333333333,
                54.79166666666667,
                53.333333333333336,
                51.45833333333333,
                55.833333333333336,
                57.49999999999999,
                57.08333333333333,
                57.08333333333333,
                55.625,
                57.49999999999999,
                57.291666666666664,
                57.49999999999999,
                57.91666666666667,
                58.12500000000001,
                56.25,
                61.458333333333336,
                61.458333333333336,
                61.66666666666667,
                65.41666666666667,
                66.875,
                62.5,
                63.74999999999999,
                62.291666666666664,
                62.083333333333336,
                60.20833333333333,
                59.791666666666664,
                60.83333333333333,
                57.49999999999999,
                60.62499999999999,
                60.62499999999999,
                59.166666666666664,
                62.291666666666664,
                62.708333333333336,
                61.25000000000001,
                58.12500000000001,
                55.00000000000001,
                53.125,
                51.66666666666667,
                46.875,
                36.45833333333333,
                34.791666666666664,
                34.791666666666664,
                33.125,
                26.666666666666668,
                23.333333333333332,
                23.333333333333332,
                18.541666666666668,
                18.541666666666668,
                18.541666666666668,
                16.875,
                16.875,
                16.875,
                15.625,
                15.625,
                15.625,
                15.625,
                13.958333333333334,
                12.708333333333332,
                11.458333333333332,
                10.208333333333334,
                10.208333333333334,
                4.791666666666667,
                3.5416666666666665,
                2.2916666666666665,
                2.2916666666666665,
                0.0,
                0.0,
                0.0,
                0.0,
                0.0,
                0.0,
                0.0,
                0.0,
                0.0,
                0.0,
                0.0,
                0.0,
                0.0,
                0.0,
                0.0,
                0.0,
                0.0,
                0.0,
                0.0,
                0.0,
                0.0,
                0.0,
                0.0,
                0.0,
                0.0,
                0.0,
                0.0,
                0.0,
                0.0,
                0.0,
                0.0,
                0.0,
                0.0,
                0.0,
                0.0,
                0.0,
                0.0,
                0.0,
                0.0,
                0.0,
                0.0,
                0.0,
                0.0,
                0.0,
                0.0,
                0.0,
                0.0,
                0.0,
                0.0,
                0.0,
                0.0,
                0.0,
                0.0,
                0.0,
                0.0,
                0.0
            ],
            "3": [
                16.666666666666664,
                16.666666666666664,
                14.374999999999998,
                12.916666666666668,
                14.374999999999998,
                14.374999999999998,
                14.374999999999998,
                17.291666666666668,
                25.624999999999996,
                25.624999999999996,
                34.375,
                39.166666666666664,
                39.166666666666664,
                41.041666666666664,
                41.041666666666664,
                40.416666666666664,
                38.958333333333336,
                38.958333333333336,
                40.833333333333336,
                43.958333333333336,
                44.375,
                45.83333333333333,
                44.583333333333336,
                41.66666666666667,
                43.541666666666664,
                41.66666666666667,
                42.5,
                42.5,
                43.541666666666664,
                40.625,
                40.625,
                40.625,
                43.541666666666664,
                39.58333333333333,
                38.125,
                35.833333333333336,
                35.41666666666667,
                37.083333333333336,
                36.041666666666664,
                34.583333333333336,
                33.33333333333333,
                32.708333333333336,
                30.833333333333336,
                27.916666666666668,
                28.125,
                28.125,
                26.458333333333332,
                21.666666666666668,
                21.25,
                25.208333333333332,
                23.958333333333336,
                23.958333333333336,
                22.916666666666664,
                26.25,
                26.041666666666668,
                26.041666666666668,
                25.0,
                25.208333333333332,
                24.375,
                27.708333333333336,
                26.458333333333332,
                25.416666666666664,
                27.708333333333336,
                28.541666666666664,
                27.500000000000004,
                27.500000000000004,
                26.458333333333332,
                26.458333333333332,
                24.791666666666668,
                24.791666666666668,
                23.125,
                21.458333333333332,
                20.208333333333332,
                20.208333333333332,
                18.75,
                17.5,
                17.5,
                17.5,
                12.708333333333332,
                10.625,
                10.625,
                9.583333333333334,
                7.291666666666667,
                5.208333333333334,
                5.208333333333334,
                5.208333333333334,
                4.166666666666666,
                2.083333333333333,
                2.083333333333333,
                2.083333333333333,
                2.083333333333333,
                2.083333333333333,
                2.083333333333333,
                0.0,
                0.0,
                0.0,
                0.0,
                0.0,
                0.0,
                0.0,
                0.0,
                0.0,
                0.0,
                0.0,
                0.0,
                0.0,
                0.0,
                0.0,
                0.0,
                0.0,
                0.0,
                0.0,
                0.0,
                0.0,
                0.0,
                0.0,
                0.0,
                0.0,
                0.0,
                0.0,
                0.0,
                0.0,
                0.0,
                0.0,
                0.0,
                0.0,
                0.0,
                0.0,
                0.0,
                0.0,
                0.0,
                0.0,
                0.0,
                0.0,
                0.0,
                0.0,
                0.0,
                0.0,
                0.0,
                0.0,
                0.0,
                0.0,
                0.0,
                0.0,
                0.0,
                0.0,
                0.0,
                0.0,
                0.0,
                0.0
            ],
            "overall": [
                95.83333333333331,
                93.33333333333331,
                91.25,
                89.375,
                88.75,
                92.29166666666666,
                97.5,
                98.12500000000001,
                98.33333333333333,
                99.375,
                98.54166666666667,
                99.375,
                99.375,
                97.91666666666666,
                98.33333333333333,
                98.54166666666666,
                97.29166666666667,
                97.29166666666667,
                97.70833333333334,
                98.54166666666667,
                98.75,
                97.91666666666666,
                98.125,
                97.91666666666667,
                98.33333333333331,
                98.33333333333334,
                98.75,
                98.95833333333333,
                98.54166666666666,
                98.75,
                98.95833333333334,
                98.125,
                98.125,
                98.75,
                97.29166666666666,
                99.375,
                98.54166666666666,
                97.08333333333334,
                97.91666666666666,
                99.16666666666666,
                98.12499999999999,
                98.125,
                99.58333333333334,
                97.91666666666667,
                98.75,
                98.75,
                97.29166666666667,
                98.12500000000001,
                98.75,
                95.41666666666666,
                98.54166666666666,
                98.125,
                96.875,
                98.33333333333333,
                96.04166666666667,
                95.625,
                94.16666666666666,
                91.87499999999999,
                91.04166666666666,
                90.20833333333334,
                90.41666666666666,
                88.125,
                88.95833333333334,
                86.66666666666667,
                82.50000000000001,
                80.625,
                78.125,
                73.33333333333333,
                61.25,
                59.58333333333333,
                57.916666666666664,
                54.58333333333333,
                46.875,
                43.541666666666664,
                42.08333333333333,
                36.04166666666667,
                36.04166666666667,
                36.04166666666667,
                29.583333333333332,
                27.5,
                27.5,
                25.208333333333336,
                22.916666666666668,
                20.833333333333336,
                20.833333333333336,
                19.166666666666668,
                16.875,
                13.541666666666664,
                12.291666666666668,
                12.291666666666668,
                6.875,
                5.625,
                4.375,
                2.2916666666666665,
                0.0,
                0.0,
                0.0,
                0.0,
                0.0,
                0.0,
                0.0,
                0.0,
                0.0,
                0.0,
                0.0,
                0.0,
                0.0,
                0.0,
                0.0,
                0.0,
                0.0,
                0.0,
                0.0,
                0.0,
                0.0,
                0.0,
                0.0,
                0.0,
                0.0,
                0.0,
                0.0,
                0.0,
                0.0,
                0.0,
                0.0,
                0.0,
                0.0,
                0.0,
                0.0,
                0.0,
                0.0,
                0.0,
                0.0,
                0.0,
                0.0,
                0.0,
                0.0,
                0.0,
                0.0,
                0.0,
                0.0,
                0.0,
                0.0,
                0.0,
                0.0,
                0.0,
                0.0,
                0.0,
                0.0,
                0.0
            ]
        },
        "lWaitAndOverdue": [
            [
                0,
                3,
                9,
                0
            ],
            [
                0,
                3,
                7,
                0
            ],
            [
                0,
                2,
                2,
                0
            ],
            [
                0,
                3,
                8,
                0
            ],
            [
                0,
                3,
                8,
                0
            ],
            [
                0,
                2,
                1,
                0
            ],
            [
                0,
                3,
                8,
                0
            ],
            [
                0,
                3,
                8,
                0
            ],
            [
                0,
                2,
                1,
                0
            ],
            [
                1,
                2,
                2,
                0
            ],
            [
                1,
                4,
                14,
                0
            ],
            [
                1,
                2,
                0,
                0
            ],
            [
                1,
                4,
                24,
                0
            ],
            [
                2,
                4,
                28,
                0
            ],
            [
                2,
                4,
                30,
                2
            ],
            [
                2,
                3,
                37,
                23
            ],
            [
                2,
                3,
                12,
                0
            ],
            [
                3,
                3,
                42,
                28
            ],
            [
                3,
                2,
                1,
                0
            ],
            [
                3,
                3,
                42,
                28
            ],
            [
                4,
                3,
                42,
                28
            ],
            [
                4,
                2,
                4,
                0
            ],
            [
                4,
                2,
                0,
                0
            ],
            [
                4,
                3,
                42,
                28
            ],
            [
                4,
                3,
                45,
                31
            ],
            [
                4,
                3,
                45,
                31
            ],
            [
                5,
                3,
                42,
                28
            ],
            [
                5,
                2,
                1,
                0
            ],
            [
                5,
                2,
                0,
                0
            ],
            [
                5,
                2,
                2,
                0
            ],
            [
                5,
                4,
                42,
                14
            ],
            [
                5,
                2,
                3,
                1
            ],
            [
                5,
                3,
                42,
                28
            ],
            [
                5,
                4,
                43,
                15
            ],
            [
                5,
                2,
                1,
                0
            ],
            [
                5,
                3,
                43,
                29
            ],
            [
                5,
                2,
                3,
                1
            ],
            [
                5,
                3,
                43,
                29
            ],
            [
                6,
                3,
                27,
                13
            ],
            [
                6,
                2,
                3,
                1
            ],
            [
                6,
                4,
                16,
                0
            ],
            [
                6,
                3,
                42,
                28
            ],
            [
                7,
                2,
                7,
                5
            ],
            [
                7,
                4,
                42,
                14
            ],
            [
                7,
                3,
                43,
                29
            ],
            [
                7,
                3,
                43,
                29
            ],
            [
                7,
                3,
                43,
                29
            ],
            [
                7,
                3,
                43,
                29
            ],
            [
                7,
                3,
                43,
                29
            ],
            [
                7,
                3,
                43,
                29
            ],
            [
                7,
                2,
                2,
                0
            ],
            [
                7,
                2,
                8,
                6
            ],
            [
                7,
                2,
                12,
                10
            ],
            [
                7,
                2,
                16,
                14
            ],
            [
                8,
                2,
                1,
                0
            ],
            [
                8,
                1,
                5,
                5
            ],
            [
                8,
                4,
                42,
                14
            ],
            [
                8,
                3,
                42,
                28
            ],
            [
                8,
                3,
                43,
                29
            ],
            [
                8,
                2,
                11,
                7
            ],
            [
                8,
                4,
                42,
                14
            ],
            [
                8,
                3,
                43,
                29
            ],
            [
                9,
                3,
                42,
                28
            ],
            [
                9,
                2,
                3,
                0
            ],
            [
                9,
                3,
                45,
                31
            ],
            [
                9,
                2,
                17,
                13
            ],
            [
                9,
                2,
                21,
                17
            ],
            [
                9,
                2,
                18,
                14
            ],
            [
                9,
                3,
                45,
                31
            ],
            [
                9,
                4,
                45,
                17
            ],
            [
                9,
                3,
                46,
                32
            ],
            [
                9,
                2,
                32,
                28
            ],
            [
                10,
                2,
                21,
                19
            ],
            [
                10,
                3,
                43,
                29
            ],
            [
                10,
                4,
                43,
                15
            ],
            [
                11,
                2,
                21,
                19
            ],
            [
                11,
                3,
                43,
                29
            ],
            [
                11,
                2,
                22,
                20
            ],
            [
                11,
                2,
                30,
                28
            ],
            [
                11,
                2,
                44,
                42
            ],
            [
                11,
                2,
                34,
                32
            ],
            [
                12,
                2,
                36,
                34
            ],
            [
                12,
                2,
                42,
                40
            ],
            [
                12,
                2,
                14,
                12
            ],
            [
                12,
                4,
                44,
                16
            ],
            [
                12,
                2,
                19,
                17
            ],
            [
                13,
                4,
                43,
                15
            ],
            [
                13,
                3,
                43,
                29
            ],
            [
                13,
                4,
                43,
                15
            ],
            [
                13,
                2,
                36,
                32
            ],
            [
                14,
                2,
                19,
                15
            ],
            [
                14,
                2,
                20,
                16
            ],
            [
                14,
                4,
                42,
                14
            ],
            [
                14,
                3,
                42,
                28
            ],
            [
                14,
                2,
                20,
                16
            ],
            [
                14,
                3,
                46,
                32
            ],
            [
                14,
                3,
                47,
                33
            ],
            [
                14,
                3,
                42,
                28
            ],
            [
                15,
                4,
                45,
                17
            ],
            [
                15,
                3,
                45,
                31
            ],
            [
                15,
                4,
                43,
                15
            ],
            [
                16,
                3,
                44,
                30
            ],
            [
                16,
                2,
                23,
                21
            ],
            [
                16,
                2,
                34,
                32
            ],
            [
                16,
                4,
                45,
                17
            ],
            [
                16,
                3,
                45,
                31
            ],
            [
                17,
                2,
                30,
                28
            ],
            [
                17,
                2,
                36,
                34
            ],
            [
                17,
                2,
                37,
                35
            ],
            [
                17,
                3,
                44,
                30
            ],
            [
                17,
                4,
                44,
                16
            ],
            [
                17,
                2,
                37,
                35
            ],
            [
                18,
                2,
                42,
                38
            ],
            [
                18,
                3,
                46,
                32
            ],
            [
                18,
                2,
                25,
                21
            ],
            [
                18,
                2,
                36,
                32
            ],
            [
                18,
                3,
                46,
                32
            ],
            [
                18,
                3,
                46,
                32
            ],
            [
                18,
                4,
                43,
                15
            ],
            [
                18,
                4,
                47,
                19
            ],
            [
                18,
                3,
                48,
                34
            ],
            [
                19,
                3,
                48,
                34
            ],
            [
                19,
                2,
                39,
                35
            ],
            [
                19,
                3,
                48,
                34
            ],
            [
                20,
                2,
                39,
                37
            ],
            [
                20,
                4,
                45,
                17
            ],
            [
                20,
                2,
                37,
                35
            ],
            [
                20,
                2,
                42,
                40
            ],
            [
                20,
                2,
                42,
                40
            ],
            [
                20,
                2,
                11,
                9
            ],
            [
                21,
                4,
                44,
                16
            ],
            [
                21,
                4,
                44,
                16
            ],
            [
                21,
                4,
                44,
                16
            ],
            [
                22,
                4,
                44,
                16
            ],
            [
                22,
                3,
                44,
                30
            ],
            [
                22,
                2,
                20,
                18
            ],
            [
                22,
                3,
                47,
                33
            ],
            [
                22,
                2,
                20,
                18
            ],
            [
                23,
                2,
                40,
                36
            ],
            [
                23,
                3,
                46,
                32
            ],
            [
                23,
                2,
                47,
                43
            ],
            [
                23,
                2,
                40,
                36
            ],
            [
                24,
                2,
                42,
                38
            ],
            [
                24,
                1,
                35,
                35
            ],
            [
                24,
                2,
                45,
                41
            ],
            [
                24,
                2,
                39,
                35
            ],
            [
                24,
                3,
                47,
                33
            ],
            [
                24,
                3,
                47,
                33
            ],
            [
                25,
                4,
                44,
                16
            ],
            [
                25,
                3,
                44,
                30
            ],
            [
                25,
                2,
                7,
                5
            ],
            [
                25,
                4,
                44,
                16
            ],
            [
                25,
                4,
                45,
                17
            ],
            [
                25,
                2,
                7,
                5
            ],
            [
                25,
                4,
                46,
                18
            ],
            [
                26,
                4,
                45,
                17
            ],
            [
                26,
                4,
                45,
                17
            ],
            [
                26,
                3,
                45,
                31
            ],
            [
                26,
                4,
                48,
                20
            ],
            [
                26,
                3,
                48,
                34
            ],
            [
                27,
                3,
                47,
                33
            ],
            [
                27,
                4,
                47,
                19
            ],
            [
                27,
                4,
                47,
                19
            ],
            [
                28,
                3,
                47,
                33
            ],
            [
                28,
                2,
                19,
                15
            ],
            [
                28,
                2,
                40,
                36
            ],
            [
                28,
                3,
                47,
                33
            ],
            [
                28,
                4,
                48,
                20
            ],
            [
                29,
                4,
                47,
                19
            ],
            [
                29,
                4,
                48,
                20
            ],
            [
                29,
                4,
                48,
                20
            ],
            [
                29,
                2,
                10,
                6
            ],
            [
                29,
                2,
                32,
                28
            ]
        ],
        "lWaitDayByPriority": [
            5614,
            40,
            1468,
            2433,
            1673
        ],
        "objval": 2770.950585480093,
        "std_occupancy": 44.89028723155469
    },
    "runtime": 0.7531554698944092,
    "simdays": 150,
    "solver": "greedy"
}