{
    "arrivalrate": 6.0,
    "ins_name": 490,
    "ins_path": null,
    "lNoNewPatients": [
        173,
        2,
        73,
        57,
        41
    ],
    "lNoPatients": [
        344,
        2,
        80,
        165,
        97
    ],
    "lNoSections": [
        2218,
        11,
        225,
        1228,
        754
    ],
    "mipgap": 1.0,
    "noLinacs": 4,
    "noSlotsPerDay": 120,
    "planningHorizon": 80,
    "runresult": {
        "avg_occupancy": 49.18750000000001,
        "feasibility": true,
        "lAvgLateDayByPriority": [
            23.69942196531792,
            20.5,
            23.616438356164384,
            27.56140350877193,
            18.634146341463413
        ],
        "lAvgWaitDayByPriority": [
            35.63583815028902,
            20.5,
            26.28767123287671,
            40.94736842105263,
            45.63414634146341
        ],
        "lLateDayByPriority": [
            4100,
            41,
            1724,
            1571,
            764
        ],
        "lOccupancy": {
            "0": [
                0.0,
                0.0,
                0.0,
                0.0,
                0.0,
                0.0,
                1.25,
                0.0,
                0.0,
                0.0,
                0.0,
                0.0,
                0.0,
                0.0,
                0.0,
                0.0,
                0.0,
                0.0,
                0.0,
                0.0,
                0.0,
                0.0,
                0.0,
                0.0,
                0.0,
                0.0,
                0.0,
                0.0,
                0.0,
                0.0,
                0.0,
                0.0,
                0.0,
                0.0,
                0.0,
                0.0,
                0.0,
                0.0,
                0.0,
                0.0,
                0.0,
                0.0,
                0.0,
                0.0,
                0.0,
                0.0,
                0.0,
                0.0,
                1.0416666666666665,
                1.0416666666666665,
                1.0416666666666665,
                1.0416666666666665,
                1.0416666666666665,
                1.0416666666666665,
                1.0416666666666665,
                1.0416666666666665,
                1.0416666666666665,
                1.0416666666666665,
                0.0,
                0.0,
                0.0,
                0.0,
                0.0,
                0.0,
                0.0,
                0.0,
                0.0,
                0.0,
                0.0,
                0.0,
                0.0,
                0.0,
                0.0,
                0.0,
                0.0,
                0.0,
                0.0,
                0.0,
                0.0,
                0.0,
                0.0,
                0.0,
                0.0,
                0.0,
                0.0,
                0.0,
                0.0,
                0.0,
                0.0,
                0.0,
                0.0,
                0.0,
                0.0,
                0.0,
                0.0,
                0.0,
                0.0,
                0.0,
                0.0,
                0.0,
                0.0,
                0.0,
                0.0,
                0.0,
                0.0,
                0.0,
                0.0,
                0.0,
                0.0,
                0.0,
                0.0,
                0.0,
                0.0,
                0.0,
                0.0,
                0.0,
                0.0,
                0.0,
                0.0,
                0.0,
                0.0,
                0.0,
                0.0,
                0.0,
                0.0,
                0.0,
                0.0,
                0.0,
                0.0,
                0.0,
                0.0,
                0.0,
                0.0,
                0.0,
                0.0,
                0.0,
                0.0,
                0.0,
                0.0,
                0.0,
                0.0,
                0.0,
                0.0,
                0.0,
                0.0,
                0.0,
                0.0,
                0.0,
                0.0,
                0.0
            ],
            "1": [
                5.625,
                11.041666666666666,
                13.125,
                7.916666666666666,
                6.875000000000001,
                6.041666666666667,
                6.041666666666667,
                6.458333333333334,
                4.791666666666667,
                3.75,
                6.875000000000001,
                5.625,
                3.125,
                3.3333333333333335,
                2.7083333333333335,
                3.5416666666666665,
                1.6666666666666667,
                1.6666666666666667,
                1.6666666666666667,
                3.5416666666666665,
                3.125,
                5.416666666666667,
                2.2916666666666665,
                2.7083333333333335,
                2.7083333333333335,
                2.7083333333333335,
                2.9166666666666665,
                2.7083333333333335,
                4.166666666666666,
                2.9166666666666665,
                2.9166666666666665,
                2.9166666666666665,
                3.3333333333333335,
                3.3333333333333335,
                1.6666666666666667,
                2.9166666666666665,
                2.9166666666666665,
                5.416666666666667,
                4.583333333333333,
                10.833333333333334,
                10.833333333333334,
                6.25,
                6.25,
                9.791666666666666,
                6.25,
                6.25,
                8.75,
                10.625,
                7.291666666666667,
                8.541666666666666,
                7.291666666666667,
                11.458333333333332,
                11.25,
                12.291666666666666,
                15.416666666666668,
                11.458333333333332,
                11.666666666666666,
                8.75,
                5.0,
                5.0,
                7.5,
                5.208333333333334,
                5.208333333333334,
                2.7083333333333335,
                2.7083333333333335,
                1.0416666666666665,
                1.0416666666666665,
                1.0416666666666665,
                0.0,
                0.0,
                0.0,
                0.0,
                0.0,
                0.0,
                0.0,
                0.0,
                0.0,
                0.0,
                0.0,
                0.0,
                0.0,
                0.0,
                0.0,
                0.0,
                0.0,
                0.0,
                0.0,
                0.0,
                0.0,
                0.0,
                0.0,
                0.0,
                0.0,
                0.0,
                0.0,
                0.0,
                0.0,
                0.0,
                0.0,
                0.0,
                0.0,
                0.0,
                0.0,
                0.0,
                0.0,
                0.0,
                0.0,
                0.0,
                0.0,
                0.0,
                0.0,
                0.0,
                0.0,
                0.0,
                0.0,
                0.0,
                0.0,
                0.0,
                0.0,
                0.0,
                0.0,
                0.0,
                0.0,
                0.0,
                0.0,
                0.0,
                0.0,
                0.0,
                0.0,
                0.0,
                0.0,
                0.0,
                0.0,
                0.0,
                0.0,
                0.0,
                0.0,
                0.0,
                0.0,
                0.0,
                0.0,
                0.0,
                0.0,
                0.0,
                0.0,
                0.0,
                0.0,
                0.0,
                0.0,
                0.0
            ],
            "2": [
                65.41666666666667,
                67.70833333333334,
                68.95833333333333,
                68.125,
                69.58333333333333,
                67.29166666666667,
                65.625,
                65.20833333333333,
                60.416666666666664,
                61.04166666666667,
                57.70833333333333,
                56.25,
                54.79166666666667,
                55.208333333333336,
                57.08333333333333,
                55.208333333333336,
                58.75,
                58.75,
                56.458333333333336,
                53.541666666666664,
                53.541666666666664,
                52.083333333333336,
                58.12500000000001,
                57.91666666666667,
                57.70833333333333,
                59.375,
                55.833333333333336,
                56.875,
                54.79166666666667,
                55.00000000000001,
                54.58333333333333,
                53.125,
                58.12500000000001,
                57.91666666666667,
                57.70833333333333,
                57.91666666666667,
                58.333333333333336,
                56.875,
                60.0,
                58.54166666666667,
                54.58333333333333,
                58.333333333333336,
                58.333333333333336,
                60.0,
                63.125,
                63.125,
                64.79166666666667,
                62.5,
                66.04166666666667,
                62.083333333333336,
                63.541666666666664,
                60.0,
                58.54166666666667,
                58.75,
                55.833333333333336,
                59.166666666666664,
                57.70833333333333,
                57.70833333333333,
                60.62499999999999,
                60.416666666666664,
                55.833333333333336,
                58.12500000000001,
                55.208333333333336,
                53.541666666666664,
                55.41666666666667,
                53.75,
                51.041666666666664,
                44.583333333333336,
                41.25,
                36.875,
                35.208333333333336,
                28.541666666666664,
                26.875,
                23.75,
                22.083333333333332,
                22.083333333333332,
                22.083333333333332,
                20.833333333333336,
                20.833333333333336,
                20.833333333333336,
                20.833333333333336,
                20.833333333333336,
                19.166666666666668,
                17.916666666666668,
                17.916666666666668,
                17.916666666666668,
                14.374999999999998,
                14.374999999999998,
                10.208333333333334,
                7.708333333333334,
                6.458333333333334,
                5.208333333333334,
                5.208333333333334,
                5.208333333333334,
                2.9166666666666665,
                2.9166666666666665,
                1.6666666666666667,
                1.6666666666666667,
                1.6666666666666667,
                0.0,
                0.0,
                0.0,
                0.0,
                0.0,
                0.0,
                0.0,
                0.0,
                0.0,
                0.0,
                0.0,
                0.0,
                0.0,
                0.0,
                0.0,
                0.0,
                0.0,
                0.0,
                0.0,
                0.0,
                0.0,
                0.0,
                0.0,
                0.0,
                0.0,
                0.0,
                0.0,
                0.0,
                0.0,
                0.0,
                0.0,
                0.0,
                0.0,
                0.0,
                0.0,
                0.0,
                0.0,
                0.0,
                0.0,
                0.0,
                0.0,
                0.0,
                0.0,
                0.0,
                0.0,
                0.0,
                0.0,
                0.0,
                0.0,
                0.0,
                0.0
            ],
            "3": [
                16.666666666666664,
                15.416666666666668,
                13.958333333333334,
                15.416666666666668,
                14.374999999999998,
                17.291666666666668,
                20.208333333333332,
                25.624999999999996,
                32.916666666666664,
                34.375,
                34.375,
                37.5,
                39.791666666666664,
                40.208333333333336,
                39.166666666666664,
                40.208333333333336,
                37.291666666666664,
                37.291666666666664,
                39.375,
                42.291666666666664,
                42.291666666666664,
                41.25,
                38.54166666666667,
                38.54166666666667,
                39.166666666666664,
                37.291666666666664,
                39.791666666666664,
                39.375,
                39.375,
                39.375,
                41.041666666666664,
                42.5,
                37.083333333333336,
                36.666666666666664,
                38.54166666666667,
                38.54166666666667,
                37.708333333333336,
                36.45833333333333,
                33.75,
                29.583333333333332,
                32.083333333333336,
                32.083333333333336,
                32.5,
                27.708333333333336,
                27.916666666666668,
                27.916666666666668,
                25.624999999999996,
                26.875,
                24.583333333333332,
                26.666666666666668,
                26.666666666666668,
                25.833333333333336,
                27.708333333333336,
                26.041666666666668,
                26.041666666666668,
                26.041666666666668,
                27.916666666666668,
                31.25,
                31.458333333333332,
                31.041666666666668,
                31.041666666666668,
                30.0,
                32.29166666666667,
                33.75,
                32.708333333333336,
                34.375,
                33.33333333333333,
                26.041666666666668,
                26.041666666666668,
                26.041666666666668,
                22.916666666666664,
                21.666666666666668,
                21.666666666666668,
                21.666666666666668,
                20.416666666666668,
                20.416666666666668,
                19.166666666666668,
                13.541666666666666,
                13.541666666666666,
                12.5,
                10.833333333333334,
                9.791666666666666,
                6.458333333333334,
                6.458333333333334,
                6.458333333333334,
                4.375,
                4.375,
                3.3333333333333335,
                2.083333333333333,
                2.083333333333333,
                1.0416666666666665,
                1.0416666666666665,
                0.0,
                0.0,
                0.0,
                0.0,
                0.0,
                0.0,
                0.0,
                0.0,
                0.0,
                0.0,
                0.0,
                0.0,
                0.0,
                0.0,
                0.0,
                0.0,
                0.0,
                0.0,
                0.0,
                0.0,
                0.0,
                0.0,
                0.0,
                0.0,
                0.0,
                0.0,
                0.0,
                0.0,
                0.0,
                0.0,
                0.0,
                0.0,
                0.0,
                0.0,
                0.0,
                0.0,
                0.0,
                0.0,
                0.0,
                0.0,
                0.0,
                0.0,
                0.0,
                0.0,
                0.0,
                0.0,
                0.0,
                0.0,
                0.0,
                0.0,
                0.0,
                0.0,
                0.0,
                0.0,
                0.0,
                0.0,
                0.0,
                0.0
            ],
            "overall": [
                87.70833333333334,
                94.16666666666669,
                96.04166666666666,
                91.45833333333334,
                90.83333333333333,
                90.62500000000001,
                93.125,
                97.29166666666666,
                98.125,
                99.16666666666667,
                98.95833333333333,
                99.375,
                97.70833333333334,
                98.75,
                98.95833333333333,
                98.95833333333334,
                97.70833333333333,
                97.70833333333333,
                97.5,
                99.375,
                98.95833333333333,
                98.75,
                98.95833333333334,
                99.16666666666669,
                99.58333333333333,
                99.375,
                98.54166666666666,
                98.95833333333334,
                98.33333333333334,
                97.29166666666667,
                98.54166666666666,
                98.54166666666666,
                98.54166666666669,
                97.91666666666667,
                97.91666666666666,
                99.375,
                98.95833333333334,
                98.75,
                98.33333333333333,
                98.95833333333333,
                97.5,
                96.66666666666669,
                97.08333333333334,
                97.5,
                97.29166666666667,
                97.29166666666667,
                99.16666666666667,
                100.0,
                98.95833333333333,
                98.33333333333334,
                98.54166666666667,
                98.33333333333334,
                98.54166666666669,
                98.125,
                98.33333333333334,
                97.70833333333333,
                98.33333333333333,
                98.75,
                97.08333333333333,
                96.45833333333333,
                94.375,
                93.33333333333334,
                92.70833333333334,
                90.0,
                90.83333333333334,
                89.16666666666666,
                85.41666666666666,
                71.66666666666667,
                67.29166666666667,
                62.91666666666667,
                58.125,
                50.20833333333333,
                48.54166666666667,
                45.41666666666667,
                42.5,
                42.5,
                41.25,
                34.375,
                34.375,
                33.333333333333336,
                31.66666666666667,
                30.625,
                25.625,
                24.375,
                24.375,
                22.291666666666668,
                18.75,
                17.708333333333332,
                12.291666666666668,
                9.791666666666668,
                7.5,
                6.25,
                5.208333333333334,
                5.208333333333334,
                2.9166666666666665,
                2.9166666666666665,
                1.6666666666666667,
                1.6666666666666667,
                1.6666666666666667,
                0.0,
                0.0,
                0.0,
                0.0,
                0.0,
                0.0,
                0.0,
                0.0,
                0.0,
                0.0,
                0.0,
                0.0,
                0.0,
                0.0,
                0.0,
                0.0,
                0.0,
                0.0,
                0.0,
                0.0,
                0.0,
                0.0,
                0.0,
                0.0,
                0.0,
                0.0,
                0.0,
                0.0,
                0.0,
                0.0,
                0.0,
                0.0,
                0.0,
                0.0,
                0.0,
                0.0,
                0.0,
                0.0,
                0.0,
                0.0,
                0.0,
                0.0,
                0.0,
                0.0,
                0.0,
                0.0,
                0.0,
                0.0,
                0.0,
                0.0,
                0.0
            ]
        },
        "lWaitAndOverdue": [
            [
                0,
                2,
                2,
                0
            ],
            [
                0,
                2,
                1,
                0
            ],
            [
                0,
                3,
                7,
                0
            ],
            [
                0,
                3,
                8,
                0
            ],
            [
                1,
                3,
                10,
                0
            ],
            [
                1,
                3,
                8,
                0
            ],
            [
                1,
                2,
                0,
                0
            ],
            [
                1,
                2,
                1,
                0
            ],
            [
                1,
                2,
                1,
                0
            ],
            [
                1,
                4,
                14,
                0
            ],
            [
                1,
                2,
                2,
                0
            ],
            [
                1,
                3,
                8,
                0
            ],
            [
                2,
                4,
                14,
                0
            ],
            [
                2,
                2,
                1,
                0
            ],
            [
                2,
                3,
                8,
                0
            ],
            [
                2,
                2,
                2,
                0
            ],
            [
                3,
                3,
                27,
                13
            ],
            [
                3,
                3,
                14,
                0
            ],
            [
                3,
                2,
                1,
                0
            ],
            [
                3,
                4,
                15,
                0
            ],
            [
                3,
                3,
                32,
                18
            ],
            [
                3,
                2,
                4,
                0
            ],
            [
                3,
                4,
                39,
                11
            ],
            [
                3,
                3,
                43,
                29
            ],
            [
                4,
                3,
                45,
                31
            ],
            [
                4,
                3,
                46,
                32
            ],
            [
                4,
                3,
                46,
                32
            ],
            [
                4,
                3,
                18,
                4
            ],
            [
                5,
                3,
                43,
                29
            ],
            [
                5,
                2,
                2,
                0
            ],
            [
                5,
                2,
                4,
                2
            ],
            [
                5,
                2,
                7,
                5
            ],
            [
                5,
                2,
                7,
                5
            ],
            [
                6,
                2,
                6,
                4
            ],
            [
                6,
                1,
                0,
                0
            ],
            [
                6,
                4,
                42,
                14
            ],
            [
                6,
                3,
                42,
                28
            ],
            [
                6,
                3,
                42,
                28
            ],
            [
                6,
                2,
                0,
                0
            ],
            [
                6,
                4,
                44,
                16
            ],
            [
                7,
                3,
                43,
                29
            ],
            [
                7,
                3,
                43,
                29
            ],
            [
                7,
                2,
                2,
                0
            ],
            [
                7,
                3,
                43,
                29
            ],
            [
                7,
                2,
                12,
                10
            ],
            [
                7,
                2,
                8,
                6
            ],
            [
                7,
                2,
                9,
                7
            ],
            [
                7,
                3,
                43,
                29
            ],
            [
                7,
                4,
                43,
                15
            ],
            [
                8,
                3,
                25,
                11
            ],
            [
                8,
                2,
                18,
                14
            ],
            [
                8,
                2,
                11,
                7
            ],
            [
                8,
                3,
                43,
                29
            ],
            [
                8,
                4,
                43,
                15
            ],
            [
                9,
                2,
                14,
                10
            ],
            [
                9,
                3,
                42,
                28
            ],
            [
                9,
                2,
                18,
                14
            ],
            [
                9,
                2,
                20,
                16
            ],
            [
                9,
                2,
                42,
                38
            ],
            [
                10,
                2,
                24,
                22
            ],
            [
                10,
                2,
                30,
                28
            ],
            [
                10,
                2,
                42,
                40
            ],
            [
                10,
                2,
                15,
                13
            ],
            [
                10,
                4,
                42,
                14
            ],
            [
                10,
                2,
                22,
                20
            ],
            [
                11,
                4,
                41,
                13
            ],
            [
                11,
                3,
                42,
                28
            ],
            [
                11,
                4,
                41,
                13
            ],
            [
                11,
                2,
                38,
                36
            ],
            [
                11,
                2,
                23,
                21
            ],
            [
                12,
                2,
                22,
                20
            ],
            [
                12,
                4,
                41,
                13
            ],
            [
                12,
                3,
                42,
                28
            ],
            [
                12,
                2,
                26,
                24
            ],
            [
                12,
                3,
                44,
                30
            ],
            [
                12,
                3,
                48,
                34
            ],
            [
                12,
                3,
                43,
                29
            ],
            [
                13,
                4,
                43,
                15
            ],
            [
                13,
                3,
                43,
                29
            ],
            [
                13,
                4,
                41,
                13
            ],
            [
                13,
                3,
                43,
                29
            ],
            [
                13,
                2,
                28,
                24
            ],
            [
                13,
                2,
                39,
                35
            ],
            [
                13,
                4,
                47,
                19
            ],
            [
                14,
                3,
                46,
                32
            ],
            [
                14,
                2,
                31,
                27
            ],
            [
                14,
                2,
                33,
                29
            ],
            [
                14,
                2,
                40,
                36
            ],
            [
                14,
                3,
                46,
                32
            ],
            [
                15,
                4,
                44,
                16
            ],
            [
                15,
                2,
                38,
                36
            ],
            [
                15,
                2,
                43,
                41
            ],
            [
                15,
                3,
                44,
                30
            ],
            [
                15,
                2,
                31,
                29
            ],
            [
                15,
                2,
                42,
                40
            ],
            [
                15,
                3,
                45,
                31
            ],
            [
                15,
                3,
                45,
                31
            ],
            [
                15,
                4,
                46,
                18
            ],
            [
                15,
                4,
                46,
                18
            ],
            [
                16,
                3,
                45,
                31
            ],
            [
                16,
                3,
                48,
                34
            ],
            [
                16,
                2,
                43,
                41
            ],
            [
                16,
                3,
                48,
                34
            ],
            [
                17,
                2,
                42,
                40
            ],
            [
                17,
                4,
                48,
                20
            ],
            [
                17,
                2,
                36,
                34
            ],
            [
                17,
                2,
                48,
                46
            ],
            [
                17,
                2,
                48,
                46
            ],
            [
                17,
                2,
                20,
                18
            ],
            [
                17,
                4,
                49,
                21
            ],
            [
                17,
                4,
                49,
                21
            ],
            [
                17,
                4,
                49,
                21
            ],
            [
                18,
                4,
                48,
                20
            ],
            [
                18,
                3,
                49,
                35
            ],
            [
                18,
                2,
                40,
                36
            ],
            [
                18,
                3,
                49,
                35
            ],
            [
                18,
                2,
                41,
                37
            ],
            [
                18,
                2,
                47,
                43
            ],
            [
                18,
                3,
                49,
                35
            ],
            [
                18,
                2,
                50,
                46
            ],
            [
                19,
                2,
                47,
                43
            ],
            [
                19,
                2,
                47,
                43
            ],
            [
                19,
                1,
                41,
                41
            ],
            [
                19,
                2,
                48,
                44
            ],
            [
                19,
                2,
                48,
                44
            ],
            [
                19,
                3,
                52,
                38
            ],
            [
                20,
                3,
                49,
                35
            ],
            [
                20,
                4,
                50,
                22
            ],
            [
                20,
                3,
                50,
                36
            ],
            [
                20,
                2,
                9,
                7
            ],
            [
                20,
                4,
                51,
                23
            ],
            [
                20,
                4,
                51,
                23
            ],
            [
                21,
                2,
                27,
                25
            ],
            [
                21,
                4,
                50,
                22
            ],
            [
                21,
                4,
                50,
                22
            ],
            [
                21,
                4,
                51,
                23
            ],
            [
                21,
                3,
                51,
                37
            ],
            [
                21,
                4,
                50,
                22
            ],
            [
                21,
                3,
                51,
                37
            ],
            [
                21,
                3,
                51,
                37
            ],
            [
                21,
                4,
                52,
                24
            ],
            [
                22,
                4,
                51,
                23
            ],
            [
                22,
                3,
                55,
                41
            ],
            [
                22,
                2,
                37,
                35
            ],
            [
                22,
                2,
                47,
                45
            ],
            [
                23,
                3,
                50,
                36
            ],
            [
                23,
                4,
                53,
                25
            ],
            [
                23,
                4,
                55,
                27
            ],
            [
                23,
                4,
                54,
                26
            ],
            [
                23,
                4,
                55,
                27
            ],
            [
                24,
                2,
                40,
                36
            ],
            [
                24,
                2,
                46,
                42
            ],
            [
                24,
                4,
                55,
                27
            ],
            [
                24,
                2,
                41,
                37
            ],
            [
                25,
                4,
                52,
                24
            ],
            [
                25,
                2,
                43,
                41
            ],
            [
                25,
                3,
                52,
                38
            ],
            [
                25,
                3,
                53,
                39
            ],
            [
                26,
                3,
                55,
                41
            ],
            [
                26,
                3,
                55,
                41
            ],
            [
                26,
                2,
                17,
                15
            ],
            [
                27,
                4,
                54,
                26
            ],
            [
                27,
                4,
                54,
                26
            ],
            [
                27,
                3,
                55,
                41
            ],
            [
                28,
                2,
                34,
                30
            ],
            [
                28,
                4,
                54,
                26
            ],
            [
                28,
                3,
                54,
                40
            ],
            [
                28,
                2,
                46,
                42
            ],
            [
                29,
                3,
                53,
                39
            ],
            [
                29,
                2,
                40,
                36
            ],
            [
                29,
                2,
                39,
                35
            ],
            [
                29,
                2,
                41,
                37
            ],
            [
                29,
                2,
                45,
                41
            ]
        ],
        "lWaitDayByPriority": [
            6165,
            41,
            1919,
            2334,
            1871
        ],
        "objval": 2844.7702152976826,
        "std_occupancy": 45.101632594968024
    },
    "runtime": 0.7291300296783447,
    "simdays": 150,
    "solver": "greedy"
}