{
    "arrivalrate": 6.0,
    "ins_name": 0,
    "ins_path": null,
    "lNoNewPatients": [
        187,
        2,
        78,
        61,
        46
    ],
    "lNoPatients": [
        362,
        2,
        85,
        174,
        101
    ],
    "lNoSections": [
        2432,
        11,
        242,
        1344,
        835
    ],
    "mipgap": 1.0,
    "noLinacs": 4,
    "noSlotsPerDay": 120,
    "planningHorizon": 80,
    "runresult": {
        "avg_occupancy": 51.266666666666666,
        "feasibility": true,
        "lAvgLateDayByPriority": [
            23.048128342245988,
            16.5,
            13.58974358974359,
            34.59016393442623,
            24.065217391304348
        ],
        "lAvgWaitDayByPriority": [
            35.23529411764706,
            16.5,
            16.05128205128205,
            48.01639344262295,
            51.630434782608695
        ],
        "lLateDayByPriority": [
            4310,
            33,
            1060,
            2110,
            1107
        ],
        "lOccupancy": {
            "0": [
                0.0,
                0.0,
                0.0,
                0.0,
                0.0,
                0.0,
                1.25,
                0.0,
                0.0,
                0.0,
                0.0,
                0.0,
                0.0,
                0.0,
                0.0,
                0.0,
                0.0,
                0.0,
                0.0,
                0.0,
                0.0,
                0.0,
                0.0,
                0.0,
                0.0,
                0.0,
                0.0,
                0.0,
                0.0,
                0.0,
                0.0,
                0.0,
                0.0,
                0.0,
                0.0,
                0.0,
                0.0,
                0.0,
                0.0,
                0.0,
                0.0,
                0.0,
                1.0416666666666665,
                1.0416666666666665,
                1.0416666666666665,
                1.0416666666666665,
                1.0416666666666665,
                1.0416666666666665,
                1.0416666666666665,
                1.0416666666666665,
                1.0416666666666665,
                1.0416666666666665,
                0.0,
                0.0,
                0.0,
                0.0,
                0.0,
                0.0,
                0.0,
                0.0,
                0.0,
                0.0,
                0.0,
                0.0,
                0.0,
                0.0,
                0.0,
                0.0,
                0.0,
                0.0,
                0.0,
                0.0,
                0.0,
                0.0,
                0.0,
                0.0,
                0.0,
                0.0,
                0.0,
                0.0,
                0.0,
                0.0,
                0.0,
                0.0,
                0.0,
                0.0,
                0.0,
                0.0,
                0.0,
                0.0,
                0.0,
                0.0,
                0.0,
                0.0,
                0.0,
                0.0,
                0.0,
                0.0,
                0.0,
                0.0,
                0.0,
                0.0,
                0.0,
                0.0,
                0.0,
                0.0,
                0.0,
                0.0,
                0.0,
                0.0,
                0.0,
                0.0,
                0.0,
                0.0,
                0.0,
                0.0,
                0.0,
                0.0,
                0.0,
                0.0,
                0.0,
                0.0,
                0.0,
                0.0,
                0.0,
                0.0,
                0.0,
                0.0,
                0.0,
                0.0,
                0.0,
                0.0,
                0.0,
                0.0,
                0.0,
                0.0,
                0.0,
                0.0,
                0.0,
                0.0,
                0.0,
                0.0,
                0.0,
                0.0,
                0.0,
                0.0,
                0.0,
                0.0,
                0.0,
                0.0
            ],
            "1": [
                10.625,
                9.791666666666666,
                9.791666666666666,
                12.708333333333332,
                8.541666666666666,
                7.083333333333333,
                5.833333333333333,
                9.166666666666666,
                10.833333333333334,
                6.25,
                5.625,
                8.333333333333332,
                8.541666666666666,
                5.833333333333333,
                6.041666666666667,
                6.041666666666667,
                5.625,
                5.625,
                5.833333333333333,
                5.0,
                6.458333333333334,
                4.583333333333333,
                4.583333333333333,
                4.583333333333333,
                6.25,
                4.583333333333333,
                4.583333333333333,
                5.833333333333333,
                4.583333333333333,
                6.875000000000001,
                7.083333333333333,
                7.5,
                5.833333333333333,
                5.833333333333333,
                4.583333333333333,
                4.583333333333333,
                7.5,
                5.0,
                10.0,
                11.041666666666666,
                10.625,
                9.375,
                10.625,
                10.625,
                13.125,
                14.791666666666666,
                13.333333333333334,
                14.374999999999998,
                13.333333333333334,
                10.625,
                8.125,
                6.875000000000001,
                2.7083333333333335,
                1.0416666666666665,
                1.0416666666666665,
                1.0416666666666665,
                1.0416666666666665,
                0.0,
                0.0,
                0.0,
                0.0,
                0.0,
                0.0,
                0.0,
                0.0,
                0.0,
                0.0,
                0.0,
                0.0,
                0.0,
                0.0,
                0.0,
                0.0,
                0.0,
                0.0,
                0.0,
                0.0,
                0.0,
                0.0,
                0.0,
                0.0,
                0.0,
                0.0,
                0.0,
                0.0,
                0.0,
                0.0,
                0.0,
                0.0,
                0.0,
                0.0,
                0.0,
                0.0,
                0.0,
                0.0,
                0.0,
                0.0,
                0.0,
                0.0,
                0.0,
                0.0,
                0.0,
                0.0,
                0.0,
                0.0,
                0.0,
                0.0,
                0.0,
                0.0,
                0.0,
                0.0,
                0.0,
                0.0,
                0.0,
                0.0,
                0.0,
                0.0,
                0.0,
                0.0,
                0.0,
                0.0,
                0.0,
                0.0,
                0.0,
                0.0,
                0.0,
                0.0,
                0.0,
                0.0,
                0.0,
                0.0,
                0.0,
                0.0,
                0.0,
                0.0,
                0.0,
                0.0,
                0.0,
                0.0,
                0.0,
                0.0,
                0.0,
                0.0,
                0.0,
                0.0,
                0.0,
                0.0,
                0.0,
                0.0,
                0.0
            ],
            "2": [
                68.33333333333333,
                68.33333333333333,
                68.125,
                69.16666666666667,
                68.125,
                69.375,
                70.20833333333333,
                66.45833333333333,
                63.125,
                62.083333333333336,
                59.791666666666664,
                56.666666666666664,
                56.25,
                55.625,
                55.625,
                56.666666666666664,
                58.333333333333336,
                58.333333333333336,
                57.91666666666667,
                55.00000000000001,
                53.125,
                54.58333333333333,
                52.083333333333336,
                53.75,
                54.166666666666664,
                56.875,
                55.833333333333336,
                53.75,
                54.79166666666667,
                56.458333333333336,
                54.79166666666667,
                54.37499999999999,
                54.37499999999999,
                57.49999999999999,
                55.41666666666667,
                55.833333333333336,
                54.37499999999999,
                55.625,
                54.37499999999999,
                54.58333333333333,
                57.291666666666664,
                57.49999999999999,
                56.875,
                56.875,
                54.79166666666667,
                52.708333333333336,
                56.666666666666664,
                56.666666666666664,
                58.958333333333336,
                58.958333333333336,
                60.20833333333333,
                60.20833333333333,
                59.583333333333336,
                57.49999999999999,
                58.333333333333336,
                56.041666666666664,
                56.041666666666664,
                52.083333333333336,
                53.333333333333336,
                53.333333333333336,
                55.00000000000001,
                53.333333333333336,
                52.083333333333336,
                50.0,
                47.91666666666667,
                47.91666666666667,
                46.666666666666664,
                49.375,
                49.791666666666664,
                49.791666666666664,
                45.416666666666664,
                42.70833333333333,
                40.833333333333336,
                39.166666666666664,
                35.833333333333336,
                29.583333333333332,
                27.916666666666668,
                27.916666666666668,
                26.25,
                26.25,
                26.25,
                26.25,
                26.25,
                25.0,
                25.0,
                25.0,
                25.0,
                23.333333333333332,
                22.083333333333332,
                22.083333333333332,
                19.791666666666664,
                16.875,
                15.208333333333332,
                13.958333333333334,
                8.958333333333334,
                8.958333333333334,
                7.708333333333334,
                7.708333333333334,
                7.708333333333334,
                7.708333333333334,
                4.166666666666666,
                2.9166666666666665,
                2.9166666666666665,
                1.25,
                0.0,
                0.0,
                0.0,
                0.0,
                0.0,
                0.0,
                0.0,
                0.0,
                0.0,
                0.0,
                0.0,
                0.0,
                0.0,
                0.0,
                0.0,
                0.0,
                0.0,
                0.0,
                0.0,
                0.0,
                0.0,
                0.0,
                0.0,
                0.0,
                0.0,
                0.0,
                0.0,
                0.0,
                0.0,
                0.0,
                0.0,
                0.0,
                0.0,
                0.0,
                0.0,
                0.0,
                0.0,
                0.0,
                0.0,
                0.0,
                0.0,
                0.0,
                0.0,
                0.0,
                0.0,
                0.0
            ],
            "3": [
                15.625,
                14.374999999999998,
                14.374999999999998,
                12.916666666666668,
                14.374999999999998,
                14.374999999999998,
                15.833333333333332,
                20.0,
                24.166666666666668,
                30.0,
                32.916666666666664,
                34.375,
                34.375,
                36.25,
                36.25,
                35.625,
                34.166666666666664,
                34.166666666666664,
                34.791666666666664,
                37.708333333333336,
                39.58333333333333,
                38.54166666666667,
                41.25,
                39.791666666666664,
                38.333333333333336,
                36.666666666666664,
                38.125,
                39.166666666666664,
                39.166666666666664,
                35.833333333333336,
                37.291666666666664,
                37.291666666666664,
                37.5,
                34.791666666666664,
                37.708333333333336,
                37.916666666666664,
                37.916666666666664,
                37.916666666666664,
                34.791666666666664,
                33.75,
                30.833333333333336,
                31.874999999999996,
                30.833333333333336,
                30.833333333333336,
                29.375,
                29.791666666666668,
                26.875,
                26.25,
                24.375,
                24.375,
                23.333333333333332,
                22.916666666666664,
                23.333333333333332,
                25.208333333333332,
                25.208333333333332,
                27.500000000000004,
                27.500000000000004,
                31.041666666666668,
                29.791666666666668,
                28.333333333333332,
                26.666666666666668,
                24.375,
                25.624999999999996,
                28.958333333333336,
                30.208333333333332,
                30.208333333333332,
                31.25,
                28.749999999999996,
                29.583333333333332,
                29.583333333333332,
                34.166666666666664,
                32.5,
                30.625000000000004,
                30.625000000000004,
                28.958333333333336,
                27.500000000000004,
                26.25,
                26.25,
                26.25,
                25.0,
                22.708333333333332,
                20.416666666666668,
                17.083333333333332,
                14.791666666666666,
                14.791666666666666,
                13.125,
                9.791666666666666,
                8.75,
                7.708333333333334,
                7.708333333333334,
                5.625,
                5.625,
                4.375,
                4.375,
                4.375,
                3.3333333333333335,
                1.0416666666666665,
                1.0416666666666665,
                1.0416666666666665,
                0.0,
                0.0,
                0.0,
                0.0,
                0.0,
                0.0,
                0.0,
                0.0,
                0.0,
                0.0,
                0.0,
                0.0,
                0.0,
                0.0,
                0.0,
                0.0,
                0.0,
                0.0,
                0.0,
                0.0,
                0.0,
                0.0,
                0.0,
                0.0,
                0.0,
                0.0,
                0.0,
                0.0,
                0.0,
                0.0,
                0.0,
                0.0,
                0.0,
                0.0,
                0.0,
                0.0,
                0.0,
                0.0,
                0.0,
                0.0,
                0.0,
                0.0,
                0.0,
                0.0,
                0.0,
                0.0,
                0.0,
                0.0,
                0.0,
                0.0,
                0.0
            ],
            "overall": [
                94.58333333333333,
                92.5,
                92.29166666666667,
                94.79166666666667,
                91.04166666666667,
                90.83333333333333,
                93.12499999999999,
                95.625,
                98.125,
                98.33333333333334,
                98.33333333333331,
                99.375,
                99.16666666666667,
                97.70833333333334,
                97.91666666666666,
                98.33333333333333,
                98.125,
                98.125,
                98.54166666666667,
                97.70833333333334,
                99.16666666666666,
                97.70833333333334,
                97.91666666666667,
                98.125,
                98.75,
                98.125,
                98.54166666666667,
                98.75,
                98.54166666666667,
                99.16666666666667,
                99.16666666666667,
                99.16666666666666,
                97.70833333333333,
                98.125,
                97.70833333333334,
                98.33333333333334,
                99.79166666666666,
                98.54166666666666,
                99.16666666666666,
                99.375,
                98.75,
                98.75,
                99.375,
                99.375,
                98.33333333333334,
                98.33333333333334,
                97.91666666666666,
                98.33333333333333,
                97.70833333333334,
                95.0,
                92.70833333333333,
                91.04166666666666,
                85.625,
                83.74999999999999,
                84.58333333333333,
                84.58333333333333,
                84.58333333333333,
                83.125,
                83.125,
                81.66666666666667,
                81.66666666666667,
                77.70833333333334,
                77.70833333333333,
                78.95833333333334,
                78.125,
                78.125,
                77.91666666666666,
                78.125,
                79.375,
                79.375,
                79.58333333333333,
                75.20833333333333,
                71.45833333333334,
                69.79166666666667,
                64.79166666666667,
                57.083333333333336,
                54.16666666666667,
                54.16666666666667,
                52.5,
                51.25,
                48.95833333333333,
                46.66666666666667,
                43.33333333333333,
                39.791666666666664,
                39.791666666666664,
                38.125,
                34.791666666666664,
                32.08333333333333,
                29.791666666666664,
                29.791666666666664,
                25.416666666666664,
                22.5,
                19.583333333333332,
                18.333333333333336,
                13.333333333333334,
                12.291666666666668,
                8.75,
                8.75,
                8.75,
                7.708333333333334,
                4.166666666666666,
                2.9166666666666665,
                2.9166666666666665,
                1.25,
                0.0,
                0.0,
                0.0,
                0.0,
                0.0,
                0.0,
                0.0,
                0.0,
                0.0,
                0.0,
                0.0,
                0.0,
                0.0,
                0.0,
                0.0,
                0.0,
                0.0,
                0.0,
                0.0,
                0.0,
                0.0,
                0.0,
                0.0,
                0.0,
                0.0,
                0.0,
                0.0,
                0.0,
                0.0,
                0.0,
                0.0,
                0.0,
                0.0,
                0.0,
                0.0,
                0.0,
                0.0,
                0.0,
                0.0,
                0.0,
                0.0,
                0.0,
                0.0,
                0.0,
                0.0,
                0.0
            ]
        },
        "lWaitAndOverdue": [
            [
                0,
                3,
                8,
                0
            ],
            [
                0,
                2,
                0,
                0
            ],
            [
                1,
                2,
                0,
                0
            ],
            [
                1,
                3,
                10,
                0
            ],
            [
                1,
                3,
                6,
                0
            ],
            [
                1,
                3,
                10,
                0
            ],
            [
                2,
                3,
                9,
                0
            ],
            [
                2,
                2,
                0,
                0
            ],
            [
                2,
                2,
                1,
                0
            ],
            [
                2,
                2,
                1,
                0
            ],
            [
                2,
                4,
                47,
                19
            ],
            [
                3,
                2,
                4,
                0
            ],
            [
                3,
                3,
                48,
                34
            ],
            [
                3,
                4,
                27,
                0
            ],
            [
                3,
                2,
                0,
                0
            ],
            [
                3,
                3,
                6,
                0
            ],
            [
                4,
                2,
                0,
                0
            ],
            [
                4,
                3,
                47,
                33
            ],
            [
                4,
                3,
                31,
                17
            ],
            [
                4,
                2,
                0,
                0
            ],
            [
                5,
                4,
                23,
                0
            ],
            [
                5,
                3,
                45,
                31
            ],
            [
                5,
                2,
                2,
                0
            ],
            [
                5,
                4,
                45,
                17
            ],
            [
                5,
                3,
                45,
                31
            ],
            [
                5,
                3,
                46,
                32
            ],
            [
                5,
                3,
                46,
                32
            ],
            [
                5,
                3,
                49,
                35
            ],
            [
                5,
                3,
                49,
                35
            ],
            [
                5,
                3,
                49,
                35
            ],
            [
                5,
                2,
                2,
                0
            ],
            [
                6,
                2,
                0,
                0
            ],
            [
                6,
                2,
                2,
                0
            ],
            [
                6,
                2,
                6,
                4
            ],
            [
                6,
                2,
                0,
                0
            ],
            [
                6,
                1,
                0,
                0
            ],
            [
                6,
                4,
                48,
                20
            ],
            [
                6,
                3,
                48,
                34
            ],
            [
                7,
                3,
                47,
                33
            ],
            [
                7,
                2,
                0,
                0
            ],
            [
                7,
                4,
                47,
                19
            ],
            [
                8,
                3,
                46,
                32
            ],
            [
                8,
                3,
                46,
                32
            ],
            [
                8,
                2,
                5,
                1
            ],
            [
                8,
                3,
                46,
                32
            ],
            [
                8,
                2,
                5,
                1
            ],
            [
                8,
                2,
                5,
                1
            ],
            [
                8,
                2,
                0,
                0
            ],
            [
                8,
                3,
                47,
                33
            ],
            [
                9,
                4,
                46,
                18
            ],
            [
                9,
                3,
                47,
                33
            ],
            [
                9,
                2,
                5,
                1
            ],
            [
                9,
                2,
                5,
                1
            ],
            [
                9,
                3,
                46,
                32
            ],
            [
                9,
                4,
                20,
                0
            ],
            [
                9,
                2,
                5,
                1
            ],
            [
                10,
                3,
                44,
                30
            ],
            [
                10,
                2,
                3,
                1
            ],
            [
                10,
                2,
                4,
                2
            ],
            [
                10,
                2,
                11,
                9
            ],
            [
                10,
                2,
                4,
                2
            ],
            [
                10,
                2,
                14,
                12
            ],
            [
                10,
                2,
                14,
                12
            ],
            [
                10,
                2,
                8,
                6
            ],
            [
                10,
                4,
                44,
                16
            ],
            [
                10,
                2,
                10,
                8
            ],
            [
                11,
                4,
                48,
                20
            ],
            [
                11,
                3,
                51,
                37
            ],
            [
                11,
                4,
                43,
                15
            ],
            [
                11,
                2,
                13,
                11
            ],
            [
                11,
                2,
                9,
                7
            ],
            [
                11,
                2,
                14,
                12
            ],
            [
                11,
                4,
                43,
                15
            ],
            [
                11,
                3,
                48,
                34
            ],
            [
                11,
                2,
                16,
                14
            ],
            [
                11,
                3,
                52,
                38
            ],
            [
                11,
                3,
                49,
                35
            ],
            [
                11,
                3,
                43,
                29
            ],
            [
                12,
                4,
                55,
                27
            ],
            [
                12,
                3,
                48,
                34
            ],
            [
                12,
                4,
                22,
                0
            ],
            [
                12,
                3,
                54,
                40
            ],
            [
                12,
                2,
                16,
                14
            ],
            [
                13,
                2,
                18,
                14
            ],
            [
                13,
                4,
                55,
                27
            ],
            [
                13,
                3,
                55,
                41
            ],
            [
                14,
                2,
                14,
                10
            ],
            [
                14,
                2,
                24,
                20
            ],
            [
                14,
                2,
                24,
                20
            ],
            [
                14,
                3,
                54,
                40
            ],
            [
                14,
                4,
                55,
                27
            ],
            [
                14,
                2,
                25,
                21
            ],
            [
                15,
                2,
                29,
                27
            ],
            [
                15,
                3,
                52,
                38
            ],
            [
                15,
                2,
                22,
                20
            ],
            [
                15,
                2,
                23,
                21
            ],
            [
                15,
                3,
                52,
                38
            ],
            [
                15,
                3,
                53,
                39
            ],
            [
                15,
                4,
                52,
                24
            ],
            [
                15,
                4,
                52,
                24
            ],
            [
                15,
                3,
                53,
                39
            ],
            [
                16,
                3,
                52,
                38
            ],
            [
                16,
                2,
                29,
                27
            ],
            [
                16,
                3,
                55,
                41
            ],
            [
                16,
                2,
                29,
                27
            ],
            [
                17,
                4,
                54,
                26
            ],
            [
                17,
                2,
                29,
                27
            ],
            [
                17,
                2,
                29,
                27
            ],
            [
                17,
                2,
                30,
                28
            ],
            [
                17,
                2,
                14,
                12
            ],
            [
                17,
                4,
                56,
                28
            ],
            [
                17,
                4,
                54,
                26
            ],
            [
                17,
                4,
                56,
                28
            ],
            [
                18,
                4,
                55,
                27
            ],
            [
                18,
                3,
                55,
                41
            ],
            [
                18,
                2,
                29,
                25
            ],
            [
                18,
                3,
                56,
                42
            ],
            [
                18,
                2,
                29,
                25
            ],
            [
                18,
                2,
                29,
                25
            ],
            [
                18,
                3,
                57,
                43
            ],
            [
                19,
                2,
                38,
                34
            ],
            [
                19,
                2,
                32,
                28
            ],
            [
                19,
                2,
                33,
                29
            ],
            [
                19,
                1,
                33,
                33
            ],
            [
                20,
                2,
                30,
                28
            ],
            [
                20,
                2,
                32,
                30
            ],
            [
                20,
                3,
                53,
                39
            ],
            [
                20,
                3,
                56,
                42
            ],
            [
                20,
                4,
                37,
                9
            ],
            [
                21,
                3,
                56,
                42
            ],
            [
                21,
                2,
                10,
                8
            ],
            [
                21,
                4,
                55,
                27
            ],
            [
                21,
                4,
                55,
                27
            ],
            [
                22,
                2,
                20,
                18
            ],
            [
                22,
                4,
                55,
                27
            ],
            [
                22,
                4,
                56,
                28
            ],
            [
                22,
                4,
                56,
                28
            ],
            [
                22,
                3,
                57,
                43
            ],
            [
                23,
                4,
                61,
                33
            ],
            [
                23,
                3,
                57,
                43
            ],
            [
                23,
                3,
                61,
                47
            ],
            [
                23,
                4,
                57,
                29
            ],
            [
                23,
                4,
                56,
                28
            ],
            [
                23,
                3,
                62,
                48
            ],
            [
                23,
                2,
                27,
                23
            ],
            [
                23,
                2,
                29,
                25
            ],
            [
                23,
                3,
                56,
                42
            ],
            [
                23,
                4,
                56,
                28
            ],
            [
                23,
                4,
                56,
                28
            ],
            [
                23,
                4,
                56,
                28
            ],
            [
                24,
                4,
                61,
                33
            ],
            [
                24,
                2,
                28,
                24
            ],
            [
                24,
                2,
                28,
                24
            ],
            [
                24,
                4,
                62,
                34
            ],
            [
                24,
                2,
                28,
                24
            ],
            [
                24,
                4,
                61,
                33
            ],
            [
                24,
                2,
                32,
                28
            ],
            [
                24,
                3,
                62,
                48
            ],
            [
                24,
                3,
                61,
                47
            ],
            [
                25,
                3,
                60,
                46
            ],
            [
                25,
                3,
                60,
                46
            ],
            [
                25,
                2,
                4,
                2
            ],
            [
                25,
                4,
                60,
                32
            ],
            [
                25,
                4,
                63,
                35
            ],
            [
                26,
                3,
                62,
                48
            ],
            [
                26,
                2,
                28,
                26
            ],
            [
                26,
                4,
                62,
                34
            ],
            [
                26,
                3,
                62,
                48
            ],
            [
                26,
                2,
                29,
                27
            ],
            [
                26,
                3,
                62,
                48
            ],
            [
                27,
                2,
                27,
                25
            ],
            [
                27,
                2,
                27,
                25
            ],
            [
                27,
                2,
                28,
                26
            ],
            [
                27,
                2,
                28,
                26
            ],
            [
                28,
                2,
                5,
                1
            ],
            [
                28,
                2,
                27,
                23
            ],
            [
                28,
                4,
                61,
                33
            ],
            [
                28,
                4,
                61,
                33
            ],
            [
                28,
                4,
                60,
                32
            ],
            [
                28,
                3,
                61,
                47
            ],
            [
                28,
                2,
                28,
                24
            ],
            [
                28,
                2,
                27,
                23
            ],
            [
                28,
                4,
                61,
                33
            ],
            [
                28,
                3,
                61,
                47
            ],
            [
                29,
                4,
                60,
                32
            ],
            [
                29,
                3,
                60,
                46
            ],
            [
                29,
                2,
                17,
                13
            ]
        ],
        "lWaitDayByPriority": [
            6589,
            33,
            1252,
            2929,
            2375
        ],
        "objval": 2713.904773653526,
        "std_occupancy": 42.84791904709803
    },
    "runtime": 5.4354472160339355,
    "simdays": 150,
    "solver": "daily"
}