{
    "arrivalrate": 6.0,
    "ins_name": 20,
    "ins_path": null,
    "lNoNewPatients": [
        204,
        2,
        83,
        69,
        50
    ],
    "lNoPatients": [
        354,
        2,
        88,
        164,
        100
    ],
    "lNoSections": [
        2720,
        11,
        256,
        1518,
        935
    ],
    "mipgap": 1.0,
    "noLinacs": 4,
    "noSlotsPerDay": 120,
    "planningHorizon": 80,
    "runresult": {
        "avg_occupancy": 49.791666666666664,
        "feasibility": true,
        "lAvgLateDayByPriority": [
            19.99019607843137,
            13.5,
            11.590361445783133,
            30.057971014492754,
            20.3
        ],
        "lAvgWaitDayByPriority": [
            32.23529411764706,
            13.5,
            14.132530120481928,
            43.43478260869565,
            47.58
        ],
        "lLateDayByPriority": [
            4078,
            27,
            962,
            2074,
            1015
        ],
        "lOccupancy": {
            "0": [
                0.0,
                0.0,
                0.0,
                0.0,
                0.0,
                0.0,
                0.0,
                1.25,
                0.0,
                0.0,
                0.0,
                0.0,
                0.0,
                0.0,
                0.0,
                0.0,
                0.0,
                0.0,
                0.0,
                0.0,
                0.0,
                0.0,
                0.0,
                0.0,
                0.0,
                0.0,
                0.0,
                0.0,
                0.0,
                0.0,
                0.0,
                0.0,
                0.0,
                0.0,
                0.0,
                0.0,
                0.0,
                0.0,
                0.0,
                0.0,
                1.0416666666666665,
                1.0416666666666665,
                1.0416666666666665,
                1.0416666666666665,
                1.0416666666666665,
                1.0416666666666665,
                1.0416666666666665,
                1.0416666666666665,
                1.0416666666666665,
                1.0416666666666665,
                0.0,
                0.0,
                0.0,
                0.0,
                0.0,
                0.0,
                0.0,
                0.0,
                0.0,
                0.0,
                0.0,
                0.0,
                0.0,
                0.0,
                0.0,
                0.0,
                0.0,
                0.0,
                0.0,
                0.0,
                0.0,
                0.0,
                0.0,
                0.0,
                0.0,
                0.0,
                0.0,
                0.0,
                0.0,
                0.0,
                0.0,
                0.0,
                0.0,
                0.0,
                0.0,
                0.0,
                0.0,
                0.0,
                0.0,
                0.0,
                0.0,
                0.0,
                0.0,
                0.0,
                0.0,
                0.0,
                0.0,
                0.0,
                0.0,
                0.0,
                0.0,
                0.0,
                0.0,
                0.0,
                0.0,
                0.0,
                0.0,
                0.0,
                0.0,
                0.0,
                0.0,
                0.0,
                0.0,
                0.0,
                0.0,
                0.0,
                0.0,
                0.0,
                0.0,
                0.0,
                0.0,
                0.0,
                0.0,
                0.0,
                0.0,
                0.0,
                0.0,
                0.0,
                0.0,
                0.0,
                0.0,
                0.0,
                0.0,
                0.0,
                0.0,
                0.0,
                0.0,
                0.0,
                0.0,
                0.0,
                0.0,
                0.0,
                0.0,
                0.0,
                0.0,
                0.0,
                0.0,
                0.0,
                0.0,
                0.0
            ],
            "1": [
                4.375,
                6.25,
                11.041666666666666,
                13.958333333333334,
                8.958333333333334,
                12.708333333333332,
                8.125,
                5.625,
                6.041666666666667,
                7.916666666666666,
                7.916666666666666,
                8.125,
                6.875000000000001,
                6.041666666666667,
                5.0,
                6.666666666666667,
                5.833333333333333,
                4.583333333333333,
                4.375,
                6.875000000000001,
                4.375,
                4.583333333333333,
                4.583333333333333,
                5.0,
                4.791666666666667,
                5.833333333333333,
                6.25,
                8.75,
                6.041666666666667,
                5.0,
                5.833333333333333,
                5.833333333333333,
                7.5,
                9.791666666666666,
                10.208333333333334,
                9.166666666666666,
                10.833333333333334,
                13.958333333333334,
                13.541666666666666,
                13.958333333333334,
                13.541666666666666,
                14.791666666666666,
                14.374999999999998,
                13.750000000000002,
                16.041666666666668,
                13.541666666666666,
                12.291666666666666,
                12.291666666666666,
                6.875000000000001,
                4.375,
                1.0416666666666665,
                1.0416666666666665,
                1.0416666666666665,
                1.0416666666666665,
                0.0,
                0.0,
                0.0,
                0.0,
                0.0,
                0.0,
                0.0,
                0.0,
                0.0,
                0.0,
                0.0,
                0.0,
                0.0,
                0.0,
                0.0,
                0.0,
                0.0,
                0.0,
                0.0,
                0.0,
                0.0,
                0.0,
                0.0,
                0.0,
                0.0,
                0.0,
                0.0,
                0.0,
                0.0,
                0.0,
                0.0,
                0.0,
                0.0,
                0.0,
                0.0,
                0.0,
                0.0,
                0.0,
                0.0,
                0.0,
                0.0,
                0.0,
                0.0,
                0.0,
                0.0,
                0.0,
                0.0,
                0.0,
                0.0,
                0.0,
                0.0,
                0.0,
                0.0,
                0.0,
                0.0,
                0.0,
                0.0,
                0.0,
                0.0,
                0.0,
                0.0,
                0.0,
                0.0,
                0.0,
                0.0,
                0.0,
                0.0,
                0.0,
                0.0,
                0.0,
                0.0,
                0.0,
                0.0,
                0.0,
                0.0,
                0.0,
                0.0,
                0.0,
                0.0,
                0.0,
                0.0,
                0.0,
                0.0,
                0.0,
                0.0,
                0.0,
                0.0,
                0.0,
                0.0,
                0.0,
                0.0,
                0.0,
                0.0,
                0.0,
                0.0,
                0.0
            ],
            "2": [
                69.375,
                69.58333333333333,
                67.70833333333334,
                66.04166666666667,
                63.33333333333333,
                60.0,
                62.916666666666664,
                58.333333333333336,
                57.70833333333333,
                53.75,
                55.00000000000001,
                51.87500000000001,
                58.54166666666667,
                55.208333333333336,
                53.75,
                51.87500000000001,
                52.083333333333336,
                51.66666666666667,
                48.75,
                49.166666666666664,
                51.041666666666664,
                53.75,
                54.166666666666664,
                55.00000000000001,
                52.083333333333336,
                50.416666666666664,
                51.66666666666667,
                49.791666666666664,
                51.87500000000001,
                51.45833333333333,
                52.916666666666664,
                53.95833333333333,
                55.00000000000001,
                53.125,
                52.708333333333336,
                51.45833333333333,
                54.79166666666667,
                53.95833333333333,
                54.166666666666664,
                54.58333333333333,
                56.041666666666664,
                56.041666666666664,
                57.70833333333333,
                57.70833333333333,
                59.375,
                56.25,
                56.25,
                61.25000000000001,
                61.25000000000001,
                62.708333333333336,
                59.166666666666664,
                57.49999999999999,
                57.70833333333333,
                57.70833333333333,
                57.49999999999999,
                55.625,
                55.625,
                55.41666666666667,
                58.958333333333336,
                54.79166666666667,
                54.58333333333333,
                54.37499999999999,
                54.37499999999999,
                52.916666666666664,
                53.541666666666664,
                48.75,
                46.458333333333336,
                45.0,
                42.083333333333336,
                41.25,
                41.25,
                41.25,
                38.125,
                36.45833333333333,
                31.666666666666664,
                30.0,
                30.0,
                26.666666666666668,
                26.666666666666668,
                26.666666666666668,
                23.75,
                23.75,
                23.75,
                23.75,
                23.75,
                23.75,
                23.75,
                20.833333333333336,
                19.791666666666664,
                18.125,
                15.625,
                10.208333333333334,
                10.208333333333334,
                7.708333333333334,
                6.458333333333334,
                6.458333333333334,
                6.458333333333334,
                4.166666666666666,
                2.9166666666666665,
                2.9166666666666665,
                1.25,
                1.25,
                0.0,
                0.0,
                0.0,
                0.0,
                0.0,
                0.0,
                0.0,
                0.0,
                0.0,
                0.0,
                0.0,
                0.0,
                0.0,
                0.0,
                0.0,
                0.0,
                0.0,
                0.0,
                0.0,
                0.0,
                0.0,
                0.0,
                0.0,
                0.0,
                0.0,
                0.0,
                0.0,
                0.0,
                0.0,
                0.0,
                0.0,
                0.0,
                0.0,
                0.0,
                0.0,
                0.0,
                0.0,
                0.0,
                0.0,
                0.0,
                0.0,
                0.0,
                0.0,
                0.0,
                0.0,
                0.0,
                0.0,
                0.0
            ],
            "3": [
                14.374999999999998,
                14.374999999999998,
                15.833333333333332,
                17.291666666666668,
                20.0,
                25.624999999999996,
                27.083333333333332,
                32.916666666666664,
                35.41666666666667,
                37.291666666666664,
                36.45833333333333,
                38.333333333333336,
                33.75,
                36.25,
                40.0,
                40.0,
                40.0,
                41.458333333333336,
                45.208333333333336,
                42.291666666666664,
                41.875,
                40.208333333333336,
                40.625,
                38.958333333333336,
                41.875,
                42.5,
                40.625,
                40.625,
                40.625,
                42.291666666666664,
                39.58333333333333,
                39.58333333333333,
                35.208333333333336,
                35.833333333333336,
                35.41666666666667,
                37.083333333333336,
                32.29166666666667,
                30.833333333333336,
                29.791666666666668,
                29.791666666666668,
                27.916666666666668,
                26.875,
                25.416666666666664,
                26.041666666666668,
                23.125,
                24.375,
                23.333333333333332,
                18.541666666666668,
                18.541666666666668,
                17.291666666666668,
                18.958333333333332,
                21.041666666666668,
                21.458333333333332,
                21.458333333333332,
                21.458333333333332,
                23.75,
                23.75,
                23.541666666666668,
                20.416666666666668,
                23.75,
                24.166666666666668,
                24.166666666666668,
                24.166666666666668,
                25.416666666666664,
                26.25,
                30.625000000000004,
                32.29166666666667,
                33.958333333333336,
                35.833333333333336,
                35.833333333333336,
                30.625000000000004,
                28.958333333333336,
                28.958333333333336,
                28.958333333333336,
                27.500000000000004,
                27.500000000000004,
                26.25,
                26.25,
                25.0,
                20.625,
                19.375,
                19.375,
                16.458333333333332,
                14.166666666666666,
                12.083333333333334,
                8.75,
                8.75,
                7.708333333333334,
                6.666666666666667,
                5.625,
                4.375,
                4.375,
                4.375,
                0.0,
                0.0,
                0.0,
                0.0,
                0.0,
                0.0,
                0.0,
                0.0,
                0.0,
                0.0,
                0.0,
                0.0,
                0.0,
                0.0,
                0.0,
                0.0,
                0.0,
                0.0,
                0.0,
                0.0,
                0.0,
                0.0,
                0.0,
                0.0,
                0.0,
                0.0,
                0.0,
                0.0,
                0.0,
                0.0,
                0.0,
                0.0,
                0.0,
                0.0,
                0.0,
                0.0,
                0.0,
                0.0,
                0.0,
                0.0,
                0.0,
                0.0,
                0.0,
                0.0,
                0.0,
                0.0,
                0.0,
                0.0,
                0.0,
                0.0,
                0.0,
                0.0,
                0.0,
                0.0,
                0.0,
                0.0,
                0.0
            ],
            "overall": [
                88.125,
                90.20833333333333,
                94.58333333333334,
                97.29166666666667,
                92.29166666666666,
                98.33333333333333,
                98.12499999999999,
                98.125,
                99.16666666666666,
                98.95833333333333,
                99.375,
                98.33333333333334,
                99.16666666666667,
                97.5,
                98.75,
                98.54166666666667,
                97.91666666666667,
                97.70833333333334,
                98.33333333333334,
                98.33333333333333,
                97.29166666666666,
                98.54166666666667,
                99.375,
                98.95833333333334,
                98.75,
                98.75,
                98.54166666666667,
                99.16666666666666,
                98.54166666666667,
                98.75,
                98.33333333333333,
                99.375,
                97.70833333333334,
                98.75,
                98.33333333333334,
                97.70833333333333,
                97.91666666666667,
                98.75,
                97.5,
                98.33333333333333,
                98.54166666666667,
                98.75,
                98.54166666666666,
                98.54166666666667,
                99.58333333333334,
                95.20833333333333,
                92.91666666666666,
                93.12500000000001,
                87.70833333333334,
                85.41666666666667,
                79.16666666666666,
                79.58333333333333,
                80.20833333333333,
                80.20833333333333,
                78.95833333333333,
                79.375,
                79.375,
                78.95833333333334,
                79.375,
                78.54166666666667,
                78.75,
                78.54166666666666,
                78.54166666666666,
                78.33333333333333,
                79.79166666666666,
                79.375,
                78.75,
                78.95833333333334,
                77.91666666666667,
                77.08333333333334,
                71.875,
                70.20833333333334,
                67.08333333333334,
                65.41666666666666,
                59.16666666666667,
                57.5,
                56.25,
                52.91666666666667,
                51.66666666666667,
                47.29166666666667,
                43.125,
                43.125,
                40.20833333333333,
                37.916666666666664,
                35.833333333333336,
                32.5,
                32.5,
                28.54166666666667,
                26.458333333333332,
                23.75,
                20.0,
                14.583333333333334,
                14.583333333333334,
                7.708333333333334,
                6.458333333333334,
                6.458333333333334,
                6.458333333333334,
                4.166666666666666,
                2.9166666666666665,
                2.9166666666666665,
                1.25,
                1.25,
                0.0,
                0.0,
                0.0,
                0.0,
                0.0,
                0.0,
                0.0,
                0.0,
                0.0,
                0.0,
                0.0,
                0.0,
                0.0,
                0.0,
                0.0,
                0.0,
                0.0,
                0.0,
                0.0,
                0.0,
                0.0,
                0.0,
                0.0,
                0.0,
                0.0,
                0.0,
                0.0,
                0.0,
                0.0,
                0.0,
                0.0,
                0.0,
                0.0,
                0.0,
                0.0,
                0.0,
                0.0,
                0.0,
                0.0,
                0.0,
                0.0,
                0.0,
                0.0,
                0.0,
                0.0,
                0.0,
                0.0,
                0.0
            ]
        },
        "lWaitAndOverdue": [
            [
                0,
                3,
                9,
                0
            ],
            [
                0,
                2,
                0,
                0
            ],
            [
                0,
                3,
                7,
                0
            ],
            [
                0,
                3,
                7,
                0
            ],
            [
                0,
                2,
                2,
                0
            ],
            [
                0,
                3,
                8,
                0
            ],
            [
                0,
                3,
                8,
                0
            ],
            [
                0,
                2,
                2,
                0
            ],
            [
                0,
                2,
                2,
                0
            ],
            [
                1,
                4,
                17,
                0
            ],
            [
                1,
                2,
                1,
                0
            ],
            [
                1,
                4,
                27,
                0
            ],
            [
                1,
                4,
                34,
                6
            ],
            [
                1,
                4,
                34,
                6
            ],
            [
                2,
                3,
                40,
                26
            ],
            [
                2,
                3,
                8,
                0
            ],
            [
                2,
                3,
                41,
                27
            ],
            [
                2,
                2,
                1,
                0
            ],
            [
                2,
                3,
                41,
                27
            ],
            [
                2,
                3,
                42,
                28
            ],
            [
                2,
                2,
                2,
                0
            ],
            [
                2,
                2,
                0,
                0
            ],
            [
                2,
                3,
                42,
                28
            ],
            [
                2,
                3,
                42,
                28
            ],
            [
                3,
                3,
                41,
                27
            ],
            [
                3,
                3,
                42,
                28
            ],
            [
                3,
                2,
                4,
                0
            ],
            [
                3,
                2,
                0,
                0
            ],
            [
                4,
                2,
                3,
                0
            ],
            [
                4,
                4,
                41,
                13
            ],
            [
                4,
                2,
                3,
                0
            ],
            [
                4,
                3,
                42,
                28
            ],
            [
                5,
                4,
                39,
                11
            ],
            [
                5,
                2,
                1,
                0
            ],
            [
                5,
                3,
                39,
                25
            ],
            [
                5,
                2,
                2,
                0
            ],
            [
                6,
                3,
                38,
                24
            ],
            [
                6,
                3,
                8,
                0
            ],
            [
                6,
                2,
                1,
                0
            ],
            [
                6,
                4,
                16,
                0
            ],
            [
                6,
                3,
                38,
                24
            ],
            [
                6,
                2,
                2,
                0
            ],
            [
                6,
                4,
                41,
                13
            ],
            [
                6,
                3,
                41,
                27
            ],
            [
                6,
                3,
                42,
                28
            ],
            [
                6,
                3,
                42,
                28
            ],
            [
                6,
                3,
                43,
                29
            ],
            [
                6,
                3,
                43,
                29
            ],
            [
                7,
                3,
                42,
                28
            ],
            [
                7,
                2,
                2,
                0
            ],
            [
                7,
                2,
                2,
                0
            ],
            [
                7,
                2,
                6,
                4
            ],
            [
                7,
                2,
                6,
                4
            ],
            [
                7,
                2,
                1,
                0
            ],
            [
                7,
                1,
                0,
                0
            ],
            [
                7,
                4,
                42,
                14
            ],
            [
                7,
                3,
                42,
                28
            ],
            [
                8,
                3,
                42,
                28
            ],
            [
                8,
                2,
                6,
                2
            ],
            [
                8,
                4,
                41,
                13
            ],
            [
                8,
                3,
                43,
                29
            ],
            [
                9,
                3,
                42,
                28
            ],
            [
                9,
                2,
                4,
                0
            ],
            [
                9,
                3,
                40,
                26
            ],
            [
                9,
                2,
                6,
                2
            ],
            [
                9,
                2,
                7,
                3
            ],
            [
                9,
                2,
                6,
                2
            ],
            [
                10,
                3,
                42,
                28
            ],
            [
                10,
                4,
                42,
                14
            ],
            [
                10,
                3,
                44,
                30
            ],
            [
                10,
                2,
                7,
                5
            ],
            [
                10,
                2,
                7,
                5
            ],
            [
                10,
                3,
                42,
                28
            ],
            [
                10,
                4,
                16,
                0
            ],
            [
                11,
                2,
                8,
                6
            ],
            [
                11,
                3,
                43,
                29
            ],
            [
                11,
                2,
                7,
                5
            ],
            [
                11,
                2,
                9,
                7
            ],
            [
                11,
                2,
                16,
                14
            ],
            [
                11,
                2,
                9,
                7
            ],
            [
                12,
                2,
                16,
                14
            ],
            [
                12,
                2,
                16,
                14
            ],
            [
                12,
                2,
                13,
                11
            ],
            [
                12,
                4,
                43,
                15
            ],
            [
                12,
                2,
                9,
                7
            ],
            [
                12,
                4,
                44,
                16
            ],
            [
                12,
                3,
                44,
                30
            ],
            [
                12,
                4,
                47,
                19
            ],
            [
                12,
                2,
                19,
                17
            ],
            [
                12,
                2,
                9,
                7
            ],
            [
                13,
                2,
                18,
                14
            ],
            [
                13,
                4,
                46,
                18
            ],
            [
                13,
                3,
                46,
                32
            ],
            [
                13,
                2,
                18,
                14
            ],
            [
                13,
                3,
                48,
                34
            ],
            [
                13,
                3,
                50,
                36
            ],
            [
                14,
                3,
                49,
                35
            ],
            [
                14,
                4,
                52,
                24
            ],
            [
                14,
                3,
                52,
                38
            ],
            [
                14,
                4,
                53,
                25
            ],
            [
                14,
                3,
                47,
                33
            ],
            [
                14,
                2,
                18,
                14
            ],
            [
                14,
                2,
                19,
                15
            ],
            [
                15,
                4,
                50,
                22
            ],
            [
                15,
                3,
                51,
                37
            ],
            [
                15,
                2,
                21,
                19
            ],
            [
                15,
                2,
                16,
                14
            ],
            [
                15,
                2,
                23,
                21
            ],
            [
                15,
                3,
                46,
                32
            ],
            [
                15,
                4,
                51,
                23
            ],
            [
                15,
                2,
                24,
                22
            ],
            [
                16,
                2,
                24,
                22
            ],
            [
                16,
                3,
                50,
                36
            ],
            [
                16,
                2,
                23,
                21
            ],
            [
                16,
                2,
                24,
                22
            ],
            [
                16,
                3,
                50,
                36
            ],
            [
                16,
                3,
                50,
                36
            ],
            [
                17,
                4,
                49,
                21
            ],
            [
                17,
                4,
                51,
                23
            ],
            [
                17,
                3,
                51,
                37
            ],
            [
                17,
                3,
                54,
                40
            ],
            [
                17,
                2,
                26,
                24
            ],
            [
                17,
                3,
                51,
                37
            ],
            [
                17,
                2,
                26,
                24
            ],
            [
                18,
                4,
                53,
                25
            ],
            [
                18,
                2,
                21,
                17
            ],
            [
                18,
                2,
                27,
                23
            ],
            [
                18,
                2,
                26,
                22
            ],
            [
                18,
                2,
                13,
                9
            ],
            [
                19,
                4,
                54,
                26
            ],
            [
                19,
                4,
                49,
                21
            ],
            [
                19,
                4,
                54,
                26
            ],
            [
                19,
                4,
                52,
                24
            ],
            [
                19,
                3,
                54,
                40
            ],
            [
                19,
                2,
                27,
                23
            ],
            [
                19,
                3,
                55,
                41
            ],
            [
                19,
                2,
                27,
                23
            ],
            [
                19,
                2,
                27,
                23
            ],
            [
                20,
                3,
                52,
                38
            ],
            [
                20,
                2,
                32,
                30
            ],
            [
                20,
                2,
                25,
                23
            ],
            [
                20,
                2,
                25,
                23
            ],
            [
                21,
                1,
                27,
                27
            ],
            [
                21,
                2,
                27,
                25
            ],
            [
                21,
                2,
                27,
                25
            ],
            [
                21,
                3,
                51,
                37
            ],
            [
                21,
                3,
                52,
                38
            ],
            [
                21,
                4,
                52,
                24
            ],
            [
                21,
                3,
                51,
                37
            ],
            [
                21,
                2,
                9,
                7
            ],
            [
                22,
                4,
                51,
                23
            ],
            [
                22,
                4,
                51,
                23
            ],
            [
                23,
                2,
                26,
                22
            ],
            [
                23,
                4,
                50,
                22
            ],
            [
                23,
                4,
                50,
                22
            ],
            [
                23,
                4,
                53,
                25
            ],
            [
                23,
                3,
                53,
                39
            ],
            [
                23,
                4,
                53,
                25
            ],
            [
                24,
                3,
                53,
                39
            ],
            [
                24,
                3,
                53,
                39
            ],
            [
                24,
                4,
                55,
                27
            ],
            [
                24,
                4,
                52,
                24
            ],
            [
                25,
                3,
                53,
                39
            ],
            [
                25,
                2,
                7,
                5
            ],
            [
                25,
                2,
                24,
                22
            ],
            [
                25,
                3,
                53,
                39
            ],
            [
                25,
                4,
                53,
                25
            ],
            [
                25,
                4,
                56,
                28
            ],
            [
                25,
                4,
                53,
                25
            ],
            [
                25,
                4,
                56,
                28
            ],
            [
                25,
                2,
                22,
                20
            ],
            [
                25,
                2,
                21,
                19
            ],
            [
                25,
                4,
                56,
                28
            ],
            [
                25,
                2,
                23,
                21
            ],
            [
                26,
                4,
                55,
                27
            ],
            [
                26,
                2,
                23,
                21
            ],
            [
                26,
                3,
                55,
                41
            ],
            [
                26,
                3,
                56,
                42
            ],
            [
                26,
                3,
                56,
                42
            ],
            [
                26,
                3,
                55,
                41
            ],
            [
                26,
                2,
                8,
                6
            ],
            [
                27,
                4,
                55,
                27
            ],
            [
                27,
                4,
                56,
                28
            ],
            [
                27,
                3,
                56,
                42
            ],
            [
                27,
                2,
                22,
                20
            ],
            [
                27,
                4,
                57,
                29
            ],
            [
                28,
                3,
                56,
                42
            ],
            [
                28,
                2,
                25,
                21
            ],
            [
                28,
                3,
                56,
                42
            ],
            [
                28,
                2,
                21,
                17
            ],
            [
                28,
                2,
                22,
                18
            ],
            [
                28,
                2,
                22,
                18
            ],
            [
                29,
                2,
                24,
                20
            ],
            [
                29,
                2,
                7,
                3
            ],
            [
                29,
                2,
                21,
                17
            ],
            [
                29,
                4,
                55,
                27
            ],
            [
                29,
                4,
                55,
                27
            ],
            [
                29,
                4,
                55,
                27
            ],
            [
                29,
                3,
                56,
                42
            ],
            [
                29,
                2,
                24,
                20
            ],
            [
                29,
                2,
                21,
                17
            ],
            [
                29,
                4,
                56,
                28
            ],
            [
                29,
                3,
                56,
                42
            ],
            [
                29,
                4,
                56,
                28
            ]
        ],
        "lWaitDayByPriority": [
            6576,
            27,
            1173,
            2997,
            2379
        ],
        "objval": 2642.788416273791,
        "std_occupancy": 42.82202347442778
    },
    "runtime": 0.8439483642578125,
    "simdays": 150,
    "solver": "greedy"
}