{
    "arrivalrate": 6.0,
    "ins_name": 25,
    "ins_path": null,
    "lNoNewPatients": [
        183,
        2,
        74,
        70,
        37
    ],
    "lNoPatients": [
        312,
        2,
        78,
        153,
        79
    ],
    "lNoSections": [
        2451,
        11,
        222,
        1516,
        702
    ],
    "mipgap": 1.0,
    "noLinacs": 4,
    "noSlotsPerDay": 120,
    "planningHorizon": 80,
    "runresult": {
        "avg_occupancy": 43.91666666666666,
        "feasibility": true,
        "lAvgLateDayByPriority": [
            11.240437158469945,
            11.0,
            4.905405405405405,
            20.014285714285716,
            7.324324324324325
        ],
        "lAvgWaitDayByPriority": [
            22.688524590163933,
            11.0,
            7.243243243243243,
            33.55714285714286,
            33.648648648648646
        ],
        "lLateDayByPriority": [
            2057,
            22,
            363,
            1401,
            271
        ],
        "lOccupancy": {
            "0": [
                0.0,
                0.0,
                0.0,
                0.0,
                0.0,
                0.0,
                0.0,
                0.0,
                0.0,
                0.0,
                0.0,
                0.0,
                0.0,
                0.0,
                0.0,
                0.0,
                0.0,
                0.0,
                0.0,
                0.0,
                0.0,
                0.0,
                0.0,
                1.25,
                0.0,
                0.0,
                0.0,
                0.0,
                0.0,
                0.0,
                0.0,
                0.0,
                0.0,
                0.0,
                0.0,
                0.0,
                0.0,
                0.0,
                1.0416666666666665,
                1.0416666666666665,
                1.0416666666666665,
                1.0416666666666665,
                1.0416666666666665,
                1.0416666666666665,
                1.0416666666666665,
                1.0416666666666665,
                1.0416666666666665,
                1.0416666666666665,
                0.0,
                0.0,
                0.0,
                0.0,
                0.0,
                0.0,
                0.0,
                0.0,
                0.0,
                0.0,
                0.0,
                0.0,
                0.0,
                0.0,
                0.0,
                0.0,
                0.0,
                0.0,
                0.0,
                0.0,
                0.0,
                0.0,
                0.0,
                0.0,
                0.0,
                0.0,
                0.0,
                0.0,
                0.0,
                0.0,
                0.0,
                0.0,
                0.0,
                0.0,
                0.0,
                0.0,
                0.0,
                0.0,
                0.0,
                0.0,
                0.0,
                0.0,
                0.0,
                0.0,
                0.0,
                0.0,
                0.0,
                0.0,
                0.0,
                0.0,
                0.0,
                0.0,
                0.0,
                0.0,
                0.0,
                0.0,
                0.0,
                0.0,
                0.0,
                0.0,
                0.0,
                0.0,
                0.0,
                0.0,
                0.0,
                0.0,
                0.0,
                0.0,
                0.0,
                0.0,
                0.0,
                0.0,
                0.0,
                0.0,
                0.0,
                0.0,
                0.0,
                0.0,
                0.0,
                0.0,
                0.0,
                0.0,
                0.0,
                0.0,
                0.0,
                0.0,
                0.0,
                0.0,
                0.0,
                0.0,
                0.0,
                0.0,
                0.0,
                0.0,
                0.0,
                0.0,
                0.0,
                0.0,
                0.0,
                0.0,
                0.0,
                0.0
            ],
            "1": [
                7.083333333333333,
                7.083333333333333,
                6.458333333333334,
                8.541666666666666,
                10.625,
                4.375,
                9.791666666666666,
                8.333333333333332,
                8.333333333333332,
                4.166666666666666,
                11.666666666666666,
                6.25,
                4.166666666666666,
                5.208333333333334,
                4.375,
                4.791666666666667,
                4.791666666666667,
                4.791666666666667,
                5.625,
                5.625,
                4.791666666666667,
                5.625,
                5.208333333333334,
                3.958333333333333,
                6.041666666666667,
                9.375,
                11.041666666666666,
                9.166666666666666,
                9.791666666666666,
                11.25,
                10.833333333333334,
                9.166666666666666,
                9.583333333333334,
                15.0,
                16.25,
                15.416666666666668,
                15.208333333333332,
                15.0,
                15.625,
                16.041666666666668,
                18.333333333333332,
                9.791666666666666,
                8.125,
                1.6666666666666667,
                0.0,
                0.0,
                0.0,
                0.0,
                0.0,
                0.0,
                0.0,
                0.0,
                0.0,
                0.0,
                0.0,
                0.0,
                0.0,
                0.0,
                0.0,
                0.0,
                0.0,
                0.0,
                0.0,
                0.0,
                0.0,
                0.0,
                0.0,
                0.0,
                0.0,
                0.0,
                0.0,
                0.0,
                0.0,
                0.0,
                0.0,
                0.0,
                0.0,
                0.0,
                0.0,
                0.0,
                0.0,
                0.0,
                0.0,
                0.0,
                0.0,
                0.0,
                0.0,
                0.0,
                0.0,
                0.0,
                0.0,
                0.0,
                0.0,
                0.0,
                0.0,
                0.0,
                0.0,
                0.0,
                0.0,
                0.0,
                0.0,
                0.0,
                0.0,
                0.0,
                0.0,
                0.0,
                0.0,
                0.0,
                0.0,
                0.0,
                0.0,
                0.0,
                0.0,
                0.0,
                0.0,
                0.0,
                0.0,
                0.0,
                0.0,
                0.0,
                0.0,
                0.0,
                0.0,
                0.0,
                0.0,
                0.0,
                0.0,
                0.0,
                0.0,
                0.0,
                0.0,
                0.0,
                0.0,
                0.0,
                0.0,
                0.0,
                0.0,
                0.0,
                0.0,
                0.0,
                0.0,
                0.0,
                0.0,
                0.0,
                0.0,
                0.0,
                0.0,
                0.0,
                0.0,
                0.0
            ],
            "2": [
                67.29166666666667,
                67.91666666666667,
                65.20833333333333,
                65.20833333333333,
                64.58333333333334,
                63.33333333333333,
                60.416666666666664,
                63.541666666666664,
                56.458333333333336,
                58.54166666666667,
                50.416666666666664,
                51.24999999999999,
                48.333333333333336,
                53.541666666666664,
                53.75,
                55.41666666666667,
                55.41666666666667,
                55.833333333333336,
                50.416666666666664,
                48.541666666666664,
                50.416666666666664,
                49.375,
                51.041666666666664,
                54.58333333333333,
                54.37499999999999,
                49.166666666666664,
                47.291666666666664,
                51.45833333333333,
                51.041666666666664,
                51.45833333333333,
                49.375,
                49.375,
                51.45833333333333,
                50.625,
                51.041666666666664,
                50.208333333333336,
                50.625,
                51.66666666666667,
                52.916666666666664,
                53.125,
                54.166666666666664,
                55.833333333333336,
                58.958333333333336,
                58.958333333333336,
                57.291666666666664,
                55.41666666666667,
                53.95833333333333,
                52.5,
                56.25,
                56.25,
                56.041666666666664,
                60.0,
                60.0,
                57.291666666666664,
                56.666666666666664,
                56.875,
                55.41666666666667,
                53.333333333333336,
                51.66666666666667,
                50.416666666666664,
                51.87500000000001,
                53.125,
                50.0,
                48.333333333333336,
                47.083333333333336,
                44.583333333333336,
                41.458333333333336,
                36.666666666666664,
                33.541666666666664,
                33.541666666666664,
                28.749999999999996,
                27.083333333333332,
                27.083333333333332,
                27.083333333333332,
                27.083333333333332,
                20.625,
                20.625,
                17.5,
                17.5,
                17.5,
                14.166666666666666,
                12.5,
                12.5,
                9.583333333333334,
                9.583333333333334,
                9.583333333333334,
                9.583333333333334,
                9.583333333333334,
                9.583333333333334,
                7.916666666666666,
                6.666666666666667,
                6.666666666666667,
                4.166666666666666,
                2.5,
                1.25,
                0.0,
                0.0,
                0.0,
                0.0,
                0.0,
                0.0,
                0.0,
                0.0,
                0.0,
                0.0,
                0.0,
                0.0,
                0.0,
                0.0,
                0.0,
                0.0,
                0.0,
                0.0,
                0.0,
                0.0,
                0.0,
                0.0,
                0.0,
                0.0,
                0.0,
                0.0,
                0.0,
                0.0,
                0.0,
                0.0,
                0.0,
                0.0,
                0.0,
                0.0,
                0.0,
                0.0,
                0.0,
                0.0,
                0.0,
                0.0,
                0.0,
                0.0,
                0.0,
                0.0,
                0.0,
                0.0,
                0.0,
                0.0,
                0.0,
                0.0,
                0.0,
                0.0,
                0.0,
                0.0,
                0.0
            ],
            "3": [
                15.416666666666668,
                13.958333333333334,
                15.416666666666668,
                15.416666666666668,
                18.333333333333332,
                21.25,
                25.208333333333332,
                27.083333333333332,
                32.916666666666664,
                34.375,
                36.875,
                40.833333333333336,
                43.958333333333336,
                38.125,
                39.58333333333333,
                38.125,
                38.125,
                38.125,
                42.70833333333333,
                44.166666666666664,
                42.083333333333336,
                42.083333333333336,
                42.5,
                39.166666666666664,
                39.166666666666664,
                40.625,
                40.625,
                37.708333333333336,
                37.708333333333336,
                36.25,
                38.75,
                38.125,
                36.666666666666664,
                33.75,
                32.29166666666667,
                32.916666666666664,
                32.916666666666664,
                31.874999999999996,
                27.083333333333332,
                26.041666666666668,
                24.375,
                22.916666666666664,
                20.0,
                20.0,
                20.416666666666668,
                22.708333333333332,
                23.958333333333336,
                25.833333333333336,
                22.916666666666664,
                22.916666666666664,
                22.916666666666664,
                19.375,
                18.125,
                21.458333333333332,
                22.5,
                22.708333333333332,
                22.708333333333332,
                25.208333333333332,
                27.500000000000004,
                27.500000000000004,
                26.041666666666668,
                23.125,
                21.458333333333332,
                21.458333333333332,
                16.666666666666664,
                14.374999999999998,
                14.374999999999998,
                14.374999999999998,
                14.374999999999998,
                14.374999999999998,
                12.708333333333332,
                11.666666666666666,
                8.333333333333332,
                8.333333333333332,
                8.333333333333332,
                6.875000000000001,
                5.625,
                5.625,
                5.625,
                5.625,
                5.625,
                5.625,
                4.375,
                3.125,
                3.125,
                3.125,
                3.125,
                2.083333333333333,
                2.083333333333333,
                2.083333333333333,
                2.083333333333333,
                1.0416666666666665,
                0.0,
                0.0,
                0.0,
                0.0,
                0.0,
                0.0,
                0.0,
                0.0,
                0.0,
                0.0,
                0.0,
                0.0,
                0.0,
                0.0,
                0.0,
                0.0,
                0.0,
                0.0,
                0.0,
                0.0,
                0.0,
                0.0,
                0.0,
                0.0,
                0.0,
                0.0,
                0.0,
                0.0,
                0.0,
                0.0,
                0.0,
                0.0,
                0.0,
                0.0,
                0.0,
                0.0,
                0.0,
                0.0,
                0.0,
                0.0,
                0.0,
                0.0,
                0.0,
                0.0,
                0.0,
                0.0,
                0.0,
                0.0,
                0.0,
                0.0,
                0.0,
                0.0,
                0.0,
                0.0,
                0.0,
                0.0,
                0.0,
                0.0
            ],
            "overall": [
                89.79166666666667,
                88.95833333333333,
                87.08333333333333,
                89.16666666666667,
                93.54166666666667,
                88.95833333333333,
                95.41666666666666,
                98.95833333333333,
                97.70833333333334,
                97.08333333333334,
                98.95833333333333,
                98.33333333333333,
                96.45833333333334,
                96.875,
                97.70833333333333,
                98.33333333333334,
                98.33333333333334,
                98.75,
                98.75,
                98.33333333333333,
                97.29166666666666,
                97.08333333333334,
                98.75,
                98.95833333333333,
                99.58333333333331,
                99.16666666666666,
                98.95833333333333,
                98.33333333333333,
                98.54166666666666,
                98.95833333333333,
                98.95833333333334,
                96.66666666666666,
                97.70833333333333,
                99.375,
                99.58333333333333,
                98.54166666666666,
                98.75,
                98.54166666666667,
                96.66666666666666,
                96.25000000000001,
                97.91666666666666,
                89.58333333333334,
                88.125,
                81.66666666666667,
                78.75,
                79.16666666666667,
                78.95833333333333,
                79.375,
                79.16666666666666,
                79.16666666666666,
                78.95833333333333,
                79.375,
                78.125,
                78.75,
                79.16666666666666,
                79.58333333333333,
                78.125,
                78.54166666666667,
                79.16666666666667,
                77.91666666666667,
                77.91666666666667,
                76.25,
                71.45833333333333,
                69.79166666666667,
                63.75,
                58.958333333333336,
                55.833333333333336,
                51.041666666666664,
                47.916666666666664,
                47.916666666666664,
                41.45833333333333,
                38.75,
                35.416666666666664,
                35.416666666666664,
                35.416666666666664,
                27.5,
                26.25,
                23.125,
                23.125,
                23.125,
                19.791666666666664,
                18.125,
                16.875,
                12.708333333333334,
                12.708333333333334,
                12.708333333333334,
                12.708333333333334,
                11.666666666666668,
                11.666666666666668,
                10.0,
                8.75,
                7.708333333333334,
                4.166666666666666,
                2.5,
                1.25,
                0.0,
                0.0,
                0.0,
                0.0,
                0.0,
                0.0,
                0.0,
                0.0,
                0.0,
                0.0,
                0.0,
                0.0,
                0.0,
                0.0,
                0.0,
                0.0,
                0.0,
                0.0,
                0.0,
                0.0,
                0.0,
                0.0,
                0.0,
                0.0,
                0.0,
                0.0,
                0.0,
                0.0,
                0.0,
                0.0,
                0.0,
                0.0,
                0.0,
                0.0,
                0.0,
                0.0,
                0.0,
                0.0,
                0.0,
                0.0,
                0.0,
                0.0,
                0.0,
                0.0,
                0.0,
                0.0,
                0.0,
                0.0,
                0.0,
                0.0,
                0.0,
                0.0,
                0.0,
                0.0,
                0.0
            ]
        },
        "lWaitAndOverdue": [
            [
                0,
                4,
                14,
                0
            ],
            [
                0,
                3,
                7,
                0
            ],
            [
                0,
                4,
                14,
                0
            ],
            [
                0,
                3,
                7,
                0
            ],
            [
                1,
                2,
                0,
                0
            ],
            [
                1,
                3,
                10,
                0
            ],
            [
                1,
                2,
                0,
                0
            ],
            [
                1,
                2,
                0,
                0
            ],
            [
                1,
                4,
                14,
                0
            ],
            [
                1,
                4,
                14,
                0
            ],
            [
                1,
                3,
                17,
                3
            ],
            [
                1,
                2,
                2,
                0
            ],
            [
                1,
                2,
                1,
                0
            ],
            [
                2,
                3,
                19,
                5
            ],
            [
                2,
                4,
                22,
                0
            ],
            [
                2,
                3,
                26,
                12
            ],
            [
                2,
                4,
                29,
                1
            ],
            [
                2,
                3,
                29,
                15
            ],
            [
                2,
                3,
                7,
                0
            ],
            [
                2,
                3,
                7,
                0
            ],
            [
                2,
                3,
                29,
                15
            ],
            [
                2,
                3,
                29,
                15
            ],
            [
                3,
                2,
                0,
                0
            ],
            [
                3,
                4,
                29,
                1
            ],
            [
                3,
                2,
                1,
                0
            ],
            [
                3,
                4,
                32,
                4
            ],
            [
                3,
                2,
                1,
                0
            ],
            [
                3,
                3,
                34,
                20
            ],
            [
                3,
                2,
                1,
                0
            ],
            [
                4,
                2,
                4,
                0
            ],
            [
                4,
                3,
                31,
                17
            ],
            [
                4,
                4,
                32,
                4
            ],
            [
                5,
                3,
                30,
                16
            ],
            [
                5,
                3,
                30,
                16
            ],
            [
                5,
                3,
                30,
                16
            ],
            [
                6,
                2,
                0,
                0
            ],
            [
                6,
                3,
                29,
                15
            ],
            [
                6,
                3,
                30,
                16
            ],
            [
                6,
                2,
                0,
                0
            ],
            [
                6,
                3,
                31,
                17
            ],
            [
                6,
                3,
                34,
                20
            ],
            [
                6,
                2,
                0,
                0
            ],
            [
                6,
                2,
                2,
                0
            ],
            [
                6,
                4,
                35,
                7
            ],
            [
                7,
                2,
                1,
                0
            ],
            [
                7,
                4,
                33,
                5
            ],
            [
                7,
                4,
                33,
                5
            ],
            [
                7,
                4,
                34,
                6
            ],
            [
                8,
                3,
                34,
                20
            ],
            [
                8,
                3,
                34,
                20
            ],
            [
                8,
                3,
                34,
                20
            ],
            [
                8,
                2,
                4,
                0
            ],
            [
                8,
                3,
                35,
                21
            ],
            [
                9,
                3,
                34,
                20
            ],
            [
                9,
                2,
                3,
                0
            ],
            [
                9,
                2,
                3,
                0
            ],
            [
                9,
                3,
                34,
                20
            ],
            [
                9,
                3,
                35,
                21
            ],
            [
                10,
                3,
                32,
                18
            ],
            [
                10,
                3,
                30,
                16
            ],
            [
                10,
                2,
                2,
                0
            ],
            [
                10,
                2,
                0,
                0
            ],
            [
                10,
                2,
                1,
                0
            ],
            [
                11,
                4,
                34,
                6
            ],
            [
                11,
                2,
                2,
                0
            ],
            [
                11,
                3,
                34,
                20
            ],
            [
                11,
                4,
                34,
                6
            ],
            [
                11,
                2,
                3,
                1
            ],
            [
                11,
                3,
                34,
                20
            ],
            [
                11,
                2,
                3,
                1
            ],
            [
                11,
                3,
                36,
                22
            ],
            [
                11,
                3,
                35,
                21
            ],
            [
                12,
                2,
                8,
                6
            ],
            [
                12,
                4,
                35,
                7
            ],
            [
                12,
                3,
                35,
                21
            ],
            [
                12,
                2,
                5,
                3
            ],
            [
                12,
                4,
                35,
                7
            ],
            [
                13,
                3,
                35,
                21
            ],
            [
                13,
                3,
                35,
                21
            ],
            [
                13,
                3,
                35,
                21
            ],
            [
                13,
                3,
                36,
                22
            ],
            [
                14,
                3,
                35,
                21
            ],
            [
                15,
                3,
                35,
                21
            ],
            [
                15,
                2,
                4,
                2
            ],
            [
                15,
                2,
                4,
                2
            ],
            [
                16,
                2,
                3,
                1
            ],
            [
                16,
                2,
                7,
                5
            ],
            [
                16,
                2,
                8,
                6
            ],
            [
                16,
                1,
                9,
                9
            ],
            [
                16,
                4,
                34,
                6
            ],
            [
                16,
                3,
                34,
                20
            ],
            [
                17,
                3,
                33,
                19
            ],
            [
                17,
                2,
                8,
                6
            ],
            [
                17,
                4,
                29,
                1
            ],
            [
                17,
                3,
                34,
                20
            ],
            [
                17,
                3,
                35,
                21
            ],
            [
                18,
                2,
                1,
                0
            ],
            [
                18,
                3,
                32,
                18
            ],
            [
                18,
                2,
                8,
                4
            ],
            [
                18,
                2,
                8,
                4
            ],
            [
                18,
                2,
                7,
                3
            ],
            [
                18,
                3,
                34,
                20
            ],
            [
                19,
                4,
                32,
                4
            ],
            [
                19,
                3,
                33,
                19
            ],
            [
                19,
                2,
                10,
                6
            ],
            [
                19,
                2,
                10,
                6
            ],
            [
                19,
                3,
                33,
                19
            ],
            [
                19,
                4,
                35,
                7
            ],
            [
                19,
                2,
                11,
                7
            ],
            [
                19,
                3,
                35,
                21
            ],
            [
                19,
                2,
                7,
                3
            ],
            [
                19,
                2,
                10,
                6
            ],
            [
                20,
                2,
                11,
                9
            ],
            [
                20,
                2,
                8,
                6
            ],
            [
                20,
                2,
                11,
                9
            ],
            [
                20,
                2,
                9,
                7
            ],
            [
                20,
                2,
                10,
                8
            ],
            [
                21,
                4,
                34,
                6
            ],
            [
                21,
                2,
                9,
                7
            ],
            [
                21,
                4,
                34,
                6
            ],
            [
                21,
                3,
                37,
                23
            ],
            [
                21,
                4,
                35,
                7
            ],
            [
                21,
                2,
                13,
                11
            ],
            [
                22,
                2,
                8,
                6
            ],
            [
                22,
                2,
                12,
                10
            ],
            [
                22,
                4,
                33,
                5
            ],
            [
                22,
                3,
                41,
                27
            ],
            [
                22,
                2,
                12,
                10
            ],
            [
                22,
                3,
                41,
                27
            ],
            [
                22,
                3,
                43,
                29
            ],
            [
                22,
                3,
                43,
                29
            ],
            [
                23,
                4,
                42,
                14
            ],
            [
                23,
                3,
                42,
                28
            ],
            [
                23,
                4,
                34,
                6
            ],
            [
                23,
                3,
                39,
                25
            ],
            [
                23,
                2,
                11,
                7
            ],
            [
                24,
                2,
                10,
                6
            ],
            [
                24,
                4,
                41,
                13
            ],
            [
                24,
                3,
                42,
                28
            ],
            [
                24,
                2,
                11,
                7
            ],
            [
                24,
                2,
                13,
                9
            ],
            [
                24,
                2,
                11,
                7
            ],
            [
                24,
                3,
                42,
                28
            ],
            [
                24,
                4,
                45,
                17
            ],
            [
                25,
                2,
                9,
                7
            ],
            [
                25,
                2,
                11,
                9
            ],
            [
                25,
                3,
                42,
                28
            ],
            [
                25,
                2,
                10,
                8
            ],
            [
                25,
                2,
                10,
                8
            ],
            [
                25,
                3,
                42,
                28
            ],
            [
                25,
                3,
                43,
                29
            ],
            [
                25,
                4,
                39,
                11
            ],
            [
                25,
                4,
                43,
                15
            ],
            [
                25,
                3,
                43,
                29
            ],
            [
                25,
                3,
                43,
                29
            ],
            [
                25,
                2,
                14,
                12
            ],
            [
                26,
                3,
                43,
                29
            ],
            [
                26,
                2,
                13,
                11
            ],
            [
                26,
                4,
                43,
                15
            ],
            [
                26,
                2,
                13,
                11
            ],
            [
                26,
                2,
                15,
                13
            ],
            [
                26,
                2,
                14,
                12
            ],
            [
                26,
                2,
                10,
                8
            ],
            [
                26,
                4,
                43,
                15
            ],
            [
                26,
                4,
                44,
                16
            ],
            [
                27,
                4,
                43,
                15
            ],
            [
                27,
                4,
                44,
                16
            ],
            [
                28,
                3,
                43,
                29
            ],
            [
                28,
                2,
                8,
                4
            ],
            [
                28,
                3,
                43,
                29
            ],
            [
                28,
                2,
                12,
                8
            ],
            [
                28,
                2,
                14,
                10
            ],
            [
                29,
                3,
                45,
                31
            ],
            [
                29,
                2,
                17,
                13
            ],
            [
                29,
                2,
                13,
                9
            ],
            [
                29,
                2,
                13,
                9
            ],
            [
                29,
                1,
                13,
                13
            ],
            [
                29,
                2,
                14,
                10
            ],
            [
                29,
                2,
                14,
                10
            ],
            [
                29,
                3,
                45,
                31
            ],
            [
                29,
                3,
                45,
                31
            ],
            [
                29,
                4,
                45,
                17
            ],
            [
                29,
                3,
                46,
                32
            ]
        ],
        "lWaitDayByPriority": [
            4152,
            22,
            536,
            2349,
            1245
        ],
        "objval": 2492.8822393822393,
        "std_occupancy": 42.42114143608987
    },
    "runtime": 0.6361749172210693,
    "simdays": 150,
    "solver": "greedy"
}