{
    "arrivalrate": 6.0,
    "ins_name": 85,
    "ins_path": null,
    "lNoNewPatients": [
        177,
        2,
        71,
        60,
        44
    ],
    "lNoPatients": [
        347,
        2,
        79,
        170,
        96
    ],
    "lNoSections": [
        2398,
        11,
        215,
        1319,
        853
    ],
    "mipgap": 1.0,
    "noLinacs": 4,
    "noSlotsPerDay": 120,
    "planningHorizon": 80,
    "runresult": {
        "avg_occupancy": 49.601388888888884,
        "feasibility": true,
        "lAvgLateDayByPriority": [
            19.694915254237287,
            13.0,
            8.0,
            33.81666666666667,
            19.613636363636363
        ],
        "lAvgWaitDayByPriority": [
            31.779661016949152,
            13.0,
            10.183098591549296,
            47.583333333333336,
            45.93181818181818
        ],
        "lLateDayByPriority": [
            3486,
            26,
            568,
            2029,
            863
        ],
        "lOccupancy": {
            "0": [
                0.0,
                0.0,
                0.0,
                0.0,
                0.0,
                0.0,
                0.0,
                1.25,
                0.0,
                0.0,
                0.0,
                0.0,
                0.0,
                0.0,
                0.0,
                0.0,
                0.0,
                0.0,
                0.0,
                0.0,
                0.0,
                0.0,
                0.0,
                0.0,
                0.0,
                0.0,
                0.0,
                0.0,
                0.0,
                0.0,
                0.0,
                0.0,
                0.0,
                0.0,
                0.0,
                0.0,
                0.0,
                0.0,
                0.0,
                0.0,
                0.0,
                1.0416666666666665,
                1.0416666666666665,
                1.0416666666666665,
                1.0416666666666665,
                1.0416666666666665,
                1.0416666666666665,
                1.0416666666666665,
                1.0416666666666665,
                1.0416666666666665,
                1.0416666666666665,
                0.0,
                0.0,
                0.0,
                0.0,
                0.0,
                0.0,
                0.0,
                0.0,
                0.0,
                0.0,
                0.0,
                0.0,
                0.0,
                0.0,
                0.0,
                0.0,
                0.0,
                0.0,
                0.0,
                0.0,
                0.0,
                0.0,
                0.0,
                0.0,
                0.0,
                0.0,
                0.0,
                0.0,
                0.0,
                0.0,
                0.0,
                0.0,
                0.0,
                0.0,
                0.0,
                0.0,
                0.0,
                0.0,
                0.0,
                0.0,
                0.0,
                0.0,
                0.0,
                0.0,
                0.0,
                0.0,
                0.0,
                0.0,
                0.0,
                0.0,
                0.0,
                0.0,
                0.0,
                0.0,
                0.0,
                0.0,
                0.0,
                0.0,
                0.0,
                0.0,
                0.0,
                0.0,
                0.0,
                0.0,
                0.0,
                0.0,
                0.0,
                0.0,
                0.0,
                0.0,
                0.0,
                0.0,
                0.0,
                0.0,
                0.0,
                0.0,
                0.0,
                0.0,
                0.0,
                0.0,
                0.0,
                0.0,
                0.0,
                0.0,
                0.0,
                0.0,
                0.0,
                0.0,
                0.0,
                0.0,
                0.0,
                0.0,
                0.0,
                0.0,
                0.0,
                0.0,
                0.0,
                0.0,
                0.0
            ],
            "1": [
                14.791666666666666,
                9.791666666666666,
                9.791666666666666,
                10.208333333333334,
                15.833333333333332,
                9.375,
                4.791666666666667,
                9.166666666666666,
                12.083333333333334,
                10.0,
                7.083333333333333,
                5.0,
                7.5,
                6.666666666666667,
                6.25,
                5.625,
                4.375,
                5.625,
                6.875000000000001,
                6.25,
                6.041666666666667,
                6.25,
                5.0,
                5.0,
                5.0,
                6.25,
                6.25,
                5.625,
                7.083333333333333,
                6.25,
                5.833333333333333,
                7.5,
                4.583333333333333,
                4.583333333333333,
                4.791666666666667,
                4.791666666666667,
                9.375,
                11.666666666666666,
                11.666666666666666,
                8.958333333333334,
                10.625,
                12.5,
                13.333333333333334,
                12.083333333333334,
                10.416666666666668,
                7.291666666666667,
                7.916666666666666,
                1.25,
                0.0,
                0.0,
                0.0,
                0.0,
                0.0,
                0.0,
                0.0,
                0.0,
                0.0,
                0.0,
                0.0,
                0.0,
                0.0,
                0.0,
                0.0,
                0.0,
                0.0,
                0.0,
                0.0,
                0.0,
                0.0,
                0.0,
                0.0,
                0.0,
                0.0,
                0.0,
                0.0,
                0.0,
                0.0,
                0.0,
                0.0,
                0.0,
                0.0,
                0.0,
                0.0,
                0.0,
                0.0,
                0.0,
                0.0,
                0.0,
                0.0,
                0.0,
                0.0,
                0.0,
                0.0,
                0.0,
                0.0,
                0.0,
                0.0,
                0.0,
                0.0,
                0.0,
                0.0,
                0.0,
                0.0,
                0.0,
                0.0,
                0.0,
                0.0,
                0.0,
                0.0,
                0.0,
                0.0,
                0.0,
                0.0,
                0.0,
                0.0,
                0.0,
                0.0,
                0.0,
                0.0,
                0.0,
                0.0,
                0.0,
                0.0,
                0.0,
                0.0,
                0.0,
                0.0,
                0.0,
                0.0,
                0.0,
                0.0,
                0.0,
                0.0,
                0.0,
                0.0,
                0.0,
                0.0,
                0.0,
                0.0,
                0.0,
                0.0,
                0.0,
                0.0,
                0.0,
                0.0,
                0.0,
                0.0,
                0.0,
                0.0,
                0.0
            ],
            "2": [
                69.375,
                69.16666666666667,
                67.91666666666667,
                67.70833333333334,
                68.54166666666667,
                70.0,
                68.125,
                63.33333333333333,
                61.875,
                60.83333333333333,
                55.41666666666667,
                50.83333333333333,
                44.583333333333336,
                46.25,
                46.25,
                48.125,
                50.208333333333336,
                52.29166666666667,
                51.24999999999999,
                50.83333333333333,
                47.5,
                46.458333333333336,
                50.83333333333333,
                52.708333333333336,
                52.083333333333336,
                53.75,
                52.708333333333336,
                50.83333333333333,
                48.333333333333336,
                50.0,
                51.87500000000001,
                49.791666666666664,
                51.24999999999999,
                52.708333333333336,
                54.37499999999999,
                59.583333333333336,
                53.95833333333333,
                53.75,
                53.541666666666664,
                56.25,
                55.625,
                54.166666666666664,
                54.166666666666664,
                59.166666666666664,
                62.291666666666664,
                60.20833333333333,
                58.333333333333336,
                62.083333333333336,
                62.083333333333336,
                59.375,
                60.62499999999999,
                66.66666666666666,
                67.5,
                64.58333333333334,
                62.083333333333336,
                57.49999999999999,
                59.375,
                59.375,
                59.166666666666664,
                57.291666666666664,
                55.00000000000001,
                57.91666666666667,
                56.666666666666664,
                54.79166666666667,
                53.125,
                53.125,
                52.916666666666664,
                50.625,
                47.91666666666667,
                46.458333333333336,
                45.0,
                44.79166666666667,
                36.041666666666664,
                36.041666666666664,
                36.041666666666664,
                34.375,
                29.583333333333332,
                27.916666666666668,
                24.791666666666668,
                23.125,
                21.458333333333332,
                21.458333333333332,
                19.791666666666664,
                18.541666666666668,
                18.541666666666668,
                18.541666666666668,
                18.541666666666668,
                18.541666666666668,
                18.541666666666668,
                18.541666666666668,
                16.875,
                15.625,
                15.625,
                11.875,
                7.708333333333334,
                7.708333333333334,
                3.958333333333333,
                3.958333333333333,
                3.958333333333333,
                3.958333333333333,
                1.6666666666666667,
                1.6666666666666667,
                1.6666666666666667,
                1.6666666666666667,
                0.0,
                0.0,
                0.0,
                0.0,
                0.0,
                0.0,
                0.0,
                0.0,
                0.0,
                0.0,
                0.0,
                0.0,
                0.0,
                0.0,
                0.0,
                0.0,
                0.0,
                0.0,
                0.0,
                0.0,
                0.0,
                0.0,
                0.0,
                0.0,
                0.0,
                0.0,
                0.0,
                0.0,
                0.0,
                0.0,
                0.0,
                0.0,
                0.0,
                0.0,
                0.0,
                0.0,
                0.0,
                0.0,
                0.0,
                0.0,
                0.0,
                0.0,
                0.0,
                0.0,
                0.0,
                0.0
            ],
            "3": [
                14.583333333333334,
                14.374999999999998,
                15.416666666666668,
                15.416666666666668,
                15.416666666666668,
                14.374999999999998,
                17.291666666666668,
                21.666666666666668,
                22.916666666666664,
                25.624999999999996,
                35.208333333333336,
                42.70833333333333,
                47.5,
                45.625,
                45.625,
                43.958333333333336,
                43.333333333333336,
                40.0,
                41.041666666666664,
                42.083333333333336,
                45.0,
                45.416666666666664,
                41.66666666666667,
                40.208333333333336,
                41.25,
                39.791666666666664,
                40.0,
                43.333333333333336,
                43.541666666666664,
                42.083333333333336,
                40.625,
                42.083333333333336,
                42.083333333333336,
                40.833333333333336,
                39.58333333333333,
                33.75,
                35.41666666666667,
                33.541666666666664,
                33.541666666666664,
                32.29166666666667,
                31.874999999999996,
                30.833333333333336,
                29.791666666666668,
                24.583333333333332,
                21.041666666666668,
                23.958333333333336,
                23.541666666666668,
                20.625,
                19.583333333333332,
                23.333333333333332,
                18.541666666666668,
                17.5,
                16.875,
                18.541666666666668,
                18.333333333333332,
                19.375,
                18.333333333333332,
                19.375,
                19.375,
                21.666666666666668,
                22.916666666666664,
                19.791666666666664,
                21.875,
                23.125,
                25.208333333333332,
                25.208333333333332,
                25.416666666666664,
                27.500000000000004,
                30.625000000000004,
                32.29166666666667,
                32.29166666666667,
                32.083333333333336,
                26.041666666666668,
                26.041666666666668,
                22.916666666666664,
                22.916666666666664,
                22.916666666666664,
                22.916666666666664,
                21.666666666666668,
                20.416666666666668,
                20.416666666666668,
                18.333333333333332,
                16.041666666666668,
                15.0,
                13.750000000000002,
                12.5,
                9.583333333333334,
                7.5,
                6.458333333333334,
                6.458333333333334,
                6.458333333333334,
                5.416666666666667,
                4.375,
                2.083333333333333,
                2.083333333333333,
                1.0416666666666665,
                1.0416666666666665,
                0.0,
                0.0,
                0.0,
                0.0,
                0.0,
                0.0,
                0.0,
                0.0,
                0.0,
                0.0,
                0.0,
                0.0,
                0.0,
                0.0,
                0.0,
                0.0,
                0.0,
                0.0,
                0.0,
                0.0,
                0.0,
                0.0,
                0.0,
                0.0,
                0.0,
                0.0,
                0.0,
                0.0,
                0.0,
                0.0,
                0.0,
                0.0,
                0.0,
                0.0,
                0.0,
                0.0,
                0.0,
                0.0,
                0.0,
                0.0,
                0.0,
                0.0,
                0.0,
                0.0,
                0.0,
                0.0,
                0.0,
                0.0,
                0.0,
                0.0,
                0.0,
                0.0,
                0.0
            ],
            "overall": [
                98.75,
                93.33333333333334,
                93.12500000000001,
                93.33333333333334,
                99.79166666666667,
                93.75,
                90.20833333333334,
                95.41666666666667,
                96.875,
                96.45833333333333,
                97.70833333333334,
                98.54166666666666,
                99.58333333333334,
                98.54166666666666,
                98.125,
                97.70833333333334,
                97.91666666666667,
                97.91666666666667,
                99.16666666666666,
                99.16666666666666,
                98.54166666666666,
                98.125,
                97.5,
                97.91666666666667,
                98.33333333333334,
                99.79166666666666,
                98.95833333333334,
                99.79166666666666,
                98.95833333333334,
                98.33333333333334,
                98.33333333333334,
                99.375,
                97.91666666666666,
                98.125,
                98.74999999999999,
                98.125,
                98.75,
                98.95833333333334,
                98.75,
                97.5,
                98.125,
                98.54166666666666,
                98.33333333333333,
                96.87499999999999,
                94.79166666666667,
                92.5,
                90.83333333333334,
                85.0,
                82.70833333333333,
                83.75,
                80.20833333333333,
                84.16666666666666,
                84.375,
                83.12500000000001,
                80.41666666666667,
                76.875,
                77.70833333333333,
                78.75,
                78.54166666666666,
                78.95833333333333,
                77.91666666666667,
                77.70833333333334,
                78.54166666666666,
                77.91666666666667,
                78.33333333333333,
                78.33333333333333,
                78.33333333333333,
                78.125,
                78.54166666666667,
                78.75,
                77.29166666666667,
                76.875,
                62.08333333333333,
                62.08333333333333,
                58.95833333333333,
                57.291666666666664,
                52.5,
                50.83333333333333,
                46.458333333333336,
                43.54166666666667,
                41.875,
                39.791666666666664,
                35.83333333333333,
                33.54166666666667,
                32.29166666666667,
                31.041666666666668,
                28.125,
                26.041666666666668,
                25.0,
                25.0,
                23.333333333333336,
                21.041666666666668,
                20.0,
                13.958333333333332,
                9.791666666666668,
                8.75,
                5.0,
                3.958333333333333,
                3.958333333333333,
                3.958333333333333,
                1.6666666666666667,
                1.6666666666666667,
                1.6666666666666667,
                1.6666666666666667,
                0.0,
                0.0,
                0.0,
                0.0,
                0.0,
                0.0,
                0.0,
                0.0,
                0.0,
                0.0,
                0.0,
                0.0,
                0.0,
                0.0,
                0.0,
                0.0,
                0.0,
                0.0,
                0.0,
                0.0,
                0.0,
                0.0,
                0.0,
                0.0,
                0.0,
                0.0,
                0.0,
                0.0,
                0.0,
                0.0,
                0.0,
                0.0,
                0.0,
                0.0,
                0.0,
                0.0,
                0.0,
                0.0,
                0.0,
                0.0,
                0.0,
                0.0,
                0.0,
                0.0,
                0.0,
                0.0
            ]
        },
        "lWaitAndOverdue": [
            [
                0,
                2,
                1,
                0
            ],
            [
                0,
                2,
                0,
                0
            ],
            [
                0,
                4,
                14,
                0
            ],
            [
                0,
                2,
                2,
                0
            ],
            [
                1,
                4,
                14,
                0
            ],
            [
                1,
                4,
                14,
                0
            ],
            [
                1,
                4,
                14,
                0
            ],
            [
                1,
                3,
                21,
                7
            ],
            [
                1,
                3,
                7,
                0
            ],
            [
                1,
                3,
                21,
                7
            ],
            [
                2,
                2,
                2,
                0
            ],
            [
                2,
                3,
                42,
                28
            ],
            [
                2,
                3,
                47,
                33
            ],
            [
                2,
                2,
                1,
                0
            ],
            [
                2,
                2,
                0,
                0
            ],
            [
                2,
                3,
                47,
                33
            ],
            [
                3,
                3,
                46,
                32
            ],
            [
                3,
                3,
                47,
                33
            ],
            [
                3,
                3,
                46,
                32
            ],
            [
                3,
                2,
                0,
                0
            ],
            [
                3,
                2,
                4,
                0
            ],
            [
                3,
                2,
                1,
                0
            ],
            [
                3,
                4,
                47,
                19
            ],
            [
                4,
                2,
                3,
                0
            ],
            [
                4,
                3,
                47,
                33
            ],
            [
                4,
                4,
                46,
                18
            ],
            [
                4,
                2,
                0,
                0
            ],
            [
                4,
                3,
                48,
                34
            ],
            [
                4,
                2,
                0,
                0
            ],
            [
                4,
                3,
                49,
                35
            ],
            [
                4,
                3,
                7,
                0
            ],
            [
                4,
                2,
                0,
                0
            ],
            [
                5,
                4,
                15,
                0
            ],
            [
                5,
                3,
                45,
                31
            ],
            [
                5,
                2,
                1,
                0
            ],
            [
                5,
                4,
                46,
                18
            ],
            [
                5,
                3,
                46,
                32
            ],
            [
                6,
                3,
                45,
                31
            ],
            [
                6,
                3,
                48,
                34
            ],
            [
                6,
                3,
                48,
                34
            ],
            [
                6,
                3,
                21,
                7
            ],
            [
                6,
                3,
                48,
                34
            ],
            [
                6,
                2,
                1,
                0
            ],
            [
                6,
                2,
                1,
                0
            ],
            [
                7,
                2,
                1,
                0
            ],
            [
                7,
                2,
                1,
                0
            ],
            [
                7,
                2,
                0,
                0
            ],
            [
                7,
                1,
                0,
                0
            ],
            [
                8,
                4,
                46,
                18
            ],
            [
                8,
                3,
                48,
                34
            ],
            [
                8,
                3,
                48,
                34
            ],
            [
                8,
                2,
                1,
                0
            ],
            [
                8,
                4,
                46,
                18
            ],
            [
                8,
                3,
                48,
                34
            ],
            [
                9,
                3,
                47,
                33
            ],
            [
                9,
                2,
                3,
                0
            ],
            [
                9,
                3,
                48,
                34
            ],
            [
                9,
                2,
                0,
                0
            ],
            [
                9,
                2,
                4,
                0
            ],
            [
                9,
                2,
                5,
                1
            ],
            [
                9,
                3,
                48,
                34
            ],
            [
                9,
                4,
                45,
                17
            ],
            [
                9,
                3,
                48,
                34
            ],
            [
                10,
                2,
                2,
                0
            ],
            [
                10,
                2,
                3,
                1
            ],
            [
                10,
                3,
                46,
                32
            ],
            [
                10,
                4,
                23,
                0
            ],
            [
                10,
                2,
                4,
                2
            ],
            [
                10,
                3,
                46,
                32
            ],
            [
                10,
                2,
                4,
                2
            ],
            [
                10,
                2,
                4,
                2
            ],
            [
                11,
                2,
                10,
                8
            ],
            [
                11,
                2,
                3,
                1
            ],
            [
                11,
                2,
                13,
                11
            ],
            [
                12,
                2,
                12,
                10
            ],
            [
                12,
                2,
                7,
                5
            ],
            [
                12,
                4,
                47,
                19
            ],
            [
                12,
                2,
                5,
                3
            ],
            [
                12,
                4,
                44,
                16
            ],
            [
                12,
                3,
                49,
                35
            ],
            [
                12,
                4,
                47,
                19
            ],
            [
                12,
                2,
                13,
                11
            ],
            [
                12,
                2,
                8,
                6
            ],
            [
                13,
                2,
                8,
                4
            ],
            [
                13,
                4,
                47,
                19
            ],
            [
                13,
                3,
                50,
                36
            ],
            [
                13,
                2,
                12,
                8
            ],
            [
                13,
                3,
                54,
                40
            ],
            [
                13,
                3,
                54,
                40
            ],
            [
                13,
                3,
                55,
                41
            ],
            [
                14,
                4,
                54,
                26
            ],
            [
                14,
                3,
                54,
                40
            ],
            [
                14,
                4,
                49,
                21
            ],
            [
                16,
                3,
                48,
                34
            ],
            [
                16,
                2,
                7,
                5
            ],
            [
                16,
                2,
                8,
                6
            ],
            [
                16,
                4,
                51,
                23
            ],
            [
                17,
                3,
                51,
                37
            ],
            [
                17,
                2,
                12,
                10
            ],
            [
                17,
                2,
                15,
                13
            ],
            [
                17,
                2,
                15,
                13
            ],
            [
                17,
                3,
                49,
                35
            ],
            [
                17,
                4,
                51,
                23
            ],
            [
                17,
                2,
                16,
                14
            ],
            [
                18,
                2,
                25,
                21
            ],
            [
                18,
                3,
                50,
                36
            ],
            [
                18,
                2,
                12,
                8
            ],
            [
                18,
                2,
                26,
                22
            ],
            [
                18,
                3,
                50,
                36
            ],
            [
                18,
                3,
                54,
                40
            ],
            [
                19,
                4,
                52,
                24
            ],
            [
                19,
                4,
                54,
                26
            ],
            [
                19,
                3,
                54,
                40
            ],
            [
                19,
                3,
                54,
                40
            ],
            [
                19,
                2,
                25,
                21
            ],
            [
                19,
                3,
                55,
                41
            ],
            [
                20,
                2,
                22,
                20
            ],
            [
                20,
                4,
                53,
                25
            ],
            [
                20,
                2,
                18,
                16
            ],
            [
                20,
                2,
                22,
                20
            ],
            [
                20,
                2,
                23,
                21
            ],
            [
                20,
                2,
                14,
                12
            ],
            [
                21,
                4,
                52,
                24
            ],
            [
                21,
                4,
                52,
                24
            ],
            [
                21,
                4,
                55,
                27
            ],
            [
                21,
                4,
                55,
                27
            ],
            [
                21,
                3,
                55,
                41
            ],
            [
                22,
                2,
                21,
                19
            ],
            [
                22,
                3,
                54,
                40
            ],
            [
                22,
                2,
                13,
                11
            ],
            [
                22,
                2,
                23,
                21
            ],
            [
                22,
                3,
                55,
                41
            ],
            [
                23,
                2,
                33,
                29
            ],
            [
                23,
                2,
                25,
                21
            ],
            [
                23,
                2,
                26,
                22
            ],
            [
                23,
                1,
                26,
                26
            ],
            [
                24,
                2,
                25,
                21
            ],
            [
                24,
                2,
                25,
                21
            ],
            [
                24,
                3,
                53,
                39
            ],
            [
                24,
                3,
                53,
                39
            ],
            [
                24,
                4,
                35,
                7
            ],
            [
                25,
                3,
                50,
                36
            ],
            [
                25,
                2,
                2,
                0
            ],
            [
                25,
                4,
                50,
                22
            ],
            [
                25,
                4,
                50,
                22
            ],
            [
                25,
                2,
                16,
                14
            ],
            [
                25,
                4,
                50,
                22
            ],
            [
                25,
                4,
                51,
                23
            ],
            [
                25,
                4,
                52,
                24
            ],
            [
                25,
                3,
                52,
                38
            ],
            [
                26,
                4,
                50,
                22
            ],
            [
                26,
                3,
                52,
                38
            ],
            [
                26,
                3,
                52,
                38
            ],
            [
                26,
                4,
                52,
                24
            ],
            [
                26,
                4,
                52,
                24
            ],
            [
                26,
                3,
                57,
                43
            ],
            [
                27,
                2,
                14,
                12
            ],
            [
                27,
                2,
                20,
                18
            ],
            [
                27,
                3,
                55,
                41
            ],
            [
                27,
                4,
                51,
                23
            ],
            [
                27,
                4,
                55,
                27
            ],
            [
                27,
                4,
                56,
                28
            ],
            [
                27,
                4,
                56,
                28
            ],
            [
                27,
                2,
                15,
                13
            ],
            [
                28,
                2,
                20,
                16
            ],
            [
                28,
                4,
                56,
                28
            ],
            [
                28,
                2,
                20,
                16
            ],
            [
                28,
                4,
                56,
                28
            ],
            [
                28,
                2,
                21,
                17
            ],
            [
                28,
                3,
                56,
                42
            ],
            [
                29,
                3,
                56,
                42
            ],
            [
                29,
                3,
                56,
                42
            ],
            [
                29,
                3,
                55,
                41
            ],
            [
                29,
                2,
                4,
                0
            ],
            [
                29,
                4,
                56,
                28
            ],
            [
                29,
                4,
                60,
                32
            ],
            [
                29,
                3,
                60,
                46
            ]
        ],
        "lWaitDayByPriority": [
            5625,
            26,
            723,
            2855,
            2021
        ],
        "objval": 2599.7764404609475,
        "std_occupancy": 42.56118238202709
    },
    "runtime": 0.7723660469055176,
    "simdays": 150,
    "solver": "greedy"
}