{
    "arrivalrate": 6.0,
    "ins_name": 90,
    "ins_path": null,
    "lNoNewPatients": [
        180,
        2,
        72,
        63,
        43
    ],
    "lNoPatients": [
        341,
        2,
        80,
        165,
        94
    ],
    "lNoSections": [
        2415,
        11,
        217,
        1349,
        838
    ],
    "mipgap": 1.0,
    "noLinacs": 4,
    "noSlotsPerDay": 120,
    "planningHorizon": 80,
    "runresult": {
        "avg_occupancy": 48.44722222222222,
        "feasibility": true,
        "lAvgLateDayByPriority": [
            18.33888888888889,
            18.5,
            10.86111111111111,
            26.96825396825397,
            18.209302325581394
        ],
        "lAvgWaitDayByPriority": [
            30.644444444444446,
            18.5,
            13.722222222222221,
            40.19047619047619,
            45.55813953488372
        ],
        "lLateDayByPriority": [
            3301,
            37,
            782,
            1699,
            783
        ],
        "lOccupancy": {
            "0": [
                0.0,
                0.0,
                0.0,
                0.0,
                0.0,
                0.0,
                0.0,
                0.0,
                0.0,
                0.0,
                0.0,
                0.0,
                0.0,
                0.0,
                0.0,
                1.25,
                0.0,
                0.0,
                0.0,
                0.0,
                0.0,
                0.0,
                0.0,
                0.0,
                0.0,
                0.0,
                0.0,
                0.0,
                0.0,
                0.0,
                0.0,
                0.0,
                0.0,
                0.0,
                0.0,
                0.0,
                0.0,
                0.0,
                0.0,
                0.0,
                0.0,
                0.0,
                1.0416666666666665,
                1.0416666666666665,
                1.0416666666666665,
                1.0416666666666665,
                1.0416666666666665,
                1.0416666666666665,
                1.0416666666666665,
                1.0416666666666665,
                1.0416666666666665,
                1.0416666666666665,
                0.0,
                0.0,
                0.0,
                0.0,
                0.0,
                0.0,
                0.0,
                0.0,
                0.0,
                0.0,
                0.0,
                0.0,
                0.0,
                0.0,
                0.0,
                0.0,
                0.0,
                0.0,
                0.0,
                0.0,
                0.0,
                0.0,
                0.0,
                0.0,
                0.0,
                0.0,
                0.0,
                0.0,
                0.0,
                0.0,
                0.0,
                0.0,
                0.0,
                0.0,
                0.0,
                0.0,
                0.0,
                0.0,
                0.0,
                0.0,
                0.0,
                0.0,
                0.0,
                0.0,
                0.0,
                0.0,
                0.0,
                0.0,
                0.0,
                0.0,
                0.0,
                0.0,
                0.0,
                0.0,
                0.0,
                0.0,
                0.0,
                0.0,
                0.0,
                0.0,
                0.0,
                0.0,
                0.0,
                0.0,
                0.0,
                0.0,
                0.0,
                0.0,
                0.0,
                0.0,
                0.0,
                0.0,
                0.0,
                0.0,
                0.0,
                0.0,
                0.0,
                0.0,
                0.0,
                0.0,
                0.0,
                0.0,
                0.0,
                0.0,
                0.0,
                0.0,
                0.0,
                0.0,
                0.0,
                0.0,
                0.0,
                0.0,
                0.0,
                0.0,
                0.0,
                0.0,
                0.0,
                0.0
            ],
            "1": [
                12.916666666666668,
                10.208333333333334,
                11.875,
                6.875000000000001,
                4.166666666666666,
                4.791666666666667,
                9.166666666666666,
                3.958333333333333,
                5.625,
                6.458333333333334,
                6.458333333333334,
                6.041666666666667,
                7.083333333333333,
                5.625,
                5.625,
                3.958333333333333,
                6.25,
                6.25,
                6.666666666666667,
                6.25,
                4.375,
                5.833333333333333,
                5.208333333333334,
                5.208333333333334,
                6.25,
                5.0,
                5.0,
                6.25,
                6.25,
                6.041666666666667,
                5.0,
                4.583333333333333,
                4.583333333333333,
                4.583333333333333,
                6.25,
                8.75,
                9.375,
                9.166666666666666,
                10.416666666666668,
                12.708333333333332,
                14.583333333333334,
                15.208333333333332,
                12.291666666666666,
                11.875,
                9.375,
                14.791666666666666,
                8.75,
                7.083333333333333,
                7.083333333333333,
                3.958333333333333,
                2.9166666666666665,
                0.0,
                0.0,
                0.0,
                0.0,
                0.0,
                0.0,
                0.0,
                0.0,
                0.0,
                0.0,
                0.0,
                0.0,
                0.0,
                0.0,
                0.0,
                0.0,
                0.0,
                0.0,
                0.0,
                0.0,
                0.0,
                0.0,
                0.0,
                0.0,
                0.0,
                0.0,
                0.0,
                0.0,
                0.0,
                0.0,
                0.0,
                0.0,
                0.0,
                0.0,
                0.0,
                0.0,
                0.0,
                0.0,
                0.0,
                0.0,
                0.0,
                0.0,
                0.0,
                0.0,
                0.0,
                0.0,
                0.0,
                0.0,
                0.0,
                0.0,
                0.0,
                0.0,
                0.0,
                0.0,
                0.0,
                0.0,
                0.0,
                0.0,
                0.0,
                0.0,
                0.0,
                0.0,
                0.0,
                0.0,
                0.0,
                0.0,
                0.0,
                0.0,
                0.0,
                0.0,
                0.0,
                0.0,
                0.0,
                0.0,
                0.0,
                0.0,
                0.0,
                0.0,
                0.0,
                0.0,
                0.0,
                0.0,
                0.0,
                0.0,
                0.0,
                0.0,
                0.0,
                0.0,
                0.0,
                0.0,
                0.0,
                0.0,
                0.0,
                0.0,
                0.0,
                0.0,
                0.0,
                0.0,
                0.0
            ],
            "2": [
                68.33333333333333,
                68.125,
                68.75,
                67.08333333333333,
                71.25,
                72.29166666666667,
                67.08333333333333,
                66.66666666666666,
                59.375,
                55.625,
                56.041666666666664,
                53.75,
                54.79166666666667,
                56.458333333333336,
                56.458333333333336,
                61.25000000000001,
                57.08333333333333,
                57.08333333333333,
                56.875,
                55.833333333333336,
                52.916666666666664,
                54.37499999999999,
                57.70833333333333,
                57.91666666666667,
                57.91666666666667,
                59.583333333333336,
                55.833333333333336,
                57.08333333333333,
                56.875,
                56.875,
                57.08333333333333,
                56.666666666666664,
                58.12500000000001,
                61.875,
                53.75,
                53.541666666666664,
                52.083333333333336,
                52.5,
                53.95833333333333,
                53.95833333333333,
                53.333333333333336,
                53.541666666666664,
                53.75,
                56.25,
                54.79166666666667,
                56.25,
                56.041666666666664,
                59.375,
                58.958333333333336,
                58.333333333333336,
                60.0,
                60.0,
                57.08333333333333,
                55.41666666666667,
                55.208333333333336,
                53.75,
                52.5,
                49.375,
                48.125,
                53.125,
                53.125,
                55.208333333333336,
                48.541666666666664,
                48.125,
                46.875,
                45.416666666666664,
                40.833333333333336,
                43.125,
                41.458333333333336,
                39.58333333333333,
                39.58333333333333,
                32.916666666666664,
                32.916666666666664,
                32.916666666666664,
                32.916666666666664,
                29.583333333333332,
                24.583333333333332,
                24.583333333333332,
                21.458333333333332,
                19.791666666666664,
                19.791666666666664,
                18.541666666666668,
                16.875,
                16.875,
                16.875,
                16.875,
                16.875,
                15.625,
                15.625,
                11.875,
                11.875,
                11.875,
                8.541666666666666,
                8.541666666666666,
                4.791666666666667,
                4.791666666666667,
                2.2916666666666665,
                2.2916666666666665,
                2.2916666666666665,
                2.2916666666666665,
                0.0,
                0.0,
                0.0,
                0.0,
                0.0,
                0.0,
                0.0,
                0.0,
                0.0,
                0.0,
                0.0,
                0.0,
                0.0,
                0.0,
                0.0,
                0.0,
                0.0,
                0.0,
                0.0,
                0.0,
                0.0,
                0.0,
                0.0,
                0.0,
                0.0,
                0.0,
                0.0,
                0.0,
                0.0,
                0.0,
                0.0,
                0.0,
                0.0,
                0.0,
                0.0,
                0.0,
                0.0,
                0.0,
                0.0,
                0.0,
                0.0,
                0.0,
                0.0,
                0.0,
                0.0,
                0.0,
                0.0,
                0.0,
                0.0,
                0.0
            ],
            "3": [
                15.416666666666668,
                15.416666666666668,
                13.958333333333334,
                14.374999999999998,
                14.374999999999998,
                15.833333333333332,
                21.666666666666668,
                25.416666666666664,
                33.958333333333336,
                36.875,
                36.875,
                39.791666666666664,
                36.45833333333333,
                36.875,
                36.875,
                32.29166666666667,
                35.208333333333336,
                35.208333333333336,
                35.625,
                35.625,
                40.416666666666664,
                37.083333333333336,
                34.375,
                35.41666666666667,
                35.41666666666667,
                34.166666666666664,
                37.083333333333336,
                35.208333333333336,
                36.25,
                36.25,
                36.25,
                36.25,
                35.0,
                32.916666666666664,
                38.75,
                35.41666666666667,
                36.666666666666664,
                36.25,
                34.375,
                32.083333333333336,
                30.833333333333336,
                30.833333333333336,
                29.791666666666668,
                27.083333333333332,
                28.541666666666664,
                27.291666666666664,
                26.25,
                24.583333333333332,
                23.333333333333332,
                23.333333333333332,
                22.083333333333332,
                21.041666666666668,
                22.291666666666668,
                23.958333333333336,
                23.958333333333336,
                25.0,
                26.041666666666668,
                28.541666666666664,
                29.791666666666668,
                26.25,
                26.25,
                24.166666666666668,
                29.583333333333332,
                31.041666666666668,
                32.29166666666667,
                33.33333333333333,
                37.083333333333336,
                32.29166666666667,
                32.29166666666667,
                30.416666666666664,
                27.708333333333336,
                24.375,
                22.708333333333332,
                22.708333333333332,
                21.25,
                21.25,
                20.0,
                20.0,
                18.75,
                18.75,
                18.75,
                18.75,
                12.291666666666666,
                8.75,
                8.75,
                7.708333333333334,
                6.458333333333334,
                6.458333333333334,
                5.416666666666667,
                4.375,
                4.375,
                3.125,
                2.083333333333333,
                2.083333333333333,
                2.083333333333333,
                1.0416666666666665,
                1.0416666666666665,
                1.0416666666666665,
                0.0,
                0.0,
                0.0,
                0.0,
                0.0,
                0.0,
                0.0,
                0.0,
                0.0,
                0.0,
                0.0,
                0.0,
                0.0,
                0.0,
                0.0,
                0.0,
                0.0,
                0.0,
                0.0,
                0.0,
                0.0,
                0.0,
                0.0,
                0.0,
                0.0,
                0.0,
                0.0,
                0.0,
                0.0,
                0.0,
                0.0,
                0.0,
                0.0,
                0.0,
                0.0,
                0.0,
                0.0,
                0.0,
                0.0,
                0.0,
                0.0,
                0.0,
                0.0,
                0.0,
                0.0,
                0.0,
                0.0,
                0.0,
                0.0,
                0.0,
                0.0,
                0.0
            ],
            "overall": [
                96.66666666666667,
                93.75,
                94.58333333333333,
                88.33333333333333,
                89.79166666666667,
                92.91666666666667,
                97.91666666666667,
                96.04166666666666,
                98.95833333333334,
                98.95833333333334,
                99.375,
                99.58333333333333,
                98.33333333333334,
                98.95833333333334,
                98.95833333333334,
                98.75000000000001,
                98.54166666666666,
                98.54166666666666,
                99.16666666666666,
                97.70833333333334,
                97.70833333333333,
                97.29166666666666,
                97.29166666666666,
                98.54166666666669,
                99.58333333333334,
                98.75,
                97.91666666666667,
                98.54166666666666,
                99.375,
                99.16666666666666,
                98.33333333333333,
                97.5,
                97.70833333333334,
                99.375,
                98.75,
                97.70833333333334,
                98.125,
                97.91666666666666,
                98.75,
                98.75,
                98.75,
                99.58333333333334,
                96.875,
                96.25,
                93.75,
                99.375,
                92.08333333333333,
                92.08333333333333,
                90.41666666666667,
                86.66666666666667,
                86.04166666666667,
                82.08333333333333,
                79.375,
                79.375,
                79.16666666666667,
                78.75,
                78.54166666666667,
                77.91666666666666,
                77.91666666666667,
                79.375,
                79.375,
                79.375,
                78.125,
                79.16666666666667,
                79.16666666666667,
                78.75,
                77.91666666666667,
                75.41666666666667,
                73.75,
                70.0,
                67.29166666666666,
                57.291666666666664,
                55.625,
                55.625,
                54.166666666666664,
                50.83333333333333,
                44.58333333333333,
                44.58333333333333,
                40.20833333333333,
                38.541666666666664,
                38.541666666666664,
                37.29166666666667,
                29.166666666666664,
                25.625,
                25.625,
                24.583333333333336,
                23.333333333333336,
                22.083333333333336,
                21.041666666666668,
                16.25,
                16.25,
                15.0,
                10.625,
                10.625,
                6.875,
                5.833333333333334,
                3.333333333333333,
                3.333333333333333,
                2.2916666666666665,
                2.2916666666666665,
                0.0,
                0.0,
                0.0,
                0.0,
                0.0,
                0.0,
                0.0,
                0.0,
                0.0,
                0.0,
                0.0,
                0.0,
                0.0,
                0.0,
                0.0,
                0.0,
                0.0,
                0.0,
                0.0,
                0.0,
                0.0,
                0.0,
                0.0,
                0.0,
                0.0,
                0.0,
                0.0,
                0.0,
                0.0,
                0.0,
                0.0,
                0.0,
                0.0,
                0.0,
                0.0,
                0.0,
                0.0,
                0.0,
                0.0,
                0.0,
                0.0,
                0.0,
                0.0,
                0.0,
                0.0,
                0.0,
                0.0,
                0.0,
                0.0,
                0.0
            ]
        },
        "lWaitAndOverdue": [
            [
                0,
                3,
                4,
                0
            ],
            [
                0,
                3,
                10,
                0
            ],
            [
                0,
                2,
                1,
                0
            ],
            [
                0,
                3,
                7,
                0
            ],
            [
                0,
                3,
                4,
                0
            ],
            [
                0,
                2,
                0,
                0
            ],
            [
                0,
                2,
                2,
                0
            ],
            [
                0,
                4,
                46,
                18
            ],
            [
                1,
                2,
                2,
                0
            ],
            [
                1,
                4,
                8,
                0
            ],
            [
                1,
                4,
                44,
                16
            ],
            [
                1,
                4,
                44,
                16
            ],
            [
                1,
                3,
                8,
                0
            ],
            [
                1,
                3,
                9,
                0
            ],
            [
                2,
                3,
                14,
                0
            ],
            [
                2,
                2,
                0,
                0
            ],
            [
                2,
                3,
                9,
                0
            ],
            [
                2,
                3,
                14,
                0
            ],
            [
                2,
                2,
                0,
                0
            ],
            [
                3,
                2,
                1,
                0
            ],
            [
                3,
                3,
                42,
                28
            ],
            [
                3,
                3,
                42,
                28
            ],
            [
                3,
                3,
                42,
                28
            ],
            [
                4,
                3,
                12,
                0
            ],
            [
                4,
                2,
                4,
                0
            ],
            [
                4,
                2,
                4,
                0
            ],
            [
                4,
                2,
                3,
                0
            ],
            [
                4,
                4,
                42,
                14
            ],
            [
                4,
                2,
                4,
                0
            ],
            [
                5,
                3,
                42,
                28
            ],
            [
                5,
                4,
                42,
                14
            ],
            [
                5,
                2,
                2,
                0
            ],
            [
                5,
                3,
                44,
                30
            ],
            [
                5,
                2,
                3,
                1
            ],
            [
                5,
                3,
                49,
                35
            ],
            [
                5,
                3,
                42,
                28
            ],
            [
                6,
                2,
                2,
                0
            ],
            [
                6,
                4,
                20,
                0
            ],
            [
                6,
                3,
                43,
                29
            ],
            [
                6,
                2,
                3,
                1
            ],
            [
                6,
                4,
                45,
                17
            ],
            [
                6,
                3,
                44,
                30
            ],
            [
                7,
                3,
                42,
                28
            ],
            [
                7,
                3,
                43,
                29
            ],
            [
                7,
                3,
                43,
                29
            ],
            [
                7,
                3,
                43,
                29
            ],
            [
                7,
                3,
                41,
                27
            ],
            [
                8,
                2,
                1,
                0
            ],
            [
                8,
                2,
                6,
                2
            ],
            [
                8,
                2,
                6,
                2
            ],
            [
                8,
                2,
                7,
                3
            ],
            [
                8,
                2,
                5,
                1
            ],
            [
                8,
                1,
                11,
                11
            ],
            [
                9,
                4,
                39,
                11
            ],
            [
                9,
                3,
                41,
                27
            ],
            [
                9,
                3,
                46,
                32
            ],
            [
                9,
                2,
                10,
                6
            ],
            [
                10,
                4,
                37,
                9
            ],
            [
                10,
                3,
                44,
                30
            ],
            [
                10,
                3,
                45,
                31
            ],
            [
                10,
                2,
                2,
                0
            ],
            [
                10,
                3,
                45,
                31
            ],
            [
                10,
                2,
                8,
                6
            ],
            [
                11,
                2,
                7,
                5
            ],
            [
                11,
                2,
                6,
                4
            ],
            [
                11,
                3,
                44,
                30
            ],
            [
                11,
                4,
                42,
                14
            ],
            [
                11,
                3,
                44,
                30
            ],
            [
                11,
                2,
                8,
                6
            ],
            [
                11,
                2,
                9,
                7
            ],
            [
                12,
                3,
                43,
                29
            ],
            [
                12,
                4,
                42,
                14
            ],
            [
                12,
                2,
                9,
                7
            ],
            [
                12,
                3,
                47,
                33
            ],
            [
                12,
                2,
                9,
                7
            ],
            [
                13,
                2,
                8,
                4
            ],
            [
                13,
                2,
                15,
                11
            ],
            [
                13,
                2,
                18,
                14
            ],
            [
                13,
                2,
                18,
                14
            ],
            [
                13,
                2,
                12,
                8
            ],
            [
                13,
                2,
                13,
                9
            ],
            [
                14,
                4,
                41,
                13
            ],
            [
                14,
                2,
                4,
                0
            ],
            [
                14,
                4,
                42,
                14
            ],
            [
                14,
                3,
                45,
                31
            ],
            [
                15,
                4,
                44,
                16
            ],
            [
                15,
                2,
                14,
                12
            ],
            [
                15,
                2,
                9,
                7
            ],
            [
                15,
                2,
                10,
                8
            ],
            [
                16,
                4,
                43,
                15
            ],
            [
                16,
                3,
                43,
                29
            ],
            [
                16,
                2,
                15,
                13
            ],
            [
                17,
                3,
                47,
                33
            ],
            [
                17,
                3,
                50,
                36
            ],
            [
                17,
                3,
                42,
                28
            ],
            [
                17,
                4,
                50,
                22
            ],
            [
                17,
                3,
                44,
                30
            ],
            [
                17,
                4,
                41,
                13
            ],
            [
                17,
                3,
                43,
                29
            ],
            [
                17,
                2,
                19,
                17
            ],
            [
                17,
                2,
                19,
                17
            ],
            [
                17,
                4,
                49,
                21
            ],
            [
                17,
                3,
                41,
                27
            ],
            [
                18,
                2,
                19,
                15
            ],
            [
                18,
                2,
                25,
                21
            ],
            [
                18,
                2,
                22,
                18
            ],
            [
                18,
                3,
                42,
                28
            ],
            [
                18,
                4,
                39,
                11
            ],
            [
                18,
                2,
                25,
                21
            ],
            [
                19,
                2,
                25,
                21
            ],
            [
                19,
                3,
                42,
                28
            ],
            [
                19,
                2,
                25,
                21
            ],
            [
                19,
                2,
                26,
                22
            ],
            [
                19,
                3,
                45,
                31
            ],
            [
                19,
                3,
                39,
                25
            ],
            [
                19,
                4,
                47,
                19
            ],
            [
                20,
                4,
                49,
                21
            ],
            [
                20,
                3,
                53,
                39
            ],
            [
                20,
                3,
                53,
                39
            ],
            [
                20,
                2,
                23,
                21
            ],
            [
                20,
                3,
                46,
                32
            ],
            [
                21,
                2,
                22,
                20
            ],
            [
                21,
                4,
                50,
                22
            ],
            [
                21,
                2,
                24,
                22
            ],
            [
                21,
                2,
                27,
                25
            ],
            [
                22,
                2,
                23,
                21
            ],
            [
                22,
                2,
                8,
                6
            ],
            [
                22,
                4,
                49,
                21
            ],
            [
                22,
                4,
                47,
                19
            ],
            [
                22,
                4,
                50,
                22
            ],
            [
                23,
                4,
                47,
                19
            ],
            [
                23,
                3,
                47,
                33
            ],
            [
                23,
                2,
                25,
                21
            ],
            [
                23,
                3,
                47,
                33
            ],
            [
                23,
                2,
                26,
                22
            ],
            [
                23,
                2,
                26,
                22
            ],
            [
                23,
                3,
                50,
                36
            ],
            [
                23,
                2,
                32,
                28
            ],
            [
                24,
                2,
                25,
                21
            ],
            [
                24,
                2,
                26,
                22
            ],
            [
                24,
                1,
                26,
                26
            ],
            [
                24,
                2,
                28,
                24
            ],
            [
                24,
                2,
                31,
                27
            ],
            [
                24,
                3,
                49,
                35
            ],
            [
                25,
                3,
                58,
                44
            ],
            [
                25,
                4,
                51,
                23
            ],
            [
                25,
                3,
                50,
                36
            ],
            [
                25,
                2,
                4,
                2
            ],
            [
                25,
                4,
                51,
                23
            ],
            [
                25,
                4,
                51,
                23
            ],
            [
                26,
                2,
                22,
                20
            ],
            [
                26,
                4,
                50,
                22
            ],
            [
                26,
                4,
                50,
                22
            ],
            [
                26,
                4,
                52,
                24
            ],
            [
                26,
                3,
                51,
                37
            ],
            [
                26,
                4,
                55,
                27
            ],
            [
                26,
                3,
                56,
                42
            ],
            [
                26,
                3,
                56,
                42
            ],
            [
                27,
                4,
                50,
                22
            ],
            [
                27,
                4,
                49,
                21
            ],
            [
                27,
                3,
                56,
                42
            ],
            [
                27,
                2,
                19,
                17
            ],
            [
                27,
                2,
                27,
                25
            ],
            [
                28,
                3,
                50,
                36
            ],
            [
                28,
                4,
                49,
                21
            ],
            [
                28,
                4,
                54,
                26
            ],
            [
                28,
                4,
                49,
                21
            ],
            [
                28,
                4,
                48,
                20
            ],
            [
                28,
                2,
                20,
                16
            ],
            [
                28,
                2,
                25,
                21
            ],
            [
                28,
                4,
                54,
                26
            ],
            [
                28,
                2,
                21,
                17
            ],
            [
                28,
                4,
                54,
                26
            ],
            [
                28,
                2,
                26,
                22
            ],
            [
                28,
                3,
                47,
                33
            ],
            [
                29,
                3,
                53,
                39
            ],
            [
                29,
                3,
                46,
                32
            ],
            [
                29,
                3,
                49,
                35
            ],
            [
                29,
                2,
                13,
                9
            ],
            [
                29,
                4,
                53,
                25
            ]
        ],
        "lWaitDayByPriority": [
            5516,
            37,
            988,
            2532,
            1959
        ],
        "objval": 2682.5095053525283,
        "std_occupancy": 42.95578440187359
    },
    "runtime": 5.534130573272705,
    "simdays": 150,
    "solver": "weekly"
}