{
    "arrivalrate": 6.0,
    "ins_name": 245,
    "ins_path": null,
    "lNoNewPatients": [
        173,
        2,
        69,
        60,
        42
    ],
    "lNoPatients": [
        333,
        2,
        76,
        161,
        94
    ],
    "lNoSections": [
        2350,
        11,
        205,
        1319,
        815
    ],
    "mipgap": 1.0,
    "noLinacs": 4,
    "noSlotsPerDay": 120,
    "planningHorizon": 80,
    "runresult": {
        "avg_occupancy": 47.393055555555556,
        "feasibility": true,
        "lAvgLateDayByPriority": [
            20.023121387283236,
            16.0,
            12.202898550724637,
            30.116666666666667,
            18.642857142857142
        ],
        "lAvgWaitDayByPriority": [
            32.26011560693642,
            16.0,
            14.72463768115942,
            43.43333333333333,
            45.88095238095238
        ],
        "lLateDayByPriority": [
            3464,
            32,
            842,
            1807,
            783
        ],
        "lOccupancy": {
            "0": [
                0.0,
                0.0,
                0.0,
                0.0,
                0.0,
                0.0,
                0.0,
                0.0,
                0.0,
                1.25,
                0.0,
                0.0,
                0.0,
                0.0,
                0.0,
                0.0,
                0.0,
                0.0,
                0.0,
                0.0,
                0.0,
                0.0,
                0.0,
                0.0,
                0.0,
                0.0,
                0.0,
                0.0,
                0.0,
                0.0,
                0.0,
                0.0,
                0.0,
                0.0,
                0.0,
                0.0,
                0.0,
                0.0,
                0.0,
                0.0,
                0.0,
                1.0416666666666665,
                1.0416666666666665,
                1.0416666666666665,
                1.0416666666666665,
                1.0416666666666665,
                1.0416666666666665,
                1.0416666666666665,
                1.0416666666666665,
                1.0416666666666665,
                1.0416666666666665,
                0.0,
                0.0,
                0.0,
                0.0,
                0.0,
                0.0,
                0.0,
                0.0,
                0.0,
                0.0,
                0.0,
                0.0,
                0.0,
                0.0,
                0.0,
                0.0,
                0.0,
                0.0,
                0.0,
                0.0,
                0.0,
                0.0,
                0.0,
                0.0,
                0.0,
                0.0,
                0.0,
                0.0,
                0.0,
                0.0,
                0.0,
                0.0,
                0.0,
                0.0,
                0.0,
                0.0,
                0.0,
                0.0,
                0.0,
                0.0,
                0.0,
                0.0,
                0.0,
                0.0,
                0.0,
                0.0,
                0.0,
                0.0,
                0.0,
                0.0,
                0.0,
                0.0,
                0.0,
                0.0,
                0.0,
                0.0,
                0.0,
                0.0,
                0.0,
                0.0,
                0.0,
                0.0,
                0.0,
                0.0,
                0.0,
                0.0,
                0.0,
                0.0,
                0.0,
                0.0,
                0.0,
                0.0,
                0.0,
                0.0,
                0.0,
                0.0,
                0.0,
                0.0,
                0.0,
                0.0,
                0.0,
                0.0,
                0.0,
                0.0,
                0.0,
                0.0,
                0.0,
                0.0,
                0.0,
                0.0,
                0.0,
                0.0,
                0.0,
                0.0,
                0.0,
                0.0,
                0.0,
                0.0,
                0.0
            ],
            "1": [
                6.25,
                7.5,
                8.75,
                9.375,
                10.0,
                6.875000000000001,
                6.875000000000001,
                7.708333333333334,
                7.916666666666666,
                6.25,
                5.208333333333334,
                5.625,
                5.208333333333334,
                5.0,
                4.791666666666667,
                6.041666666666667,
                5.416666666666667,
                6.041666666666667,
                5.625,
                5.625,
                4.375,
                5.625,
                5.0,
                4.791666666666667,
                4.583333333333333,
                5.833333333333333,
                6.25,
                6.041666666666667,
                5.0,
                4.583333333333333,
                4.583333333333333,
                4.583333333333333,
                8.125,
                5.208333333333334,
                8.958333333333334,
                10.416666666666668,
                10.833333333333334,
                12.291666666666666,
                11.875,
                14.166666666666666,
                15.0,
                13.750000000000002,
                13.750000000000002,
                13.750000000000002,
                12.708333333333332,
                5.625,
                3.958333333333333,
                3.958333333333333,
                0.0,
                0.0,
                0.0,
                0.0,
                0.0,
                0.0,
                0.0,
                0.0,
                0.0,
                0.0,
                0.0,
                0.0,
                0.0,
                0.0,
                0.0,
                0.0,
                0.0,
                0.0,
                0.0,
                0.0,
                0.0,
                0.0,
                0.0,
                0.0,
                0.0,
                0.0,
                0.0,
                0.0,
                0.0,
                0.0,
                0.0,
                0.0,
                0.0,
                0.0,
                0.0,
                0.0,
                0.0,
                0.0,
                0.0,
                0.0,
                0.0,
                0.0,
                0.0,
                0.0,
                0.0,
                0.0,
                0.0,
                0.0,
                0.0,
                0.0,
                0.0,
                0.0,
                0.0,
                0.0,
                0.0,
                0.0,
                0.0,
                0.0,
                0.0,
                0.0,
                0.0,
                0.0,
                0.0,
                0.0,
                0.0,
                0.0,
                0.0,
                0.0,
                0.0,
                0.0,
                0.0,
                0.0,
                0.0,
                0.0,
                0.0,
                0.0,
                0.0,
                0.0,
                0.0,
                0.0,
                0.0,
                0.0,
                0.0,
                0.0,
                0.0,
                0.0,
                0.0,
                0.0,
                0.0,
                0.0,
                0.0,
                0.0,
                0.0,
                0.0,
                0.0,
                0.0,
                0.0,
                0.0,
                0.0,
                0.0,
                0.0,
                0.0
            ],
            "2": [
                67.70833333333334,
                65.20833333333333,
                64.79166666666667,
                65.0,
                63.125,
                64.375,
                57.70833333333333,
                58.75,
                57.291666666666664,
                57.70833333333333,
                54.79166666666667,
                53.333333333333336,
                56.666666666666664,
                56.875,
                56.875,
                55.833333333333336,
                53.541666666666664,
                51.66666666666667,
                50.208333333333336,
                51.66666666666667,
                52.708333333333336,
                51.66666666666667,
                54.37499999999999,
                53.541666666666664,
                53.75,
                54.58333333333333,
                54.58333333333333,
                54.79166666666667,
                54.37499999999999,
                52.916666666666664,
                58.958333333333336,
                60.416666666666664,
                54.37499999999999,
                56.666666666666664,
                51.87500000000001,
                51.87500000000001,
                57.49999999999999,
                57.49999999999999,
                56.666666666666664,
                56.041666666666664,
                56.666666666666664,
                54.58333333333333,
                54.58333333333333,
                56.25,
                56.875,
                56.875,
                56.875,
                55.00000000000001,
                58.75,
                58.958333333333336,
                58.75,
                57.49999999999999,
                59.166666666666664,
                56.25,
                52.708333333333336,
                53.333333333333336,
                53.333333333333336,
                55.00000000000001,
                53.333333333333336,
                53.333333333333336,
                51.24999999999999,
                50.83333333333333,
                50.83333333333333,
                48.95833333333333,
                46.25,
                48.333333333333336,
                45.0,
                45.0,
                39.375,
                36.041666666666664,
                36.041666666666664,
                36.041666666666664,
                29.375,
                24.583333333333332,
                23.125,
                23.125,
                21.458333333333332,
                21.458333333333332,
                21.458333333333332,
                19.791666666666664,
                19.791666666666664,
                19.791666666666664,
                19.791666666666664,
                18.541666666666668,
                16.875,
                15.625,
                15.625,
                15.625,
                13.125,
                11.458333333333332,
                8.958333333333334,
                6.458333333333334,
                6.458333333333334,
                3.958333333333333,
                1.6666666666666667,
                1.6666666666666667,
                1.6666666666666667,
                1.6666666666666667,
                1.6666666666666667,
                1.6666666666666667,
                1.6666666666666667,
                0.0,
                0.0,
                0.0,
                0.0,
                0.0,
                0.0,
                0.0,
                0.0,
                0.0,
                0.0,
                0.0,
                0.0,
                0.0,
                0.0,
                0.0,
                0.0,
                0.0,
                0.0,
                0.0,
                0.0,
                0.0,
                0.0,
                0.0,
                0.0,
                0.0,
                0.0,
                0.0,
                0.0,
                0.0,
                0.0,
                0.0,
                0.0,
                0.0,
                0.0,
                0.0,
                0.0,
                0.0,
                0.0,
                0.0,
                0.0,
                0.0,
                0.0,
                0.0,
                0.0,
                0.0,
                0.0,
                0.0,
                0.0,
                0.0
            ],
            "3": [
                13.958333333333334,
                15.416666666666668,
                15.416666666666668,
                16.875,
                19.791666666666664,
                24.166666666666668,
                32.916666666666664,
                32.916666666666664,
                34.375,
                34.375,
                38.333333333333336,
                39.166666666666664,
                36.25,
                36.25,
                36.25,
                37.291666666666664,
                39.375,
                41.25,
                41.66666666666667,
                40.416666666666664,
                40.833333333333336,
                40.833333333333336,
                39.166666666666664,
                40.208333333333336,
                40.208333333333336,
                38.333333333333336,
                38.333333333333336,
                38.333333333333336,
                38.333333333333336,
                39.791666666666664,
                34.375,
                32.5,
                36.875,
                36.875,
                36.875,
                36.041666666666664,
                30.0,
                27.500000000000004,
                28.749999999999996,
                28.333333333333332,
                27.291666666666664,
                28.749999999999996,
                29.166666666666668,
                25.833333333333336,
                25.624999999999996,
                25.624999999999996,
                25.624999999999996,
                25.624999999999996,
                24.583333333333332,
                22.916666666666664,
                21.875,
                22.916666666666664,
                24.166666666666668,
                24.166666666666668,
                27.708333333333336,
                27.708333333333336,
                26.25,
                24.166666666666668,
                25.416666666666664,
                24.583333333333332,
                26.875,
                27.916666666666668,
                27.916666666666668,
                30.208333333333332,
                33.125,
                30.625000000000004,
                31.25,
                31.041666666666668,
                29.375,
                26.041666666666668,
                26.041666666666668,
                22.916666666666664,
                22.916666666666664,
                21.666666666666668,
                21.666666666666668,
                20.416666666666668,
                19.375,
                18.125,
                17.083333333333332,
                12.5,
                12.5,
                12.5,
                9.791666666666666,
                7.5,
                6.458333333333334,
                6.458333333333334,
                6.458333333333334,
                5.416666666666667,
                3.3333333333333335,
                3.3333333333333335,
                2.083333333333333,
                2.083333333333333,
                2.083333333333333,
                1.0416666666666665,
                0.0,
                0.0,
                0.0,
                0.0,
                0.0,
                0.0,
                0.0,
                0.0,
                0.0,
                0.0,
                0.0,
                0.0,
                0.0,
                0.0,
                0.0,
                0.0,
                0.0,
                0.0,
                0.0,
                0.0,
                0.0,
                0.0,
                0.0,
                0.0,
                0.0,
                0.0,
                0.0,
                0.0,
                0.0,
                0.0,
                0.0,
                0.0,
                0.0,
                0.0,
                0.0,
                0.0,
                0.0,
                0.0,
                0.0,
                0.0,
                0.0,
                0.0,
                0.0,
                0.0,
                0.0,
                0.0,
                0.0,
                0.0,
                0.0,
                0.0,
                0.0,
                0.0,
                0.0,
                0.0,
                0.0,
                0.0
            ],
            "overall": [
                87.91666666666667,
                88.125,
                88.95833333333334,
                91.25,
                92.91666666666666,
                95.41666666666667,
                97.5,
                99.375,
                99.58333333333333,
                99.58333333333333,
                98.33333333333334,
                98.125,
                98.125,
                98.125,
                97.91666666666666,
                99.16666666666666,
                98.33333333333333,
                98.95833333333334,
                97.5,
                97.70833333333334,
                97.91666666666667,
                98.125,
                98.54166666666666,
                98.54166666666666,
                98.54166666666667,
                98.75,
                99.16666666666666,
                99.16666666666667,
                97.70833333333333,
                97.29166666666666,
                97.91666666666667,
                97.5,
                99.375,
                98.75,
                97.70833333333334,
                98.33333333333334,
                98.33333333333333,
                97.29166666666666,
                97.29166666666666,
                98.54166666666666,
                98.95833333333331,
                98.125,
                98.54166666666667,
                96.875,
                96.25,
                89.16666666666666,
                87.5,
                85.625,
                84.375,
                82.91666666666666,
                81.66666666666666,
                80.41666666666666,
                83.33333333333333,
                80.41666666666667,
                80.41666666666667,
                81.04166666666667,
                79.58333333333334,
                79.16666666666667,
                78.75,
                77.91666666666667,
                78.125,
                78.75,
                78.75,
                79.16666666666666,
                79.375,
                78.95833333333334,
                76.25,
                76.04166666666667,
                68.75,
                62.08333333333333,
                62.08333333333333,
                58.95833333333333,
                52.291666666666664,
                46.25,
                44.79166666666667,
                43.54166666666667,
                40.83333333333333,
                39.58333333333333,
                38.541666666666664,
                32.291666666666664,
                32.291666666666664,
                32.291666666666664,
                29.58333333333333,
                26.041666666666668,
                23.333333333333336,
                22.083333333333336,
                22.083333333333336,
                21.041666666666668,
                16.458333333333332,
                14.791666666666666,
                11.041666666666668,
                8.541666666666668,
                8.541666666666668,
                5.0,
                1.6666666666666667,
                1.6666666666666667,
                1.6666666666666667,
                1.6666666666666667,
                1.6666666666666667,
                1.6666666666666667,
                1.6666666666666667,
                0.0,
                0.0,
                0.0,
                0.0,
                0.0,
                0.0,
                0.0,
                0.0,
                0.0,
                0.0,
                0.0,
                0.0,
                0.0,
                0.0,
                0.0,
                0.0,
                0.0,
                0.0,
                0.0,
                0.0,
                0.0,
                0.0,
                0.0,
                0.0,
                0.0,
                0.0,
                0.0,
                0.0,
                0.0,
                0.0,
                0.0,
                0.0,
                0.0,
                0.0,
                0.0,
                0.0,
                0.0,
                0.0,
                0.0,
                0.0,
                0.0,
                0.0,
                0.0,
                0.0,
                0.0,
                0.0,
                0.0,
                0.0,
                0.0
            ]
        },
        "lWaitAndOverdue": [
            [
                0,
                4,
                14,
                0
            ],
            [
                0,
                4,
                14,
                0
            ],
            [
                0,
                3,
                7,
                0
            ],
            [
                0,
                3,
                7,
                0
            ],
            [
                0,
                3,
                7,
                0
            ],
            [
                0,
                2,
                1,
                0
            ],
            [
                0,
                3,
                7,
                0
            ],
            [
                1,
                3,
                7,
                0
            ],
            [
                1,
                2,
                1,
                0
            ],
            [
                1,
                2,
                0,
                0
            ],
            [
                1,
                3,
                8,
                0
            ],
            [
                1,
                3,
                42,
                28
            ],
            [
                1,
                3,
                43,
                29
            ],
            [
                2,
                3,
                41,
                27
            ],
            [
                2,
                2,
                2,
                0
            ],
            [
                2,
                2,
                2,
                0
            ],
            [
                2,
                2,
                2,
                0
            ],
            [
                2,
                4,
                42,
                14
            ],
            [
                2,
                2,
                1,
                0
            ],
            [
                2,
                3,
                43,
                29
            ],
            [
                3,
                4,
                46,
                18
            ],
            [
                3,
                2,
                4,
                0
            ],
            [
                3,
                3,
                46,
                32
            ],
            [
                3,
                2,
                1,
                0
            ],
            [
                3,
                3,
                47,
                33
            ],
            [
                4,
                3,
                46,
                32
            ],
            [
                4,
                2,
                4,
                0
            ],
            [
                4,
                4,
                24,
                0
            ],
            [
                4,
                3,
                46,
                32
            ],
            [
                4,
                2,
                5,
                1
            ],
            [
                5,
                4,
                43,
                15
            ],
            [
                5,
                3,
                43,
                29
            ],
            [
                5,
                3,
                43,
                29
            ],
            [
                5,
                3,
                43,
                29
            ],
            [
                5,
                3,
                43,
                29
            ],
            [
                6,
                3,
                44,
                30
            ],
            [
                6,
                3,
                42,
                28
            ],
            [
                6,
                2,
                1,
                0
            ],
            [
                6,
                2,
                2,
                0
            ],
            [
                6,
                2,
                3,
                1
            ],
            [
                6,
                2,
                7,
                5
            ],
            [
                6,
                2,
                1,
                0
            ],
            [
                6,
                1,
                3,
                3
            ],
            [
                6,
                4,
                44,
                16
            ],
            [
                6,
                3,
                44,
                30
            ],
            [
                6,
                3,
                45,
                31
            ],
            [
                6,
                2,
                6,
                4
            ],
            [
                7,
                4,
                44,
                16
            ],
            [
                7,
                3,
                44,
                30
            ],
            [
                7,
                3,
                44,
                30
            ],
            [
                7,
                2,
                5,
                3
            ],
            [
                8,
                3,
                43,
                29
            ],
            [
                8,
                2,
                7,
                3
            ],
            [
                8,
                2,
                7,
                3
            ],
            [
                8,
                2,
                6,
                2
            ],
            [
                8,
                3,
                46,
                32
            ],
            [
                9,
                4,
                42,
                14
            ],
            [
                9,
                3,
                45,
                31
            ],
            [
                9,
                2,
                7,
                3
            ],
            [
                9,
                2,
                11,
                7
            ],
            [
                9,
                3,
                42,
                28
            ],
            [
                9,
                4,
                45,
                17
            ],
            [
                9,
                2,
                11,
                7
            ],
            [
                9,
                3,
                45,
                31
            ],
            [
                9,
                2,
                12,
                8
            ],
            [
                10,
                2,
                9,
                7
            ],
            [
                10,
                2,
                16,
                14
            ],
            [
                10,
                2,
                9,
                7
            ],
            [
                10,
                2,
                17,
                15
            ],
            [
                10,
                2,
                17,
                15
            ],
            [
                10,
                2,
                10,
                8
            ],
            [
                10,
                4,
                43,
                15
            ],
            [
                11,
                2,
                6,
                4
            ],
            [
                11,
                4,
                42,
                14
            ],
            [
                11,
                3,
                44,
                30
            ],
            [
                12,
                4,
                41,
                13
            ],
            [
                12,
                2,
                16,
                14
            ],
            [
                12,
                2,
                13,
                11
            ],
            [
                12,
                2,
                16,
                14
            ],
            [
                12,
                4,
                43,
                15
            ],
            [
                12,
                3,
                43,
                29
            ],
            [
                13,
                2,
                18,
                14
            ],
            [
                13,
                3,
                49,
                35
            ],
            [
                13,
                3,
                49,
                35
            ],
            [
                14,
                3,
                42,
                28
            ],
            [
                14,
                4,
                49,
                21
            ],
            [
                14,
                3,
                49,
                35
            ],
            [
                14,
                4,
                40,
                12
            ],
            [
                14,
                3,
                52,
                38
            ],
            [
                14,
                2,
                18,
                14
            ],
            [
                14,
                2,
                19,
                15
            ],
            [
                14,
                4,
                52,
                24
            ],
            [
                14,
                3,
                42,
                28
            ],
            [
                14,
                2,
                21,
                17
            ],
            [
                14,
                2,
                27,
                23
            ],
            [
                15,
                2,
                25,
                23
            ],
            [
                15,
                3,
                50,
                36
            ],
            [
                15,
                4,
                39,
                11
            ],
            [
                15,
                2,
                25,
                23
            ],
            [
                15,
                2,
                25,
                23
            ],
            [
                15,
                3,
                50,
                36
            ],
            [
                15,
                2,
                23,
                21
            ],
            [
                15,
                2,
                25,
                23
            ],
            [
                16,
                3,
                49,
                35
            ],
            [
                16,
                3,
                49,
                35
            ],
            [
                16,
                4,
                37,
                9
            ],
            [
                16,
                4,
                49,
                21
            ],
            [
                16,
                3,
                49,
                35
            ],
            [
                16,
                3,
                50,
                36
            ],
            [
                16,
                2,
                27,
                25
            ],
            [
                16,
                3,
                50,
                36
            ],
            [
                17,
                2,
                26,
                24
            ],
            [
                17,
                4,
                49,
                21
            ],
            [
                17,
                2,
                21,
                19
            ],
            [
                17,
                2,
                28,
                26
            ],
            [
                17,
                2,
                29,
                27
            ],
            [
                17,
                2,
                13,
                11
            ],
            [
                18,
                4,
                50,
                22
            ],
            [
                18,
                4,
                50,
                22
            ],
            [
                18,
                4,
                50,
                22
            ],
            [
                18,
                4,
                53,
                25
            ],
            [
                18,
                3,
                53,
                39
            ],
            [
                18,
                2,
                28,
                24
            ],
            [
                19,
                3,
                52,
                38
            ],
            [
                19,
                2,
                25,
                21
            ],
            [
                19,
                2,
                28,
                24
            ],
            [
                19,
                3,
                53,
                39
            ],
            [
                19,
                2,
                31,
                27
            ],
            [
                19,
                2,
                28,
                24
            ],
            [
                20,
                2,
                28,
                26
            ],
            [
                20,
                1,
                29,
                29
            ],
            [
                21,
                2,
                28,
                26
            ],
            [
                21,
                2,
                28,
                26
            ],
            [
                21,
                3,
                49,
                35
            ],
            [
                21,
                3,
                50,
                36
            ],
            [
                21,
                4,
                51,
                23
            ],
            [
                21,
                3,
                51,
                37
            ],
            [
                22,
                2,
                7,
                5
            ],
            [
                22,
                4,
                50,
                22
            ],
            [
                22,
                4,
                50,
                22
            ],
            [
                22,
                2,
                15,
                13
            ],
            [
                22,
                4,
                51,
                23
            ],
            [
                22,
                4,
                51,
                23
            ],
            [
                23,
                4,
                53,
                25
            ],
            [
                23,
                3,
                53,
                39
            ],
            [
                23,
                4,
                53,
                25
            ],
            [
                23,
                3,
                53,
                39
            ],
            [
                23,
                3,
                54,
                40
            ],
            [
                24,
                4,
                52,
                24
            ],
            [
                24,
                4,
                53,
                25
            ],
            [
                24,
                3,
                53,
                39
            ],
            [
                25,
                2,
                22,
                20
            ],
            [
                26,
                2,
                23,
                21
            ],
            [
                26,
                3,
                51,
                37
            ],
            [
                26,
                4,
                51,
                23
            ],
            [
                26,
                4,
                51,
                23
            ],
            [
                26,
                4,
                51,
                23
            ],
            [
                26,
                4,
                52,
                24
            ],
            [
                26,
                2,
                17,
                15
            ],
            [
                26,
                2,
                23,
                21
            ],
            [
                26,
                4,
                52,
                24
            ],
            [
                26,
                2,
                24,
                22
            ],
            [
                27,
                4,
                54,
                26
            ],
            [
                27,
                2,
                22,
                20
            ],
            [
                28,
                3,
                53,
                39
            ],
            [
                29,
                3,
                52,
                38
            ],
            [
                29,
                3,
                52,
                38
            ],
            [
                29,
                3,
                52,
                38
            ],
            [
                29,
                2,
                10,
                6
            ],
            [
                29,
                4,
                53,
                25
            ],
            [
                29,
                4,
                54,
                26
            ],
            [
                29,
                3,
                55,
                41
            ],
            [
                29,
                2,
                21,
                17
            ]
        ],
        "lWaitDayByPriority": [
            5581,
            32,
            1016,
            2606,
            1927
        ],
        "objval": 2673.523084886129,
        "std_occupancy": 42.912369908064306
    },
    "runtime": 0.7201740741729736,
    "simdays": 150,
    "solver": "daily_greedy"
}