{
    "arrivalrate": 6.0,
    "ins_name": 275,
    "ins_path": null,
    "lNoNewPatients": [
        161,
        2,
        68,
        49,
        42
    ],
    "lNoPatients": [
        348,
        2,
        77,
        169,
        100
    ],
    "lNoSections": [
        2074,
        11,
        217,
        1090,
        756
    ],
    "mipgap": 1.0,
    "noLinacs": 4,
    "noSlotsPerDay": 120,
    "planningHorizon": 80,
    "runresult": {
        "avg_occupancy": 50.475,
        "feasibility": true,
        "lAvgLateDayByPriority": [
            16.559006211180126,
            1.0,
            0.38235294117647056,
            37.204081632653065,
            19.404761904761905
        ],
        "lAvgWaitDayByPriority": [
            28.559006211180126,
            1.0,
            2.0588235294117645,
            51.204081632653065,
            46.357142857142854
        ],
        "lLateDayByPriority": [
            2666,
            2,
            26,
            1823,
            815
        ],
        "lOccupancy": {
            "0": [
                0.0,
                1.25,
                0.0,
                0.0,
                0.0,
                0.0,
                0.0,
                0.0,
                0.0,
                0.0,
                0.0,
                0.0,
                0.0,
                0.0,
                0.0,
                0.0,
                0.0,
                0.0,
                0.0,
                1.0416666666666665,
                1.0416666666666665,
                1.0416666666666665,
                1.0416666666666665,
                1.0416666666666665,
                1.0416666666666665,
                1.0416666666666665,
                1.0416666666666665,
                1.0416666666666665,
                1.0416666666666665,
                0.0,
                0.0,
                0.0,
                0.0,
                0.0,
                0.0,
                0.0,
                0.0,
                0.0,
                0.0,
                0.0,
                0.0,
                0.0,
                0.0,
                0.0,
                0.0,
                0.0,
                0.0,
                0.0,
                0.0,
                0.0,
                0.0,
                0.0,
                0.0,
                0.0,
                0.0,
                0.0,
                0.0,
                0.0,
                0.0,
                0.0,
                0.0,
                0.0,
                0.0,
                0.0,
                0.0,
                0.0,
                0.0,
                0.0,
                0.0,
                0.0,
                0.0,
                0.0,
                0.0,
                0.0,
                0.0,
                0.0,
                0.0,
                0.0,
                0.0,
                0.0,
                0.0,
                0.0,
                0.0,
                0.0,
                0.0,
                0.0,
                0.0,
                0.0,
                0.0,
                0.0,
                0.0,
                0.0,
                0.0,
                0.0,
                0.0,
                0.0,
                0.0,
                0.0,
                0.0,
                0.0,
                0.0,
                0.0,
                0.0,
                0.0,
                0.0,
                0.0,
                0.0,
                0.0,
                0.0,
                0.0,
                0.0,
                0.0,
                0.0,
                0.0,
                0.0,
                0.0,
                0.0,
                0.0,
                0.0,
                0.0,
                0.0,
                0.0,
                0.0,
                0.0,
                0.0,
                0.0,
                0.0,
                0.0,
                0.0,
                0.0,
                0.0,
                0.0,
                0.0,
                0.0,
                0.0,
                0.0,
                0.0,
                0.0,
                0.0,
                0.0,
                0.0,
                0.0,
                0.0,
                0.0,
                0.0,
                0.0,
                0.0,
                0.0,
                0.0,
                0.0
            ],
            "1": [
                14.374999999999998,
                10.208333333333334,
                11.666666666666666,
                12.708333333333332,
                13.750000000000002,
                12.5,
                9.166666666666666,
                10.625,
                14.791666666666666,
                11.458333333333332,
                10.833333333333334,
                6.666666666666667,
                8.333333333333332,
                15.208333333333332,
                12.5,
                14.374999999999998,
                12.083333333333334,
                12.5,
                10.625,
                11.458333333333332,
                12.916666666666668,
                12.291666666666666,
                12.083333333333334,
                13.750000000000002,
                10.833333333333334,
                9.166666666666666,
                9.583333333333334,
                7.916666666666666,
                10.0,
                11.25,
                6.458333333333334,
                6.875000000000001,
                6.875000000000001,
                5.208333333333334,
                3.958333333333333,
                2.7083333333333335,
                1.0416666666666665,
                1.0416666666666665,
                0.0,
                0.0,
                0.0,
                0.0,
                0.0,
                0.0,
                0.0,
                0.0,
                0.0,
                0.0,
                0.0,
                0.0,
                0.0,
                0.0,
                0.0,
                0.0,
                0.0,
                0.0,
                0.0,
                0.0,
                0.0,
                0.0,
                0.0,
                0.0,
                0.0,
                0.0,
                0.0,
                0.0,
                0.0,
                0.0,
                0.0,
                0.0,
                0.0,
                0.0,
                0.0,
                0.0,
                0.0,
                0.0,
                0.0,
                0.0,
                0.0,
                0.0,
                0.0,
                0.0,
                0.0,
                0.0,
                0.0,
                0.0,
                0.0,
                0.0,
                0.0,
                0.0,
                0.0,
                0.0,
                0.0,
                0.0,
                0.0,
                0.0,
                0.0,
                0.0,
                0.0,
                0.0,
                0.0,
                0.0,
                0.0,
                0.0,
                0.0,
                0.0,
                0.0,
                0.0,
                0.0,
                0.0,
                0.0,
                0.0,
                0.0,
                0.0,
                0.0,
                0.0,
                0.0,
                0.0,
                0.0,
                0.0,
                0.0,
                0.0,
                0.0,
                0.0,
                0.0,
                0.0,
                0.0,
                0.0,
                0.0,
                0.0,
                0.0,
                0.0,
                0.0,
                0.0,
                0.0,
                0.0,
                0.0,
                0.0,
                0.0,
                0.0,
                0.0,
                0.0,
                0.0,
                0.0,
                0.0,
                0.0,
                0.0,
                0.0,
                0.0,
                0.0
            ],
            "2": [
                69.16666666666667,
                69.58333333333333,
                68.125,
                67.70833333333334,
                65.20833333333333,
                65.625,
                58.54166666666667,
                57.08333333333333,
                51.87500000000001,
                49.375,
                50.208333333333336,
                48.75,
                45.416666666666664,
                47.708333333333336,
                47.708333333333336,
                48.75,
                48.75,
                50.625,
                46.041666666666664,
                46.041666666666664,
                46.458333333333336,
                48.125,
                46.666666666666664,
                48.541666666666664,
                47.91666666666667,
                51.041666666666664,
                50.625,
                52.29166666666667,
                50.625,
                46.875,
                50.416666666666664,
                53.95833333333333,
                53.95833333333333,
                50.625,
                50.625,
                48.125,
                45.0,
                53.75,
                54.58333333333333,
                60.0,
                61.04166666666667,
                58.75,
                56.25,
                55.625,
                55.625,
                56.25,
                56.458333333333336,
                56.458333333333336,
                52.708333333333336,
                50.416666666666664,
                50.416666666666664,
                50.416666666666664,
                50.208333333333336,
                50.625,
                53.541666666666664,
                58.75,
                60.416666666666664,
                60.62499999999999,
                60.83333333333333,
                59.583333333333336,
                58.12500000000001,
                59.166666666666664,
                57.49999999999999,
                55.625,
                52.5,
                49.375,
                50.416666666666664,
                50.416666666666664,
                46.458333333333336,
                45.83333333333333,
                45.83333333333333,
                45.83333333333333,
                47.5,
                47.5,
                47.5,
                46.25,
                45.0,
                45.0,
                42.5,
                42.5,
                41.041666666666664,
                41.041666666666664,
                37.708333333333336,
                37.708333333333336,
                34.583333333333336,
                26.25,
                26.25,
                23.75,
                19.375,
                19.375,
                17.708333333333336,
                13.541666666666666,
                11.875,
                10.625,
                9.375,
                9.375,
                9.375,
                9.375,
                8.125,
                4.583333333333333,
                4.583333333333333,
                2.9166666666666665,
                1.6666666666666667,
                1.6666666666666667,
                1.6666666666666667,
                0.0,
                0.0,
                0.0,
                0.0,
                0.0,
                0.0,
                0.0,
                0.0,
                0.0,
                0.0,
                0.0,
                0.0,
                0.0,
                0.0,
                0.0,
                0.0,
                0.0,
                0.0,
                0.0,
                0.0,
                0.0,
                0.0,
                0.0,
                0.0,
                0.0,
                0.0,
                0.0,
                0.0,
                0.0,
                0.0,
                0.0,
                0.0,
                0.0,
                0.0,
                0.0,
                0.0,
                0.0,
                0.0,
                0.0,
                0.0,
                0.0,
                0.0,
                0.0,
                0.0,
                0.0
            ],
            "3": [
                14.374999999999998,
                14.374999999999998,
                14.374999999999998,
                14.374999999999998,
                17.291666666666668,
                17.291666666666668,
                25.624999999999996,
                27.083333333333332,
                31.458333333333332,
                32.916666666666664,
                34.375,
                35.41666666666667,
                38.54166666666667,
                35.208333333333336,
                35.208333333333336,
                35.208333333333336,
                37.083333333333336,
                35.208333333333336,
                41.041666666666664,
                39.58333333333333,
                37.291666666666664,
                35.833333333333336,
                37.916666666666664,
                35.625,
                38.54166666666667,
                37.708333333333336,
                37.708333333333336,
                36.25,
                36.25,
                38.333333333333336,
                41.66666666666667,
                35.833333333333336,
                35.833333333333336,
                39.375,
                40.416666666666664,
                40.416666666666664,
                44.79166666666667,
                38.75,
                36.875,
                33.125,
                31.666666666666664,
                30.416666666666664,
                32.708333333333336,
                32.29166666666667,
                32.708333333333336,
                30.833333333333336,
                29.791666666666668,
                30.208333333333332,
                30.208333333333332,
                30.208333333333332,
                28.541666666666664,
                27.500000000000004,
                25.833333333333336,
                24.791666666666668,
                23.75,
                22.5,
                22.083333333333332,
                22.708333333333332,
                21.666666666666668,
                22.708333333333332,
                24.375,
                23.333333333333332,
                25.624999999999996,
                27.916666666666668,
                30.0,
                30.0,
                28.125,
                28.125,
                31.666666666666664,
                32.708333333333336,
                32.708333333333336,
                32.708333333333336,
                28.541666666666664,
                28.541666666666664,
                28.541666666666664,
                25.833333333333336,
                23.75,
                21.458333333333332,
                20.416666666666668,
                19.375,
                16.666666666666664,
                15.0,
                13.958333333333334,
                11.458333333333332,
                8.333333333333332,
                8.333333333333332,
                8.333333333333332,
                5.625,
                5.625,
                5.625,
                5.625,
                4.375,
                4.375,
                2.083333333333333,
                1.0416666666666665,
                0.0,
                0.0,
                0.0,
                0.0,
                0.0,
                0.0,
                0.0,
                0.0,
                0.0,
                0.0,
                0.0,
                0.0,
                0.0,
                0.0,
                0.0,
                0.0,
                0.0,
                0.0,
                0.0,
                0.0,
                0.0,
                0.0,
                0.0,
                0.0,
                0.0,
                0.0,
                0.0,
                0.0,
                0.0,
                0.0,
                0.0,
                0.0,
                0.0,
                0.0,
                0.0,
                0.0,
                0.0,
                0.0,
                0.0,
                0.0,
                0.0,
                0.0,
                0.0,
                0.0,
                0.0,
                0.0,
                0.0,
                0.0,
                0.0,
                0.0,
                0.0,
                0.0,
                0.0,
                0.0,
                0.0
            ],
            "overall": [
                97.91666666666667,
                95.41666666666666,
                94.16666666666667,
                94.79166666666667,
                96.25,
                95.41666666666667,
                93.33333333333334,
                94.79166666666666,
                98.125,
                93.75,
                95.41666666666667,
                90.83333333333334,
                92.29166666666667,
                98.125,
                95.41666666666667,
                98.33333333333334,
                97.91666666666667,
                98.33333333333334,
                97.70833333333333,
                98.125,
                97.70833333333334,
                97.29166666666666,
                97.70833333333333,
                98.95833333333333,
                98.33333333333334,
                98.95833333333334,
                98.95833333333334,
                97.5,
                97.91666666666666,
                96.45833333333334,
                98.54166666666667,
                96.66666666666666,
                96.66666666666666,
                95.20833333333334,
                95.0,
                91.25,
                90.83333333333334,
                93.54166666666666,
                91.45833333333333,
                93.125,
                92.70833333333334,
                89.16666666666666,
                88.95833333333334,
                87.91666666666667,
                88.33333333333334,
                87.08333333333334,
                86.25,
                86.66666666666667,
                82.91666666666667,
                80.625,
                78.95833333333333,
                77.91666666666667,
                76.04166666666667,
                75.41666666666667,
                77.29166666666666,
                81.25,
                82.5,
                83.33333333333333,
                82.5,
                82.29166666666667,
                82.5,
                82.5,
                83.12499999999999,
                83.54166666666667,
                82.5,
                79.375,
                78.54166666666666,
                78.54166666666666,
                78.125,
                78.54166666666666,
                78.54166666666666,
                78.54166666666666,
                76.04166666666666,
                76.04166666666666,
                76.04166666666666,
                72.08333333333334,
                68.75,
                66.45833333333333,
                62.91666666666667,
                61.875,
                57.70833333333333,
                56.041666666666664,
                51.66666666666667,
                49.16666666666667,
                42.91666666666667,
                34.58333333333333,
                34.58333333333333,
                29.375,
                25.0,
                25.0,
                23.333333333333336,
                17.916666666666664,
                16.25,
                12.708333333333332,
                10.416666666666666,
                9.375,
                9.375,
                9.375,
                8.125,
                4.583333333333333,
                4.583333333333333,
                2.9166666666666665,
                1.6666666666666667,
                1.6666666666666667,
                1.6666666666666667,
                0.0,
                0.0,
                0.0,
                0.0,
                0.0,
                0.0,
                0.0,
                0.0,
                0.0,
                0.0,
                0.0,
                0.0,
                0.0,
                0.0,
                0.0,
                0.0,
                0.0,
                0.0,
                0.0,
                0.0,
                0.0,
                0.0,
                0.0,
                0.0,
                0.0,
                0.0,
                0.0,
                0.0,
                0.0,
                0.0,
                0.0,
                0.0,
                0.0,
                0.0,
                0.0,
                0.0,
                0.0,
                0.0,
                0.0,
                0.0,
                0.0,
                0.0,
                0.0,
                0.0,
                0.0
            ]
        },
        "lWaitAndOverdue": [
            [
                0,
                3,
                78,
                64
            ],
            [
                0,
                3,
                32,
                18
            ],
            [
                0,
                3,
                70,
                56
            ],
            [
                0,
                2,
                0,
                0
            ],
            [
                0,
                2,
                2,
                0
            ],
            [
                0,
                2,
                2,
                0
            ],
            [
                1,
                2,
                2,
                0
            ],
            [
                1,
                2,
                1,
                0
            ],
            [
                1,
                1,
                0,
                0
            ],
            [
                1,
                4,
                44,
                16
            ],
            [
                1,
                3,
                76,
                62
            ],
            [
                1,
                3,
                76,
                62
            ],
            [
                1,
                2,
                1,
                0
            ],
            [
                1,
                4,
                38,
                10
            ],
            [
                2,
                3,
                49,
                35
            ],
            [
                2,
                3,
                75,
                61
            ],
            [
                2,
                2,
                1,
                0
            ],
            [
                2,
                3,
                65,
                51
            ],
            [
                2,
                2,
                2,
                0
            ],
            [
                2,
                2,
                2,
                0
            ],
            [
                2,
                2,
                0,
                0
            ],
            [
                3,
                3,
                74,
                60
            ],
            [
                3,
                4,
                42,
                14
            ],
            [
                3,
                3,
                20,
                6
            ],
            [
                3,
                2,
                0,
                0
            ],
            [
                4,
                2,
                3,
                0
            ],
            [
                5,
                3,
                25,
                11
            ],
            [
                5,
                4,
                15,
                0
            ],
            [
                5,
                2,
                1,
                0
            ],
            [
                5,
                3,
                65,
                51
            ],
            [
                5,
                2,
                0,
                0
            ],
            [
                5,
                2,
                2,
                0
            ],
            [
                5,
                2,
                0,
                0
            ],
            [
                6,
                2,
                1,
                0
            ],
            [
                6,
                2,
                0,
                0
            ],
            [
                7,
                2,
                1,
                0
            ],
            [
                7,
                2,
                2,
                0
            ],
            [
                7,
                4,
                75,
                47
            ],
            [
                7,
                2,
                1,
                0
            ],
            [
                7,
                4,
                61,
                33
            ],
            [
                7,
                3,
                47,
                33
            ],
            [
                7,
                4,
                41,
                13
            ],
            [
                7,
                2,
                2,
                0
            ],
            [
                8,
                2,
                4,
                0
            ],
            [
                8,
                2,
                0,
                0
            ],
            [
                8,
                4,
                36,
                8
            ],
            [
                9,
                3,
                62,
                48
            ],
            [
                9,
                2,
                0,
                0
            ],
            [
                9,
                3,
                42,
                28
            ],
            [
                9,
                3,
                45,
                31
            ],
            [
                9,
                3,
                63,
                49
            ],
            [
                10,
                4,
                43,
                15
            ],
            [
                10,
                3,
                63,
                49
            ],
            [
                10,
                4,
                10,
                0
            ],
            [
                10,
                3,
                45,
                31
            ],
            [
                10,
                2,
                0,
                0
            ],
            [
                10,
                2,
                2,
                0
            ],
            [
                10,
                4,
                64,
                36
            ],
            [
                10,
                3,
                21,
                7
            ],
            [
                11,
                2,
                2,
                0
            ],
            [
                11,
                2,
                2,
                0
            ],
            [
                11,
                2,
                1,
                0
            ],
            [
                11,
                3,
                27,
                13
            ],
            [
                11,
                4,
                30,
                2
            ],
            [
                11,
                2,
                1,
                0
            ],
            [
                12,
                2,
                1,
                0
            ],
            [
                12,
                3,
                41,
                27
            ],
            [
                13,
                2,
                1,
                0
            ],
            [
                13,
                2,
                1,
                0
            ],
            [
                13,
                3,
                64,
                50
            ],
            [
                13,
                3,
                25,
                11
            ],
            [
                13,
                4,
                42,
                14
            ],
            [
                13,
                4,
                40,
                12
            ],
            [
                13,
                3,
                62,
                48
            ],
            [
                13,
                3,
                25,
                11
            ],
            [
                14,
                2,
                3,
                0
            ],
            [
                14,
                3,
                40,
                26
            ],
            [
                14,
                2,
                0,
                0
            ],
            [
                14,
                4,
                47,
                19
            ],
            [
                14,
                2,
                3,
                0
            ],
            [
                15,
                2,
                3,
                1
            ],
            [
                15,
                2,
                4,
                2
            ],
            [
                15,
                2,
                1,
                0
            ],
            [
                15,
                4,
                37,
                9
            ],
            [
                15,
                4,
                37,
                9
            ],
            [
                16,
                4,
                43,
                15
            ],
            [
                16,
                4,
                37,
                9
            ],
            [
                16,
                3,
                41,
                27
            ],
            [
                16,
                2,
                3,
                1
            ],
            [
                16,
                3,
                41,
                27
            ],
            [
                16,
                2,
                1,
                0
            ],
            [
                16,
                2,
                3,
                1
            ],
            [
                16,
                3,
                50,
                36
            ],
            [
                16,
                2,
                6,
                4
            ],
            [
                17,
                2,
                6,
                4
            ],
            [
                17,
                2,
                6,
                4
            ],
            [
                17,
                1,
                2,
                2
            ],
            [
                17,
                2,
                6,
                4
            ],
            [
                18,
                2,
                6,
                2
            ],
            [
                18,
                3,
                56,
                42
            ],
            [
                18,
                3,
                49,
                35
            ],
            [
                18,
                4,
                18,
                0
            ],
            [
                18,
                3,
                50,
                36
            ],
            [
                18,
                2,
                1,
                0
            ],
            [
                18,
                4,
                55,
                27
            ],
            [
                19,
                4,
                54,
                26
            ],
            [
                19,
                2,
                0,
                0
            ],
            [
                19,
                4,
                55,
                27
            ],
            [
                19,
                4,
                56,
                28
            ],
            [
                19,
                4,
                60,
                32
            ],
            [
                19,
                3,
                60,
                46
            ],
            [
                20,
                4,
                57,
                29
            ],
            [
                20,
                3,
                57,
                43
            ],
            [
                20,
                3,
                31,
                17
            ],
            [
                20,
                4,
                58,
                30
            ],
            [
                21,
                4,
                57,
                29
            ],
            [
                21,
                3,
                63,
                49
            ],
            [
                21,
                2,
                2,
                0
            ],
            [
                21,
                2,
                2,
                0
            ],
            [
                21,
                3,
                58,
                44
            ],
            [
                21,
                4,
                58,
                30
            ],
            [
                22,
                4,
                57,
                29
            ],
            [
                22,
                4,
                58,
                30
            ],
            [
                22,
                4,
                58,
                30
            ],
            [
                22,
                2,
                2,
                0
            ],
            [
                23,
                2,
                4,
                0
            ],
            [
                23,
                4,
                29,
                1
            ],
            [
                23,
                2,
                5,
                1
            ],
            [
                23,
                4,
                61,
                33
            ],
            [
                23,
                2,
                5,
                1
            ],
            [
                23,
                3,
                32,
                18
            ],
            [
                23,
                3,
                33,
                19
            ],
            [
                23,
                3,
                33,
                19
            ],
            [
                23,
                3,
                61,
                47
            ],
            [
                24,
                2,
                4,
                0
            ],
            [
                24,
                4,
                33,
                5
            ],
            [
                24,
                4,
                60,
                32
            ],
            [
                24,
                3,
                62,
                48
            ],
            [
                25,
                2,
                2,
                0
            ],
            [
                25,
                4,
                28,
                0
            ],
            [
                25,
                3,
                59,
                45
            ],
            [
                25,
                2,
                2,
                0
            ],
            [
                25,
                3,
                59,
                45
            ],
            [
                26,
                2,
                0,
                0
            ],
            [
                26,
                2,
                2,
                0
            ],
            [
                26,
                2,
                2,
                0
            ],
            [
                26,
                2,
                2,
                0
            ],
            [
                26,
                2,
                2,
                0
            ],
            [
                27,
                2,
                2,
                0
            ],
            [
                27,
                4,
                57,
                29
            ],
            [
                27,
                4,
                57,
                29
            ],
            [
                27,
                4,
                57,
                29
            ],
            [
                27,
                3,
                58,
                44
            ],
            [
                28,
                2,
                5,
                1
            ],
            [
                28,
                2,
                4,
                0
            ],
            [
                28,
                4,
                57,
                29
            ],
            [
                28,
                3,
                62,
                48
            ],
            [
                29,
                4,
                25,
                0
            ],
            [
                29,
                3,
                56,
                42
            ],
            [
                29,
                2,
                0,
                0
            ],
            [
                29,
                3,
                61,
                47
            ]
        ],
        "lWaitDayByPriority": [
            4598,
            2,
            140,
            2509,
            1947
        ],
        "objval": 2386.1406562625048,
        "std_occupancy": 41.85183936618954
    },
    "runtime": 2.2879228591918945,
    "simdays": 150,
    "solver": "online_prediction"
}