{
    "arrivalrate": 6.0,
    "ins_name": 295,
    "ins_path": null,
    "lNoNewPatients": [
        188,
        2,
        78,
        63,
        45
    ],
    "lNoPatients": [
        357,
        2,
        85,
        172,
        98
    ],
    "lNoSections": [
        2477,
        11,
        238,
        1374,
        854
    ],
    "mipgap": 1.0,
    "noLinacs": 4,
    "noSlotsPerDay": 120,
    "planningHorizon": 80,
    "runresult": {
        "avg_occupancy": 50.41944444444444,
        "feasibility": true,
        "lAvgLateDayByPriority": [
            21.148936170212767,
            17.0,
            12.653846153846153,
            31.50793650793651,
            21.555555555555557
        ],
        "lAvgWaitDayByPriority": [
            33.22872340425532,
            17.0,
            15.217948717948717,
            45.06349206349206,
            48.6
        ],
        "lLateDayByPriority": [
            3976,
            34,
            987,
            1985,
            970
        ],
        "lOccupancy": {
            "0": [
                0.0,
                0.0,
                0.0,
                0.0,
                0.0,
                0.0,
                0.0,
                0.0,
                0.0,
                0.0,
                0.0,
                0.0,
                0.0,
                1.25,
                0.0,
                0.0,
                0.0,
                0.0,
                0.0,
                0.0,
                0.0,
                0.0,
                0.0,
                0.0,
                0.0,
                0.0,
                0.0,
                0.0,
                0.0,
                0.0,
                0.0,
                0.0,
                0.0,
                0.0,
                0.0,
                0.0,
                0.0,
                0.0,
                0.0,
                0.0,
                0.0,
                0.0,
                1.0416666666666665,
                1.0416666666666665,
                1.0416666666666665,
                1.0416666666666665,
                1.0416666666666665,
                1.0416666666666665,
                1.0416666666666665,
                1.0416666666666665,
                1.0416666666666665,
                1.0416666666666665,
                0.0,
                0.0,
                0.0,
                0.0,
                0.0,
                0.0,
                0.0,
                0.0,
                0.0,
                0.0,
                0.0,
                0.0,
                0.0,
                0.0,
                0.0,
                0.0,
                0.0,
                0.0,
                0.0,
                0.0,
                0.0,
                0.0,
                0.0,
                0.0,
                0.0,
                0.0,
                0.0,
                0.0,
                0.0,
                0.0,
                0.0,
                0.0,
                0.0,
                0.0,
                0.0,
                0.0,
                0.0,
                0.0,
                0.0,
                0.0,
                0.0,
                0.0,
                0.0,
                0.0,
                0.0,
                0.0,
                0.0,
                0.0,
                0.0,
                0.0,
                0.0,
                0.0,
                0.0,
                0.0,
                0.0,
                0.0,
                0.0,
                0.0,
                0.0,
                0.0,
                0.0,
                0.0,
                0.0,
                0.0,
                0.0,
                0.0,
                0.0,
                0.0,
                0.0,
                0.0,
                0.0,
                0.0,
                0.0,
                0.0,
                0.0,
                0.0,
                0.0,
                0.0,
                0.0,
                0.0,
                0.0,
                0.0,
                0.0,
                0.0,
                0.0,
                0.0,
                0.0,
                0.0,
                0.0,
                0.0,
                0.0,
                0.0,
                0.0,
                0.0,
                0.0,
                0.0,
                0.0,
                0.0
            ],
            "1": [
                9.166666666666666,
                9.791666666666666,
                8.333333333333332,
                7.083333333333333,
                7.291666666666667,
                8.333333333333332,
                3.125,
                4.375,
                5.625,
                5.625,
                6.041666666666667,
                5.625,
                6.458333333333334,
                3.125,
                4.375,
                5.208333333333334,
                5.208333333333334,
                6.875000000000001,
                6.666666666666667,
                5.833333333333333,
                5.625,
                7.5,
                7.708333333333334,
                6.041666666666667,
                6.041666666666667,
                4.583333333333333,
                4.583333333333333,
                6.25,
                5.833333333333333,
                7.5,
                7.5,
                6.25,
                5.833333333333333,
                5.416666666666667,
                5.625,
                5.625,
                8.541666666666666,
                10.0,
                10.208333333333334,
                9.791666666666666,
                9.375,
                15.625,
                14.791666666666666,
                14.166666666666666,
                12.708333333333332,
                13.125,
                12.916666666666668,
                13.750000000000002,
                10.416666666666668,
                9.166666666666666,
                5.0,
                2.7083333333333335,
                1.0416666666666665,
                1.0416666666666665,
                1.0416666666666665,
                1.0416666666666665,
                1.0416666666666665,
                0.0,
                0.0,
                0.0,
                0.0,
                0.0,
                0.0,
                0.0,
                0.0,
                0.0,
                0.0,
                0.0,
                0.0,
                0.0,
                0.0,
                0.0,
                0.0,
                0.0,
                0.0,
                0.0,
                0.0,
                0.0,
                0.0,
                0.0,
                0.0,
                0.0,
                0.0,
                0.0,
                0.0,
                0.0,
                0.0,
                0.0,
                0.0,
                0.0,
                0.0,
                0.0,
                0.0,
                0.0,
                0.0,
                0.0,
                0.0,
                0.0,
                0.0,
                0.0,
                0.0,
                0.0,
                0.0,
                0.0,
                0.0,
                0.0,
                0.0,
                0.0,
                0.0,
                0.0,
                0.0,
                0.0,
                0.0,
                0.0,
                0.0,
                0.0,
                0.0,
                0.0,
                0.0,
                0.0,
                0.0,
                0.0,
                0.0,
                0.0,
                0.0,
                0.0,
                0.0,
                0.0,
                0.0,
                0.0,
                0.0,
                0.0,
                0.0,
                0.0,
                0.0,
                0.0,
                0.0,
                0.0,
                0.0,
                0.0,
                0.0,
                0.0,
                0.0,
                0.0,
                0.0,
                0.0,
                0.0,
                0.0,
                0.0,
                0.0
            ],
            "2": [
                67.91666666666667,
                67.5,
                70.20833333333333,
                68.54166666666667,
                67.70833333333334,
                66.66666666666666,
                68.33333333333333,
                69.16666666666667,
                66.45833333333333,
                63.95833333333333,
                57.08333333333333,
                58.75,
                57.91666666666667,
                57.70833333333333,
                55.833333333333336,
                55.41666666666667,
                57.291666666666664,
                56.875,
                57.91666666666667,
                57.91666666666667,
                59.375,
                52.708333333333336,
                51.24999999999999,
                53.125,
                58.75,
                53.75,
                57.91666666666667,
                56.458333333333336,
                56.25,
                55.625,
                55.625,
                55.833333333333336,
                55.41666666666667,
                55.41666666666667,
                60.0,
                61.458333333333336,
                57.08333333333333,
                55.00000000000001,
                55.208333333333336,
                55.00000000000001,
                58.75,
                54.37499999999999,
                50.83333333333333,
                52.5,
                57.08333333333333,
                57.08333333333333,
                58.333333333333336,
                56.25,
                55.208333333333336,
                57.49999999999999,
                57.49999999999999,
                58.958333333333336,
                58.75,
                58.54166666666667,
                59.583333333333336,
                57.91666666666667,
                55.00000000000001,
                55.00000000000001,
                53.541666666666664,
                49.791666666666664,
                46.875,
                48.125,
                48.95833333333333,
                45.83333333333333,
                45.625,
                48.75,
                48.75,
                47.5,
                41.25,
                45.0,
                45.625,
                43.75,
                41.875,
                40.208333333333336,
                38.333333333333336,
                38.333333333333336,
                33.541666666666664,
                32.083333333333336,
                32.083333333333336,
                25.416666666666664,
                25.416666666666664,
                22.083333333333332,
                22.083333333333332,
                22.083333333333332,
                22.083333333333332,
                20.833333333333336,
                19.583333333333332,
                16.875,
                16.875,
                16.875,
                15.625,
                15.625,
                15.625,
                15.625,
                11.875,
                9.375,
                9.375,
                3.958333333333333,
                3.958333333333333,
                3.958333333333333,
                3.958333333333333,
                3.958333333333333,
                3.958333333333333,
                0.0,
                0.0,
                0.0,
                0.0,
                0.0,
                0.0,
                0.0,
                0.0,
                0.0,
                0.0,
                0.0,
                0.0,
                0.0,
                0.0,
                0.0,
                0.0,
                0.0,
                0.0,
                0.0,
                0.0,
                0.0,
                0.0,
                0.0,
                0.0,
                0.0,
                0.0,
                0.0,
                0.0,
                0.0,
                0.0,
                0.0,
                0.0,
                0.0,
                0.0,
                0.0,
                0.0,
                0.0,
                0.0,
                0.0,
                0.0,
                0.0,
                0.0,
                0.0,
                0.0,
                0.0,
                0.0,
                0.0
            ],
            "3": [
                15.625,
                14.583333333333334,
                13.333333333333334,
                13.958333333333334,
                13.958333333333334,
                15.416666666666668,
                17.916666666666668,
                18.333333333333332,
                21.25,
                28.125,
                35.41666666666667,
                34.375,
                34.375,
                35.41666666666667,
                37.291666666666664,
                37.083333333333336,
                36.041666666666664,
                34.166666666666664,
                34.166666666666664,
                34.166666666666664,
                32.708333333333336,
                38.125,
                39.58333333333333,
                38.54166666666667,
                34.375,
                40.625,
                35.625,
                36.666666666666664,
                36.666666666666664,
                36.25,
                36.25,
                36.25,
                37.708333333333336,
                37.708333333333336,
                33.33333333333333,
                31.874999999999996,
                32.29166666666667,
                33.33333333333333,
                33.33333333333333,
                33.75,
                29.583333333333332,
                28.125,
                31.874999999999996,
                30.833333333333336,
                27.500000000000004,
                26.458333333333332,
                26.25,
                27.291666666666664,
                27.291666666666664,
                25.624999999999996,
                25.624999999999996,
                24.375,
                24.375,
                24.375,
                21.875,
                23.541666666666668,
                23.541666666666668,
                23.541666666666668,
                25.208333333333332,
                28.333333333333332,
                31.458333333333332,
                30.0,
                30.208333333333332,
                32.708333333333336,
                33.541666666666664,
                30.416666666666664,
                30.416666666666664,
                30.208333333333332,
                37.708333333333336,
                33.958333333333336,
                33.958333333333336,
                32.083333333333336,
                31.041666666666668,
                29.375,
                26.041666666666668,
                24.375,
                24.375,
                22.916666666666664,
                22.916666666666664,
                21.666666666666668,
                19.583333333333332,
                19.583333333333332,
                14.791666666666666,
                13.125,
                13.125,
                12.083333333333334,
                11.041666666666666,
                6.458333333333334,
                6.458333333333334,
                5.416666666666667,
                5.416666666666667,
                5.416666666666667,
                3.3333333333333335,
                1.0416666666666665,
                1.0416666666666665,
                1.0416666666666665,
                1.0416666666666665,
                1.0416666666666665,
                1.0416666666666665,
                1.0416666666666665,
                1.0416666666666665,
                0.0,
                0.0,
                0.0,
                0.0,
                0.0,
                0.0,
                0.0,
                0.0,
                0.0,
                0.0,
                0.0,
                0.0,
                0.0,
                0.0,
                0.0,
                0.0,
                0.0,
                0.0,
                0.0,
                0.0,
                0.0,
                0.0,
                0.0,
                0.0,
                0.0,
                0.0,
                0.0,
                0.0,
                0.0,
                0.0,
                0.0,
                0.0,
                0.0,
                0.0,
                0.0,
                0.0,
                0.0,
                0.0,
                0.0,
                0.0,
                0.0,
                0.0,
                0.0,
                0.0,
                0.0,
                0.0,
                0.0,
                0.0,
                0.0
            ],
            "overall": [
                92.70833333333334,
                91.875,
                91.87499999999999,
                89.58333333333333,
                88.95833333333334,
                90.41666666666666,
                89.375,
                91.875,
                93.33333333333333,
                97.70833333333333,
                98.54166666666666,
                98.75,
                98.75,
                97.5,
                97.5,
                97.70833333333334,
                98.54166666666666,
                97.91666666666666,
                98.75,
                97.91666666666667,
                97.70833333333334,
                98.33333333333334,
                98.54166666666666,
                97.70833333333334,
                99.16666666666667,
                98.95833333333334,
                98.125,
                99.375,
                98.75,
                99.375,
                99.375,
                98.33333333333334,
                98.95833333333334,
                98.54166666666667,
                98.95833333333333,
                98.95833333333334,
                97.91666666666667,
                98.33333333333333,
                98.75,
                98.54166666666667,
                97.70833333333333,
                98.125,
                98.54166666666666,
                98.54166666666666,
                98.33333333333333,
                97.70833333333333,
                98.54166666666667,
                98.33333333333334,
                93.95833333333334,
                93.33333333333333,
                89.16666666666666,
                87.08333333333334,
                84.16666666666666,
                83.95833333333334,
                82.5,
                82.5,
                79.58333333333334,
                78.54166666666667,
                78.75,
                78.125,
                78.33333333333333,
                78.125,
                79.16666666666666,
                78.54166666666666,
                79.16666666666666,
                79.16666666666666,
                79.16666666666666,
                77.70833333333333,
                78.95833333333334,
                78.95833333333334,
                79.58333333333334,
                75.83333333333334,
                72.91666666666667,
                69.58333333333334,
                64.375,
                62.708333333333336,
                57.916666666666664,
                55.0,
                55.0,
                47.08333333333333,
                45.0,
                41.666666666666664,
                36.875,
                35.20833333333333,
                35.20833333333333,
                32.91666666666667,
                30.625,
                23.333333333333336,
                23.333333333333336,
                22.291666666666668,
                21.041666666666668,
                21.041666666666668,
                18.958333333333332,
                16.666666666666668,
                12.916666666666666,
                10.416666666666666,
                10.416666666666666,
                5.0,
                5.0,
                5.0,
                5.0,
                3.958333333333333,
                3.958333333333333,
                0.0,
                0.0,
                0.0,
                0.0,
                0.0,
                0.0,
                0.0,
                0.0,
                0.0,
                0.0,
                0.0,
                0.0,
                0.0,
                0.0,
                0.0,
                0.0,
                0.0,
                0.0,
                0.0,
                0.0,
                0.0,
                0.0,
                0.0,
                0.0,
                0.0,
                0.0,
                0.0,
                0.0,
                0.0,
                0.0,
                0.0,
                0.0,
                0.0,
                0.0,
                0.0,
                0.0,
                0.0,
                0.0,
                0.0,
                0.0,
                0.0,
                0.0,
                0.0,
                0.0,
                0.0,
                0.0,
                0.0
            ]
        },
        "lWaitAndOverdue": [
            [
                0,
                3,
                8,
                0
            ],
            [
                0,
                2,
                1,
                0
            ],
            [
                0,
                2,
                0,
                0
            ],
            [
                0,
                4,
                50,
                22
            ],
            [
                0,
                2,
                1,
                0
            ],
            [
                0,
                4,
                8,
                0
            ],
            [
                1,
                4,
                49,
                21
            ],
            [
                1,
                4,
                45,
                17
            ],
            [
                2,
                3,
                9,
                0
            ],
            [
                2,
                3,
                13,
                0
            ],
            [
                2,
                3,
                8,
                0
            ],
            [
                2,
                2,
                1,
                0
            ],
            [
                3,
                3,
                12,
                0
            ],
            [
                3,
                3,
                12,
                0
            ],
            [
                3,
                2,
                1,
                0
            ],
            [
                3,
                2,
                0,
                0
            ],
            [
                3,
                3,
                46,
                32
            ],
            [
                3,
                3,
                46,
                32
            ],
            [
                3,
                3,
                8,
                0
            ],
            [
                4,
                3,
                17,
                3
            ],
            [
                4,
                2,
                0,
                0
            ],
            [
                5,
                2,
                0,
                0
            ],
            [
                5,
                2,
                0,
                0
            ],
            [
                5,
                4,
                51,
                23
            ],
            [
                6,
                2,
                2,
                0
            ],
            [
                6,
                3,
                52,
                38
            ],
            [
                6,
                4,
                43,
                15
            ],
            [
                6,
                2,
                1,
                0
            ],
            [
                6,
                3,
                43,
                29
            ],
            [
                6,
                2,
                0,
                0
            ],
            [
                6,
                3,
                52,
                38
            ],
            [
                7,
                3,
                41,
                27
            ],
            [
                7,
                2,
                2,
                0
            ],
            [
                7,
                4,
                13,
                0
            ],
            [
                7,
                3,
                43,
                29
            ],
            [
                7,
                2,
                5,
                3
            ],
            [
                7,
                4,
                49,
                21
            ],
            [
                7,
                3,
                50,
                36
            ],
            [
                8,
                3,
                43,
                29
            ],
            [
                8,
                3,
                42,
                28
            ],
            [
                8,
                3,
                42,
                28
            ],
            [
                8,
                3,
                41,
                27
            ],
            [
                8,
                3,
                42,
                28
            ],
            [
                8,
                2,
                5,
                1
            ],
            [
                8,
                2,
                6,
                2
            ],
            [
                8,
                2,
                6,
                2
            ],
            [
                8,
                2,
                11,
                7
            ],
            [
                9,
                2,
                3,
                0
            ],
            [
                9,
                1,
                6,
                6
            ],
            [
                9,
                4,
                42,
                14
            ],
            [
                9,
                3,
                45,
                31
            ],
            [
                9,
                3,
                45,
                31
            ],
            [
                9,
                2,
                7,
                3
            ],
            [
                9,
                4,
                42,
                14
            ],
            [
                9,
                3,
                45,
                31
            ],
            [
                9,
                3,
                45,
                31
            ],
            [
                10,
                2,
                1,
                0
            ],
            [
                10,
                3,
                44,
                30
            ],
            [
                10,
                2,
                9,
                7
            ],
            [
                10,
                2,
                9,
                7
            ],
            [
                10,
                2,
                7,
                5
            ],
            [
                10,
                3,
                50,
                36
            ],
            [
                10,
                4,
                44,
                16
            ],
            [
                10,
                3,
                51,
                37
            ],
            [
                11,
                2,
                9,
                7
            ],
            [
                11,
                2,
                8,
                6
            ],
            [
                11,
                3,
                49,
                35
            ],
            [
                11,
                4,
                20,
                0
            ],
            [
                12,
                2,
                8,
                6
            ],
            [
                12,
                3,
                48,
                34
            ],
            [
                12,
                2,
                9,
                7
            ],
            [
                12,
                2,
                12,
                10
            ],
            [
                12,
                2,
                14,
                12
            ],
            [
                12,
                2,
                15,
                13
            ],
            [
                13,
                2,
                14,
                10
            ],
            [
                13,
                2,
                12,
                8
            ],
            [
                13,
                2,
                18,
                14
            ],
            [
                13,
                4,
                48,
                20
            ],
            [
                13,
                2,
                5,
                1
            ],
            [
                13,
                4,
                48,
                20
            ],
            [
                13,
                3,
                50,
                36
            ],
            [
                13,
                4,
                47,
                19
            ],
            [
                13,
                2,
                20,
                16
            ],
            [
                14,
                2,
                10,
                6
            ],
            [
                14,
                2,
                19,
                15
            ],
            [
                14,
                4,
                42,
                14
            ],
            [
                14,
                3,
                47,
                33
            ],
            [
                15,
                2,
                17,
                15
            ],
            [
                15,
                3,
                57,
                43
            ],
            [
                15,
                3,
                52,
                38
            ],
            [
                16,
                3,
                51,
                37
            ],
            [
                16,
                4,
                58,
                30
            ],
            [
                16,
                3,
                49,
                35
            ],
            [
                16,
                4,
                43,
                15
            ],
            [
                16,
                3,
                50,
                36
            ],
            [
                16,
                2,
                17,
                15
            ],
            [
                16,
                2,
                20,
                18
            ],
            [
                16,
                4,
                55,
                27
            ],
            [
                17,
                3,
                42,
                28
            ],
            [
                17,
                2,
                16,
                14
            ],
            [
                17,
                2,
                22,
                20
            ],
            [
                17,
                2,
                23,
                21
            ],
            [
                17,
                3,
                48,
                34
            ],
            [
                17,
                4,
                44,
                16
            ],
            [
                18,
                2,
                26,
                22
            ],
            [
                18,
                2,
                27,
                23
            ],
            [
                18,
                3,
                50,
                36
            ],
            [
                18,
                2,
                26,
                22
            ],
            [
                18,
                2,
                26,
                22
            ],
            [
                18,
                3,
                50,
                36
            ],
            [
                18,
                3,
                46,
                32
            ],
            [
                18,
                4,
                50,
                22
            ],
            [
                18,
                4,
                55,
                27
            ],
            [
                18,
                3,
                50,
                36
            ],
            [
                18,
                3,
                46,
                32
            ],
            [
                19,
                2,
                27,
                23
            ],
            [
                19,
                3,
                48,
                34
            ],
            [
                19,
                2,
                27,
                23
            ],
            [
                19,
                4,
                49,
                21
            ],
            [
                19,
                2,
                28,
                24
            ],
            [
                19,
                2,
                31,
                27
            ],
            [
                19,
                2,
                32,
                28
            ],
            [
                20,
                2,
                11,
                9
            ],
            [
                20,
                4,
                59,
                31
            ],
            [
                20,
                4,
                53,
                25
            ],
            [
                20,
                4,
                58,
                30
            ],
            [
                20,
                4,
                53,
                25
            ],
            [
                20,
                3,
                57,
                43
            ],
            [
                20,
                2,
                18,
                16
            ],
            [
                21,
                3,
                56,
                42
            ],
            [
                21,
                2,
                28,
                26
            ],
            [
                21,
                2,
                28,
                26
            ],
            [
                22,
                3,
                56,
                42
            ],
            [
                22,
                2,
                27,
                25
            ],
            [
                22,
                2,
                28,
                26
            ],
            [
                22,
                2,
                28,
                26
            ],
            [
                22,
                1,
                28,
                28
            ],
            [
                22,
                2,
                28,
                26
            ],
            [
                23,
                2,
                28,
                24
            ],
            [
                23,
                3,
                57,
                43
            ],
            [
                23,
                3,
                57,
                43
            ],
            [
                23,
                4,
                35,
                7
            ],
            [
                23,
                3,
                55,
                41
            ],
            [
                23,
                2,
                1,
                0
            ],
            [
                23,
                4,
                50,
                22
            ],
            [
                23,
                4,
                55,
                27
            ],
            [
                24,
                2,
                26,
                22
            ],
            [
                24,
                4,
                52,
                24
            ],
            [
                24,
                4,
                52,
                24
            ],
            [
                24,
                4,
                55,
                27
            ],
            [
                24,
                3,
                54,
                40
            ],
            [
                24,
                4,
                52,
                24
            ],
            [
                25,
                3,
                53,
                39
            ],
            [
                25,
                3,
                60,
                46
            ],
            [
                25,
                4,
                58,
                30
            ],
            [
                25,
                4,
                59,
                31
            ],
            [
                26,
                3,
                62,
                48
            ],
            [
                26,
                2,
                23,
                21
            ],
            [
                26,
                2,
                27,
                25
            ],
            [
                26,
                3,
                57,
                43
            ],
            [
                26,
                4,
                57,
                29
            ],
            [
                26,
                4,
                57,
                29
            ],
            [
                26,
                4,
                57,
                29
            ],
            [
                26,
                4,
                55,
                27
            ],
            [
                26,
                2,
                23,
                21
            ],
            [
                27,
                2,
                27,
                25
            ],
            [
                27,
                4,
                57,
                29
            ],
            [
                27,
                2,
                27,
                25
            ],
            [
                27,
                4,
                57,
                29
            ],
            [
                27,
                2,
                27,
                25
            ],
            [
                28,
                3,
                53,
                39
            ],
            [
                28,
                3,
                56,
                42
            ],
            [
                28,
                3,
                57,
                43
            ],
            [
                28,
                3,
                53,
                39
            ],
            [
                28,
                2,
                4,
                0
            ],
            [
                28,
                4,
                56,
                28
            ],
            [
                28,
                4,
                56,
                28
            ],
            [
                28,
                3,
                60,
                46
            ],
            [
                28,
                2,
                27,
                23
            ],
            [
                29,
                4,
                49,
                21
            ],
            [
                29,
                3,
                54,
                40
            ],
            [
                29,
                2,
                26,
                22
            ],
            [
                29,
                3,
                54,
                40
            ],
            [
                29,
                2,
                26,
                22
            ],
            [
                29,
                2,
                26,
                22
            ],
            [
                29,
                2,
                26,
                22
            ],
            [
                29,
                2,
                26,
                22
            ],
            [
                29,
                2,
                5,
                1
            ]
        ],
        "lWaitDayByPriority": [
            6247,
            34,
            1187,
            2839,
            2187
        ],
        "objval": 2698.5603174603175,
        "std_occupancy": 42.73516763122775
    },
    "runtime": 5.625747442245483,
    "simdays": 150,
    "solver": "weekly"
}