{
    "arrivalrate": 6.0,
    "ins_name": 310,
    "ins_path": null,
    "lNoNewPatients": [
        186,
        2,
        80,
        58,
        46
    ],
    "lNoPatients": [
        367,
        2,
        85,
        177,
        103
    ],
    "lNoSections": [
        2398,
        11,
        247,
        1318,
        822
    ],
    "mipgap": 1.0,
    "noLinacs": 4,
    "noSlotsPerDay": 120,
    "planningHorizon": 80,
    "runresult": {
        "avg_occupancy": 52.726388888888884,
        "feasibility": true,
        "lAvgLateDayByPriority": [
            24.892473118279568,
            15.5,
            16.575,
            37.05172413793103,
            24.434782608695652
        ],
        "lAvgWaitDayByPriority": [
            36.67741935483871,
            15.5,
            18.8375,
            50.741379310344826,
            50.891304347826086
        ],
        "lLateDayByPriority": [
            4630,
            31,
            1326,
            2149,
            1124
        ],
        "lOccupancy": {
            "0": [
                0.0,
                1.25,
                0.0,
                0.0,
                0.0,
                0.0,
                0.0,
                0.0,
                0.0,
                0.0,
                0.0,
                0.0,
                0.0,
                0.0,
                0.0,
                0.0,
                0.0,
                0.0,
                0.0,
                0.0,
                0.0,
                0.0,
                0.0,
                0.0,
                0.0,
                0.0,
                0.0,
                0.0,
                0.0,
                0.0,
                0.0,
                0.0,
                0.0,
                0.0,
                0.0,
                0.0,
                0.0,
                0.0,
                1.0416666666666665,
                1.0416666666666665,
                1.0416666666666665,
                1.0416666666666665,
                1.0416666666666665,
                1.0416666666666665,
                1.0416666666666665,
                1.0416666666666665,
                1.0416666666666665,
                1.0416666666666665,
                0.0,
                0.0,
                0.0,
                0.0,
                0.0,
                0.0,
                0.0,
                0.0,
                0.0,
                0.0,
                0.0,
                0.0,
                0.0,
                0.0,
                0.0,
                0.0,
                0.0,
                0.0,
                0.0,
                0.0,
                0.0,
                0.0,
                0.0,
                0.0,
                0.0,
                0.0,
                0.0,
                0.0,
                0.0,
                0.0,
                0.0,
                0.0,
                0.0,
                0.0,
                0.0,
                0.0,
                0.0,
                0.0,
                0.0,
                0.0,
                0.0,
                0.0,
                0.0,
                0.0,
                0.0,
                0.0,
                0.0,
                0.0,
                0.0,
                0.0,
                0.0,
                0.0,
                0.0,
                0.0,
                0.0,
                0.0,
                0.0,
                0.0,
                0.0,
                0.0,
                0.0,
                0.0,
                0.0,
                0.0,
                0.0,
                0.0,
                0.0,
                0.0,
                0.0,
                0.0,
                0.0,
                0.0,
                0.0,
                0.0,
                0.0,
                0.0,
                0.0,
                0.0,
                0.0,
                0.0,
                0.0,
                0.0,
                0.0,
                0.0,
                0.0,
                0.0,
                0.0,
                0.0,
                0.0,
                0.0,
                0.0,
                0.0,
                0.0,
                0.0,
                0.0,
                0.0,
                0.0,
                0.0,
                0.0,
                0.0,
                0.0,
                0.0
            ],
            "1": [
                9.375,
                7.708333333333334,
                11.666666666666666,
                12.708333333333332,
                12.5,
                7.5,
                10.833333333333334,
                11.25,
                8.958333333333334,
                8.541666666666666,
                4.375,
                5.0,
                5.0,
                4.583333333333333,
                7.083333333333333,
                6.25,
                6.25,
                4.583333333333333,
                4.791666666666667,
                6.458333333333334,
                6.25,
                6.25,
                6.25,
                6.041666666666667,
                4.583333333333333,
                5.833333333333333,
                6.041666666666667,
                4.583333333333333,
                6.25,
                6.25,
                6.875000000000001,
                5.625,
                5.833333333333333,
                6.041666666666667,
                6.041666666666667,
                5.0,
                5.0,
                5.0,
                3.3333333333333335,
                4.375,
                7.291666666666667,
                7.083333333333333,
                9.583333333333334,
                9.375,
                11.041666666666666,
                8.541666666666666,
                8.125,
                7.291666666666667,
                10.0,
                8.75,
                12.5,
                10.625,
                9.375,
                8.333333333333332,
                9.583333333333334,
                3.3333333333333335,
                2.2916666666666665,
                2.2916666666666665,
                1.0416666666666665,
                1.0416666666666665,
                0.0,
                0.0,
                0.0,
                0.0,
                0.0,
                0.0,
                0.0,
                0.0,
                0.0,
                0.0,
                0.0,
                0.0,
                0.0,
                0.0,
                0.0,
                0.0,
                0.0,
                0.0,
                0.0,
                0.0,
                0.0,
                0.0,
                0.0,
                0.0,
                0.0,
                0.0,
                0.0,
                0.0,
                0.0,
                0.0,
                0.0,
                0.0,
                0.0,
                0.0,
                0.0,
                0.0,
                0.0,
                0.0,
                0.0,
                0.0,
                0.0,
                0.0,
                0.0,
                0.0,
                0.0,
                0.0,
                0.0,
                0.0,
                0.0,
                0.0,
                0.0,
                0.0,
                0.0,
                0.0,
                0.0,
                0.0,
                0.0,
                0.0,
                0.0,
                0.0,
                0.0,
                0.0,
                0.0,
                0.0,
                0.0,
                0.0,
                0.0,
                0.0,
                0.0,
                0.0,
                0.0,
                0.0,
                0.0,
                0.0,
                0.0,
                0.0,
                0.0,
                0.0,
                0.0,
                0.0,
                0.0,
                0.0,
                0.0,
                0.0,
                0.0,
                0.0,
                0.0,
                0.0,
                0.0,
                0.0
            ],
            "2": [
                68.95833333333333,
                68.125,
                66.04166666666667,
                63.33333333333333,
                63.33333333333333,
                56.041666666666664,
                50.83333333333333,
                51.87500000000001,
                53.125,
                52.083333333333336,
                52.29166666666667,
                55.625,
                54.166666666666664,
                55.208333333333336,
                55.208333333333336,
                53.541666666666664,
                50.625,
                51.24999999999999,
                52.708333333333336,
                55.00000000000001,
                55.41666666666667,
                53.333333333333336,
                56.458333333333336,
                55.00000000000001,
                55.208333333333336,
                55.208333333333336,
                55.208333333333336,
                55.41666666666667,
                53.541666666666664,
                53.541666666666664,
                59.583333333333336,
                57.49999999999999,
                57.08333333333333,
                56.041666666666664,
                54.79166666666667,
                60.62499999999999,
                62.708333333333336,
                62.916666666666664,
                62.916666666666664,
                64.16666666666667,
                64.16666666666667,
                64.16666666666667,
                64.16666666666667,
                61.875,
                60.416666666666664,
                62.291666666666664,
                62.291666666666664,
                62.291666666666664,
                60.416666666666664,
                60.0,
                56.875,
                58.54166666666667,
                60.83333333333333,
                60.83333333333333,
                59.375,
                54.166666666666664,
                53.95833333333333,
                52.083333333333336,
                51.87500000000001,
                52.083333333333336,
                50.83333333333333,
                50.83333333333333,
                52.5,
                49.166666666666664,
                50.625,
                48.75,
                47.083333333333336,
                44.166666666666664,
                46.25,
                45.83333333333333,
                48.333333333333336,
                46.041666666666664,
                44.375,
                44.79166666666667,
                46.041666666666664,
                44.375,
                42.5,
                40.833333333333336,
                38.958333333333336,
                38.958333333333336,
                38.958333333333336,
                38.958333333333336,
                34.166666666666664,
                34.166666666666664,
                31.25,
                30.0,
                30.0,
                28.333333333333332,
                27.083333333333332,
                23.333333333333332,
                22.083333333333332,
                22.083333333333332,
                20.416666666666668,
                20.416666666666668,
                17.916666666666668,
                13.125,
                9.375,
                9.375,
                9.375,
                9.375,
                6.666666666666667,
                5.0,
                5.0,
                3.75,
                2.5,
                1.25,
                1.25,
                0.0,
                0.0,
                0.0,
                0.0,
                0.0,
                0.0,
                0.0,
                0.0,
                0.0,
                0.0,
                0.0,
                0.0,
                0.0,
                0.0,
                0.0,
                0.0,
                0.0,
                0.0,
                0.0,
                0.0,
                0.0,
                0.0,
                0.0,
                0.0,
                0.0,
                0.0,
                0.0,
                0.0,
                0.0,
                0.0,
                0.0,
                0.0,
                0.0,
                0.0,
                0.0,
                0.0,
                0.0,
                0.0,
                0.0,
                0.0,
                0.0,
                0.0,
                0.0
            ],
            "3": [
                14.374999999999998,
                14.374999999999998,
                15.833333333333332,
                18.75,
                18.75,
                27.083333333333332,
                34.166666666666664,
                35.625,
                36.666666666666664,
                38.54166666666667,
                40.833333333333336,
                37.916666666666664,
                39.375,
                38.333333333333336,
                36.45833333333333,
                38.54166666666667,
                41.458333333333336,
                41.875,
                40.416666666666664,
                37.291666666666664,
                36.45833333333333,
                39.375,
                36.25,
                37.708333333333336,
                37.708333333333336,
                37.291666666666664,
                37.291666666666664,
                37.291666666666664,
                38.75,
                38.75,
                32.916666666666664,
                35.833333333333336,
                35.833333333333336,
                36.875,
                37.5,
                32.916666666666664,
                30.625000000000004,
                30.625000000000004,
                30.416666666666664,
                28.958333333333336,
                25.833333333333336,
                25.833333333333336,
                24.375,
                26.458333333333332,
                26.458333333333332,
                26.666666666666668,
                26.666666666666668,
                26.666666666666668,
                27.708333333333336,
                28.749999999999996,
                29.791666666666668,
                29.791666666666668,
                28.125,
                27.083333333333332,
                26.041666666666668,
                29.791666666666668,
                30.0,
                32.5,
                30.625000000000004,
                31.25,
                32.29166666666667,
                32.29166666666667,
                30.625000000000004,
                32.5,
                26.875,
                29.375,
                30.625000000000004,
                34.166666666666664,
                32.29166666666667,
                32.29166666666667,
                30.416666666666664,
                31.666666666666664,
                33.125,
                33.125,
                30.208333333333332,
                27.708333333333336,
                23.125,
                20.0,
                18.75,
                15.208333333333332,
                15.208333333333332,
                11.875,
                9.166666666666666,
                9.166666666666666,
                9.166666666666666,
                9.166666666666666,
                9.166666666666666,
                9.166666666666666,
                8.125,
                6.875000000000001,
                1.25,
                1.25,
                1.25,
                1.25,
                1.25,
                1.25,
                1.25,
                1.25,
                1.25,
                1.25,
                1.25,
                1.25,
                1.25,
                1.25,
                0.0,
                0.0,
                0.0,
                0.0,
                0.0,
                0.0,
                0.0,
                0.0,
                0.0,
                0.0,
                0.0,
                0.0,
                0.0,
                0.0,
                0.0,
                0.0,
                0.0,
                0.0,
                0.0,
                0.0,
                0.0,
                0.0,
                0.0,
                0.0,
                0.0,
                0.0,
                0.0,
                0.0,
                0.0,
                0.0,
                0.0,
                0.0,
                0.0,
                0.0,
                0.0,
                0.0,
                0.0,
                0.0,
                0.0,
                0.0,
                0.0,
                0.0,
                0.0,
                0.0,
                0.0,
                0.0
            ],
            "overall": [
                92.70833333333333,
                91.45833333333333,
                93.54166666666667,
                94.79166666666666,
                94.58333333333333,
                90.625,
                95.83333333333333,
                98.75,
                98.75,
                99.16666666666667,
                97.5,
                98.54166666666666,
                98.54166666666666,
                98.125,
                98.75,
                98.33333333333334,
                98.33333333333334,
                97.70833333333333,
                97.91666666666666,
                98.75,
                98.125,
                98.95833333333334,
                98.95833333333334,
                98.75,
                97.5,
                98.33333333333334,
                98.54166666666666,
                97.29166666666667,
                98.54166666666666,
                98.54166666666666,
                99.375,
                98.95833333333333,
                98.75,
                98.95833333333333,
                98.33333333333334,
                98.54166666666666,
                98.33333333333334,
                98.54166666666666,
                97.70833333333331,
                98.54166666666669,
                98.33333333333334,
                98.125,
                99.16666666666667,
                98.75,
                98.95833333333333,
                98.54166666666667,
                98.125,
                97.29166666666667,
                98.125,
                97.5,
                99.16666666666667,
                98.95833333333334,
                98.33333333333333,
                96.24999999999999,
                95.0,
                87.29166666666667,
                86.25,
                86.875,
                83.54166666666667,
                84.375,
                83.125,
                83.125,
                83.125,
                81.66666666666666,
                77.5,
                78.125,
                77.70833333333334,
                78.33333333333333,
                78.54166666666667,
                78.125,
                78.75,
                77.70833333333333,
                77.5,
                77.91666666666667,
                76.25,
                72.08333333333334,
                65.625,
                60.833333333333336,
                57.708333333333336,
                54.16666666666667,
                54.16666666666667,
                50.833333333333336,
                43.33333333333333,
                43.33333333333333,
                40.416666666666664,
                39.166666666666664,
                39.166666666666664,
                37.5,
                35.20833333333333,
                30.208333333333332,
                23.333333333333332,
                23.333333333333332,
                21.666666666666668,
                21.666666666666668,
                19.166666666666668,
                14.375,
                10.625,
                10.625,
                10.625,
                10.625,
                7.916666666666667,
                6.25,
                6.25,
                5.0,
                2.5,
                1.25,
                1.25,
                0.0,
                0.0,
                0.0,
                0.0,
                0.0,
                0.0,
                0.0,
                0.0,
                0.0,
                0.0,
                0.0,
                0.0,
                0.0,
                0.0,
                0.0,
                0.0,
                0.0,
                0.0,
                0.0,
                0.0,
                0.0,
                0.0,
                0.0,
                0.0,
                0.0,
                0.0,
                0.0,
                0.0,
                0.0,
                0.0,
                0.0,
                0.0,
                0.0,
                0.0,
                0.0,
                0.0,
                0.0,
                0.0,
                0.0,
                0.0,
                0.0,
                0.0,
                0.0
            ]
        },
        "lWaitAndOverdue": [
            [
                0,
                2,
                0,
                0
            ],
            [
                0,
                2,
                0,
                0
            ],
            [
                0,
                2,
                2,
                0
            ],
            [
                1,
                2,
                1,
                0
            ],
            [
                1,
                1,
                0,
                0
            ],
            [
                1,
                4,
                7,
                0
            ],
            [
                1,
                3,
                9,
                0
            ],
            [
                1,
                3,
                8,
                0
            ],
            [
                2,
                2,
                2,
                0
            ],
            [
                2,
                4,
                8,
                0
            ],
            [
                2,
                3,
                12,
                0
            ],
            [
                3,
                3,
                29,
                15
            ],
            [
                3,
                2,
                0,
                0
            ],
            [
                3,
                3,
                20,
                6
            ],
            [
                3,
                2,
                1,
                0
            ],
            [
                3,
                2,
                1,
                0
            ],
            [
                3,
                2,
                4,
                0
            ],
            [
                3,
                3,
                20,
                6
            ],
            [
                3,
                4,
                32,
                4
            ],
            [
                3,
                3,
                11,
                0
            ],
            [
                3,
                2,
                0,
                0
            ],
            [
                4,
                2,
                4,
                0
            ],
            [
                4,
                3,
                12,
                0
            ],
            [
                4,
                4,
                13,
                0
            ],
            [
                5,
                2,
                2,
                0
            ],
            [
                5,
                3,
                46,
                32
            ],
            [
                5,
                2,
                1,
                0
            ],
            [
                5,
                2,
                0,
                0
            ],
            [
                5,
                2,
                2,
                0
            ],
            [
                6,
                2,
                2,
                0
            ],
            [
                6,
                2,
                2,
                0
            ],
            [
                6,
                2,
                0,
                0
            ],
            [
                6,
                2,
                2,
                0
            ],
            [
                6,
                4,
                51,
                23
            ],
            [
                6,
                2,
                3,
                1
            ],
            [
                6,
                4,
                48,
                20
            ],
            [
                6,
                3,
                52,
                38
            ],
            [
                6,
                4,
                44,
                16
            ],
            [
                6,
                2,
                7,
                5
            ],
            [
                7,
                2,
                8,
                6
            ],
            [
                7,
                2,
                9,
                7
            ],
            [
                7,
                4,
                42,
                14
            ],
            [
                7,
                3,
                44,
                30
            ],
            [
                7,
                2,
                9,
                7
            ],
            [
                7,
                3,
                43,
                29
            ],
            [
                7,
                3,
                48,
                34
            ],
            [
                8,
                3,
                49,
                35
            ],
            [
                8,
                4,
                49,
                21
            ],
            [
                8,
                3,
                43,
                29
            ],
            [
                9,
                4,
                13,
                0
            ],
            [
                9,
                3,
                40,
                26
            ],
            [
                9,
                2,
                10,
                6
            ],
            [
                9,
                2,
                11,
                7
            ],
            [
                9,
                4,
                48,
                20
            ],
            [
                10,
                3,
                49,
                35
            ],
            [
                10,
                2,
                8,
                6
            ],
            [
                10,
                2,
                11,
                9
            ],
            [
                10,
                2,
                14,
                12
            ],
            [
                10,
                3,
                53,
                39
            ],
            [
                10,
                4,
                49,
                21
            ],
            [
                10,
                2,
                14,
                12
            ],
            [
                11,
                2,
                21,
                19
            ],
            [
                11,
                3,
                56,
                42
            ],
            [
                11,
                2,
                7,
                5
            ],
            [
                11,
                2,
                22,
                20
            ],
            [
                11,
                3,
                57,
                43
            ],
            [
                11,
                3,
                57,
                43
            ],
            [
                11,
                4,
                51,
                23
            ],
            [
                11,
                4,
                51,
                23
            ],
            [
                11,
                3,
                56,
                42
            ],
            [
                12,
                3,
                56,
                42
            ],
            [
                12,
                2,
                21,
                19
            ],
            [
                12,
                3,
                51,
                37
            ],
            [
                12,
                2,
                22,
                20
            ],
            [
                12,
                4,
                54,
                26
            ],
            [
                12,
                2,
                8,
                6
            ],
            [
                12,
                2,
                28,
                26
            ],
            [
                12,
                2,
                29,
                27
            ],
            [
                13,
                2,
                1,
                0
            ],
            [
                13,
                4,
                53,
                25
            ],
            [
                13,
                4,
                49,
                21
            ],
            [
                13,
                4,
                53,
                25
            ],
            [
                13,
                4,
                50,
                22
            ],
            [
                13,
                3,
                50,
                36
            ],
            [
                14,
                2,
                24,
                20
            ],
            [
                14,
                3,
                49,
                35
            ],
            [
                14,
                2,
                12,
                8
            ],
            [
                14,
                2,
                27,
                23
            ],
            [
                14,
                3,
                49,
                35
            ],
            [
                14,
                2,
                42,
                38
            ],
            [
                14,
                2,
                27,
                23
            ],
            [
                15,
                2,
                31,
                29
            ],
            [
                15,
                1,
                31,
                31
            ],
            [
                15,
                2,
                31,
                29
            ],
            [
                15,
                2,
                35,
                33
            ],
            [
                15,
                3,
                60,
                46
            ],
            [
                15,
                3,
                63,
                49
            ],
            [
                16,
                4,
                55,
                27
            ],
            [
                16,
                3,
                56,
                42
            ],
            [
                16,
                2,
                3,
                1
            ],
            [
                16,
                4,
                62,
                34
            ],
            [
                16,
                4,
                56,
                28
            ],
            [
                16,
                2,
                9,
                7
            ],
            [
                16,
                4,
                57,
                29
            ],
            [
                16,
                4,
                56,
                28
            ],
            [
                16,
                4,
                59,
                31
            ],
            [
                16,
                3,
                57,
                43
            ],
            [
                17,
                4,
                56,
                28
            ],
            [
                17,
                3,
                57,
                43
            ],
            [
                17,
                3,
                61,
                47
            ],
            [
                17,
                4,
                58,
                30
            ],
            [
                17,
                4,
                56,
                28
            ],
            [
                17,
                3,
                63,
                49
            ],
            [
                18,
                2,
                11,
                7
            ],
            [
                18,
                2,
                35,
                31
            ],
            [
                18,
                3,
                57,
                43
            ],
            [
                18,
                4,
                55,
                27
            ],
            [
                18,
                4,
                57,
                29
            ],
            [
                19,
                4,
                54,
                26
            ],
            [
                19,
                4,
                54,
                26
            ],
            [
                19,
                2,
                31,
                27
            ],
            [
                19,
                2,
                28,
                24
            ],
            [
                19,
                4,
                52,
                24
            ],
            [
                20,
                2,
                30,
                28
            ],
            [
                20,
                4,
                63,
                35
            ],
            [
                20,
                2,
                29,
                27
            ],
            [
                20,
                3,
                65,
                51
            ],
            [
                20,
                3,
                66,
                52
            ],
            [
                21,
                3,
                65,
                51
            ],
            [
                21,
                3,
                59,
                45
            ],
            [
                21,
                2,
                13,
                11
            ],
            [
                21,
                4,
                66,
                38
            ],
            [
                21,
                4,
                64,
                36
            ],
            [
                21,
                3,
                65,
                51
            ],
            [
                21,
                2,
                30,
                28
            ],
            [
                21,
                4,
                64,
                36
            ],
            [
                21,
                3,
                57,
                43
            ],
            [
                22,
                2,
                30,
                28
            ],
            [
                22,
                3,
                62,
                48
            ],
            [
                22,
                2,
                33,
                31
            ],
            [
                22,
                2,
                33,
                31
            ],
            [
                22,
                2,
                34,
                32
            ],
            [
                22,
                2,
                34,
                32
            ],
            [
                22,
                2,
                29,
                27
            ],
            [
                22,
                2,
                35,
                33
            ],
            [
                22,
                4,
                61,
                33
            ],
            [
                23,
                4,
                61,
                33
            ],
            [
                23,
                4,
                56,
                28
            ],
            [
                23,
                3,
                56,
                42
            ],
            [
                23,
                2,
                34,
                30
            ],
            [
                23,
                2,
                35,
                31
            ],
            [
                23,
                4,
                57,
                29
            ],
            [
                24,
                3,
                61,
                47
            ],
            [
                24,
                4,
                55,
                27
            ],
            [
                24,
                3,
                56,
                42
            ],
            [
                24,
                2,
                27,
                23
            ],
            [
                24,
                3,
                61,
                47
            ],
            [
                25,
                3,
                64,
                50
            ],
            [
                25,
                2,
                31,
                29
            ],
            [
                25,
                2,
                35,
                33
            ],
            [
                25,
                2,
                31,
                29
            ],
            [
                25,
                2,
                36,
                34
            ],
            [
                26,
                2,
                35,
                33
            ],
            [
                26,
                2,
                34,
                32
            ],
            [
                26,
                3,
                58,
                44
            ],
            [
                26,
                4,
                62,
                34
            ],
            [
                26,
                2,
                37,
                35
            ],
            [
                26,
                2,
                34,
                32
            ],
            [
                27,
                2,
                35,
                33
            ],
            [
                27,
                2,
                35,
                33
            ],
            [
                27,
                3,
                58,
                44
            ],
            [
                27,
                4,
                63,
                35
            ],
            [
                27,
                3,
                61,
                47
            ],
            [
                28,
                3,
                60,
                46
            ],
            [
                28,
                3,
                60,
                46
            ],
            [
                28,
                4,
                61,
                33
            ],
            [
                28,
                3,
                60,
                46
            ],
            [
                28,
                3,
                60,
                46
            ],
            [
                28,
                3,
                64,
                50
            ],
            [
                28,
                3,
                60,
                46
            ],
            [
                29,
                2,
                34,
                30
            ],
            [
                29,
                3,
                60,
                46
            ],
            [
                29,
                2,
                35,
                31
            ],
            [
                29,
                2,
                34,
                30
            ],
            [
                29,
                4,
                56,
                28
            ],
            [
                29,
                3,
                62,
                48
            ]
        ],
        "lWaitDayByPriority": [
            6822,
            31,
            1507,
            2943,
            2341
        ],
        "objval": 2738.569190404797,
        "std_occupancy": 43.134418836339556
    },
    "runtime": 5.244960784912109,
    "simdays": 150,
    "solver": "weekly"
}