{
    "arrivalrate": 6.0,
    "ins_name": 350,
    "ins_path": null,
    "lNoNewPatients": [
        173,
        2,
        75,
        53,
        43
    ],
    "lNoPatients": [
        351,
        2,
        85,
        165,
        99
    ],
    "lNoSections": [
        2199,
        11,
        231,
        1168,
        789
    ],
    "mipgap": 1.0,
    "noLinacs": 4,
    "noSlotsPerDay": 120,
    "planningHorizon": 80,
    "runresult": {
        "avg_occupancy": 49.87638888888889,
        "feasibility": true,
        "lAvgLateDayByPriority": [
            22.872832369942195,
            17.5,
            17.16,
            31.92452830188679,
            21.930232558139537
        ],
        "lAvgWaitDayByPriority": [
            34.84971098265896,
            17.5,
            19.733333333333334,
            45.339622641509436,
            49.093023255813954
        ],
        "lLateDayByPriority": [
            3957,
            35,
            1287,
            1692,
            943
        ],
        "lOccupancy": {
            "0": [
                0.0,
                0.0,
                1.25,
                0.0,
                0.0,
                0.0,
                0.0,
                0.0,
                0.0,
                0.0,
                0.0,
                0.0,
                0.0,
                0.0,
                0.0,
                0.0,
                0.0,
                0.0,
                0.0,
                0.0,
                0.0,
                0.0,
                0.0,
                0.0,
                0.0,
                0.0,
                0.0,
                0.0,
                0.0,
                0.0,
                0.0,
                0.0,
                0.0,
                0.0,
                0.0,
                0.0,
                0.0,
                0.0,
                0.0,
                0.0,
                0.0,
                1.0416666666666665,
                1.0416666666666665,
                1.0416666666666665,
                1.0416666666666665,
                1.0416666666666665,
                1.0416666666666665,
                1.0416666666666665,
                1.0416666666666665,
                1.0416666666666665,
                1.0416666666666665,
                0.0,
                0.0,
                0.0,
                0.0,
                0.0,
                0.0,
                0.0,
                0.0,
                0.0,
                0.0,
                0.0,
                0.0,
                0.0,
                0.0,
                0.0,
                0.0,
                0.0,
                0.0,
                0.0,
                0.0,
                0.0,
                0.0,
                0.0,
                0.0,
                0.0,
                0.0,
                0.0,
                0.0,
                0.0,
                0.0,
                0.0,
                0.0,
                0.0,
                0.0,
                0.0,
                0.0,
                0.0,
                0.0,
                0.0,
                0.0,
                0.0,
                0.0,
                0.0,
                0.0,
                0.0,
                0.0,
                0.0,
                0.0,
                0.0,
                0.0,
                0.0,
                0.0,
                0.0,
                0.0,
                0.0,
                0.0,
                0.0,
                0.0,
                0.0,
                0.0,
                0.0,
                0.0,
                0.0,
                0.0,
                0.0,
                0.0,
                0.0,
                0.0,
                0.0,
                0.0,
                0.0,
                0.0,
                0.0,
                0.0,
                0.0,
                0.0,
                0.0,
                0.0,
                0.0,
                0.0,
                0.0,
                0.0,
                0.0,
                0.0,
                0.0,
                0.0,
                0.0,
                0.0,
                0.0,
                0.0,
                0.0,
                0.0,
                0.0,
                0.0,
                0.0,
                0.0,
                0.0,
                0.0,
                0.0
            ],
            "1": [
                12.916666666666668,
                5.416666666666667,
                7.5,
                9.583333333333334,
                13.333333333333334,
                8.75,
                8.958333333333334,
                10.833333333333334,
                7.708333333333334,
                7.5,
                4.375,
                5.208333333333334,
                5.208333333333334,
                4.583333333333333,
                5.0,
                5.0,
                6.25,
                6.25,
                5.0,
                6.041666666666667,
                4.583333333333333,
                5.833333333333333,
                4.583333333333333,
                4.583333333333333,
                4.583333333333333,
                5.416666666666667,
                6.25,
                6.25,
                4.583333333333333,
                4.583333333333333,
                4.791666666666667,
                5.208333333333334,
                4.791666666666667,
                4.583333333333333,
                4.583333333333333,
                4.583333333333333,
                5.833333333333333,
                5.833333333333333,
                4.791666666666667,
                9.375,
                10.833333333333334,
                7.708333333333334,
                7.708333333333334,
                7.708333333333334,
                8.333333333333332,
                9.791666666666666,
                9.583333333333334,
                9.583333333333334,
                9.375,
                9.583333333333334,
                13.750000000000002,
                14.374999999999998,
                14.374999999999998,
                8.75,
                3.958333333333333,
                1.0416666666666665,
                1.0416666666666665,
                1.0416666666666665,
                1.0416666666666665,
                0.0,
                0.0,
                0.0,
                0.0,
                0.0,
                0.0,
                0.0,
                0.0,
                0.0,
                0.0,
                0.0,
                0.0,
                0.0,
                0.0,
                0.0,
                0.0,
                0.0,
                0.0,
                0.0,
                0.0,
                0.0,
                0.0,
                0.0,
                0.0,
                0.0,
                0.0,
                0.0,
                0.0,
                0.0,
                0.0,
                0.0,
                0.0,
                0.0,
                0.0,
                0.0,
                0.0,
                0.0,
                0.0,
                0.0,
                0.0,
                0.0,
                0.0,
                0.0,
                0.0,
                0.0,
                0.0,
                0.0,
                0.0,
                0.0,
                0.0,
                0.0,
                0.0,
                0.0,
                0.0,
                0.0,
                0.0,
                0.0,
                0.0,
                0.0,
                0.0,
                0.0,
                0.0,
                0.0,
                0.0,
                0.0,
                0.0,
                0.0,
                0.0,
                0.0,
                0.0,
                0.0,
                0.0,
                0.0,
                0.0,
                0.0,
                0.0,
                0.0,
                0.0,
                0.0,
                0.0,
                0.0,
                0.0,
                0.0,
                0.0,
                0.0,
                0.0,
                0.0,
                0.0,
                0.0,
                0.0,
                0.0
            ],
            "2": [
                70.20833333333333,
                68.125,
                68.125,
                65.625,
                63.33333333333333,
                59.583333333333336,
                61.25000000000001,
                53.333333333333336,
                56.458333333333336,
                53.95833333333333,
                52.29166666666667,
                51.87500000000001,
                55.625,
                55.833333333333336,
                55.833333333333336,
                55.41666666666667,
                53.541666666666664,
                52.083333333333336,
                52.5,
                54.166666666666664,
                57.70833333333333,
                56.25,
                60.83333333333333,
                57.291666666666664,
                57.49999999999999,
                55.00000000000001,
                56.666666666666664,
                56.875,
                54.58333333333333,
                54.58333333333333,
                60.0,
                61.66666666666667,
                57.291666666666664,
                57.49999999999999,
                57.70833333333333,
                57.91666666666667,
                58.958333333333336,
                62.916666666666664,
                63.33333333333333,
                59.375,
                57.291666666666664,
                58.958333333333336,
                58.958333333333336,
                62.916666666666664,
                62.916666666666664,
                62.708333333333336,
                62.708333333333336,
                60.83333333333333,
                59.583333333333336,
                59.583333333333336,
                58.12500000000001,
                58.333333333333336,
                58.12500000000001,
                53.125,
                51.24999999999999,
                53.75,
                53.75,
                53.75,
                53.125,
                54.166666666666664,
                55.00000000000001,
                51.45833333333333,
                49.791666666666664,
                45.208333333333336,
                45.208333333333336,
                49.375,
                46.666666666666664,
                44.375,
                41.458333333333336,
                39.791666666666664,
                37.916666666666664,
                34.791666666666664,
                34.791666666666664,
                31.25,
                31.25,
                29.583333333333332,
                27.916666666666668,
                27.916666666666668,
                26.666666666666668,
                25.624999999999996,
                25.624999999999996,
                24.375,
                24.375,
                24.375,
                23.125,
                20.208333333333332,
                20.208333333333332,
                18.541666666666668,
                16.041666666666668,
                13.125,
                11.875,
                11.875,
                11.875,
                9.375,
                9.375,
                9.375,
                6.458333333333334,
                5.208333333333334,
                2.9166666666666665,
                2.9166666666666665,
                0.0,
                0.0,
                0.0,
                0.0,
                0.0,
                0.0,
                0.0,
                0.0,
                0.0,
                0.0,
                0.0,
                0.0,
                0.0,
                0.0,
                0.0,
                0.0,
                0.0,
                0.0,
                0.0,
                0.0,
                0.0,
                0.0,
                0.0,
                0.0,
                0.0,
                0.0,
                0.0,
                0.0,
                0.0,
                0.0,
                0.0,
                0.0,
                0.0,
                0.0,
                0.0,
                0.0,
                0.0,
                0.0,
                0.0,
                0.0,
                0.0,
                0.0,
                0.0,
                0.0,
                0.0,
                0.0,
                0.0,
                0.0,
                0.0,
                0.0
            ],
            "3": [
                12.916666666666668,
                14.374999999999998,
                14.374999999999998,
                17.291666666666668,
                18.75,
                27.083333333333332,
                27.083333333333332,
                34.375,
                34.375,
                37.708333333333336,
                40.833333333333336,
                40.833333333333336,
                37.5,
                37.5,
                37.5,
                37.5,
                38.54166666666667,
                40.416666666666664,
                40.833333333333336,
                38.54166666666667,
                35.625,
                37.5,
                32.708333333333336,
                37.083333333333336,
                36.666666666666664,
                37.708333333333336,
                35.833333333333336,
                35.833333333333336,
                38.75,
                38.75,
                34.791666666666664,
                31.874999999999996,
                36.25,
                36.666666666666664,
                35.625,
                35.208333333333336,
                33.75,
                29.583333333333332,
                30.625000000000004,
                29.375,
                31.041666666666668,
                29.583333333333332,
                30.208333333333332,
                25.833333333333336,
                26.041666666666668,
                25.0,
                25.0,
                27.083333333333332,
                28.333333333333332,
                27.291666666666664,
                25.833333333333336,
                25.833333333333336,
                25.833333333333336,
                29.791666666666668,
                32.083333333333336,
                30.0,
                30.0,
                30.0,
                31.25,
                29.375,
                29.375,
                31.25,
                31.25,
                33.33333333333333,
                33.125,
                29.375,
                31.874999999999996,
                34.166666666666664,
                31.041666666666668,
                31.041666666666668,
                26.25,
                26.25,
                26.25,
                25.0,
                21.875,
                20.625,
                20.625,
                20.625,
                18.333333333333332,
                15.625,
                14.583333333333334,
                12.083333333333334,
                10.0,
                8.75,
                8.75,
                8.75,
                6.666666666666667,
                5.625,
                3.3333333333333335,
                3.3333333333333335,
                3.3333333333333335,
                2.083333333333333,
                1.0416666666666665,
                1.0416666666666665,
                1.0416666666666665,
                1.0416666666666665,
                1.0416666666666665,
                1.0416666666666665,
                0.0,
                0.0,
                0.0,
                0.0,
                0.0,
                0.0,
                0.0,
                0.0,
                0.0,
                0.0,
                0.0,
                0.0,
                0.0,
                0.0,
                0.0,
                0.0,
                0.0,
                0.0,
                0.0,
                0.0,
                0.0,
                0.0,
                0.0,
                0.0,
                0.0,
                0.0,
                0.0,
                0.0,
                0.0,
                0.0,
                0.0,
                0.0,
                0.0,
                0.0,
                0.0,
                0.0,
                0.0,
                0.0,
                0.0,
                0.0,
                0.0,
                0.0,
                0.0,
                0.0,
                0.0,
                0.0,
                0.0,
                0.0,
                0.0,
                0.0,
                0.0,
                0.0
            ],
            "overall": [
                96.04166666666667,
                87.91666666666667,
                91.25,
                92.5,
                95.41666666666666,
                95.41666666666667,
                97.29166666666667,
                98.54166666666667,
                98.54166666666667,
                99.16666666666666,
                97.5,
                97.91666666666669,
                98.33333333333334,
                97.91666666666667,
                98.33333333333334,
                97.91666666666667,
                98.33333333333334,
                98.75,
                98.33333333333334,
                98.75,
                97.91666666666666,
                99.58333333333334,
                98.125,
                98.95833333333334,
                98.75,
                98.125,
                98.75,
                98.95833333333334,
                97.91666666666666,
                97.91666666666666,
                99.58333333333334,
                98.75,
                98.33333333333333,
                98.75,
                97.91666666666666,
                97.70833333333334,
                98.54166666666667,
                98.33333333333333,
                98.75,
                98.125,
                99.16666666666667,
                97.29166666666667,
                97.91666666666667,
                97.5,
                98.33333333333333,
                98.54166666666667,
                98.33333333333334,
                98.54166666666666,
                98.33333333333333,
                97.5,
                98.75,
                98.54166666666666,
                98.33333333333334,
                91.66666666666667,
                87.29166666666666,
                84.79166666666666,
                84.79166666666666,
                84.79166666666666,
                85.41666666666666,
                83.54166666666666,
                84.375,
                82.70833333333333,
                81.04166666666666,
                78.54166666666666,
                78.33333333333334,
                78.75,
                78.54166666666666,
                78.54166666666666,
                72.5,
                70.83333333333333,
                64.16666666666666,
                61.041666666666664,
                61.041666666666664,
                56.25,
                53.125,
                50.20833333333333,
                48.54166666666667,
                48.54166666666667,
                45.0,
                41.25,
                40.20833333333333,
                36.458333333333336,
                34.375,
                33.125,
                31.875,
                28.958333333333332,
                26.875,
                24.166666666666668,
                19.375,
                16.458333333333332,
                15.208333333333334,
                13.958333333333332,
                12.916666666666666,
                10.416666666666666,
                10.416666666666666,
                10.416666666666666,
                7.5,
                6.25,
                2.9166666666666665,
                2.9166666666666665,
                0.0,
                0.0,
                0.0,
                0.0,
                0.0,
                0.0,
                0.0,
                0.0,
                0.0,
                0.0,
                0.0,
                0.0,
                0.0,
                0.0,
                0.0,
                0.0,
                0.0,
                0.0,
                0.0,
                0.0,
                0.0,
                0.0,
                0.0,
                0.0,
                0.0,
                0.0,
                0.0,
                0.0,
                0.0,
                0.0,
                0.0,
                0.0,
                0.0,
                0.0,
                0.0,
                0.0,
                0.0,
                0.0,
                0.0,
                0.0,
                0.0,
                0.0,
                0.0,
                0.0,
                0.0,
                0.0,
                0.0,
                0.0,
                0.0,
                0.0
            ]
        },
        "lWaitAndOverdue": [
            [
                0,
                2,
                2,
                0
            ],
            [
                0,
                4,
                51,
                23
            ],
            [
                0,
                3,
                25,
                11
            ],
            [
                1,
                3,
                9,
                0
            ],
            [
                1,
                3,
                7,
                0
            ],
            [
                1,
                3,
                28,
                14
            ],
            [
                1,
                3,
                6,
                0
            ],
            [
                1,
                3,
                6,
                0
            ],
            [
                2,
                2,
                1,
                0
            ],
            [
                2,
                2,
                0,
                0
            ],
            [
                2,
                2,
                1,
                0
            ],
            [
                2,
                2,
                2,
                0
            ],
            [
                2,
                2,
                0,
                0
            ],
            [
                2,
                1,
                0,
                0
            ],
            [
                2,
                4,
                12,
                0
            ],
            [
                2,
                3,
                29,
                15
            ],
            [
                3,
                3,
                42,
                28
            ],
            [
                3,
                2,
                1,
                0
            ],
            [
                3,
                4,
                8,
                0
            ],
            [
                3,
                3,
                11,
                0
            ],
            [
                4,
                3,
                45,
                31
            ],
            [
                4,
                2,
                4,
                0
            ],
            [
                4,
                3,
                19,
                5
            ],
            [
                4,
                2,
                4,
                0
            ],
            [
                5,
                2,
                1,
                0
            ],
            [
                5,
                2,
                2,
                0
            ],
            [
                5,
                3,
                52,
                38
            ],
            [
                5,
                4,
                43,
                15
            ],
            [
                5,
                3,
                31,
                17
            ],
            [
                5,
                2,
                2,
                0
            ],
            [
                5,
                2,
                2,
                0
            ],
            [
                6,
                3,
                44,
                30
            ],
            [
                6,
                4,
                37,
                9
            ],
            [
                6,
                2,
                2,
                0
            ],
            [
                6,
                3,
                44,
                30
            ],
            [
                6,
                2,
                2,
                0
            ],
            [
                6,
                2,
                3,
                1
            ],
            [
                6,
                2,
                10,
                8
            ],
            [
                6,
                2,
                13,
                11
            ],
            [
                7,
                2,
                12,
                10
            ],
            [
                7,
                2,
                2,
                0
            ],
            [
                8,
                2,
                5,
                1
            ],
            [
                8,
                4,
                46,
                18
            ],
            [
                8,
                2,
                5,
                1
            ],
            [
                8,
                4,
                46,
                18
            ],
            [
                8,
                3,
                49,
                35
            ],
            [
                8,
                4,
                43,
                15
            ],
            [
                9,
                2,
                10,
                6
            ],
            [
                9,
                2,
                5,
                1
            ],
            [
                9,
                2,
                11,
                7
            ],
            [
                9,
                4,
                41,
                13
            ],
            [
                9,
                3,
                45,
                31
            ],
            [
                9,
                2,
                6,
                2
            ],
            [
                9,
                3,
                49,
                35
            ],
            [
                9,
                3,
                46,
                32
            ],
            [
                9,
                3,
                42,
                28
            ],
            [
                9,
                4,
                47,
                19
            ],
            [
                9,
                3,
                41,
                27
            ],
            [
                9,
                4,
                38,
                10
            ],
            [
                10,
                3,
                49,
                35
            ],
            [
                10,
                2,
                3,
                1
            ],
            [
                10,
                2,
                14,
                12
            ],
            [
                10,
                4,
                57,
                29
            ],
            [
                10,
                3,
                51,
                37
            ],
            [
                10,
                2,
                14,
                12
            ],
            [
                11,
                2,
                20,
                18
            ],
            [
                11,
                2,
                21,
                19
            ],
            [
                11,
                3,
                51,
                37
            ],
            [
                11,
                4,
                45,
                17
            ],
            [
                11,
                2,
                21,
                19
            ],
            [
                12,
                2,
                28,
                26
            ],
            [
                12,
                3,
                51,
                37
            ],
            [
                12,
                2,
                20,
                18
            ],
            [
                12,
                2,
                29,
                27
            ],
            [
                12,
                3,
                54,
                40
            ],
            [
                13,
                3,
                54,
                40
            ],
            [
                13,
                4,
                48,
                20
            ],
            [
                13,
                4,
                48,
                20
            ],
            [
                13,
                3,
                55,
                41
            ],
            [
                13,
                3,
                53,
                39
            ],
            [
                13,
                2,
                28,
                24
            ],
            [
                13,
                3,
                49,
                35
            ],
            [
                13,
                2,
                33,
                29
            ],
            [
                13,
                4,
                49,
                21
            ],
            [
                13,
                2,
                26,
                22
            ],
            [
                13,
                2,
                35,
                31
            ],
            [
                13,
                2,
                36,
                32
            ],
            [
                14,
                2,
                11,
                7
            ],
            [
                14,
                4,
                49,
                21
            ],
            [
                15,
                4,
                52,
                24
            ],
            [
                15,
                4,
                57,
                29
            ],
            [
                15,
                4,
                52,
                24
            ],
            [
                15,
                3,
                51,
                37
            ],
            [
                15,
                2,
                32,
                30
            ],
            [
                15,
                3,
                50,
                36
            ],
            [
                15,
                2,
                16,
                14
            ],
            [
                16,
                2,
                31,
                29
            ],
            [
                16,
                3,
                55,
                41
            ],
            [
                16,
                2,
                48,
                46
            ],
            [
                16,
                2,
                31,
                29
            ],
            [
                16,
                2,
                31,
                29
            ],
            [
                16,
                1,
                35,
                35
            ],
            [
                16,
                2,
                38,
                36
            ],
            [
                17,
                2,
                37,
                35
            ],
            [
                17,
                3,
                55,
                41
            ],
            [
                18,
                3,
                56,
                42
            ],
            [
                18,
                4,
                49,
                21
            ],
            [
                18,
                3,
                53,
                39
            ],
            [
                18,
                2,
                1,
                0
            ],
            [
                18,
                4,
                56,
                28
            ],
            [
                18,
                4,
                50,
                22
            ],
            [
                18,
                2,
                18,
                14
            ],
            [
                18,
                4,
                50,
                22
            ],
            [
                19,
                4,
                49,
                21
            ],
            [
                19,
                4,
                53,
                25
            ],
            [
                19,
                3,
                53,
                39
            ],
            [
                19,
                4,
                49,
                21
            ],
            [
                20,
                3,
                59,
                45
            ],
            [
                20,
                3,
                63,
                49
            ],
            [
                20,
                4,
                59,
                31
            ],
            [
                20,
                4,
                63,
                35
            ],
            [
                20,
                3,
                63,
                49
            ],
            [
                20,
                2,
                22,
                20
            ],
            [
                20,
                2,
                32,
                30
            ],
            [
                20,
                3,
                59,
                45
            ],
            [
                20,
                4,
                53,
                25
            ],
            [
                20,
                4,
                59,
                31
            ],
            [
                21,
                4,
                57,
                29
            ],
            [
                21,
                4,
                52,
                24
            ],
            [
                21,
                2,
                27,
                25
            ],
            [
                22,
                2,
                30,
                28
            ],
            [
                22,
                4,
                55,
                27
            ],
            [
                22,
                2,
                30,
                28
            ],
            [
                23,
                4,
                56,
                28
            ],
            [
                23,
                2,
                32,
                28
            ],
            [
                23,
                3,
                53,
                39
            ],
            [
                23,
                3,
                53,
                39
            ],
            [
                23,
                3,
                49,
                35
            ],
            [
                23,
                3,
                56,
                42
            ],
            [
                23,
                2,
                32,
                28
            ],
            [
                23,
                4,
                49,
                21
            ],
            [
                24,
                4,
                56,
                28
            ],
            [
                24,
                3,
                55,
                41
            ],
            [
                24,
                2,
                31,
                27
            ],
            [
                24,
                4,
                48,
                20
            ],
            [
                24,
                3,
                49,
                35
            ],
            [
                24,
                2,
                32,
                28
            ],
            [
                25,
                3,
                57,
                43
            ],
            [
                25,
                2,
                32,
                30
            ],
            [
                25,
                2,
                31,
                29
            ],
            [
                25,
                2,
                32,
                30
            ],
            [
                25,
                2,
                32,
                30
            ],
            [
                25,
                2,
                32,
                30
            ],
            [
                25,
                2,
                32,
                30
            ],
            [
                26,
                4,
                56,
                28
            ],
            [
                26,
                4,
                56,
                28
            ],
            [
                27,
                4,
                56,
                28
            ],
            [
                27,
                3,
                56,
                42
            ],
            [
                27,
                2,
                33,
                31
            ],
            [
                27,
                2,
                33,
                31
            ],
            [
                27,
                4,
                56,
                28
            ],
            [
                28,
                3,
                55,
                41
            ],
            [
                28,
                4,
                55,
                27
            ],
            [
                28,
                3,
                55,
                41
            ],
            [
                28,
                2,
                32,
                28
            ],
            [
                28,
                3,
                55,
                41
            ],
            [
                28,
                3,
                56,
                42
            ],
            [
                29,
                2,
                32,
                28
            ],
            [
                29,
                2,
                32,
                28
            ],
            [
                29,
                2,
                32,
                28
            ],
            [
                29,
                2,
                32,
                28
            ],
            [
                29,
                2,
                32,
                28
            ],
            [
                29,
                2,
                33,
                29
            ]
        ],
        "lWaitDayByPriority": [
            6029,
            35,
            1480,
            2403,
            2111
        ],
        "objval": 2755.2807400906827,
        "std_occupancy": 43.6370041896217
    },
    "runtime": 4.9660937786102295,
    "simdays": 150,
    "solver": "weekly"
}