{
    "arrivalrate": 6.0,
    "ins_name": 375,
    "ins_path": null,
    "lNoNewPatients": [
        202,
        2,
        85,
        67,
        48
    ],
    "lNoPatients": [
        377,
        2,
        91,
        180,
        104
    ],
    "lNoSections": [
        2622,
        11,
        259,
        1496,
        856
    ],
    "mipgap": 1.0,
    "noLinacs": 4,
    "noSlotsPerDay": 120,
    "planningHorizon": 80,
    "runresult": {
        "avg_occupancy": 54.05138888888889,
        "feasibility": true,
        "lAvgLateDayByPriority": [
            27.019801980198018,
            19.5,
            20.423529411764704,
            35.656716417910445,
            26.958333333333332
        ],
        "lAvgWaitDayByPriority": [
            39.03465346534654,
            19.5,
            23.023529411764706,
            48.985074626865675,
            54.3125
        ],
        "lLateDayByPriority": [
            5458,
            39,
            1736,
            2389,
            1294
        ],
        "lOccupancy": {
            "0": [
                0.0,
                0.0,
                0.0,
                1.25,
                0.0,
                0.0,
                0.0,
                0.0,
                0.0,
                0.0,
                0.0,
                0.0,
                0.0,
                0.0,
                0.0,
                0.0,
                0.0,
                0.0,
                0.0,
                0.0,
                0.0,
                0.0,
                0.0,
                0.0,
                0.0,
                0.0,
                0.0,
                0.0,
                0.0,
                0.0,
                0.0,
                0.0,
                0.0,
                0.0,
                0.0,
                0.0,
                0.0,
                0.0,
                0.0,
                0.0,
                0.0,
                0.0,
                0.0,
                1.0416666666666665,
                1.0416666666666665,
                1.0416666666666665,
                1.0416666666666665,
                1.0416666666666665,
                1.0416666666666665,
                1.0416666666666665,
                1.0416666666666665,
                1.0416666666666665,
                1.0416666666666665,
                0.0,
                0.0,
                0.0,
                0.0,
                0.0,
                0.0,
                0.0,
                0.0,
                0.0,
                0.0,
                0.0,
                0.0,
                0.0,
                0.0,
                0.0,
                0.0,
                0.0,
                0.0,
                0.0,
                0.0,
                0.0,
                0.0,
                0.0,
                0.0,
                0.0,
                0.0,
                0.0,
                0.0,
                0.0,
                0.0,
                0.0,
                0.0,
                0.0,
                0.0,
                0.0,
                0.0,
                0.0,
                0.0,
                0.0,
                0.0,
                0.0,
                0.0,
                0.0,
                0.0,
                0.0,
                0.0,
                0.0,
                0.0,
                0.0,
                0.0,
                0.0,
                0.0,
                0.0,
                0.0,
                0.0,
                0.0,
                0.0,
                0.0,
                0.0,
                0.0,
                0.0,
                0.0,
                0.0,
                0.0,
                0.0,
                0.0,
                0.0,
                0.0,
                0.0,
                0.0,
                0.0,
                0.0,
                0.0,
                0.0,
                0.0,
                0.0,
                0.0,
                0.0,
                0.0,
                0.0,
                0.0,
                0.0,
                0.0,
                0.0,
                0.0,
                0.0,
                0.0,
                0.0,
                0.0,
                0.0,
                0.0,
                0.0,
                0.0,
                0.0,
                0.0,
                0.0,
                0.0
            ],
            "1": [
                6.458333333333334,
                4.375,
                16.458333333333332,
                13.333333333333334,
                12.5,
                9.583333333333334,
                6.458333333333334,
                4.583333333333333,
                5.833333333333333,
                4.791666666666667,
                4.791666666666667,
                4.375,
                5.625,
                5.625,
                4.375,
                5.625,
                5.0,
                4.791666666666667,
                5.833333333333333,
                4.583333333333333,
                5.0,
                6.041666666666667,
                5.0,
                4.583333333333333,
                5.833333333333333,
                4.583333333333333,
                6.041666666666667,
                5.416666666666667,
                4.583333333333333,
                4.583333333333333,
                6.25,
                6.25,
                4.583333333333333,
                4.791666666666667,
                5.833333333333333,
                5.833333333333333,
                4.583333333333333,
                4.583333333333333,
                4.583333333333333,
                8.333333333333332,
                9.375,
                10.833333333333334,
                10.833333333333334,
                9.166666666666666,
                8.958333333333334,
                8.958333333333334,
                8.125,
                10.833333333333334,
                10.0,
                10.416666666666668,
                10.416666666666668,
                13.958333333333334,
                14.374999999999998,
                14.583333333333334,
                14.166666666666666,
                10.833333333333334,
                3.3333333333333335,
                3.3333333333333335,
                3.3333333333333335,
                1.0416666666666665,
                1.0416666666666665,
                1.0416666666666665,
                1.0416666666666665,
                0.0,
                0.0,
                0.0,
                0.0,
                0.0,
                0.0,
                0.0,
                0.0,
                0.0,
                0.0,
                0.0,
                0.0,
                0.0,
                0.0,
                0.0,
                0.0,
                0.0,
                0.0,
                0.0,
                0.0,
                0.0,
                0.0,
                0.0,
                0.0,
                0.0,
                0.0,
                0.0,
                0.0,
                0.0,
                0.0,
                0.0,
                0.0,
                0.0,
                0.0,
                0.0,
                0.0,
                0.0,
                0.0,
                0.0,
                0.0,
                0.0,
                0.0,
                0.0,
                0.0,
                0.0,
                0.0,
                0.0,
                0.0,
                0.0,
                0.0,
                0.0,
                0.0,
                0.0,
                0.0,
                0.0,
                0.0,
                0.0,
                0.0,
                0.0,
                0.0,
                0.0,
                0.0,
                0.0,
                0.0,
                0.0,
                0.0,
                0.0,
                0.0,
                0.0,
                0.0,
                0.0,
                0.0,
                0.0,
                0.0,
                0.0,
                0.0,
                0.0,
                0.0,
                0.0,
                0.0,
                0.0,
                0.0,
                0.0,
                0.0,
                0.0,
                0.0,
                0.0
            ],
            "2": [
                68.54166666666667,
                67.70833333333334,
                68.95833333333333,
                68.125,
                71.45833333333333,
                71.875,
                67.29166666666667,
                66.25,
                62.916666666666664,
                59.583333333333336,
                55.41666666666667,
                57.291666666666664,
                55.41666666666667,
                55.41666666666667,
                56.875,
                56.875,
                56.875,
                57.08333333333333,
                56.041666666666664,
                53.75,
                55.208333333333336,
                54.58333333333333,
                56.25,
                57.70833333333333,
                58.12500000000001,
                56.041666666666664,
                53.95833333333333,
                53.541666666666664,
                56.875,
                56.875,
                53.333333333333336,
                54.79166666666667,
                58.333333333333336,
                53.541666666666664,
                57.91666666666667,
                59.791666666666664,
                59.375,
                58.12500000000001,
                58.75,
                60.62499999999999,
                60.0,
                59.375,
                57.49999999999999,
                58.75,
                55.41666666666667,
                60.83333333333333,
                62.5,
                61.04166666666667,
                61.04166666666667,
                59.583333333333336,
                57.49999999999999,
                54.79166666666667,
                54.79166666666667,
                54.166666666666664,
                55.41666666666667,
                55.208333333333336,
                55.208333333333336,
                53.75,
                52.29166666666667,
                53.541666666666664,
                53.125,
                50.416666666666664,
                50.83333333333333,
                50.0,
                50.416666666666664,
                48.333333333333336,
                51.24999999999999,
                49.166666666666664,
                46.25,
                45.208333333333336,
                45.208333333333336,
                47.5,
                50.0,
                50.208333333333336,
                47.291666666666664,
                45.625,
                42.5,
                42.5,
                38.958333333333336,
                38.958333333333336,
                38.958333333333336,
                38.958333333333336,
                38.958333333333336,
                38.958333333333336,
                37.708333333333336,
                36.666666666666664,
                32.916666666666664,
                32.916666666666664,
                31.666666666666664,
                30.416666666666664,
                26.25,
                23.333333333333332,
                22.083333333333332,
                22.083333333333332,
                19.583333333333332,
                16.666666666666664,
                14.374999999999998,
                11.875,
                11.875,
                8.958333333333334,
                7.916666666666666,
                7.916666666666666,
                6.666666666666667,
                5.416666666666667,
                4.166666666666666,
                1.25,
                1.25,
                0.0,
                0.0,
                0.0,
                0.0,
                0.0,
                0.0,
                0.0,
                0.0,
                0.0,
                0.0,
                0.0,
                0.0,
                0.0,
                0.0,
                0.0,
                0.0,
                0.0,
                0.0,
                0.0,
                0.0,
                0.0,
                0.0,
                0.0,
                0.0,
                0.0,
                0.0,
                0.0,
                0.0,
                0.0,
                0.0,
                0.0,
                0.0,
                0.0,
                0.0,
                0.0,
                0.0,
                0.0,
                0.0,
                0.0,
                0.0,
                0.0,
                0.0,
                0.0
            ],
            "3": [
                14.374999999999998,
                14.374999999999998,
                12.916666666666668,
                14.374999999999998,
                14.374999999999998,
                17.291666666666668,
                21.666666666666668,
                25.624999999999996,
                28.541666666666664,
                34.375,
                38.125,
                37.291666666666664,
                37.291666666666664,
                37.291666666666664,
                36.25,
                36.25,
                36.25,
                36.25,
                37.291666666666664,
                40.625,
                38.333333333333336,
                38.54166666666667,
                37.083333333333336,
                35.625,
                35.833333333333336,
                38.333333333333336,
                38.958333333333336,
                38.958333333333336,
                37.5,
                37.5,
                38.958333333333336,
                37.5,
                35.0,
                39.166666666666664,
                34.791666666666664,
                32.916666666666664,
                35.0,
                36.041666666666664,
                35.0,
                30.625000000000004,
                29.166666666666668,
                28.958333333333336,
                30.416666666666664,
                28.958333333333336,
                31.874999999999996,
                27.500000000000004,
                26.458333333333332,
                25.416666666666664,
                25.416666666666664,
                26.666666666666668,
                28.749999999999996,
                28.749999999999996,
                29.583333333333332,
                29.166666666666668,
                29.166666666666668,
                29.166666666666668,
                29.166666666666668,
                30.0,
                32.083333333333336,
                30.0,
                29.791666666666668,
                31.25,
                30.208333333333332,
                30.416666666666664,
                28.541666666666664,
                30.625000000000004,
                26.041666666666668,
                29.375,
                32.708333333333336,
                32.708333333333336,
                32.708333333333336,
                31.458333333333332,
                27.500000000000004,
                27.500000000000004,
                30.0,
                30.0,
                28.749999999999996,
                27.500000000000004,
                23.125,
                20.833333333333336,
                20.833333333333336,
                19.583333333333332,
                17.916666666666668,
                15.833333333333332,
                14.583333333333334,
                11.458333333333332,
                9.166666666666666,
                9.166666666666666,
                8.125,
                8.125,
                8.125,
                5.625,
                4.583333333333333,
                4.583333333333333,
                3.5416666666666665,
                3.5416666666666665,
                2.5,
                1.25,
                1.25,
                1.25,
                1.25,
                1.25,
                1.25,
                1.25,
                1.25,
                1.25,
                1.25,
                0.0,
                0.0,
                0.0,
                0.0,
                0.0,
                0.0,
                0.0,
                0.0,
                0.0,
                0.0,
                0.0,
                0.0,
                0.0,
                0.0,
                0.0,
                0.0,
                0.0,
                0.0,
                0.0,
                0.0,
                0.0,
                0.0,
                0.0,
                0.0,
                0.0,
                0.0,
                0.0,
                0.0,
                0.0,
                0.0,
                0.0,
                0.0,
                0.0,
                0.0,
                0.0,
                0.0,
                0.0,
                0.0,
                0.0,
                0.0,
                0.0,
                0.0,
                0.0
            ],
            "overall": [
                89.375,
                86.45833333333334,
                98.33333333333333,
                97.08333333333333,
                98.33333333333333,
                98.75,
                95.41666666666667,
                96.45833333333333,
                97.29166666666666,
                98.75,
                98.33333333333334,
                98.95833333333333,
                98.33333333333334,
                98.33333333333334,
                97.5,
                98.75,
                98.125,
                98.125,
                99.16666666666666,
                98.95833333333334,
                98.54166666666667,
                99.16666666666666,
                98.33333333333334,
                97.91666666666666,
                99.79166666666669,
                98.95833333333334,
                98.95833333333333,
                97.91666666666666,
                98.95833333333334,
                98.95833333333334,
                98.54166666666667,
                98.54166666666667,
                97.91666666666667,
                97.5,
                98.54166666666667,
                98.54166666666666,
                98.95833333333334,
                98.75,
                98.33333333333334,
                99.58333333333333,
                98.54166666666667,
                99.16666666666666,
                98.75,
                97.91666666666666,
                97.29166666666667,
                98.33333333333333,
                98.125,
                98.33333333333334,
                97.5,
                97.70833333333334,
                97.70833333333333,
                98.54166666666667,
                99.79166666666667,
                97.91666666666667,
                98.75000000000001,
                95.20833333333334,
                87.70833333333334,
                87.08333333333334,
                87.70833333333334,
                84.58333333333333,
                83.95833333333333,
                82.70833333333333,
                82.08333333333333,
                80.41666666666666,
                78.95833333333333,
                78.95833333333334,
                77.29166666666666,
                78.54166666666666,
                78.95833333333334,
                77.91666666666667,
                77.91666666666667,
                78.95833333333333,
                77.5,
                77.70833333333334,
                77.29166666666666,
                75.625,
                71.25,
                70.0,
                62.083333333333336,
                59.79166666666667,
                59.79166666666667,
                58.54166666666667,
                56.875,
                54.79166666666667,
                52.29166666666667,
                48.125,
                42.08333333333333,
                42.08333333333333,
                39.791666666666664,
                38.541666666666664,
                34.375,
                28.958333333333332,
                26.666666666666664,
                26.666666666666664,
                23.125,
                20.208333333333332,
                16.875,
                13.125,
                13.125,
                10.208333333333334,
                9.166666666666666,
                9.166666666666666,
                7.916666666666667,
                6.666666666666667,
                5.416666666666666,
                2.5,
                2.5,
                0.0,
                0.0,
                0.0,
                0.0,
                0.0,
                0.0,
                0.0,
                0.0,
                0.0,
                0.0,
                0.0,
                0.0,
                0.0,
                0.0,
                0.0,
                0.0,
                0.0,
                0.0,
                0.0,
                0.0,
                0.0,
                0.0,
                0.0,
                0.0,
                0.0,
                0.0,
                0.0,
                0.0,
                0.0,
                0.0,
                0.0,
                0.0,
                0.0,
                0.0,
                0.0,
                0.0,
                0.0,
                0.0,
                0.0,
                0.0,
                0.0,
                0.0,
                0.0
            ]
        },
        "lWaitAndOverdue": [
            [
                0,
                2,
                2,
                0
            ],
            [
                0,
                3,
                9,
                0
            ],
            [
                0,
                2,
                0,
                0
            ],
            [
                0,
                3,
                4,
                0
            ],
            [
                0,
                3,
                9,
                0
            ],
            [
                0,
                2,
                2,
                0
            ],
            [
                0,
                4,
                14,
                0
            ],
            [
                0,
                3,
                9,
                0
            ],
            [
                0,
                2,
                2,
                0
            ],
            [
                0,
                4,
                52,
                24
            ],
            [
                1,
                3,
                31,
                17
            ],
            [
                1,
                3,
                6,
                0
            ],
            [
                1,
                3,
                10,
                0
            ],
            [
                1,
                3,
                31,
                17
            ],
            [
                1,
                3,
                8,
                0
            ],
            [
                1,
                3,
                24,
                10
            ],
            [
                2,
                2,
                0,
                0
            ],
            [
                2,
                2,
                1,
                0
            ],
            [
                2,
                2,
                1,
                0
            ],
            [
                2,
                2,
                1,
                0
            ],
            [
                2,
                2,
                2,
                0
            ],
            [
                2,
                1,
                1,
                1
            ],
            [
                2,
                4,
                27,
                0
            ],
            [
                2,
                3,
                42,
                28
            ],
            [
                3,
                3,
                42,
                28
            ],
            [
                3,
                2,
                0,
                0
            ],
            [
                3,
                4,
                12,
                0
            ],
            [
                3,
                3,
                12,
                0
            ],
            [
                3,
                3,
                47,
                33
            ],
            [
                4,
                2,
                0,
                0
            ],
            [
                4,
                3,
                34,
                20
            ],
            [
                4,
                2,
                4,
                0
            ],
            [
                4,
                2,
                3,
                0
            ],
            [
                4,
                2,
                3,
                0
            ],
            [
                4,
                3,
                47,
                33
            ],
            [
                5,
                4,
                46,
                18
            ],
            [
                5,
                3,
                46,
                32
            ],
            [
                5,
                2,
                4,
                2
            ],
            [
                5,
                2,
                0,
                0
            ],
            [
                5,
                3,
                46,
                32
            ],
            [
                5,
                4,
                45,
                17
            ],
            [
                5,
                2,
                1,
                0
            ],
            [
                5,
                3,
                52,
                38
            ],
            [
                5,
                2,
                8,
                6
            ],
            [
                5,
                2,
                8,
                6
            ],
            [
                5,
                2,
                15,
                13
            ],
            [
                6,
                2,
                7,
                5
            ],
            [
                6,
                2,
                15,
                13
            ],
            [
                6,
                2,
                15,
                13
            ],
            [
                7,
                2,
                7,
                5
            ],
            [
                7,
                4,
                51,
                23
            ],
            [
                7,
                2,
                1,
                0
            ],
            [
                7,
                4,
                49,
                21
            ],
            [
                7,
                3,
                54,
                40
            ],
            [
                7,
                4,
                48,
                20
            ],
            [
                7,
                2,
                15,
                13
            ],
            [
                7,
                2,
                12,
                10
            ],
            [
                7,
                2,
                15,
                13
            ],
            [
                7,
                4,
                44,
                16
            ],
            [
                7,
                3,
                50,
                36
            ],
            [
                7,
                2,
                15,
                13
            ],
            [
                8,
                3,
                53,
                39
            ],
            [
                8,
                3,
                46,
                32
            ],
            [
                8,
                3,
                54,
                40
            ],
            [
                8,
                4,
                50,
                22
            ],
            [
                8,
                3,
                49,
                35
            ],
            [
                8,
                4,
                42,
                14
            ],
            [
                9,
                3,
                46,
                32
            ],
            [
                9,
                2,
                17,
                13
            ],
            [
                9,
                2,
                18,
                14
            ],
            [
                9,
                4,
                49,
                21
            ],
            [
                9,
                3,
                46,
                32
            ],
            [
                9,
                2,
                20,
                16
            ],
            [
                9,
                2,
                26,
                22
            ],
            [
                9,
                2,
                26,
                22
            ],
            [
                10,
                3,
                57,
                43
            ],
            [
                10,
                4,
                53,
                25
            ],
            [
                10,
                2,
                24,
                22
            ],
            [
                10,
                2,
                31,
                29
            ],
            [
                10,
                3,
                60,
                46
            ],
            [
                10,
                2,
                28,
                26
            ],
            [
                10,
                2,
                32,
                30
            ],
            [
                10,
                3,
                56,
                42
            ],
            [
                11,
                3,
                51,
                37
            ],
            [
                11,
                4,
                57,
                29
            ],
            [
                11,
                4,
                56,
                28
            ],
            [
                11,
                3,
                64,
                50
            ],
            [
                11,
                3,
                51,
                37
            ],
            [
                11,
                2,
                31,
                29
            ],
            [
                12,
                3,
                55,
                41
            ],
            [
                13,
                2,
                35,
                31
            ],
            [
                13,
                4,
                57,
                29
            ],
            [
                13,
                2,
                36,
                32
            ],
            [
                13,
                2,
                36,
                32
            ],
            [
                13,
                2,
                36,
                32
            ],
            [
                13,
                2,
                15,
                11
            ],
            [
                13,
                4,
                55,
                27
            ],
            [
                13,
                4,
                53,
                25
            ],
            [
                13,
                4,
                56,
                28
            ],
            [
                14,
                4,
                52,
                24
            ],
            [
                14,
                3,
                55,
                41
            ],
            [
                14,
                2,
                38,
                34
            ],
            [
                14,
                3,
                55,
                41
            ],
            [
                14,
                2,
                25,
                21
            ],
            [
                14,
                2,
                38,
                34
            ],
            [
                14,
                3,
                56,
                42
            ],
            [
                14,
                2,
                45,
                41
            ],
            [
                15,
                2,
                35,
                33
            ],
            [
                15,
                2,
                35,
                33
            ],
            [
                15,
                1,
                38,
                38
            ],
            [
                15,
                2,
                42,
                40
            ],
            [
                15,
                2,
                36,
                34
            ],
            [
                15,
                3,
                65,
                51
            ],
            [
                15,
                3,
                66,
                52
            ],
            [
                15,
                4,
                58,
                30
            ],
            [
                16,
                3,
                55,
                41
            ],
            [
                16,
                2,
                7,
                5
            ],
            [
                16,
                4,
                58,
                30
            ],
            [
                16,
                4,
                58,
                30
            ],
            [
                17,
                2,
                13,
                11
            ],
            [
                17,
                4,
                57,
                29
            ],
            [
                17,
                4,
                57,
                29
            ],
            [
                18,
                4,
                56,
                28
            ],
            [
                18,
                3,
                57,
                43
            ],
            [
                18,
                4,
                57,
                29
            ],
            [
                18,
                3,
                60,
                46
            ],
            [
                18,
                3,
                62,
                48
            ],
            [
                18,
                4,
                61,
                33
            ],
            [
                18,
                4,
                61,
                33
            ],
            [
                18,
                3,
                63,
                49
            ],
            [
                18,
                2,
                22,
                18
            ],
            [
                19,
                2,
                38,
                34
            ],
            [
                19,
                3,
                59,
                45
            ],
            [
                19,
                4,
                59,
                31
            ],
            [
                19,
                4,
                60,
                32
            ],
            [
                20,
                4,
                63,
                35
            ],
            [
                20,
                4,
                63,
                35
            ],
            [
                20,
                2,
                32,
                30
            ],
            [
                20,
                2,
                36,
                34
            ],
            [
                21,
                4,
                65,
                37
            ],
            [
                21,
                2,
                35,
                33
            ],
            [
                21,
                4,
                63,
                35
            ],
            [
                21,
                2,
                35,
                33
            ],
            [
                22,
                3,
                58,
                44
            ],
            [
                22,
                3,
                63,
                49
            ],
            [
                22,
                3,
                64,
                50
            ],
            [
                22,
                3,
                62,
                48
            ],
            [
                23,
                2,
                34,
                30
            ],
            [
                23,
                4,
                62,
                34
            ],
            [
                23,
                4,
                62,
                34
            ],
            [
                23,
                3,
                61,
                47
            ],
            [
                23,
                2,
                34,
                30
            ],
            [
                23,
                4,
                56,
                28
            ],
            [
                23,
                3,
                60,
                46
            ],
            [
                23,
                2,
                34,
                30
            ],
            [
                24,
                3,
                61,
                47
            ],
            [
                24,
                2,
                34,
                30
            ],
            [
                24,
                2,
                35,
                31
            ],
            [
                24,
                2,
                35,
                31
            ],
            [
                24,
                2,
                38,
                34
            ],
            [
                24,
                2,
                38,
                34
            ],
            [
                25,
                2,
                35,
                33
            ],
            [
                25,
                4,
                65,
                37
            ],
            [
                25,
                4,
                64,
                36
            ],
            [
                26,
                4,
                63,
                35
            ],
            [
                26,
                3,
                59,
                45
            ],
            [
                26,
                2,
                34,
                32
            ],
            [
                26,
                2,
                35,
                33
            ],
            [
                26,
                4,
                63,
                35
            ],
            [
                26,
                3,
                63,
                49
            ],
            [
                26,
                4,
                63,
                35
            ],
            [
                27,
                3,
                58,
                44
            ],
            [
                27,
                2,
                34,
                32
            ],
            [
                27,
                3,
                63,
                49
            ],
            [
                27,
                3,
                64,
                50
            ],
            [
                27,
                2,
                34,
                32
            ],
            [
                27,
                2,
                34,
                32
            ],
            [
                27,
                2,
                34,
                32
            ],
            [
                27,
                2,
                34,
                32
            ],
            [
                27,
                2,
                35,
                33
            ],
            [
                27,
                2,
                35,
                33
            ],
            [
                27,
                3,
                58,
                44
            ],
            [
                27,
                4,
                63,
                35
            ],
            [
                28,
                2,
                36,
                32
            ],
            [
                28,
                2,
                35,
                31
            ],
            [
                28,
                2,
                35,
                31
            ],
            [
                28,
                2,
                35,
                31
            ],
            [
                28,
                3,
                57,
                43
            ],
            [
                28,
                4,
                56,
                28
            ],
            [
                28,
                3,
                60,
                46
            ],
            [
                28,
                3,
                57,
                43
            ],
            [
                29,
                3,
                59,
                45
            ],
            [
                29,
                4,
                63,
                35
            ],
            [
                29,
                3,
                60,
                46
            ],
            [
                29,
                3,
                61,
                47
            ],
            [
                29,
                3,
                61,
                47
            ],
            [
                29,
                3,
                60,
                46
            ],
            [
                29,
                2,
                35,
                31
            ],
            [
                29,
                3,
                59,
                45
            ],
            [
                29,
                2,
                38,
                34
            ],
            [
                29,
                2,
                35,
                31
            ],
            [
                29,
                4,
                63,
                35
            ]
        ],
        "lWaitDayByPriority": [
            7885,
            39,
            1957,
            3282,
            2607
        ],
        "objval": 2831.0714479075214,
        "std_occupancy": 42.958054050354875
    },
    "runtime": 5.776328086853027,
    "simdays": 150,
    "solver": "weekly"
}