{
    "arrivalrate": 6.0,
    "ins_name": 380,
    "ins_path": null,
    "lNoNewPatients": [
        186,
        2,
        76,
        63,
        45
    ],
    "lNoPatients": [
        352,
        2,
        81,
        172,
        97
    ],
    "lNoSections": [
        2471,
        11,
        232,
        1374,
        854
    ],
    "mipgap": 1.0,
    "noLinacs": 4,
    "noSlotsPerDay": 120,
    "planningHorizon": 80,
    "runresult": {
        "avg_occupancy": 49.94444444444444,
        "feasibility": true,
        "lAvgLateDayByPriority": [
            20.741935483870968,
            14.5,
            10.092105263157896,
            33.79365079365079,
            20.733333333333334
        ],
        "lAvgWaitDayByPriority": [
            32.70967741935484,
            14.5,
            12.578947368421053,
            47.42857142857143,
            46.91111111111111
        ],
        "lLateDayByPriority": [
            3858,
            29,
            767,
            2129,
            933
        ],
        "lOccupancy": {
            "0": [
                0.0,
                0.0,
                0.0,
                0.0,
                0.0,
                0.0,
                0.0,
                0.0,
                0.0,
                1.25,
                0.0,
                0.0,
                0.0,
                0.0,
                0.0,
                0.0,
                0.0,
                0.0,
                0.0,
                0.0,
                0.0,
                0.0,
                0.0,
                0.0,
                0.0,
                0.0,
                0.0,
                0.0,
                0.0,
                0.0,
                0.0,
                0.0,
                0.0,
                0.0,
                0.0,
                0.0,
                0.0,
                0.0,
                0.0,
                0.0,
                0.0,
                1.0416666666666665,
                1.0416666666666665,
                1.0416666666666665,
                1.0416666666666665,
                1.0416666666666665,
                1.0416666666666665,
                1.0416666666666665,
                1.0416666666666665,
                1.0416666666666665,
                1.0416666666666665,
                0.0,
                0.0,
                0.0,
                0.0,
                0.0,
                0.0,
                0.0,
                0.0,
                0.0,
                0.0,
                0.0,
                0.0,
                0.0,
                0.0,
                0.0,
                0.0,
                0.0,
                0.0,
                0.0,
                0.0,
                0.0,
                0.0,
                0.0,
                0.0,
                0.0,
                0.0,
                0.0,
                0.0,
                0.0,
                0.0,
                0.0,
                0.0,
                0.0,
                0.0,
                0.0,
                0.0,
                0.0,
                0.0,
                0.0,
                0.0,
                0.0,
                0.0,
                0.0,
                0.0,
                0.0,
                0.0,
                0.0,
                0.0,
                0.0,
                0.0,
                0.0,
                0.0,
                0.0,
                0.0,
                0.0,
                0.0,
                0.0,
                0.0,
                0.0,
                0.0,
                0.0,
                0.0,
                0.0,
                0.0,
                0.0,
                0.0,
                0.0,
                0.0,
                0.0,
                0.0,
                0.0,
                0.0,
                0.0,
                0.0,
                0.0,
                0.0,
                0.0,
                0.0,
                0.0,
                0.0,
                0.0,
                0.0,
                0.0,
                0.0,
                0.0,
                0.0,
                0.0,
                0.0,
                0.0,
                0.0,
                0.0,
                0.0,
                0.0,
                0.0,
                0.0,
                0.0,
                0.0,
                0.0,
                0.0
            ],
            "1": [
                5.625,
                7.291666666666667,
                11.041666666666666,
                10.0,
                12.5,
                7.5,
                12.708333333333332,
                8.958333333333334,
                7.916666666666666,
                7.5,
                5.208333333333334,
                5.0,
                5.625,
                6.25,
                5.833333333333333,
                6.458333333333334,
                5.833333333333333,
                6.458333333333334,
                6.458333333333334,
                5.0,
                5.0,
                5.0,
                6.875000000000001,
                5.0,
                5.0,
                5.0,
                5.833333333333333,
                4.583333333333333,
                4.583333333333333,
                5.625,
                6.041666666666667,
                5.416666666666667,
                5.833333333333333,
                4.583333333333333,
                4.583333333333333,
                4.583333333333333,
                11.041666666666666,
                9.583333333333334,
                11.041666666666666,
                10.416666666666668,
                10.416666666666668,
                13.541666666666666,
                13.541666666666666,
                14.791666666666666,
                15.0,
                14.374999999999998,
                10.416666666666668,
                7.5,
                2.2916666666666665,
                2.2916666666666665,
                1.0416666666666665,
                1.0416666666666665,
                1.0416666666666665,
                1.0416666666666665,
                1.0416666666666665,
                1.0416666666666665,
                0.0,
                0.0,
                0.0,
                0.0,
                0.0,
                0.0,
                0.0,
                0.0,
                0.0,
                0.0,
                0.0,
                0.0,
                0.0,
                0.0,
                0.0,
                0.0,
                0.0,
                0.0,
                0.0,
                0.0,
                0.0,
                0.0,
                0.0,
                0.0,
                0.0,
                0.0,
                0.0,
                0.0,
                0.0,
                0.0,
                0.0,
                0.0,
                0.0,
                0.0,
                0.0,
                0.0,
                0.0,
                0.0,
                0.0,
                0.0,
                0.0,
                0.0,
                0.0,
                0.0,
                0.0,
                0.0,
                0.0,
                0.0,
                0.0,
                0.0,
                0.0,
                0.0,
                0.0,
                0.0,
                0.0,
                0.0,
                0.0,
                0.0,
                0.0,
                0.0,
                0.0,
                0.0,
                0.0,
                0.0,
                0.0,
                0.0,
                0.0,
                0.0,
                0.0,
                0.0,
                0.0,
                0.0,
                0.0,
                0.0,
                0.0,
                0.0,
                0.0,
                0.0,
                0.0,
                0.0,
                0.0,
                0.0,
                0.0,
                0.0,
                0.0,
                0.0,
                0.0,
                0.0,
                0.0,
                0.0,
                0.0,
                0.0,
                0.0,
                0.0
            ],
            "2": [
                68.95833333333333,
                68.75,
                68.75,
                69.375,
                68.95833333333333,
                71.25,
                70.0,
                72.29166666666667,
                64.375,
                62.5,
                50.83333333333333,
                50.416666666666664,
                47.91666666666667,
                46.25,
                46.666666666666664,
                52.5,
                52.5,
                52.29166666666667,
                51.87500000000001,
                51.87500000000001,
                48.95833333333333,
                47.083333333333336,
                47.083333333333336,
                50.83333333333333,
                52.5,
                52.29166666666667,
                52.708333333333336,
                50.625,
                49.791666666666664,
                51.45833333333333,
                51.66666666666667,
                50.83333333333333,
                48.95833333333333,
                54.37499999999999,
                54.37499999999999,
                57.49999999999999,
                52.708333333333336,
                52.916666666666664,
                52.29166666666667,
                55.625,
                57.49999999999999,
                54.166666666666664,
                56.041666666666664,
                62.5,
                64.16666666666667,
                60.20833333333333,
                60.0,
                63.74999999999999,
                61.04166666666667,
                61.04166666666667,
                63.33333333333333,
                63.33333333333333,
                63.33333333333333,
                62.708333333333336,
                61.04166666666667,
                60.83333333333333,
                59.166666666666664,
                59.166666666666664,
                57.291666666666664,
                55.833333333333336,
                59.166666666666664,
                57.91666666666667,
                54.79166666666667,
                54.79166666666667,
                55.208333333333336,
                53.75,
                50.625,
                50.625,
                47.5,
                47.5,
                46.041666666666664,
                38.333333333333336,
                38.333333333333336,
                38.333333333333336,
                38.333333333333336,
                35.0,
                28.541666666666664,
                26.875,
                25.416666666666664,
                25.416666666666664,
                23.75,
                23.75,
                22.083333333333332,
                22.083333333333332,
                22.083333333333332,
                20.833333333333336,
                20.833333333333336,
                20.833333333333336,
                19.791666666666664,
                18.125,
                16.875,
                16.875,
                16.875,
                8.958333333333334,
                7.708333333333334,
                6.458333333333334,
                5.208333333333334,
                2.9166666666666665,
                2.9166666666666665,
                2.9166666666666665,
                2.9166666666666665,
                1.6666666666666667,
                1.6666666666666667,
                1.6666666666666667,
                0.0,
                0.0,
                0.0,
                0.0,
                0.0,
                0.0,
                0.0,
                0.0,
                0.0,
                0.0,
                0.0,
                0.0,
                0.0,
                0.0,
                0.0,
                0.0,
                0.0,
                0.0,
                0.0,
                0.0,
                0.0,
                0.0,
                0.0,
                0.0,
                0.0,
                0.0,
                0.0,
                0.0,
                0.0,
                0.0,
                0.0,
                0.0,
                0.0,
                0.0,
                0.0,
                0.0,
                0.0,
                0.0,
                0.0,
                0.0,
                0.0,
                0.0,
                0.0,
                0.0,
                0.0,
                0.0
            ],
            "3": [
                15.625,
                15.625,
                15.416666666666668,
                13.958333333333334,
                14.374999999999998,
                14.374999999999998,
                15.833333333333332,
                17.291666666666668,
                25.624999999999996,
                27.083333333333332,
                42.70833333333333,
                42.70833333333333,
                45.625,
                45.625,
                45.625,
                40.0,
                40.0,
                40.0,
                40.0,
                41.875,
                45.0,
                46.041666666666664,
                44.166666666666664,
                41.25,
                41.25,
                41.041666666666664,
                41.041666666666664,
                43.541666666666664,
                44.583333333333336,
                41.66666666666667,
                40.625,
                42.083333333333336,
                43.541666666666664,
                39.58333333333333,
                39.58333333333333,
                35.833333333333336,
                35.41666666666667,
                35.41666666666667,
                35.208333333333336,
                32.5,
                31.25,
                28.749999999999996,
                27.708333333333336,
                21.041666666666668,
                19.583333333333332,
                23.958333333333336,
                22.5,
                18.541666666666668,
                20.416666666666668,
                20.416666666666668,
                18.541666666666668,
                18.958333333333332,
                19.583333333333332,
                18.333333333333332,
                18.333333333333332,
                18.333333333333332,
                19.375,
                19.375,
                21.666666666666668,
                22.916666666666664,
                19.791666666666664,
                20.833333333333336,
                23.125,
                23.125,
                24.166666666666668,
                25.208333333333332,
                27.500000000000004,
                27.500000000000004,
                30.625000000000004,
                30.625000000000004,
                32.29166666666667,
                29.583333333333332,
                26.041666666666668,
                26.041666666666668,
                26.041666666666668,
                22.916666666666664,
                22.916666666666664,
                21.666666666666668,
                21.666666666666668,
                20.416666666666668,
                20.416666666666668,
                17.083333333333332,
                16.041666666666668,
                14.791666666666666,
                12.5,
                11.458333333333332,
                7.5,
                7.5,
                7.5,
                6.458333333333334,
                5.416666666666667,
                4.375,
                4.375,
                2.083333333333333,
                2.083333333333333,
                2.083333333333333,
                1.0416666666666665,
                0.0,
                0.0,
                0.0,
                0.0,
                0.0,
                0.0,
                0.0,
                0.0,
                0.0,
                0.0,
                0.0,
                0.0,
                0.0,
                0.0,
                0.0,
                0.0,
                0.0,
                0.0,
                0.0,
                0.0,
                0.0,
                0.0,
                0.0,
                0.0,
                0.0,
                0.0,
                0.0,
                0.0,
                0.0,
                0.0,
                0.0,
                0.0,
                0.0,
                0.0,
                0.0,
                0.0,
                0.0,
                0.0,
                0.0,
                0.0,
                0.0,
                0.0,
                0.0,
                0.0,
                0.0,
                0.0,
                0.0,
                0.0,
                0.0,
                0.0,
                0.0,
                0.0,
                0.0
            ],
            "overall": [
                90.20833333333333,
                91.66666666666667,
                95.20833333333334,
                93.33333333333333,
                95.83333333333333,
                93.125,
                98.54166666666666,
                98.54166666666667,
                97.91666666666667,
                98.33333333333333,
                98.75,
                98.125,
                99.16666666666667,
                98.125,
                98.125,
                98.95833333333334,
                98.33333333333334,
                98.75,
                98.33333333333334,
                98.75,
                98.95833333333333,
                98.125,
                98.125,
                97.08333333333333,
                98.75,
                98.33333333333334,
                99.58333333333334,
                98.75,
                98.95833333333334,
                98.75,
                98.33333333333334,
                98.33333333333333,
                98.33333333333333,
                98.54166666666666,
                98.54166666666666,
                97.91666666666666,
                99.16666666666667,
                97.91666666666667,
                98.54166666666667,
                98.54166666666667,
                99.16666666666666,
                97.5,
                98.33333333333334,
                99.375,
                99.79166666666667,
                99.58333333333334,
                93.95833333333333,
                90.83333333333333,
                84.79166666666667,
                84.79166666666667,
                83.95833333333333,
                83.33333333333333,
                83.95833333333333,
                82.08333333333333,
                80.41666666666667,
                80.20833333333333,
                78.54166666666666,
                78.54166666666666,
                78.95833333333333,
                78.75,
                78.95833333333333,
                78.75,
                77.91666666666667,
                77.91666666666667,
                79.375,
                78.95833333333333,
                78.125,
                78.125,
                78.125,
                78.125,
                78.33333333333334,
                67.91666666666667,
                64.375,
                64.375,
                64.375,
                57.916666666666664,
                51.45833333333333,
                48.54166666666667,
                47.08333333333333,
                45.83333333333333,
                44.16666666666667,
                40.83333333333333,
                38.125,
                36.875,
                34.58333333333333,
                32.29166666666667,
                28.333333333333336,
                28.333333333333336,
                27.291666666666664,
                24.583333333333336,
                22.291666666666668,
                21.25,
                21.25,
                11.041666666666668,
                9.791666666666668,
                8.541666666666668,
                6.25,
                2.9166666666666665,
                2.9166666666666665,
                2.9166666666666665,
                2.9166666666666665,
                1.6666666666666667,
                1.6666666666666667,
                1.6666666666666667,
                0.0,
                0.0,
                0.0,
                0.0,
                0.0,
                0.0,
                0.0,
                0.0,
                0.0,
                0.0,
                0.0,
                0.0,
                0.0,
                0.0,
                0.0,
                0.0,
                0.0,
                0.0,
                0.0,
                0.0,
                0.0,
                0.0,
                0.0,
                0.0,
                0.0,
                0.0,
                0.0,
                0.0,
                0.0,
                0.0,
                0.0,
                0.0,
                0.0,
                0.0,
                0.0,
                0.0,
                0.0,
                0.0,
                0.0,
                0.0,
                0.0,
                0.0,
                0.0,
                0.0,
                0.0,
                0.0
            ]
        },
        "lWaitAndOverdue": [
            [
                0,
                3,
                7,
                0
            ],
            [
                0,
                2,
                2,
                0
            ],
            [
                0,
                2,
                1,
                0
            ],
            [
                0,
                4,
                14,
                0
            ],
            [
                0,
                2,
                0,
                0
            ],
            [
                0,
                4,
                14,
                0
            ],
            [
                0,
                4,
                14,
                0
            ],
            [
                0,
                4,
                14,
                0
            ],
            [
                0,
                3,
                21,
                7
            ],
            [
                1,
                3,
                7,
                0
            ],
            [
                1,
                3,
                20,
                6
            ],
            [
                1,
                2,
                1,
                0
            ],
            [
                1,
                3,
                37,
                23
            ],
            [
                1,
                3,
                42,
                28
            ],
            [
                1,
                2,
                2,
                0
            ],
            [
                1,
                2,
                0,
                0
            ],
            [
                1,
                3,
                44,
                30
            ],
            [
                1,
                3,
                48,
                34
            ],
            [
                2,
                3,
                47,
                33
            ],
            [
                2,
                3,
                47,
                33
            ],
            [
                2,
                2,
                1,
                0
            ],
            [
                2,
                2,
                0,
                0
            ],
            [
                2,
                2,
                2,
                0
            ],
            [
                2,
                4,
                47,
                19
            ],
            [
                2,
                2,
                2,
                0
            ],
            [
                2,
                3,
                7,
                0
            ],
            [
                3,
                4,
                47,
                19
            ],
            [
                3,
                2,
                1,
                0
            ],
            [
                3,
                3,
                48,
                34
            ],
            [
                3,
                2,
                4,
                0
            ],
            [
                3,
                3,
                49,
                35
            ],
            [
                3,
                3,
                12,
                0
            ],
            [
                4,
                2,
                4,
                0
            ],
            [
                4,
                4,
                21,
                0
            ],
            [
                4,
                3,
                47,
                33
            ],
            [
                4,
                2,
                3,
                0
            ],
            [
                4,
                4,
                48,
                20
            ],
            [
                5,
                3,
                45,
                31
            ],
            [
                5,
                3,
                45,
                31
            ],
            [
                5,
                3,
                46,
                32
            ],
            [
                5,
                3,
                46,
                32
            ],
            [
                5,
                3,
                49,
                35
            ],
            [
                6,
                3,
                48,
                34
            ],
            [
                6,
                2,
                2,
                0
            ],
            [
                6,
                2,
                2,
                0
            ],
            [
                6,
                2,
                0,
                0
            ],
            [
                6,
                2,
                0,
                0
            ],
            [
                6,
                2,
                3,
                1
            ],
            [
                7,
                1,
                2,
                2
            ],
            [
                7,
                4,
                44,
                16
            ],
            [
                7,
                3,
                48,
                34
            ],
            [
                7,
                3,
                48,
                34
            ],
            [
                7,
                2,
                5,
                3
            ],
            [
                7,
                4,
                19,
                0
            ],
            [
                7,
                3,
                49,
                35
            ],
            [
                7,
                3,
                49,
                35
            ],
            [
                8,
                2,
                4,
                0
            ],
            [
                8,
                3,
                49,
                35
            ],
            [
                8,
                2,
                4,
                0
            ],
            [
                8,
                2,
                5,
                1
            ],
            [
                8,
                2,
                6,
                2
            ],
            [
                8,
                3,
                49,
                35
            ],
            [
                9,
                4,
                48,
                20
            ],
            [
                9,
                3,
                48,
                34
            ],
            [
                9,
                2,
                6,
                2
            ],
            [
                9,
                2,
                10,
                6
            ],
            [
                9,
                3,
                48,
                34
            ],
            [
                9,
                4,
                18,
                0
            ],
            [
                10,
                2,
                7,
                5
            ],
            [
                10,
                3,
                46,
                32
            ],
            [
                10,
                2,
                4,
                2
            ],
            [
                10,
                2,
                7,
                5
            ],
            [
                10,
                2,
                14,
                12
            ],
            [
                10,
                2,
                15,
                13
            ],
            [
                10,
                2,
                15,
                13
            ],
            [
                11,
                2,
                7,
                5
            ],
            [
                11,
                2,
                8,
                6
            ],
            [
                11,
                4,
                48,
                20
            ],
            [
                11,
                2,
                8,
                6
            ],
            [
                11,
                4,
                48,
                20
            ],
            [
                12,
                3,
                49,
                35
            ],
            [
                12,
                4,
                47,
                19
            ],
            [
                12,
                2,
                13,
                11
            ],
            [
                12,
                2,
                0,
                0
            ],
            [
                12,
                2,
                7,
                5
            ],
            [
                12,
                4,
                47,
                19
            ],
            [
                12,
                3,
                48,
                34
            ],
            [
                13,
                2,
                7,
                3
            ],
            [
                13,
                3,
                53,
                39
            ],
            [
                13,
                3,
                55,
                41
            ],
            [
                13,
                3,
                49,
                35
            ],
            [
                14,
                4,
                53,
                25
            ],
            [
                14,
                3,
                54,
                40
            ],
            [
                14,
                4,
                48,
                20
            ],
            [
                14,
                3,
                54,
                40
            ],
            [
                14,
                2,
                7,
                3
            ],
            [
                14,
                2,
                18,
                14
            ],
            [
                14,
                4,
                54,
                26
            ],
            [
                15,
                3,
                52,
                38
            ],
            [
                15,
                2,
                15,
                13
            ],
            [
                15,
                2,
                22,
                20
            ],
            [
                15,
                2,
                23,
                21
            ],
            [
                15,
                3,
                52,
                38
            ],
            [
                15,
                4,
                52,
                24
            ],
            [
                15,
                2,
                23,
                21
            ],
            [
                15,
                2,
                29,
                27
            ],
            [
                16,
                3,
                52,
                38
            ],
            [
                16,
                2,
                3,
                1
            ],
            [
                16,
                2,
                28,
                26
            ],
            [
                16,
                3,
                55,
                41
            ],
            [
                17,
                3,
                54,
                40
            ],
            [
                17,
                4,
                55,
                27
            ],
            [
                17,
                4,
                55,
                27
            ],
            [
                17,
                3,
                55,
                41
            ],
            [
                17,
                3,
                56,
                42
            ],
            [
                18,
                2,
                26,
                22
            ],
            [
                18,
                3,
                55,
                41
            ],
            [
                18,
                2,
                26,
                22
            ],
            [
                18,
                4,
                56,
                28
            ],
            [
                19,
                2,
                5,
                1
            ],
            [
                19,
                2,
                27,
                23
            ],
            [
                19,
                2,
                27,
                23
            ],
            [
                19,
                2,
                11,
                7
            ],
            [
                20,
                4,
                52,
                24
            ],
            [
                20,
                4,
                52,
                24
            ],
            [
                20,
                4,
                53,
                25
            ],
            [
                20,
                4,
                56,
                28
            ],
            [
                21,
                3,
                55,
                41
            ],
            [
                21,
                2,
                24,
                22
            ],
            [
                21,
                3,
                55,
                41
            ],
            [
                21,
                2,
                22,
                20
            ],
            [
                21,
                2,
                28,
                26
            ],
            [
                21,
                3,
                55,
                41
            ],
            [
                21,
                2,
                31,
                29
            ],
            [
                22,
                2,
                27,
                25
            ],
            [
                22,
                2,
                27,
                25
            ],
            [
                22,
                1,
                27,
                27
            ],
            [
                22,
                2,
                28,
                26
            ],
            [
                22,
                2,
                23,
                21
            ],
            [
                22,
                3,
                54,
                40
            ],
            [
                22,
                3,
                55,
                41
            ],
            [
                22,
                4,
                37,
                9
            ],
            [
                23,
                3,
                53,
                39
            ],
            [
                23,
                2,
                8,
                4
            ],
            [
                23,
                4,
                53,
                25
            ],
            [
                23,
                4,
                54,
                26
            ],
            [
                23,
                2,
                11,
                7
            ],
            [
                23,
                4,
                54,
                26
            ],
            [
                23,
                4,
                55,
                27
            ],
            [
                23,
                4,
                55,
                27
            ],
            [
                23,
                3,
                56,
                42
            ],
            [
                24,
                4,
                55,
                27
            ],
            [
                24,
                3,
                55,
                41
            ],
            [
                24,
                3,
                55,
                41
            ],
            [
                25,
                4,
                53,
                25
            ],
            [
                25,
                4,
                53,
                25
            ],
            [
                25,
                3,
                53,
                39
            ],
            [
                25,
                2,
                22,
                20
            ],
            [
                25,
                2,
                24,
                22
            ],
            [
                25,
                3,
                53,
                39
            ],
            [
                26,
                4,
                55,
                27
            ],
            [
                26,
                4,
                56,
                28
            ],
            [
                26,
                4,
                55,
                27
            ],
            [
                26,
                4,
                56,
                28
            ],
            [
                26,
                2,
                21,
                19
            ],
            [
                27,
                2,
                22,
                20
            ],
            [
                27,
                4,
                57,
                29
            ],
            [
                27,
                2,
                22,
                20
            ],
            [
                27,
                4,
                57,
                29
            ],
            [
                28,
                2,
                25,
                21
            ],
            [
                28,
                3,
                56,
                42
            ],
            [
                28,
                3,
                56,
                42
            ],
            [
                28,
                3,
                56,
                42
            ],
            [
                28,
                3,
                56,
                42
            ],
            [
                28,
                2,
                6,
                2
            ],
            [
                28,
                4,
                60,
                32
            ],
            [
                28,
                4,
                61,
                33
            ],
            [
                28,
                3,
                61,
                47
            ],
            [
                28,
                2,
                20,
                16
            ],
            [
                28,
                4,
                61,
                33
            ],
            [
                29,
                3,
                55,
                41
            ],
            [
                29,
                2,
                24,
                20
            ],
            [
                29,
                3,
                60,
                46
            ],
            [
                29,
                2,
                20,
                16
            ],
            [
                29,
                2,
                24,
                20
            ],
            [
                29,
                2,
                25,
                21
            ]
        ],
        "lWaitDayByPriority": [
            6084,
            29,
            956,
            2988,
            2111
        ],
        "objval": 2644.2482456140347,
        "std_occupancy": 42.75597388048991
    },
    "runtime": 0.7979040145874023,
    "simdays": 150,
    "solver": "daily_greedy"
}