{
    "arrivalrate": 6.0,
    "ins_name": 100,
    "ins_path": "/ssd6/san/software/RTSP-scheduling/data/4linacs/lambda6.0/data",
    "lNoNewPatients": [
        152,
        1,
        65,
        56,
        30
    ],
    "lNoPatients": [
        306,
        1,
        69,
        157,
        79
    ],
    "lNoSections": [
        1999,
        1,
        191,
        1237,
        570
    ],
    "mipgap": 1.0,
    "noLinacs": 4,
    "noSlotsPerDay": 120,
    "planningHorizon": 80,
    "runresult": {
        "avg_occupancy": 44.3375,
        "feasibility": true,
        "lAvgLateDayByPriority": [
            15.414473684210526,
            20.0,
            14.507692307692308,
            20.410714285714285,
            7.9
        ],
        "lAvgWaitDayByPriority": [
            26.592105263157894,
            20.0,
            17.076923076923077,
            33.535714285714285,
            34.46666666666667
        ],
        "lLateDayByPriority": [
            2343,
            20,
            943,
            1143,
            237
        ],
        "lOccupancy": {
            "0": [
                0.0,
                0.0,
                0.0,
                0.0,
                0.0,
                0.0,
                0.0,
                0.0,
                0.0,
                0.0,
                0.0,
                0.0,
                0.0,
                0.0,
                0.0,
                0.0,
                0.0,
                0.0,
                0.0,
                0.0,
                0.0,
                0.0,
                0.0,
                0.0,
                0.0,
                1.25,
                0.0,
                0.0,
                0.0,
                0.0,
                0.0,
                0.0,
                0.0,
                0.0,
                0.0,
                0.0,
                0.0,
                0.0,
                0.0,
                0.0,
                0.0,
                0.0,
                0.0,
                0.0,
                0.0,
                0.0,
                0.0,
                0.0,
                0.0,
                0.0,
                0.0,
                0.0,
                0.0,
                0.0,
                0.0,
                0.0,
                0.0,
                0.0,
                0.0,
                0.0,
                0.0,
                0.0,
                0.0,
                0.0,
                0.0,
                0.0,
                0.0,
                0.0,
                0.0,
                0.0,
                0.0,
                0.0,
                0.0,
                0.0,
                0.0,
                0.0,
                0.0,
                0.0,
                0.0,
                0.0,
                0.0,
                0.0,
                0.0,
                0.0,
                0.0,
                0.0,
                0.0,
                0.0,
                0.0,
                0.0,
                0.0,
                0.0,
                0.0,
                0.0,
                0.0,
                0.0,
                0.0,
                0.0,
                0.0,
                0.0,
                0.0,
                0.0,
                0.0,
                0.0,
                0.0,
                0.0,
                0.0,
                0.0,
                0.0,
                0.0,
                0.0,
                0.0,
                0.0,
                0.0,
                0.0,
                0.0,
                0.0,
                0.0,
                0.0,
                0.0,
                0.0,
                0.0,
                0.0,
                0.0,
                0.0,
                0.0,
                0.0,
                0.0,
                0.0,
                0.0,
                0.0,
                0.0,
                0.0,
                0.0,
                0.0,
                0.0,
                0.0,
                0.0,
                0.0,
                0.0,
                0.0,
                0.0,
                0.0,
                0.0,
                0.0,
                0.0,
                0.0,
                0.0,
                0.0,
                0.0
            ],
            "1": [
                6.666666666666667,
                8.75,
                6.875000000000001,
                8.75,
                5.833333333333333,
                11.041666666666666,
                5.416666666666667,
                8.541666666666666,
                4.166666666666666,
                6.875000000000001,
                4.583333333333333,
                1.4583333333333333,
                3.125,
                3.125,
                3.125,
                4.791666666666667,
                3.125,
                3.125,
                3.3333333333333335,
                3.3333333333333335,
                3.125,
                5.208333333333334,
                3.125,
                3.125,
                3.125,
                1.4583333333333333,
                3.75,
                2.5,
                1.6666666666666667,
                4.791666666666667,
                4.791666666666667,
                4.166666666666666,
                4.166666666666666,
                5.0,
                5.833333333333333,
                6.041666666666667,
                6.041666666666667,
                6.041666666666667,
                7.708333333333334,
                7.5,
                7.708333333333334,
                8.333333333333332,
                10.833333333333334,
                8.541666666666666,
                10.208333333333334,
                16.875,
                12.291666666666666,
                10.625,
                7.916666666666666,
                9.375,
                7.916666666666666,
                6.666666666666667,
                5.0,
                5.0,
                3.3333333333333335,
                1.6666666666666667,
                5.625,
                0.0,
                0.0,
                0.0,
                0.0,
                0.0,
                0.0,
                0.0,
                0.0,
                0.0,
                0.0,
                0.0,
                0.0,
                0.0,
                0.0,
                0.0,
                0.0,
                0.0,
                0.0,
                0.0,
                0.0,
                0.0,
                0.0,
                0.0,
                0.0,
                0.0,
                0.0,
                0.0,
                0.0,
                0.0,
                0.0,
                0.0,
                0.0,
                0.0,
                0.0,
                0.0,
                0.0,
                0.0,
                0.0,
                0.0,
                0.0,
                0.0,
                0.0,
                0.0,
                0.0,
                0.0,
                0.0,
                0.0,
                0.0,
                0.0,
                0.0,
                0.0,
                0.0,
                0.0,
                0.0,
                0.0,
                0.0,
                0.0,
                0.0,
                0.0,
                0.0,
                0.0,
                0.0,
                0.0,
                0.0,
                0.0,
                0.0,
                0.0,
                0.0,
                0.0,
                0.0,
                0.0,
                0.0,
                0.0,
                0.0,
                0.0,
                0.0,
                0.0,
                0.0,
                0.0,
                0.0,
                0.0,
                0.0,
                0.0,
                0.0,
                0.0,
                0.0,
                0.0,
                0.0,
                0.0,
                0.0,
                0.0,
                0.0,
                0.0
            ],
            "2": [
                69.375,
                68.125,
                67.70833333333334,
                68.75,
                68.33333333333333,
                68.125,
                71.875,
                71.875,
                71.66666666666667,
                66.45833333333333,
                62.5,
                59.583333333333336,
                57.291666666666664,
                57.291666666666664,
                57.70833333333333,
                54.37499999999999,
                56.666666666666664,
                58.333333333333336,
                58.333333333333336,
                58.333333333333336,
                56.041666666666664,
                53.125,
                53.125,
                54.58333333333333,
                56.875,
                55.208333333333336,
                60.62499999999999,
                61.875,
                58.333333333333336,
                57.49999999999999,
                59.166666666666664,
                56.25,
                54.37499999999999,
                53.541666666666664,
                55.00000000000001,
                58.54166666666667,
                57.08333333333333,
                58.958333333333336,
                54.58333333333333,
                56.458333333333336,
                57.49999999999999,
                59.375,
                58.12500000000001,
                55.208333333333336,
                56.875,
                54.79166666666667,
                57.08333333333333,
                57.08333333333333,
                63.74999999999999,
                59.583333333333336,
                59.583333333333336,
                57.49999999999999,
                57.49999999999999,
                59.166666666666664,
                59.166666666666664,
                56.875,
                55.208333333333336,
                54.58333333333333,
                53.125,
                51.87500000000001,
                51.87500000000001,
                50.416666666666664,
                47.291666666666664,
                47.291666666666664,
                44.166666666666664,
                42.5,
                41.041666666666664,
                39.58333333333333,
                30.0,
                27.500000000000004,
                24.166666666666668,
                24.166666666666668,
                22.5,
                17.708333333333336,
                16.041666666666668,
                12.916666666666668,
                9.583333333333334,
                9.583333333333334,
                9.583333333333334,
                7.916666666666666,
                7.916666666666666,
                6.666666666666667,
                6.666666666666667,
                6.666666666666667,
                6.666666666666667,
                6.666666666666667,
                5.0,
                3.75,
                2.5,
                1.25,
                1.25,
                1.25,
                0.0,
                0.0,
                0.0,
                0.0,
                0.0,
                0.0,
                0.0,
                0.0,
                0.0,
                0.0,
                0.0,
                0.0,
                0.0,
                0.0,
                0.0,
                0.0,
                0.0,
                0.0,
                0.0,
                0.0,
                0.0,
                0.0,
                0.0,
                0.0,
                0.0,
                0.0,
                0.0,
                0.0,
                0.0,
                0.0,
                0.0,
                0.0,
                0.0,
                0.0,
                0.0,
                0.0,
                0.0,
                0.0,
                0.0,
                0.0,
                0.0,
                0.0,
                0.0,
                0.0,
                0.0,
                0.0,
                0.0,
                0.0,
                0.0,
                0.0,
                0.0,
                0.0,
                0.0,
                0.0,
                0.0,
                0.0,
                0.0,
                0.0
            ],
            "3": [
                14.583333333333334,
                15.625,
                15.416666666666668,
                15.416666666666668,
                14.374999999999998,
                14.374999999999998,
                14.374999999999998,
                17.291666666666668,
                21.666666666666668,
                25.624999999999996,
                31.458333333333332,
                37.291666666666664,
                38.75,
                38.75,
                38.75,
                40.208333333333336,
                38.54166666666667,
                37.083333333333336,
                37.083333333333336,
                37.083333333333336,
                39.166666666666664,
                41.041666666666664,
                41.458333333333336,
                40.0,
                38.333333333333336,
                40.208333333333336,
                35.41666666666667,
                34.166666666666664,
                38.54166666666667,
                36.25,
                34.791666666666664,
                38.54166666666667,
                40.625,
                40.208333333333336,
                37.708333333333336,
                34.791666666666664,
                35.0,
                32.5,
                35.208333333333336,
                35.208333333333336,
                32.708333333333336,
                30.833333333333336,
                28.958333333333336,
                34.375,
                32.29166666666667,
                27.916666666666668,
                27.916666666666668,
                27.916666666666668,
                24.375,
                27.708333333333336,
                27.708333333333336,
                28.958333333333336,
                29.791666666666668,
                27.708333333333336,
                28.749999999999996,
                32.083333333333336,
                29.791666666666668,
                29.791666666666668,
                28.125,
                28.125,
                27.083333333333332,
                22.5,
                20.208333333333332,
                19.166666666666668,
                15.416666666666668,
                15.416666666666668,
                14.374999999999998,
                13.333333333333334,
                11.666666666666666,
                11.666666666666666,
                10.0,
                8.333333333333332,
                8.333333333333332,
                5.625,
                5.625,
                5.625,
                5.625,
                5.625,
                5.625,
                4.375,
                3.125,
                3.125,
                3.125,
                3.125,
                3.125,
                2.083333333333333,
                2.083333333333333,
                2.083333333333333,
                0.0,
                0.0,
                0.0,
                0.0,
                0.0,
                0.0,
                0.0,
                0.0,
                0.0,
                0.0,
                0.0,
                0.0,
                0.0,
                0.0,
                0.0,
                0.0,
                0.0,
                0.0,
                0.0,
                0.0,
                0.0,
                0.0,
                0.0,
                0.0,
                0.0,
                0.0,
                0.0,
                0.0,
                0.0,
                0.0,
                0.0,
                0.0,
                0.0,
                0.0,
                0.0,
                0.0,
                0.0,
                0.0,
                0.0,
                0.0,
                0.0,
                0.0,
                0.0,
                0.0,
                0.0,
                0.0,
                0.0,
                0.0,
                0.0,
                0.0,
                0.0,
                0.0,
                0.0,
                0.0,
                0.0,
                0.0,
                0.0,
                0.0,
                0.0,
                0.0,
                0.0,
                0.0
            ],
            "overall": [
                90.625,
                92.5,
                90.00000000000001,
                92.91666666666667,
                88.54166666666666,
                93.54166666666667,
                91.66666666666667,
                97.70833333333334,
                97.50000000000001,
                98.95833333333333,
                98.54166666666666,
                98.33333333333334,
                99.16666666666666,
                99.16666666666666,
                99.58333333333333,
                99.375,
                98.33333333333334,
                98.54166666666667,
                98.75,
                98.75,
                98.33333333333333,
                99.375,
                97.70833333333334,
                97.70833333333333,
                98.33333333333334,
                98.125,
                99.79166666666667,
                98.54166666666666,
                98.54166666666667,
                98.54166666666666,
                98.75,
                98.95833333333334,
                99.16666666666666,
                98.75,
                98.54166666666669,
                99.375,
                98.125,
                97.5,
                97.5,
                99.16666666666667,
                97.91666666666666,
                98.54166666666666,
                97.91666666666669,
                98.125,
                99.375,
                99.58333333333334,
                97.29166666666667,
                95.625,
                96.04166666666666,
                96.66666666666669,
                95.20833333333334,
                93.125,
                92.29166666666666,
                91.875,
                91.25,
                90.625,
                90.625,
                84.375,
                81.25,
                80.0,
                78.95833333333334,
                72.91666666666666,
                67.5,
                66.45833333333333,
                59.58333333333333,
                57.91666666666667,
                55.416666666666664,
                52.916666666666664,
                41.666666666666664,
                39.16666666666667,
                34.16666666666667,
                32.5,
                30.833333333333332,
                23.333333333333336,
                21.666666666666668,
                18.541666666666668,
                15.208333333333334,
                15.208333333333334,
                15.208333333333334,
                12.291666666666666,
                11.041666666666666,
                9.791666666666668,
                9.791666666666668,
                9.791666666666668,
                9.791666666666668,
                8.75,
                7.083333333333333,
                5.833333333333333,
                2.5,
                1.25,
                1.25,
                1.25,
                0.0,
                0.0,
                0.0,
                0.0,
                0.0,
                0.0,
                0.0,
                0.0,
                0.0,
                0.0,
                0.0,
                0.0,
                0.0,
                0.0,
                0.0,
                0.0,
                0.0,
                0.0,
                0.0,
                0.0,
                0.0,
                0.0,
                0.0,
                0.0,
                0.0,
                0.0,
                0.0,
                0.0,
                0.0,
                0.0,
                0.0,
                0.0,
                0.0,
                0.0,
                0.0,
                0.0,
                0.0,
                0.0,
                0.0,
                0.0,
                0.0,
                0.0,
                0.0,
                0.0,
                0.0,
                0.0,
                0.0,
                0.0,
                0.0,
                0.0,
                0.0,
                0.0,
                0.0,
                0.0,
                0.0,
                0.0,
                0.0,
                0.0
            ]
        },
        "lWaitAndOverdue": [
            [
                0,
                2,
                0,
                0
            ],
            [
                0,
                4,
                14,
                0
            ],
            [
                0,
                2,
                1,
                0
            ],
            [
                1,
                4,
                14,
                0
            ],
            [
                1,
                2,
                0,
                0
            ],
            [
                1,
                3,
                7,
                0
            ],
            [
                2,
                2,
                1,
                0
            ],
            [
                2,
                2,
                1,
                0
            ],
            [
                2,
                3,
                7,
                0
            ],
            [
                2,
                4,
                14,
                0
            ],
            [
                3,
                3,
                7,
                0
            ],
            [
                3,
                3,
                7,
                0
            ],
            [
                3,
                3,
                7,
                0
            ],
            [
                3,
                2,
                4,
                0
            ],
            [
                4,
                3,
                7,
                0
            ],
            [
                4,
                3,
                14,
                0
            ],
            [
                4,
                2,
                3,
                0
            ],
            [
                4,
                3,
                7,
                0
            ],
            [
                4,
                3,
                32,
                18
            ],
            [
                4,
                2,
                3,
                0
            ],
            [
                4,
                2,
                0,
                0
            ],
            [
                5,
                4,
                36,
                8
            ],
            [
                5,
                2,
                0,
                0
            ],
            [
                5,
                4,
                37,
                9
            ],
            [
                5,
                4,
                37,
                9
            ],
            [
                5,
                4,
                38,
                10
            ],
            [
                5,
                3,
                38,
                24
            ],
            [
                5,
                3,
                29,
                15
            ],
            [
                6,
                3,
                37,
                23
            ],
            [
                6,
                2,
                3,
                1
            ],
            [
                6,
                3,
                37,
                23
            ],
            [
                7,
                3,
                37,
                23
            ],
            [
                7,
                2,
                0,
                0
            ],
            [
                7,
                2,
                2,
                0
            ],
            [
                7,
                3,
                40,
                26
            ],
            [
                7,
                3,
                40,
                26
            ],
            [
                7,
                3,
                40,
                26
            ],
            [
                7,
                3,
                41,
                27
            ],
            [
                7,
                2,
                2,
                0
            ],
            [
                7,
                2,
                0,
                0
            ],
            [
                8,
                2,
                4,
                0
            ],
            [
                8,
                4,
                40,
                12
            ],
            [
                8,
                2,
                11,
                7
            ],
            [
                8,
                3,
                40,
                26
            ],
            [
                8,
                4,
                40,
                12
            ],
            [
                9,
                2,
                0,
                0
            ],
            [
                9,
                3,
                39,
                25
            ],
            [
                9,
                2,
                11,
                7
            ],
            [
                9,
                3,
                40,
                26
            ],
            [
                9,
                3,
                40,
                26
            ],
            [
                9,
                2,
                18,
                14
            ],
            [
                9,
                4,
                27,
                0
            ],
            [
                10,
                3,
                37,
                23
            ],
            [
                10,
                2,
                2,
                0
            ],
            [
                10,
                4,
                38,
                10
            ],
            [
                10,
                3,
                39,
                25
            ],
            [
                10,
                3,
                39,
                25
            ],
            [
                10,
                3,
                39,
                25
            ],
            [
                11,
                3,
                38,
                24
            ],
            [
                11,
                3,
                38,
                24
            ],
            [
                11,
                3,
                38,
                24
            ],
            [
                11,
                2,
                9,
                7
            ],
            [
                11,
                2,
                13,
                11
            ],
            [
                11,
                2,
                15,
                13
            ],
            [
                11,
                2,
                21,
                19
            ],
            [
                11,
                2,
                14,
                12
            ],
            [
                11,
                1,
                20,
                20
            ],
            [
                12,
                4,
                40,
                12
            ],
            [
                12,
                3,
                40,
                26
            ],
            [
                12,
                3,
                40,
                26
            ],
            [
                12,
                2,
                20,
                18
            ],
            [
                13,
                4,
                35,
                7
            ],
            [
                13,
                3,
                39,
                25
            ],
            [
                13,
                3,
                39,
                25
            ],
            [
                13,
                2,
                4,
                0
            ],
            [
                13,
                3,
                39,
                25
            ],
            [
                13,
                2,
                21,
                17
            ],
            [
                13,
                2,
                22,
                18
            ],
            [
                13,
                2,
                22,
                18
            ],
            [
                13,
                3,
                40,
                26
            ],
            [
                13,
                4,
                39,
                11
            ],
            [
                13,
                3,
                40,
                26
            ],
            [
                14,
                2,
                27,
                23
            ],
            [
                14,
                2,
                24,
                20
            ],
            [
                14,
                3,
                39,
                25
            ],
            [
                14,
                4,
                39,
                11
            ],
            [
                15,
                2,
                24,
                22
            ],
            [
                16,
                3,
                36,
                22
            ],
            [
                16,
                2,
                24,
                22
            ],
            [
                17,
                2,
                23,
                21
            ],
            [
                17,
                2,
                35,
                33
            ],
            [
                17,
                2,
                26,
                24
            ],
            [
                17,
                2,
                29,
                27
            ],
            [
                17,
                2,
                33,
                31
            ],
            [
                17,
                2,
                19,
                17
            ],
            [
                17,
                4,
                36,
                8
            ],
            [
                18,
                2,
                19,
                15
            ],
            [
                18,
                4,
                35,
                7
            ],
            [
                18,
                3,
                36,
                22
            ],
            [
                18,
                4,
                35,
                7
            ],
            [
                19,
                2,
                24,
                20
            ],
            [
                19,
                2,
                19,
                15
            ],
            [
                19,
                2,
                28,
                24
            ],
            [
                19,
                4,
                34,
                6
            ],
            [
                20,
                3,
                32,
                18
            ],
            [
                20,
                2,
                16,
                14
            ],
            [
                20,
                3,
                36,
                22
            ],
            [
                20,
                3,
                38,
                24
            ],
            [
                20,
                3,
                38,
                24
            ],
            [
                21,
                4,
                38,
                10
            ],
            [
                21,
                3,
                38,
                24
            ],
            [
                21,
                4,
                31,
                3
            ],
            [
                21,
                3,
                37,
                23
            ],
            [
                21,
                2,
                27,
                25
            ],
            [
                22,
                2,
                27,
                25
            ],
            [
                22,
                4,
                37,
                9
            ],
            [
                22,
                3,
                37,
                23
            ],
            [
                22,
                2,
                27,
                25
            ],
            [
                23,
                2,
                26,
                22
            ],
            [
                23,
                2,
                28,
                24
            ],
            [
                24,
                3,
                35,
                21
            ],
            [
                24,
                4,
                39,
                11
            ],
            [
                24,
                2,
                28,
                24
            ],
            [
                25,
                2,
                28,
                26
            ],
            [
                25,
                3,
                36,
                22
            ],
            [
                25,
                2,
                28,
                26
            ],
            [
                25,
                2,
                22,
                20
            ],
            [
                25,
                3,
                36,
                22
            ],
            [
                25,
                3,
                37,
                23
            ],
            [
                25,
                4,
                37,
                9
            ],
            [
                26,
                4,
                36,
                8
            ],
            [
                26,
                3,
                37,
                23
            ],
            [
                26,
                3,
                38,
                24
            ],
            [
                27,
                2,
                27,
                25
            ],
            [
                27,
                3,
                37,
                23
            ],
            [
                27,
                2,
                28,
                26
            ],
            [
                27,
                4,
                37,
                9
            ],
            [
                28,
                2,
                25,
                21
            ],
            [
                28,
                2,
                29,
                25
            ],
            [
                28,
                2,
                32,
                28
            ],
            [
                28,
                2,
                15,
                11
            ],
            [
                28,
                4,
                36,
                8
            ],
            [
                28,
                4,
                39,
                11
            ],
            [
                29,
                4,
                38,
                10
            ],
            [
                29,
                4,
                38,
                10
            ],
            [
                29,
                3,
                38,
                24
            ],
            [
                29,
                2,
                20,
                16
            ],
            [
                29,
                3,
                39,
                25
            ],
            [
                29,
                2,
                25,
                21
            ],
            [
                29,
                2,
                32,
                28
            ],
            [
                29,
                3,
                40,
                26
            ],
            [
                29,
                2,
                39,
                35
            ]
        ],
        "lWaitDayByPriority": [
            4042,
            20,
            1110,
            1878,
            1034
        ],
        "objval": 2701.5900183150184,
        "std_occupancy": 44.87664464901207
    },
    "runtime": 0.6076662540435791,
    "simdays": 150,
    "solver": "daily_greedy"
}