{
    "arrivalrate": 6.0,
    "ins_name": 140,
    "ins_path": "/home/tusan/projects/def-roussea5/tusan/exp/2021_Oct/4linacs/lambda6.0/data",
    "lNoNewPatients": [
        174,
        2,
        78,
        50,
        44
    ],
    "lNoPatients": [
        350,
        2,
        83,
        164,
        101
    ],
    "lNoSections": [
        2146,
        11,
        242,
        1114,
        779
    ],
    "mipgap": 30.0,
    "noLinacs": 4,
    "noSlotsPerDay": 120,
    "planningHorizon": 80,
    "runresult": {
        "feasibility": true,
        "lAvgLateDayByPriority": [
            13.60919540229885,
            0.0,
            0.23076923076923078,
            33.8,
            15.0
        ],
        "lAvgWaitDayByPriority": [
            25.408045977011493,
            0.0,
            2.3076923076923075,
            47.8,
            42.06818181818182
        ],
        "lLateDayByPriority": [
            2368,
            0,
            18,
            1690,
            660
        ],
        "lWaitDayByPriority": [
            4421,
            0,
            180,
            2390,
            1851
        ],
        "objval": 20361.975874125874
    },
    "runtime": 0.9796004295349121,
    "simdays": 30,
    "solver": "prediction"
}