{
    "arrivalrate": 6.0,
    "ins_name": 160,
    "ins_path": "/home/tusan/projects/def-roussea5/tusan/exp/2021_Oct/4linacs/lambda6.0/data",
    "lNoNewPatients": [
        166,
        2,
        69,
        53,
        42
    ],
    "lNoPatients": [
        340,
        2,
        77,
        163,
        98
    ],
    "lNoSections": [
        2092,
        11,
        216,
        1096,
        769
    ],
    "mipgap": 1.0,
    "noLinacs": 4,
    "noSlotsPerDay": 120,
    "planningHorizon": 80,
    "runresult": {
        "feasibility": true,
        "lAvgLateDayByPriority": [
            19.216867469879517,
            17.0,
            16.492753623188406,
            24.92452830188679,
            16.595238095238095
        ],
        "lAvgWaitDayByPriority": [
            31.216867469879517,
            17.0,
            19.130434782608695,
            37.867924528301884,
            43.357142857142854
        ],
        "lLateDayByPriority": [
            3190,
            34,
            1138,
            1321,
            697
        ],
        "lWaitDayByPriority": [
            5182,
            34,
            1320,
            2007,
            1821
        ],
        "objval": 20717.54193523184
    },
    "runtime": 5.894342422485352,
    "simdays": 30,
    "solver": "weekly"
}