{
    "arrivalrate": 6.0,
    "ins_name": 214,
    "ins_path": "/home/tusan/projects/def-roussea5/tusan/exp/2021_Oct/4linacs/lambda6.0/data",
    "lNoNewPatients": [
        180,
        2,
        77,
        57,
        44
    ],
    "lNoPatients": [
        347,
        2,
        86,
        160,
        99
    ],
    "lNoSections": [
        2252,
        11,
        237,
        1214,
        790
    ],
    "mipgap": 0.014999517230833153,
    "noLinacs": 4,
    "noSlotsPerDay": 120,
    "planningHorizon": 80,
    "runresult": {
        "feasibility": true,
        "lAvgLateDayByPriority": [
            10.666666666666666,
            3.0,
            0.15584415584415584,
            25.70175438596491,
            9.931818181818182
        ],
        "lAvgWaitDayByPriority": [
            22.233333333333334,
            3.0,
            1.9350649350649352,
            39.578947368421055,
            36.15909090909091
        ],
        "lLateDayByPriority": [
            1920,
            6,
            12,
            1465,
            437
        ],
        "lWaitDayByPriority": [
            4002,
            6,
            149,
            2256,
            1591
        ],
        "objval": 20363.878104351792
    },
    "runtime": 817.0107898712158,
    "simdays": 30,
    "solver": "static"
}