{
    "arrivalrate": 6.0,
    "ins_name": 407,
    "ins_path": "/home/tusan/projects/def-roussea5/tusan/exp/2021_Oct/4linacs/lambda6.0/data",
    "lNoNewPatients": [
        175,
        2,
        75,
        54,
        44
    ],
    "lNoPatients": [
        354,
        2,
        85,
        166,
        101
    ],
    "lNoSections": [
        2245,
        11,
        230,
        1196,
        808
    ],
    "mipgap": 0.01490946800703846,
    "noLinacs": 4,
    "noSlotsPerDay": 120,
    "planningHorizon": 80,
    "runresult": {
        "feasibility": true,
        "lAvgLateDayByPriority": [
            11.697142857142858,
            1.0,
            0.04,
            28.962962962962962,
            10.863636363636363
        ],
        "lAvgWaitDayByPriority": [
            23.274285714285714,
            1.0,
            1.4533333333333334,
            42.96296296296296,
            37.31818181818182
        ],
        "lLateDayByPriority": [
            2047,
            2,
            3,
            1564,
            478
        ],
        "lWaitDayByPriority": [
            4073,
            2,
            109,
            2320,
            1642
        ],
        "objval": 20345.681077441077
    },
    "runtime": 65.49506759643555,
    "simdays": 30,
    "solver": "static"
}