{
    "arrivalrate": 6.0,
    "ins_name": 430,
    "ins_path": "/ssd6/san/software/RTSP-scheduling/data/4linacs/lambda6.0/data",
    "lNoNewPatients": [
        161,
        1,
        64,
        62,
        34
    ],
    "lNoPatients": [
        293,
        1,
        68,
        146,
        78
    ],
    "lNoSections": [
        2181,
        1,
        188,
        1316,
        676
    ],
    "mipgap": 1.0,
    "noLinacs": 4,
    "noSlotsPerDay": 120,
    "planningHorizon": 80,
    "runresult": {
        "avg_occupancy": 41.70277777777778,
        "feasibility": true,
        "lAvgLateDayByPriority": [
            10.937888198757763,
            11.0,
            10.765625,
            15.612903225806452,
            2.735294117647059
        ],
        "lAvgWaitDayByPriority": [
            22.571428571428573,
            11.0,
            13.34375,
            28.822580645161292,
            28.88235294117647
        ],
        "lLateDayByPriority": [
            1761,
            11,
            689,
            968,
            93
        ],
        "lOccupancy": {
            "0": [
                0.0,
                0.0,
                0.0,
                0.0,
                0.0,
                0.0,
                0.0,
                0.0,
                0.0,
                0.0,
                0.0,
                0.0,
                0.0,
                0.0,
                0.0,
                0.0,
                0.0,
                0.0,
                0.0,
                0.0,
                0.0,
                1.25,
                0.0,
                0.0,
                0.0,
                0.0,
                0.0,
                0.0,
                0.0,
                0.0,
                0.0,
                0.0,
                0.0,
                0.0,
                0.0,
                0.0,
                0.0,
                0.0,
                0.0,
                0.0,
                0.0,
                0.0,
                0.0,
                0.0,
                0.0,
                0.0,
                0.0,
                0.0,
                0.0,
                0.0,
                0.0,
                0.0,
                0.0,
                0.0,
                0.0,
                0.0,
                0.0,
                0.0,
                0.0,
                0.0,
                0.0,
                0.0,
                0.0,
                0.0,
                0.0,
                0.0,
                0.0,
                0.0,
                0.0,
                0.0,
                0.0,
                0.0,
                0.0,
                0.0,
                0.0,
                0.0,
                0.0,
                0.0,
                0.0,
                0.0,
                0.0,
                0.0,
                0.0,
                0.0,
                0.0,
                0.0,
                0.0,
                0.0,
                0.0,
                0.0,
                0.0,
                0.0,
                0.0,
                0.0,
                0.0,
                0.0,
                0.0,
                0.0,
                0.0,
                0.0,
                0.0,
                0.0,
                0.0,
                0.0,
                0.0,
                0.0,
                0.0,
                0.0,
                0.0,
                0.0,
                0.0,
                0.0,
                0.0,
                0.0,
                0.0,
                0.0,
                0.0,
                0.0,
                0.0,
                0.0,
                0.0,
                0.0,
                0.0,
                0.0,
                0.0,
                0.0,
                0.0,
                0.0,
                0.0,
                0.0,
                0.0,
                0.0,
                0.0,
                0.0,
                0.0,
                0.0,
                0.0,
                0.0,
                0.0,
                0.0,
                0.0,
                0.0,
                0.0,
                0.0,
                0.0,
                0.0,
                0.0,
                0.0,
                0.0,
                0.0
            ],
            "1": [
                6.666666666666667,
                11.041666666666666,
                7.916666666666666,
                4.791666666666667,
                9.583333333333334,
                2.9166666666666665,
                2.9166666666666665,
                2.9166666666666665,
                2.9166666666666665,
                8.125,
                5.625,
                3.958333333333333,
                4.583333333333333,
                3.958333333333333,
                2.7083333333333335,
                3.125,
                3.125,
                3.3333333333333335,
                3.958333333333333,
                5.208333333333334,
                2.2916666666666665,
                3.958333333333333,
                2.7083333333333335,
                4.791666666666667,
                1.6666666666666667,
                5.625,
                5.625,
                5.625,
                6.041666666666667,
                5.416666666666667,
                4.375,
                5.208333333333334,
                5.625,
                8.125,
                7.708333333333334,
                8.333333333333332,
                6.25,
                5.0,
                8.75,
                9.375,
                12.708333333333332,
                15.833333333333332,
                13.958333333333334,
                12.5,
                10.833333333333334,
                9.583333333333334,
                7.916666666666666,
                6.25,
                8.125,
                5.0,
                3.3333333333333335,
                1.6666666666666667,
                1.6666666666666667,
                0.0,
                0.0,
                0.0,
                0.0,
                0.0,
                0.0,
                0.0,
                0.0,
                0.0,
                0.0,
                0.0,
                0.0,
                0.0,
                0.0,
                0.0,
                0.0,
                0.0,
                0.0,
                0.0,
                0.0,
                0.0,
                0.0,
                0.0,
                0.0,
                0.0,
                0.0,
                0.0,
                0.0,
                0.0,
                0.0,
                0.0,
                0.0,
                0.0,
                0.0,
                0.0,
                0.0,
                0.0,
                0.0,
                0.0,
                0.0,
                0.0,
                0.0,
                0.0,
                0.0,
                0.0,
                0.0,
                0.0,
                0.0,
                0.0,
                0.0,
                0.0,
                0.0,
                0.0,
                0.0,
                0.0,
                0.0,
                0.0,
                0.0,
                0.0,
                0.0,
                0.0,
                0.0,
                0.0,
                0.0,
                0.0,
                0.0,
                0.0,
                0.0,
                0.0,
                0.0,
                0.0,
                0.0,
                0.0,
                0.0,
                0.0,
                0.0,
                0.0,
                0.0,
                0.0,
                0.0,
                0.0,
                0.0,
                0.0,
                0.0,
                0.0,
                0.0,
                0.0,
                0.0,
                0.0,
                0.0,
                0.0,
                0.0,
                0.0,
                0.0,
                0.0,
                0.0,
                0.0
            ],
            "2": [
                66.875,
                68.95833333333333,
                68.54166666666667,
                67.29166666666667,
                65.0,
                62.916666666666664,
                69.375,
                63.74999999999999,
                60.416666666666664,
                53.125,
                54.37499999999999,
                51.87500000000001,
                56.666666666666664,
                54.79166666666667,
                56.25,
                56.25,
                55.833333333333336,
                53.95833333333333,
                52.083333333333336,
                50.208333333333336,
                53.333333333333336,
                52.708333333333336,
                53.95833333333333,
                53.95833333333333,
                55.833333333333336,
                52.916666666666664,
                56.041666666666664,
                52.29166666666667,
                52.29166666666667,
                50.416666666666664,
                55.833333333333336,
                55.833333333333336,
                59.166666666666664,
                53.75,
                56.458333333333336,
                56.041666666666664,
                59.791666666666664,
                61.04166666666667,
                60.62499999999999,
                59.583333333333336,
                61.25000000000001,
                58.12500000000001,
                56.041666666666664,
                59.791666666666664,
                63.74999999999999,
                63.95833333333333,
                63.95833333333333,
                62.5,
                60.20833333333333,
                62.5,
                62.5,
                60.62499999999999,
                57.08333333333333,
                53.541666666666664,
                53.541666666666664,
                50.625,
                49.166666666666664,
                47.91666666666667,
                44.79166666666667,
                44.79166666666667,
                41.66666666666667,
                40.0,
                40.0,
                37.5,
                34.375,
                26.458333333333332,
                26.458333333333332,
                21.666666666666668,
                21.666666666666668,
                20.0,
                18.541666666666668,
                13.541666666666666,
                13.541666666666666,
                8.75,
                7.083333333333333,
                7.083333333333333,
                7.083333333333333,
                5.416666666666667,
                5.416666666666667,
                5.416666666666667,
                4.166666666666666,
                4.166666666666666,
                2.5,
                2.5,
                1.25,
                1.25,
                0.0,
                0.0,
                0.0,
                0.0,
                0.0,
                0.0,
                0.0,
                0.0,
                0.0,
                0.0,
                0.0,
                0.0,
                0.0,
                0.0,
                0.0,
                0.0,
                0.0,
                0.0,
                0.0,
                0.0,
                0.0,
                0.0,
                0.0,
                0.0,
                0.0,
                0.0,
                0.0,
                0.0,
                0.0,
                0.0,
                0.0,
                0.0,
                0.0,
                0.0,
                0.0,
                0.0,
                0.0,
                0.0,
                0.0,
                0.0,
                0.0,
                0.0,
                0.0,
                0.0,
                0.0,
                0.0,
                0.0,
                0.0,
                0.0,
                0.0,
                0.0,
                0.0,
                0.0,
                0.0,
                0.0,
                0.0,
                0.0,
                0.0,
                0.0,
                0.0,
                0.0,
                0.0,
                0.0,
                0.0
            ],
            "3": [
                15.208333333333332,
                13.958333333333334,
                14.374999999999998,
                15.833333333333332,
                17.291666666666668,
                24.166666666666668,
                27.083333333333332,
                32.916666666666664,
                35.41666666666667,
                37.291666666666664,
                39.375,
                42.291666666666664,
                37.708333333333336,
                39.166666666666664,
                39.166666666666664,
                39.166666666666664,
                40.208333333333336,
                41.25,
                43.125,
                43.333333333333336,
                42.291666666666664,
                40.833333333333336,
                42.083333333333336,
                40.625,
                40.625,
                40.625,
                37.708333333333336,
                41.458333333333336,
                41.041666666666664,
                43.541666666666664,
                38.125,
                38.125,
                33.75,
                36.875,
                32.916666666666664,
                34.791666666666664,
                32.29166666666667,
                30.833333333333336,
                27.916666666666668,
                28.749999999999996,
                23.958333333333336,
                24.166666666666668,
                27.291666666666664,
                23.958333333333336,
                22.916666666666664,
                22.916666666666664,
                21.875,
                25.208333333333332,
                27.500000000000004,
                26.25,
                23.75,
                26.25,
                29.583333333333332,
                27.291666666666664,
                27.291666666666664,
                27.291666666666664,
                25.624999999999996,
                24.583333333333332,
                21.458333333333332,
                21.458333333333332,
                17.708333333333336,
                16.458333333333332,
                15.416666666666668,
                14.374999999999998,
                13.333333333333334,
                13.333333333333334,
                11.666666666666666,
                11.666666666666666,
                10.0,
                8.333333333333332,
                7.083333333333333,
                7.083333333333333,
                5.625,
                5.625,
                5.625,
                5.625,
                4.375,
                3.125,
                3.125,
                3.125,
                3.125,
                2.083333333333333,
                2.083333333333333,
                2.083333333333333,
                2.083333333333333,
                0.0,
                0.0,
                0.0,
                0.0,
                0.0,
                0.0,
                0.0,
                0.0,
                0.0,
                0.0,
                0.0,
                0.0,
                0.0,
                0.0,
                0.0,
                0.0,
                0.0,
                0.0,
                0.0,
                0.0,
                0.0,
                0.0,
                0.0,
                0.0,
                0.0,
                0.0,
                0.0,
                0.0,
                0.0,
                0.0,
                0.0,
                0.0,
                0.0,
                0.0,
                0.0,
                0.0,
                0.0,
                0.0,
                0.0,
                0.0,
                0.0,
                0.0,
                0.0,
                0.0,
                0.0,
                0.0,
                0.0,
                0.0,
                0.0,
                0.0,
                0.0,
                0.0,
                0.0,
                0.0,
                0.0,
                0.0,
                0.0,
                0.0,
                0.0,
                0.0,
                0.0,
                0.0,
                0.0,
                0.0,
                0.0
            ],
            "overall": [
                88.75,
                93.95833333333333,
                90.83333333333334,
                87.91666666666667,
                91.875,
                90.0,
                99.375,
                99.58333333333331,
                98.75,
                98.54166666666666,
                99.375,
                98.125,
                98.95833333333334,
                97.91666666666667,
                98.125,
                98.54166666666666,
                99.16666666666667,
                98.54166666666666,
                99.16666666666667,
                98.75,
                97.91666666666666,
                98.75,
                98.75,
                99.375,
                98.125,
                99.16666666666666,
                99.375,
                99.375,
                99.375,
                99.375,
                98.33333333333334,
                99.16666666666667,
                98.54166666666666,
                98.75,
                97.08333333333334,
                99.16666666666666,
                98.33333333333333,
                96.875,
                97.29166666666667,
                97.70833333333334,
                97.91666666666669,
                98.12500000000001,
                97.29166666666666,
                96.25,
                97.5,
                96.45833333333331,
                93.75,
                93.95833333333333,
                95.83333333333333,
                93.75,
                89.58333333333333,
                88.54166666666666,
                88.33333333333333,
                80.83333333333333,
                80.83333333333333,
                77.91666666666666,
                74.79166666666666,
                72.5,
                66.25,
                66.25,
                59.37500000000001,
                56.45833333333333,
                55.41666666666667,
                51.875,
                47.708333333333336,
                39.791666666666664,
                38.125,
                33.333333333333336,
                31.666666666666668,
                28.333333333333332,
                25.625,
                20.625,
                19.166666666666664,
                14.375,
                12.708333333333332,
                12.708333333333332,
                11.458333333333332,
                8.541666666666668,
                8.541666666666668,
                8.541666666666668,
                7.291666666666666,
                6.249999999999999,
                4.583333333333333,
                4.583333333333333,
                3.333333333333333,
                1.25,
                0.0,
                0.0,
                0.0,
                0.0,
                0.0,
                0.0,
                0.0,
                0.0,
                0.0,
                0.0,
                0.0,
                0.0,
                0.0,
                0.0,
                0.0,
                0.0,
                0.0,
                0.0,
                0.0,
                0.0,
                0.0,
                0.0,
                0.0,
                0.0,
                0.0,
                0.0,
                0.0,
                0.0,
                0.0,
                0.0,
                0.0,
                0.0,
                0.0,
                0.0,
                0.0,
                0.0,
                0.0,
                0.0,
                0.0,
                0.0,
                0.0,
                0.0,
                0.0,
                0.0,
                0.0,
                0.0,
                0.0,
                0.0,
                0.0,
                0.0,
                0.0,
                0.0,
                0.0,
                0.0,
                0.0,
                0.0,
                0.0,
                0.0,
                0.0,
                0.0,
                0.0,
                0.0,
                0.0,
                0.0
            ]
        },
        "lWaitAndOverdue": [
            [
                0,
                2,
                1,
                0
            ],
            [
                0,
                4,
                14,
                0
            ],
            [
                0,
                4,
                14,
                0
            ],
            [
                0,
                3,
                7,
                0
            ],
            [
                0,
                2,
                0,
                0
            ],
            [
                0,
                2,
                0,
                0
            ],
            [
                0,
                3,
                7,
                0
            ],
            [
                0,
                4,
                14,
                0
            ],
            [
                1,
                3,
                7,
                0
            ],
            [
                1,
                4,
                14,
                0
            ],
            [
                1,
                3,
                7,
                0
            ],
            [
                1,
                3,
                7,
                0
            ],
            [
                1,
                3,
                7,
                0
            ],
            [
                1,
                3,
                7,
                0
            ],
            [
                2,
                3,
                16,
                2
            ],
            [
                2,
                2,
                1,
                0
            ],
            [
                2,
                4,
                22,
                0
            ],
            [
                2,
                2,
                2,
                0
            ],
            [
                3,
                4,
                28,
                0
            ],
            [
                4,
                2,
                0,
                0
            ],
            [
                4,
                3,
                28,
                14
            ],
            [
                4,
                2,
                0,
                0
            ],
            [
                4,
                2,
                0,
                0
            ],
            [
                4,
                3,
                31,
                17
            ],
            [
                4,
                4,
                31,
                3
            ],
            [
                4,
                3,
                31,
                17
            ],
            [
                4,
                3,
                31,
                17
            ],
            [
                5,
                3,
                28,
                14
            ],
            [
                5,
                2,
                4,
                2
            ],
            [
                5,
                3,
                28,
                14
            ],
            [
                5,
                3,
                29,
                15
            ],
            [
                5,
                2,
                4,
                2
            ],
            [
                5,
                3,
                29,
                15
            ],
            [
                5,
                3,
                29,
                15
            ],
            [
                5,
                2,
                4,
                2
            ],
            [
                6,
                2,
                3,
                1
            ],
            [
                6,
                4,
                29,
                1
            ],
            [
                6,
                2,
                3,
                1
            ],
            [
                6,
                4,
                31,
                3
            ],
            [
                6,
                4,
                30,
                2
            ],
            [
                6,
                4,
                34,
                6
            ],
            [
                6,
                3,
                34,
                20
            ],
            [
                6,
                3,
                34,
                20
            ],
            [
                6,
                3,
                34,
                20
            ],
            [
                7,
                2,
                5,
                3
            ],
            [
                7,
                3,
                33,
                19
            ],
            [
                7,
                3,
                34,
                20
            ],
            [
                7,
                2,
                7,
                5
            ],
            [
                7,
                2,
                9,
                7
            ],
            [
                7,
                3,
                34,
                20
            ],
            [
                8,
                3,
                34,
                20
            ],
            [
                8,
                3,
                34,
                20
            ],
            [
                8,
                3,
                32,
                18
            ],
            [
                8,
                2,
                7,
                3
            ],
            [
                8,
                2,
                14,
                10
            ],
            [
                8,
                2,
                13,
                9
            ],
            [
                8,
                4,
                35,
                7
            ],
            [
                9,
                2,
                14,
                10
            ],
            [
                9,
                3,
                35,
                21
            ],
            [
                10,
                4,
                31,
                3
            ],
            [
                10,
                2,
                1,
                0
            ],
            [
                10,
                3,
                32,
                18
            ],
            [
                10,
                2,
                17,
                15
            ],
            [
                10,
                3,
                35,
                21
            ],
            [
                11,
                3,
                31,
                17
            ],
            [
                11,
                2,
                14,
                12
            ],
            [
                11,
                4,
                34,
                6
            ],
            [
                11,
                3,
                34,
                20
            ],
            [
                11,
                2,
                20,
                18
            ],
            [
                11,
                4,
                35,
                7
            ],
            [
                12,
                3,
                34,
                20
            ],
            [
                12,
                3,
                34,
                20
            ],
            [
                12,
                3,
                34,
                20
            ],
            [
                12,
                3,
                34,
                20
            ],
            [
                12,
                3,
                35,
                21
            ],
            [
                12,
                3,
                35,
                21
            ],
            [
                13,
                2,
                4,
                0
            ],
            [
                13,
                2,
                21,
                17
            ],
            [
                13,
                2,
                21,
                17
            ],
            [
                13,
                2,
                26,
                22
            ],
            [
                14,
                2,
                7,
                3
            ],
            [
                14,
                1,
                11,
                11
            ],
            [
                14,
                4,
                33,
                5
            ],
            [
                14,
                3,
                33,
                19
            ],
            [
                14,
                3,
                33,
                19
            ],
            [
                15,
                2,
                9,
                7
            ],
            [
                15,
                4,
                29,
                1
            ],
            [
                15,
                3,
                30,
                16
            ],
            [
                15,
                3,
                31,
                17
            ],
            [
                16,
                2,
                6,
                4
            ],
            [
                16,
                3,
                30,
                16
            ],
            [
                16,
                2,
                22,
                20
            ],
            [
                16,
                2,
                9,
                7
            ],
            [
                17,
                2,
                8,
                6
            ],
            [
                17,
                3,
                29,
                15
            ],
            [
                17,
                4,
                29,
                1
            ],
            [
                18,
                3,
                29,
                15
            ],
            [
                18,
                2,
                21,
                17
            ],
            [
                18,
                2,
                14,
                10
            ],
            [
                18,
                3,
                29,
                15
            ],
            [
                18,
                4,
                29,
                1
            ],
            [
                19,
                2,
                20,
                16
            ],
            [
                19,
                3,
                31,
                17
            ],
            [
                19,
                2,
                10,
                6
            ],
            [
                19,
                2,
                21,
                17
            ],
            [
                20,
                2,
                29,
                27
            ],
            [
                20,
                2,
                21,
                19
            ],
            [
                20,
                2,
                23,
                21
            ],
            [
                20,
                2,
                25,
                23
            ],
            [
                20,
                2,
                7,
                5
            ],
            [
                20,
                4,
                29,
                1
            ],
            [
                21,
                2,
                8,
                6
            ],
            [
                21,
                4,
                29,
                1
            ],
            [
                21,
                3,
                30,
                16
            ],
            [
                21,
                4,
                29,
                1
            ],
            [
                21,
                2,
                24,
                22
            ],
            [
                21,
                2,
                10,
                8
            ],
            [
                22,
                2,
                12,
                10
            ],
            [
                22,
                4,
                28,
                0
            ],
            [
                22,
                3,
                28,
                14
            ],
            [
                22,
                2,
                16,
                14
            ],
            [
                22,
                3,
                30,
                16
            ],
            [
                22,
                3,
                30,
                16
            ],
            [
                22,
                3,
                33,
                19
            ],
            [
                23,
                4,
                34,
                6
            ],
            [
                23,
                3,
                34,
                20
            ],
            [
                23,
                4,
                27,
                0
            ],
            [
                23,
                3,
                34,
                20
            ],
            [
                23,
                2,
                18,
                14
            ],
            [
                24,
                2,
                24,
                20
            ],
            [
                24,
                4,
                33,
                5
            ],
            [
                24,
                3,
                33,
                19
            ],
            [
                24,
                2,
                20,
                16
            ],
            [
                24,
                2,
                20,
                16
            ],
            [
                24,
                2,
                24,
                20
            ],
            [
                24,
                3,
                33,
                19
            ],
            [
                24,
                4,
                34,
                6
            ],
            [
                25,
                2,
                21,
                19
            ],
            [
                25,
                2,
                23,
                21
            ],
            [
                25,
                3,
                31,
                17
            ],
            [
                25,
                2,
                14,
                12
            ],
            [
                25,
                2,
                21,
                19
            ],
            [
                26,
                3,
                31,
                17
            ],
            [
                27,
                3,
                30,
                16
            ],
            [
                27,
                4,
                29,
                1
            ],
            [
                27,
                4,
                30,
                2
            ],
            [
                27,
                3,
                30,
                16
            ],
            [
                27,
                3,
                33,
                19
            ],
            [
                28,
                2,
                21,
                17
            ],
            [
                28,
                3,
                33,
                19
            ],
            [
                28,
                2,
                26,
                22
            ],
            [
                28,
                4,
                33,
                5
            ],
            [
                28,
                2,
                18,
                14
            ],
            [
                28,
                2,
                28,
                24
            ],
            [
                28,
                2,
                28,
                24
            ],
            [
                29,
                2,
                11,
                7
            ],
            [
                29,
                4,
                32,
                4
            ],
            [
                29,
                4,
                33,
                5
            ],
            [
                29,
                4,
                33,
                5
            ],
            [
                29,
                4,
                33,
                5
            ],
            [
                29,
                3,
                34,
                20
            ]
        ],
        "lWaitDayByPriority": [
            3634,
            11,
            854,
            1787,
            982
        ],
        "objval": 2541.256255929791,
        "std_occupancy": 44.50836601204012
    },
    "runtime": 0.5972549915313721,
    "simdays": 150,
    "solver": "daily_greedy"
}