{
    "arrivalrate": 7.0,
    "ins_name": 2,
    "ins_path": "/home/tusan/projects/def-roussea5/tusan/exp/2021_Oct/6linacs/lambda7.0/data",
    "lNoNewPatients": [
        209,
        2,
        82,
        72,
        53
    ],
    "lNoPatients": [
        349,
        2,
        88,
        157,
        102
    ],
    "lNoSections": [
        2890,
        15,
        295,
        1583,
        997
    ],
    "mipgap": 0.017954680288422682,
    "noLinacs": 6,
    "noSlotsPerDay": 120,
    "planningHorizon": 80,
    "runresult": {
        "feasibility": true,
        "lAvgLateDayByPriority": [
            0.0,
            0.0,
            0.0,
            0.0,
            0.0
        ],
        "lAvgWaitDayByPriority": [
            8.497607655502392,
            0.0,
            1.5975609756097562,
            11.625,
            15.245283018867925
        ],
        "lLateDayByPriority": [
            0,
            0,
            0,
            0,
            0
        ],
        "lWaitDayByPriority": [
            1776,
            0,
            131,
            837,
            808
        ],
        "objval": 20242.845892774963
    },
    "runtime": 60.49820518493652,
    "simdays": 30,
    "solver": "static"
}