{
    "arrivalrate": 7.0,
    "ins_name": 27,
    "ins_path": "/home/tusan/projects/def-roussea5/tusan/exp/2021_Oct/6linacs/lambda7.0/data",
    "lNoNewPatients": [
        210,
        2,
        88,
        66,
        54
    ],
    "lNoPatients": [
        345,
        3,
        99,
        138,
        105
    ],
    "lNoSections": [
        2741,
        15,
        299,
        1424,
        1003
    ],
    "mipgap": 0.019458166224353347,
    "noLinacs": 6,
    "noSlotsPerDay": 120,
    "planningHorizon": 80,
    "runresult": {
        "feasibility": true,
        "lAvgLateDayByPriority": [
            0.0,
            0.0,
            0.0,
            0.0,
            0.0
        ],
        "lAvgWaitDayByPriority": [
            5.928571428571429,
            0.0,
            1.6363636363636365,
            8.696969696969697,
            9.75925925925926
        ],
        "lLateDayByPriority": [
            0,
            0,
            0,
            0,
            0
        ],
        "lWaitDayByPriority": [
            1245,
            0,
            144,
            574,
            527
        ],
        "objval": 20234.819865319863
    },
    "runtime": 19.232091903686523,
    "simdays": 30,
    "solver": "static"
}