{
    "arrivalrate": 7.0,
    "ins_name": 43,
    "ins_path": "/home/tusan/projects/def-roussea5/tusan/exp/2021_Oct/6linacs/lambda7.0/data",
    "lNoNewPatients": [
        211,
        2,
        84,
        67,
        58
    ],
    "lNoPatients": [
        353,
        2,
        93,
        142,
        116
    ],
    "lNoSections": [
        2796,
        15,
        290,
        1415,
        1076
    ],
    "mipgap": 0.019351429374963532,
    "noLinacs": 6,
    "noSlotsPerDay": 120,
    "planningHorizon": 80,
    "runresult": {
        "feasibility": true,
        "lAvgLateDayByPriority": [
            0.0,
            0.0,
            0.0,
            0.0,
            0.0
        ],
        "lAvgWaitDayByPriority": [
            7.298578199052133,
            0.0,
            1.3095238095238095,
            11.507462686567164,
            11.362068965517242
        ],
        "lLateDayByPriority": [
            0,
            0,
            0,
            0,
            0
        ],
        "lWaitDayByPriority": [
            1540,
            0,
            110,
            771,
            659
        ],
        "objval": 20235.964769747323
    },
    "runtime": 77.55854606628418,
    "simdays": 30,
    "solver": "static"
}