{
    "arrivalrate": 7.0,
    "ins_name": 50,
    "ins_path": "/ssd6/san/temp/RTSP-scheduling/data/6linacs/lambda7.0/data",
    "lNoNewPatients": [
        217,
        2,
        90,
        70,
        55
    ],
    "lNoPatients": [
        351,
        2,
        101,
        141,
        107
    ],
    "lNoSections": [
        2818,
        15,
        309,
        1486,
        1008
    ],
    "mipgap": 1.0,
    "noLinacs": 6,
    "noSlotsPerDay": 120,
    "planningHorizon": 80,
    "runresult": {
        "avg_occupancy": 29.963888888888892,
        "feasibility": true,
        "lAvgLateDayByPriority": [
            0.04608294930875576,
            0.0,
            0.1111111111111111,
            0.0,
            0.0
        ],
        "lAvgWaitDayByPriority": [
            6.8341013824884795,
            0.0,
            1.488888888888889,
            8.271428571428572,
            14.0
        ],
        "lLateDayByPriority": [
            10,
            0,
            10,
            0,
            0
        ],
        "lOccupancy": {
            "0": [
                0.0,
                0.0,
                0.0,
                0.0,
                0.0,
                0.0,
                0.0,
                0.0,
                0.0,
                0.0,
                0.0,
                0.6944444444444444,
                0.6944444444444444,
                0.6944444444444444,
                0.6944444444444444,
                0.6944444444444444,
                0.6944444444444444,
                0.6944444444444444,
                0.6944444444444444,
                0.6944444444444444,
                0.6944444444444444,
                0.0,
                0.0,
                0.0,
                0.8333333333333334,
                0.8333333333333334,
                0.8333333333333334,
                0.8333333333333334,
                0.8333333333333334,
                0.0,
                0.0,
                0.0,
                0.0,
                0.0,
                0.0,
                0.0,
                0.0,
                0.0,
                0.0,
                0.0,
                0.0,
                0.0,
                0.0,
                0.0,
                0.0,
                0.0,
                0.0,
                0.0,
                0.0,
                0.0,
                0.0,
                0.0,
                0.0,
                0.0,
                0.0,
                0.0,
                0.0,
                0.0,
                0.0,
                0.0,
                0.0,
                0.0,
                0.0,
                0.0,
                0.0,
                0.0,
                0.0,
                0.0,
                0.0,
                0.0,
                0.0,
                0.0,
                0.0,
                0.0,
                0.0,
                0.0,
                0.0,
                0.0,
                0.0,
                0.0,
                0.0,
                0.0,
                0.0,
                0.0,
                0.0,
                0.0,
                0.0,
                0.0,
                0.0,
                0.0,
                0.0,
                0.0,
                0.0,
                0.0,
                0.0,
                0.0,
                0.0,
                0.0,
                0.0,
                0.0,
                0.0,
                0.0,
                0.0,
                0.0,
                0.0,
                0.0,
                0.0,
                0.0,
                0.0,
                0.0,
                0.0,
                0.0,
                0.0,
                0.0,
                0.0,
                0.0,
                0.0,
                0.0,
                0.0,
                0.0,
                0.0,
                0.0,
                0.0,
                0.0,
                0.0,
                0.0,
                0.0,
                0.0,
                0.0,
                0.0,
                0.0,
                0.0,
                0.0,
                0.0,
                0.0,
                0.0,
                0.0,
                0.0,
                0.0,
                0.0,
                0.0,
                0.0,
                0.0,
                0.0,
                0.0,
                0.0,
                0.0,
                0.0,
                0.0,
                0.0
            ],
            "1": [
                10.555555555555555,
                6.666666666666667,
                10.972222222222221,
                14.444444444444443,
                12.777777777777777,
                10.972222222222221,
                10.13888888888889,
                9.166666666666666,
                10.416666666666668,
                8.333333333333332,
                11.805555555555555,
                14.166666666666666,
                18.88888888888889,
                12.083333333333334,
                13.61111111111111,
                10.833333333333334,
                8.055555555555555,
                7.083333333333333,
                6.944444444444445,
                7.777777777777778,
                7.638888888888889,
                12.36111111111111,
                9.305555555555555,
                6.805555555555555,
                6.388888888888888,
                4.305555555555555,
                4.722222222222222,
                6.805555555555555,
                6.527777777777779,
                9.444444444444445,
                9.444444444444445,
                7.916666666666666,
                4.583333333333333,
                4.583333333333333,
                2.5,
                5.416666666666667,
                1.6666666666666667,
                1.6666666666666667,
                1.6666666666666667,
                0.8333333333333334,
                0.8333333333333334,
                0.8333333333333334,
                0.8333333333333334,
                0.8333333333333334,
                0.8333333333333334,
                0.8333333333333334,
                0.8333333333333334,
                0.8333333333333334,
                0.8333333333333334,
                0.8333333333333334,
                0.8333333333333334,
                0.8333333333333334,
                0.8333333333333334,
                0.8333333333333334,
                0.8333333333333334,
                0.8333333333333334,
                0.8333333333333334,
                0.8333333333333334,
                0.0,
                0.0,
                0.0,
                0.0,
                0.0,
                0.0,
                0.0,
                0.0,
                0.0,
                0.0,
                0.0,
                0.0,
                0.0,
                0.0,
                0.0,
                0.0,
                0.0,
                0.0,
                0.0,
                0.0,
                0.0,
                0.0,
                0.0,
                0.0,
                0.0,
                0.0,
                0.0,
                0.0,
                0.0,
                0.0,
                0.0,
                0.0,
                0.0,
                0.0,
                0.0,
                0.0,
                0.0,
                0.0,
                0.0,
                0.0,
                0.0,
                0.0,
                0.0,
                0.0,
                0.0,
                0.0,
                0.0,
                0.0,
                0.0,
                0.0,
                0.0,
                0.0,
                0.0,
                0.0,
                0.0,
                0.0,
                0.0,
                0.0,
                0.0,
                0.0,
                0.0,
                0.0,
                0.0,
                0.0,
                0.0,
                0.0,
                0.0,
                0.0,
                0.0,
                0.0,
                0.0,
                0.0,
                0.0,
                0.0,
                0.0,
                0.0,
                0.0,
                0.0,
                0.0,
                0.0,
                0.0,
                0.0,
                0.0,
                0.0,
                0.0,
                0.0,
                0.0,
                0.0,
                0.0,
                0.0,
                0.0,
                0.0
            ],
            "2": [
                51.52777777777777,
                53.47222222222222,
                49.72222222222222,
                49.861111111111114,
                49.72222222222222,
                53.05555555555556,
                54.58333333333333,
                53.19444444444444,
                48.61111111111111,
                53.75,
                54.861111111111114,
                56.94444444444444,
                52.361111111111114,
                52.083333333333336,
                50.83333333333333,
                52.083333333333336,
                52.916666666666664,
                55.00000000000001,
                55.833333333333336,
                53.888888888888886,
                57.49999999999999,
                57.22222222222222,
                55.69444444444444,
                52.916666666666664,
                55.27777777777778,
                56.111111111111114,
                55.13888888888889,
                55.13888888888889,
                55.00000000000001,
                54.72222222222223,
                56.80555555555556,
                55.13888888888889,
                57.36111111111111,
                56.111111111111114,
                57.36111111111111,
                52.083333333333336,
                52.63888888888889,
                50.416666666666664,
                44.72222222222222,
                42.77777777777778,
                40.55555555555556,
                37.361111111111114,
                37.361111111111114,
                32.361111111111114,
                31.52777777777778,
                30.0,
                28.055555555555557,
                27.22222222222222,
                24.72222222222222,
                22.77777777777778,
                19.583333333333332,
                18.75,
                18.75,
                15.138888888888888,
                13.472222222222221,
                12.63888888888889,
                12.63888888888889,
                11.527777777777779,
                10.694444444444445,
                10.0,
                10.0,
                9.166666666666666,
                8.333333333333332,
                5.833333333333333,
                3.3333333333333335,
                3.3333333333333335,
                1.6666666666666667,
                0.0,
                0.0,
                0.0,
                0.0,
                0.0,
                0.0,
                0.0,
                0.0,
                0.0,
                0.0,
                0.0,
                0.0,
                0.0,
                0.0,
                0.0,
                0.0,
                0.0,
                0.0,
                0.0,
                0.0,
                0.0,
                0.0,
                0.0,
                0.0,
                0.0,
                0.0,
                0.0,
                0.0,
                0.0,
                0.0,
                0.0,
                0.0,
                0.0,
                0.0,
                0.0,
                0.0,
                0.0,
                0.0,
                0.0,
                0.0,
                0.0,
                0.0,
                0.0,
                0.0,
                0.0,
                0.0,
                0.0,
                0.0,
                0.0,
                0.0,
                0.0,
                0.0,
                0.0,
                0.0,
                0.0,
                0.0,
                0.0,
                0.0,
                0.0,
                0.0,
                0.0,
                0.0,
                0.0,
                0.0,
                0.0,
                0.0,
                0.0,
                0.0,
                0.0,
                0.0,
                0.0,
                0.0,
                0.0,
                0.0,
                0.0,
                0.0,
                0.0,
                0.0,
                0.0,
                0.0,
                0.0,
                0.0,
                0.0
            ],
            "3": [
                31.38888888888889,
                30.416666666666664,
                31.38888888888889,
                32.361111111111114,
                29.583333333333332,
                30.555555555555557,
                29.72222222222222,
                29.72222222222222,
                30.833333333333336,
                30.138888888888886,
                28.47222222222222,
                26.38888888888889,
                26.805555555555554,
                28.61111111111111,
                28.333333333333332,
                29.305555555555557,
                28.888888888888886,
                25.972222222222225,
                26.805555555555554,
                29.86111111111111,
                26.944444444444443,
                28.055555555555557,
                29.583333333333332,
                31.805555555555554,
                32.63888888888889,
                35.138888888888886,
                33.19444444444444,
                34.30555555555556,
                35.55555555555556,
                33.611111111111114,
                31.666666666666664,
                31.666666666666664,
                31.944444444444443,
                32.77777777777778,
                30.277777777777775,
                31.25,
                34.30555555555556,
                34.44444444444444,
                33.611111111111114,
                33.05555555555556,
                31.944444444444443,
                27.916666666666668,
                24.305555555555554,
                19.444444444444446,
                16.25,
                16.25,
                16.25,
                16.25,
                16.25,
                14.583333333333334,
                13.88888888888889,
                11.527777777777779,
                6.944444444444445,
                6.944444444444445,
                6.944444444444445,
                4.027777777777778,
                3.3333333333333335,
                2.5,
                2.5,
                2.5,
                2.5,
                2.5,
                2.5,
                2.5,
                1.6666666666666667,
                0.8333333333333334,
                0.8333333333333334,
                0.8333333333333334,
                0.8333333333333334,
                0.0,
                0.0,
                0.0,
                0.0,
                0.0,
                0.0,
                0.0,
                0.0,
                0.0,
                0.0,
                0.0,
                0.0,
                0.0,
                0.0,
                0.0,
                0.0,
                0.0,
                0.0,
                0.0,
                0.0,
                0.0,
                0.0,
                0.0,
                0.0,
                0.0,
                0.0,
                0.0,
                0.0,
                0.0,
                0.0,
                0.0,
                0.0,
                0.0,
                0.0,
                0.0,
                0.0,
                0.0,
                0.0,
                0.0,
                0.0,
                0.0,
                0.0,
                0.0,
                0.0,
                0.0,
                0.0,
                0.0,
                0.0,
                0.0,
                0.0,
                0.0,
                0.0,
                0.0,
                0.0,
                0.0,
                0.0,
                0.0,
                0.0,
                0.0,
                0.0,
                0.0,
                0.0,
                0.0,
                0.0,
                0.0,
                0.0,
                0.0,
                0.0,
                0.0,
                0.0,
                0.0,
                0.0,
                0.0,
                0.0,
                0.0,
                0.0,
                0.0,
                0.0,
                0.0,
                0.0,
                0.0
            ],
            "overall": [
                93.47222222222221,
                90.55555555555554,
                92.08333333333333,
                96.66666666666667,
                92.08333333333333,
                94.58333333333333,
                94.44444444444443,
                92.08333333333333,
                89.86111111111111,
                92.22222222222221,
                95.13888888888889,
                98.19444444444444,
                98.75,
                93.47222222222223,
                93.47222222222221,
                92.91666666666667,
                90.55555555555554,
                88.75000000000001,
                90.27777777777779,
                92.22222222222221,
                92.77777777777777,
                97.63888888888889,
                94.58333333333333,
                91.52777777777777,
                95.13888888888889,
                96.38888888888889,
                93.88888888888889,
                97.08333333333334,
                97.91666666666669,
                97.77777777777779,
                97.91666666666666,
                94.72222222222223,
                93.88888888888889,
                93.47222222222223,
                90.13888888888889,
                88.75,
                88.61111111111111,
                86.52777777777777,
                80.0,
                76.66666666666667,
                73.33333333333334,
                66.11111111111111,
                62.5,
                52.6388888888889,
                48.611111111111114,
                47.08333333333333,
                45.138888888888886,
                44.30555555555556,
                41.80555555555556,
                38.19444444444444,
                34.30555555555556,
                31.11111111111111,
                26.52777777777778,
                22.916666666666664,
                21.25,
                17.5,
                16.805555555555557,
                14.861111111111112,
                13.194444444444445,
                12.5,
                12.5,
                11.666666666666666,
                10.833333333333332,
                8.333333333333332,
                5.0,
                4.166666666666667,
                2.5,
                0.8333333333333334,
                0.8333333333333334,
                0.0,
                0.0,
                0.0,
                0.0,
                0.0,
                0.0,
                0.0,
                0.0,
                0.0,
                0.0,
                0.0,
                0.0,
                0.0,
                0.0,
                0.0,
                0.0,
                0.0,
                0.0,
                0.0,
                0.0,
                0.0,
                0.0,
                0.0,
                0.0,
                0.0,
                0.0,
                0.0,
                0.0,
                0.0,
                0.0,
                0.0,
                0.0,
                0.0,
                0.0,
                0.0,
                0.0,
                0.0,
                0.0,
                0.0,
                0.0,
                0.0,
                0.0,
                0.0,
                0.0,
                0.0,
                0.0,
                0.0,
                0.0,
                0.0,
                0.0,
                0.0,
                0.0,
                0.0,
                0.0,
                0.0,
                0.0,
                0.0,
                0.0,
                0.0,
                0.0,
                0.0,
                0.0,
                0.0,
                0.0,
                0.0,
                0.0,
                0.0,
                0.0,
                0.0,
                0.0,
                0.0,
                0.0,
                0.0,
                0.0,
                0.0,
                0.0,
                0.0,
                0.0,
                0.0,
                0.0,
                0.0
            ]
        },
        "lWaitAndOverdue": [
            [
                0,
                3,
                7,
                0
            ],
            [
                0,
                4,
                14,
                0
            ],
            [
                0,
                3,
                7,
                0
            ],
            [
                0,
                2,
                2,
                0
            ],
            [
                0,
                2,
                0,
                0
            ],
            [
                0,
                3,
                7,
                0
            ],
            [
                0,
                4,
                14,
                0
            ],
            [
                1,
                2,
                1,
                0
            ],
            [
                1,
                3,
                7,
                0
            ],
            [
                1,
                2,
                1,
                0
            ],
            [
                1,
                2,
                1,
                0
            ],
            [
                1,
                2,
                2,
                0
            ],
            [
                1,
                2,
                1,
                0
            ],
            [
                2,
                2,
                1,
                0
            ],
            [
                2,
                2,
                2,
                0
            ],
            [
                2,
                2,
                2,
                0
            ],
            [
                2,
                4,
                14,
                0
            ],
            [
                3,
                2,
                0,
                0
            ],
            [
                3,
                4,
                14,
                0
            ],
            [
                3,
                3,
                7,
                0
            ],
            [
                3,
                4,
                14,
                0
            ],
            [
                3,
                2,
                0,
                0
            ],
            [
                4,
                2,
                0,
                0
            ],
            [
                4,
                2,
                3,
                0
            ],
            [
                4,
                4,
                14,
                0
            ],
            [
                4,
                3,
                7,
                0
            ],
            [
                4,
                2,
                0,
                0
            ],
            [
                4,
                3,
                7,
                0
            ],
            [
                4,
                3,
                7,
                0
            ],
            [
                5,
                3,
                7,
                0
            ],
            [
                5,
                4,
                14,
                0
            ],
            [
                5,
                3,
                7,
                0
            ],
            [
                5,
                4,
                14,
                0
            ],
            [
                5,
                3,
                7,
                0
            ],
            [
                5,
                2,
                1,
                0
            ],
            [
                5,
                2,
                0,
                0
            ],
            [
                5,
                4,
                14,
                0
            ],
            [
                6,
                3,
                7,
                0
            ],
            [
                6,
                2,
                0,
                0
            ],
            [
                6,
                2,
                1,
                0
            ],
            [
                6,
                2,
                1,
                0
            ],
            [
                6,
                3,
                7,
                0
            ],
            [
                6,
                4,
                14,
                0
            ],
            [
                6,
                2,
                0,
                0
            ],
            [
                6,
                2,
                2,
                0
            ],
            [
                6,
                3,
                7,
                0
            ],
            [
                7,
                2,
                0,
                0
            ],
            [
                7,
                2,
                1,
                0
            ],
            [
                7,
                3,
                7,
                0
            ],
            [
                7,
                3,
                7,
                0
            ],
            [
                7,
                4,
                14,
                0
            ],
            [
                7,
                4,
                14,
                0
            ],
            [
                8,
                3,
                7,
                0
            ],
            [
                8,
                3,
                7,
                0
            ],
            [
                8,
                2,
                0,
                0
            ],
            [
                8,
                3,
                7,
                0
            ],
            [
                8,
                2,
                0,
                0
            ],
            [
                8,
                4,
                14,
                0
            ],
            [
                9,
                2,
                3,
                0
            ],
            [
                9,
                2,
                4,
                0
            ],
            [
                9,
                2,
                4,
                0
            ],
            [
                9,
                2,
                4,
                0
            ],
            [
                9,
                4,
                14,
                0
            ],
            [
                9,
                4,
                14,
                0
            ],
            [
                9,
                4,
                14,
                0
            ],
            [
                9,
                4,
                14,
                0
            ],
            [
                10,
                3,
                7,
                0
            ],
            [
                10,
                2,
                1,
                0
            ],
            [
                10,
                3,
                7,
                0
            ],
            [
                10,
                2,
                0,
                0
            ],
            [
                10,
                2,
                1,
                0
            ],
            [
                10,
                3,
                7,
                0
            ],
            [
                10,
                2,
                2,
                0
            ],
            [
                10,
                2,
                2,
                0
            ],
            [
                10,
                2,
                0,
                0
            ],
            [
                11,
                1,
                0,
                0
            ],
            [
                11,
                2,
                1,
                0
            ],
            [
                11,
                2,
                1,
                0
            ],
            [
                11,
                3,
                7,
                0
            ],
            [
                11,
                3,
                7,
                0
            ],
            [
                11,
                4,
                14,
                0
            ],
            [
                11,
                3,
                7,
                0
            ],
            [
                11,
                2,
                1,
                0
            ],
            [
                11,
                4,
                14,
                0
            ],
            [
                12,
                4,
                14,
                0
            ],
            [
                12,
                2,
                1,
                0
            ],
            [
                12,
                4,
                14,
                0
            ],
            [
                12,
                4,
                14,
                0
            ],
            [
                12,
                4,
                14,
                0
            ],
            [
                12,
                3,
                7,
                0
            ],
            [
                12,
                4,
                14,
                0
            ],
            [
                12,
                3,
                7,
                0
            ],
            [
                12,
                3,
                7,
                0
            ],
            [
                12,
                4,
                14,
                0
            ],
            [
                12,
                4,
                14,
                0
            ],
            [
                12,
                3,
                7,
                0
            ],
            [
                12,
                2,
                1,
                0
            ],
            [
                12,
                2,
                1,
                0
            ],
            [
                13,
                3,
                7,
                0
            ],
            [
                13,
                4,
                14,
                0
            ],
            [
                13,
                4,
                14,
                0
            ],
            [
                13,
                4,
                14,
                0
            ],
            [
                14,
                4,
                14,
                0
            ],
            [
                14,
                2,
                4,
                0
            ],
            [
                14,
                2,
                4,
                0
            ],
            [
                14,
                4,
                14,
                0
            ],
            [
                14,
                2,
                0,
                0
            ],
            [
                14,
                4,
                14,
                0
            ],
            [
                14,
                2,
                0,
                0
            ],
            [
                15,
                3,
                7,
                0
            ],
            [
                15,
                3,
                7,
                0
            ],
            [
                15,
                3,
                7,
                0
            ],
            [
                15,
                3,
                7,
                0
            ],
            [
                15,
                2,
                0,
                0
            ],
            [
                15,
                4,
                14,
                0
            ],
            [
                15,
                4,
                14,
                0
            ],
            [
                15,
                3,
                7,
                0
            ],
            [
                15,
                2,
                1,
                0
            ],
            [
                15,
                4,
                14,
                0
            ],
            [
                16,
                3,
                7,
                0
            ],
            [
                16,
                2,
                1,
                0
            ],
            [
                16,
                3,
                7,
                0
            ],
            [
                16,
                2,
                0,
                0
            ],
            [
                16,
                2,
                1,
                0
            ],
            [
                16,
                2,
                2,
                0
            ],
            [
                16,
                2,
                2,
                0
            ],
            [
                16,
                2,
                1,
                0
            ],
            [
                17,
                2,
                2,
                0
            ],
            [
                17,
                4,
                14,
                0
            ],
            [
                17,
                4,
                14,
                0
            ],
            [
                17,
                4,
                14,
                0
            ],
            [
                17,
                3,
                7,
                0
            ],
            [
                17,
                2,
                0,
                0
            ],
            [
                18,
                2,
                1,
                0
            ],
            [
                18,
                4,
                14,
                0
            ],
            [
                18,
                3,
                7,
                0
            ],
            [
                18,
                4,
                14,
                0
            ],
            [
                18,
                3,
                7,
                0
            ],
            [
                19,
                2,
                0,
                0
            ],
            [
                19,
                3,
                7,
                0
            ],
            [
                19,
                3,
                7,
                0
            ],
            [
                19,
                2,
                3,
                0
            ],
            [
                20,
                2,
                1,
                0
            ],
            [
                20,
                2,
                1,
                0
            ],
            [
                20,
                2,
                2,
                0
            ],
            [
                20,
                2,
                0,
                0
            ],
            [
                20,
                2,
                1,
                0
            ],
            [
                20,
                3,
                7,
                0
            ],
            [
                20,
                4,
                14,
                0
            ],
            [
                20,
                2,
                1,
                0
            ],
            [
                20,
                2,
                1,
                0
            ],
            [
                21,
                2,
                2,
                0
            ],
            [
                21,
                2,
                2,
                0
            ],
            [
                21,
                3,
                9,
                0
            ],
            [
                22,
                4,
                14,
                0
            ],
            [
                22,
                3,
                9,
                0
            ],
            [
                22,
                3,
                9,
                0
            ],
            [
                22,
                3,
                9,
                0
            ],
            [
                22,
                4,
                14,
                0
            ],
            [
                22,
                3,
                9,
                0
            ],
            [
                22,
                3,
                9,
                0
            ],
            [
                23,
                3,
                11,
                0
            ],
            [
                23,
                3,
                11,
                0
            ],
            [
                23,
                2,
                1,
                0
            ],
            [
                23,
                3,
                11,
                0
            ],
            [
                23,
                2,
                1,
                0
            ],
            [
                23,
                2,
                4,
                0
            ],
            [
                23,
                4,
                14,
                0
            ],
            [
                23,
                3,
                12,
                0
            ],
            [
                23,
                2,
                0,
                0
            ],
            [
                23,
                3,
                12,
                0
            ],
            [
                24,
                3,
                12,
                0
            ],
            [
                24,
                1,
                0,
                0
            ],
            [
                24,
                2,
                0,
                0
            ],
            [
                24,
                3,
                12,
                0
            ],
            [
                24,
                2,
                4,
                0
            ],
            [
                25,
                2,
                2,
                0
            ],
            [
                25,
                2,
                2,
                0
            ],
            [
                25,
                2,
                3,
                1
            ],
            [
                25,
                3,
                7,
                0
            ],
            [
                25,
                4,
                14,
                0
            ],
            [
                25,
                2,
                0,
                0
            ],
            [
                25,
                4,
                14,
                0
            ],
            [
                25,
                4,
                14,
                0
            ],
            [
                25,
                3,
                10,
                0
            ],
            [
                25,
                3,
                10,
                0
            ],
            [
                25,
                3,
                10,
                0
            ],
            [
                25,
                3,
                11,
                0
            ],
            [
                26,
                3,
                10,
                0
            ],
            [
                26,
                4,
                14,
                0
            ],
            [
                26,
                2,
                1,
                0
            ],
            [
                26,
                2,
                1,
                0
            ],
            [
                26,
                2,
                2,
                0
            ],
            [
                26,
                3,
                10,
                0
            ],
            [
                26,
                2,
                3,
                1
            ],
            [
                26,
                4,
                14,
                0
            ],
            [
                26,
                4,
                14,
                0
            ],
            [
                26,
                4,
                14,
                0
            ],
            [
                26,
                4,
                14,
                0
            ],
            [
                27,
                4,
                14,
                0
            ],
            [
                27,
                2,
                2,
                0
            ],
            [
                27,
                4,
                14,
                0
            ],
            [
                27,
                3,
                9,
                0
            ],
            [
                27,
                2,
                2,
                0
            ],
            [
                28,
                2,
                11,
                7
            ],
            [
                28,
                2,
                1,
                0
            ],
            [
                28,
                2,
                4,
                0
            ],
            [
                28,
                2,
                5,
                1
            ],
            [
                28,
                3,
                8,
                0
            ],
            [
                28,
                3,
                12,
                0
            ],
            [
                29,
                3,
                11,
                0
            ],
            [
                29,
                3,
                11,
                0
            ],
            [
                29,
                3,
                11,
                0
            ],
            [
                29,
                3,
                13,
                0
            ],
            [
                29,
                2,
                0,
                0
            ],
            [
                29,
                2,
                3,
                0
            ],
            [
                29,
                4,
                14,
                0
            ]
        ],
        "lWaitDayByPriority": [
            1483,
            0,
            134,
            579,
            770
        ],
        "objval": 2237.2714285714283,
        "std_occupancy": 40.28294165492989
    },
    "runtime": 0.7419493198394775,
    "simdays": 150,
    "solver": "daily_greedy"
}