{
    "arrivalrate": 7.0,
    "ins_name": 108,
    "ins_path": "/home/tusan/projects/def-roussea5/tusan/exp/2021_Oct/6linacs/lambda7.0/data",
    "lNoNewPatients": [
        221,
        2,
        93,
        71,
        55
    ],
    "lNoPatients": [
        356,
        2,
        102,
        142,
        110
    ],
    "lNoSections": [
        2860,
        15,
        316,
        1521,
        1008
    ],
    "mipgap": 0.018848497140777118,
    "noLinacs": 6,
    "noSlotsPerDay": 120,
    "planningHorizon": 80,
    "runresult": {
        "feasibility": true,
        "lAvgLateDayByPriority": [
            0.0,
            0.0,
            0.0,
            0.0,
            0.0
        ],
        "lAvgWaitDayByPriority": [
            6.380090497737557,
            0.0,
            1.4086021505376345,
            10.154929577464788,
            10.145454545454545
        ],
        "lLateDayByPriority": [
            0,
            0,
            0,
            0,
            0
        ],
        "lWaitDayByPriority": [
            1410,
            0,
            131,
            721,
            558
        ],
        "objval": 20234.386405628295
    },
    "runtime": 91.32866740226746,
    "simdays": 30,
    "solver": "static"
}