{
    "arrivalrate": 7.0,
    "ins_name": 125,
    "ins_path": "/home/tusan/projects/def-roussea5/tusan/exp/2021_Oct/6linacs/lambda7.0/data",
    "lNoNewPatients": [
        209,
        2,
        84,
        66,
        57
    ],
    "lNoPatients": [
        364,
        2,
        102,
        145,
        115
    ],
    "lNoSections": [
        2768,
        15,
        285,
        1412,
        1056
    ],
    "mipgap": 30.0,
    "noLinacs": 6,
    "noSlotsPerDay": 120,
    "planningHorizon": 80,
    "runresult": {
        "feasibility": true,
        "lAvgLateDayByPriority": [
            0.12440191387559808,
            0.0,
            0.21428571428571427,
            0.12121212121212122,
            0.0
        ],
        "lAvgWaitDayByPriority": [
            8.267942583732058,
            0.0,
            1.8571428571428572,
            12.212121212121213,
            13.43859649122807
        ],
        "lLateDayByPriority": [
            26,
            0,
            18,
            8,
            0
        ],
        "lWaitDayByPriority": [
            1728,
            0,
            156,
            806,
            766
        ],
        "objval": 20244.55764411028
    },
    "runtime": 1.1651332378387451,
    "simdays": 30,
    "solver": "prediction"
}