{
    "arrivalrate": 7.0,
    "ins_name": 172,
    "ins_path": "/home/tusan/projects/def-roussea5/tusan/exp/2021_Oct/6linacs/lambda7.0/data",
    "lNoNewPatients": [
        218,
        2,
        81,
        78,
        57
    ],
    "lNoPatients": [
        374,
        2,
        96,
        162,
        114
    ],
    "lNoSections": [
        3106,
        15,
        277,
        1673,
        1141
    ],
    "mipgap": 0.013774752959054825,
    "noLinacs": 6,
    "noSlotsPerDay": 120,
    "planningHorizon": 80,
    "runresult": {
        "feasibility": true,
        "lAvgLateDayByPriority": [
            0.0045871559633027525,
            0.0,
            0.0,
            0.01282051282051282,
            0.0
        ],
        "lAvgWaitDayByPriority": [
            9.013761467889909,
            0.0,
            1.4691358024691359,
            11.76923076923077,
            16.280701754385966
        ],
        "lLateDayByPriority": [
            1,
            0,
            0,
            1,
            0
        ],
        "lWaitDayByPriority": [
            1965,
            0,
            119,
            918,
            928
        ],
        "objval": 20242.754111061127
    },
    "runtime": 28.698341608047485,
    "simdays": 30,
    "solver": "static"
}