{
    "arrivalrate": 7.0,
    "ins_name": 215,
    "ins_path": "/home/tusan/projects/def-roussea5/tusan/exp/2021_Oct/6linacs/lambda7.0/data",
    "lNoNewPatients": [
        204,
        2,
        82,
        65,
        55
    ],
    "lNoPatients": [
        346,
        2,
        94,
        138,
        112
    ],
    "lNoSections": [
        2711,
        15,
        284,
        1407,
        1005
    ],
    "mipgap": 0.01824511561071131,
    "noLinacs": 6,
    "noSlotsPerDay": 120,
    "planningHorizon": 80,
    "runresult": {
        "feasibility": true,
        "lAvgLateDayByPriority": [
            0.0,
            0.0,
            0.0,
            0.0,
            0.0
        ],
        "lAvgWaitDayByPriority": [
            6.357843137254902,
            0.0,
            1.7682926829268293,
            9.76923076923077,
            9.4
        ],
        "lLateDayByPriority": [
            0,
            0,
            0,
            0,
            0
        ],
        "lWaitDayByPriority": [
            1297,
            0,
            145,
            635,
            517
        ],
        "objval": 20236.8521575985
    },
    "runtime": 36.32498359680176,
    "simdays": 30,
    "solver": "static"
}