{
    "arrivalrate": 7.0,
    "ins_name": 225,
    "ins_path": "/ssd6/san/temp/RTSP-scheduling/data/6linacs/lambda7.0/data",
    "lNoNewPatients": [
        214,
        2,
        80,
        76,
        56
    ],
    "lNoPatients": [
        359,
        2,
        88,
        158,
        111
    ],
    "lNoSections": [
        3072,
        15,
        276,
        1665,
        1116
    ],
    "mipgap": 1.0,
    "noLinacs": 6,
    "noSlotsPerDay": 120,
    "planningHorizon": 80,
    "runresult": {
        "avg_occupancy": 32.80740740740741,
        "feasibility": true,
        "lAvgLateDayByPriority": [
            2.317757009345794,
            7.5,
            5.0375,
            1.0263157894736843,
            0.0
        ],
        "lAvgWaitDayByPriority": [
            11.69158878504673,
            7.5,
            7.475,
            13.578947368421053,
            15.303571428571429
        ],
        "lLateDayByPriority": [
            496,
            15,
            403,
            78,
            0
        ],
        "lOccupancy": {
            "0": [
                0.0,
                0.0,
                0.0,
                0.0,
                0.0,
                0.0,
                0.0,
                0.0,
                0.6944444444444444,
                0.6944444444444444,
                0.6944444444444444,
                0.6944444444444444,
                0.6944444444444444,
                0.6944444444444444,
                0.6944444444444444,
                0.6944444444444444,
                0.6944444444444444,
                0.6944444444444444,
                0.0,
                0.0,
                0.0,
                0.0,
                0.0,
                0.8333333333333334,
                0.8333333333333334,
                0.8333333333333334,
                0.8333333333333334,
                0.8333333333333334,
                0.0,
                0.0,
                0.0,
                0.0,
                0.0,
                0.0,
                0.0,
                0.0,
                0.0,
                0.0,
                0.0,
                0.0,
                0.0,
                0.0,
                0.0,
                0.0,
                0.0,
                0.0,
                0.0,
                0.0,
                0.0,
                0.0,
                0.0,
                0.0,
                0.0,
                0.0,
                0.0,
                0.0,
                0.0,
                0.0,
                0.0,
                0.0,
                0.0,
                0.0,
                0.0,
                0.0,
                0.0,
                0.0,
                0.0,
                0.0,
                0.0,
                0.0,
                0.0,
                0.0,
                0.0,
                0.0,
                0.0,
                0.0,
                0.0,
                0.0,
                0.0,
                0.0,
                0.0,
                0.0,
                0.0,
                0.0,
                0.0,
                0.0,
                0.0,
                0.0,
                0.0,
                0.0,
                0.0,
                0.0,
                0.0,
                0.0,
                0.0,
                0.0,
                0.0,
                0.0,
                0.0,
                0.0,
                0.0,
                0.0,
                0.0,
                0.0,
                0.0,
                0.0,
                0.0,
                0.0,
                0.0,
                0.0,
                0.0,
                0.0,
                0.0,
                0.0,
                0.0,
                0.0,
                0.0,
                0.0,
                0.0,
                0.0,
                0.0,
                0.0,
                0.0,
                0.0,
                0.0,
                0.0,
                0.0,
                0.0,
                0.0,
                0.0,
                0.0,
                0.0,
                0.0,
                0.0,
                0.0,
                0.0,
                0.0,
                0.0,
                0.0,
                0.0,
                0.0,
                0.0,
                0.0,
                0.0,
                0.0,
                0.0,
                0.0,
                0.0,
                0.0,
                0.0
            ],
            "1": [
                7.916666666666666,
                7.083333333333333,
                9.305555555555555,
                15.0,
                16.25,
                12.222222222222221,
                10.13888888888889,
                8.194444444444445,
                5.277777777777778,
                6.25,
                7.638888888888889,
                7.638888888888889,
                5.555555555555555,
                7.916666666666666,
                5.555555555555555,
                4.861111111111112,
                5.416666666666667,
                4.583333333333333,
                6.111111111111111,
                7.361111111111112,
                8.61111111111111,
                7.638888888888889,
                6.388888888888888,
                5.277777777777778,
                6.111111111111111,
                6.111111111111111,
                6.111111111111111,
                7.361111111111112,
                8.055555555555555,
                7.916666666666666,
                7.083333333333333,
                7.916666666666666,
                7.916666666666666,
                11.666666666666666,
                9.166666666666666,
                11.25,
                5.0,
                5.0,
                2.5,
                1.6666666666666667,
                1.6666666666666667,
                0.8333333333333334,
                0.8333333333333334,
                0.8333333333333334,
                0.8333333333333334,
                0.8333333333333334,
                0.8333333333333334,
                0.8333333333333334,
                0.8333333333333334,
                0.8333333333333334,
                0.8333333333333334,
                0.8333333333333334,
                0.8333333333333334,
                0.8333333333333334,
                0.8333333333333334,
                0.8333333333333334,
                0.0,
                0.0,
                0.0,
                0.0,
                0.0,
                0.0,
                0.0,
                0.0,
                0.0,
                0.0,
                0.0,
                0.0,
                0.0,
                0.0,
                0.0,
                0.0,
                0.0,
                0.0,
                0.0,
                0.0,
                0.0,
                0.0,
                0.0,
                0.0,
                0.0,
                0.0,
                0.0,
                0.0,
                0.0,
                0.0,
                0.0,
                0.0,
                0.0,
                0.0,
                0.0,
                0.0,
                0.0,
                0.0,
                0.0,
                0.0,
                0.0,
                0.0,
                0.0,
                0.0,
                0.0,
                0.0,
                0.0,
                0.0,
                0.0,
                0.0,
                0.0,
                0.0,
                0.0,
                0.0,
                0.0,
                0.0,
                0.0,
                0.0,
                0.0,
                0.0,
                0.0,
                0.0,
                0.0,
                0.0,
                0.0,
                0.0,
                0.0,
                0.0,
                0.0,
                0.0,
                0.0,
                0.0,
                0.0,
                0.0,
                0.0,
                0.0,
                0.0,
                0.0,
                0.0,
                0.0,
                0.0,
                0.0,
                0.0,
                0.0,
                0.0,
                0.0,
                0.0,
                0.0,
                0.0,
                0.0,
                0.0,
                0.0,
                0.0,
                0.0
            ],
            "2": [
                46.94444444444444,
                47.083333333333336,
                45.416666666666664,
                42.638888888888886,
                46.666666666666664,
                51.94444444444445,
                59.583333333333336,
                61.38888888888889,
                64.72222222222223,
                64.44444444444444,
                62.77777777777778,
                61.25000000000001,
                59.30555555555556,
                59.02777777777778,
                60.27777777777777,
                61.52777777777778,
                58.333333333333336,
                57.638888888888886,
                56.25,
                55.97222222222222,
                53.05555555555556,
                53.05555555555556,
                56.111111111111114,
                55.97222222222222,
                55.27777777777778,
                56.80555555555556,
                57.49999999999999,
                58.19444444444445,
                59.583333333333336,
                58.47222222222223,
                58.19444444444445,
                58.19444444444445,
                56.94444444444444,
                53.888888888888886,
                56.25,
                53.47222222222222,
                57.49999999999999,
                62.5,
                60.97222222222223,
                60.0,
                52.5,
                49.583333333333336,
                39.02777777777778,
                35.69444444444444,
                33.611111111111114,
                33.611111111111114,
                30.416666666666664,
                30.416666666666664,
                29.583333333333332,
                27.083333333333332,
                26.25,
                25.13888888888889,
                24.305555555555554,
                23.47222222222222,
                22.77777777777778,
                21.666666666666668,
                20.833333333333336,
                20.0,
                19.166666666666668,
                16.666666666666664,
                15.833333333333332,
                15.0,
                15.0,
                13.333333333333334,
                11.666666666666666,
                11.666666666666666,
                10.0,
                8.333333333333332,
                7.5,
                2.5,
                1.6666666666666667,
                0.8333333333333334,
                0.8333333333333334,
                0.8333333333333334,
                0.8333333333333334,
                0.0,
                0.0,
                0.0,
                0.0,
                0.0,
                0.0,
                0.0,
                0.0,
                0.0,
                0.0,
                0.0,
                0.0,
                0.0,
                0.0,
                0.0,
                0.0,
                0.0,
                0.0,
                0.0,
                0.0,
                0.0,
                0.0,
                0.0,
                0.0,
                0.0,
                0.0,
                0.0,
                0.0,
                0.0,
                0.0,
                0.0,
                0.0,
                0.0,
                0.0,
                0.0,
                0.0,
                0.0,
                0.0,
                0.0,
                0.0,
                0.0,
                0.0,
                0.0,
                0.0,
                0.0,
                0.0,
                0.0,
                0.0,
                0.0,
                0.0,
                0.0,
                0.0,
                0.0,
                0.0,
                0.0,
                0.0,
                0.0,
                0.0,
                0.0,
                0.0,
                0.0,
                0.0,
                0.0,
                0.0,
                0.0,
                0.0,
                0.0,
                0.0,
                0.0,
                0.0,
                0.0,
                0.0,
                0.0,
                0.0,
                0.0
            ],
            "3": [
                34.86111111111111,
                36.11111111111111,
                37.77777777777778,
                37.77777777777778,
                35.0,
                31.38888888888889,
                29.166666666666668,
                28.333333333333332,
                27.22222222222222,
                26.944444444444443,
                28.055555555555557,
                29.02777777777778,
                32.63888888888889,
                30.138888888888886,
                31.944444444444443,
                31.805555555555554,
                34.166666666666664,
                35.97222222222222,
                37.22222222222222,
                35.97222222222222,
                37.083333333333336,
                37.22222222222222,
                35.97222222222222,
                35.69444444444444,
                35.97222222222222,
                34.44444444444444,
                33.75,
                31.666666666666664,
                31.38888888888889,
                32.361111111111114,
                32.361111111111114,
                31.38888888888889,
                33.19444444444444,
                31.805555555555554,
                32.77777777777778,
                30.833333333333336,
                28.333333333333332,
                24.72222222222222,
                25.555555555555554,
                26.25,
                25.416666666666664,
                25.416666666666664,
                23.75,
                23.75,
                22.36111111111111,
                19.444444444444446,
                18.61111111111111,
                16.944444444444446,
                14.722222222222223,
                13.194444444444445,
                13.194444444444445,
                10.833333333333334,
                10.833333333333334,
                10.833333333333334,
                10.833333333333334,
                10.13888888888889,
                10.13888888888889,
                9.305555555555555,
                7.638888888888889,
                7.638888888888889,
                5.555555555555555,
                5.555555555555555,
                5.555555555555555,
                5.555555555555555,
                1.6666666666666667,
                1.6666666666666667,
                1.6666666666666667,
                1.6666666666666667,
                1.6666666666666667,
                1.6666666666666667,
                1.6666666666666667,
                0.8333333333333334,
                0.0,
                0.0,
                0.0,
                0.0,
                0.0,
                0.0,
                0.0,
                0.0,
                0.0,
                0.0,
                0.0,
                0.0,
                0.0,
                0.0,
                0.0,
                0.0,
                0.0,
                0.0,
                0.0,
                0.0,
                0.0,
                0.0,
                0.0,
                0.0,
                0.0,
                0.0,
                0.0,
                0.0,
                0.0,
                0.0,
                0.0,
                0.0,
                0.0,
                0.0,
                0.0,
                0.0,
                0.0,
                0.0,
                0.0,
                0.0,
                0.0,
                0.0,
                0.0,
                0.0,
                0.0,
                0.0,
                0.0,
                0.0,
                0.0,
                0.0,
                0.0,
                0.0,
                0.0,
                0.0,
                0.0,
                0.0,
                0.0,
                0.0,
                0.0,
                0.0,
                0.0,
                0.0,
                0.0,
                0.0,
                0.0,
                0.0,
                0.0,
                0.0,
                0.0,
                0.0,
                0.0,
                0.0,
                0.0,
                0.0,
                0.0,
                0.0,
                0.0,
                0.0
            ],
            "overall": [
                89.72222222222221,
                90.27777777777777,
                92.5,
                95.41666666666666,
                97.91666666666666,
                95.55555555555556,
                98.8888888888889,
                97.91666666666667,
                97.91666666666669,
                98.33333333333333,
                99.16666666666667,
                98.61111111111111,
                98.19444444444446,
                97.77777777777777,
                98.47222222222221,
                98.88888888888889,
                98.61111111111111,
                98.88888888888889,
                99.58333333333334,
                99.30555555555556,
                98.75,
                97.91666666666666,
                98.47222222222223,
                97.77777777777777,
                98.19444444444444,
                98.19444444444444,
                98.19444444444444,
                98.05555555555557,
                99.02777777777777,
                98.75000000000001,
                97.6388888888889,
                97.5,
                98.05555555555556,
                97.36111111111111,
                98.19444444444446,
                95.55555555555557,
                90.83333333333333,
                92.22222222222223,
                89.02777777777779,
                87.91666666666666,
                79.58333333333333,
                75.83333333333334,
                63.611111111111114,
                60.27777777777778,
                56.80555555555556,
                53.8888888888889,
                49.86111111111111,
                48.19444444444444,
                45.138888888888886,
                41.11111111111111,
                40.27777777777778,
                36.80555555555556,
                35.97222222222222,
                35.138888888888886,
                34.44444444444444,
                32.638888888888886,
                30.972222222222225,
                29.305555555555557,
                26.805555555555557,
                24.305555555555554,
                21.388888888888886,
                20.555555555555557,
                20.555555555555557,
                18.88888888888889,
                13.333333333333332,
                13.333333333333332,
                11.666666666666666,
                9.999999999999998,
                9.166666666666666,
                4.166666666666667,
                3.3333333333333335,
                1.6666666666666667,
                0.8333333333333334,
                0.8333333333333334,
                0.8333333333333334,
                0.0,
                0.0,
                0.0,
                0.0,
                0.0,
                0.0,
                0.0,
                0.0,
                0.0,
                0.0,
                0.0,
                0.0,
                0.0,
                0.0,
                0.0,
                0.0,
                0.0,
                0.0,
                0.0,
                0.0,
                0.0,
                0.0,
                0.0,
                0.0,
                0.0,
                0.0,
                0.0,
                0.0,
                0.0,
                0.0,
                0.0,
                0.0,
                0.0,
                0.0,
                0.0,
                0.0,
                0.0,
                0.0,
                0.0,
                0.0,
                0.0,
                0.0,
                0.0,
                0.0,
                0.0,
                0.0,
                0.0,
                0.0,
                0.0,
                0.0,
                0.0,
                0.0,
                0.0,
                0.0,
                0.0,
                0.0,
                0.0,
                0.0,
                0.0,
                0.0,
                0.0,
                0.0,
                0.0,
                0.0,
                0.0,
                0.0,
                0.0,
                0.0,
                0.0,
                0.0,
                0.0,
                0.0,
                0.0,
                0.0,
                0.0
            ]
        },
        "lWaitAndOverdue": [
            [
                0,
                2,
                0,
                0
            ],
            [
                0,
                2,
                2,
                0
            ],
            [
                0,
                3,
                7,
                0
            ],
            [
                1,
                3,
                7,
                0
            ],
            [
                1,
                4,
                14,
                0
            ],
            [
                1,
                4,
                14,
                0
            ],
            [
                1,
                3,
                7,
                0
            ],
            [
                1,
                3,
                7,
                0
            ],
            [
                1,
                2,
                1,
                0
            ],
            [
                1,
                3,
                7,
                0
            ],
            [
                1,
                2,
                2,
                0
            ],
            [
                1,
                4,
                14,
                0
            ],
            [
                2,
                2,
                2,
                0
            ],
            [
                2,
                2,
                0,
                0
            ],
            [
                2,
                2,
                1,
                0
            ],
            [
                2,
                2,
                2,
                0
            ],
            [
                2,
                4,
                14,
                0
            ],
            [
                2,
                4,
                14,
                0
            ],
            [
                2,
                4,
                14,
                0
            ],
            [
                2,
                4,
                14,
                0
            ],
            [
                2,
                3,
                7,
                0
            ],
            [
                2,
                2,
                1,
                0
            ],
            [
                3,
                3,
                7,
                0
            ],
            [
                3,
                2,
                1,
                0
            ],
            [
                3,
                2,
                1,
                0
            ],
            [
                3,
                3,
                7,
                0
            ],
            [
                3,
                2,
                0,
                0
            ],
            [
                3,
                2,
                0,
                0
            ],
            [
                4,
                2,
                5,
                1
            ],
            [
                4,
                1,
                6,
                6
            ],
            [
                4,
                2,
                6,
                2
            ],
            [
                4,
                2,
                7,
                3
            ],
            [
                4,
                3,
                7,
                0
            ],
            [
                4,
                3,
                7,
                0
            ],
            [
                4,
                4,
                14,
                0
            ],
            [
                4,
                3,
                13,
                0
            ],
            [
                4,
                2,
                0,
                0
            ],
            [
                4,
                4,
                14,
                0
            ],
            [
                4,
                4,
                14,
                0
            ],
            [
                5,
                2,
                0,
                0
            ],
            [
                5,
                4,
                14,
                0
            ],
            [
                5,
                4,
                14,
                0
            ],
            [
                5,
                4,
                14,
                0
            ],
            [
                5,
                3,
                10,
                0
            ],
            [
                5,
                4,
                14,
                0
            ],
            [
                5,
                3,
                10,
                0
            ],
            [
                5,
                3,
                10,
                0
            ],
            [
                6,
                4,
                14,
                0
            ],
            [
                6,
                4,
                14,
                0
            ],
            [
                6,
                3,
                9,
                0
            ],
            [
                6,
                2,
                3,
                1
            ],
            [
                6,
                2,
                3,
                1
            ],
            [
                6,
                3,
                9,
                0
            ],
            [
                6,
                4,
                14,
                0
            ],
            [
                6,
                4,
                14,
                0
            ],
            [
                7,
                4,
                14,
                0
            ],
            [
                7,
                4,
                14,
                0
            ],
            [
                7,
                2,
                5,
                3
            ],
            [
                7,
                2,
                5,
                3
            ],
            [
                7,
                4,
                14,
                0
            ],
            [
                7,
                2,
                6,
                4
            ],
            [
                7,
                4,
                14,
                0
            ],
            [
                7,
                2,
                7,
                5
            ],
            [
                7,
                3,
                8,
                0
            ],
            [
                8,
                3,
                8,
                0
            ],
            [
                8,
                3,
                11,
                0
            ],
            [
                8,
                3,
                13,
                0
            ],
            [
                8,
                2,
                4,
                0
            ],
            [
                8,
                4,
                14,
                0
            ],
            [
                8,
                4,
                14,
                0
            ],
            [
                8,
                3,
                14,
                0
            ],
            [
                8,
                2,
                5,
                1
            ],
            [
                8,
                4,
                14,
                0
            ],
            [
                8,
                3,
                13,
                0
            ],
            [
                9,
                2,
                6,
                2
            ],
            [
                9,
                3,
                14,
                0
            ],
            [
                9,
                2,
                6,
                2
            ],
            [
                9,
                2,
                6,
                2
            ],
            [
                9,
                2,
                6,
                2
            ],
            [
                9,
                2,
                11,
                7
            ],
            [
                9,
                2,
                5,
                1
            ],
            [
                9,
                2,
                6,
                2
            ],
            [
                10,
                4,
                14,
                0
            ],
            [
                10,
                4,
                14,
                0
            ],
            [
                10,
                4,
                14,
                0
            ],
            [
                10,
                3,
                14,
                0
            ],
            [
                10,
                2,
                8,
                6
            ],
            [
                10,
                2,
                7,
                5
            ],
            [
                10,
                4,
                14,
                0
            ],
            [
                11,
                3,
                14,
                0
            ],
            [
                11,
                4,
                14,
                0
            ],
            [
                11,
                3,
                15,
                1
            ],
            [
                11,
                2,
                9,
                7
            ],
            [
                11,
                3,
                15,
                1
            ],
            [
                11,
                3,
                15,
                1
            ],
            [
                11,
                2,
                10,
                8
            ],
            [
                11,
                2,
                13,
                11
            ],
            [
                11,
                2,
                9,
                7
            ],
            [
                11,
                2,
                10,
                8
            ],
            [
                11,
                2,
                13,
                11
            ],
            [
                11,
                2,
                10,
                8
            ],
            [
                11,
                3,
                15,
                1
            ],
            [
                11,
                4,
                16,
                0
            ],
            [
                12,
                2,
                14,
                12
            ],
            [
                12,
                2,
                8,
                6
            ],
            [
                13,
                2,
                12,
                8
            ],
            [
                13,
                2,
                11,
                7
            ],
            [
                13,
                3,
                14,
                0
            ],
            [
                13,
                4,
                15,
                0
            ],
            [
                13,
                3,
                15,
                1
            ],
            [
                14,
                3,
                14,
                0
            ],
            [
                14,
                3,
                14,
                0
            ],
            [
                14,
                4,
                17,
                0
            ],
            [
                14,
                3,
                17,
                3
            ],
            [
                15,
                3,
                14,
                0
            ],
            [
                15,
                3,
                14,
                0
            ],
            [
                15,
                3,
                15,
                1
            ],
            [
                15,
                2,
                9,
                7
            ],
            [
                15,
                3,
                15,
                1
            ],
            [
                15,
                2,
                11,
                9
            ],
            [
                15,
                2,
                8,
                6
            ],
            [
                16,
                4,
                14,
                0
            ],
            [
                16,
                3,
                15,
                1
            ],
            [
                16,
                2,
                7,
                5
            ],
            [
                16,
                3,
                15,
                1
            ],
            [
                16,
                3,
                16,
                2
            ],
            [
                16,
                1,
                9,
                9
            ],
            [
                16,
                2,
                10,
                8
            ],
            [
                16,
                3,
                15,
                1
            ],
            [
                16,
                2,
                9,
                7
            ],
            [
                17,
                2,
                9,
                7
            ],
            [
                17,
                2,
                12,
                10
            ],
            [
                17,
                2,
                12,
                10
            ],
            [
                17,
                3,
                14,
                0
            ],
            [
                17,
                4,
                15,
                0
            ],
            [
                17,
                2,
                13,
                11
            ],
            [
                17,
                4,
                16,
                0
            ],
            [
                17,
                4,
                16,
                0
            ],
            [
                17,
                3,
                16,
                2
            ],
            [
                17,
                3,
                16,
                2
            ],
            [
                17,
                3,
                19,
                5
            ],
            [
                17,
                3,
                20,
                6
            ],
            [
                17,
                3,
                20,
                6
            ],
            [
                18,
                4,
                19,
                0
            ],
            [
                18,
                2,
                8,
                4
            ],
            [
                18,
                2,
                12,
                8
            ],
            [
                18,
                2,
                12,
                8
            ],
            [
                19,
                3,
                18,
                4
            ],
            [
                19,
                2,
                11,
                7
            ],
            [
                19,
                4,
                18,
                0
            ],
            [
                19,
                4,
                18,
                0
            ],
            [
                19,
                4,
                19,
                0
            ],
            [
                19,
                4,
                19,
                0
            ],
            [
                19,
                4,
                19,
                0
            ],
            [
                19,
                2,
                12,
                8
            ],
            [
                19,
                4,
                20,
                0
            ],
            [
                20,
                3,
                17,
                3
            ],
            [
                20,
                2,
                9,
                7
            ],
            [
                20,
                2,
                17,
                15
            ],
            [
                20,
                2,
                10,
                8
            ],
            [
                20,
                2,
                11,
                9
            ],
            [
                20,
                2,
                14,
                12
            ],
            [
                20,
                3,
                18,
                4
            ],
            [
                21,
                3,
                17,
                3
            ],
            [
                22,
                3,
                16,
                2
            ],
            [
                22,
                3,
                16,
                2
            ],
            [
                22,
                3,
                16,
                2
            ],
            [
                22,
                3,
                16,
                2
            ],
            [
                22,
                2,
                8,
                6
            ],
            [
                22,
                2,
                9,
                7
            ],
            [
                22,
                4,
                16,
                0
            ],
            [
                22,
                4,
                16,
                0
            ],
            [
                23,
                4,
                18,
                0
            ],
            [
                23,
                2,
                7,
                3
            ],
            [
                23,
                4,
                18,
                0
            ],
            [
                23,
                4,
                18,
                0
            ],
            [
                23,
                2,
                12,
                8
            ],
            [
                24,
                2,
                11,
                7
            ],
            [
                24,
                2,
                13,
                9
            ],
            [
                24,
                4,
                17,
                0
            ],
            [
                24,
                4,
                17,
                0
            ],
            [
                24,
                3,
                17,
                3
            ],
            [
                24,
                2,
                11,
                7
            ],
            [
                24,
                2,
                11,
                7
            ],
            [
                25,
                2,
                14,
                12
            ],
            [
                25,
                3,
                16,
                2
            ],
            [
                25,
                2,
                11,
                9
            ],
            [
                25,
                3,
                14,
                0
            ],
            [
                25,
                3,
                15,
                1
            ],
            [
                25,
                3,
                15,
                1
            ],
            [
                25,
                3,
                15,
                1
            ],
            [
                25,
                3,
                15,
                1
            ],
            [
                25,
                3,
                16,
                2
            ],
            [
                25,
                3,
                15,
                1
            ],
            [
                26,
                2,
                9,
                7
            ],
            [
                26,
                3,
                14,
                0
            ],
            [
                26,
                3,
                14,
                0
            ],
            [
                26,
                3,
                15,
                1
            ],
            [
                26,
                3,
                15,
                1
            ],
            [
                26,
                3,
                15,
                1
            ],
            [
                26,
                3,
                16,
                2
            ],
            [
                26,
                4,
                15,
                0
            ],
            [
                27,
                4,
                15,
                0
            ],
            [
                27,
                4,
                16,
                0
            ],
            [
                27,
                3,
                16,
                2
            ],
            [
                28,
                4,
                15,
                0
            ],
            [
                28,
                4,
                15,
                0
            ],
            [
                28,
                3,
                15,
                1
            ],
            [
                29,
                2,
                7,
                3
            ],
            [
                29,
                2,
                0,
                0
            ],
            [
                29,
                3,
                14,
                0
            ],
            [
                29,
                3,
                14,
                0
            ],
            [
                29,
                3,
                14,
                0
            ],
            [
                29,
                2,
                10,
                6
            ]
        ],
        "lWaitDayByPriority": [
            2502,
            15,
            598,
            1032,
            857
        ],
        "objval": 2392.1963345864665,
        "std_occupancy": 41.710944333940475
    },
    "runtime": 0.8740444183349609,
    "simdays": 150,
    "solver": "daily_greedy"
}