{
    "arrivalrate": 7.0,
    "ins_name": 243,
    "ins_path": "/home/tusan/projects/def-roussea5/tusan/exp/2021_Oct/6linacs/lambda7.0/data",
    "lNoNewPatients": [
        241,
        2,
        96,
        82,
        61
    ],
    "lNoPatients": [
        377,
        2,
        104,
        157,
        114
    ],
    "lNoSections": [
        3337,
        15,
        341,
        1818,
        1163
    ],
    "mipgap": 0.019219447002138047,
    "noLinacs": 6,
    "noSlotsPerDay": 120,
    "planningHorizon": 80,
    "runresult": {
        "feasibility": true,
        "lAvgLateDayByPriority": [
            0.0,
            0.0,
            0.0,
            0.0,
            0.0
        ],
        "lAvgWaitDayByPriority": [
            7.5103734439834025,
            0.0,
            1.4479166666666667,
            11.036585365853659,
            12.557377049180328
        ],
        "lLateDayByPriority": [
            0,
            0,
            0,
            0,
            0
        ],
        "lWaitDayByPriority": [
            1810,
            0,
            139,
            905,
            766
        ],
        "objval": 20238.0731290817
    },
    "runtime": 125.80502963066101,
    "simdays": 30,
    "solver": "static"
}