{
    "arrivalrate": 7.0,
    "ins_name": 248,
    "ins_path": "/home/tusan/projects/def-roussea5/tusan/exp/2021_Oct/6linacs/lambda7.0/data",
    "lNoNewPatients": [
        191,
        2,
        80,
        61,
        48
    ],
    "lNoPatients": [
        321,
        2,
        87,
        130,
        102
    ],
    "lNoSections": [
        2465,
        15,
        248,
        1298,
        904
    ],
    "mipgap": 0.005204693426495755,
    "noLinacs": 6,
    "noSlotsPerDay": 120,
    "planningHorizon": 80,
    "runresult": {
        "feasibility": true,
        "lAvgLateDayByPriority": [
            0.0,
            0.0,
            0.0,
            0.0,
            0.0
        ],
        "lAvgWaitDayByPriority": [
            5.643979057591623,
            0.0,
            1.5875,
            8.459016393442623,
            9.0625
        ],
        "lLateDayByPriority": [
            0,
            0,
            0,
            0,
            0
        ],
        "lWaitDayByPriority": [
            1078,
            0,
            127,
            516,
            435
        ],
        "objval": 20233.39651639344
    },
    "runtime": 11.281419515609741,
    "simdays": 30,
    "solver": "static"
}