{
    "arrivalrate": 7.0,
    "ins_name": 250,
    "ins_path": "/ssd6/san/temp/RTSP-scheduling/data/6linacs/lambda7.0/data",
    "lNoNewPatients": [
        209,
        2,
        87,
        67,
        53
    ],
    "lNoPatients": [
        351,
        2,
        100,
        142,
        107
    ],
    "lNoSections": [
        2744,
        15,
        301,
        1445,
        983
    ],
    "mipgap": 1.0,
    "noLinacs": 6,
    "noSlotsPerDay": 120,
    "planningHorizon": 80,
    "runresult": {
        "avg_occupancy": 30.47129629629629,
        "feasibility": true,
        "lAvgLateDayByPriority": [
            0.5741626794258373,
            4.5,
            1.2298850574712643,
            0.05970149253731343,
            0.0
        ],
        "lAvgWaitDayByPriority": [
            8.17224880382775,
            4.5,
            3.7241379310344827,
            9.447761194029852,
            14.0
        ],
        "lLateDayByPriority": [
            120,
            9,
            107,
            4,
            0
        ],
        "lOccupancy": {
            "0": [
                0.0,
                0.0,
                0.0,
                0.0,
                0.0,
                0.0,
                0.0,
                0.0,
                0.0,
                0.0,
                0.0,
                0.0,
                0.0,
                0.0,
                0.6944444444444444,
                0.6944444444444444,
                0.6944444444444444,
                0.6944444444444444,
                0.6944444444444444,
                0.6944444444444444,
                0.6944444444444444,
                0.6944444444444444,
                0.6944444444444444,
                0.6944444444444444,
                0.8333333333333334,
                0.8333333333333334,
                0.8333333333333334,
                0.8333333333333334,
                0.8333333333333334,
                0.0,
                0.0,
                0.0,
                0.0,
                0.0,
                0.0,
                0.0,
                0.0,
                0.0,
                0.0,
                0.0,
                0.0,
                0.0,
                0.0,
                0.0,
                0.0,
                0.0,
                0.0,
                0.0,
                0.0,
                0.0,
                0.0,
                0.0,
                0.0,
                0.0,
                0.0,
                0.0,
                0.0,
                0.0,
                0.0,
                0.0,
                0.0,
                0.0,
                0.0,
                0.0,
                0.0,
                0.0,
                0.0,
                0.0,
                0.0,
                0.0,
                0.0,
                0.0,
                0.0,
                0.0,
                0.0,
                0.0,
                0.0,
                0.0,
                0.0,
                0.0,
                0.0,
                0.0,
                0.0,
                0.0,
                0.0,
                0.0,
                0.0,
                0.0,
                0.0,
                0.0,
                0.0,
                0.0,
                0.0,
                0.0,
                0.0,
                0.0,
                0.0,
                0.0,
                0.0,
                0.0,
                0.0,
                0.0,
                0.0,
                0.0,
                0.0,
                0.0,
                0.0,
                0.0,
                0.0,
                0.0,
                0.0,
                0.0,
                0.0,
                0.0,
                0.0,
                0.0,
                0.0,
                0.0,
                0.0,
                0.0,
                0.0,
                0.0,
                0.0,
                0.0,
                0.0,
                0.0,
                0.0,
                0.0,
                0.0,
                0.0,
                0.0,
                0.0,
                0.0,
                0.0,
                0.0,
                0.0,
                0.0,
                0.0,
                0.0,
                0.0,
                0.0,
                0.0,
                0.0,
                0.0,
                0.0,
                0.0,
                0.0,
                0.0,
                0.0,
                0.0
            ],
            "1": [
                12.083333333333334,
                15.555555555555555,
                16.666666666666664,
                9.583333333333334,
                10.416666666666668,
                5.277777777777778,
                4.166666666666666,
                6.25,
                3.888888888888889,
                3.888888888888889,
                7.361111111111112,
                7.638888888888889,
                7.916666666666666,
                7.777777777777778,
                13.194444444444445,
                13.472222222222221,
                12.36111111111111,
                13.750000000000002,
                12.916666666666668,
                12.222222222222221,
                8.88888888888889,
                10.13888888888889,
                10.833333333333334,
                10.555555555555555,
                9.166666666666666,
                7.222222222222221,
                6.388888888888888,
                9.305555555555555,
                6.388888888888888,
                6.527777777777779,
                7.777777777777778,
                7.777777777777778,
                4.444444444444445,
                3.75,
                3.75,
                6.25,
                1.6666666666666667,
                0.8333333333333334,
                0.8333333333333334,
                0.8333333333333334,
                0.8333333333333334,
                0.8333333333333334,
                0.8333333333333334,
                0.8333333333333334,
                0.8333333333333334,
                0.8333333333333334,
                0.8333333333333334,
                0.8333333333333334,
                0.8333333333333334,
                0.8333333333333334,
                0.8333333333333334,
                0.8333333333333334,
                0.8333333333333334,
                0.8333333333333334,
                0.8333333333333334,
                0.8333333333333334,
                0.8333333333333334,
                0.0,
                0.0,
                0.0,
                0.0,
                0.0,
                0.0,
                0.0,
                0.0,
                0.0,
                0.0,
                0.0,
                0.0,
                0.0,
                0.0,
                0.0,
                0.0,
                0.0,
                0.0,
                0.0,
                0.0,
                0.0,
                0.0,
                0.0,
                0.0,
                0.0,
                0.0,
                0.0,
                0.0,
                0.0,
                0.0,
                0.0,
                0.0,
                0.0,
                0.0,
                0.0,
                0.0,
                0.0,
                0.0,
                0.0,
                0.0,
                0.0,
                0.0,
                0.0,
                0.0,
                0.0,
                0.0,
                0.0,
                0.0,
                0.0,
                0.0,
                0.0,
                0.0,
                0.0,
                0.0,
                0.0,
                0.0,
                0.0,
                0.0,
                0.0,
                0.0,
                0.0,
                0.0,
                0.0,
                0.0,
                0.0,
                0.0,
                0.0,
                0.0,
                0.0,
                0.0,
                0.0,
                0.0,
                0.0,
                0.0,
                0.0,
                0.0,
                0.0,
                0.0,
                0.0,
                0.0,
                0.0,
                0.0,
                0.0,
                0.0,
                0.0,
                0.0,
                0.0,
                0.0,
                0.0,
                0.0,
                0.0,
                0.0,
                0.0
            ],
            "2": [
                47.36111111111111,
                43.333333333333336,
                44.30555555555556,
                46.38888888888889,
                45.69444444444444,
                46.38888888888889,
                50.69444444444444,
                57.08333333333333,
                60.97222222222223,
                60.69444444444444,
                60.0,
                57.77777777777777,
                58.88888888888889,
                58.88888888888889,
                54.58333333333333,
                54.30555555555555,
                54.861111111111114,
                54.58333333333333,
                55.833333333333336,
                56.111111111111114,
                58.75,
                58.47222222222223,
                56.94444444444444,
                54.166666666666664,
                54.861111111111114,
                55.69444444444444,
                55.69444444444444,
                55.69444444444444,
                55.69444444444444,
                57.77777777777777,
                56.25,
                55.97222222222222,
                57.22222222222222,
                58.19444444444445,
                56.80555555555556,
                57.22222222222222,
                53.47222222222222,
                51.52777777777777,
                48.333333333333336,
                46.111111111111114,
                42.77777777777778,
                38.75,
                38.75,
                33.33333333333333,
                32.5,
                30.694444444444446,
                28.055555555555557,
                26.38888888888889,
                24.72222222222222,
                22.77777777777778,
                20.27777777777778,
                18.75,
                17.083333333333332,
                15.972222222222221,
                13.472222222222221,
                12.777777777777777,
                11.944444444444445,
                10.833333333333334,
                10.0,
                10.0,
                10.0,
                9.166666666666666,
                7.5,
                5.0,
                4.166666666666666,
                3.3333333333333335,
                1.6666666666666667,
                0.8333333333333334,
                0.0,
                0.0,
                0.0,
                0.0,
                0.0,
                0.0,
                0.0,
                0.0,
                0.0,
                0.0,
                0.0,
                0.0,
                0.0,
                0.0,
                0.0,
                0.0,
                0.0,
                0.0,
                0.0,
                0.0,
                0.0,
                0.0,
                0.0,
                0.0,
                0.0,
                0.0,
                0.0,
                0.0,
                0.0,
                0.0,
                0.0,
                0.0,
                0.0,
                0.0,
                0.0,
                0.0,
                0.0,
                0.0,
                0.0,
                0.0,
                0.0,
                0.0,
                0.0,
                0.0,
                0.0,
                0.0,
                0.0,
                0.0,
                0.0,
                0.0,
                0.0,
                0.0,
                0.0,
                0.0,
                0.0,
                0.0,
                0.0,
                0.0,
                0.0,
                0.0,
                0.0,
                0.0,
                0.0,
                0.0,
                0.0,
                0.0,
                0.0,
                0.0,
                0.0,
                0.0,
                0.0,
                0.0,
                0.0,
                0.0,
                0.0,
                0.0,
                0.0,
                0.0,
                0.0,
                0.0,
                0.0,
                0.0
            ],
            "3": [
                33.33333333333333,
                33.33333333333333,
                37.77777777777778,
                34.166666666666664,
                32.361111111111114,
                35.41666666666667,
                35.833333333333336,
                35.0,
                34.72222222222222,
                34.72222222222222,
                31.38888888888889,
                34.02777777777778,
                31.805555555555554,
                32.361111111111114,
                30.277777777777775,
                30.97222222222222,
                31.11111111111111,
                29.305555555555557,
                28.61111111111111,
                27.77777777777778,
                29.72222222222222,
                28.888888888888886,
                29.02777777777778,
                32.5,
                33.88888888888889,
                35.41666666666667,
                35.833333333333336,
                32.77777777777778,
                35.55555555555556,
                34.44444444444444,
                33.47222222222222,
                33.75,
                32.361111111111114,
                31.25,
                31.944444444444443,
                29.305555555555557,
                29.305555555555557,
                32.63888888888889,
                30.0,
                28.888888888888886,
                27.77777777777778,
                23.055555555555557,
                20.833333333333336,
                16.25,
                16.25,
                16.25,
                16.25,
                16.25,
                15.416666666666668,
                13.88888888888889,
                13.194444444444445,
                10.972222222222221,
                7.638888888888889,
                6.944444444444445,
                6.25,
                5.555555555555555,
                2.5,
                2.5,
                2.5,
                2.5,
                2.5,
                2.5,
                2.5,
                1.6666666666666667,
                0.8333333333333334,
                0.8333333333333334,
                0.8333333333333334,
                0.8333333333333334,
                0.0,
                0.0,
                0.0,
                0.0,
                0.0,
                0.0,
                0.0,
                0.0,
                0.0,
                0.0,
                0.0,
                0.0,
                0.0,
                0.0,
                0.0,
                0.0,
                0.0,
                0.0,
                0.0,
                0.0,
                0.0,
                0.0,
                0.0,
                0.0,
                0.0,
                0.0,
                0.0,
                0.0,
                0.0,
                0.0,
                0.0,
                0.0,
                0.0,
                0.0,
                0.0,
                0.0,
                0.0,
                0.0,
                0.0,
                0.0,
                0.0,
                0.0,
                0.0,
                0.0,
                0.0,
                0.0,
                0.0,
                0.0,
                0.0,
                0.0,
                0.0,
                0.0,
                0.0,
                0.0,
                0.0,
                0.0,
                0.0,
                0.0,
                0.0,
                0.0,
                0.0,
                0.0,
                0.0,
                0.0,
                0.0,
                0.0,
                0.0,
                0.0,
                0.0,
                0.0,
                0.0,
                0.0,
                0.0,
                0.0,
                0.0,
                0.0,
                0.0,
                0.0,
                0.0,
                0.0,
                0.0,
                0.0
            ],
            "overall": [
                92.77777777777777,
                92.22222222222223,
                98.75,
                90.13888888888889,
                88.47222222222223,
                87.08333333333334,
                90.69444444444444,
                98.33333333333333,
                99.58333333333334,
                99.30555555555554,
                98.75,
                99.44444444444443,
                98.61111111111111,
                99.02777777777779,
                98.74999999999999,
                99.44444444444443,
                99.02777777777779,
                98.33333333333333,
                98.05555555555556,
                96.80555555555557,
                98.05555555555554,
                98.19444444444444,
                97.5,
                97.91666666666666,
                98.75,
                99.16666666666667,
                98.75,
                98.61111111111111,
                98.47222222222223,
                98.74999999999999,
                97.5,
                97.5,
                94.02777777777777,
                93.19444444444446,
                92.5,
                92.77777777777777,
                84.44444444444444,
                85.0,
                79.16666666666667,
                75.83333333333334,
                71.38888888888889,
                62.63888888888889,
                60.41666666666667,
                50.416666666666664,
                49.583333333333336,
                47.77777777777778,
                45.138888888888886,
                43.47222222222222,
                40.97222222222222,
                37.5,
                34.30555555555556,
                30.555555555555554,
                25.555555555555554,
                23.75,
                20.555555555555557,
                19.166666666666664,
                15.277777777777779,
                13.333333333333334,
                12.5,
                12.5,
                12.5,
                11.666666666666666,
                10.0,
                6.666666666666667,
                4.999999999999999,
                4.166666666666667,
                2.5,
                1.6666666666666667,
                0.0,
                0.0,
                0.0,
                0.0,
                0.0,
                0.0,
                0.0,
                0.0,
                0.0,
                0.0,
                0.0,
                0.0,
                0.0,
                0.0,
                0.0,
                0.0,
                0.0,
                0.0,
                0.0,
                0.0,
                0.0,
                0.0,
                0.0,
                0.0,
                0.0,
                0.0,
                0.0,
                0.0,
                0.0,
                0.0,
                0.0,
                0.0,
                0.0,
                0.0,
                0.0,
                0.0,
                0.0,
                0.0,
                0.0,
                0.0,
                0.0,
                0.0,
                0.0,
                0.0,
                0.0,
                0.0,
                0.0,
                0.0,
                0.0,
                0.0,
                0.0,
                0.0,
                0.0,
                0.0,
                0.0,
                0.0,
                0.0,
                0.0,
                0.0,
                0.0,
                0.0,
                0.0,
                0.0,
                0.0,
                0.0,
                0.0,
                0.0,
                0.0,
                0.0,
                0.0,
                0.0,
                0.0,
                0.0,
                0.0,
                0.0,
                0.0,
                0.0,
                0.0,
                0.0,
                0.0,
                0.0,
                0.0
            ]
        },
        "lWaitAndOverdue": [
            [
                0,
                4,
                14,
                0
            ],
            [
                0,
                2,
                2,
                0
            ],
            [
                0,
                3,
                7,
                0
            ],
            [
                0,
                2,
                0,
                0
            ],
            [
                0,
                2,
                0,
                0
            ],
            [
                0,
                2,
                1,
                0
            ],
            [
                0,
                2,
                0,
                0
            ],
            [
                1,
                2,
                1,
                0
            ],
            [
                1,
                2,
                1,
                0
            ],
            [
                1,
                2,
                2,
                0
            ],
            [
                1,
                4,
                14,
                0
            ],
            [
                1,
                2,
                2,
                0
            ],
            [
                1,
                4,
                14,
                0
            ],
            [
                1,
                3,
                7,
                0
            ],
            [
                1,
                4,
                14,
                0
            ],
            [
                1,
                2,
                2,
                0
            ],
            [
                1,
                2,
                2,
                0
            ],
            [
                1,
                2,
                2,
                0
            ],
            [
                1,
                4,
                14,
                0
            ],
            [
                1,
                3,
                7,
                0
            ],
            [
                1,
                2,
                0,
                0
            ],
            [
                2,
                3,
                7,
                0
            ],
            [
                2,
                3,
                7,
                0
            ],
            [
                3,
                3,
                7,
                0
            ],
            [
                3,
                4,
                14,
                0
            ],
            [
                3,
                3,
                7,
                0
            ],
            [
                3,
                4,
                14,
                0
            ],
            [
                3,
                3,
                7,
                0
            ],
            [
                3,
                2,
                1,
                0
            ],
            [
                4,
                2,
                3,
                0
            ],
            [
                4,
                4,
                14,
                0
            ],
            [
                4,
                3,
                10,
                0
            ],
            [
                4,
                2,
                0,
                0
            ],
            [
                4,
                2,
                0,
                0
            ],
            [
                4,
                2,
                10,
                6
            ],
            [
                4,
                3,
                10,
                0
            ],
            [
                4,
                4,
                14,
                0
            ],
            [
                5,
                2,
                7,
                5
            ],
            [
                5,
                2,
                2,
                0
            ],
            [
                5,
                3,
                9,
                0
            ],
            [
                5,
                2,
                0,
                0
            ],
            [
                5,
                2,
                3,
                1
            ],
            [
                5,
                3,
                9,
                0
            ],
            [
                6,
                3,
                9,
                0
            ],
            [
                6,
                4,
                14,
                0
            ],
            [
                6,
                4,
                14,
                0
            ],
            [
                6,
                3,
                9,
                0
            ],
            [
                6,
                3,
                9,
                0
            ],
            [
                6,
                2,
                7,
                5
            ],
            [
                6,
                3,
                9,
                0
            ],
            [
                7,
                2,
                7,
                5
            ],
            [
                7,
                4,
                14,
                0
            ],
            [
                7,
                2,
                5,
                3
            ],
            [
                7,
                2,
                9,
                7
            ],
            [
                7,
                2,
                8,
                6
            ],
            [
                7,
                2,
                6,
                4
            ],
            [
                7,
                4,
                14,
                0
            ],
            [
                8,
                4,
                14,
                0
            ],
            [
                8,
                4,
                14,
                0
            ],
            [
                8,
                4,
                14,
                0
            ],
            [
                8,
                3,
                8,
                0
            ],
            [
                9,
                2,
                4,
                0
            ],
            [
                9,
                3,
                10,
                0
            ],
            [
                9,
                2,
                5,
                1
            ],
            [
                9,
                2,
                7,
                3
            ],
            [
                9,
                3,
                10,
                0
            ],
            [
                9,
                2,
                7,
                3
            ],
            [
                9,
                2,
                10,
                6
            ],
            [
                9,
                2,
                10,
                6
            ],
            [
                9,
                1,
                7,
                7
            ],
            [
                10,
                2,
                7,
                5
            ],
            [
                10,
                2,
                7,
                5
            ],
            [
                10,
                3,
                8,
                0
            ],
            [
                10,
                3,
                8,
                0
            ],
            [
                10,
                4,
                14,
                0
            ],
            [
                10,
                3,
                8,
                0
            ],
            [
                10,
                2,
                3,
                1
            ],
            [
                10,
                4,
                14,
                0
            ],
            [
                11,
                4,
                14,
                0
            ],
            [
                11,
                2,
                6,
                4
            ],
            [
                11,
                4,
                14,
                0
            ],
            [
                12,
                4,
                14,
                0
            ],
            [
                12,
                4,
                14,
                0
            ],
            [
                12,
                3,
                7,
                0
            ],
            [
                12,
                4,
                14,
                0
            ],
            [
                12,
                3,
                7,
                0
            ],
            [
                12,
                3,
                8,
                0
            ],
            [
                13,
                4,
                14,
                0
            ],
            [
                13,
                4,
                14,
                0
            ],
            [
                13,
                3,
                7,
                0
            ],
            [
                13,
                2,
                4,
                0
            ],
            [
                13,
                2,
                5,
                1
            ],
            [
                13,
                3,
                7,
                0
            ],
            [
                13,
                4,
                14,
                0
            ],
            [
                13,
                4,
                14,
                0
            ],
            [
                13,
                4,
                14,
                0
            ],
            [
                13,
                4,
                14,
                0
            ],
            [
                14,
                2,
                4,
                0
            ],
            [
                14,
                2,
                4,
                0
            ],
            [
                14,
                4,
                14,
                0
            ],
            [
                14,
                2,
                5,
                1
            ],
            [
                14,
                4,
                14,
                0
            ],
            [
                14,
                2,
                5,
                1
            ],
            [
                14,
                3,
                7,
                0
            ],
            [
                15,
                3,
                7,
                0
            ],
            [
                15,
                3,
                7,
                0
            ],
            [
                15,
                3,
                7,
                0
            ],
            [
                15,
                2,
                2,
                0
            ],
            [
                15,
                4,
                14,
                0
            ],
            [
                15,
                4,
                14,
                0
            ],
            [
                15,
                3,
                7,
                0
            ],
            [
                15,
                2,
                2,
                0
            ],
            [
                16,
                4,
                14,
                0
            ],
            [
                16,
                3,
                7,
                0
            ],
            [
                16,
                2,
                2,
                0
            ],
            [
                17,
                3,
                7,
                0
            ],
            [
                17,
                2,
                1,
                0
            ],
            [
                17,
                2,
                2,
                0
            ],
            [
                17,
                2,
                2,
                0
            ],
            [
                17,
                2,
                2,
                0
            ],
            [
                17,
                2,
                1,
                0
            ],
            [
                17,
                2,
                2,
                0
            ],
            [
                17,
                4,
                14,
                0
            ],
            [
                18,
                4,
                14,
                0
            ],
            [
                18,
                4,
                14,
                0
            ],
            [
                18,
                3,
                7,
                0
            ],
            [
                18,
                2,
                4,
                0
            ],
            [
                18,
                2,
                5,
                1
            ],
            [
                18,
                4,
                14,
                0
            ],
            [
                18,
                3,
                7,
                0
            ],
            [
                18,
                4,
                14,
                0
            ],
            [
                18,
                3,
                8,
                0
            ],
            [
                18,
                2,
                5,
                1
            ],
            [
                18,
                3,
                8,
                0
            ],
            [
                18,
                3,
                11,
                0
            ],
            [
                18,
                2,
                5,
                1
            ],
            [
                19,
                2,
                4,
                0
            ],
            [
                19,
                2,
                4,
                0
            ],
            [
                19,
                2,
                4,
                0
            ],
            [
                19,
                2,
                5,
                1
            ],
            [
                19,
                2,
                5,
                1
            ],
            [
                19,
                3,
                7,
                0
            ],
            [
                19,
                4,
                14,
                0
            ],
            [
                20,
                2,
                3,
                1
            ],
            [
                20,
                2,
                3,
                1
            ],
            [
                20,
                2,
                2,
                0
            ],
            [
                20,
                2,
                3,
                1
            ],
            [
                20,
                3,
                7,
                0
            ],
            [
                20,
                4,
                14,
                0
            ],
            [
                20,
                3,
                7,
                0
            ],
            [
                20,
                3,
                11,
                0
            ],
            [
                21,
                3,
                10,
                0
            ],
            [
                21,
                4,
                14,
                0
            ],
            [
                21,
                3,
                10,
                0
            ],
            [
                21,
                3,
                10,
                0
            ],
            [
                21,
                3,
                10,
                0
            ],
            [
                21,
                3,
                13,
                0
            ],
            [
                21,
                2,
                3,
                1
            ],
            [
                21,
                3,
                13,
                0
            ],
            [
                21,
                2,
                7,
                5
            ],
            [
                21,
                2,
                3,
                1
            ],
            [
                21,
                4,
                14,
                0
            ],
            [
                21,
                3,
                14,
                0
            ],
            [
                21,
                2,
                3,
                1
            ],
            [
                21,
                3,
                15,
                1
            ],
            [
                22,
                3,
                14,
                0
            ],
            [
                22,
                1,
                2,
                2
            ],
            [
                22,
                2,
                2,
                0
            ],
            [
                22,
                3,
                14,
                0
            ],
            [
                23,
                2,
                4,
                0
            ],
            [
                23,
                2,
                4,
                0
            ],
            [
                23,
                2,
                5,
                1
            ],
            [
                23,
                2,
                6,
                2
            ],
            [
                23,
                3,
                12,
                0
            ],
            [
                24,
                4,
                14,
                0
            ],
            [
                24,
                2,
                5,
                1
            ],
            [
                24,
                4,
                14,
                0
            ],
            [
                24,
                4,
                14,
                0
            ],
            [
                24,
                3,
                17,
                3
            ],
            [
                24,
                3,
                12,
                0
            ],
            [
                24,
                3,
                13,
                0
            ],
            [
                25,
                3,
                10,
                0
            ],
            [
                25,
                3,
                11,
                0
            ],
            [
                25,
                4,
                14,
                0
            ],
            [
                25,
                2,
                2,
                0
            ],
            [
                25,
                2,
                2,
                0
            ],
            [
                26,
                2,
                1,
                0
            ],
            [
                26,
                3,
                13,
                0
            ],
            [
                26,
                2,
                1,
                0
            ],
            [
                26,
                4,
                14,
                0
            ],
            [
                26,
                4,
                14,
                0
            ],
            [
                27,
                4,
                14,
                0
            ],
            [
                27,
                4,
                14,
                0
            ],
            [
                27,
                4,
                14,
                0
            ],
            [
                27,
                2,
                2,
                0
            ],
            [
                27,
                4,
                14,
                0
            ],
            [
                27,
                3,
                12,
                0
            ],
            [
                27,
                2,
                2,
                0
            ],
            [
                28,
                2,
                11,
                7
            ],
            [
                28,
                2,
                4,
                0
            ],
            [
                28,
                2,
                4,
                0
            ],
            [
                28,
                2,
                5,
                1
            ],
            [
                28,
                3,
                11,
                0
            ],
            [
                28,
                3,
                12,
                0
            ],
            [
                28,
                3,
                12,
                0
            ],
            [
                29,
                3,
                11,
                0
            ],
            [
                29,
                3,
                11,
                0
            ],
            [
                29,
                3,
                13,
                0
            ],
            [
                29,
                2,
                4,
                0
            ]
        ],
        "lWaitDayByPriority": [
            1708,
            9,
            324,
            633,
            742
        ],
        "objval": 2311.4787270543834,
        "std_occupancy": 41.2557231865437
    },
    "runtime": 0.7488040924072266,
    "simdays": 150,
    "solver": "daily_greedy"
}