{
    "arrivalrate": 7.0,
    "ins_name": 269,
    "ins_path": "/home/tusan/projects/def-roussea5/tusan/exp/2021_Oct/6linacs/lambda7.0/data",
    "lNoNewPatients": [
        222,
        2,
        85,
        78,
        57
    ],
    "lNoPatients": [
        369,
        2,
        98,
        158,
        111
    ],
    "lNoSections": [
        3137,
        15,
        304,
        1697,
        1121
    ],
    "mipgap": 0.01999830422480719,
    "noLinacs": 6,
    "noSlotsPerDay": 120,
    "planningHorizon": 80,
    "runresult": {
        "feasibility": true,
        "lAvgLateDayByPriority": [
            0.0,
            0.0,
            0.0,
            0.0,
            0.0
        ],
        "lAvgWaitDayByPriority": [
            8.166666666666666,
            0.0,
            1.3529411764705883,
            11.397435897435898,
            14.192982456140351
        ],
        "lLateDayByPriority": [
            0,
            0,
            0,
            0,
            0
        ],
        "lWaitDayByPriority": [
            1813,
            0,
            115,
            889,
            809
        ],
        "objval": 20239.119830118285
    },
    "runtime": 246.01866626739502,
    "simdays": 30,
    "solver": "static"
}