{
    "arrivalrate": 7.0,
    "ins_name": 274,
    "ins_path": "/home/tusan/projects/def-roussea5/tusan/exp/2021_Oct/6linacs/lambda7.0/data",
    "lNoNewPatients": [
        216,
        2,
        80,
        78,
        56
    ],
    "lNoPatients": [
        362,
        2,
        93,
        154,
        113
    ],
    "lNoSections": [
        3118,
        15,
        272,
        1713,
        1118
    ],
    "mipgap": 0.015354651052805986,
    "noLinacs": 6,
    "noSlotsPerDay": 120,
    "planningHorizon": 80,
    "runresult": {
        "feasibility": true,
        "lAvgLateDayByPriority": [
            0.0,
            0.0,
            0.0,
            0.0,
            0.0
        ],
        "lAvgWaitDayByPriority": [
            7.6157407407407405,
            0.0,
            1.5,
            11.179487179487179,
            11.660714285714286
        ],
        "lLateDayByPriority": [
            0,
            0,
            0,
            0,
            0
        ],
        "lWaitDayByPriority": [
            1645,
            0,
            120,
            872,
            653
        ],
        "objval": 20237.840201465202
    },
    "runtime": 246.15158677101135,
    "simdays": 30,
    "solver": "static"
}