{
    "arrivalrate": 7.0,
    "ins_name": 389,
    "ins_path": "/home/tusan/projects/def-roussea5/tusan/exp/2021_Oct/6linacs/lambda7.0/data",
    "lNoNewPatients": [
        199,
        2,
        77,
        69,
        51
    ],
    "lNoPatients": [
        346,
        2,
        90,
        151,
        103
    ],
    "lNoSections": [
        2803,
        15,
        267,
        1548,
        973
    ],
    "mipgap": 0.018651700607888278,
    "noLinacs": 6,
    "noSlotsPerDay": 120,
    "planningHorizon": 80,
    "runresult": {
        "feasibility": true,
        "lAvgLateDayByPriority": [
            0.0,
            0.0,
            0.0,
            0.0,
            0.0
        ],
        "lAvgWaitDayByPriority": [
            6.763819095477387,
            0.0,
            1.4415584415584415,
            10.0,
            10.686274509803921
        ],
        "lLateDayByPriority": [
            0,
            0,
            0,
            0,
            0
        ],
        "lWaitDayByPriority": [
            1346,
            0,
            111,
            690,
            545
        ],
        "objval": 20235.101858925387
    },
    "runtime": 25.576484441757202,
    "simdays": 30,
    "solver": "static"
}