{
    "arrivalrate": 7.0,
    "ins_name": 430,
    "ins_path": "/home/tusan/projects/def-roussea5/tusan/exp/2021_Oct/6linacs/lambda7.0/data",
    "lNoNewPatients": [
        208,
        2,
        78,
        73,
        55
    ],
    "lNoPatients": [
        367,
        2,
        91,
        159,
        115
    ],
    "lNoSections": [
        2946,
        15,
        262,
        1576,
        1093
    ],
    "mipgap": 30.0,
    "noLinacs": 6,
    "noSlotsPerDay": 120,
    "planningHorizon": 80,
    "runresult": {
        "feasibility": true,
        "lAvgLateDayByPriority": [
            0.38461538461538464,
            0.5,
            0.5,
            0.547945205479452,
            0.0
        ],
        "lAvgWaitDayByPriority": [
            9.66826923076923,
            0.5,
            2.448717948717949,
            13.273972602739725,
            15.454545454545455
        ],
        "lLateDayByPriority": [
            80,
            1,
            39,
            40,
            0
        ],
        "lWaitDayByPriority": [
            2011,
            1,
            191,
            969,
            850
        ],
        "objval": 20259.763642749942
    },
    "runtime": 1.2909841537475586,
    "simdays": 30,
    "solver": "prediction"
}