{
    "arrivalrate": 7.0,
    "ins_name": 445,
    "ins_path": "/ssd6/san/temp/RTSP-scheduling/data/6linacs/lambda7.0/data",
    "lNoNewPatients": [
        196,
        2,
        74,
        67,
        53
    ],
    "lNoPatients": [
        353,
        2,
        84,
        158,
        109
    ],
    "lNoSections": [
        2866,
        15,
        256,
        1552,
        1043
    ],
    "mipgap": 1.0,
    "noLinacs": 6,
    "noSlotsPerDay": 120,
    "planningHorizon": 80,
    "runresult": {
        "avg_occupancy": 32.832407407407416,
        "feasibility": true,
        "lAvgLateDayByPriority": [
            0.7857142857142857,
            1.0,
            2.0135135135135136,
            0.04477611940298507,
            0.0
        ],
        "lAvgWaitDayByPriority": [
            9.122448979591837,
            1.0,
            4.3108108108108105,
            10.776119402985074,
            14.056603773584905
        ],
        "lLateDayByPriority": [
            154,
            2,
            149,
            3,
            0
        ],
        "lOccupancy": {
            "0": [
                0.0,
                0.0,
                0.0,
                0.0,
                0.6944444444444444,
                0.6944444444444444,
                0.6944444444444444,
                0.6944444444444444,
                0.6944444444444444,
                0.6944444444444444,
                0.6944444444444444,
                0.6944444444444444,
                0.6944444444444444,
                0.6944444444444444,
                0.0,
                0.0,
                0.0,
                0.0,
                0.0,
                0.0,
                0.0,
                0.0,
                0.8333333333333334,
                0.8333333333333334,
                0.8333333333333334,
                0.8333333333333334,
                0.8333333333333334,
                0.0,
                0.0,
                0.0,
                0.0,
                0.0,
                0.0,
                0.0,
                0.0,
                0.0,
                0.0,
                0.0,
                0.0,
                0.0,
                0.0,
                0.0,
                0.0,
                0.0,
                0.0,
                0.0,
                0.0,
                0.0,
                0.0,
                0.0,
                0.0,
                0.0,
                0.0,
                0.0,
                0.0,
                0.0,
                0.0,
                0.0,
                0.0,
                0.0,
                0.0,
                0.0,
                0.0,
                0.0,
                0.0,
                0.0,
                0.0,
                0.0,
                0.0,
                0.0,
                0.0,
                0.0,
                0.0,
                0.0,
                0.0,
                0.0,
                0.0,
                0.0,
                0.0,
                0.0,
                0.0,
                0.0,
                0.0,
                0.0,
                0.0,
                0.0,
                0.0,
                0.0,
                0.0,
                0.0,
                0.0,
                0.0,
                0.0,
                0.0,
                0.0,
                0.0,
                0.0,
                0.0,
                0.0,
                0.0,
                0.0,
                0.0,
                0.0,
                0.0,
                0.0,
                0.0,
                0.0,
                0.0,
                0.0,
                0.0,
                0.0,
                0.0,
                0.0,
                0.0,
                0.0,
                0.0,
                0.0,
                0.0,
                0.0,
                0.0,
                0.0,
                0.0,
                0.0,
                0.0,
                0.0,
                0.0,
                0.0,
                0.0,
                0.0,
                0.0,
                0.0,
                0.0,
                0.0,
                0.0,
                0.0,
                0.0,
                0.0,
                0.0,
                0.0,
                0.0,
                0.0,
                0.0,
                0.0,
                0.0,
                0.0,
                0.0,
                0.0,
                0.0,
                0.0,
                0.0
            ],
            "1": [
                9.027777777777777,
                14.722222222222223,
                12.63888888888889,
                10.555555555555555,
                12.916666666666668,
                10.972222222222221,
                9.166666666666666,
                9.027777777777777,
                6.805555555555555,
                6.805555555555555,
                3.75,
                2.638888888888889,
                1.8055555555555554,
                6.25,
                5.694444444444445,
                4.861111111111112,
                5.555555555555555,
                7.638888888888889,
                9.305555555555555,
                8.055555555555555,
                7.222222222222221,
                6.666666666666667,
                6.388888888888888,
                3.888888888888889,
                4.722222222222222,
                5.694444444444445,
                6.111111111111111,
                7.5,
                6.944444444444445,
                7.083333333333333,
                7.083333333333333,
                7.916666666666666,
                10.833333333333334,
                7.916666666666666,
                9.166666666666666,
                9.583333333333334,
                3.3333333333333335,
                2.5,
                1.6666666666666667,
                1.6666666666666667,
                1.6666666666666667,
                1.6666666666666667,
                1.6666666666666667,
                0.8333333333333334,
                0.8333333333333334,
                0.8333333333333334,
                0.8333333333333334,
                0.8333333333333334,
                0.8333333333333334,
                0.8333333333333334,
                0.8333333333333334,
                0.8333333333333334,
                0.8333333333333334,
                0.8333333333333334,
                0.8333333333333334,
                0.8333333333333334,
                0.8333333333333334,
                0.0,
                0.0,
                0.0,
                0.0,
                0.0,
                0.0,
                0.0,
                0.0,
                0.0,
                0.0,
                0.0,
                0.0,
                0.0,
                0.0,
                0.0,
                0.0,
                0.0,
                0.0,
                0.0,
                0.0,
                0.0,
                0.0,
                0.0,
                0.0,
                0.0,
                0.0,
                0.0,
                0.0,
                0.0,
                0.0,
                0.0,
                0.0,
                0.0,
                0.0,
                0.0,
                0.0,
                0.0,
                0.0,
                0.0,
                0.0,
                0.0,
                0.0,
                0.0,
                0.0,
                0.0,
                0.0,
                0.0,
                0.0,
                0.0,
                0.0,
                0.0,
                0.0,
                0.0,
                0.0,
                0.0,
                0.0,
                0.0,
                0.0,
                0.0,
                0.0,
                0.0,
                0.0,
                0.0,
                0.0,
                0.0,
                0.0,
                0.0,
                0.0,
                0.0,
                0.0,
                0.0,
                0.0,
                0.0,
                0.0,
                0.0,
                0.0,
                0.0,
                0.0,
                0.0,
                0.0,
                0.0,
                0.0,
                0.0,
                0.0,
                0.0,
                0.0,
                0.0,
                0.0,
                0.0,
                0.0,
                0.0,
                0.0,
                0.0
            ],
            "2": [
                48.75,
                48.75,
                49.02777777777778,
                47.638888888888886,
                48.19444444444444,
                53.47222222222222,
                55.00000000000001,
                55.69444444444444,
                56.52777777777778,
                56.52777777777778,
                60.138888888888886,
                60.69444444444444,
                65.41666666666667,
                62.916666666666664,
                64.16666666666667,
                65.41666666666667,
                65.0,
                60.27777777777777,
                57.91666666666667,
                57.91666666666667,
                56.80555555555556,
                58.75,
                57.22222222222222,
                57.91666666666667,
                58.47222222222223,
                59.02777777777778,
                60.55555555555555,
                61.38888888888889,
                60.416666666666664,
                61.25000000000001,
                64.02777777777777,
                63.888888888888886,
                59.86111111111111,
                59.72222222222222,
                57.638888888888886,
                54.44444444444444,
                55.55555555555556,
                56.388888888888886,
                61.111111111111114,
                60.69444444444444,
                53.333333333333336,
                43.611111111111114,
                39.166666666666664,
                34.72222222222222,
                34.72222222222222,
                33.05555555555556,
                29.583333333333332,
                29.583333333333332,
                28.749999999999996,
                26.805555555555554,
                25.972222222222225,
                23.47222222222222,
                23.47222222222222,
                23.47222222222222,
                21.666666666666668,
                21.666666666666668,
                21.666666666666668,
                20.833333333333336,
                20.833333333333336,
                17.5,
                15.833333333333332,
                15.0,
                14.166666666666666,
                12.5,
                12.5,
                11.666666666666666,
                10.0,
                10.0,
                9.166666666666666,
                3.75,
                3.75,
                2.5,
                0.8333333333333334,
                0.8333333333333334,
                0.8333333333333334,
                0.8333333333333334,
                0.8333333333333334,
                0.0,
                0.0,
                0.0,
                0.0,
                0.0,
                0.0,
                0.0,
                0.0,
                0.0,
                0.0,
                0.0,
                0.0,
                0.0,
                0.0,
                0.0,
                0.0,
                0.0,
                0.0,
                0.0,
                0.0,
                0.0,
                0.0,
                0.0,
                0.0,
                0.0,
                0.0,
                0.0,
                0.0,
                0.0,
                0.0,
                0.0,
                0.0,
                0.0,
                0.0,
                0.0,
                0.0,
                0.0,
                0.0,
                0.0,
                0.0,
                0.0,
                0.0,
                0.0,
                0.0,
                0.0,
                0.0,
                0.0,
                0.0,
                0.0,
                0.0,
                0.0,
                0.0,
                0.0,
                0.0,
                0.0,
                0.0,
                0.0,
                0.0,
                0.0,
                0.0,
                0.0,
                0.0,
                0.0,
                0.0,
                0.0,
                0.0,
                0.0,
                0.0,
                0.0,
                0.0,
                0.0,
                0.0,
                0.0
            ],
            "3": [
                33.47222222222222,
                35.0,
                34.72222222222222,
                35.41666666666667,
                34.86111111111111,
                29.305555555555557,
                28.888888888888886,
                28.888888888888886,
                30.277777777777775,
                29.444444444444446,
                29.444444444444446,
                32.77777777777778,
                30.555555555555557,
                28.61111111111111,
                28.61111111111111,
                28.888888888888886,
                28.055555555555557,
                30.277777777777775,
                31.944444444444443,
                32.77777777777778,
                33.88888888888889,
                32.5,
                33.611111111111114,
                34.86111111111111,
                33.611111111111114,
                33.33333333333333,
                30.97222222222222,
                29.72222222222222,
                29.86111111111111,
                30.694444444444446,
                27.361111111111114,
                27.083333333333332,
                28.055555555555557,
                30.416666666666664,
                30.416666666666664,
                30.555555555555557,
                31.38888888888889,
                29.86111111111111,
                24.86111111111111,
                26.38888888888889,
                25.555555555555554,
                24.72222222222222,
                24.72222222222222,
                24.72222222222222,
                21.666666666666668,
                20.97222222222222,
                20.97222222222222,
                18.75,
                17.916666666666668,
                15.416666666666668,
                13.194444444444445,
                12.5,
                11.666666666666666,
                10.972222222222221,
                10.13888888888889,
                9.444444444444445,
                9.444444444444445,
                9.444444444444445,
                8.61111111111111,
                8.61111111111111,
                8.61111111111111,
                4.861111111111112,
                4.861111111111112,
                4.861111111111112,
                4.861111111111112,
                2.361111111111111,
                1.6666666666666667,
                1.6666666666666667,
                1.6666666666666667,
                1.6666666666666667,
                1.6666666666666667,
                1.6666666666666667,
                0.0,
                0.0,
                0.0,
                0.0,
                0.0,
                0.0,
                0.0,
                0.0,
                0.0,
                0.0,
                0.0,
                0.0,
                0.0,
                0.0,
                0.0,
                0.0,
                0.0,
                0.0,
                0.0,
                0.0,
                0.0,
                0.0,
                0.0,
                0.0,
                0.0,
                0.0,
                0.0,
                0.0,
                0.0,
                0.0,
                0.0,
                0.0,
                0.0,
                0.0,
                0.0,
                0.0,
                0.0,
                0.0,
                0.0,
                0.0,
                0.0,
                0.0,
                0.0,
                0.0,
                0.0,
                0.0,
                0.0,
                0.0,
                0.0,
                0.0,
                0.0,
                0.0,
                0.0,
                0.0,
                0.0,
                0.0,
                0.0,
                0.0,
                0.0,
                0.0,
                0.0,
                0.0,
                0.0,
                0.0,
                0.0,
                0.0,
                0.0,
                0.0,
                0.0,
                0.0,
                0.0,
                0.0,
                0.0,
                0.0,
                0.0,
                0.0,
                0.0,
                0.0
            ],
            "overall": [
                91.25,
                98.47222222222223,
                96.38888888888889,
                93.61111111111111,
                96.66666666666666,
                94.44444444444444,
                93.75,
                94.30555555555554,
                94.30555555555554,
                93.47222222222221,
                94.02777777777777,
                96.80555555555554,
                98.47222222222223,
                98.47222222222223,
                98.47222222222223,
                99.16666666666667,
                98.61111111111111,
                98.19444444444443,
                99.16666666666667,
                98.75,
                97.91666666666666,
                97.91666666666667,
                98.05555555555556,
                97.5,
                97.6388888888889,
                98.88888888888889,
                98.47222222222223,
                98.61111111111111,
                97.22222222222223,
                99.02777777777779,
                98.47222222222221,
                98.88888888888889,
                98.75,
                98.05555555555554,
                97.22222222222223,
                94.58333333333333,
                90.27777777777779,
                88.75,
                87.63888888888889,
                88.75,
                80.55555555555556,
                70.0,
                65.55555555555554,
                60.27777777777778,
                57.22222222222223,
                54.861111111111114,
                51.388888888888886,
                49.166666666666664,
                47.5,
                43.05555555555556,
                40.0,
                36.80555555555556,
                35.97222222222222,
                35.27777777777777,
                32.638888888888886,
                31.944444444444443,
                31.944444444444443,
                30.27777777777778,
                29.444444444444446,
                26.11111111111111,
                24.444444444444443,
                19.86111111111111,
                19.02777777777778,
                17.36111111111111,
                17.36111111111111,
                14.027777777777777,
                11.666666666666666,
                11.666666666666666,
                10.833333333333332,
                5.416666666666667,
                5.416666666666667,
                4.166666666666667,
                0.8333333333333334,
                0.8333333333333334,
                0.8333333333333334,
                0.8333333333333334,
                0.8333333333333334,
                0.0,
                0.0,
                0.0,
                0.0,
                0.0,
                0.0,
                0.0,
                0.0,
                0.0,
                0.0,
                0.0,
                0.0,
                0.0,
                0.0,
                0.0,
                0.0,
                0.0,
                0.0,
                0.0,
                0.0,
                0.0,
                0.0,
                0.0,
                0.0,
                0.0,
                0.0,
                0.0,
                0.0,
                0.0,
                0.0,
                0.0,
                0.0,
                0.0,
                0.0,
                0.0,
                0.0,
                0.0,
                0.0,
                0.0,
                0.0,
                0.0,
                0.0,
                0.0,
                0.0,
                0.0,
                0.0,
                0.0,
                0.0,
                0.0,
                0.0,
                0.0,
                0.0,
                0.0,
                0.0,
                0.0,
                0.0,
                0.0,
                0.0,
                0.0,
                0.0,
                0.0,
                0.0,
                0.0,
                0.0,
                0.0,
                0.0,
                0.0,
                0.0,
                0.0,
                0.0,
                0.0,
                0.0,
                0.0
            ]
        },
        "lWaitAndOverdue": [
            [
                0,
                2,
                1,
                0
            ],
            [
                0,
                4,
                14,
                0
            ],
            [
                0,
                2,
                1,
                0
            ],
            [
                0,
                2,
                2,
                0
            ],
            [
                0,
                2,
                0,
                0
            ],
            [
                0,
                2,
                1,
                0
            ],
            [
                1,
                4,
                14,
                0
            ],
            [
                1,
                4,
                14,
                0
            ],
            [
                1,
                4,
                14,
                0
            ],
            [
                1,
                4,
                14,
                0
            ],
            [
                2,
                3,
                7,
                0
            ],
            [
                2,
                2,
                2,
                0
            ],
            [
                3,
                3,
                7,
                0
            ],
            [
                3,
                2,
                0,
                0
            ],
            [
                3,
                2,
                0,
                0
            ],
            [
                3,
                3,
                7,
                0
            ],
            [
                3,
                2,
                1,
                0
            ],
            [
                4,
                2,
                3,
                0
            ],
            [
                4,
                2,
                3,
                0
            ],
            [
                4,
                1,
                0,
                0
            ],
            [
                4,
                2,
                3,
                0
            ],
            [
                4,
                2,
                0,
                0
            ],
            [
                5,
                3,
                7,
                0
            ],
            [
                5,
                3,
                7,
                0
            ],
            [
                5,
                4,
                14,
                0
            ],
            [
                5,
                3,
                7,
                0
            ],
            [
                5,
                2,
                0,
                0
            ],
            [
                5,
                4,
                14,
                0
            ],
            [
                6,
                4,
                14,
                0
            ],
            [
                6,
                2,
                1,
                0
            ],
            [
                6,
                4,
                14,
                0
            ],
            [
                6,
                4,
                14,
                0
            ],
            [
                7,
                4,
                14,
                0
            ],
            [
                7,
                3,
                7,
                0
            ],
            [
                7,
                4,
                14,
                0
            ],
            [
                7,
                3,
                7,
                0
            ],
            [
                7,
                3,
                7,
                0
            ],
            [
                7,
                4,
                14,
                0
            ],
            [
                7,
                4,
                14,
                0
            ],
            [
                8,
                3,
                7,
                0
            ],
            [
                8,
                2,
                4,
                0
            ],
            [
                8,
                2,
                4,
                0
            ],
            [
                8,
                3,
                7,
                0
            ],
            [
                8,
                4,
                14,
                0
            ],
            [
                8,
                4,
                14,
                0
            ],
            [
                8,
                4,
                14,
                0
            ],
            [
                8,
                4,
                14,
                0
            ],
            [
                8,
                2,
                0,
                0
            ],
            [
                8,
                2,
                0,
                0
            ],
            [
                8,
                4,
                14,
                0
            ],
            [
                9,
                2,
                0,
                0
            ],
            [
                9,
                4,
                14,
                0
            ],
            [
                9,
                2,
                6,
                2
            ],
            [
                9,
                3,
                7,
                0
            ],
            [
                9,
                3,
                7,
                0
            ],
            [
                9,
                3,
                10,
                0
            ],
            [
                10,
                3,
                8,
                0
            ],
            [
                10,
                2,
                3,
                1
            ],
            [
                10,
                4,
                14,
                0
            ],
            [
                10,
                4,
                14,
                0
            ],
            [
                11,
                3,
                7,
                0
            ],
            [
                11,
                2,
                2,
                0
            ],
            [
                11,
                4,
                14,
                0
            ],
            [
                11,
                3,
                7,
                0
            ],
            [
                11,
                2,
                2,
                0
            ],
            [
                11,
                3,
                7,
                0
            ],
            [
                11,
                2,
                3,
                1
            ],
            [
                12,
                2,
                2,
                0
            ],
            [
                12,
                2,
                5,
                3
            ],
            [
                12,
                2,
                6,
                4
            ],
            [
                12,
                2,
                1,
                0
            ],
            [
                12,
                2,
                6,
                4
            ],
            [
                12,
                4,
                14,
                0
            ],
            [
                12,
                4,
                14,
                0
            ],
            [
                12,
                4,
                14,
                0
            ],
            [
                12,
                3,
                8,
                0
            ],
            [
                12,
                2,
                7,
                5
            ],
            [
                13,
                2,
                5,
                1
            ],
            [
                13,
                4,
                14,
                0
            ],
            [
                13,
                3,
                12,
                0
            ],
            [
                13,
                4,
                14,
                0
            ],
            [
                13,
                3,
                12,
                0
            ],
            [
                14,
                2,
                3,
                0
            ],
            [
                14,
                3,
                11,
                0
            ],
            [
                14,
                3,
                12,
                0
            ],
            [
                14,
                2,
                4,
                0
            ],
            [
                14,
                2,
                5,
                1
            ],
            [
                15,
                2,
                3,
                1
            ],
            [
                15,
                2,
                3,
                1
            ],
            [
                15,
                2,
                4,
                2
            ],
            [
                15,
                2,
                3,
                1
            ],
            [
                15,
                3,
                10,
                0
            ],
            [
                15,
                4,
                14,
                0
            ],
            [
                15,
                2,
                8,
                6
            ],
            [
                16,
                2,
                3,
                1
            ],
            [
                16,
                2,
                7,
                5
            ],
            [
                16,
                2,
                3,
                1
            ],
            [
                17,
                3,
                8,
                0
            ],
            [
                17,
                4,
                14,
                0
            ],
            [
                17,
                3,
                9,
                0
            ],
            [
                17,
                3,
                9,
                0
            ],
            [
                17,
                3,
                12,
                0
            ],
            [
                18,
                4,
                14,
                0
            ],
            [
                18,
                3,
                11,
                0
            ],
            [
                18,
                3,
                12,
                0
            ],
            [
                18,
                3,
                12,
                0
            ],
            [
                18,
                3,
                12,
                0
            ],
            [
                18,
                2,
                6,
                2
            ],
            [
                18,
                3,
                13,
                0
            ],
            [
                19,
                2,
                10,
                6
            ],
            [
                19,
                2,
                5,
                1
            ],
            [
                19,
                4,
                14,
                0
            ],
            [
                19,
                3,
                12,
                0
            ],
            [
                19,
                2,
                3,
                0
            ],
            [
                20,
                3,
                9,
                0
            ],
            [
                20,
                3,
                11,
                0
            ],
            [
                20,
                1,
                2,
                2
            ],
            [
                21,
                2,
                1,
                0
            ],
            [
                21,
                3,
                10,
                0
            ],
            [
                21,
                2,
                3,
                1
            ],
            [
                21,
                2,
                2,
                0
            ],
            [
                21,
                2,
                6,
                4
            ],
            [
                21,
                2,
                7,
                5
            ],
            [
                21,
                3,
                8,
                0
            ],
            [
                21,
                4,
                14,
                0
            ],
            [
                21,
                2,
                7,
                5
            ],
            [
                22,
                4,
                14,
                0
            ],
            [
                22,
                4,
                14,
                0
            ],
            [
                22,
                3,
                12,
                0
            ],
            [
                22,
                3,
                9,
                0
            ],
            [
                22,
                3,
                12,
                0
            ],
            [
                22,
                3,
                12,
                0
            ],
            [
                22,
                3,
                12,
                0
            ],
            [
                22,
                4,
                14,
                0
            ],
            [
                23,
                2,
                5,
                1
            ],
            [
                23,
                2,
                6,
                2
            ],
            [
                23,
                2,
                6,
                2
            ],
            [
                23,
                3,
                12,
                0
            ],
            [
                23,
                2,
                6,
                2
            ],
            [
                23,
                4,
                14,
                0
            ],
            [
                23,
                4,
                14,
                0
            ],
            [
                23,
                4,
                14,
                0
            ],
            [
                24,
                4,
                14,
                0
            ],
            [
                24,
                4,
                14,
                0
            ],
            [
                24,
                2,
                5,
                1
            ],
            [
                24,
                4,
                14,
                0
            ],
            [
                24,
                3,
                12,
                0
            ],
            [
                24,
                2,
                5,
                1
            ],
            [
                24,
                2,
                12,
                8
            ],
            [
                24,
                2,
                6,
                2
            ],
            [
                24,
                2,
                7,
                3
            ],
            [
                24,
                2,
                10,
                6
            ],
            [
                25,
                3,
                10,
                0
            ],
            [
                25,
                3,
                11,
                0
            ],
            [
                25,
                3,
                14,
                0
            ],
            [
                25,
                3,
                14,
                0
            ],
            [
                25,
                3,
                14,
                0
            ],
            [
                25,
                3,
                14,
                0
            ],
            [
                25,
                2,
                3,
                1
            ],
            [
                25,
                2,
                8,
                6
            ],
            [
                25,
                4,
                14,
                0
            ],
            [
                25,
                4,
                14,
                0
            ],
            [
                25,
                4,
                14,
                0
            ],
            [
                25,
                2,
                2,
                0
            ],
            [
                26,
                4,
                14,
                0
            ],
            [
                26,
                4,
                14,
                0
            ],
            [
                26,
                2,
                7,
                5
            ],
            [
                26,
                2,
                7,
                5
            ],
            [
                26,
                2,
                9,
                7
            ],
            [
                26,
                4,
                14,
                0
            ],
            [
                26,
                4,
                14,
                0
            ],
            [
                26,
                3,
                14,
                0
            ],
            [
                26,
                2,
                7,
                5
            ],
            [
                26,
                2,
                9,
                7
            ],
            [
                26,
                2,
                13,
                11
            ],
            [
                27,
                3,
                14,
                0
            ],
            [
                27,
                2,
                9,
                7
            ],
            [
                27,
                3,
                13,
                0
            ],
            [
                27,
                3,
                13,
                0
            ],
            [
                27,
                3,
                13,
                0
            ],
            [
                27,
                3,
                13,
                0
            ],
            [
                27,
                3,
                15,
                1
            ],
            [
                27,
                3,
                15,
                1
            ],
            [
                28,
                3,
                14,
                0
            ],
            [
                28,
                2,
                7,
                3
            ],
            [
                28,
                3,
                12,
                0
            ],
            [
                28,
                3,
                14,
                0
            ],
            [
                28,
                3,
                15,
                1
            ],
            [
                29,
                3,
                14,
                0
            ],
            [
                29,
                3,
                14,
                0
            ],
            [
                29,
                3,
                14,
                0
            ],
            [
                29,
                4,
                14,
                0
            ],
            [
                29,
                4,
                14,
                0
            ],
            [
                29,
                4,
                14,
                0
            ],
            [
                29,
                3,
                14,
                0
            ],
            [
                29,
                4,
                17,
                0
            ]
        ],
        "lWaitDayByPriority": [
            1788,
            2,
            319,
            722,
            745
        ],
        "objval": 2280.9991209175946,
        "std_occupancy": 41.44241473242836
    },
    "runtime": 0.8550386428833008,
    "simdays": 150,
    "solver": "daily_greedy"
}