{
    "arrivalrate": 7.0,
    "ins_name": 451,
    "ins_path": "/home/tusan/projects/def-roussea5/tusan/exp/2021_Oct/6linacs/lambda7.0/data",
    "lNoNewPatients": [
        187,
        2,
        76,
        58,
        51
    ],
    "lNoPatients": [
        330,
        2,
        86,
        134,
        108
    ],
    "lNoSections": [
        2530,
        15,
        271,
        1271,
        973
    ],
    "mipgap": 0.0195740625209623,
    "noLinacs": 6,
    "noSlotsPerDay": 120,
    "planningHorizon": 80,
    "runresult": {
        "feasibility": true,
        "lAvgLateDayByPriority": [
            0.0,
            0.0,
            0.0,
            0.0,
            0.0
        ],
        "lAvgWaitDayByPriority": [
            6.080213903743315,
            0.0,
            1.2763157894736843,
            9.275862068965518,
            9.843137254901961
        ],
        "lLateDayByPriority": [
            0,
            0,
            0,
            0,
            0
        ],
        "lWaitDayByPriority": [
            1137,
            0,
            97,
            538,
            502
        ],
        "objval": 20231.882157218603
    },
    "runtime": 16.53455662727356,
    "simdays": 30,
    "solver": "static"
}