{
    "arrivalrate": 7.0,
    "ins_name": 498,
    "ins_path": "/home/tusan/projects/def-roussea5/tusan/exp/2021_Oct/6linacs/lambda7.0/data",
    "lNoNewPatients": [
        203,
        2,
        82,
        66,
        53
    ],
    "lNoPatients": [
        356,
        2,
        90,
        148,
        116
    ],
    "lNoSections": [
        2762,
        15,
        296,
        1454,
        997
    ],
    "mipgap": 0.019863022931266502,
    "noLinacs": 6,
    "noSlotsPerDay": 120,
    "planningHorizon": 80,
    "runresult": {
        "feasibility": true,
        "lAvgLateDayByPriority": [
            0.0,
            0.0,
            0.0,
            0.0,
            0.0
        ],
        "lAvgWaitDayByPriority": [
            7.896551724137931,
            0.0,
            1.1951219512195121,
            11.833333333333334,
            13.660377358490566
        ],
        "lLateDayByPriority": [
            0,
            0,
            0,
            0,
            0
        ],
        "lWaitDayByPriority": [
            1603,
            0,
            98,
            781,
            724
        ],
        "objval": 20237.444930204016
    },
    "runtime": 29.794289350509644,
    "simdays": 30,
    "solver": "static"
}